 line   address	contents
    1                      ; Linked by DLX-LD.
    2                      ; MemSize 24576
    3                      ; Data size: 454
    4                      ; Text size: 4752
    5                      ; Stack size: 8192
    6  00000000          	.text 0x1000
    7  00001000          	.data 0x3000
    8                      ; Compiled by GCC
    9  00003000          	.text
   10  00001000          	.align 2
   11  00001000          	.proc _isspace
   12  00001000          	.global _isspace
   13  00001000          	_isspace:
   14                      ;  Function 'isspace'; 0 bytes of locals, 1 regs to save.
   15  00001000  afbefffc	sw	-4(r29),r30; push fp
   16  00001004  001df020	add	r30,r0,r29; fp = sp
   17  00001008  afbffff8	sw	-8(r29),r31; push ret addr
   18  0000100c  2fbd0010	subui	r29,r29,#16; alloc local storage
   19  00001010  afa20000	sw	0(r29),r2
   20  00001014  83c20003	lb	r2,3(r30)
   21  00001018  201f0000	addi	r31,r0,#0
   22  0000101c  304100ff	andi	r1,r2,#0x00ff
   23  00001020  60210020	seqi	r1,r1,#32
   24  00001024  14200018	bnez	r1,L6_LF0
   25  00001028  54000000	nop; not filled.
   26  0000102c  2041fff7	addi	r1,r2,#-9
   27  00001030  302100ff	andi	r1,r1,#0x00ff
   28  00001034  70210001	sleui	r1,r1,#1
   29  00001038  10200008	beqz	r1,L5_LF0
   30  0000103c  54000000	nop; not filled.
   31  00001040          	L6_LF0:
   32  00001040  201f0001	addi	r31,r0,#1
   33  00001044          	L5_LF0:
   34  00001044  001f0820	add	r1,r0,r31
   35  00001048  8fa20000	lw	r2,0(r29)
   36  0000104c  8fdffff8	lw	r31,-8(r30)
   37  00001050  001ee820	add	r29,r0,r30
   38  00001054  8fdefffc	lw	r30,-4(r30)
   39  00001058  4be00000	jr	r31
   40  0000105c  54000000	nop
   41  00001060          	.endproc _isspace
   42  00001060          	.align 2
   43  00001060          	.proc _isxdigit
   44  00001060          	.global _isxdigit
   45  00001060          	_isxdigit:
   46                      ;  Function 'isxdigit'; 0 bytes of locals, 1 regs to save.
   47  00001060  afbefffc	sw	-4(r29),r30; push fp
   48  00001064  001df020	add	r30,r0,r29; fp = sp
   49  00001068  afbffff8	sw	-8(r29),r31; push ret addr
   50  0000106c  2fbd0010	subui	r29,r29,#16; alloc local storage
   51  00001070  afa20000	sw	0(r29),r2
   52  00001074  83df0003	lb	r31,3(r30)
   53  00001078  20020000	addi	r2,r0,#0
   54  0000107c  23e1ffd0	addi	r1,r31,#-48
   55  00001080  302100ff	andi	r1,r1,#0x00ff
   56  00001084  70210009	sleui	r1,r1,#9
   57  00001088  14200028	bnez	r1,L12_LF0
   58  0000108c  54000000	nop; not filled.
   59  00001090  23e1ff9f	addi	r1,r31,#-97
   60  00001094  302100ff	andi	r1,r1,#0x00ff
   61  00001098  70210005	sleui	r1,r1,#5
   62  0000109c  14200014	bnez	r1,L12_LF0
   63  000010a0  54000000	nop; not filled.
   64  000010a4  33e100ff	andi	r1,r31,#0x00ff
   65  000010a8  64210041	snei	r1,r1,#65
   66  000010ac  14200008	bnez	r1,L11_LF0
   67  000010b0  54000000	nop; not filled.
   68  000010b4          	L12_LF0:
   69  000010b4  20020001	addi	r2,r0,#1
   70  000010b8          	L11_LF0:
   71  000010b8  00020820	add	r1,r0,r2
   72  000010bc  8fa20000	lw	r2,0(r29)
   73  000010c0  8fdffff8	lw	r31,-8(r30)
   74  000010c4  001ee820	add	r29,r0,r30
   75  000010c8  8fdefffc	lw	r30,-4(r30)
   76  000010cc  4be00000	jr	r31
   77  000010d0  54000000	nop
   78  000010d4          	.endproc _isxdigit
   79  000010d4          	.data
   80  00003000          	.align 2
   81  00003000          	LC0_LF0:
   82  00003000  55736167	.ascii "Usage: \000"
   82  00003004  653a2000	
   83  00003008          	.align 2
   84  00003008          	LC1_LF0:
   85  00003008  203c6e75	.ascii " <number of consumer/producer processes to create>\n\000"
   85  0000300c  6d626572	
   85  00003010  206f6620	
   85  00003014  636f6e73	
   85  00003018  756d6572	
   85  0000301c  2f70726f	
   85  00003020  64756365	
   85  00003024  72207072	
   85  00003028  6f636573	
   85  0000302c  73657320	
   85  00003030  746f2063	
   85  00003034  72656174	
   85  00003038  653e0a00	
   86  0000303c          	.align 2
   87  0000303c          	LC2_LF0:
   88  0000303c  43726561	.ascii "Creating %d processes\n\000"
   88  00003040  74696e67	
   88  00003044  20256420	
   88  00003048  70726f63	
   88  0000304c  65737365	
   88  00003050  730a00  	
   89  00003053          	.align 2
   90  00003054          	LC3_LF0:
   91  00003054  4552524f	.ascii "ERROR: could not allocate shared memory page in \000"
   91  00003058  523a2063	
   91  0000305c  6f756c64	
   91  00003060  206e6f74	
   91  00003064  20616c6c	
   91  00003068  6f636174	
   91  0000306c  65207368	
   91  00003070  61726564	
   91  00003074  206d656d	
   91  00003078  6f727920	
   91  0000307c  70616765	
   91  00003080  20696e20	
   91  00003084  00      	
   92  00003085          	.align 2
   93  00003088          	LC4_LF0:
   94  00003088  2c206578	.ascii ", exiting...\n\000"
   94  0000308c  6974696e	
   94  00003090  672e2e2e	
   94  00003094  0a00    	
   95  00003096          	.align 2
   96  00003098          	LC5_LF0:
   97  00003098  436f756c	.ascii "Could not map the shared page to virtual address in \000"
   97  0000309c  64206e6f	
   97  000030a0  74206d61	
   97  000030a4  70207468	
   97  000030a8  65207368	
   97  000030ac  61726564	
   97  000030b0  20706167	
   97  000030b4  6520746f	
   97  000030b8  20766972	
   97  000030bc  7475616c	
   97  000030c0  20616464	
   97  000030c4  72657373	
   97  000030c8  20696e20	
   97  000030cc  00      	
   98  000030cd          	.align 2
   99  000030d0          	LC6_LF0:
  100  000030d0  2c206578	.ascii ", exiting..\n\000"
  100  000030d4  6974696e	
  100  000030d8  672e2e0a	
  100  000030dc  00      	
  101  000030dd          	.align 2
  102  000030e0          	LC7_LF0:
  103  000030e0  50726f63	.ascii "Process, %s, could not initialize lock\n\000"
  103  000030e4  6573732c	
  103  000030e8  2025732c	
  103  000030ec  20636f75	
  103  000030f0  6c64206e	
  103  000030f4  6f742069	
  103  000030f8  6e697469	
  103  000030fc  616c697a	
  103  00003100  65206c6f	
  103  00003104  636b0a00	
  104  00003108          	.align 2
  105  00003108          	LC8_LF0:
  106  00003108  42616420	.ascii "Bad sem_create in \000"
  106  0000310c  73656d5f	
  106  00003110  63726561	
  106  00003114  74652069	
  106  00003118  6e2000  	
  107  0000311b          	.align 2
  108  0000311c          	LC9_LF0:
  109  0000311c  70726f64	.ascii "producer.dlx.obj\000"
  109  00003120  75636572	
  109  00003124  2e646c78	
  109  00003128  2e6f626a	
  109  0000312c  00      	
  110  0000312d          	.align 2
  111  00003130          	LC10_LF0:
  112  00003130  50726f63	.ascii "Processes for producer and consumer %d created\n\000"
  112  00003134  65737365	
  112  00003138  7320666f	
  112  0000313c  72207072	
  112  00003140  6f647563	
  112  00003144  65722061	
  112  00003148  6e642063	
  112  0000314c  6f6e7375	
  112  00003150  6d657220	
  112  00003154  25642063	
  112  00003158  72656174	
  112  0000315c  65640a00	
  113  00003160          	.align 2
  114  00003160          	LC11_LF0:
  115  00003160  42616420	.ascii "Bad semaphore s_procs_completed (%d) in \000"
  115  00003164  73656d61	
  115  00003168  70686f72	
  115  0000316c  6520735f	
  115  00003170  70726f63	
  115  00003174  735f636f	
  115  00003178  6d706c65	
  115  0000317c  74656420	
  115  00003180  28256429	
  115  00003184  20696e20	
  115  00003188  00      	
  116  00003189          	.align 2
  117  0000318c          	LC12_LF0:
  118  0000318c  0a00    	.ascii "\n\000"
  119  0000318e          	.align 2
  120  00003190          	LC13_LF0:
  121  00003190  416c6c20	.ascii "All other processes completed, exiting main process.\n\000"
  121  00003194  6f746865	
  121  00003198  72207072	
  121  0000319c  6f636573	
  121  000031a0  73657320	
  121  000031a4  636f6d70	
  121  000031a8  6c657465	
  121  000031ac  642c2065	
  121  000031b0  78697469	
  121  000031b4  6e67206d	
  121  000031b8  61696e20	
  121  000031bc  70726f63	
  121  000031c0  6573732e	
  121  000031c4  0a00    	
  122  000031c6          	.text
  123  000010d4          	.align 2
  124  000010d4          	.proc _main
  125  000010d4          	.global _main
  126  000010d4          	_main:
  127                      ;  Function 'main'; 48 bytes of locals, 0 regs to save.
  128  000010d4  afbefffc	sw	-4(r29),r30; push fp
  129  000010d8  001df020	add	r30,r0,r29; fp = sp
  130  000010dc  afbffff8	sw	-8(r29),r31; push ret addr
  131  000010e0  2fbd0038	subui	r29,r29,#56; alloc local storage
  132  000010e4  8fc20000	lw	r2,(r30)
  133  000010e8  8fc70004	lw	r7,4(r30)
  134  000010ec  0c001198	jal	___main
  135  000010f0  54000000	nop; not filled.
  136  000010f4  64410002	snei	r1,r2,#2
  137  000010f8  1020004c	beqz	r1,L14_LF0
  138  000010fc  54000000	nop; not filled.
  139  00001100  23bdfff8	addi	r29,r29,#-8
  140  00001104  3c080000	lhi	r8,((LC0_LF0)>>16)&0xffff
  141  00001108  25083000	addui	r8,r8,(LC0_LF0)&0xffff
  142  0000110c  afa80000	sw	(r29),r8
  143  00001110  0c00036c	jal	_Printf
  144  00001114  54000000	nop; not filled.
  145  00001118  8ce80000	lw	r8,(r7)
  146  0000111c  afa80000	sw	(r29),r8
  147  00001120  0c00035c	jal	_Printf
  148  00001124  54000000	nop; not filled.
  149  00001128  3c080000	lhi	r8,((LC1_LF0)>>16)&0xffff
  150  0000112c  25083008	addui	r8,r8,(LC1_LF0)&0xffff
  151  00001130  afa80000	sw	(r29),r8
  152  00001134  0c000348	jal	_Printf
  153  00001138  54000000	nop; not filled.
  154  0000113c  0c0003f4	jal	_Exit
  155  00001140  54000000	nop; not filled.
  156  00001144  23bd0008	addi	r29,r29,#8
  157  00001148          	L14_LF0:
  158  00001148  23bdfff0	addi	r29,r29,#-16
  159  0000114c  8ce80004	lw	r8,4(r7)
  160  00001150  afa80000	sw	(r29),r8
  161  00001154  20080000	addi	r8,r0,#0
  162  00001158  afa80004	sw	4(r29),r8
  163  0000115c  2008000a	addi	r8,r0,#10
  164  00001160  afa80008	sw	8(r29),r8
  165  00001164  0c000c78	jal	_dstrtol
  166  00001168  54000000	nop; not filled.
  167  0000116c  00013020	add	r6,r0,r1
  168  00001170  3c080000	lhi	r8,((LC2_LF0)>>16)&0xffff
  169  00001174  2508303c	addui	r8,r8,(LC2_LF0)&0xffff
  170  00001178  afa80000	sw	(r29),r8
  171  0000117c  afa60004	sw	4(r29),r6
  172  00001180  0c0002fc	jal	_Printf
  173  00001184  54000000	nop; not filled.
  174  00001188  0c000318	jal	_shmget
  175  0000118c  54000000	nop; not filled.
  176  00001190  00011820	add	r3,r0,r1
  177  00001194  23bd0010	addi	r29,r29,#16
  178  00001198  64610000	snei	r1,r3,#0
  179  0000119c  1420004c	bnez	r1,L15_LF0
  180  000011a0  54000000	nop; not filled.
  181  000011a4  23bdfff8	addi	r29,r29,#-8
  182  000011a8  3c080000	lhi	r8,((LC3_LF0)>>16)&0xffff
  183  000011ac  25083054	addui	r8,r8,(LC3_LF0)&0xffff
  184  000011b0  afa80000	sw	(r29),r8
  185  000011b4  0c0002c8	jal	_Printf
  186  000011b8  54000000	nop; not filled.
  187  000011bc  8ce80000	lw	r8,(r7)
  188  000011c0  afa80000	sw	(r29),r8
  189  000011c4  0c0002b8	jal	_Printf
  190  000011c8  54000000	nop; not filled.
  191  000011cc  3c080000	lhi	r8,((LC4_LF0)>>16)&0xffff
  192  000011d0  25083088	addui	r8,r8,(LC4_LF0)&0xffff
  193  000011d4  afa80000	sw	(r29),r8
  194  000011d8  0c0002a4	jal	_Printf
  195  000011dc  54000000	nop; not filled.
  196  000011e0  0c000350	jal	_Exit
  197  000011e4  54000000	nop; not filled.
  198  000011e8  23bd0008	addi	r29,r29,#8
  199  000011ec          	L15_LF0:
  200  000011ec  23bdfff8	addi	r29,r29,#-8
  201  000011f0  afa30000	sw	(r29),r3
  202  000011f4  0c0002b8	jal	_shmat
  203  000011f8  54000000	nop; not filled.
  204  000011fc  00011020	add	r2,r0,r1
  205  00001200  23bd0008	addi	r29,r29,#8
  206  00001204  64410000	snei	r1,r2,#0
  207  00001208  1420004c	bnez	r1,L16_LF0
  208  0000120c  54000000	nop; not filled.
  209  00001210  23bdfff8	addi	r29,r29,#-8
  210  00001214  3c080000	lhi	r8,((LC5_LF0)>>16)&0xffff
  211  00001218  25083098	addui	r8,r8,(LC5_LF0)&0xffff
  212  0000121c  afa80000	sw	(r29),r8
  213  00001220  0c00025c	jal	_Printf
  214  00001224  54000000	nop; not filled.
  215  00001228  8ce80000	lw	r8,(r7)
  216  0000122c  afa80000	sw	(r29),r8
  217  00001230  0c00024c	jal	_Printf
  218  00001234  54000000	nop; not filled.
  219  00001238  3c080000	lhi	r8,((LC6_LF0)>>16)&0xffff
  220  0000123c  250830d0	addui	r8,r8,(LC6_LF0)&0xffff
  221  00001240  afa80000	sw	(r29),r8
  222  00001244  0c000238	jal	_Printf
  223  00001248  54000000	nop; not filled.
  224  0000124c  0c0002e4	jal	_Exit
  225  00001250  54000000	nop; not filled.
  226  00001254  23bd0008	addi	r29,r29,#8
  227  00001258          	L16_LF0:
  228  00001258  20080000	addi	r8,r0,#0
  229  0000125c  ac480008	sw	8(r2),r8
  230  00001260  ac48000c	sw	12(r2),r8
  231  00001264  0c000278	jal	_lock_create
  232  00001268  54000000	nop; not filled.
  233  0000126c  00011020	add	r2,r0,r1
  234  00001270  6041ffff	seqi	r1,r2,#-1
  235  00001274  10200028	beqz	r1,L17_LF0
  236  00001278  54000000	nop; not filled.
  237  0000127c  23bdfff8	addi	r29,r29,#-8
  238  00001280  3c080000	lhi	r8,((LC7_LF0)>>16)&0xffff
  239  00001284  250830e0	addui	r8,r8,(LC7_LF0)&0xffff
  240  00001288  afa80000	sw	(r29),r8
  241  0000128c  8ce10000	lw	r1,(r7)
  242  00001290  afa10004	sw	4(r29),r1
  243  00001294  0c0001e8	jal	_Printf
  244  00001298  54000000	nop; not filled.
  245  0000129c  23bd0008	addi	r29,r29,#8
  246  000012a0          	L17_LF0:
  247  000012a0  23bdfff8	addi	r29,r29,#-8
  248  000012a4  20010001	addi	r1,r0,#1
  249  000012a8  00260822	sub	r1,r1,r6
  250  000012ac  afa10000	sw	(r29),r1
  251  000012b0  0c000208	jal	_sem_create
  252  000012b4  54000000	nop; not filled.
  253  000012b8  00012820	add	r5,r0,r1
  254  000012bc  23bd0008	addi	r29,r29,#8
  255  000012c0  60a1ffff	seqi	r1,r5,#-1
  256  000012c4  10200038	beqz	r1,L18_LF0
  257  000012c8  54000000	nop; not filled.
  258  000012cc  23bdfff8	addi	r29,r29,#-8
  259  000012d0  3c080000	lhi	r8,((LC8_LF0)>>16)&0xffff
  260  000012d4  25083108	addui	r8,r8,(LC8_LF0)&0xffff
  261  000012d8  afa80000	sw	(r29),r8
  262  000012dc  0c0001a0	jal	_Printf
  263  000012e0  54000000	nop; not filled.
  264  000012e4  8ce80000	lw	r8,(r7)
  265  000012e8  afa80000	sw	(r29),r8
  266  000012ec  0c000190	jal	_Printf
  267  000012f0  54000000	nop; not filled.
  268  000012f4  0c00023c	jal	_Exit
  269  000012f8  54000000	nop; not filled.
  270  000012fc  23bd0008	addi	r29,r29,#8
  271  00001300          	L18_LF0:
  272  00001300  23bdfff8	addi	r29,r29,#-8
  273  00001304  afa30000	sw	(r29),r3
  274  00001308  23c4ffd8	addi	r4,r30,#-40
  275  0000130c  afa40004	sw	4(r29),r4
  276  00001310  0c000940	jal	_ditoa
  277  00001314  54000000	nop; not filled.
  278  00001318  afa20000	sw	(r29),r2
  279  0000131c  23c1ffe8	addi	r1,r30,#-24
  280  00001320  afa10004	sw	4(r29),r1
  281  00001324  0c00092c	jal	_ditoa
  282  00001328  54000000	nop; not filled.
  283  0000132c  afa50000	sw	(r29),r5
  284  00001330  23c3ffc8	addi	r3,r30,#-56
  285  00001334  afa30004	sw	4(r29),r3
  286  00001338  0c000918	jal	_ditoa
  287  0000133c  54000000	nop; not filled.
  288  00001340  20020000	addi	r2,r0,#0
  289  00001344  23bd0008	addi	r29,r29,#8
  290  00001348  0046082a	slt	r1,r2,r6
  291  0000134c  10200058	beqz	r1,L20_LF0
  292  00001350  54000000	nop; not filled.
  293  00001354          	L22_LF0:
  294  00001354  23bdfff0	addi	r29,r29,#-16
  295  00001358  3c080000	lhi	r8,((LC9_LF0)>>16)&0xffff
  296  0000135c  2508311c	addui	r8,r8,(LC9_LF0)&0xffff
  297  00001360  afa80000	sw	(r29),r8
  298  00001364  afa40004	sw	4(r29),r4
  299  00001368  afa30008	sw	8(r29),r3
  300  0000136c  20080000	addi	r8,r0,#0
  301  00001370  afa8000c	sw	12(r29),r8
  302  00001374  0c000120	jal	_process_create
  303  00001378  54000000	nop; not filled.
  304  0000137c  3c080000	lhi	r8,((LC10_LF0)>>16)&0xffff
  305  00001380  25083130	addui	r8,r8,(LC10_LF0)&0xffff
  306  00001384  afa80000	sw	(r29),r8
  307  00001388  afa20004	sw	4(r29),r2
  308  0000138c  0c0000f0	jal	_Printf
  309  00001390  54000000	nop; not filled.
  310  00001394  23bd0010	addi	r29,r29,#16
  311  00001398  20420001	addi	r2,r2,#1
  312  0000139c  0046082a	slt	r1,r2,r6
  313  000013a0  1420ffb0	bnez	r1,L22_LF0
  314  000013a4  54000000	nop; not filled.
  315  000013a8          	L20_LF0:
  316  000013a8  23bdfff8	addi	r29,r29,#-8
  317  000013ac  afa50000	sw	(r29),r5
  318  000013b0  0c000114	jal	_sem_wait
  319  000013b4  54000000	nop; not filled.
  320  000013b8  23bd0008	addi	r29,r29,#8
  321  000013bc  64210001	snei	r1,r1,#1
  322  000013c0  10200050	beqz	r1,L24_LF0
  323  000013c4  54000000	nop; not filled.
  324  000013c8  23bdfff8	addi	r29,r29,#-8
  325  000013cc  3c080000	lhi	r8,((LC11_LF0)>>16)&0xffff
  326  000013d0  25083160	addui	r8,r8,(LC11_LF0)&0xffff
  327  000013d4  afa80000	sw	(r29),r8
  328  000013d8  afa50004	sw	4(r29),r5
  329  000013dc  0c0000a0	jal	_Printf
  330  000013e0  54000000	nop; not filled.
  331  000013e4  8ce70000	lw	r7,(r7)
  332  000013e8  afa70000	sw	(r29),r7
  333  000013ec  0c000090	jal	_Printf
  334  000013f0  54000000	nop; not filled.
  335  000013f4  3c080000	lhi	r8,((LC12_LF0)>>16)&0xffff
  336  000013f8  2508318c	addui	r8,r8,(LC12_LF0)&0xffff
  337  000013fc  afa80000	sw	(r29),r8
  338  00001400  0c00007c	jal	_Printf
  339  00001404  54000000	nop; not filled.
  340  00001408  0c000128	jal	_Exit
  341  0000140c  54000000	nop; not filled.
  342  00001410  23bd0008	addi	r29,r29,#8
  343  00001414          	L24_LF0:
  344  00001414  23bdfff8	addi	r29,r29,#-8
  345  00001418  3c080000	lhi	r8,((LC13_LF0)>>16)&0xffff
  346  0000141c  25083190	addui	r8,r8,(LC13_LF0)&0xffff
  347  00001420  afa80000	sw	(r29),r8
  348  00001424  0c000058	jal	_Printf
  349  00001428  54000000	nop; not filled.
  350  0000142c  23bd0008	addi	r29,r29,#8
  351  00001430  0c000e48	jal	_exit
  352  00001434  54000000	nop
  353  00001438          	.endproc _main
  354                      ;;;
  355                      ;;; Stub functions for DLX traps.
  356                      ;;;
  357                      ;;; Ethan L. Miller, 1999.  Released to the public domain.
  358                      ;;;
  359                      ;;; The traps such as Open and Close
  360                      ;;; (note the capital letters) are for use by user programs.  The traps
  361                      ;;; with names such as open and close (lower case) are for use by the OS.
  362                      ;;;
  365  00001438          	.align 2
  367                      ;;; The following are the traps to be used by user-level programs
  368                      ;;;
  370  00001438          	.align 2
  371  00001438          	.proc _Open
  372  00001438          	.global _Open
  373  00001438          	_Open:
  374                      ;;; Note that trap #0x213 actually causes a trap vector in the OS of
  375                      ;;; 0x1213.  The same is true for other user traps.  Thus, a user trap
  376                      ;;; with trap #0x240 will result in a trap vector of 0x1240 in the OS.
  377  00001438  44000213	trap	#0x213
  378  0000143c  4be00000	jr	r31
  379  00001440  54000000	nop
  380  00001444          	.endproc _Open
  382  00001444          	.proc _Close
  383  00001444          	.global _Close
  384  00001444          	_Close:
  385  00001444  44000214	trap	#0x214
  386  00001448  4be00000	jr	r31
  387  0000144c  54000000	nop
  388  00001450          	.endproc _Close
  390  00001450          	.proc _Read
  391  00001450          	.global _Read
  392  00001450          	_Read:
  393  00001450  44000210	trap	#0x210
  394  00001454  4be00000	jr	r31
  395  00001458  54000000	nop
  396  0000145c          	.endproc _Read
  398  0000145c          	.proc _Write
  399  0000145c          	.global _Write
  400  0000145c          	_Write:
  401  0000145c  44000211	trap	#0x211
  402  00001460  4be00000	jr	r31
  403  00001464  54000000	nop
  404  00001468          	.endproc _Write
  406  00001468          	.proc _Lseek
  407  00001468          	.global _Lseek
  408  00001468          	_Lseek:
  409  00001468  44000212	trap	#0x212
  410  0000146c  4be00000	jr	r31
  411  00001470  54000000	nop
  412  00001474          	.endproc _Lseek
  414  00001474          	.proc _Putchar
  415  00001474          	.global _Putchar
  416  00001474          	_Putchar:
  417  00001474  44000280	trap	#0x280
  418  00001478  4be00000	jr	r31
  419  0000147c  54000000	nop
  420  00001480          	.endproc _Putchar
  422  00001480          	.proc _Printf
  423  00001480          	.global _Printf
  424  00001480          	_Printf:
  425  00001480  44000201	trap	#0x201
  426  00001484  4be00000	jr	r31
  427  00001488  54000000	nop
  428  0000148c          	.endproc _Printf
  430  0000148c          	.proc _getpid
  431  0000148c          	.global _getpid
  432  0000148c          	_getpid:
  433  0000148c  44000431	trap	#0x431
  434  00001490  4be00000	jr	r31
  435  00001494  54000000	nop
  436  00001498          	.endproc _getpid
  438  00001498          	.proc _process_create
  439  00001498          	.global _process_create
  440  00001498          	_process_create:
  441  00001498  44000432	trap	#0x432
  442  0000149c  4be00000	jr	r31
  443  000014a0  54000000	nop
  444  000014a4          	.endproc _process_create
  446  000014a4          	.proc _shmget
  447  000014a4          	.global _shmget
  448  000014a4          	_shmget:
  449  000014a4  44000440	trap	#0x440
  450  000014a8  4be00000	jr	r31
  451  000014ac  54000000	nop
  452  000014b0          	.endproc _shmget
  454  000014b0          	.proc _shmat
  455  000014b0          	.global _shmat
  456  000014b0          	_shmat:
  457  000014b0  44000441	trap	#0x441
  458  000014b4  4be00000	jr	r31
  459  000014b8  54000000	nop
  460  000014bc          	.endproc _shmat
  462  000014bc          	.proc _sem_create
  463  000014bc          	.global _sem_create
  464  000014bc          	_sem_create:
  465  000014bc  44000450	trap	#0x450
  466  000014c0  4be00000	jr	r31
  467  000014c4  54000000	nop
  468  000014c8          	.endproc _sem_create
  470  000014c8          	.proc _sem_wait
  471  000014c8          	.global _sem_wait
  472  000014c8          	_sem_wait:
  473  000014c8  44000451	trap	#0x451
  474  000014cc  4be00000	jr	r31
  475  000014d0  54000000	nop
  476  000014d4          	.endproc _sem_wait
  478  000014d4          	.proc _sem_signal
  479  000014d4          	.global _sem_signal
  480  000014d4          	_sem_signal:
  481  000014d4  44000452	trap	#0x452
  482  000014d8  4be00000	jr	r31
  483  000014dc  54000000	nop
  484  000014e0          	.endproc _sem_signal
  486  000014e0          	.proc _lock_create
  487  000014e0          	.global _lock_create
  488  000014e0          	_lock_create:
  489  000014e0  44000453	trap	#0x453
  490  000014e4  4be00000	jr	r31
  491  000014e8  54000000	nop
  492  000014ec          	.endproc _lock_create
  494  000014ec          	.proc _lock_acquire
  495  000014ec          	.global _lock_acquire
  496  000014ec          	_lock_acquire:
  497  000014ec  44000454	trap	#0x454
  498  000014f0  4be00000	jr	r31
  499  000014f4  54000000	nop
  500  000014f8          	.endproc _lock_acquire
  502  000014f8          	.proc _lock_release
  503  000014f8          	.global _lock_release
  504  000014f8          	_lock_release:
  505  000014f8  44000455	trap	#0x455
  506  000014fc  4be00000	jr	r31
  507  00001500  54000000	nop
  508  00001504          	.endproc _lock_release
  510  00001504          	.proc _cond_create
  511  00001504          	.global _cond_create
  512  00001504          	_cond_create:
  513  00001504  44000456	trap	#0x456
  514  00001508  4be00000	jr	r31
  515  0000150c  54000000	nop
  516  00001510          	.endproc _cond_create
  518  00001510          	.proc _cond_wait
  519  00001510          	.global _cond_wait
  520  00001510          	_cond_wait:
  521  00001510  44000457	trap	#0x457
  522  00001514  4be00000	jr	r31
  523  00001518  54000000	nop
  524  0000151c          	.endproc _cond_wait
  526  0000151c          	.proc _cond_signal
  527  0000151c          	.global _cond_signal
  528  0000151c          	_cond_signal:
  529  0000151c  44000458	trap	#0x458
  530  00001520  4be00000	jr	r31
  531  00001524  54000000	nop
  532  00001528          	.endproc _cond_signal
  534  00001528          	.proc _cond_broadcast
  535  00001528          	.global _cond_broadcast
  536  00001528          	_cond_broadcast:
  537  00001528  44000459	trap	#0x459
  538  0000152c  4be00000	jr	r31
  539  00001530  54000000	nop
  540  00001534          	.endproc _cond_broadcast
  542  00001534          	.proc _Exit
  543  00001534          	.global _Exit
  544  00001534          	_Exit:
  545  00001534  44000500	trap	#0x500
  546  00001538  4be00000	jr	r31
  547  0000153c  54000000	nop
  548  00001540          	.endproc _Exit
  549                      ; Compiled by GCC
  551  00001540          	.align 2
  552  00001540          	.proc _isspace
  553  00001540          	.global _isspace
  554  00001540          	_isspace:
  555                      ;  Function 'isspace'; 0 bytes of locals, 3 regs to save.
  556  00001540  afbefffc	sw	-4(r29),r30; push fp
  557  00001544  001df020	add	r30,r0,r29; fp = sp
  558  00001548  afbffff8	sw	-8(r29),r31; push ret addr
  559  0000154c  2fbd0018	subui	r29,r29,#24; alloc local storage
  560  00001550  afa20000	sw	0(r29),r2
  561  00001554  afa30004	sw	4(r29),r3
  562  00001558  afa40008	sw	8(r29),r4
  563  0000155c  83c20003	lb	r2,3(r30)
  564  00001560  20010000	addi	r1,r0,#0
  565  00001564  304300ff	andi	r3,r2,#0x00ff
  566  00001568  60640020	seqi	r4,r3,#32
  567  0000156c  1480002c	bnez	r4,L3_LF2
  568  00001570  54000000	nop; delay slot nop
  569  00001574  304300ff	andi	r3,r2,#0x00ff
  570  00001578  60640009	seqi	r4,r3,#9
  571  0000157c  1480001c	bnez	r4,L3_LF2
  572  00001580  54000000	nop; delay slot nop
  573  00001584  304300ff	andi	r3,r2,#0x00ff
  574  00001588  6064000a	seqi	r4,r3,#10
  575  0000158c  1480000c	bnez	r4,L3_LF2
  576  00001590  54000000	nop; delay slot nop
  577  00001594  08000008	j	L2_LF2
  578  00001598  54000000	nop; delay slot nop
  579  0000159c          	L3_LF2:
  580  0000159c  20010001	addi	r1,r0,#1
  581  000015a0          	L2_LF2:
  582  000015a0  08000004	j	L1_LF2
  583  000015a4  54000000	nop; delay slot nop
  584  000015a8          	L1_LF2:
  585  000015a8  8fa20000	lw	r2,0(r29)
  586  000015ac  8fa30004	lw	r3,4(r29)
  587  000015b0  8fa40008	lw	r4,8(r29)
  588  000015b4  8fdffff8	lw	r31,-8(r30)
  589  000015b8  001ee820	add	r29,r0,r30
  590  000015bc  8fdefffc	lw	r30,-4(r30)
  591  000015c0  4be00000	jr	r31
  592  000015c4  54000000	nop
  593  000015c8          	.endproc _isspace
  594  000015c8          	.align 2
  595  000015c8          	.proc _isxdigit
  596  000015c8          	.global _isxdigit
  597  000015c8          	_isxdigit:
  598                      ;  Function 'isxdigit'; 0 bytes of locals, 3 regs to save.
  599  000015c8  afbefffc	sw	-4(r29),r30; push fp
  600  000015cc  001df020	add	r30,r0,r29; fp = sp
  601  000015d0  afbffff8	sw	-8(r29),r31; push ret addr
  602  000015d4  2fbd0018	subui	r29,r29,#24; alloc local storage
  603  000015d8  afa20000	sw	0(r29),r2
  604  000015dc  afa30004	sw	4(r29),r3
  605  000015e0  afa40008	sw	8(r29),r4
  606  000015e4  83c20003	lb	r2,3(r30)
  607  000015e8  20010000	addi	r1,r0,#0
  608  000015ec  304300ff	andi	r3,r2,#0x00ff
  609  000015f0  6c64002f	sgtui	r4,r3,#47
  610  000015f4  1080001c	beqz	r4,L7_LF2
  611  000015f8  54000000	nop; delay slot nop
  612  000015fc  304300ff	andi	r3,r2,#0x00ff
  613  00001600  70640039	sleui	r4,r3,#57
  614  00001604  1480005c	bnez	r4,L6_LF2
  615  00001608  54000000	nop; delay slot nop
  616  0000160c  08000004	j	L7_LF2
  617  00001610  54000000	nop; delay slot nop
  618  00001614          	L7_LF2:
  619  00001614  304300ff	andi	r3,r2,#0x00ff
  620  00001618  6c640060	sgtui	r4,r3,#96
  621  0000161c  1080001c	beqz	r4,L8_LF2
  622  00001620  54000000	nop; delay slot nop
  623  00001624  304300ff	andi	r3,r2,#0x00ff
  624  00001628  70640066	sleui	r4,r3,#102
  625  0000162c  14800034	bnez	r4,L6_LF2
  626  00001630  54000000	nop; delay slot nop
  627  00001634  08000004	j	L8_LF2
  628  00001638  54000000	nop; delay slot nop
  629  0000163c          	L8_LF2:
  630  0000163c  304300ff	andi	r3,r2,#0x00ff
  631  00001640  6c640040	sgtui	r4,r3,#64
  632  00001644  10800020	beqz	r4,L5_LF2
  633  00001648  54000000	nop; delay slot nop
  634  0000164c  304300ff	andi	r3,r2,#0x00ff
  635  00001650  70640041	sleui	r4,r3,#65
  636  00001654  1480000c	bnez	r4,L6_LF2
  637  00001658  54000000	nop; delay slot nop
  638  0000165c  08000008	j	L5_LF2
  639  00001660  54000000	nop; delay slot nop
  640  00001664          	L6_LF2:
  641  00001664  20010001	addi	r1,r0,#1
  642  00001668          	L5_LF2:
  643  00001668  08000004	j	L4_LF2
  644  0000166c  54000000	nop; delay slot nop
  645  00001670          	L4_LF2:
  646  00001670  8fa20000	lw	r2,0(r29)
  647  00001674  8fa30004	lw	r3,4(r29)
  648  00001678  8fa40008	lw	r4,8(r29)
  649  0000167c  8fdffff8	lw	r31,-8(r30)
  650  00001680  001ee820	add	r29,r0,r30
  651  00001684  8fdefffc	lw	r30,-4(r30)
  652  00001688  4be00000	jr	r31
  653  0000168c  54000000	nop
  654  00001690          	.endproc _isxdigit
  655  00001690          	.align 2
  656  00001690          	.proc _dstrcpy
  657  00001690          	.global _dstrcpy
  658  00001690          	_dstrcpy:
  659                      ;  Function 'dstrcpy'; 8 bytes of locals, 2 regs to save.
  660  00001690  afbefffc	sw	-4(r29),r30; push fp
  661  00001694  001df020	add	r30,r0,r29; fp = sp
  662  00001698  afbffff8	sw	-8(r29),r31; push ret addr
  663  0000169c  2fbd0018	subui	r29,r29,#24; alloc local storage
  664  000016a0  afa20000	sw	0(r29),r2
  665  000016a4  afa30004	sw	4(r29),r3
  666  000016a8  8fc10000	lw	r1,(r30)
  667  000016ac  afc1fff4	sw	-12(r30),r1
  668  000016b0          	L10_LF2:
  669  000016b0  8fc10000	lw	r1,(r30)
  670  000016b4  20220001	addi	r2,r1,#1
  671  000016b8  afc20000	sw	(r30),r2
  672  000016bc  8fc20004	lw	r2,4(r30)
  673  000016c0  20430001	addi	r3,r2,#1
  674  000016c4  afc30004	sw	4(r30),r3
  675  000016c8  80420000	lb	r2,(r2)
  676  000016cc  a0220000	sb	(r1),r2
  677  000016d0  a3c2fff3	sb	-13(r30),r2
  678  000016d4          	L12_LF2:
  679  000016d4  93c1fff3	lbu	r1,-13(r30)
  680  000016d8  64220000	snei	r2,r1,#0
  681  000016dc  1440000c	bnez	r2,L13_LF2
  682  000016e0  54000000	nop; delay slot nop
  683  000016e4  0800000c	j	L11_LF2
  684  000016e8  54000000	nop; delay slot nop
  685  000016ec          	L13_LF2:
  686  000016ec  0bffffc0	j	L10_LF2
  687  000016f0  54000000	nop; delay slot nop
  688  000016f4          	L11_LF2:
  689  000016f4  8fc1fff4	lw	r1,-12(r30)
  690  000016f8  08000004	j	L9_LF2
  691  000016fc  54000000	nop; delay slot nop
  692  00001700          	L9_LF2:
  693  00001700  8fa20000	lw	r2,0(r29)
  694  00001704  8fa30004	lw	r3,4(r29)
  695  00001708  8fdffff8	lw	r31,-8(r30)
  696  0000170c  001ee820	add	r29,r0,r30
  697  00001710  8fdefffc	lw	r30,-4(r30)
  698  00001714  4be00000	jr	r31
  699  00001718  54000000	nop
  700  0000171c          	.endproc _dstrcpy
  701  0000171c          	.align 2
  702  0000171c          	.proc _dstrncpy
  703  0000171c          	.global _dstrncpy
  704  0000171c          	_dstrncpy:
  705                      ;  Function 'dstrncpy'; 8 bytes of locals, 2 regs to save.
  706  0000171c  afbefffc	sw	-4(r29),r30; push fp
  707  00001720  001df020	add	r30,r0,r29; fp = sp
  708  00001724  afbffff8	sw	-8(r29),r31; push ret addr
  709  00001728  2fbd0018	subui	r29,r29,#24; alloc local storage
  710  0000172c  afa20000	sw	0(r29),r2
  711  00001730  afa30004	sw	4(r29),r3
  712  00001734  8fc10000	lw	r1,(r30)
  713  00001738  afc1fff4	sw	-12(r30),r1
  714  0000173c          	L15_LF2:
  715  0000173c  8fc10008	lw	r1,8(r30)
  716  00001740  2022ffff	addi	r2,r1,#-1
  717  00001744  afc20008	sw	8(r30),r2
  718  00001748  70210000	slei	r1,r1,#0
  719  0000174c  1020000c	beqz	r1,L18_LF2
  720  00001750  54000000	nop; delay slot nop
  721  00001754  08000048	j	L16_LF2
  722  00001758  54000000	nop; delay slot nop
  723  0000175c          	L18_LF2:
  724  0000175c  8fc10000	lw	r1,(r30)
  725  00001760  20220001	addi	r2,r1,#1
  726  00001764  afc20000	sw	(r30),r2
  727  00001768  8fc20004	lw	r2,4(r30)
  728  0000176c  20430001	addi	r3,r2,#1
  729  00001770  afc30004	sw	4(r30),r3
  730  00001774  80420000	lb	r2,(r2)
  731  00001778  a0220000	sb	(r1),r2
  732  0000177c  a3c2fff3	sb	-13(r30),r2
  733  00001780          	L17_LF2:
  734  00001780  93c1fff3	lbu	r1,-13(r30)
  735  00001784  64220000	snei	r2,r1,#0
  736  00001788  1440000c	bnez	r2,L19_LF2
  737  0000178c  54000000	nop; delay slot nop
  738  00001790  0800000c	j	L16_LF2
  739  00001794  54000000	nop; delay slot nop
  740  00001798          	L19_LF2:
  741  00001798  0bffffa0	j	L15_LF2
  742  0000179c  54000000	nop; delay slot nop
  743  000017a0          	L16_LF2:
  744  000017a0  8fc1fff4	lw	r1,-12(r30)
  745  000017a4  08000004	j	L14_LF2
  746  000017a8  54000000	nop; delay slot nop
  747  000017ac          	L14_LF2:
  748  000017ac  8fa20000	lw	r2,0(r29)
  749  000017b0  8fa30004	lw	r3,4(r29)
  750  000017b4  8fdffff8	lw	r31,-8(r30)
  751  000017b8  001ee820	add	r29,r0,r30
  752  000017bc  8fdefffc	lw	r30,-4(r30)
  753  000017c0  4be00000	jr	r31
  754  000017c4  54000000	nop
  755  000017c8          	.endproc _dstrncpy
  756  000017c8          	.align 2
  757  000017c8          	.proc _dstrcat
  758  000017c8          	.global _dstrcat
  759  000017c8          	_dstrcat:
  760                      ;  Function 'dstrcat'; 8 bytes of locals, 1 regs to save.
  761  000017c8  afbefffc	sw	-4(r29),r30; push fp
  762  000017cc  001df020	add	r30,r0,r29; fp = sp
  763  000017d0  afbffff8	sw	-8(r29),r31; push ret addr
  764  000017d4  2fbd0018	subui	r29,r29,#24; alloc local storage
  765  000017d8  afa20000	sw	0(r29),r2
  766  000017dc  8fc10000	lw	r1,(r30)
  767  000017e0  afc1fff4	sw	-12(r30),r1
  768  000017e4          	L21_LF2:
  769  000017e4  8fc10000	lw	r1,(r30)
  770  000017e8  90220000	lbu	r2,(r1)
  771  000017ec  64410000	snei	r1,r2,#0
  772  000017f0  1420000c	bnez	r1,L23_LF2
  773  000017f4  54000000	nop; delay slot nop
  774  000017f8  0800001c	j	L22_LF2
  775  000017fc  54000000	nop; delay slot nop
  776  00001800          	L23_LF2:
  777  00001800  8fc20000	lw	r2,(r30)
  778  00001804  20410001	addi	r1,r2,#1
  779  00001808  00011020	add	r2,r0,r1
  780  0000180c  afc20000	sw	(r30),r2
  781  00001810  0bffffd0	j	L21_LF2
  782  00001814  54000000	nop; delay slot nop
  783  00001818          	L22_LF2:
  784  00001818  23bdfff8	addi	r29,r29,#-8
  785  0000181c  001d0820	add	r1,r0,r29
  786  00001820  8fc20000	lw	r2,(r30)
  787  00001824  ac220000	sw	(r1),r2
  788  00001828  8fc20004	lw	r2,4(r30)
  789  0000182c  ac220004	sw	4(r1),r2
  790  00001830  0ffffe5c	jal	_dstrcpy
  791  00001834  54000000	nop; delay slot nop
  792  00001838  23bd0008	addi	r29,r29,#8
  793  0000183c  8fc1fff4	lw	r1,-12(r30)
  794  00001840  08000004	j	L20_LF2
  795  00001844  54000000	nop; delay slot nop
  796  00001848          	L20_LF2:
  797  00001848  8fa20000	lw	r2,0(r29)
  798  0000184c  8fdffff8	lw	r31,-8(r30)
  799  00001850  001ee820	add	r29,r0,r30
  800  00001854  8fdefffc	lw	r30,-4(r30)
  801  00001858  4be00000	jr	r31
  802  0000185c  54000000	nop
  803  00001860          	.endproc _dstrcat
  804  00001860          	.align 2
  805  00001860          	.proc _dstrncmp
  806  00001860          	.global _dstrncmp
  807  00001860          	_dstrncmp:
  808                      ;  Function 'dstrncmp'; 8 bytes of locals, 2 regs to save.
  809  00001860  afbefffc	sw	-4(r29),r30; push fp
  810  00001864  001df020	add	r30,r0,r29; fp = sp
  811  00001868  afbffff8	sw	-8(r29),r31; push ret addr
  812  0000186c  2fbd0018	subui	r29,r29,#24; alloc local storage
  813  00001870  afa20000	sw	0(r29),r2
  814  00001874  afa30004	sw	4(r29),r3
  815  00001878  54000000	nop
  816  0000187c  20010000	addi	r1,r0,#0
  817  00001880  afc1fff4	sw	-12(r30),r1
  818  00001884          	L25_LF2:
  819  00001884  8fc1fff4	lw	r1,-12(r30)
  820  00001888  8fc20008	lw	r2,8(r30)
  821  0000188c  0022082a	slt	r1,r1,r2
  822  00001890  1420000c	bnez	r1,L28_LF2
  823  00001894  54000000	nop; delay slot nop
  824  00001898  08000088	j	L26_LF2
  825  0000189c  54000000	nop; delay slot nop
  826  000018a0          	L28_LF2:
  827  000018a0  8fc10004	lw	r1,4(r30)
  828  000018a4  90220000	lbu	r2,(r1)
  829  000018a8  64410000	snei	r1,r2,#0
  830  000018ac  14200018	bnez	r1,L29_LF2
  831  000018b0  54000000	nop; delay slot nop
  832  000018b4  20010000	addi	r1,r0,#0
  833  000018b8  080000d8	j	L24_LF2
  834  000018bc  54000000	nop; delay slot nop
  835  000018c0  08000028	j	L30_LF2
  836  000018c4  54000000	nop; delay slot nop
  837  000018c8          	L29_LF2:
  838  000018c8  8fc10000	lw	r1,(r30)
  839  000018cc  8fc20004	lw	r2,4(r30)
  840  000018d0  90210000	lbu	r1,(r1)
  841  000018d4  90420000	lbu	r2,(r2)
  842  000018d8  00220829	sne	r1,r1,r2
  843  000018dc  1020000c	beqz	r1,L30_LF2
  844  000018e0  54000000	nop; delay slot nop
  845  000018e4  0800003c	j	L26_LF2
  846  000018e8  54000000	nop; delay slot nop
  847  000018ec          	L31_LF2:
  848  000018ec          	L30_LF2:
  849  000018ec  8fc20000	lw	r2,(r30)
  850  000018f0  20410001	addi	r1,r2,#1
  851  000018f4  00011020	add	r2,r0,r1
  852  000018f8  afc20000	sw	(r30),r2
  853  000018fc  8fc20004	lw	r2,4(r30)
  854  00001900  20410001	addi	r1,r2,#1
  855  00001904  00011020	add	r2,r0,r1
  856  00001908  afc20004	sw	4(r30),r2
  857  0000190c          	L27_LF2:
  858  0000190c  8fc2fff4	lw	r2,-12(r30)
  859  00001910  20410001	addi	r1,r2,#1
  860  00001914  00011020	add	r2,r0,r1
  861  00001918  afc2fff4	sw	-12(r30),r2
  862  0000191c  0bffff64	j	L25_LF2
  863  00001920  54000000	nop; delay slot nop
  864  00001924          	L26_LF2:
  865  00001924  8fc1fff4	lw	r1,-12(r30)
  866  00001928  8fc20008	lw	r2,8(r30)
  867  0000192c  00220828	seq	r1,r1,r2
  868  00001930  10200018	beqz	r1,L32_LF2
  869  00001934  54000000	nop; delay slot nop
  870  00001938  20010000	addi	r1,r0,#0
  871  0000193c  08000054	j	L24_LF2
  872  00001940  54000000	nop; delay slot nop
  873  00001944  0800004c	j	L33_LF2
  874  00001948  54000000	nop; delay slot nop
  875  0000194c          	L32_LF2:
  876  0000194c  8fc20000	lw	r2,(r30)
  877  00001950  90410000	lbu	r1,(r2)
  878  00001954  8fc20004	lw	r2,4(r30)
  879  00001958  90430000	lbu	r3,(r2)
  880  0000195c  00230822	sub	r1,r1,r3
  881  00001960  74220000	sgei	r2,r1,#0
  882  00001964  10400020	beqz	r2,L34_LF2
  883  00001968  54000000	nop; delay slot nop
  884  0000196c  8fc10000	lw	r1,(r30)
  885  00001970  8fc20004	lw	r2,4(r30)
  886  00001974  90210000	lbu	r1,(r1)
  887  00001978  90420000	lbu	r2,(r2)
  888  0000197c  00220829	sne	r1,r1,r2
  889  00001980  08000008	j	L35_LF2
  890  00001984  54000000	nop; delay slot nop
  891  00001988          	L34_LF2:
  892  00001988  2001ffff	addi	r1,r0,#-1
  893  0000198c          	L35_LF2:
  894  0000198c  08000004	j	L24_LF2
  895  00001990  54000000	nop; delay slot nop
  896  00001994          	L33_LF2:
  897  00001994          	L24_LF2:
  898  00001994  8fa20000	lw	r2,0(r29)
  899  00001998  8fa30004	lw	r3,4(r29)
  900  0000199c  8fdffff8	lw	r31,-8(r30)
  901  000019a0  001ee820	add	r29,r0,r30
  902  000019a4  8fdefffc	lw	r30,-4(r30)
  903  000019a8  4be00000	jr	r31
  904  000019ac  54000000	nop
  905  000019b0          	.endproc _dstrncmp
  906  000019b0          	.align 2
  907  000019b0          	.proc _dstrlen
  908  000019b0          	.global _dstrlen
  909  000019b0          	_dstrlen:
  910                      ;  Function 'dstrlen'; 8 bytes of locals, 1 regs to save.
  911  000019b0  afbefffc	sw	-4(r29),r30; push fp
  912  000019b4  001df020	add	r30,r0,r29; fp = sp
  913  000019b8  afbffff8	sw	-8(r29),r31; push ret addr
  914  000019bc  2fbd0018	subui	r29,r29,#24; alloc local storage
  915  000019c0  afa20000	sw	0(r29),r2
  916  000019c4  20010000	addi	r1,r0,#0
  917  000019c8  afc1fff4	sw	-12(r30),r1
  918  000019cc          	L37_LF2:
  919  000019cc  8fc10000	lw	r1,(r30)
  920  000019d0  20220001	addi	r2,r1,#1
  921  000019d4  afc20000	sw	(r30),r2
  922  000019d8  90210000	lbu	r1,(r1)
  923  000019dc  64220000	snei	r2,r1,#0
  924  000019e0  1440000c	bnez	r2,L39_LF2
  925  000019e4  54000000	nop; delay slot nop
  926  000019e8  0800001c	j	L38_LF2
  927  000019ec  54000000	nop; delay slot nop
  928  000019f0          	L39_LF2:
  929  000019f0  8fc2fff4	lw	r2,-12(r30)
  930  000019f4  20410001	addi	r1,r2,#1
  931  000019f8  00011020	add	r2,r0,r1
  932  000019fc  afc2fff4	sw	-12(r30),r2
  933  00001a00  0bffffc8	j	L37_LF2
  934  00001a04  54000000	nop; delay slot nop
  935  00001a08          	L38_LF2:
  936  00001a08  8fc1fff4	lw	r1,-12(r30)
  937  00001a0c  08000004	j	L36_LF2
  938  00001a10  54000000	nop; delay slot nop
  939  00001a14          	L36_LF2:
  940  00001a14  8fa20000	lw	r2,0(r29)
  941  00001a18  8fdffff8	lw	r31,-8(r30)
  942  00001a1c  001ee820	add	r29,r0,r30
  943  00001a20  8fdefffc	lw	r30,-4(r30)
  944  00001a24  4be00000	jr	r31
  945  00001a28  54000000	nop
  946  00001a2c          	.endproc _dstrlen
  947  00001a2c          	.align 2
  948  00001a2c          	.proc _dstrstr
  949  00001a2c          	.global _dstrstr
  950  00001a2c          	_dstrstr:
  951                      ;  Function 'dstrstr'; 8 bytes of locals, 1 regs to save.
  952  00001a2c  afbefffc	sw	-4(r29),r30; push fp
  953  00001a30  001df020	add	r30,r0,r29; fp = sp
  954  00001a34  afbffff8	sw	-8(r29),r31; push ret addr
  955  00001a38  2fbd0018	subui	r29,r29,#24; alloc local storage
  956  00001a3c  afa20000	sw	0(r29),r2
  957  00001a40  23bdfff8	addi	r29,r29,#-8
  958  00001a44  001d0820	add	r1,r0,r29
  959  00001a48  8fc20004	lw	r2,4(r30)
  960  00001a4c  ac220000	sw	(r1),r2
  961  00001a50  0fffff5c	jal	_dstrlen
  962  00001a54  54000000	nop; delay slot nop
  963  00001a58  23bd0008	addi	r29,r29,#8
  964  00001a5c  afc1fff4	sw	-12(r30),r1
  965  00001a60          	L41_LF2:
  966  00001a60  8fc10000	lw	r1,(r30)
  967  00001a64  90220000	lbu	r2,(r1)
  968  00001a68  64410000	snei	r1,r2,#0
  969  00001a6c  1420000c	bnez	r1,L43_LF2
  970  00001a70  54000000	nop; delay slot nop
  971  00001a74  08000060	j	L42_LF2
  972  00001a78  54000000	nop; delay slot nop
  973  00001a7c          	L43_LF2:
  974  00001a7c  23bdfff0	addi	r29,r29,#-16
  975  00001a80  001d0820	add	r1,r0,r29
  976  00001a84  8fc20000	lw	r2,(r30)
  977  00001a88  ac220000	sw	(r1),r2
  978  00001a8c  8fc20004	lw	r2,4(r30)
  979  00001a90  ac220004	sw	4(r1),r2
  980  00001a94  8fc2fff4	lw	r2,-12(r30)
  981  00001a98  ac220008	sw	8(r1),r2
  982  00001a9c  0ffffdc0	jal	_dstrncmp
  983  00001aa0  54000000	nop; delay slot nop
  984  00001aa4  23bd0010	addi	r29,r29,#16
  985  00001aa8  64220000	snei	r2,r1,#0
  986  00001aac  14400010	bnez	r2,L44_LF2
  987  00001ab0  54000000	nop; delay slot nop
  988  00001ab4  8fc10000	lw	r1,(r30)
  989  00001ab8  08000028	j	L40_LF2
  990  00001abc  54000000	nop; delay slot nop
  991  00001ac0          	L44_LF2:
  992  00001ac0  8fc20000	lw	r2,(r30)
  993  00001ac4  20410001	addi	r1,r2,#1
  994  00001ac8  00011020	add	r2,r0,r1
  995  00001acc  afc20000	sw	(r30),r2
  996  00001ad0  0bffff8c	j	L41_LF2
  997  00001ad4  54000000	nop; delay slot nop
  998  00001ad8          	L42_LF2:
  999  00001ad8  20010000	addi	r1,r0,#0
 1000  00001adc  08000004	j	L40_LF2
 1001  00001ae0  54000000	nop; delay slot nop
 1002  00001ae4          	L40_LF2:
 1003  00001ae4  8fa20000	lw	r2,0(r29)
 1004  00001ae8  8fdffff8	lw	r31,-8(r30)
 1005  00001aec  001ee820	add	r29,r0,r30
 1006  00001af0  8fdefffc	lw	r30,-4(r30)
 1007  00001af4  4be00000	jr	r31
 1008  00001af8  54000000	nop
 1009  00001afc          	.endproc _dstrstr
 1010  00001afc          	.align 2
 1011  00001afc          	.proc _dmindex
 1012  00001afc          	.global _dmindex
 1013  00001afc          	_dmindex:
 1014                      ;  Function 'dmindex'; 8 bytes of locals, 1 regs to save.
 1015  00001afc  afbefffc	sw	-4(r29),r30; push fp
 1016  00001b00  001df020	add	r30,r0,r29; fp = sp
 1017  00001b04  afbffff8	sw	-8(r29),r31; push ret addr
 1018  00001b08  2fbd0018	subui	r29,r29,#24; alloc local storage
 1019  00001b0c  afa20000	sw	0(r29),r2
 1020  00001b10  54000000	nop
 1021  00001b14          	L46_LF2:
 1022  00001b14  8fc10000	lw	r1,(r30)
 1023  00001b18  90220000	lbu	r2,(r1)
 1024  00001b1c  64410000	snei	r1,r2,#0
 1025  00001b20  1420000c	bnez	r1,L48_LF2
 1026  00001b24  54000000	nop; delay slot nop
 1027  00001b28  08000070	j	L47_LF2
 1028  00001b2c  54000000	nop; delay slot nop
 1029  00001b30          	L48_LF2:
 1030  00001b30  8fc10004	lw	r1,4(r30)
 1031  00001b34  afc1fff4	sw	-12(r30),r1
 1032  00001b38          	L49_LF2:
 1033  00001b38  8fc1fff4	lw	r1,-12(r30)
 1034  00001b3c  90220000	lbu	r2,(r1)
 1035  00001b40  64410000	snei	r1,r2,#0
 1036  00001b44  1420000c	bnez	r1,L52_LF2
 1037  00001b48  54000000	nop; delay slot nop
 1038  00001b4c  08000044	j	L50_LF2
 1039  00001b50  54000000	nop; delay slot nop
 1040  00001b54          	L52_LF2:
 1041  00001b54  8fc10000	lw	r1,(r30)
 1042  00001b58  8fc2fff4	lw	r2,-12(r30)
 1043  00001b5c  90210000	lbu	r1,(r1)
 1044  00001b60  90420000	lbu	r2,(r2)
 1045  00001b64  00220828	seq	r1,r1,r2
 1046  00001b68  10200010	beqz	r1,L51_LF2
 1047  00001b6c  54000000	nop; delay slot nop
 1048  00001b70  8fc10000	lw	r1,(r30)
 1049  00001b74  08000030	j	L45_LF2
 1050  00001b78  54000000	nop; delay slot nop
 1051  00001b7c          	L53_LF2:
 1052  00001b7c          	L51_LF2:
 1053  00001b7c  8fc2fff4	lw	r2,-12(r30)
 1054  00001b80  20410001	addi	r1,r2,#1
 1055  00001b84  00011020	add	r2,r0,r1
 1056  00001b88  afc2fff4	sw	-12(r30),r2
 1057  00001b8c  0bffffa8	j	L49_LF2
 1058  00001b90  54000000	nop; delay slot nop
 1059  00001b94          	L50_LF2:
 1060  00001b94  0bffff7c	j	L46_LF2
 1061  00001b98  54000000	nop; delay slot nop
 1062  00001b9c          	L47_LF2:
 1063  00001b9c  20010000	addi	r1,r0,#0
 1064  00001ba0  08000004	j	L45_LF2
 1065  00001ba4  54000000	nop; delay slot nop
 1066  00001ba8          	L45_LF2:
 1067  00001ba8  8fa20000	lw	r2,0(r29)
 1068  00001bac  8fdffff8	lw	r31,-8(r30)
 1069  00001bb0  001ee820	add	r29,r0,r30
 1070  00001bb4  8fdefffc	lw	r30,-4(r30)
 1071  00001bb8  4be00000	jr	r31
 1072  00001bbc  54000000	nop
 1073  00001bc0          	.endproc _dmindex
 1074  00001bc0          	.align 2
 1075  00001bc0          	.proc _dindex
 1076  00001bc0          	.global _dindex
 1077  00001bc0          	_dindex:
 1078                      ;  Function 'dindex'; 0 bytes of locals, 1 regs to save.
 1079  00001bc0  afbefffc	sw	-4(r29),r30; push fp
 1080  00001bc4  001df020	add	r30,r0,r29; fp = sp
 1081  00001bc8  afbffff8	sw	-8(r29),r31; push ret addr
 1082  00001bcc  2fbd0010	subui	r29,r29,#16; alloc local storage
 1083  00001bd0  afa20000	sw	0(r29),r2
 1084  00001bd4  54000000	nop
 1085  00001bd8          	L55_LF2:
 1086  00001bd8  8fc10000	lw	r1,(r30)
 1087  00001bdc  90220000	lbu	r2,(r1)
 1088  00001be0  64410000	snei	r1,r2,#0
 1089  00001be4  1420000c	bnez	r1,L57_LF2
 1090  00001be8  54000000	nop; delay slot nop
 1091  00001bec  08000040	j	L56_LF2
 1092  00001bf0  54000000	nop; delay slot nop
 1093  00001bf4          	L57_LF2:
 1094  00001bf4  8fc10000	lw	r1,(r30)
 1095  00001bf8  90220000	lbu	r2,(r1)
 1096  00001bfc  8fc10004	lw	r1,4(r30)
 1097  00001c00  00411028	seq	r2,r2,r1
 1098  00001c04  10400010	beqz	r2,L58_LF2
 1099  00001c08  54000000	nop; delay slot nop
 1100  00001c0c  8fc10000	lw	r1,(r30)
 1101  00001c10  08000028	j	L54_LF2
 1102  00001c14  54000000	nop; delay slot nop
 1103  00001c18          	L58_LF2:
 1104  00001c18  8fc20000	lw	r2,(r30)
 1105  00001c1c  20410001	addi	r1,r2,#1
 1106  00001c20  00011020	add	r2,r0,r1
 1107  00001c24  afc20000	sw	(r30),r2
 1108  00001c28  0bffffac	j	L55_LF2
 1109  00001c2c  54000000	nop; delay slot nop
 1110  00001c30          	L56_LF2:
 1111  00001c30  20010000	addi	r1,r0,#0
 1112  00001c34  08000004	j	L54_LF2
 1113  00001c38  54000000	nop; delay slot nop
 1114  00001c3c          	L54_LF2:
 1115  00001c3c  8fa20000	lw	r2,0(r29)
 1116  00001c40  8fdffff8	lw	r31,-8(r30)
 1117  00001c44  001ee820	add	r29,r0,r30
 1118  00001c48  8fdefffc	lw	r30,-4(r30)
 1119  00001c4c  4be00000	jr	r31
 1120  00001c50  54000000	nop
 1121  00001c54          	.endproc _dindex
 1122  00001c54          	.align 2
 1123  00001c54          	.proc _ditoa
 1124  00001c54          	.global _ditoa
 1125  00001c54          	_ditoa:
 1126                      ;  Function 'ditoa'; 8 bytes of locals, 2 regs to save.
 1127  00001c54  afbefffc	sw	-4(r29),r30; push fp
 1128  00001c58  001df020	add	r30,r0,r29; fp = sp
 1129  00001c5c  afbffff8	sw	-8(r29),r31; push ret addr
 1130  00001c60  2fbd0018	subui	r29,r29,#24; alloc local storage
 1131  00001c64  afa20000	sw	0(r29),r2
 1132  00001c68  afa30004	sw	4(r29),r3
 1133  00001c6c  8fc10000	lw	r1,(r30)
 1134  00001c70  68220000	slti	r2,r1,#0
 1135  00001c74  1040002c	beqz	r2,L60_LF2
 1136  00001c78  54000000	nop; delay slot nop
 1137  00001c7c  8fc10004	lw	r1,4(r30)
 1138  00001c80  20220001	addi	r2,r1,#1
 1139  00001c84  afc20004	sw	4(r30),r2
 1140  00001c88  2002002d	addi	r2,r0,(#0x2d)&0xff
 1141  00001c8c  a0220000	sb	(r1),r2
 1142  00001c90  8fc10000	lw	r1,(r30)
 1143  00001c94  00011022	sub	r2,r0,r1
 1144  00001c98  afc20000	sw	(r30),r2
 1145  00001c9c  08000118	j	L61_LF2
 1146  00001ca0  54000000	nop; delay slot nop
 1147  00001ca4          	L60_LF2:
 1148  00001ca4  8fc10000	lw	r1,(r30)
 1149  00001ca8  64220000	snei	r2,r1,#0
 1150  00001cac  14400020	bnez	r2,L62_LF2
 1151  00001cb0  54000000	nop; delay slot nop
 1152  00001cb4  8fc10004	lw	r1,4(r30)
 1153  00001cb8  20220001	addi	r2,r1,#1
 1154  00001cbc  afc20004	sw	4(r30),r2
 1155  00001cc0  20020030	addi	r2,r0,(#0x30)&0xff
 1156  00001cc4  a0220000	sb	(r1),r2
 1157  00001cc8  080000ec	j	L61_LF2
 1158  00001ccc  54000000	nop; delay slot nop
 1159  00001cd0          	L62_LF2:
 1160  00001cd0  20010001	addi	r1,r0,#1
 1161  00001cd4  afc1fff4	sw	-12(r30),r1
 1162  00001cd8          	L64_LF2:
 1163  00001cd8  8fc1fff4	lw	r1,-12(r30)
 1164  00001cdc  8fc20000	lw	r2,(r30)
 1165  00001ce0  0022082c	sle	r1,r1,r2
 1166  00001ce4  1420000c	bnez	r1,L66_LF2
 1167  00001ce8  54000000	nop; delay slot nop
 1168  00001cec  08000024	j	L65_LF2
 1169  00001cf0  54000000	nop; delay slot nop
 1170  00001cf4          	L67_LF2:
 1171  00001cf4          	L66_LF2:
 1172  00001cf4  8fc1fff4	lw	r1,-12(r30)
 1173  00001cf8  00011820	add	r3,r0,r1
 1174  00001cfc  50620002	slli	r2,r3,#0x2
 1175  00001d00  00411020	add	r2,r2,r1
 1176  00001d04  50410001	slli	r1,r2,#0x1
 1177  00001d08  afc1fff4	sw	-12(r30),r1
 1178  00001d0c  0bffffc8	j	L64_LF2
 1179  00001d10  54000000	nop; delay slot nop
 1180  00001d14          	L65_LF2:
 1181  00001d14  54000000	nop
 1182  00001d18          	L68_LF2:
 1183  00001d18  8fc1fff4	lw	r1,-12(r30)
 1184  00001d1c  2002000a	addi	r2,r0,#10
 1185  00001d20  00200035	movi2fp	f0,r1
 1186  00001d24  00400835	movi2fp	f1,r2
 1187  00001d28  0401000f	div	f0,f0,f1
 1188  00001d2c  00000834	movfp2i	r1,f0
 1189  00001d30  afc1fff4	sw	-12(r30),r1
 1190  00001d34  8fc10004	lw	r1,4(r30)
 1191  00001d38  20220001	addi	r2,r1,#1
 1192  00001d3c  afc20004	sw	4(r30),r2
 1193  00001d40  8fc20000	lw	r2,(r30)
 1194  00001d44  8fc3fff4	lw	r3,-12(r30)
 1195  00001d48  00400035	movi2fp	f0,r2
 1196  00001d4c  00600835	movi2fp	f1,r3
 1197  00001d50  0401000f	div	f0,f0,f1
 1198  00001d54  00001034	movfp2i	r2,f0
 1199  00001d58  00021820	add	r3,r0,r2
 1200  00001d5c  20620030	addi	r2,r3,#48
 1201  00001d60  a0220000	sb	(r1),r2
 1202  00001d64  8fc10000	lw	r1,(r30)
 1203  00001d68  8fc3fff4	lw	r3,-12(r30)
 1204  00001d6c  00200035	movi2fp	f0,r1
 1205  00001d70  00600835	movi2fp	f1,r3
 1206  00001d74  0401000f	div	f0,f0,f1
 1207  00001d78  00001034	movfp2i	r2,f0
 1208  00001d7c  8fc3fff4	lw	r3,-12(r30)
 1209  00001d80  00400035	movi2fp	f0,r2
 1210  00001d84  00600835	movi2fp	f1,r3
 1211  00001d88  0401000e	mult	f0,f0,f1
 1212  00001d8c  00001034	movfp2i	r2,f0
 1213  00001d90  00220822	sub	r1,r1,r2
 1214  00001d94  afc10000	sw	(r30),r1
 1215  00001d98          	L70_LF2:
 1216  00001d98  8fc1fff4	lw	r1,-12(r30)
 1217  00001d9c  6c220001	sgti	r2,r1,#1
 1218  00001da0  1440000c	bnez	r2,L71_LF2
 1219  00001da4  54000000	nop; delay slot nop
 1220  00001da8  0800000c	j	L61_LF2
 1221  00001dac  54000000	nop; delay slot nop
 1222  00001db0          	L71_LF2:
 1223  00001db0  0bffff64	j	L68_LF2
 1224  00001db4  54000000	nop; delay slot nop
 1225  00001db8          	L69_LF2:
 1226  00001db8          	L63_LF2:
 1227  00001db8          	L61_LF2:
 1228  00001db8  8fc10004	lw	r1,4(r30)
 1229  00001dbc  20020000	addi	r2,r0,(#0x0)&0xff
 1230  00001dc0  a0220000	sb	(r1),r2
 1231  00001dc4          	L59_LF2:
 1232  00001dc4  8fa20000	lw	r2,0(r29)
 1233  00001dc8  8fa30004	lw	r3,4(r29)
 1234  00001dcc  8fdffff8	lw	r31,-8(r30)
 1235  00001dd0  001ee820	add	r29,r0,r30
 1236  00001dd4  8fdefffc	lw	r30,-4(r30)
 1237  00001dd8  4be00000	jr	r31
 1238  00001ddc  54000000	nop
 1239  00001de0          	.endproc _ditoa
 1240  00001de0          	.align 2
 1241  00001de0          	.proc _dstrtol
 1242  00001de0          	.global _dstrtol
 1243  00001de0          	_dstrtol:
 1244                      ;  Function 'dstrtol'; 16 bytes of locals, 1 regs to save.
 1245  00001de0  afbefffc	sw	-4(r29),r30; push fp
 1246  00001de4  001df020	add	r30,r0,r29; fp = sp
 1247  00001de8  afbffff8	sw	-8(r29),r31; push ret addr
 1248  00001dec  2fbd0020	subui	r29,r29,#32; alloc local storage
 1249  00001df0  afa20000	sw	0(r29),r2
 1250  00001df4  20010000	addi	r1,r0,#0
 1251  00001df8  afc1fff4	sw	-12(r30),r1
 1252  00001dfc          	L73_LF2:
 1253  00001dfc  8fc10000	lw	r1,(r30)
 1254  00001e00  90220000	lbu	r2,(r1)
 1255  00001e04  60410020	seqi	r1,r2,#32
 1256  00001e08  14200034	bnez	r1,L75_LF2
 1257  00001e0c  54000000	nop; delay slot nop
 1258  00001e10  8fc10000	lw	r1,(r30)
 1259  00001e14  90220000	lbu	r2,(r1)
 1260  00001e18  60410009	seqi	r1,r2,#9
 1261  00001e1c  14200020	bnez	r1,L75_LF2
 1262  00001e20  54000000	nop; delay slot nop
 1263  00001e24  8fc10000	lw	r1,(r30)
 1264  00001e28  90220000	lbu	r2,(r1)
 1265  00001e2c  6041000a	seqi	r1,r2,#10
 1266  00001e30  1420000c	bnez	r1,L75_LF2
 1267  00001e34  54000000	nop; delay slot nop
 1268  00001e38  0800001c	j	L74_LF2
 1269  00001e3c  54000000	nop; delay slot nop
 1270  00001e40          	L75_LF2:
 1271  00001e40  8fc20000	lw	r2,(r30)
 1272  00001e44  20410001	addi	r1,r2,#1
 1273  00001e48  00011020	add	r2,r0,r1
 1274  00001e4c  afc20000	sw	(r30),r2
 1275  00001e50  0bffffa8	j	L73_LF2
 1276  00001e54  54000000	nop; delay slot nop
 1277  00001e58          	L74_LF2:
 1278  00001e58  8fc10004	lw	r1,4(r30)
 1279  00001e5c  64220000	snei	r2,r1,#0
 1280  00001e60  10400010	beqz	r2,L76_LF2
 1281  00001e64  54000000	nop; delay slot nop
 1282  00001e68  8fc10004	lw	r1,4(r30)
 1283  00001e6c  8fc20000	lw	r2,(r30)
 1284  00001e70  ac220000	sw	(r1),r2
 1285  00001e74          	L76_LF2:
 1286  00001e74  8fc10000	lw	r1,(r30)
 1287  00001e78  90220000	lbu	r2,(r1)
 1288  00001e7c  64410000	snei	r1,r2,#0
 1289  00001e80  14200010	bnez	r1,L77_LF2
 1290  00001e84  54000000	nop; delay slot nop
 1291  00001e88  8fc1fff4	lw	r1,-12(r30)
 1292  00001e8c  08000294	j	L72_LF2
 1293  00001e90  54000000	nop; delay slot nop
 1294  00001e94          	L77_LF2:
 1295  00001e94  8fc10000	lw	r1,(r30)
 1296  00001e98  90220000	lbu	r2,(r1)
 1297  00001e9c  6041002d	seqi	r1,r2,#45
 1298  00001ea0  10200024	beqz	r1,L78_LF2
 1299  00001ea4  54000000	nop; delay slot nop
 1300  00001ea8  2001ffff	addi	r1,r0,#-1
 1301  00001eac  afc1ffec	sw	-20(r30),r1
 1302  00001eb0  8fc20000	lw	r2,(r30)
 1303  00001eb4  20410001	addi	r1,r2,#1
 1304  00001eb8  00011020	add	r2,r0,r1
 1305  00001ebc  afc20000	sw	(r30),r2
 1306  00001ec0  0800000c	j	L79_LF2
 1307  00001ec4  54000000	nop; delay slot nop
 1308  00001ec8          	L78_LF2:
 1309  00001ec8  20010001	addi	r1,r0,#1
 1310  00001ecc  afc1ffec	sw	-20(r30),r1
 1311  00001ed0          	L79_LF2:
 1312  00001ed0  8fc10008	lw	r1,8(r30)
 1313  00001ed4  64220000	snei	r2,r1,#0
 1314  00001ed8  14400090	bnez	r2,L80_LF2
 1315  00001edc  54000000	nop; delay slot nop
 1316  00001ee0  8fc10000	lw	r1,(r30)
 1317  00001ee4  90220000	lbu	r2,(r1)
 1318  00001ee8  60410030	seqi	r1,r2,#48
 1319  00001eec  10200074	beqz	r1,L81_LF2
 1320  00001ef0  54000000	nop; delay slot nop
 1321  00001ef4  8fc20000	lw	r2,(r30)
 1322  00001ef8  20410001	addi	r1,r2,#1
 1323  00001efc  00011020	add	r2,r0,r1
 1324  00001f00  afc20000	sw	(r30),r2
 1325  00001f04  8fc10000	lw	r1,(r30)
 1326  00001f08  90220000	lbu	r2,(r1)
 1327  00001f0c  60410078	seqi	r1,r2,#120
 1328  00001f10  14200020	bnez	r1,L83_LF2
 1329  00001f14  54000000	nop; delay slot nop
 1330  00001f18  8fc10000	lw	r1,(r30)
 1331  00001f1c  90220000	lbu	r2,(r1)
 1332  00001f20  60410058	seqi	r1,r2,#88
 1333  00001f24  1420000c	bnez	r1,L83_LF2
 1334  00001f28  54000000	nop; delay slot nop
 1335  00001f2c  08000024	j	L82_LF2
 1336  00001f30  54000000	nop; delay slot nop
 1337  00001f34          	L83_LF2:
 1338  00001f34  20010010	addi	r1,r0,#16
 1339  00001f38  afc10008	sw	8(r30),r1
 1340  00001f3c  8fc20000	lw	r2,(r30)
 1341  00001f40  20410001	addi	r1,r2,#1
 1342  00001f44  00011020	add	r2,r0,r1
 1343  00001f48  afc20000	sw	(r30),r2
 1344  00001f4c  0800000c	j	L84_LF2
 1345  00001f50  54000000	nop; delay slot nop
 1346  00001f54          	L82_LF2:
 1347  00001f54  20010008	addi	r1,r0,#8
 1348  00001f58  afc10008	sw	8(r30),r1
 1349  00001f5c          	L84_LF2:
 1350  00001f5c  0800000c	j	L80_LF2
 1351  00001f60  54000000	nop; delay slot nop
 1352  00001f64          	L81_LF2:
 1353  00001f64  2001000a	addi	r1,r0,#10
 1354  00001f68  afc10008	sw	8(r30),r1
 1355  00001f6c          	L85_LF2:
 1356  00001f6c          	L80_LF2:
 1357  00001f6c  8fc10008	lw	r1,8(r30)
 1358  00001f70  70220000	slei	r2,r1,#0
 1359  00001f74  1440001c	bnez	r2,L87_LF2
 1360  00001f78  54000000	nop; delay slot nop
 1361  00001f7c  8fc10008	lw	r1,8(r30)
 1362  00001f80  6c220010	sgti	r2,r1,#16
 1363  00001f84  1440000c	bnez	r2,L87_LF2
 1364  00001f88  54000000	nop; delay slot nop
 1365  00001f8c  08000010	j	L86_LF2
 1366  00001f90  54000000	nop; delay slot nop
 1367  00001f94          	L87_LF2:
 1368  00001f94  8fc1fff4	lw	r1,-12(r30)
 1369  00001f98  08000188	j	L72_LF2
 1370  00001f9c  54000000	nop; delay slot nop
 1371  00001fa0          	L86_LF2:
 1372  00001fa0  54000000	nop
 1373  00001fa4          	L88_LF2:
 1374  00001fa4  8fc10000	lw	r1,(r30)
 1375  00001fa8  90220000	lbu	r2,(r1)
 1376  00001fac  6c41002f	sgtui	r1,r2,#47
 1377  00001fb0  10200030	beqz	r1,L91_LF2
 1378  00001fb4  54000000	nop; delay slot nop
 1379  00001fb8  8fc10000	lw	r1,(r30)
 1380  00001fbc  90220000	lbu	r2,(r1)
 1381  00001fc0  70410039	sleui	r1,r2,#57
 1382  00001fc4  1020001c	beqz	r1,L91_LF2
 1383  00001fc8  54000000	nop; delay slot nop
 1384  00001fcc  8fc10000	lw	r1,(r30)
 1385  00001fd0  90220000	lbu	r2,(r1)
 1386  00001fd4  2041ffd0	addi	r1,r2,#-48
 1387  00001fd8  afc1fff0	sw	-16(r30),r1
 1388  00001fdc  0800008c	j	L92_LF2
 1389  00001fe0  54000000	nop; delay slot nop
 1390  00001fe4          	L91_LF2:
 1391  00001fe4  8fc10000	lw	r1,(r30)
 1392  00001fe8  90220000	lbu	r2,(r1)
 1393  00001fec  6c410060	sgtui	r1,r2,#96
 1394  00001ff0  10200030	beqz	r1,L93_LF2
 1395  00001ff4  54000000	nop; delay slot nop
 1396  00001ff8  8fc10000	lw	r1,(r30)
 1397  00001ffc  90220000	lbu	r2,(r1)
 1398  00002000  7041007a	sleui	r1,r2,#122
 1399  00002004  1020001c	beqz	r1,L93_LF2
 1400  00002008  54000000	nop; delay slot nop
 1401  0000200c  8fc10000	lw	r1,(r30)
 1402  00002010  90220000	lbu	r2,(r1)
 1403  00002014  2041ffa9	addi	r1,r2,#-87
 1404  00002018  afc1fff0	sw	-16(r30),r1
 1405  0000201c  0800004c	j	L92_LF2
 1406  00002020  54000000	nop; delay slot nop
 1407  00002024          	L93_LF2:
 1408  00002024  8fc10000	lw	r1,(r30)
 1409  00002028  90220000	lbu	r2,(r1)
 1410  0000202c  6c410040	sgtui	r1,r2,#64
 1411  00002030  10200030	beqz	r1,L95_LF2
 1412  00002034  54000000	nop; delay slot nop
 1413  00002038  8fc10000	lw	r1,(r30)
 1414  0000203c  90220000	lbu	r2,(r1)
 1415  00002040  7041005a	sleui	r1,r2,#90
 1416  00002044  1020001c	beqz	r1,L95_LF2
 1417  00002048  54000000	nop; delay slot nop
 1418  0000204c  8fc10000	lw	r1,(r30)
 1419  00002050  90220000	lbu	r2,(r1)
 1420  00002054  2041ffc9	addi	r1,r2,#-55
 1421  00002058  afc1fff0	sw	-16(r30),r1
 1422  0000205c  0800000c	j	L92_LF2
 1423  00002060  54000000	nop; delay slot nop
 1424  00002064          	L95_LF2:
 1425  00002064  200103e8	addi	r1,r0,#1000
 1426  00002068  afc1fff0	sw	-16(r30),r1
 1427  0000206c          	L96_LF2:
 1428  0000206c          	L94_LF2:
 1429  0000206c          	L92_LF2:
 1430  0000206c  8fc1fff0	lw	r1,-16(r30)
 1431  00002070  8fc20008	lw	r2,8(r30)
 1432  00002074  0022082a	slt	r1,r1,r2
 1433  00002078  10200040	beqz	r1,L90_LF2
 1434  0000207c  54000000	nop; delay slot nop
 1435  00002080  8fc1fff4	lw	r1,-12(r30)
 1436  00002084  8fc20008	lw	r2,8(r30)
 1437  00002088  00200035	movi2fp	f0,r1
 1438  0000208c  00400835	movi2fp	f1,r2
 1439  00002090  0401000e	mult	f0,f0,f1
 1440  00002094  00000834	movfp2i	r1,f0
 1441  00002098  afc1fff4	sw	-12(r30),r1
 1442  0000209c  8fc1fff4	lw	r1,-12(r30)
 1443  000020a0  8fc2fff0	lw	r2,-16(r30)
 1444  000020a4  00220820	add	r1,r1,r2
 1445  000020a8  afc1fff4	sw	-12(r30),r1
 1446  000020ac  8fc20000	lw	r2,(r30)
 1447  000020b0  20410001	addi	r1,r2,#1
 1448  000020b4  00011020	add	r2,r0,r1
 1449  000020b8  afc20000	sw	(r30),r2
 1450  000020bc          	L97_LF2:
 1451  000020bc          	L90_LF2:
 1452  000020bc  8fc1fff0	lw	r1,-16(r30)
 1453  000020c0  8fc20008	lw	r2,8(r30)
 1454  000020c4  0022082a	slt	r1,r1,r2
 1455  000020c8  1420000c	bnez	r1,L98_LF2
 1456  000020cc  54000000	nop; delay slot nop
 1457  000020d0  0800000c	j	L89_LF2
 1458  000020d4  54000000	nop; delay slot nop
 1459  000020d8          	L98_LF2:
 1460  000020d8  0bfffec8	j	L88_LF2
 1461  000020dc  54000000	nop; delay slot nop
 1462  000020e0          	L89_LF2:
 1463  000020e0  8fc10004	lw	r1,4(r30)
 1464  000020e4  64220000	snei	r2,r1,#0
 1465  000020e8  10400010	beqz	r2,L99_LF2
 1466  000020ec  54000000	nop; delay slot nop
 1467  000020f0  8fc10004	lw	r1,4(r30)
 1468  000020f4  8fc20000	lw	r2,(r30)
 1469  000020f8  ac220000	sw	(r1),r2
 1470  000020fc          	L99_LF2:
 1471  000020fc  8fc1fff4	lw	r1,-12(r30)
 1472  00002100  8fc2ffec	lw	r2,-20(r30)
 1473  00002104  00200035	movi2fp	f0,r1
 1474  00002108  00400835	movi2fp	f1,r2
 1475  0000210c  0401000e	mult	f0,f0,f1
 1476  00002110  00000834	movfp2i	r1,f0
 1477  00002114  afc1fff4	sw	-12(r30),r1
 1478  00002118  8fc1fff4	lw	r1,-12(r30)
 1479  0000211c  08000004	j	L72_LF2
 1480  00002120  54000000	nop; delay slot nop
 1481  00002124          	L72_LF2:
 1482  00002124  8fa20000	lw	r2,0(r29)
 1483  00002128  8fdffff8	lw	r31,-8(r30)
 1484  0000212c  001ee820	add	r29,r0,r30
 1485  00002130  8fdefffc	lw	r30,-4(r30)
 1486  00002134  4be00000	jr	r31
 1487  00002138  54000000	nop
 1488  0000213c          	.endproc _dstrtol
 1489  0000213c          	.align 2
 1490  0000213c          	.proc _bcopy
 1491  0000213c          	.global _bcopy
 1492  0000213c          	_bcopy:
 1493                      ;  Function 'bcopy'; 0 bytes of locals, 2 regs to save.
 1494  0000213c  afbefffc	sw	-4(r29),r30; push fp
 1495  00002140  001df020	add	r30,r0,r29; fp = sp
 1496  00002144  afbffff8	sw	-8(r29),r31; push ret addr
 1497  00002148  2fbd0010	subui	r29,r29,#16; alloc local storage
 1498  0000214c  afa20000	sw	0(r29),r2
 1499  00002150  afa30004	sw	4(r29),r3
 1500  00002154  54000000	nop
 1501  00002158          	L101_LF2:
 1502  00002158  8fc10008	lw	r1,8(r30)
 1503  0000215c  2022ffff	addi	r2,r1,#-1
 1504  00002160  afc20008	sw	8(r30),r2
 1505  00002164  6c210000	sgti	r1,r1,#0
 1506  00002168  1420000c	bnez	r1,L103_LF2
 1507  0000216c  54000000	nop; delay slot nop
 1508  00002170  0800002c	j	L102_LF2
 1509  00002174  54000000	nop; delay slot nop
 1510  00002178          	L103_LF2:
 1511  00002178  8fc10004	lw	r1,4(r30)
 1512  0000217c  20220001	addi	r2,r1,#1
 1513  00002180  afc20004	sw	4(r30),r2
 1514  00002184  8fc20000	lw	r2,(r30)
 1515  00002188  20430001	addi	r3,r2,#1
 1516  0000218c  afc30000	sw	(r30),r3
 1517  00002190  80420000	lb	r2,(r2)
 1518  00002194  a0220000	sb	(r1),r2
 1519  00002198  0bffffbc	j	L101_LF2
 1520  0000219c  54000000	nop; delay slot nop
 1521  000021a0          	L102_LF2:
 1522  000021a0          	L100_LF2:
 1523  000021a0  8fa20000	lw	r2,0(r29)
 1524  000021a4  8fa30004	lw	r3,4(r29)
 1525  000021a8  8fdffff8	lw	r31,-8(r30)
 1526  000021ac  001ee820	add	r29,r0,r30
 1527  000021b0  8fdefffc	lw	r30,-4(r30)
 1528  000021b4  4be00000	jr	r31
 1529  000021b8  54000000	nop
 1530  000021bc          	.endproc _bcopy
 1531  000021bc          	.align 2
 1532  000021bc          	.proc _bzero
 1533  000021bc          	.global _bzero
 1534  000021bc          	_bzero:
 1535                      ;  Function 'bzero'; 0 bytes of locals, 1 regs to save.
 1536  000021bc  afbefffc	sw	-4(r29),r30; push fp
 1537  000021c0  001df020	add	r30,r0,r29; fp = sp
 1538  000021c4  afbffff8	sw	-8(r29),r31; push ret addr
 1539  000021c8  2fbd0010	subui	r29,r29,#16; alloc local storage
 1540  000021cc  afa20000	sw	0(r29),r2
 1541  000021d0  54000000	nop
 1542  000021d4          	L105_LF2:
 1543  000021d4  8fc10004	lw	r1,4(r30)
 1544  000021d8  2022ffff	addi	r2,r1,#-1
 1545  000021dc  afc20004	sw	4(r30),r2
 1546  000021e0  6c210000	sgti	r1,r1,#0
 1547  000021e4  1420000c	bnez	r1,L107_LF2
 1548  000021e8  54000000	nop; delay slot nop
 1549  000021ec  08000020	j	L106_LF2
 1550  000021f0  54000000	nop; delay slot nop
 1551  000021f4          	L107_LF2:
 1552  000021f4  8fc10000	lw	r1,(r30)
 1553  000021f8  20220001	addi	r2,r1,#1
 1554  000021fc  afc20000	sw	(r30),r2
 1555  00002200  20020000	addi	r2,r0,(#0x0)&0xff
 1556  00002204  a0220000	sb	(r1),r2
 1557  00002208  0bffffc8	j	L105_LF2
 1558  0000220c  54000000	nop; delay slot nop
 1559  00002210          	L106_LF2:
 1560  00002210          	L104_LF2:
 1561  00002210  8fa20000	lw	r2,0(r29)
 1562  00002214  8fdffff8	lw	r31,-8(r30)
 1563  00002218  001ee820	add	r29,r0,r30
 1564  0000221c  8fdefffc	lw	r30,-4(r30)
 1565  00002220  4be00000	jr	r31
 1566  00002224  54000000	nop
 1567  00002228          	.endproc _bzero
 1568  00002228          	.align 2
 1569  00002228          	.proc _min
 1570  00002228          	.global _min
 1571  00002228          	_min:
 1572                      ;  Function 'min'; 0 bytes of locals, 2 regs to save.
 1573  00002228  afbefffc	sw	-4(r29),r30; push fp
 1574  0000222c  001df020	add	r30,r0,r29; fp = sp
 1575  00002230  afbffff8	sw	-8(r29),r31; push ret addr
 1576  00002234  2fbd0010	subui	r29,r29,#16; alloc local storage
 1577  00002238  afa20000	sw	0(r29),r2
 1578  0000223c  afa30004	sw	4(r29),r3
 1579  00002240  8fc10000	lw	r1,(r30)
 1580  00002244  8fc20004	lw	r2,4(r30)
 1581  00002248  0022182c	sle	r3,r1,r2
 1582  0000224c  14600008	bnez	r3,L109_LF2
 1583  00002250  54000000	nop; delay slot nop
 1584  00002254  8fc10004	lw	r1,4(r30)
 1585  00002258          	L109_LF2:
 1586  00002258  08000004	j	L108_LF2
 1587  0000225c  54000000	nop; delay slot nop
 1588  00002260          	L108_LF2:
 1589  00002260  8fa20000	lw	r2,0(r29)
 1590  00002264  8fa30004	lw	r3,4(r29)
 1591  00002268  8fdffff8	lw	r31,-8(r30)
 1592  0000226c  001ee820	add	r29,r0,r30
 1593  00002270  8fdefffc	lw	r30,-4(r30)
 1594  00002274  4be00000	jr	r31
 1595  00002278  54000000	nop
 1596  0000227c          	.endproc _min
 1597                      ;;; Ethan L. Miller, 1999.  Released to the public domain
 1598                      ;;;
 1599                      ;;; Most of the traps are called in files from libtraps.
 1602  0000227c          	.align 2
 1603  0000227c          	.proc _exit
 1604  0000227c          	.global _exit
 1605  0000227c          	_exit:
 1606  0000227c  44000300	trap	#0x300
 1607  00002280  4be00000	jr	r31
 1608  00002284  54000000	nop
 1609  00002288          	.endproc _exit
 1611                      ; for the benefit of gcc.
 1612  00002288          	.proc ___main
 1613  00002288          	.global ___main
 1614  00002288          	___main:
 1615  00002288  4be00000	jr	r31
 1616  0000228c  54000000	nop
 1617  00002290          	.endproc ___main
 1618  00002290          	.text
 1619  00002290          	.global _etext
 1620  00002290          	_etext:
 1621  00002290          	.align 3
 1622  00002290          	.data
 1623  000031c6          	.global _edata
 1624  000031c6          	_edata:
