 line   address	contents
    1                      ; Linked by DLX-LD.
    2                      ; MemSize 24576
    3                      ; Data size: 406
    4                      ; Text size: 4720
    5                      ; Stack size: 8192
    6  00000000          	.text 0x1000
    7  00001000          	.data 0x3000
    8                      ; Compiled by GCC
    9  00003000          	.text
   10  00001000          	.align 2
   11  00001000          	.proc _isspace
   12  00001000          	.global _isspace
   13  00001000          	_isspace:
   14                      ;  Function 'isspace'; 0 bytes of locals, 1 regs to save.
   15  00001000  afbefffc	sw	-4(r29),r30; push fp
   16  00001004  001df020	add	r30,r0,r29; fp = sp
   17  00001008  afbffff8	sw	-8(r29),r31; push ret addr
   18  0000100c  2fbd0010	subui	r29,r29,#16; alloc local storage
   19  00001010  afa20000	sw	0(r29),r2
   20  00001014  83c20003	lb	r2,3(r30)
   21  00001018  201f0000	addi	r31,r0,#0
   22  0000101c  304100ff	andi	r1,r2,#0x00ff
   23  00001020  60210020	seqi	r1,r1,#32
   24  00001024  14200018	bnez	r1,L6_LF0
   25  00001028  54000000	nop; not filled.
   26  0000102c  2041fff7	addi	r1,r2,#-9
   27  00001030  302100ff	andi	r1,r1,#0x00ff
   28  00001034  70210001	sleui	r1,r1,#1
   29  00001038  10200008	beqz	r1,L5_LF0
   30  0000103c  54000000	nop; not filled.
   31  00001040          	L6_LF0:
   32  00001040  201f0001	addi	r31,r0,#1
   33  00001044          	L5_LF0:
   34  00001044  001f0820	add	r1,r0,r31
   35  00001048  8fa20000	lw	r2,0(r29)
   36  0000104c  8fdffff8	lw	r31,-8(r30)
   37  00001050  001ee820	add	r29,r0,r30
   38  00001054  8fdefffc	lw	r30,-4(r30)
   39  00001058  4be00000	jr	r31
   40  0000105c  54000000	nop
   41  00001060          	.endproc _isspace
   42  00001060          	.align 2
   43  00001060          	.proc _isxdigit
   44  00001060          	.global _isxdigit
   45  00001060          	_isxdigit:
   46                      ;  Function 'isxdigit'; 0 bytes of locals, 1 regs to save.
   47  00001060  afbefffc	sw	-4(r29),r30; push fp
   48  00001064  001df020	add	r30,r0,r29; fp = sp
   49  00001068  afbffff8	sw	-8(r29),r31; push ret addr
   50  0000106c  2fbd0010	subui	r29,r29,#16; alloc local storage
   51  00001070  afa20000	sw	0(r29),r2
   52  00001074  83df0003	lb	r31,3(r30)
   53  00001078  20020000	addi	r2,r0,#0
   54  0000107c  23e1ffd0	addi	r1,r31,#-48
   55  00001080  302100ff	andi	r1,r1,#0x00ff
   56  00001084  70210009	sleui	r1,r1,#9
   57  00001088  14200028	bnez	r1,L12_LF0
   58  0000108c  54000000	nop; not filled.
   59  00001090  23e1ff9f	addi	r1,r31,#-97
   60  00001094  302100ff	andi	r1,r1,#0x00ff
   61  00001098  70210005	sleui	r1,r1,#5
   62  0000109c  14200014	bnez	r1,L12_LF0
   63  000010a0  54000000	nop; not filled.
   64  000010a4  33e100ff	andi	r1,r31,#0x00ff
   65  000010a8  64210041	snei	r1,r1,#65
   66  000010ac  14200008	bnez	r1,L11_LF0
   67  000010b0  54000000	nop; not filled.
   68  000010b4          	L12_LF0:
   69  000010b4  20020001	addi	r2,r0,#1
   70  000010b8          	L11_LF0:
   71  000010b8  00020820	add	r1,r0,r2
   72  000010bc  8fa20000	lw	r2,0(r29)
   73  000010c0  8fdffff8	lw	r31,-8(r30)
   74  000010c4  001ee820	add	r29,r0,r30
   75  000010c8  8fdefffc	lw	r30,-4(r30)
   76  000010cc  4be00000	jr	r31
   77  000010d0  54000000	nop
   78  000010d4          	.endproc _isxdigit
   79  000010d4          	.data
   80  00003000          	.align 2
   81  00003000          	LC0_LF0:
   82  00003000  55736167	.ascii "Usage: \000"
   82  00003004  653a2000	
   83  00003008          	.align 2
   84  00003008          	LC1_LF0:
   85  00003008  203c6e75	.ascii " <number of processes to create>\n\000"
   85  0000300c  6d626572	
   85  00003010  206f6620	
   85  00003014  70726f63	
   85  00003018  65737365	
   85  0000301c  7320746f	
   85  00003020  20637265	
   85  00003024  6174653e	
   85  00003028  0a00    	
   86  0000302a          	.align 2
   87  0000302c          	LC2_LF0:
   88  0000302c  43726561	.ascii "Creating %d processes\n\000"
   88  00003030  74696e67	
   88  00003034  20256420	
   88  00003038  70726f63	
   88  0000303c  65737365	
   88  00003040  730a00  	
   89  00003043          	.align 2
   90  00003044          	LC3_LF0:
   91  00003044  4552524f	.ascii "ERROR: could not allocate shared memory page in \000"
   91  00003048  523a2063	
   91  0000304c  6f756c64	
   91  00003050  206e6f74	
   91  00003054  20616c6c	
   91  00003058  6f636174	
   91  0000305c  65207368	
   91  00003060  61726564	
   91  00003064  206d656d	
   91  00003068  6f727920	
   91  0000306c  70616765	
   91  00003070  20696e20	
   91  00003074  00      	
   92  00003075          	.align 2
   93  00003078          	LC4_LF0:
   94  00003078  2c206578	.ascii ", exiting...\n\000"
   94  0000307c  6974696e	
   94  00003080  672e2e2e	
   94  00003084  0a00    	
   95  00003086          	.align 2
   96  00003088          	LC5_LF0:
   97  00003088  436f756c	.ascii "Could not map the shared page to virtual address in \000"
   97  0000308c  64206e6f	
   97  00003090  74206d61	
   97  00003094  70207468	
   97  00003098  65207368	
   97  0000309c  61726564	
   97  000030a0  20706167	
   97  000030a4  6520746f	
   97  000030a8  20766972	
   97  000030ac  7475616c	
   97  000030b0  20616464	
   97  000030b4  72657373	
   97  000030b8  20696e20	
   97  000030bc  00      	
   98  000030bd          	.align 2
   99  000030c0          	LC6_LF0:
  100  000030c0  2c206578	.ascii ", exiting..\n\000"
  100  000030c4  6974696e	
  100  000030c8  672e2e0a	
  100  000030cc  00      	
  101  000030cd          	.align 2
  102  000030d0          	LC7_LF0:
  103  000030d0  42616420	.ascii "Bad sem_create in \000"
  103  000030d4  73656d5f	
  103  000030d8  63726561	
  103  000030dc  74652069	
  103  000030e0  6e2000  	
  104  000030e3          	.align 2
  105  000030e4          	LC8_LF0:
  106  000030e4  0a00    	.ascii "\n\000"
  107  000030e6          	.align 2
  108  000030e8          	LC9_LF0:
  109  000030e8  685f6d65	.ascii "h_mem_str : %s semaphore_str : %s\000"
  109  000030ec  6d5f7374	
  109  000030f0  72203a20	
  109  000030f4  25732073	
  109  000030f8  656d6170	
  109  000030fc  686f7265	
  109  00003100  5f737472	
  109  00003104  203a2025	
  109  00003108  7300    	
  110  0000310a          	.align 2
  111  0000310c          	LC10_LF0:
  112  0000310c  73706177	.ascii "spawn_me.dlx.obj\000"
  112  00003110  6e5f6d65	
  112  00003114  2e646c78	
  112  00003118  2e6f626a	
  112  0000311c  00      	
  113  0000311d          	.align 2
  114  00003120          	LC11_LF0:
  115  00003120  50726f63	.ascii "Process %d created\n\000"
  115  00003124  65737320	
  115  00003128  25642063	
  115  0000312c  72656174	
  115  00003130  65640a00	
  116  00003134          	.align 2
  117  00003134          	LC12_LF0:
  118  00003134  42616420	.ascii "Bad semaphore s_procs_completed (%d) in \000"
  118  00003138  73656d61	
  118  0000313c  70686f72	
  118  00003140  6520735f	
  118  00003144  70726f63	
  118  00003148  735f636f	
  118  0000314c  6d706c65	
  118  00003150  74656420	
  118  00003154  28256429	
  118  00003158  20696e20	
  118  0000315c  00      	
  119  0000315d          	.align 2
  120  00003160          	LC13_LF0:
  121  00003160  416c6c20	.ascii "All other processes completed, exiting main process.\n\000"
  121  00003164  6f746865	
  121  00003168  72207072	
  121  0000316c  6f636573	
  121  00003170  73657320	
  121  00003174  636f6d70	
  121  00003178  6c657465	
  121  0000317c  642c2065	
  121  00003180  78697469	
  121  00003184  6e67206d	
  121  00003188  61696e20	
  121  0000318c  70726f63	
  121  00003190  6573732e	
  121  00003194  0a00    	
  122  00003196          	.text
  123  000010d4          	.align 2
  124  000010d4          	.proc _main
  125  000010d4          	.global _main
  126  000010d4          	_main:
  127                      ;  Function 'main'; 32 bytes of locals, 0 regs to save.
  128  000010d4  afbefffc	sw	-4(r29),r30; push fp
  129  000010d8  001df020	add	r30,r0,r29; fp = sp
  130  000010dc  afbffff8	sw	-8(r29),r31; push ret addr
  131  000010e0  2fbd0028	subui	r29,r29,#40; alloc local storage
  132  000010e4  8fc20000	lw	r2,(r30)
  133  000010e8  8fc70004	lw	r7,4(r30)
  134  000010ec  0c001178	jal	___main
  135  000010f0  54000000	nop; not filled.
  136  000010f4  64410002	snei	r1,r2,#2
  137  000010f8  1020004c	beqz	r1,L14_LF0
  138  000010fc  54000000	nop; not filled.
  139  00001100  23bdfff8	addi	r29,r29,#-8
  140  00001104  3c080000	lhi	r8,((LC0_LF0)>>16)&0xffff
  141  00001108  25083000	addui	r8,r8,(LC0_LF0)&0xffff
  142  0000110c  afa80000	sw	(r29),r8
  143  00001110  0c00034c	jal	_Printf
  144  00001114  54000000	nop; not filled.
  145  00001118  8ce80000	lw	r8,(r7)
  146  0000111c  afa80000	sw	(r29),r8
  147  00001120  0c00033c	jal	_Printf
  148  00001124  54000000	nop; not filled.
  149  00001128  3c080000	lhi	r8,((LC1_LF0)>>16)&0xffff
  150  0000112c  25083008	addui	r8,r8,(LC1_LF0)&0xffff
  151  00001130  afa80000	sw	(r29),r8
  152  00001134  0c000328	jal	_Printf
  153  00001138  54000000	nop; not filled.
  154  0000113c  0c0003d4	jal	_Exit
  155  00001140  54000000	nop; not filled.
  156  00001144  23bd0008	addi	r29,r29,#8
  157  00001148          	L14_LF0:
  158  00001148  23bdfff0	addi	r29,r29,#-16
  159  0000114c  8ce80004	lw	r8,4(r7)
  160  00001150  afa80000	sw	(r29),r8
  161  00001154  20080000	addi	r8,r0,#0
  162  00001158  afa80004	sw	4(r29),r8
  163  0000115c  2008000a	addi	r8,r0,#10
  164  00001160  afa80008	sw	8(r29),r8
  165  00001164  0c000c58	jal	_dstrtol
  166  00001168  54000000	nop; not filled.
  167  0000116c  00013020	add	r6,r0,r1
  168  00001170  3c080000	lhi	r8,((LC2_LF0)>>16)&0xffff
  169  00001174  2508302c	addui	r8,r8,(LC2_LF0)&0xffff
  170  00001178  afa80000	sw	(r29),r8
  171  0000117c  afa60004	sw	4(r29),r6
  172  00001180  0c0002dc	jal	_Printf
  173  00001184  54000000	nop; not filled.
  174  00001188  0c0002f8	jal	_shmget
  175  0000118c  54000000	nop; not filled.
  176  00001190  00011820	add	r3,r0,r1
  177  00001194  23bd0010	addi	r29,r29,#16
  178  00001198  64610000	snei	r1,r3,#0
  179  0000119c  1420004c	bnez	r1,L15_LF0
  180  000011a0  54000000	nop; not filled.
  181  000011a4  23bdfff8	addi	r29,r29,#-8
  182  000011a8  3c080000	lhi	r8,((LC3_LF0)>>16)&0xffff
  183  000011ac  25083044	addui	r8,r8,(LC3_LF0)&0xffff
  184  000011b0  afa80000	sw	(r29),r8
  185  000011b4  0c0002a8	jal	_Printf
  186  000011b8  54000000	nop; not filled.
  187  000011bc  8ce80000	lw	r8,(r7)
  188  000011c0  afa80000	sw	(r29),r8
  189  000011c4  0c000298	jal	_Printf
  190  000011c8  54000000	nop; not filled.
  191  000011cc  3c080000	lhi	r8,((LC4_LF0)>>16)&0xffff
  192  000011d0  25083078	addui	r8,r8,(LC4_LF0)&0xffff
  193  000011d4  afa80000	sw	(r29),r8
  194  000011d8  0c000284	jal	_Printf
  195  000011dc  54000000	nop; not filled.
  196  000011e0  0c000330	jal	_Exit
  197  000011e4  54000000	nop; not filled.
  198  000011e8  23bd0008	addi	r29,r29,#8
  199  000011ec          	L15_LF0:
  200  000011ec  23bdfff8	addi	r29,r29,#-8
  201  000011f0  afa30000	sw	(r29),r3
  202  000011f4  0c000298	jal	_shmat
  203  000011f8  54000000	nop; not filled.
  204  000011fc  00011020	add	r2,r0,r1
  205  00001200  23bd0008	addi	r29,r29,#8
  206  00001204  64410000	snei	r1,r2,#0
  207  00001208  1420004c	bnez	r1,L16_LF0
  208  0000120c  54000000	nop; not filled.
  209  00001210  23bdfff8	addi	r29,r29,#-8
  210  00001214  3c080000	lhi	r8,((LC5_LF0)>>16)&0xffff
  211  00001218  25083088	addui	r8,r8,(LC5_LF0)&0xffff
  212  0000121c  afa80000	sw	(r29),r8
  213  00001220  0c00023c	jal	_Printf
  214  00001224  54000000	nop; not filled.
  215  00001228  8ce80000	lw	r8,(r7)
  216  0000122c  afa80000	sw	(r29),r8
  217  00001230  0c00022c	jal	_Printf
  218  00001234  54000000	nop; not filled.
  219  00001238  3c080000	lhi	r8,((LC6_LF0)>>16)&0xffff
  220  0000123c  250830c0	addui	r8,r8,(LC6_LF0)&0xffff
  221  00001240  afa80000	sw	(r29),r8
  222  00001244  0c000218	jal	_Printf
  223  00001248  54000000	nop; not filled.
  224  0000124c  0c0002c4	jal	_Exit
  225  00001250  54000000	nop; not filled.
  226  00001254  23bd0008	addi	r29,r29,#8
  227  00001258          	L16_LF0:
  228  00001258  ac460000	sw	(r2),r6
  229  0000125c  20080041	addi	r8,r0,(#0x41)&0xff
  230  00001260  a0480004	sb	4(r2),r8
  231  00001264  23bdfff8	addi	r29,r29,#-8
  232  00001268  20010001	addi	r1,r0,#1
  233  0000126c  00260822	sub	r1,r1,r6
  234  00001270  afa10000	sw	(r29),r1
  235  00001274  0c000224	jal	_sem_create
  236  00001278  54000000	nop; not filled.
  237  0000127c  00012820	add	r5,r0,r1
  238  00001280  23bd0008	addi	r29,r29,#8
  239  00001284  60a1ffff	seqi	r1,r5,#-1
  240  00001288  1020004c	beqz	r1,L17_LF0
  241  0000128c  54000000	nop; not filled.
  242  00001290  23bdfff8	addi	r29,r29,#-8
  243  00001294  3c080000	lhi	r8,((LC7_LF0)>>16)&0xffff
  244  00001298  250830d0	addui	r8,r8,(LC7_LF0)&0xffff
  245  0000129c  afa80000	sw	(r29),r8
  246  000012a0  0c0001bc	jal	_Printf
  247  000012a4  54000000	nop; not filled.
  248  000012a8  8ce80000	lw	r8,(r7)
  249  000012ac  afa80000	sw	(r29),r8
  250  000012b0  0c0001ac	jal	_Printf
  251  000012b4  54000000	nop; not filled.
  252  000012b8  3c080000	lhi	r8,((LC8_LF0)>>16)&0xffff
  253  000012bc  250830e4	addui	r8,r8,(LC8_LF0)&0xffff
  254  000012c0  afa80000	sw	(r29),r8
  255  000012c4  0c000198	jal	_Printf
  256  000012c8  54000000	nop; not filled.
  257  000012cc  0c000244	jal	_Exit
  258  000012d0  54000000	nop; not filled.
  259  000012d4  23bd0008	addi	r29,r29,#8
  260  000012d8          	L17_LF0:
  261  000012d8  23bdfff8	addi	r29,r29,#-8
  262  000012dc  afa30000	sw	(r29),r3
  263  000012e0  23c4ffe8	addi	r4,r30,#-24
  264  000012e4  afa40004	sw	4(r29),r4
  265  000012e8  0c000948	jal	_ditoa
  266  000012ec  54000000	nop; not filled.
  267  000012f0  afa50000	sw	(r29),r5
  268  000012f4  23c3ffd8	addi	r3,r30,#-40
  269  000012f8  afa30004	sw	4(r29),r3
  270  000012fc  0c000934	jal	_ditoa
  271  00001300  54000000	nop; not filled.
  272  00001304  20020000	addi	r2,r0,#0
  273  00001308  23bd0008	addi	r29,r29,#8
  274  0000130c  0046082a	slt	r1,r2,r6
  275  00001310  10200074	beqz	r1,L19_LF0
  276  00001314  54000000	nop; not filled.
  277  00001318          	L21_LF0:
  278  00001318  23bdfff0	addi	r29,r29,#-16
  279  0000131c  3c080000	lhi	r8,((LC9_LF0)>>16)&0xffff
  280  00001320  250830e8	addui	r8,r8,(LC9_LF0)&0xffff
  281  00001324  afa80000	sw	(r29),r8
  282  00001328  afa40004	sw	4(r29),r4
  283  0000132c  afa30008	sw	8(r29),r3
  284  00001330  0c00012c	jal	_Printf
  285  00001334  54000000	nop; not filled.
  286  00001338  3c080000	lhi	r8,((LC10_LF0)>>16)&0xffff
  287  0000133c  2508310c	addui	r8,r8,(LC10_LF0)&0xffff
  288  00001340  afa80000	sw	(r29),r8
  289  00001344  afa40004	sw	4(r29),r4
  290  00001348  afa30008	sw	8(r29),r3
  291  0000134c  20080000	addi	r8,r0,#0
  292  00001350  afa8000c	sw	12(r29),r8
  293  00001354  0c000120	jal	_process_create
  294  00001358  54000000	nop; not filled.
  295  0000135c  3c080000	lhi	r8,((LC11_LF0)>>16)&0xffff
  296  00001360  25083120	addui	r8,r8,(LC11_LF0)&0xffff
  297  00001364  afa80000	sw	(r29),r8
  298  00001368  afa20004	sw	4(r29),r2
  299  0000136c  0c0000f0	jal	_Printf
  300  00001370  54000000	nop; not filled.
  301  00001374  23bd0010	addi	r29,r29,#16
  302  00001378  20420001	addi	r2,r2,#1
  303  0000137c  0046082a	slt	r1,r2,r6
  304  00001380  1420ff94	bnez	r1,L21_LF0
  305  00001384  54000000	nop; not filled.
  306  00001388          	L19_LF0:
  307  00001388  23bdfff8	addi	r29,r29,#-8
  308  0000138c  afa50000	sw	(r29),r5
  309  00001390  0c000114	jal	_sem_wait
  310  00001394  54000000	nop; not filled.
  311  00001398  23bd0008	addi	r29,r29,#8
  312  0000139c  64210001	snei	r1,r1,#1
  313  000013a0  10200050	beqz	r1,L23_LF0
  314  000013a4  54000000	nop; not filled.
  315  000013a8  23bdfff8	addi	r29,r29,#-8
  316  000013ac  3c080000	lhi	r8,((LC12_LF0)>>16)&0xffff
  317  000013b0  25083134	addui	r8,r8,(LC12_LF0)&0xffff
  318  000013b4  afa80000	sw	(r29),r8
  319  000013b8  afa50004	sw	4(r29),r5
  320  000013bc  0c0000a0	jal	_Printf
  321  000013c0  54000000	nop; not filled.
  322  000013c4  8ce70000	lw	r7,(r7)
  323  000013c8  afa70000	sw	(r29),r7
  324  000013cc  0c000090	jal	_Printf
  325  000013d0  54000000	nop; not filled.
  326  000013d4  3c080000	lhi	r8,((LC8_LF0)>>16)&0xffff
  327  000013d8  250830e4	addui	r8,r8,(LC8_LF0)&0xffff
  328  000013dc  afa80000	sw	(r29),r8
  329  000013e0  0c00007c	jal	_Printf
  330  000013e4  54000000	nop; not filled.
  331  000013e8  0c000128	jal	_Exit
  332  000013ec  54000000	nop; not filled.
  333  000013f0  23bd0008	addi	r29,r29,#8
  334  000013f4          	L23_LF0:
  335  000013f4  23bdfff8	addi	r29,r29,#-8
  336  000013f8  3c080000	lhi	r8,((LC13_LF0)>>16)&0xffff
  337  000013fc  25083160	addui	r8,r8,(LC13_LF0)&0xffff
  338  00001400  afa80000	sw	(r29),r8
  339  00001404  0c000058	jal	_Printf
  340  00001408  54000000	nop; not filled.
  341  0000140c  23bd0008	addi	r29,r29,#8
  342  00001410  0c000e48	jal	_exit
  343  00001414  54000000	nop
  344  00001418          	.endproc _main
  345                      ;;;
  346                      ;;; Stub functions for DLX traps.
  347                      ;;;
  348                      ;;; Ethan L. Miller, 1999.  Released to the public domain.
  349                      ;;;
  350                      ;;; The traps such as Open and Close
  351                      ;;; (note the capital letters) are for use by user programs.  The traps
  352                      ;;; with names such as open and close (lower case) are for use by the OS.
  353                      ;;;
  356  00001418          	.align 2
  358                      ;;; The following are the traps to be used by user-level programs
  359                      ;;;
  361  00001418          	.align 2
  362  00001418          	.proc _Open
  363  00001418          	.global _Open
  364  00001418          	_Open:
  365                      ;;; Note that trap #0x213 actually causes a trap vector in the OS of
  366                      ;;; 0x1213.  The same is true for other user traps.  Thus, a user trap
  367                      ;;; with trap #0x240 will result in a trap vector of 0x1240 in the OS.
  368  00001418  44000213	trap	#0x213
  369  0000141c  4be00000	jr	r31
  370  00001420  54000000	nop
  371  00001424          	.endproc _Open
  373  00001424          	.proc _Close
  374  00001424          	.global _Close
  375  00001424          	_Close:
  376  00001424  44000214	trap	#0x214
  377  00001428  4be00000	jr	r31
  378  0000142c  54000000	nop
  379  00001430          	.endproc _Close
  381  00001430          	.proc _Read
  382  00001430          	.global _Read
  383  00001430          	_Read:
  384  00001430  44000210	trap	#0x210
  385  00001434  4be00000	jr	r31
  386  00001438  54000000	nop
  387  0000143c          	.endproc _Read
  389  0000143c          	.proc _Write
  390  0000143c          	.global _Write
  391  0000143c          	_Write:
  392  0000143c  44000211	trap	#0x211
  393  00001440  4be00000	jr	r31
  394  00001444  54000000	nop
  395  00001448          	.endproc _Write
  397  00001448          	.proc _Lseek
  398  00001448          	.global _Lseek
  399  00001448          	_Lseek:
  400  00001448  44000212	trap	#0x212
  401  0000144c  4be00000	jr	r31
  402  00001450  54000000	nop
  403  00001454          	.endproc _Lseek
  405  00001454          	.proc _Putchar
  406  00001454          	.global _Putchar
  407  00001454          	_Putchar:
  408  00001454  44000280	trap	#0x280
  409  00001458  4be00000	jr	r31
  410  0000145c  54000000	nop
  411  00001460          	.endproc _Putchar
  413  00001460          	.proc _Printf
  414  00001460          	.global _Printf
  415  00001460          	_Printf:
  416  00001460  44000201	trap	#0x201
  417  00001464  4be00000	jr	r31
  418  00001468  54000000	nop
  419  0000146c          	.endproc _Printf
  421  0000146c          	.proc _getpid
  422  0000146c          	.global _getpid
  423  0000146c          	_getpid:
  424  0000146c  44000431	trap	#0x431
  425  00001470  4be00000	jr	r31
  426  00001474  54000000	nop
  427  00001478          	.endproc _getpid
  429  00001478          	.proc _process_create
  430  00001478          	.global _process_create
  431  00001478          	_process_create:
  432  00001478  44000432	trap	#0x432
  433  0000147c  4be00000	jr	r31
  434  00001480  54000000	nop
  435  00001484          	.endproc _process_create
  437  00001484          	.proc _shmget
  438  00001484          	.global _shmget
  439  00001484          	_shmget:
  440  00001484  44000440	trap	#0x440
  441  00001488  4be00000	jr	r31
  442  0000148c  54000000	nop
  443  00001490          	.endproc _shmget
  445  00001490          	.proc _shmat
  446  00001490          	.global _shmat
  447  00001490          	_shmat:
  448  00001490  44000441	trap	#0x441
  449  00001494  4be00000	jr	r31
  450  00001498  54000000	nop
  451  0000149c          	.endproc _shmat
  453  0000149c          	.proc _sem_create
  454  0000149c          	.global _sem_create
  455  0000149c          	_sem_create:
  456  0000149c  44000450	trap	#0x450
  457  000014a0  4be00000	jr	r31
  458  000014a4  54000000	nop
  459  000014a8          	.endproc _sem_create
  461  000014a8          	.proc _sem_wait
  462  000014a8          	.global _sem_wait
  463  000014a8          	_sem_wait:
  464  000014a8  44000451	trap	#0x451
  465  000014ac  4be00000	jr	r31
  466  000014b0  54000000	nop
  467  000014b4          	.endproc _sem_wait
  469  000014b4          	.proc _sem_signal
  470  000014b4          	.global _sem_signal
  471  000014b4          	_sem_signal:
  472  000014b4  44000452	trap	#0x452
  473  000014b8  4be00000	jr	r31
  474  000014bc  54000000	nop
  475  000014c0          	.endproc _sem_signal
  477  000014c0          	.proc _lock_create
  478  000014c0          	.global _lock_create
  479  000014c0          	_lock_create:
  480  000014c0  44000453	trap	#0x453
  481  000014c4  4be00000	jr	r31
  482  000014c8  54000000	nop
  483  000014cc          	.endproc _lock_create
  485  000014cc          	.proc _lock_acquire
  486  000014cc          	.global _lock_acquire
  487  000014cc          	_lock_acquire:
  488  000014cc  44000454	trap	#0x454
  489  000014d0  4be00000	jr	r31
  490  000014d4  54000000	nop
  491  000014d8          	.endproc _lock_acquire
  493  000014d8          	.proc _lock_release
  494  000014d8          	.global _lock_release
  495  000014d8          	_lock_release:
  496  000014d8  44000455	trap	#0x455
  497  000014dc  4be00000	jr	r31
  498  000014e0  54000000	nop
  499  000014e4          	.endproc _lock_release
  501  000014e4          	.proc _cond_create
  502  000014e4          	.global _cond_create
  503  000014e4          	_cond_create:
  504  000014e4  44000456	trap	#0x456
  505  000014e8  4be00000	jr	r31
  506  000014ec  54000000	nop
  507  000014f0          	.endproc _cond_create
  509  000014f0          	.proc _cond_wait
  510  000014f0          	.global _cond_wait
  511  000014f0          	_cond_wait:
  512  000014f0  44000457	trap	#0x457
  513  000014f4  4be00000	jr	r31
  514  000014f8  54000000	nop
  515  000014fc          	.endproc _cond_wait
  517  000014fc          	.proc _cond_signal
  518  000014fc          	.global _cond_signal
  519  000014fc          	_cond_signal:
  520  000014fc  44000458	trap	#0x458
  521  00001500  4be00000	jr	r31
  522  00001504  54000000	nop
  523  00001508          	.endproc _cond_signal
  525  00001508          	.proc _cond_broadcast
  526  00001508          	.global _cond_broadcast
  527  00001508          	_cond_broadcast:
  528  00001508  44000459	trap	#0x459
  529  0000150c  4be00000	jr	r31
  530  00001510  54000000	nop
  531  00001514          	.endproc _cond_broadcast
  533  00001514          	.proc _Exit
  534  00001514          	.global _Exit
  535  00001514          	_Exit:
  536  00001514  44000500	trap	#0x500
  537  00001518  4be00000	jr	r31
  538  0000151c  54000000	nop
  539  00001520          	.endproc _Exit
  540                      ; Compiled by GCC
  542  00001520          	.align 2
  543  00001520          	.proc _isspace
  544  00001520          	.global _isspace
  545  00001520          	_isspace:
  546                      ;  Function 'isspace'; 0 bytes of locals, 3 regs to save.
  547  00001520  afbefffc	sw	-4(r29),r30; push fp
  548  00001524  001df020	add	r30,r0,r29; fp = sp
  549  00001528  afbffff8	sw	-8(r29),r31; push ret addr
  550  0000152c  2fbd0018	subui	r29,r29,#24; alloc local storage
  551  00001530  afa20000	sw	0(r29),r2
  552  00001534  afa30004	sw	4(r29),r3
  553  00001538  afa40008	sw	8(r29),r4
  554  0000153c  83c20003	lb	r2,3(r30)
  555  00001540  20010000	addi	r1,r0,#0
  556  00001544  304300ff	andi	r3,r2,#0x00ff
  557  00001548  60640020	seqi	r4,r3,#32
  558  0000154c  1480002c	bnez	r4,L3_LF2
  559  00001550  54000000	nop; delay slot nop
  560  00001554  304300ff	andi	r3,r2,#0x00ff
  561  00001558  60640009	seqi	r4,r3,#9
  562  0000155c  1480001c	bnez	r4,L3_LF2
  563  00001560  54000000	nop; delay slot nop
  564  00001564  304300ff	andi	r3,r2,#0x00ff
  565  00001568  6064000a	seqi	r4,r3,#10
  566  0000156c  1480000c	bnez	r4,L3_LF2
  567  00001570  54000000	nop; delay slot nop
  568  00001574  08000008	j	L2_LF2
  569  00001578  54000000	nop; delay slot nop
  570  0000157c          	L3_LF2:
  571  0000157c  20010001	addi	r1,r0,#1
  572  00001580          	L2_LF2:
  573  00001580  08000004	j	L1_LF2
  574  00001584  54000000	nop; delay slot nop
  575  00001588          	L1_LF2:
  576  00001588  8fa20000	lw	r2,0(r29)
  577  0000158c  8fa30004	lw	r3,4(r29)
  578  00001590  8fa40008	lw	r4,8(r29)
  579  00001594  8fdffff8	lw	r31,-8(r30)
  580  00001598  001ee820	add	r29,r0,r30
  581  0000159c  8fdefffc	lw	r30,-4(r30)
  582  000015a0  4be00000	jr	r31
  583  000015a4  54000000	nop
  584  000015a8          	.endproc _isspace
  585  000015a8          	.align 2
  586  000015a8          	.proc _isxdigit
  587  000015a8          	.global _isxdigit
  588  000015a8          	_isxdigit:
  589                      ;  Function 'isxdigit'; 0 bytes of locals, 3 regs to save.
  590  000015a8  afbefffc	sw	-4(r29),r30; push fp
  591  000015ac  001df020	add	r30,r0,r29; fp = sp
  592  000015b0  afbffff8	sw	-8(r29),r31; push ret addr
  593  000015b4  2fbd0018	subui	r29,r29,#24; alloc local storage
  594  000015b8  afa20000	sw	0(r29),r2
  595  000015bc  afa30004	sw	4(r29),r3
  596  000015c0  afa40008	sw	8(r29),r4
  597  000015c4  83c20003	lb	r2,3(r30)
  598  000015c8  20010000	addi	r1,r0,#0
  599  000015cc  304300ff	andi	r3,r2,#0x00ff
  600  000015d0  6c64002f	sgtui	r4,r3,#47
  601  000015d4  1080001c	beqz	r4,L7_LF2
  602  000015d8  54000000	nop; delay slot nop
  603  000015dc  304300ff	andi	r3,r2,#0x00ff
  604  000015e0  70640039	sleui	r4,r3,#57
  605  000015e4  1480005c	bnez	r4,L6_LF2
  606  000015e8  54000000	nop; delay slot nop
  607  000015ec  08000004	j	L7_LF2
  608  000015f0  54000000	nop; delay slot nop
  609  000015f4          	L7_LF2:
  610  000015f4  304300ff	andi	r3,r2,#0x00ff
  611  000015f8  6c640060	sgtui	r4,r3,#96
  612  000015fc  1080001c	beqz	r4,L8_LF2
  613  00001600  54000000	nop; delay slot nop
  614  00001604  304300ff	andi	r3,r2,#0x00ff
  615  00001608  70640066	sleui	r4,r3,#102
  616  0000160c  14800034	bnez	r4,L6_LF2
  617  00001610  54000000	nop; delay slot nop
  618  00001614  08000004	j	L8_LF2
  619  00001618  54000000	nop; delay slot nop
  620  0000161c          	L8_LF2:
  621  0000161c  304300ff	andi	r3,r2,#0x00ff
  622  00001620  6c640040	sgtui	r4,r3,#64
  623  00001624  10800020	beqz	r4,L5_LF2
  624  00001628  54000000	nop; delay slot nop
  625  0000162c  304300ff	andi	r3,r2,#0x00ff
  626  00001630  70640041	sleui	r4,r3,#65
  627  00001634  1480000c	bnez	r4,L6_LF2
  628  00001638  54000000	nop; delay slot nop
  629  0000163c  08000008	j	L5_LF2
  630  00001640  54000000	nop; delay slot nop
  631  00001644          	L6_LF2:
  632  00001644  20010001	addi	r1,r0,#1
  633  00001648          	L5_LF2:
  634  00001648  08000004	j	L4_LF2
  635  0000164c  54000000	nop; delay slot nop
  636  00001650          	L4_LF2:
  637  00001650  8fa20000	lw	r2,0(r29)
  638  00001654  8fa30004	lw	r3,4(r29)
  639  00001658  8fa40008	lw	r4,8(r29)
  640  0000165c  8fdffff8	lw	r31,-8(r30)
  641  00001660  001ee820	add	r29,r0,r30
  642  00001664  8fdefffc	lw	r30,-4(r30)
  643  00001668  4be00000	jr	r31
  644  0000166c  54000000	nop
  645  00001670          	.endproc _isxdigit
  646  00001670          	.align 2
  647  00001670          	.proc _dstrcpy
  648  00001670          	.global _dstrcpy
  649  00001670          	_dstrcpy:
  650                      ;  Function 'dstrcpy'; 8 bytes of locals, 2 regs to save.
  651  00001670  afbefffc	sw	-4(r29),r30; push fp
  652  00001674  001df020	add	r30,r0,r29; fp = sp
  653  00001678  afbffff8	sw	-8(r29),r31; push ret addr
  654  0000167c  2fbd0018	subui	r29,r29,#24; alloc local storage
  655  00001680  afa20000	sw	0(r29),r2
  656  00001684  afa30004	sw	4(r29),r3
  657  00001688  8fc10000	lw	r1,(r30)
  658  0000168c  afc1fff4	sw	-12(r30),r1
  659  00001690          	L10_LF2:
  660  00001690  8fc10000	lw	r1,(r30)
  661  00001694  20220001	addi	r2,r1,#1
  662  00001698  afc20000	sw	(r30),r2
  663  0000169c  8fc20004	lw	r2,4(r30)
  664  000016a0  20430001	addi	r3,r2,#1
  665  000016a4  afc30004	sw	4(r30),r3
  666  000016a8  80420000	lb	r2,(r2)
  667  000016ac  a0220000	sb	(r1),r2
  668  000016b0  a3c2fff3	sb	-13(r30),r2
  669  000016b4          	L12_LF2:
  670  000016b4  93c1fff3	lbu	r1,-13(r30)
  671  000016b8  64220000	snei	r2,r1,#0
  672  000016bc  1440000c	bnez	r2,L13_LF2
  673  000016c0  54000000	nop; delay slot nop
  674  000016c4  0800000c	j	L11_LF2
  675  000016c8  54000000	nop; delay slot nop
  676  000016cc          	L13_LF2:
  677  000016cc  0bffffc0	j	L10_LF2
  678  000016d0  54000000	nop; delay slot nop
  679  000016d4          	L11_LF2:
  680  000016d4  8fc1fff4	lw	r1,-12(r30)
  681  000016d8  08000004	j	L9_LF2
  682  000016dc  54000000	nop; delay slot nop
  683  000016e0          	L9_LF2:
  684  000016e0  8fa20000	lw	r2,0(r29)
  685  000016e4  8fa30004	lw	r3,4(r29)
  686  000016e8  8fdffff8	lw	r31,-8(r30)
  687  000016ec  001ee820	add	r29,r0,r30
  688  000016f0  8fdefffc	lw	r30,-4(r30)
  689  000016f4  4be00000	jr	r31
  690  000016f8  54000000	nop
  691  000016fc          	.endproc _dstrcpy
  692  000016fc          	.align 2
  693  000016fc          	.proc _dstrncpy
  694  000016fc          	.global _dstrncpy
  695  000016fc          	_dstrncpy:
  696                      ;  Function 'dstrncpy'; 8 bytes of locals, 2 regs to save.
  697  000016fc  afbefffc	sw	-4(r29),r30; push fp
  698  00001700  001df020	add	r30,r0,r29; fp = sp
  699  00001704  afbffff8	sw	-8(r29),r31; push ret addr
  700  00001708  2fbd0018	subui	r29,r29,#24; alloc local storage
  701  0000170c  afa20000	sw	0(r29),r2
  702  00001710  afa30004	sw	4(r29),r3
  703  00001714  8fc10000	lw	r1,(r30)
  704  00001718  afc1fff4	sw	-12(r30),r1
  705  0000171c          	L15_LF2:
  706  0000171c  8fc10008	lw	r1,8(r30)
  707  00001720  2022ffff	addi	r2,r1,#-1
  708  00001724  afc20008	sw	8(r30),r2
  709  00001728  70210000	slei	r1,r1,#0
  710  0000172c  1020000c	beqz	r1,L18_LF2
  711  00001730  54000000	nop; delay slot nop
  712  00001734  08000048	j	L16_LF2
  713  00001738  54000000	nop; delay slot nop
  714  0000173c          	L18_LF2:
  715  0000173c  8fc10000	lw	r1,(r30)
  716  00001740  20220001	addi	r2,r1,#1
  717  00001744  afc20000	sw	(r30),r2
  718  00001748  8fc20004	lw	r2,4(r30)
  719  0000174c  20430001	addi	r3,r2,#1
  720  00001750  afc30004	sw	4(r30),r3
  721  00001754  80420000	lb	r2,(r2)
  722  00001758  a0220000	sb	(r1),r2
  723  0000175c  a3c2fff3	sb	-13(r30),r2
  724  00001760          	L17_LF2:
  725  00001760  93c1fff3	lbu	r1,-13(r30)
  726  00001764  64220000	snei	r2,r1,#0
  727  00001768  1440000c	bnez	r2,L19_LF2
  728  0000176c  54000000	nop; delay slot nop
  729  00001770  0800000c	j	L16_LF2
  730  00001774  54000000	nop; delay slot nop
  731  00001778          	L19_LF2:
  732  00001778  0bffffa0	j	L15_LF2
  733  0000177c  54000000	nop; delay slot nop
  734  00001780          	L16_LF2:
  735  00001780  8fc1fff4	lw	r1,-12(r30)
  736  00001784  08000004	j	L14_LF2
  737  00001788  54000000	nop; delay slot nop
  738  0000178c          	L14_LF2:
  739  0000178c  8fa20000	lw	r2,0(r29)
  740  00001790  8fa30004	lw	r3,4(r29)
  741  00001794  8fdffff8	lw	r31,-8(r30)
  742  00001798  001ee820	add	r29,r0,r30
  743  0000179c  8fdefffc	lw	r30,-4(r30)
  744  000017a0  4be00000	jr	r31
  745  000017a4  54000000	nop
  746  000017a8          	.endproc _dstrncpy
  747  000017a8          	.align 2
  748  000017a8          	.proc _dstrcat
  749  000017a8          	.global _dstrcat
  750  000017a8          	_dstrcat:
  751                      ;  Function 'dstrcat'; 8 bytes of locals, 1 regs to save.
  752  000017a8  afbefffc	sw	-4(r29),r30; push fp
  753  000017ac  001df020	add	r30,r0,r29; fp = sp
  754  000017b0  afbffff8	sw	-8(r29),r31; push ret addr
  755  000017b4  2fbd0018	subui	r29,r29,#24; alloc local storage
  756  000017b8  afa20000	sw	0(r29),r2
  757  000017bc  8fc10000	lw	r1,(r30)
  758  000017c0  afc1fff4	sw	-12(r30),r1
  759  000017c4          	L21_LF2:
  760  000017c4  8fc10000	lw	r1,(r30)
  761  000017c8  90220000	lbu	r2,(r1)
  762  000017cc  64410000	snei	r1,r2,#0
  763  000017d0  1420000c	bnez	r1,L23_LF2
  764  000017d4  54000000	nop; delay slot nop
  765  000017d8  0800001c	j	L22_LF2
  766  000017dc  54000000	nop; delay slot nop
  767  000017e0          	L23_LF2:
  768  000017e0  8fc20000	lw	r2,(r30)
  769  000017e4  20410001	addi	r1,r2,#1
  770  000017e8  00011020	add	r2,r0,r1
  771  000017ec  afc20000	sw	(r30),r2
  772  000017f0  0bffffd0	j	L21_LF2
  773  000017f4  54000000	nop; delay slot nop
  774  000017f8          	L22_LF2:
  775  000017f8  23bdfff8	addi	r29,r29,#-8
  776  000017fc  001d0820	add	r1,r0,r29
  777  00001800  8fc20000	lw	r2,(r30)
  778  00001804  ac220000	sw	(r1),r2
  779  00001808  8fc20004	lw	r2,4(r30)
  780  0000180c  ac220004	sw	4(r1),r2
  781  00001810  0ffffe5c	jal	_dstrcpy
  782  00001814  54000000	nop; delay slot nop
  783  00001818  23bd0008	addi	r29,r29,#8
  784  0000181c  8fc1fff4	lw	r1,-12(r30)
  785  00001820  08000004	j	L20_LF2
  786  00001824  54000000	nop; delay slot nop
  787  00001828          	L20_LF2:
  788  00001828  8fa20000	lw	r2,0(r29)
  789  0000182c  8fdffff8	lw	r31,-8(r30)
  790  00001830  001ee820	add	r29,r0,r30
  791  00001834  8fdefffc	lw	r30,-4(r30)
  792  00001838  4be00000	jr	r31
  793  0000183c  54000000	nop
  794  00001840          	.endproc _dstrcat
  795  00001840          	.align 2
  796  00001840          	.proc _dstrncmp
  797  00001840          	.global _dstrncmp
  798  00001840          	_dstrncmp:
  799                      ;  Function 'dstrncmp'; 8 bytes of locals, 2 regs to save.
  800  00001840  afbefffc	sw	-4(r29),r30; push fp
  801  00001844  001df020	add	r30,r0,r29; fp = sp
  802  00001848  afbffff8	sw	-8(r29),r31; push ret addr
  803  0000184c  2fbd0018	subui	r29,r29,#24; alloc local storage
  804  00001850  afa20000	sw	0(r29),r2
  805  00001854  afa30004	sw	4(r29),r3
  806  00001858  54000000	nop
  807  0000185c  20010000	addi	r1,r0,#0
  808  00001860  afc1fff4	sw	-12(r30),r1
  809  00001864          	L25_LF2:
  810  00001864  8fc1fff4	lw	r1,-12(r30)
  811  00001868  8fc20008	lw	r2,8(r30)
  812  0000186c  0022082a	slt	r1,r1,r2
  813  00001870  1420000c	bnez	r1,L28_LF2
  814  00001874  54000000	nop; delay slot nop
  815  00001878  08000088	j	L26_LF2
  816  0000187c  54000000	nop; delay slot nop
  817  00001880          	L28_LF2:
  818  00001880  8fc10004	lw	r1,4(r30)
  819  00001884  90220000	lbu	r2,(r1)
  820  00001888  64410000	snei	r1,r2,#0
  821  0000188c  14200018	bnez	r1,L29_LF2
  822  00001890  54000000	nop; delay slot nop
  823  00001894  20010000	addi	r1,r0,#0
  824  00001898  080000d8	j	L24_LF2
  825  0000189c  54000000	nop; delay slot nop
  826  000018a0  08000028	j	L30_LF2
  827  000018a4  54000000	nop; delay slot nop
  828  000018a8          	L29_LF2:
  829  000018a8  8fc10000	lw	r1,(r30)
  830  000018ac  8fc20004	lw	r2,4(r30)
  831  000018b0  90210000	lbu	r1,(r1)
  832  000018b4  90420000	lbu	r2,(r2)
  833  000018b8  00220829	sne	r1,r1,r2
  834  000018bc  1020000c	beqz	r1,L30_LF2
  835  000018c0  54000000	nop; delay slot nop
  836  000018c4  0800003c	j	L26_LF2
  837  000018c8  54000000	nop; delay slot nop
  838  000018cc          	L31_LF2:
  839  000018cc          	L30_LF2:
  840  000018cc  8fc20000	lw	r2,(r30)
  841  000018d0  20410001	addi	r1,r2,#1
  842  000018d4  00011020	add	r2,r0,r1
  843  000018d8  afc20000	sw	(r30),r2
  844  000018dc  8fc20004	lw	r2,4(r30)
  845  000018e0  20410001	addi	r1,r2,#1
  846  000018e4  00011020	add	r2,r0,r1
  847  000018e8  afc20004	sw	4(r30),r2
  848  000018ec          	L27_LF2:
  849  000018ec  8fc2fff4	lw	r2,-12(r30)
  850  000018f0  20410001	addi	r1,r2,#1
  851  000018f4  00011020	add	r2,r0,r1
  852  000018f8  afc2fff4	sw	-12(r30),r2
  853  000018fc  0bffff64	j	L25_LF2
  854  00001900  54000000	nop; delay slot nop
  855  00001904          	L26_LF2:
  856  00001904  8fc1fff4	lw	r1,-12(r30)
  857  00001908  8fc20008	lw	r2,8(r30)
  858  0000190c  00220828	seq	r1,r1,r2
  859  00001910  10200018	beqz	r1,L32_LF2
  860  00001914  54000000	nop; delay slot nop
  861  00001918  20010000	addi	r1,r0,#0
  862  0000191c  08000054	j	L24_LF2
  863  00001920  54000000	nop; delay slot nop
  864  00001924  0800004c	j	L33_LF2
  865  00001928  54000000	nop; delay slot nop
  866  0000192c          	L32_LF2:
  867  0000192c  8fc20000	lw	r2,(r30)
  868  00001930  90410000	lbu	r1,(r2)
  869  00001934  8fc20004	lw	r2,4(r30)
  870  00001938  90430000	lbu	r3,(r2)
  871  0000193c  00230822	sub	r1,r1,r3
  872  00001940  74220000	sgei	r2,r1,#0
  873  00001944  10400020	beqz	r2,L34_LF2
  874  00001948  54000000	nop; delay slot nop
  875  0000194c  8fc10000	lw	r1,(r30)
  876  00001950  8fc20004	lw	r2,4(r30)
  877  00001954  90210000	lbu	r1,(r1)
  878  00001958  90420000	lbu	r2,(r2)
  879  0000195c  00220829	sne	r1,r1,r2
  880  00001960  08000008	j	L35_LF2
  881  00001964  54000000	nop; delay slot nop
  882  00001968          	L34_LF2:
  883  00001968  2001ffff	addi	r1,r0,#-1
  884  0000196c          	L35_LF2:
  885  0000196c  08000004	j	L24_LF2
  886  00001970  54000000	nop; delay slot nop
  887  00001974          	L33_LF2:
  888  00001974          	L24_LF2:
  889  00001974  8fa20000	lw	r2,0(r29)
  890  00001978  8fa30004	lw	r3,4(r29)
  891  0000197c  8fdffff8	lw	r31,-8(r30)
  892  00001980  001ee820	add	r29,r0,r30
  893  00001984  8fdefffc	lw	r30,-4(r30)
  894  00001988  4be00000	jr	r31
  895  0000198c  54000000	nop
  896  00001990          	.endproc _dstrncmp
  897  00001990          	.align 2
  898  00001990          	.proc _dstrlen
  899  00001990          	.global _dstrlen
  900  00001990          	_dstrlen:
  901                      ;  Function 'dstrlen'; 8 bytes of locals, 1 regs to save.
  902  00001990  afbefffc	sw	-4(r29),r30; push fp
  903  00001994  001df020	add	r30,r0,r29; fp = sp
  904  00001998  afbffff8	sw	-8(r29),r31; push ret addr
  905  0000199c  2fbd0018	subui	r29,r29,#24; alloc local storage
  906  000019a0  afa20000	sw	0(r29),r2
  907  000019a4  20010000	addi	r1,r0,#0
  908  000019a8  afc1fff4	sw	-12(r30),r1
  909  000019ac          	L37_LF2:
  910  000019ac  8fc10000	lw	r1,(r30)
  911  000019b0  20220001	addi	r2,r1,#1
  912  000019b4  afc20000	sw	(r30),r2
  913  000019b8  90210000	lbu	r1,(r1)
  914  000019bc  64220000	snei	r2,r1,#0
  915  000019c0  1440000c	bnez	r2,L39_LF2
  916  000019c4  54000000	nop; delay slot nop
  917  000019c8  0800001c	j	L38_LF2
  918  000019cc  54000000	nop; delay slot nop
  919  000019d0          	L39_LF2:
  920  000019d0  8fc2fff4	lw	r2,-12(r30)
  921  000019d4  20410001	addi	r1,r2,#1
  922  000019d8  00011020	add	r2,r0,r1
  923  000019dc  afc2fff4	sw	-12(r30),r2
  924  000019e0  0bffffc8	j	L37_LF2
  925  000019e4  54000000	nop; delay slot nop
  926  000019e8          	L38_LF2:
  927  000019e8  8fc1fff4	lw	r1,-12(r30)
  928  000019ec  08000004	j	L36_LF2
  929  000019f0  54000000	nop; delay slot nop
  930  000019f4          	L36_LF2:
  931  000019f4  8fa20000	lw	r2,0(r29)
  932  000019f8  8fdffff8	lw	r31,-8(r30)
  933  000019fc  001ee820	add	r29,r0,r30
  934  00001a00  8fdefffc	lw	r30,-4(r30)
  935  00001a04  4be00000	jr	r31
  936  00001a08  54000000	nop
  937  00001a0c          	.endproc _dstrlen
  938  00001a0c          	.align 2
  939  00001a0c          	.proc _dstrstr
  940  00001a0c          	.global _dstrstr
  941  00001a0c          	_dstrstr:
  942                      ;  Function 'dstrstr'; 8 bytes of locals, 1 regs to save.
  943  00001a0c  afbefffc	sw	-4(r29),r30; push fp
  944  00001a10  001df020	add	r30,r0,r29; fp = sp
  945  00001a14  afbffff8	sw	-8(r29),r31; push ret addr
  946  00001a18  2fbd0018	subui	r29,r29,#24; alloc local storage
  947  00001a1c  afa20000	sw	0(r29),r2
  948  00001a20  23bdfff8	addi	r29,r29,#-8
  949  00001a24  001d0820	add	r1,r0,r29
  950  00001a28  8fc20004	lw	r2,4(r30)
  951  00001a2c  ac220000	sw	(r1),r2
  952  00001a30  0fffff5c	jal	_dstrlen
  953  00001a34  54000000	nop; delay slot nop
  954  00001a38  23bd0008	addi	r29,r29,#8
  955  00001a3c  afc1fff4	sw	-12(r30),r1
  956  00001a40          	L41_LF2:
  957  00001a40  8fc10000	lw	r1,(r30)
  958  00001a44  90220000	lbu	r2,(r1)
  959  00001a48  64410000	snei	r1,r2,#0
  960  00001a4c  1420000c	bnez	r1,L43_LF2
  961  00001a50  54000000	nop; delay slot nop
  962  00001a54  08000060	j	L42_LF2
  963  00001a58  54000000	nop; delay slot nop
  964  00001a5c          	L43_LF2:
  965  00001a5c  23bdfff0	addi	r29,r29,#-16
  966  00001a60  001d0820	add	r1,r0,r29
  967  00001a64  8fc20000	lw	r2,(r30)
  968  00001a68  ac220000	sw	(r1),r2
  969  00001a6c  8fc20004	lw	r2,4(r30)
  970  00001a70  ac220004	sw	4(r1),r2
  971  00001a74  8fc2fff4	lw	r2,-12(r30)
  972  00001a78  ac220008	sw	8(r1),r2
  973  00001a7c  0ffffdc0	jal	_dstrncmp
  974  00001a80  54000000	nop; delay slot nop
  975  00001a84  23bd0010	addi	r29,r29,#16
  976  00001a88  64220000	snei	r2,r1,#0
  977  00001a8c  14400010	bnez	r2,L44_LF2
  978  00001a90  54000000	nop; delay slot nop
  979  00001a94  8fc10000	lw	r1,(r30)
  980  00001a98  08000028	j	L40_LF2
  981  00001a9c  54000000	nop; delay slot nop
  982  00001aa0          	L44_LF2:
  983  00001aa0  8fc20000	lw	r2,(r30)
  984  00001aa4  20410001	addi	r1,r2,#1
  985  00001aa8  00011020	add	r2,r0,r1
  986  00001aac  afc20000	sw	(r30),r2
  987  00001ab0  0bffff8c	j	L41_LF2
  988  00001ab4  54000000	nop; delay slot nop
  989  00001ab8          	L42_LF2:
  990  00001ab8  20010000	addi	r1,r0,#0
  991  00001abc  08000004	j	L40_LF2
  992  00001ac0  54000000	nop; delay slot nop
  993  00001ac4          	L40_LF2:
  994  00001ac4  8fa20000	lw	r2,0(r29)
  995  00001ac8  8fdffff8	lw	r31,-8(r30)
  996  00001acc  001ee820	add	r29,r0,r30
  997  00001ad0  8fdefffc	lw	r30,-4(r30)
  998  00001ad4  4be00000	jr	r31
  999  00001ad8  54000000	nop
 1000  00001adc          	.endproc _dstrstr
 1001  00001adc          	.align 2
 1002  00001adc          	.proc _dmindex
 1003  00001adc          	.global _dmindex
 1004  00001adc          	_dmindex:
 1005                      ;  Function 'dmindex'; 8 bytes of locals, 1 regs to save.
 1006  00001adc  afbefffc	sw	-4(r29),r30; push fp
 1007  00001ae0  001df020	add	r30,r0,r29; fp = sp
 1008  00001ae4  afbffff8	sw	-8(r29),r31; push ret addr
 1009  00001ae8  2fbd0018	subui	r29,r29,#24; alloc local storage
 1010  00001aec  afa20000	sw	0(r29),r2
 1011  00001af0  54000000	nop
 1012  00001af4          	L46_LF2:
 1013  00001af4  8fc10000	lw	r1,(r30)
 1014  00001af8  90220000	lbu	r2,(r1)
 1015  00001afc  64410000	snei	r1,r2,#0
 1016  00001b00  1420000c	bnez	r1,L48_LF2
 1017  00001b04  54000000	nop; delay slot nop
 1018  00001b08  08000070	j	L47_LF2
 1019  00001b0c  54000000	nop; delay slot nop
 1020  00001b10          	L48_LF2:
 1021  00001b10  8fc10004	lw	r1,4(r30)
 1022  00001b14  afc1fff4	sw	-12(r30),r1
 1023  00001b18          	L49_LF2:
 1024  00001b18  8fc1fff4	lw	r1,-12(r30)
 1025  00001b1c  90220000	lbu	r2,(r1)
 1026  00001b20  64410000	snei	r1,r2,#0
 1027  00001b24  1420000c	bnez	r1,L52_LF2
 1028  00001b28  54000000	nop; delay slot nop
 1029  00001b2c  08000044	j	L50_LF2
 1030  00001b30  54000000	nop; delay slot nop
 1031  00001b34          	L52_LF2:
 1032  00001b34  8fc10000	lw	r1,(r30)
 1033  00001b38  8fc2fff4	lw	r2,-12(r30)
 1034  00001b3c  90210000	lbu	r1,(r1)
 1035  00001b40  90420000	lbu	r2,(r2)
 1036  00001b44  00220828	seq	r1,r1,r2
 1037  00001b48  10200010	beqz	r1,L51_LF2
 1038  00001b4c  54000000	nop; delay slot nop
 1039  00001b50  8fc10000	lw	r1,(r30)
 1040  00001b54  08000030	j	L45_LF2
 1041  00001b58  54000000	nop; delay slot nop
 1042  00001b5c          	L53_LF2:
 1043  00001b5c          	L51_LF2:
 1044  00001b5c  8fc2fff4	lw	r2,-12(r30)
 1045  00001b60  20410001	addi	r1,r2,#1
 1046  00001b64  00011020	add	r2,r0,r1
 1047  00001b68  afc2fff4	sw	-12(r30),r2
 1048  00001b6c  0bffffa8	j	L49_LF2
 1049  00001b70  54000000	nop; delay slot nop
 1050  00001b74          	L50_LF2:
 1051  00001b74  0bffff7c	j	L46_LF2
 1052  00001b78  54000000	nop; delay slot nop
 1053  00001b7c          	L47_LF2:
 1054  00001b7c  20010000	addi	r1,r0,#0
 1055  00001b80  08000004	j	L45_LF2
 1056  00001b84  54000000	nop; delay slot nop
 1057  00001b88          	L45_LF2:
 1058  00001b88  8fa20000	lw	r2,0(r29)
 1059  00001b8c  8fdffff8	lw	r31,-8(r30)
 1060  00001b90  001ee820	add	r29,r0,r30
 1061  00001b94  8fdefffc	lw	r30,-4(r30)
 1062  00001b98  4be00000	jr	r31
 1063  00001b9c  54000000	nop
 1064  00001ba0          	.endproc _dmindex
 1065  00001ba0          	.align 2
 1066  00001ba0          	.proc _dindex
 1067  00001ba0          	.global _dindex
 1068  00001ba0          	_dindex:
 1069                      ;  Function 'dindex'; 0 bytes of locals, 1 regs to save.
 1070  00001ba0  afbefffc	sw	-4(r29),r30; push fp
 1071  00001ba4  001df020	add	r30,r0,r29; fp = sp
 1072  00001ba8  afbffff8	sw	-8(r29),r31; push ret addr
 1073  00001bac  2fbd0010	subui	r29,r29,#16; alloc local storage
 1074  00001bb0  afa20000	sw	0(r29),r2
 1075  00001bb4  54000000	nop
 1076  00001bb8          	L55_LF2:
 1077  00001bb8  8fc10000	lw	r1,(r30)
 1078  00001bbc  90220000	lbu	r2,(r1)
 1079  00001bc0  64410000	snei	r1,r2,#0
 1080  00001bc4  1420000c	bnez	r1,L57_LF2
 1081  00001bc8  54000000	nop; delay slot nop
 1082  00001bcc  08000040	j	L56_LF2
 1083  00001bd0  54000000	nop; delay slot nop
 1084  00001bd4          	L57_LF2:
 1085  00001bd4  8fc10000	lw	r1,(r30)
 1086  00001bd8  90220000	lbu	r2,(r1)
 1087  00001bdc  8fc10004	lw	r1,4(r30)
 1088  00001be0  00411028	seq	r2,r2,r1
 1089  00001be4  10400010	beqz	r2,L58_LF2
 1090  00001be8  54000000	nop; delay slot nop
 1091  00001bec  8fc10000	lw	r1,(r30)
 1092  00001bf0  08000028	j	L54_LF2
 1093  00001bf4  54000000	nop; delay slot nop
 1094  00001bf8          	L58_LF2:
 1095  00001bf8  8fc20000	lw	r2,(r30)
 1096  00001bfc  20410001	addi	r1,r2,#1
 1097  00001c00  00011020	add	r2,r0,r1
 1098  00001c04  afc20000	sw	(r30),r2
 1099  00001c08  0bffffac	j	L55_LF2
 1100  00001c0c  54000000	nop; delay slot nop
 1101  00001c10          	L56_LF2:
 1102  00001c10  20010000	addi	r1,r0,#0
 1103  00001c14  08000004	j	L54_LF2
 1104  00001c18  54000000	nop; delay slot nop
 1105  00001c1c          	L54_LF2:
 1106  00001c1c  8fa20000	lw	r2,0(r29)
 1107  00001c20  8fdffff8	lw	r31,-8(r30)
 1108  00001c24  001ee820	add	r29,r0,r30
 1109  00001c28  8fdefffc	lw	r30,-4(r30)
 1110  00001c2c  4be00000	jr	r31
 1111  00001c30  54000000	nop
 1112  00001c34          	.endproc _dindex
 1113  00001c34          	.align 2
 1114  00001c34          	.proc _ditoa
 1115  00001c34          	.global _ditoa
 1116  00001c34          	_ditoa:
 1117                      ;  Function 'ditoa'; 8 bytes of locals, 2 regs to save.
 1118  00001c34  afbefffc	sw	-4(r29),r30; push fp
 1119  00001c38  001df020	add	r30,r0,r29; fp = sp
 1120  00001c3c  afbffff8	sw	-8(r29),r31; push ret addr
 1121  00001c40  2fbd0018	subui	r29,r29,#24; alloc local storage
 1122  00001c44  afa20000	sw	0(r29),r2
 1123  00001c48  afa30004	sw	4(r29),r3
 1124  00001c4c  8fc10000	lw	r1,(r30)
 1125  00001c50  68220000	slti	r2,r1,#0
 1126  00001c54  1040002c	beqz	r2,L60_LF2
 1127  00001c58  54000000	nop; delay slot nop
 1128  00001c5c  8fc10004	lw	r1,4(r30)
 1129  00001c60  20220001	addi	r2,r1,#1
 1130  00001c64  afc20004	sw	4(r30),r2
 1131  00001c68  2002002d	addi	r2,r0,(#0x2d)&0xff
 1132  00001c6c  a0220000	sb	(r1),r2
 1133  00001c70  8fc10000	lw	r1,(r30)
 1134  00001c74  00011022	sub	r2,r0,r1
 1135  00001c78  afc20000	sw	(r30),r2
 1136  00001c7c  08000118	j	L61_LF2
 1137  00001c80  54000000	nop; delay slot nop
 1138  00001c84          	L60_LF2:
 1139  00001c84  8fc10000	lw	r1,(r30)
 1140  00001c88  64220000	snei	r2,r1,#0
 1141  00001c8c  14400020	bnez	r2,L62_LF2
 1142  00001c90  54000000	nop; delay slot nop
 1143  00001c94  8fc10004	lw	r1,4(r30)
 1144  00001c98  20220001	addi	r2,r1,#1
 1145  00001c9c  afc20004	sw	4(r30),r2
 1146  00001ca0  20020030	addi	r2,r0,(#0x30)&0xff
 1147  00001ca4  a0220000	sb	(r1),r2
 1148  00001ca8  080000ec	j	L61_LF2
 1149  00001cac  54000000	nop; delay slot nop
 1150  00001cb0          	L62_LF2:
 1151  00001cb0  20010001	addi	r1,r0,#1
 1152  00001cb4  afc1fff4	sw	-12(r30),r1
 1153  00001cb8          	L64_LF2:
 1154  00001cb8  8fc1fff4	lw	r1,-12(r30)
 1155  00001cbc  8fc20000	lw	r2,(r30)
 1156  00001cc0  0022082c	sle	r1,r1,r2
 1157  00001cc4  1420000c	bnez	r1,L66_LF2
 1158  00001cc8  54000000	nop; delay slot nop
 1159  00001ccc  08000024	j	L65_LF2
 1160  00001cd0  54000000	nop; delay slot nop
 1161  00001cd4          	L67_LF2:
 1162  00001cd4          	L66_LF2:
 1163  00001cd4  8fc1fff4	lw	r1,-12(r30)
 1164  00001cd8  00011820	add	r3,r0,r1
 1165  00001cdc  50620002	slli	r2,r3,#0x2
 1166  00001ce0  00411020	add	r2,r2,r1
 1167  00001ce4  50410001	slli	r1,r2,#0x1
 1168  00001ce8  afc1fff4	sw	-12(r30),r1
 1169  00001cec  0bffffc8	j	L64_LF2
 1170  00001cf0  54000000	nop; delay slot nop
 1171  00001cf4          	L65_LF2:
 1172  00001cf4  54000000	nop
 1173  00001cf8          	L68_LF2:
 1174  00001cf8  8fc1fff4	lw	r1,-12(r30)
 1175  00001cfc  2002000a	addi	r2,r0,#10
 1176  00001d00  00200035	movi2fp	f0,r1
 1177  00001d04  00400835	movi2fp	f1,r2
 1178  00001d08  0401000f	div	f0,f0,f1
 1179  00001d0c  00000834	movfp2i	r1,f0
 1180  00001d10  afc1fff4	sw	-12(r30),r1
 1181  00001d14  8fc10004	lw	r1,4(r30)
 1182  00001d18  20220001	addi	r2,r1,#1
 1183  00001d1c  afc20004	sw	4(r30),r2
 1184  00001d20  8fc20000	lw	r2,(r30)
 1185  00001d24  8fc3fff4	lw	r3,-12(r30)
 1186  00001d28  00400035	movi2fp	f0,r2
 1187  00001d2c  00600835	movi2fp	f1,r3
 1188  00001d30  0401000f	div	f0,f0,f1
 1189  00001d34  00001034	movfp2i	r2,f0
 1190  00001d38  00021820	add	r3,r0,r2
 1191  00001d3c  20620030	addi	r2,r3,#48
 1192  00001d40  a0220000	sb	(r1),r2
 1193  00001d44  8fc10000	lw	r1,(r30)
 1194  00001d48  8fc3fff4	lw	r3,-12(r30)
 1195  00001d4c  00200035	movi2fp	f0,r1
 1196  00001d50  00600835	movi2fp	f1,r3
 1197  00001d54  0401000f	div	f0,f0,f1
 1198  00001d58  00001034	movfp2i	r2,f0
 1199  00001d5c  8fc3fff4	lw	r3,-12(r30)
 1200  00001d60  00400035	movi2fp	f0,r2
 1201  00001d64  00600835	movi2fp	f1,r3
 1202  00001d68  0401000e	mult	f0,f0,f1
 1203  00001d6c  00001034	movfp2i	r2,f0
 1204  00001d70  00220822	sub	r1,r1,r2
 1205  00001d74  afc10000	sw	(r30),r1
 1206  00001d78          	L70_LF2:
 1207  00001d78  8fc1fff4	lw	r1,-12(r30)
 1208  00001d7c  6c220001	sgti	r2,r1,#1
 1209  00001d80  1440000c	bnez	r2,L71_LF2
 1210  00001d84  54000000	nop; delay slot nop
 1211  00001d88  0800000c	j	L61_LF2
 1212  00001d8c  54000000	nop; delay slot nop
 1213  00001d90          	L71_LF2:
 1214  00001d90  0bffff64	j	L68_LF2
 1215  00001d94  54000000	nop; delay slot nop
 1216  00001d98          	L69_LF2:
 1217  00001d98          	L63_LF2:
 1218  00001d98          	L61_LF2:
 1219  00001d98  8fc10004	lw	r1,4(r30)
 1220  00001d9c  20020000	addi	r2,r0,(#0x0)&0xff
 1221  00001da0  a0220000	sb	(r1),r2
 1222  00001da4          	L59_LF2:
 1223  00001da4  8fa20000	lw	r2,0(r29)
 1224  00001da8  8fa30004	lw	r3,4(r29)
 1225  00001dac  8fdffff8	lw	r31,-8(r30)
 1226  00001db0  001ee820	add	r29,r0,r30
 1227  00001db4  8fdefffc	lw	r30,-4(r30)
 1228  00001db8  4be00000	jr	r31
 1229  00001dbc  54000000	nop
 1230  00001dc0          	.endproc _ditoa
 1231  00001dc0          	.align 2
 1232  00001dc0          	.proc _dstrtol
 1233  00001dc0          	.global _dstrtol
 1234  00001dc0          	_dstrtol:
 1235                      ;  Function 'dstrtol'; 16 bytes of locals, 1 regs to save.
 1236  00001dc0  afbefffc	sw	-4(r29),r30; push fp
 1237  00001dc4  001df020	add	r30,r0,r29; fp = sp
 1238  00001dc8  afbffff8	sw	-8(r29),r31; push ret addr
 1239  00001dcc  2fbd0020	subui	r29,r29,#32; alloc local storage
 1240  00001dd0  afa20000	sw	0(r29),r2
 1241  00001dd4  20010000	addi	r1,r0,#0
 1242  00001dd8  afc1fff4	sw	-12(r30),r1
 1243  00001ddc          	L73_LF2:
 1244  00001ddc  8fc10000	lw	r1,(r30)
 1245  00001de0  90220000	lbu	r2,(r1)
 1246  00001de4  60410020	seqi	r1,r2,#32
 1247  00001de8  14200034	bnez	r1,L75_LF2
 1248  00001dec  54000000	nop; delay slot nop
 1249  00001df0  8fc10000	lw	r1,(r30)
 1250  00001df4  90220000	lbu	r2,(r1)
 1251  00001df8  60410009	seqi	r1,r2,#9
 1252  00001dfc  14200020	bnez	r1,L75_LF2
 1253  00001e00  54000000	nop; delay slot nop
 1254  00001e04  8fc10000	lw	r1,(r30)
 1255  00001e08  90220000	lbu	r2,(r1)
 1256  00001e0c  6041000a	seqi	r1,r2,#10
 1257  00001e10  1420000c	bnez	r1,L75_LF2
 1258  00001e14  54000000	nop; delay slot nop
 1259  00001e18  0800001c	j	L74_LF2
 1260  00001e1c  54000000	nop; delay slot nop
 1261  00001e20          	L75_LF2:
 1262  00001e20  8fc20000	lw	r2,(r30)
 1263  00001e24  20410001	addi	r1,r2,#1
 1264  00001e28  00011020	add	r2,r0,r1
 1265  00001e2c  afc20000	sw	(r30),r2
 1266  00001e30  0bffffa8	j	L73_LF2
 1267  00001e34  54000000	nop; delay slot nop
 1268  00001e38          	L74_LF2:
 1269  00001e38  8fc10004	lw	r1,4(r30)
 1270  00001e3c  64220000	snei	r2,r1,#0
 1271  00001e40  10400010	beqz	r2,L76_LF2
 1272  00001e44  54000000	nop; delay slot nop
 1273  00001e48  8fc10004	lw	r1,4(r30)
 1274  00001e4c  8fc20000	lw	r2,(r30)
 1275  00001e50  ac220000	sw	(r1),r2
 1276  00001e54          	L76_LF2:
 1277  00001e54  8fc10000	lw	r1,(r30)
 1278  00001e58  90220000	lbu	r2,(r1)
 1279  00001e5c  64410000	snei	r1,r2,#0
 1280  00001e60  14200010	bnez	r1,L77_LF2
 1281  00001e64  54000000	nop; delay slot nop
 1282  00001e68  8fc1fff4	lw	r1,-12(r30)
 1283  00001e6c  08000294	j	L72_LF2
 1284  00001e70  54000000	nop; delay slot nop
 1285  00001e74          	L77_LF2:
 1286  00001e74  8fc10000	lw	r1,(r30)
 1287  00001e78  90220000	lbu	r2,(r1)
 1288  00001e7c  6041002d	seqi	r1,r2,#45
 1289  00001e80  10200024	beqz	r1,L78_LF2
 1290  00001e84  54000000	nop; delay slot nop
 1291  00001e88  2001ffff	addi	r1,r0,#-1
 1292  00001e8c  afc1ffec	sw	-20(r30),r1
 1293  00001e90  8fc20000	lw	r2,(r30)
 1294  00001e94  20410001	addi	r1,r2,#1
 1295  00001e98  00011020	add	r2,r0,r1
 1296  00001e9c  afc20000	sw	(r30),r2
 1297  00001ea0  0800000c	j	L79_LF2
 1298  00001ea4  54000000	nop; delay slot nop
 1299  00001ea8          	L78_LF2:
 1300  00001ea8  20010001	addi	r1,r0,#1
 1301  00001eac  afc1ffec	sw	-20(r30),r1
 1302  00001eb0          	L79_LF2:
 1303  00001eb0  8fc10008	lw	r1,8(r30)
 1304  00001eb4  64220000	snei	r2,r1,#0
 1305  00001eb8  14400090	bnez	r2,L80_LF2
 1306  00001ebc  54000000	nop; delay slot nop
 1307  00001ec0  8fc10000	lw	r1,(r30)
 1308  00001ec4  90220000	lbu	r2,(r1)
 1309  00001ec8  60410030	seqi	r1,r2,#48
 1310  00001ecc  10200074	beqz	r1,L81_LF2
 1311  00001ed0  54000000	nop; delay slot nop
 1312  00001ed4  8fc20000	lw	r2,(r30)
 1313  00001ed8  20410001	addi	r1,r2,#1
 1314  00001edc  00011020	add	r2,r0,r1
 1315  00001ee0  afc20000	sw	(r30),r2
 1316  00001ee4  8fc10000	lw	r1,(r30)
 1317  00001ee8  90220000	lbu	r2,(r1)
 1318  00001eec  60410078	seqi	r1,r2,#120
 1319  00001ef0  14200020	bnez	r1,L83_LF2
 1320  00001ef4  54000000	nop; delay slot nop
 1321  00001ef8  8fc10000	lw	r1,(r30)
 1322  00001efc  90220000	lbu	r2,(r1)
 1323  00001f00  60410058	seqi	r1,r2,#88
 1324  00001f04  1420000c	bnez	r1,L83_LF2
 1325  00001f08  54000000	nop; delay slot nop
 1326  00001f0c  08000024	j	L82_LF2
 1327  00001f10  54000000	nop; delay slot nop
 1328  00001f14          	L83_LF2:
 1329  00001f14  20010010	addi	r1,r0,#16
 1330  00001f18  afc10008	sw	8(r30),r1
 1331  00001f1c  8fc20000	lw	r2,(r30)
 1332  00001f20  20410001	addi	r1,r2,#1
 1333  00001f24  00011020	add	r2,r0,r1
 1334  00001f28  afc20000	sw	(r30),r2
 1335  00001f2c  0800000c	j	L84_LF2
 1336  00001f30  54000000	nop; delay slot nop
 1337  00001f34          	L82_LF2:
 1338  00001f34  20010008	addi	r1,r0,#8
 1339  00001f38  afc10008	sw	8(r30),r1
 1340  00001f3c          	L84_LF2:
 1341  00001f3c  0800000c	j	L80_LF2
 1342  00001f40  54000000	nop; delay slot nop
 1343  00001f44          	L81_LF2:
 1344  00001f44  2001000a	addi	r1,r0,#10
 1345  00001f48  afc10008	sw	8(r30),r1
 1346  00001f4c          	L85_LF2:
 1347  00001f4c          	L80_LF2:
 1348  00001f4c  8fc10008	lw	r1,8(r30)
 1349  00001f50  70220000	slei	r2,r1,#0
 1350  00001f54  1440001c	bnez	r2,L87_LF2
 1351  00001f58  54000000	nop; delay slot nop
 1352  00001f5c  8fc10008	lw	r1,8(r30)
 1353  00001f60  6c220010	sgti	r2,r1,#16
 1354  00001f64  1440000c	bnez	r2,L87_LF2
 1355  00001f68  54000000	nop; delay slot nop
 1356  00001f6c  08000010	j	L86_LF2
 1357  00001f70  54000000	nop; delay slot nop
 1358  00001f74          	L87_LF2:
 1359  00001f74  8fc1fff4	lw	r1,-12(r30)
 1360  00001f78  08000188	j	L72_LF2
 1361  00001f7c  54000000	nop; delay slot nop
 1362  00001f80          	L86_LF2:
 1363  00001f80  54000000	nop
 1364  00001f84          	L88_LF2:
 1365  00001f84  8fc10000	lw	r1,(r30)
 1366  00001f88  90220000	lbu	r2,(r1)
 1367  00001f8c  6c41002f	sgtui	r1,r2,#47
 1368  00001f90  10200030	beqz	r1,L91_LF2
 1369  00001f94  54000000	nop; delay slot nop
 1370  00001f98  8fc10000	lw	r1,(r30)
 1371  00001f9c  90220000	lbu	r2,(r1)
 1372  00001fa0  70410039	sleui	r1,r2,#57
 1373  00001fa4  1020001c	beqz	r1,L91_LF2
 1374  00001fa8  54000000	nop; delay slot nop
 1375  00001fac  8fc10000	lw	r1,(r30)
 1376  00001fb0  90220000	lbu	r2,(r1)
 1377  00001fb4  2041ffd0	addi	r1,r2,#-48
 1378  00001fb8  afc1fff0	sw	-16(r30),r1
 1379  00001fbc  0800008c	j	L92_LF2
 1380  00001fc0  54000000	nop; delay slot nop
 1381  00001fc4          	L91_LF2:
 1382  00001fc4  8fc10000	lw	r1,(r30)
 1383  00001fc8  90220000	lbu	r2,(r1)
 1384  00001fcc  6c410060	sgtui	r1,r2,#96
 1385  00001fd0  10200030	beqz	r1,L93_LF2
 1386  00001fd4  54000000	nop; delay slot nop
 1387  00001fd8  8fc10000	lw	r1,(r30)
 1388  00001fdc  90220000	lbu	r2,(r1)
 1389  00001fe0  7041007a	sleui	r1,r2,#122
 1390  00001fe4  1020001c	beqz	r1,L93_LF2
 1391  00001fe8  54000000	nop; delay slot nop
 1392  00001fec  8fc10000	lw	r1,(r30)
 1393  00001ff0  90220000	lbu	r2,(r1)
 1394  00001ff4  2041ffa9	addi	r1,r2,#-87
 1395  00001ff8  afc1fff0	sw	-16(r30),r1
 1396  00001ffc  0800004c	j	L92_LF2
 1397  00002000  54000000	nop; delay slot nop
 1398  00002004          	L93_LF2:
 1399  00002004  8fc10000	lw	r1,(r30)
 1400  00002008  90220000	lbu	r2,(r1)
 1401  0000200c  6c410040	sgtui	r1,r2,#64
 1402  00002010  10200030	beqz	r1,L95_LF2
 1403  00002014  54000000	nop; delay slot nop
 1404  00002018  8fc10000	lw	r1,(r30)
 1405  0000201c  90220000	lbu	r2,(r1)
 1406  00002020  7041005a	sleui	r1,r2,#90
 1407  00002024  1020001c	beqz	r1,L95_LF2
 1408  00002028  54000000	nop; delay slot nop
 1409  0000202c  8fc10000	lw	r1,(r30)
 1410  00002030  90220000	lbu	r2,(r1)
 1411  00002034  2041ffc9	addi	r1,r2,#-55
 1412  00002038  afc1fff0	sw	-16(r30),r1
 1413  0000203c  0800000c	j	L92_LF2
 1414  00002040  54000000	nop; delay slot nop
 1415  00002044          	L95_LF2:
 1416  00002044  200103e8	addi	r1,r0,#1000
 1417  00002048  afc1fff0	sw	-16(r30),r1
 1418  0000204c          	L96_LF2:
 1419  0000204c          	L94_LF2:
 1420  0000204c          	L92_LF2:
 1421  0000204c  8fc1fff0	lw	r1,-16(r30)
 1422  00002050  8fc20008	lw	r2,8(r30)
 1423  00002054  0022082a	slt	r1,r1,r2
 1424  00002058  10200040	beqz	r1,L90_LF2
 1425  0000205c  54000000	nop; delay slot nop
 1426  00002060  8fc1fff4	lw	r1,-12(r30)
 1427  00002064  8fc20008	lw	r2,8(r30)
 1428  00002068  00200035	movi2fp	f0,r1
 1429  0000206c  00400835	movi2fp	f1,r2
 1430  00002070  0401000e	mult	f0,f0,f1
 1431  00002074  00000834	movfp2i	r1,f0
 1432  00002078  afc1fff4	sw	-12(r30),r1
 1433  0000207c  8fc1fff4	lw	r1,-12(r30)
 1434  00002080  8fc2fff0	lw	r2,-16(r30)
 1435  00002084  00220820	add	r1,r1,r2
 1436  00002088  afc1fff4	sw	-12(r30),r1
 1437  0000208c  8fc20000	lw	r2,(r30)
 1438  00002090  20410001	addi	r1,r2,#1
 1439  00002094  00011020	add	r2,r0,r1
 1440  00002098  afc20000	sw	(r30),r2
 1441  0000209c          	L97_LF2:
 1442  0000209c          	L90_LF2:
 1443  0000209c  8fc1fff0	lw	r1,-16(r30)
 1444  000020a0  8fc20008	lw	r2,8(r30)
 1445  000020a4  0022082a	slt	r1,r1,r2
 1446  000020a8  1420000c	bnez	r1,L98_LF2
 1447  000020ac  54000000	nop; delay slot nop
 1448  000020b0  0800000c	j	L89_LF2
 1449  000020b4  54000000	nop; delay slot nop
 1450  000020b8          	L98_LF2:
 1451  000020b8  0bfffec8	j	L88_LF2
 1452  000020bc  54000000	nop; delay slot nop
 1453  000020c0          	L89_LF2:
 1454  000020c0  8fc10004	lw	r1,4(r30)
 1455  000020c4  64220000	snei	r2,r1,#0
 1456  000020c8  10400010	beqz	r2,L99_LF2
 1457  000020cc  54000000	nop; delay slot nop
 1458  000020d0  8fc10004	lw	r1,4(r30)
 1459  000020d4  8fc20000	lw	r2,(r30)
 1460  000020d8  ac220000	sw	(r1),r2
 1461  000020dc          	L99_LF2:
 1462  000020dc  8fc1fff4	lw	r1,-12(r30)
 1463  000020e0  8fc2ffec	lw	r2,-20(r30)
 1464  000020e4  00200035	movi2fp	f0,r1
 1465  000020e8  00400835	movi2fp	f1,r2
 1466  000020ec  0401000e	mult	f0,f0,f1
 1467  000020f0  00000834	movfp2i	r1,f0
 1468  000020f4  afc1fff4	sw	-12(r30),r1
 1469  000020f8  8fc1fff4	lw	r1,-12(r30)
 1470  000020fc  08000004	j	L72_LF2
 1471  00002100  54000000	nop; delay slot nop
 1472  00002104          	L72_LF2:
 1473  00002104  8fa20000	lw	r2,0(r29)
 1474  00002108  8fdffff8	lw	r31,-8(r30)
 1475  0000210c  001ee820	add	r29,r0,r30
 1476  00002110  8fdefffc	lw	r30,-4(r30)
 1477  00002114  4be00000	jr	r31
 1478  00002118  54000000	nop
 1479  0000211c          	.endproc _dstrtol
 1480  0000211c          	.align 2
 1481  0000211c          	.proc _bcopy
 1482  0000211c          	.global _bcopy
 1483  0000211c          	_bcopy:
 1484                      ;  Function 'bcopy'; 0 bytes of locals, 2 regs to save.
 1485  0000211c  afbefffc	sw	-4(r29),r30; push fp
 1486  00002120  001df020	add	r30,r0,r29; fp = sp
 1487  00002124  afbffff8	sw	-8(r29),r31; push ret addr
 1488  00002128  2fbd0010	subui	r29,r29,#16; alloc local storage
 1489  0000212c  afa20000	sw	0(r29),r2
 1490  00002130  afa30004	sw	4(r29),r3
 1491  00002134  54000000	nop
 1492  00002138          	L101_LF2:
 1493  00002138  8fc10008	lw	r1,8(r30)
 1494  0000213c  2022ffff	addi	r2,r1,#-1
 1495  00002140  afc20008	sw	8(r30),r2
 1496  00002144  6c210000	sgti	r1,r1,#0
 1497  00002148  1420000c	bnez	r1,L103_LF2
 1498  0000214c  54000000	nop; delay slot nop
 1499  00002150  0800002c	j	L102_LF2
 1500  00002154  54000000	nop; delay slot nop
 1501  00002158          	L103_LF2:
 1502  00002158  8fc10004	lw	r1,4(r30)
 1503  0000215c  20220001	addi	r2,r1,#1
 1504  00002160  afc20004	sw	4(r30),r2
 1505  00002164  8fc20000	lw	r2,(r30)
 1506  00002168  20430001	addi	r3,r2,#1
 1507  0000216c  afc30000	sw	(r30),r3
 1508  00002170  80420000	lb	r2,(r2)
 1509  00002174  a0220000	sb	(r1),r2
 1510  00002178  0bffffbc	j	L101_LF2
 1511  0000217c  54000000	nop; delay slot nop
 1512  00002180          	L102_LF2:
 1513  00002180          	L100_LF2:
 1514  00002180  8fa20000	lw	r2,0(r29)
 1515  00002184  8fa30004	lw	r3,4(r29)
 1516  00002188  8fdffff8	lw	r31,-8(r30)
 1517  0000218c  001ee820	add	r29,r0,r30
 1518  00002190  8fdefffc	lw	r30,-4(r30)
 1519  00002194  4be00000	jr	r31
 1520  00002198  54000000	nop
 1521  0000219c          	.endproc _bcopy
 1522  0000219c          	.align 2
 1523  0000219c          	.proc _bzero
 1524  0000219c          	.global _bzero
 1525  0000219c          	_bzero:
 1526                      ;  Function 'bzero'; 0 bytes of locals, 1 regs to save.
 1527  0000219c  afbefffc	sw	-4(r29),r30; push fp
 1528  000021a0  001df020	add	r30,r0,r29; fp = sp
 1529  000021a4  afbffff8	sw	-8(r29),r31; push ret addr
 1530  000021a8  2fbd0010	subui	r29,r29,#16; alloc local storage
 1531  000021ac  afa20000	sw	0(r29),r2
 1532  000021b0  54000000	nop
 1533  000021b4          	L105_LF2:
 1534  000021b4  8fc10004	lw	r1,4(r30)
 1535  000021b8  2022ffff	addi	r2,r1,#-1
 1536  000021bc  afc20004	sw	4(r30),r2
 1537  000021c0  6c210000	sgti	r1,r1,#0
 1538  000021c4  1420000c	bnez	r1,L107_LF2
 1539  000021c8  54000000	nop; delay slot nop
 1540  000021cc  08000020	j	L106_LF2
 1541  000021d0  54000000	nop; delay slot nop
 1542  000021d4          	L107_LF2:
 1543  000021d4  8fc10000	lw	r1,(r30)
 1544  000021d8  20220001	addi	r2,r1,#1
 1545  000021dc  afc20000	sw	(r30),r2
 1546  000021e0  20020000	addi	r2,r0,(#0x0)&0xff
 1547  000021e4  a0220000	sb	(r1),r2
 1548  000021e8  0bffffc8	j	L105_LF2
 1549  000021ec  54000000	nop; delay slot nop
 1550  000021f0          	L106_LF2:
 1551  000021f0          	L104_LF2:
 1552  000021f0  8fa20000	lw	r2,0(r29)
 1553  000021f4  8fdffff8	lw	r31,-8(r30)
 1554  000021f8  001ee820	add	r29,r0,r30
 1555  000021fc  8fdefffc	lw	r30,-4(r30)
 1556  00002200  4be00000	jr	r31
 1557  00002204  54000000	nop
 1558  00002208          	.endproc _bzero
 1559  00002208          	.align 2
 1560  00002208          	.proc _min
 1561  00002208          	.global _min
 1562  00002208          	_min:
 1563                      ;  Function 'min'; 0 bytes of locals, 2 regs to save.
 1564  00002208  afbefffc	sw	-4(r29),r30; push fp
 1565  0000220c  001df020	add	r30,r0,r29; fp = sp
 1566  00002210  afbffff8	sw	-8(r29),r31; push ret addr
 1567  00002214  2fbd0010	subui	r29,r29,#16; alloc local storage
 1568  00002218  afa20000	sw	0(r29),r2
 1569  0000221c  afa30004	sw	4(r29),r3
 1570  00002220  8fc10000	lw	r1,(r30)
 1571  00002224  8fc20004	lw	r2,4(r30)
 1572  00002228  0022182c	sle	r3,r1,r2
 1573  0000222c  14600008	bnez	r3,L109_LF2
 1574  00002230  54000000	nop; delay slot nop
 1575  00002234  8fc10004	lw	r1,4(r30)
 1576  00002238          	L109_LF2:
 1577  00002238  08000004	j	L108_LF2
 1578  0000223c  54000000	nop; delay slot nop
 1579  00002240          	L108_LF2:
 1580  00002240  8fa20000	lw	r2,0(r29)
 1581  00002244  8fa30004	lw	r3,4(r29)
 1582  00002248  8fdffff8	lw	r31,-8(r30)
 1583  0000224c  001ee820	add	r29,r0,r30
 1584  00002250  8fdefffc	lw	r30,-4(r30)
 1585  00002254  4be00000	jr	r31
 1586  00002258  54000000	nop
 1587  0000225c          	.endproc _min
 1588                      ;;; Ethan L. Miller, 1999.  Released to the public domain
 1589                      ;;;
 1590                      ;;; Most of the traps are called in files from libtraps.
 1593  0000225c          	.align 2
 1594  0000225c          	.proc _exit
 1595  0000225c          	.global _exit
 1596  0000225c          	_exit:
 1597  0000225c  44000300	trap	#0x300
 1598  00002260  4be00000	jr	r31
 1599  00002264  54000000	nop
 1600  00002268          	.endproc _exit
 1602                      ; for the benefit of gcc.
 1603  00002268          	.proc ___main
 1604  00002268          	.global ___main
 1605  00002268          	___main:
 1606  00002268  4be00000	jr	r31
 1607  0000226c  54000000	nop
 1608  00002270          	.endproc ___main
 1609  00002270          	.text
 1610  00002270          	.global _etext
 1611  00002270          	_etext:
 1612  00002270          	.align 3
 1613  00002270          	.data
 1614  00003196          	.global _edata
 1615  00003196          	_edata:
