 line   address	contents
    1                      ; Linked by DLX-LD.
    2                      ; MemSize 24576
    3                      ; Data size: 426
    4                      ; Text size: 4780
    5                      ; Stack size: 8192
    6  00000000          	.text 0x1000
    7  00001000          	.data 0x3000
    8                      ; Compiled by GCC
    9  00003000          	.text
   10  00001000          	.align 2
   11  00001000          	.proc _isspace
   12  00001000          	.global _isspace
   13  00001000          	_isspace:
   14                      ;  Function 'isspace'; 0 bytes of locals, 1 regs to save.
   15  00001000  afbefffc	sw	-4(r29),r30; push fp
   16  00001004  001df020	add	r30,r0,r29; fp = sp
   17  00001008  afbffff8	sw	-8(r29),r31; push ret addr
   18  0000100c  2fbd0010	subui	r29,r29,#16; alloc local storage
   19  00001010  afa20000	sw	0(r29),r2
   20  00001014  83c20003	lb	r2,3(r30)
   21  00001018  201f0000	addi	r31,r0,#0
   22  0000101c  304100ff	andi	r1,r2,#0x00ff
   23  00001020  60210020	seqi	r1,r1,#32
   24  00001024  14200018	bnez	r1,L6_LF0
   25  00001028  54000000	nop; not filled.
   26  0000102c  2041fff7	addi	r1,r2,#-9
   27  00001030  302100ff	andi	r1,r1,#0x00ff
   28  00001034  70210001	sleui	r1,r1,#1
   29  00001038  10200008	beqz	r1,L5_LF0
   30  0000103c  54000000	nop; not filled.
   31  00001040          	L6_LF0:
   32  00001040  201f0001	addi	r31,r0,#1
   33  00001044          	L5_LF0:
   34  00001044  001f0820	add	r1,r0,r31
   35  00001048  8fa20000	lw	r2,0(r29)
   36  0000104c  8fdffff8	lw	r31,-8(r30)
   37  00001050  001ee820	add	r29,r0,r30
   38  00001054  8fdefffc	lw	r30,-4(r30)
   39  00001058  4be00000	jr	r31
   40  0000105c  54000000	nop
   41  00001060          	.endproc _isspace
   42  00001060          	.align 2
   43  00001060          	.proc _isxdigit
   44  00001060          	.global _isxdigit
   45  00001060          	_isxdigit:
   46                      ;  Function 'isxdigit'; 0 bytes of locals, 1 regs to save.
   47  00001060  afbefffc	sw	-4(r29),r30; push fp
   48  00001064  001df020	add	r30,r0,r29; fp = sp
   49  00001068  afbffff8	sw	-8(r29),r31; push ret addr
   50  0000106c  2fbd0010	subui	r29,r29,#16; alloc local storage
   51  00001070  afa20000	sw	0(r29),r2
   52  00001074  83df0003	lb	r31,3(r30)
   53  00001078  20020000	addi	r2,r0,#0
   54  0000107c  23e1ffd0	addi	r1,r31,#-48
   55  00001080  302100ff	andi	r1,r1,#0x00ff
   56  00001084  70210009	sleui	r1,r1,#9
   57  00001088  14200028	bnez	r1,L12_LF0
   58  0000108c  54000000	nop; not filled.
   59  00001090  23e1ff9f	addi	r1,r31,#-97
   60  00001094  302100ff	andi	r1,r1,#0x00ff
   61  00001098  70210005	sleui	r1,r1,#5
   62  0000109c  14200014	bnez	r1,L12_LF0
   63  000010a0  54000000	nop; not filled.
   64  000010a4  33e100ff	andi	r1,r31,#0x00ff
   65  000010a8  64210041	snei	r1,r1,#65
   66  000010ac  14200008	bnez	r1,L11_LF0
   67  000010b0  54000000	nop; not filled.
   68  000010b4          	L12_LF0:
   69  000010b4  20020001	addi	r2,r0,#1
   70  000010b8          	L11_LF0:
   71  000010b8  00020820	add	r1,r0,r2
   72  000010bc  8fa20000	lw	r2,0(r29)
   73  000010c0  8fdffff8	lw	r31,-8(r30)
   74  000010c4  001ee820	add	r29,r0,r30
   75  000010c8  8fdefffc	lw	r30,-4(r30)
   76  000010cc  4be00000	jr	r31
   77  000010d0  54000000	nop
   78  000010d4          	.endproc _isxdigit
   79  000010d4          	.data
   80  00003000          	.align 2
   81  00003000          	LC0_LF0:
   82  00003000  55736167	.ascii "Usage: \000"
   82  00003004  653a2000	
   83  00003008          	.align 2
   84  00003008          	LC1_LF0:
   85  00003008  203c6e75	.ascii " <number of consumer/producer processes to create>\n\000"
   85  0000300c  6d626572	
   85  00003010  206f6620	
   85  00003014  636f6e73	
   85  00003018  756d6572	
   85  0000301c  2f70726f	
   85  00003020  64756365	
   85  00003024  72207072	
   85  00003028  6f636573	
   85  0000302c  73657320	
   85  00003030  746f2063	
   85  00003034  72656174	
   85  00003038  653e0a00	
   86  0000303c          	.align 2
   87  0000303c          	LC2_LF0:
   88  0000303c  43726561	.ascii "Creating %d processes\n\000"
   88  00003040  74696e67	
   88  00003044  20256420	
   88  00003048  70726f63	
   88  0000304c  65737365	
   88  00003050  730a00  	
   89  00003053          	.align 2
   90  00003054          	LC3_LF0:
   91  00003054  4552524f	.ascii "ERROR: could not allocate shared memory page in \000"
   91  00003058  523a2063	
   91  0000305c  6f756c64	
   91  00003060  206e6f74	
   91  00003064  20616c6c	
   91  00003068  6f636174	
   91  0000306c  65207368	
   91  00003070  61726564	
   91  00003074  206d656d	
   91  00003078  6f727920	
   91  0000307c  70616765	
   91  00003080  20696e20	
   91  00003084  00      	
   92  00003085          	.align 2
   93  00003088          	LC4_LF0:
   94  00003088  2c206578	.ascii ", exiting...\n\000"
   94  0000308c  6974696e	
   94  00003090  672e2e2e	
   94  00003094  0a00    	
   95  00003096          	.align 2
   96  00003098          	LC5_LF0:
   97  00003098  436f756c	.ascii "Could not map the shared page to virtual address in \000"
   97  0000309c  64206e6f	
   97  000030a0  74206d61	
   97  000030a4  70207468	
   97  000030a8  65207368	
   97  000030ac  61726564	
   97  000030b0  20706167	
   97  000030b4  6520746f	
   97  000030b8  20766972	
   97  000030bc  7475616c	
   97  000030c0  20616464	
   97  000030c4  72657373	
   97  000030c8  20696e20	
   97  000030cc  00      	
   98  000030cd          	.align 2
   99  000030d0          	LC6_LF0:
  100  000030d0  2c206578	.ascii ", exiting..\n\000"
  100  000030d4  6974696e	
  100  000030d8  672e2e0a	
  100  000030dc  00      	
  101  000030dd          	.align 2
  102  000030e0          	LC7_LF0:
  103  000030e0  50726f63	.ascii "Process, %s, could not initialize lock\n\000"
  103  000030e4  6573732c	
  103  000030e8  2025732c	
  103  000030ec  20636f75	
  103  000030f0  6c64206e	
  103  000030f4  6f742069	
  103  000030f8  6e697469	
  103  000030fc  616c697a	
  103  00003100  65206c6f	
  103  00003104  636b0a00	
  104  00003108          	.align 2
  105  00003108          	LC8_LF0:
  106  00003108  42616420	.ascii "Bad sem_create in \000"
  106  0000310c  73656d5f	
  106  00003110  63726561	
  106  00003114  74652069	
  106  00003118  6e2000  	
  107  0000311b          	.align 2
  108  0000311c          	LC9_LF0:
  109  0000311c  70726f64	.ascii "producer.dlx.obj\000"
  109  00003120  75636572	
  109  00003124  2e646c78	
  109  00003128  2e6f626a	
  109  0000312c  00      	
  110  0000312d          	.align 2
  111  00003130          	LC10_LF0:
  112  00003130  636f6e73	.ascii "consumer.dlx.obj\000"
  112  00003134  756d6572	
  112  00003138  2e646c78	
  112  0000313c  2e6f626a	
  112  00003140  00      	
  113  00003141          	.align 2
  114  00003144          	LC11_LF0:
  115  00003144  42616420	.ascii "Bad semaphore s_procs_completed (%d) in \000"
  115  00003148  73656d61	
  115  0000314c  70686f72	
  115  00003150  6520735f	
  115  00003154  70726f63	
  115  00003158  735f636f	
  115  0000315c  6d706c65	
  115  00003160  74656420	
  115  00003164  28256429	
  115  00003168  20696e20	
  115  0000316c  00      	
  116  0000316d          	.align 2
  117  00003170          	LC12_LF0:
  118  00003170  0a00    	.ascii "\n\000"
  119  00003172          	.align 2
  120  00003174          	LC13_LF0:
  121  00003174  416c6c20	.ascii "All other processes completed, exiting main process.\n\000"
  121  00003178  6f746865	
  121  0000317c  72207072	
  121  00003180  6f636573	
  121  00003184  73657320	
  121  00003188  636f6d70	
  121  0000318c  6c657465	
  121  00003190  642c2065	
  121  00003194  78697469	
  121  00003198  6e67206d	
  121  0000319c  61696e20	
  121  000031a0  70726f63	
  121  000031a4  6573732e	
  121  000031a8  0a00    	
  122  000031aa          	.text
  123  000010d4          	.align 2
  124  000010d4          	.proc _main
  125  000010d4          	.global _main
  126  000010d4          	_main:
  127                      ;  Function 'main'; 48 bytes of locals, 0 regs to save.
  128  000010d4  afbefffc	sw	-4(r29),r30; push fp
  129  000010d8  001df020	add	r30,r0,r29; fp = sp
  130  000010dc  afbffff8	sw	-8(r29),r31; push ret addr
  131  000010e0  2fbd0038	subui	r29,r29,#56; alloc local storage
  132  000010e4  8fc20000	lw	r2,(r30)
  133  000010e8  8fc80004	lw	r8,4(r30)
  134  000010ec  0c0011b4	jal	___main
  135  000010f0  54000000	nop; not filled.
  136  000010f4  64410002	snei	r1,r2,#2
  137  000010f8  1020004c	beqz	r1,L14_LF0
  138  000010fc  54000000	nop; not filled.
  139  00001100  23bdfff8	addi	r29,r29,#-8
  140  00001104  3c090000	lhi	r9,((LC0_LF0)>>16)&0xffff
  141  00001108  25293000	addui	r9,r9,(LC0_LF0)&0xffff
  142  0000110c  afa90000	sw	(r29),r9
  143  00001110  0c000388	jal	_Printf
  144  00001114  54000000	nop; not filled.
  145  00001118  8d090000	lw	r9,(r8)
  146  0000111c  afa90000	sw	(r29),r9
  147  00001120  0c000378	jal	_Printf
  148  00001124  54000000	nop; not filled.
  149  00001128  3c090000	lhi	r9,((LC1_LF0)>>16)&0xffff
  150  0000112c  25293008	addui	r9,r9,(LC1_LF0)&0xffff
  151  00001130  afa90000	sw	(r29),r9
  152  00001134  0c000364	jal	_Printf
  153  00001138  54000000	nop; not filled.
  154  0000113c  0c000410	jal	_Exit
  155  00001140  54000000	nop; not filled.
  156  00001144  23bd0008	addi	r29,r29,#8
  157  00001148          	L14_LF0:
  158  00001148  23bdfff0	addi	r29,r29,#-16
  159  0000114c  8d090004	lw	r9,4(r8)
  160  00001150  afa90000	sw	(r29),r9
  161  00001154  20090000	addi	r9,r0,#0
  162  00001158  afa90004	sw	4(r29),r9
  163  0000115c  2009000a	addi	r9,r0,#10
  164  00001160  afa90008	sw	8(r29),r9
  165  00001164  0c000c94	jal	_dstrtol
  166  00001168  54000000	nop; not filled.
  167  0000116c  00013820	add	r7,r0,r1
  168  00001170  3c090000	lhi	r9,((LC2_LF0)>>16)&0xffff
  169  00001174  2529303c	addui	r9,r9,(LC2_LF0)&0xffff
  170  00001178  afa90000	sw	(r29),r9
  171  0000117c  afa70004	sw	4(r29),r7
  172  00001180  0c000318	jal	_Printf
  173  00001184  54000000	nop; not filled.
  174  00001188  0c000334	jal	_shmget
  175  0000118c  54000000	nop; not filled.
  176  00001190  00011820	add	r3,r0,r1
  177  00001194  23bd0010	addi	r29,r29,#16
  178  00001198  64610000	snei	r1,r3,#0
  179  0000119c  1420004c	bnez	r1,L15_LF0
  180  000011a0  54000000	nop; not filled.
  181  000011a4  23bdfff8	addi	r29,r29,#-8
  182  000011a8  3c090000	lhi	r9,((LC3_LF0)>>16)&0xffff
  183  000011ac  25293054	addui	r9,r9,(LC3_LF0)&0xffff
  184  000011b0  afa90000	sw	(r29),r9
  185  000011b4  0c0002e4	jal	_Printf
  186  000011b8  54000000	nop; not filled.
  187  000011bc  8d090000	lw	r9,(r8)
  188  000011c0  afa90000	sw	(r29),r9
  189  000011c4  0c0002d4	jal	_Printf
  190  000011c8  54000000	nop; not filled.
  191  000011cc  3c090000	lhi	r9,((LC4_LF0)>>16)&0xffff
  192  000011d0  25293088	addui	r9,r9,(LC4_LF0)&0xffff
  193  000011d4  afa90000	sw	(r29),r9
  194  000011d8  0c0002c0	jal	_Printf
  195  000011dc  54000000	nop; not filled.
  196  000011e0  0c00036c	jal	_Exit
  197  000011e4  54000000	nop; not filled.
  198  000011e8  23bd0008	addi	r29,r29,#8
  199  000011ec          	L15_LF0:
  200  000011ec  23bdfff8	addi	r29,r29,#-8
  201  000011f0  afa30000	sw	(r29),r3
  202  000011f4  0c0002d4	jal	_shmat
  203  000011f8  54000000	nop; not filled.
  204  000011fc  00011020	add	r2,r0,r1
  205  00001200  23bd0008	addi	r29,r29,#8
  206  00001204  64410000	snei	r1,r2,#0
  207  00001208  1420004c	bnez	r1,L16_LF0
  208  0000120c  54000000	nop; not filled.
  209  00001210  23bdfff8	addi	r29,r29,#-8
  210  00001214  3c090000	lhi	r9,((LC5_LF0)>>16)&0xffff
  211  00001218  25293098	addui	r9,r9,(LC5_LF0)&0xffff
  212  0000121c  afa90000	sw	(r29),r9
  213  00001220  0c000278	jal	_Printf
  214  00001224  54000000	nop; not filled.
  215  00001228  8d090000	lw	r9,(r8)
  216  0000122c  afa90000	sw	(r29),r9
  217  00001230  0c000268	jal	_Printf
  218  00001234  54000000	nop; not filled.
  219  00001238  3c090000	lhi	r9,((LC6_LF0)>>16)&0xffff
  220  0000123c  252930d0	addui	r9,r9,(LC6_LF0)&0xffff
  221  00001240  afa90000	sw	(r29),r9
  222  00001244  0c000254	jal	_Printf
  223  00001248  54000000	nop; not filled.
  224  0000124c  0c000300	jal	_Exit
  225  00001250  54000000	nop; not filled.
  226  00001254  23bd0008	addi	r29,r29,#8
  227  00001258          	L16_LF0:
  228  00001258  20090000	addi	r9,r0,#0
  229  0000125c  ac490008	sw	8(r2),r9
  230  00001260  ac49000c	sw	12(r2),r9
  231  00001264  0c000294	jal	_lock_create
  232  00001268  54000000	nop; not filled.
  233  0000126c  00011020	add	r2,r0,r1
  234  00001270  6041ffff	seqi	r1,r2,#-1
  235  00001274  10200030	beqz	r1,L17_LF0
  236  00001278  54000000	nop; not filled.
  237  0000127c  23bdfff8	addi	r29,r29,#-8
  238  00001280  3c090000	lhi	r9,((LC7_LF0)>>16)&0xffff
  239  00001284  252930e0	addui	r9,r9,(LC7_LF0)&0xffff
  240  00001288  afa90000	sw	(r29),r9
  241  0000128c  8d010000	lw	r1,(r8)
  242  00001290  afa10004	sw	4(r29),r1
  243  00001294  0c000204	jal	_Printf
  244  00001298  54000000	nop; not filled.
  245  0000129c  0c0002b0	jal	_Exit
  246  000012a0  54000000	nop; not filled.
  247  000012a4  23bd0008	addi	r29,r29,#8
  248  000012a8          	L17_LF0:
  249  000012a8  23bdfff8	addi	r29,r29,#-8
  250  000012ac  20010001	addi	r1,r0,#1
  251  000012b0  00270822	sub	r1,r1,r7
  252  000012b4  afa10000	sw	(r29),r1
  253  000012b8  0c00021c	jal	_sem_create
  254  000012bc  54000000	nop; not filled.
  255  000012c0  00013020	add	r6,r0,r1
  256  000012c4  23bd0008	addi	r29,r29,#8
  257  000012c8  60c1ffff	seqi	r1,r6,#-1
  258  000012cc  10200038	beqz	r1,L18_LF0
  259  000012d0  54000000	nop; not filled.
  260  000012d4  23bdfff8	addi	r29,r29,#-8
  261  000012d8  3c090000	lhi	r9,((LC8_LF0)>>16)&0xffff
  262  000012dc  25293108	addui	r9,r9,(LC8_LF0)&0xffff
  263  000012e0  afa90000	sw	(r29),r9
  264  000012e4  0c0001b4	jal	_Printf
  265  000012e8  54000000	nop; not filled.
  266  000012ec  8d090000	lw	r9,(r8)
  267  000012f0  afa90000	sw	(r29),r9
  268  000012f4  0c0001a4	jal	_Printf
  269  000012f8  54000000	nop; not filled.
  270  000012fc  0c000250	jal	_Exit
  271  00001300  54000000	nop; not filled.
  272  00001304  23bd0008	addi	r29,r29,#8
  273  00001308          	L18_LF0:
  274  00001308  23bdfff8	addi	r29,r29,#-8
  275  0000130c  afa30000	sw	(r29),r3
  276  00001310  23c5ffd8	addi	r5,r30,#-40
  277  00001314  afa50004	sw	4(r29),r5
  278  00001318  0c000954	jal	_ditoa
  279  0000131c  54000000	nop; not filled.
  280  00001320  afa20000	sw	(r29),r2
  281  00001324  23c4ffe8	addi	r4,r30,#-24
  282  00001328  afa40004	sw	4(r29),r4
  283  0000132c  0c000940	jal	_ditoa
  284  00001330  54000000	nop; not filled.
  285  00001334  afa60000	sw	(r29),r6
  286  00001338  23c3ffc8	addi	r3,r30,#-56
  287  0000133c  afa30004	sw	4(r29),r3
  288  00001340  0c00092c	jal	_ditoa
  289  00001344  54000000	nop; not filled.
  290  00001348  20020000	addi	r2,r0,#0
  291  0000134c  23bd0008	addi	r29,r29,#8
  292  00001350  0047082a	slt	r1,r2,r7
  293  00001354  1020006c	beqz	r1,L20_LF0
  294  00001358  54000000	nop; not filled.
  295  0000135c          	L22_LF0:
  296  0000135c  23bdffe8	addi	r29,r29,#-24
  297  00001360  3c090000	lhi	r9,((LC9_LF0)>>16)&0xffff
  298  00001364  2529311c	addui	r9,r9,(LC9_LF0)&0xffff
  299  00001368  afa90000	sw	(r29),r9
  300  0000136c  afa50004	sw	4(r29),r5
  301  00001370  afa40008	sw	8(r29),r4
  302  00001374  afa3000c	sw	12(r29),r3
  303  00001378  20090000	addi	r9,r0,#0
  304  0000137c  afa90010	sw	16(r29),r9
  305  00001380  0c000130	jal	_process_create
  306  00001384  54000000	nop; not filled.
  307  00001388  3c090000	lhi	r9,((LC10_LF0)>>16)&0xffff
  308  0000138c  25293130	addui	r9,r9,(LC10_LF0)&0xffff
  309  00001390  afa90000	sw	(r29),r9
  310  00001394  afa50004	sw	4(r29),r5
  311  00001398  afa40008	sw	8(r29),r4
  312  0000139c  afa3000c	sw	12(r29),r3
  313  000013a0  20090000	addi	r9,r0,#0
  314  000013a4  afa90010	sw	16(r29),r9
  315  000013a8  0c000108	jal	_process_create
  316  000013ac  54000000	nop; not filled.
  317  000013b0  23bd0018	addi	r29,r29,#24
  318  000013b4  20420001	addi	r2,r2,#1
  319  000013b8  0047082a	slt	r1,r2,r7
  320  000013bc  1420ff9c	bnez	r1,L22_LF0
  321  000013c0  54000000	nop; not filled.
  322  000013c4          	L20_LF0:
  323  000013c4  23bdfff8	addi	r29,r29,#-8
  324  000013c8  afa60000	sw	(r29),r6
  325  000013cc  0c000114	jal	_sem_wait
  326  000013d0  54000000	nop; not filled.
  327  000013d4  23bd0008	addi	r29,r29,#8
  328  000013d8  64210001	snei	r1,r1,#1
  329  000013dc  10200050	beqz	r1,L24_LF0
  330  000013e0  54000000	nop; not filled.
  331  000013e4  23bdfff8	addi	r29,r29,#-8
  332  000013e8  3c090000	lhi	r9,((LC11_LF0)>>16)&0xffff
  333  000013ec  25293144	addui	r9,r9,(LC11_LF0)&0xffff
  334  000013f0  afa90000	sw	(r29),r9
  335  000013f4  afa60004	sw	4(r29),r6
  336  000013f8  0c0000a0	jal	_Printf
  337  000013fc  54000000	nop; not filled.
  338  00001400  8d080000	lw	r8,(r8)
  339  00001404  afa80000	sw	(r29),r8
  340  00001408  0c000090	jal	_Printf
  341  0000140c  54000000	nop; not filled.
  342  00001410  3c090000	lhi	r9,((LC12_LF0)>>16)&0xffff
  343  00001414  25293170	addui	r9,r9,(LC12_LF0)&0xffff
  344  00001418  afa90000	sw	(r29),r9
  345  0000141c  0c00007c	jal	_Printf
  346  00001420  54000000	nop; not filled.
  347  00001424  0c000128	jal	_Exit
  348  00001428  54000000	nop; not filled.
  349  0000142c  23bd0008	addi	r29,r29,#8
  350  00001430          	L24_LF0:
  351  00001430  23bdfff8	addi	r29,r29,#-8
  352  00001434  3c090000	lhi	r9,((LC13_LF0)>>16)&0xffff
  353  00001438  25293174	addui	r9,r9,(LC13_LF0)&0xffff
  354  0000143c  afa90000	sw	(r29),r9
  355  00001440  0c000058	jal	_Printf
  356  00001444  54000000	nop; not filled.
  357  00001448  23bd0008	addi	r29,r29,#8
  358  0000144c  0c000e48	jal	_exit
  359  00001450  54000000	nop
  360  00001454          	.endproc _main
  361                      ;;;
  362                      ;;; Stub functions for DLX traps.
  363                      ;;;
  364                      ;;; Ethan L. Miller, 1999.  Released to the public domain.
  365                      ;;;
  366                      ;;; The traps such as Open and Close
  367                      ;;; (note the capital letters) are for use by user programs.  The traps
  368                      ;;; with names such as open and close (lower case) are for use by the OS.
  369                      ;;;
  372  00001454          	.align 2
  374                      ;;; The following are the traps to be used by user-level programs
  375                      ;;;
  377  00001454          	.align 2
  378  00001454          	.proc _Open
  379  00001454          	.global _Open
  380  00001454          	_Open:
  381                      ;;; Note that trap #0x213 actually causes a trap vector in the OS of
  382                      ;;; 0x1213.  The same is true for other user traps.  Thus, a user trap
  383                      ;;; with trap #0x240 will result in a trap vector of 0x1240 in the OS.
  384  00001454  44000213	trap	#0x213
  385  00001458  4be00000	jr	r31
  386  0000145c  54000000	nop
  387  00001460          	.endproc _Open
  389  00001460          	.proc _Close
  390  00001460          	.global _Close
  391  00001460          	_Close:
  392  00001460  44000214	trap	#0x214
  393  00001464  4be00000	jr	r31
  394  00001468  54000000	nop
  395  0000146c          	.endproc _Close
  397  0000146c          	.proc _Read
  398  0000146c          	.global _Read
  399  0000146c          	_Read:
  400  0000146c  44000210	trap	#0x210
  401  00001470  4be00000	jr	r31
  402  00001474  54000000	nop
  403  00001478          	.endproc _Read
  405  00001478          	.proc _Write
  406  00001478          	.global _Write
  407  00001478          	_Write:
  408  00001478  44000211	trap	#0x211
  409  0000147c  4be00000	jr	r31
  410  00001480  54000000	nop
  411  00001484          	.endproc _Write
  413  00001484          	.proc _Lseek
  414  00001484          	.global _Lseek
  415  00001484          	_Lseek:
  416  00001484  44000212	trap	#0x212
  417  00001488  4be00000	jr	r31
  418  0000148c  54000000	nop
  419  00001490          	.endproc _Lseek
  421  00001490          	.proc _Putchar
  422  00001490          	.global _Putchar
  423  00001490          	_Putchar:
  424  00001490  44000280	trap	#0x280
  425  00001494  4be00000	jr	r31
  426  00001498  54000000	nop
  427  0000149c          	.endproc _Putchar
  429  0000149c          	.proc _Printf
  430  0000149c          	.global _Printf
  431  0000149c          	_Printf:
  432  0000149c  44000201	trap	#0x201
  433  000014a0  4be00000	jr	r31
  434  000014a4  54000000	nop
  435  000014a8          	.endproc _Printf
  437  000014a8          	.proc _getpid
  438  000014a8          	.global _getpid
  439  000014a8          	_getpid:
  440  000014a8  44000431	trap	#0x431
  441  000014ac  4be00000	jr	r31
  442  000014b0  54000000	nop
  443  000014b4          	.endproc _getpid
  445  000014b4          	.proc _process_create
  446  000014b4          	.global _process_create
  447  000014b4          	_process_create:
  448  000014b4  44000432	trap	#0x432
  449  000014b8  4be00000	jr	r31
  450  000014bc  54000000	nop
  451  000014c0          	.endproc _process_create
  453  000014c0          	.proc _shmget
  454  000014c0          	.global _shmget
  455  000014c0          	_shmget:
  456  000014c0  44000440	trap	#0x440
  457  000014c4  4be00000	jr	r31
  458  000014c8  54000000	nop
  459  000014cc          	.endproc _shmget
  461  000014cc          	.proc _shmat
  462  000014cc          	.global _shmat
  463  000014cc          	_shmat:
  464  000014cc  44000441	trap	#0x441
  465  000014d0  4be00000	jr	r31
  466  000014d4  54000000	nop
  467  000014d8          	.endproc _shmat
  469  000014d8          	.proc _sem_create
  470  000014d8          	.global _sem_create
  471  000014d8          	_sem_create:
  472  000014d8  44000450	trap	#0x450
  473  000014dc  4be00000	jr	r31
  474  000014e0  54000000	nop
  475  000014e4          	.endproc _sem_create
  477  000014e4          	.proc _sem_wait
  478  000014e4          	.global _sem_wait
  479  000014e4          	_sem_wait:
  480  000014e4  44000451	trap	#0x451
  481  000014e8  4be00000	jr	r31
  482  000014ec  54000000	nop
  483  000014f0          	.endproc _sem_wait
  485  000014f0          	.proc _sem_signal
  486  000014f0          	.global _sem_signal
  487  000014f0          	_sem_signal:
  488  000014f0  44000452	trap	#0x452
  489  000014f4  4be00000	jr	r31
  490  000014f8  54000000	nop
  491  000014fc          	.endproc _sem_signal
  493  000014fc          	.proc _lock_create
  494  000014fc          	.global _lock_create
  495  000014fc          	_lock_create:
  496  000014fc  44000453	trap	#0x453
  497  00001500  4be00000	jr	r31
  498  00001504  54000000	nop
  499  00001508          	.endproc _lock_create
  501  00001508          	.proc _lock_acquire
  502  00001508          	.global _lock_acquire
  503  00001508          	_lock_acquire:
  504  00001508  44000454	trap	#0x454
  505  0000150c  4be00000	jr	r31
  506  00001510  54000000	nop
  507  00001514          	.endproc _lock_acquire
  509  00001514          	.proc _lock_release
  510  00001514          	.global _lock_release
  511  00001514          	_lock_release:
  512  00001514  44000455	trap	#0x455
  513  00001518  4be00000	jr	r31
  514  0000151c  54000000	nop
  515  00001520          	.endproc _lock_release
  517  00001520          	.proc _cond_create
  518  00001520          	.global _cond_create
  519  00001520          	_cond_create:
  520  00001520  44000456	trap	#0x456
  521  00001524  4be00000	jr	r31
  522  00001528  54000000	nop
  523  0000152c          	.endproc _cond_create
  525  0000152c          	.proc _cond_wait
  526  0000152c          	.global _cond_wait
  527  0000152c          	_cond_wait:
  528  0000152c  44000457	trap	#0x457
  529  00001530  4be00000	jr	r31
  530  00001534  54000000	nop
  531  00001538          	.endproc _cond_wait
  533  00001538          	.proc _cond_signal
  534  00001538          	.global _cond_signal
  535  00001538          	_cond_signal:
  536  00001538  44000458	trap	#0x458
  537  0000153c  4be00000	jr	r31
  538  00001540  54000000	nop
  539  00001544          	.endproc _cond_signal
  541  00001544          	.proc _cond_broadcast
  542  00001544          	.global _cond_broadcast
  543  00001544          	_cond_broadcast:
  544  00001544  44000459	trap	#0x459
  545  00001548  4be00000	jr	r31
  546  0000154c  54000000	nop
  547  00001550          	.endproc _cond_broadcast
  549  00001550          	.proc _Exit
  550  00001550          	.global _Exit
  551  00001550          	_Exit:
  552  00001550  44000500	trap	#0x500
  553  00001554  4be00000	jr	r31
  554  00001558  54000000	nop
  555  0000155c          	.endproc _Exit
  556                      ; Compiled by GCC
  558  0000155c          	.align 2
  559  0000155c          	.proc _isspace
  560  0000155c          	.global _isspace
  561  0000155c          	_isspace:
  562                      ;  Function 'isspace'; 0 bytes of locals, 3 regs to save.
  563  0000155c  afbefffc	sw	-4(r29),r30; push fp
  564  00001560  001df020	add	r30,r0,r29; fp = sp
  565  00001564  afbffff8	sw	-8(r29),r31; push ret addr
  566  00001568  2fbd0018	subui	r29,r29,#24; alloc local storage
  567  0000156c  afa20000	sw	0(r29),r2
  568  00001570  afa30004	sw	4(r29),r3
  569  00001574  afa40008	sw	8(r29),r4
  570  00001578  83c20003	lb	r2,3(r30)
  571  0000157c  20010000	addi	r1,r0,#0
  572  00001580  304300ff	andi	r3,r2,#0x00ff
  573  00001584  60640020	seqi	r4,r3,#32
  574  00001588  1480002c	bnez	r4,L3_LF2
  575  0000158c  54000000	nop; delay slot nop
  576  00001590  304300ff	andi	r3,r2,#0x00ff
  577  00001594  60640009	seqi	r4,r3,#9
  578  00001598  1480001c	bnez	r4,L3_LF2
  579  0000159c  54000000	nop; delay slot nop
  580  000015a0  304300ff	andi	r3,r2,#0x00ff
  581  000015a4  6064000a	seqi	r4,r3,#10
  582  000015a8  1480000c	bnez	r4,L3_LF2
  583  000015ac  54000000	nop; delay slot nop
  584  000015b0  08000008	j	L2_LF2
  585  000015b4  54000000	nop; delay slot nop
  586  000015b8          	L3_LF2:
  587  000015b8  20010001	addi	r1,r0,#1
  588  000015bc          	L2_LF2:
  589  000015bc  08000004	j	L1_LF2
  590  000015c0  54000000	nop; delay slot nop
  591  000015c4          	L1_LF2:
  592  000015c4  8fa20000	lw	r2,0(r29)
  593  000015c8  8fa30004	lw	r3,4(r29)
  594  000015cc  8fa40008	lw	r4,8(r29)
  595  000015d0  8fdffff8	lw	r31,-8(r30)
  596  000015d4  001ee820	add	r29,r0,r30
  597  000015d8  8fdefffc	lw	r30,-4(r30)
  598  000015dc  4be00000	jr	r31
  599  000015e0  54000000	nop
  600  000015e4          	.endproc _isspace
  601  000015e4          	.align 2
  602  000015e4          	.proc _isxdigit
  603  000015e4          	.global _isxdigit
  604  000015e4          	_isxdigit:
  605                      ;  Function 'isxdigit'; 0 bytes of locals, 3 regs to save.
  606  000015e4  afbefffc	sw	-4(r29),r30; push fp
  607  000015e8  001df020	add	r30,r0,r29; fp = sp
  608  000015ec  afbffff8	sw	-8(r29),r31; push ret addr
  609  000015f0  2fbd0018	subui	r29,r29,#24; alloc local storage
  610  000015f4  afa20000	sw	0(r29),r2
  611  000015f8  afa30004	sw	4(r29),r3
  612  000015fc  afa40008	sw	8(r29),r4
  613  00001600  83c20003	lb	r2,3(r30)
  614  00001604  20010000	addi	r1,r0,#0
  615  00001608  304300ff	andi	r3,r2,#0x00ff
  616  0000160c  6c64002f	sgtui	r4,r3,#47
  617  00001610  1080001c	beqz	r4,L7_LF2
  618  00001614  54000000	nop; delay slot nop
  619  00001618  304300ff	andi	r3,r2,#0x00ff
  620  0000161c  70640039	sleui	r4,r3,#57
  621  00001620  1480005c	bnez	r4,L6_LF2
  622  00001624  54000000	nop; delay slot nop
  623  00001628  08000004	j	L7_LF2
  624  0000162c  54000000	nop; delay slot nop
  625  00001630          	L7_LF2:
  626  00001630  304300ff	andi	r3,r2,#0x00ff
  627  00001634  6c640060	sgtui	r4,r3,#96
  628  00001638  1080001c	beqz	r4,L8_LF2
  629  0000163c  54000000	nop; delay slot nop
  630  00001640  304300ff	andi	r3,r2,#0x00ff
  631  00001644  70640066	sleui	r4,r3,#102
  632  00001648  14800034	bnez	r4,L6_LF2
  633  0000164c  54000000	nop; delay slot nop
  634  00001650  08000004	j	L8_LF2
  635  00001654  54000000	nop; delay slot nop
  636  00001658          	L8_LF2:
  637  00001658  304300ff	andi	r3,r2,#0x00ff
  638  0000165c  6c640040	sgtui	r4,r3,#64
  639  00001660  10800020	beqz	r4,L5_LF2
  640  00001664  54000000	nop; delay slot nop
  641  00001668  304300ff	andi	r3,r2,#0x00ff
  642  0000166c  70640041	sleui	r4,r3,#65
  643  00001670  1480000c	bnez	r4,L6_LF2
  644  00001674  54000000	nop; delay slot nop
  645  00001678  08000008	j	L5_LF2
  646  0000167c  54000000	nop; delay slot nop
  647  00001680          	L6_LF2:
  648  00001680  20010001	addi	r1,r0,#1
  649  00001684          	L5_LF2:
  650  00001684  08000004	j	L4_LF2
  651  00001688  54000000	nop; delay slot nop
  652  0000168c          	L4_LF2:
  653  0000168c  8fa20000	lw	r2,0(r29)
  654  00001690  8fa30004	lw	r3,4(r29)
  655  00001694  8fa40008	lw	r4,8(r29)
  656  00001698  8fdffff8	lw	r31,-8(r30)
  657  0000169c  001ee820	add	r29,r0,r30
  658  000016a0  8fdefffc	lw	r30,-4(r30)
  659  000016a4  4be00000	jr	r31
  660  000016a8  54000000	nop
  661  000016ac          	.endproc _isxdigit
  662  000016ac          	.align 2
  663  000016ac          	.proc _dstrcpy
  664  000016ac          	.global _dstrcpy
  665  000016ac          	_dstrcpy:
  666                      ;  Function 'dstrcpy'; 8 bytes of locals, 2 regs to save.
  667  000016ac  afbefffc	sw	-4(r29),r30; push fp
  668  000016b0  001df020	add	r30,r0,r29; fp = sp
  669  000016b4  afbffff8	sw	-8(r29),r31; push ret addr
  670  000016b8  2fbd0018	subui	r29,r29,#24; alloc local storage
  671  000016bc  afa20000	sw	0(r29),r2
  672  000016c0  afa30004	sw	4(r29),r3
  673  000016c4  8fc10000	lw	r1,(r30)
  674  000016c8  afc1fff4	sw	-12(r30),r1
  675  000016cc          	L10_LF2:
  676  000016cc  8fc10000	lw	r1,(r30)
  677  000016d0  20220001	addi	r2,r1,#1
  678  000016d4  afc20000	sw	(r30),r2
  679  000016d8  8fc20004	lw	r2,4(r30)
  680  000016dc  20430001	addi	r3,r2,#1
  681  000016e0  afc30004	sw	4(r30),r3
  682  000016e4  80420000	lb	r2,(r2)
  683  000016e8  a0220000	sb	(r1),r2
  684  000016ec  a3c2fff3	sb	-13(r30),r2
  685  000016f0          	L12_LF2:
  686  000016f0  93c1fff3	lbu	r1,-13(r30)
  687  000016f4  64220000	snei	r2,r1,#0
  688  000016f8  1440000c	bnez	r2,L13_LF2
  689  000016fc  54000000	nop; delay slot nop
  690  00001700  0800000c	j	L11_LF2
  691  00001704  54000000	nop; delay slot nop
  692  00001708          	L13_LF2:
  693  00001708  0bffffc0	j	L10_LF2
  694  0000170c  54000000	nop; delay slot nop
  695  00001710          	L11_LF2:
  696  00001710  8fc1fff4	lw	r1,-12(r30)
  697  00001714  08000004	j	L9_LF2
  698  00001718  54000000	nop; delay slot nop
  699  0000171c          	L9_LF2:
  700  0000171c  8fa20000	lw	r2,0(r29)
  701  00001720  8fa30004	lw	r3,4(r29)
  702  00001724  8fdffff8	lw	r31,-8(r30)
  703  00001728  001ee820	add	r29,r0,r30
  704  0000172c  8fdefffc	lw	r30,-4(r30)
  705  00001730  4be00000	jr	r31
  706  00001734  54000000	nop
  707  00001738          	.endproc _dstrcpy
  708  00001738          	.align 2
  709  00001738          	.proc _dstrncpy
  710  00001738          	.global _dstrncpy
  711  00001738          	_dstrncpy:
  712                      ;  Function 'dstrncpy'; 8 bytes of locals, 2 regs to save.
  713  00001738  afbefffc	sw	-4(r29),r30; push fp
  714  0000173c  001df020	add	r30,r0,r29; fp = sp
  715  00001740  afbffff8	sw	-8(r29),r31; push ret addr
  716  00001744  2fbd0018	subui	r29,r29,#24; alloc local storage
  717  00001748  afa20000	sw	0(r29),r2
  718  0000174c  afa30004	sw	4(r29),r3
  719  00001750  8fc10000	lw	r1,(r30)
  720  00001754  afc1fff4	sw	-12(r30),r1
  721  00001758          	L15_LF2:
  722  00001758  8fc10008	lw	r1,8(r30)
  723  0000175c  2022ffff	addi	r2,r1,#-1
  724  00001760  afc20008	sw	8(r30),r2
  725  00001764  70210000	slei	r1,r1,#0
  726  00001768  1020000c	beqz	r1,L18_LF2
  727  0000176c  54000000	nop; delay slot nop
  728  00001770  08000048	j	L16_LF2
  729  00001774  54000000	nop; delay slot nop
  730  00001778          	L18_LF2:
  731  00001778  8fc10000	lw	r1,(r30)
  732  0000177c  20220001	addi	r2,r1,#1
  733  00001780  afc20000	sw	(r30),r2
  734  00001784  8fc20004	lw	r2,4(r30)
  735  00001788  20430001	addi	r3,r2,#1
  736  0000178c  afc30004	sw	4(r30),r3
  737  00001790  80420000	lb	r2,(r2)
  738  00001794  a0220000	sb	(r1),r2
  739  00001798  a3c2fff3	sb	-13(r30),r2
  740  0000179c          	L17_LF2:
  741  0000179c  93c1fff3	lbu	r1,-13(r30)
  742  000017a0  64220000	snei	r2,r1,#0
  743  000017a4  1440000c	bnez	r2,L19_LF2
  744  000017a8  54000000	nop; delay slot nop
  745  000017ac  0800000c	j	L16_LF2
  746  000017b0  54000000	nop; delay slot nop
  747  000017b4          	L19_LF2:
  748  000017b4  0bffffa0	j	L15_LF2
  749  000017b8  54000000	nop; delay slot nop
  750  000017bc          	L16_LF2:
  751  000017bc  8fc1fff4	lw	r1,-12(r30)
  752  000017c0  08000004	j	L14_LF2
  753  000017c4  54000000	nop; delay slot nop
  754  000017c8          	L14_LF2:
  755  000017c8  8fa20000	lw	r2,0(r29)
  756  000017cc  8fa30004	lw	r3,4(r29)
  757  000017d0  8fdffff8	lw	r31,-8(r30)
  758  000017d4  001ee820	add	r29,r0,r30
  759  000017d8  8fdefffc	lw	r30,-4(r30)
  760  000017dc  4be00000	jr	r31
  761  000017e0  54000000	nop
  762  000017e4          	.endproc _dstrncpy
  763  000017e4          	.align 2
  764  000017e4          	.proc _dstrcat
  765  000017e4          	.global _dstrcat
  766  000017e4          	_dstrcat:
  767                      ;  Function 'dstrcat'; 8 bytes of locals, 1 regs to save.
  768  000017e4  afbefffc	sw	-4(r29),r30; push fp
  769  000017e8  001df020	add	r30,r0,r29; fp = sp
  770  000017ec  afbffff8	sw	-8(r29),r31; push ret addr
  771  000017f0  2fbd0018	subui	r29,r29,#24; alloc local storage
  772  000017f4  afa20000	sw	0(r29),r2
  773  000017f8  8fc10000	lw	r1,(r30)
  774  000017fc  afc1fff4	sw	-12(r30),r1
  775  00001800          	L21_LF2:
  776  00001800  8fc10000	lw	r1,(r30)
  777  00001804  90220000	lbu	r2,(r1)
  778  00001808  64410000	snei	r1,r2,#0
  779  0000180c  1420000c	bnez	r1,L23_LF2
  780  00001810  54000000	nop; delay slot nop
  781  00001814  0800001c	j	L22_LF2
  782  00001818  54000000	nop; delay slot nop
  783  0000181c          	L23_LF2:
  784  0000181c  8fc20000	lw	r2,(r30)
  785  00001820  20410001	addi	r1,r2,#1
  786  00001824  00011020	add	r2,r0,r1
  787  00001828  afc20000	sw	(r30),r2
  788  0000182c  0bffffd0	j	L21_LF2
  789  00001830  54000000	nop; delay slot nop
  790  00001834          	L22_LF2:
  791  00001834  23bdfff8	addi	r29,r29,#-8
  792  00001838  001d0820	add	r1,r0,r29
  793  0000183c  8fc20000	lw	r2,(r30)
  794  00001840  ac220000	sw	(r1),r2
  795  00001844  8fc20004	lw	r2,4(r30)
  796  00001848  ac220004	sw	4(r1),r2
  797  0000184c  0ffffe5c	jal	_dstrcpy
  798  00001850  54000000	nop; delay slot nop
  799  00001854  23bd0008	addi	r29,r29,#8
  800  00001858  8fc1fff4	lw	r1,-12(r30)
  801  0000185c  08000004	j	L20_LF2
  802  00001860  54000000	nop; delay slot nop
  803  00001864          	L20_LF2:
  804  00001864  8fa20000	lw	r2,0(r29)
  805  00001868  8fdffff8	lw	r31,-8(r30)
  806  0000186c  001ee820	add	r29,r0,r30
  807  00001870  8fdefffc	lw	r30,-4(r30)
  808  00001874  4be00000	jr	r31
  809  00001878  54000000	nop
  810  0000187c          	.endproc _dstrcat
  811  0000187c          	.align 2
  812  0000187c          	.proc _dstrncmp
  813  0000187c          	.global _dstrncmp
  814  0000187c          	_dstrncmp:
  815                      ;  Function 'dstrncmp'; 8 bytes of locals, 2 regs to save.
  816  0000187c  afbefffc	sw	-4(r29),r30; push fp
  817  00001880  001df020	add	r30,r0,r29; fp = sp
  818  00001884  afbffff8	sw	-8(r29),r31; push ret addr
  819  00001888  2fbd0018	subui	r29,r29,#24; alloc local storage
  820  0000188c  afa20000	sw	0(r29),r2
  821  00001890  afa30004	sw	4(r29),r3
  822  00001894  54000000	nop
  823  00001898  20010000	addi	r1,r0,#0
  824  0000189c  afc1fff4	sw	-12(r30),r1
  825  000018a0          	L25_LF2:
  826  000018a0  8fc1fff4	lw	r1,-12(r30)
  827  000018a4  8fc20008	lw	r2,8(r30)
  828  000018a8  0022082a	slt	r1,r1,r2
  829  000018ac  1420000c	bnez	r1,L28_LF2
  830  000018b0  54000000	nop; delay slot nop
  831  000018b4  08000088	j	L26_LF2
  832  000018b8  54000000	nop; delay slot nop
  833  000018bc          	L28_LF2:
  834  000018bc  8fc10004	lw	r1,4(r30)
  835  000018c0  90220000	lbu	r2,(r1)
  836  000018c4  64410000	snei	r1,r2,#0
  837  000018c8  14200018	bnez	r1,L29_LF2
  838  000018cc  54000000	nop; delay slot nop
  839  000018d0  20010000	addi	r1,r0,#0
  840  000018d4  080000d8	j	L24_LF2
  841  000018d8  54000000	nop; delay slot nop
  842  000018dc  08000028	j	L30_LF2
  843  000018e0  54000000	nop; delay slot nop
  844  000018e4          	L29_LF2:
  845  000018e4  8fc10000	lw	r1,(r30)
  846  000018e8  8fc20004	lw	r2,4(r30)
  847  000018ec  90210000	lbu	r1,(r1)
  848  000018f0  90420000	lbu	r2,(r2)
  849  000018f4  00220829	sne	r1,r1,r2
  850  000018f8  1020000c	beqz	r1,L30_LF2
  851  000018fc  54000000	nop; delay slot nop
  852  00001900  0800003c	j	L26_LF2
  853  00001904  54000000	nop; delay slot nop
  854  00001908          	L31_LF2:
  855  00001908          	L30_LF2:
  856  00001908  8fc20000	lw	r2,(r30)
  857  0000190c  20410001	addi	r1,r2,#1
  858  00001910  00011020	add	r2,r0,r1
  859  00001914  afc20000	sw	(r30),r2
  860  00001918  8fc20004	lw	r2,4(r30)
  861  0000191c  20410001	addi	r1,r2,#1
  862  00001920  00011020	add	r2,r0,r1
  863  00001924  afc20004	sw	4(r30),r2
  864  00001928          	L27_LF2:
  865  00001928  8fc2fff4	lw	r2,-12(r30)
  866  0000192c  20410001	addi	r1,r2,#1
  867  00001930  00011020	add	r2,r0,r1
  868  00001934  afc2fff4	sw	-12(r30),r2
  869  00001938  0bffff64	j	L25_LF2
  870  0000193c  54000000	nop; delay slot nop
  871  00001940          	L26_LF2:
  872  00001940  8fc1fff4	lw	r1,-12(r30)
  873  00001944  8fc20008	lw	r2,8(r30)
  874  00001948  00220828	seq	r1,r1,r2
  875  0000194c  10200018	beqz	r1,L32_LF2
  876  00001950  54000000	nop; delay slot nop
  877  00001954  20010000	addi	r1,r0,#0
  878  00001958  08000054	j	L24_LF2
  879  0000195c  54000000	nop; delay slot nop
  880  00001960  0800004c	j	L33_LF2
  881  00001964  54000000	nop; delay slot nop
  882  00001968          	L32_LF2:
  883  00001968  8fc20000	lw	r2,(r30)
  884  0000196c  90410000	lbu	r1,(r2)
  885  00001970  8fc20004	lw	r2,4(r30)
  886  00001974  90430000	lbu	r3,(r2)
  887  00001978  00230822	sub	r1,r1,r3
  888  0000197c  74220000	sgei	r2,r1,#0
  889  00001980  10400020	beqz	r2,L34_LF2
  890  00001984  54000000	nop; delay slot nop
  891  00001988  8fc10000	lw	r1,(r30)
  892  0000198c  8fc20004	lw	r2,4(r30)
  893  00001990  90210000	lbu	r1,(r1)
  894  00001994  90420000	lbu	r2,(r2)
  895  00001998  00220829	sne	r1,r1,r2
  896  0000199c  08000008	j	L35_LF2
  897  000019a0  54000000	nop; delay slot nop
  898  000019a4          	L34_LF2:
  899  000019a4  2001ffff	addi	r1,r0,#-1
  900  000019a8          	L35_LF2:
  901  000019a8  08000004	j	L24_LF2
  902  000019ac  54000000	nop; delay slot nop
  903  000019b0          	L33_LF2:
  904  000019b0          	L24_LF2:
  905  000019b0  8fa20000	lw	r2,0(r29)
  906  000019b4  8fa30004	lw	r3,4(r29)
  907  000019b8  8fdffff8	lw	r31,-8(r30)
  908  000019bc  001ee820	add	r29,r0,r30
  909  000019c0  8fdefffc	lw	r30,-4(r30)
  910  000019c4  4be00000	jr	r31
  911  000019c8  54000000	nop
  912  000019cc          	.endproc _dstrncmp
  913  000019cc          	.align 2
  914  000019cc          	.proc _dstrlen
  915  000019cc          	.global _dstrlen
  916  000019cc          	_dstrlen:
  917                      ;  Function 'dstrlen'; 8 bytes of locals, 1 regs to save.
  918  000019cc  afbefffc	sw	-4(r29),r30; push fp
  919  000019d0  001df020	add	r30,r0,r29; fp = sp
  920  000019d4  afbffff8	sw	-8(r29),r31; push ret addr
  921  000019d8  2fbd0018	subui	r29,r29,#24; alloc local storage
  922  000019dc  afa20000	sw	0(r29),r2
  923  000019e0  20010000	addi	r1,r0,#0
  924  000019e4  afc1fff4	sw	-12(r30),r1
  925  000019e8          	L37_LF2:
  926  000019e8  8fc10000	lw	r1,(r30)
  927  000019ec  20220001	addi	r2,r1,#1
  928  000019f0  afc20000	sw	(r30),r2
  929  000019f4  90210000	lbu	r1,(r1)
  930  000019f8  64220000	snei	r2,r1,#0
  931  000019fc  1440000c	bnez	r2,L39_LF2
  932  00001a00  54000000	nop; delay slot nop
  933  00001a04  0800001c	j	L38_LF2
  934  00001a08  54000000	nop; delay slot nop
  935  00001a0c          	L39_LF2:
  936  00001a0c  8fc2fff4	lw	r2,-12(r30)
  937  00001a10  20410001	addi	r1,r2,#1
  938  00001a14  00011020	add	r2,r0,r1
  939  00001a18  afc2fff4	sw	-12(r30),r2
  940  00001a1c  0bffffc8	j	L37_LF2
  941  00001a20  54000000	nop; delay slot nop
  942  00001a24          	L38_LF2:
  943  00001a24  8fc1fff4	lw	r1,-12(r30)
  944  00001a28  08000004	j	L36_LF2
  945  00001a2c  54000000	nop; delay slot nop
  946  00001a30          	L36_LF2:
  947  00001a30  8fa20000	lw	r2,0(r29)
  948  00001a34  8fdffff8	lw	r31,-8(r30)
  949  00001a38  001ee820	add	r29,r0,r30
  950  00001a3c  8fdefffc	lw	r30,-4(r30)
  951  00001a40  4be00000	jr	r31
  952  00001a44  54000000	nop
  953  00001a48          	.endproc _dstrlen
  954  00001a48          	.align 2
  955  00001a48          	.proc _dstrstr
  956  00001a48          	.global _dstrstr
  957  00001a48          	_dstrstr:
  958                      ;  Function 'dstrstr'; 8 bytes of locals, 1 regs to save.
  959  00001a48  afbefffc	sw	-4(r29),r30; push fp
  960  00001a4c  001df020	add	r30,r0,r29; fp = sp
  961  00001a50  afbffff8	sw	-8(r29),r31; push ret addr
  962  00001a54  2fbd0018	subui	r29,r29,#24; alloc local storage
  963  00001a58  afa20000	sw	0(r29),r2
  964  00001a5c  23bdfff8	addi	r29,r29,#-8
  965  00001a60  001d0820	add	r1,r0,r29
  966  00001a64  8fc20004	lw	r2,4(r30)
  967  00001a68  ac220000	sw	(r1),r2
  968  00001a6c  0fffff5c	jal	_dstrlen
  969  00001a70  54000000	nop; delay slot nop
  970  00001a74  23bd0008	addi	r29,r29,#8
  971  00001a78  afc1fff4	sw	-12(r30),r1
  972  00001a7c          	L41_LF2:
  973  00001a7c  8fc10000	lw	r1,(r30)
  974  00001a80  90220000	lbu	r2,(r1)
  975  00001a84  64410000	snei	r1,r2,#0
  976  00001a88  1420000c	bnez	r1,L43_LF2
  977  00001a8c  54000000	nop; delay slot nop
  978  00001a90  08000060	j	L42_LF2
  979  00001a94  54000000	nop; delay slot nop
  980  00001a98          	L43_LF2:
  981  00001a98  23bdfff0	addi	r29,r29,#-16
  982  00001a9c  001d0820	add	r1,r0,r29
  983  00001aa0  8fc20000	lw	r2,(r30)
  984  00001aa4  ac220000	sw	(r1),r2
  985  00001aa8  8fc20004	lw	r2,4(r30)
  986  00001aac  ac220004	sw	4(r1),r2
  987  00001ab0  8fc2fff4	lw	r2,-12(r30)
  988  00001ab4  ac220008	sw	8(r1),r2
  989  00001ab8  0ffffdc0	jal	_dstrncmp
  990  00001abc  54000000	nop; delay slot nop
  991  00001ac0  23bd0010	addi	r29,r29,#16
  992  00001ac4  64220000	snei	r2,r1,#0
  993  00001ac8  14400010	bnez	r2,L44_LF2
  994  00001acc  54000000	nop; delay slot nop
  995  00001ad0  8fc10000	lw	r1,(r30)
  996  00001ad4  08000028	j	L40_LF2
  997  00001ad8  54000000	nop; delay slot nop
  998  00001adc          	L44_LF2:
  999  00001adc  8fc20000	lw	r2,(r30)
 1000  00001ae0  20410001	addi	r1,r2,#1
 1001  00001ae4  00011020	add	r2,r0,r1
 1002  00001ae8  afc20000	sw	(r30),r2
 1003  00001aec  0bffff8c	j	L41_LF2
 1004  00001af0  54000000	nop; delay slot nop
 1005  00001af4          	L42_LF2:
 1006  00001af4  20010000	addi	r1,r0,#0
 1007  00001af8  08000004	j	L40_LF2
 1008  00001afc  54000000	nop; delay slot nop
 1009  00001b00          	L40_LF2:
 1010  00001b00  8fa20000	lw	r2,0(r29)
 1011  00001b04  8fdffff8	lw	r31,-8(r30)
 1012  00001b08  001ee820	add	r29,r0,r30
 1013  00001b0c  8fdefffc	lw	r30,-4(r30)
 1014  00001b10  4be00000	jr	r31
 1015  00001b14  54000000	nop
 1016  00001b18          	.endproc _dstrstr
 1017  00001b18          	.align 2
 1018  00001b18          	.proc _dmindex
 1019  00001b18          	.global _dmindex
 1020  00001b18          	_dmindex:
 1021                      ;  Function 'dmindex'; 8 bytes of locals, 1 regs to save.
 1022  00001b18  afbefffc	sw	-4(r29),r30; push fp
 1023  00001b1c  001df020	add	r30,r0,r29; fp = sp
 1024  00001b20  afbffff8	sw	-8(r29),r31; push ret addr
 1025  00001b24  2fbd0018	subui	r29,r29,#24; alloc local storage
 1026  00001b28  afa20000	sw	0(r29),r2
 1027  00001b2c  54000000	nop
 1028  00001b30          	L46_LF2:
 1029  00001b30  8fc10000	lw	r1,(r30)
 1030  00001b34  90220000	lbu	r2,(r1)
 1031  00001b38  64410000	snei	r1,r2,#0
 1032  00001b3c  1420000c	bnez	r1,L48_LF2
 1033  00001b40  54000000	nop; delay slot nop
 1034  00001b44  08000070	j	L47_LF2
 1035  00001b48  54000000	nop; delay slot nop
 1036  00001b4c          	L48_LF2:
 1037  00001b4c  8fc10004	lw	r1,4(r30)
 1038  00001b50  afc1fff4	sw	-12(r30),r1
 1039  00001b54          	L49_LF2:
 1040  00001b54  8fc1fff4	lw	r1,-12(r30)
 1041  00001b58  90220000	lbu	r2,(r1)
 1042  00001b5c  64410000	snei	r1,r2,#0
 1043  00001b60  1420000c	bnez	r1,L52_LF2
 1044  00001b64  54000000	nop; delay slot nop
 1045  00001b68  08000044	j	L50_LF2
 1046  00001b6c  54000000	nop; delay slot nop
 1047  00001b70          	L52_LF2:
 1048  00001b70  8fc10000	lw	r1,(r30)
 1049  00001b74  8fc2fff4	lw	r2,-12(r30)
 1050  00001b78  90210000	lbu	r1,(r1)
 1051  00001b7c  90420000	lbu	r2,(r2)
 1052  00001b80  00220828	seq	r1,r1,r2
 1053  00001b84  10200010	beqz	r1,L51_LF2
 1054  00001b88  54000000	nop; delay slot nop
 1055  00001b8c  8fc10000	lw	r1,(r30)
 1056  00001b90  08000030	j	L45_LF2
 1057  00001b94  54000000	nop; delay slot nop
 1058  00001b98          	L53_LF2:
 1059  00001b98          	L51_LF2:
 1060  00001b98  8fc2fff4	lw	r2,-12(r30)
 1061  00001b9c  20410001	addi	r1,r2,#1
 1062  00001ba0  00011020	add	r2,r0,r1
 1063  00001ba4  afc2fff4	sw	-12(r30),r2
 1064  00001ba8  0bffffa8	j	L49_LF2
 1065  00001bac  54000000	nop; delay slot nop
 1066  00001bb0          	L50_LF2:
 1067  00001bb0  0bffff7c	j	L46_LF2
 1068  00001bb4  54000000	nop; delay slot nop
 1069  00001bb8          	L47_LF2:
 1070  00001bb8  20010000	addi	r1,r0,#0
 1071  00001bbc  08000004	j	L45_LF2
 1072  00001bc0  54000000	nop; delay slot nop
 1073  00001bc4          	L45_LF2:
 1074  00001bc4  8fa20000	lw	r2,0(r29)
 1075  00001bc8  8fdffff8	lw	r31,-8(r30)
 1076  00001bcc  001ee820	add	r29,r0,r30
 1077  00001bd0  8fdefffc	lw	r30,-4(r30)
 1078  00001bd4  4be00000	jr	r31
 1079  00001bd8  54000000	nop
 1080  00001bdc          	.endproc _dmindex
 1081  00001bdc          	.align 2
 1082  00001bdc          	.proc _dindex
 1083  00001bdc          	.global _dindex
 1084  00001bdc          	_dindex:
 1085                      ;  Function 'dindex'; 0 bytes of locals, 1 regs to save.
 1086  00001bdc  afbefffc	sw	-4(r29),r30; push fp
 1087  00001be0  001df020	add	r30,r0,r29; fp = sp
 1088  00001be4  afbffff8	sw	-8(r29),r31; push ret addr
 1089  00001be8  2fbd0010	subui	r29,r29,#16; alloc local storage
 1090  00001bec  afa20000	sw	0(r29),r2
 1091  00001bf0  54000000	nop
 1092  00001bf4          	L55_LF2:
 1093  00001bf4  8fc10000	lw	r1,(r30)
 1094  00001bf8  90220000	lbu	r2,(r1)
 1095  00001bfc  64410000	snei	r1,r2,#0
 1096  00001c00  1420000c	bnez	r1,L57_LF2
 1097  00001c04  54000000	nop; delay slot nop
 1098  00001c08  08000040	j	L56_LF2
 1099  00001c0c  54000000	nop; delay slot nop
 1100  00001c10          	L57_LF2:
 1101  00001c10  8fc10000	lw	r1,(r30)
 1102  00001c14  90220000	lbu	r2,(r1)
 1103  00001c18  8fc10004	lw	r1,4(r30)
 1104  00001c1c  00411028	seq	r2,r2,r1
 1105  00001c20  10400010	beqz	r2,L58_LF2
 1106  00001c24  54000000	nop; delay slot nop
 1107  00001c28  8fc10000	lw	r1,(r30)
 1108  00001c2c  08000028	j	L54_LF2
 1109  00001c30  54000000	nop; delay slot nop
 1110  00001c34          	L58_LF2:
 1111  00001c34  8fc20000	lw	r2,(r30)
 1112  00001c38  20410001	addi	r1,r2,#1
 1113  00001c3c  00011020	add	r2,r0,r1
 1114  00001c40  afc20000	sw	(r30),r2
 1115  00001c44  0bffffac	j	L55_LF2
 1116  00001c48  54000000	nop; delay slot nop
 1117  00001c4c          	L56_LF2:
 1118  00001c4c  20010000	addi	r1,r0,#0
 1119  00001c50  08000004	j	L54_LF2
 1120  00001c54  54000000	nop; delay slot nop
 1121  00001c58          	L54_LF2:
 1122  00001c58  8fa20000	lw	r2,0(r29)
 1123  00001c5c  8fdffff8	lw	r31,-8(r30)
 1124  00001c60  001ee820	add	r29,r0,r30
 1125  00001c64  8fdefffc	lw	r30,-4(r30)
 1126  00001c68  4be00000	jr	r31
 1127  00001c6c  54000000	nop
 1128  00001c70          	.endproc _dindex
 1129  00001c70          	.align 2
 1130  00001c70          	.proc _ditoa
 1131  00001c70          	.global _ditoa
 1132  00001c70          	_ditoa:
 1133                      ;  Function 'ditoa'; 8 bytes of locals, 2 regs to save.
 1134  00001c70  afbefffc	sw	-4(r29),r30; push fp
 1135  00001c74  001df020	add	r30,r0,r29; fp = sp
 1136  00001c78  afbffff8	sw	-8(r29),r31; push ret addr
 1137  00001c7c  2fbd0018	subui	r29,r29,#24; alloc local storage
 1138  00001c80  afa20000	sw	0(r29),r2
 1139  00001c84  afa30004	sw	4(r29),r3
 1140  00001c88  8fc10000	lw	r1,(r30)
 1141  00001c8c  68220000	slti	r2,r1,#0
 1142  00001c90  1040002c	beqz	r2,L60_LF2
 1143  00001c94  54000000	nop; delay slot nop
 1144  00001c98  8fc10004	lw	r1,4(r30)
 1145  00001c9c  20220001	addi	r2,r1,#1
 1146  00001ca0  afc20004	sw	4(r30),r2
 1147  00001ca4  2002002d	addi	r2,r0,(#0x2d)&0xff
 1148  00001ca8  a0220000	sb	(r1),r2
 1149  00001cac  8fc10000	lw	r1,(r30)
 1150  00001cb0  00011022	sub	r2,r0,r1
 1151  00001cb4  afc20000	sw	(r30),r2
 1152  00001cb8  08000118	j	L61_LF2
 1153  00001cbc  54000000	nop; delay slot nop
 1154  00001cc0          	L60_LF2:
 1155  00001cc0  8fc10000	lw	r1,(r30)
 1156  00001cc4  64220000	snei	r2,r1,#0
 1157  00001cc8  14400020	bnez	r2,L62_LF2
 1158  00001ccc  54000000	nop; delay slot nop
 1159  00001cd0  8fc10004	lw	r1,4(r30)
 1160  00001cd4  20220001	addi	r2,r1,#1
 1161  00001cd8  afc20004	sw	4(r30),r2
 1162  00001cdc  20020030	addi	r2,r0,(#0x30)&0xff
 1163  00001ce0  a0220000	sb	(r1),r2
 1164  00001ce4  080000ec	j	L61_LF2
 1165  00001ce8  54000000	nop; delay slot nop
 1166  00001cec          	L62_LF2:
 1167  00001cec  20010001	addi	r1,r0,#1
 1168  00001cf0  afc1fff4	sw	-12(r30),r1
 1169  00001cf4          	L64_LF2:
 1170  00001cf4  8fc1fff4	lw	r1,-12(r30)
 1171  00001cf8  8fc20000	lw	r2,(r30)
 1172  00001cfc  0022082c	sle	r1,r1,r2
 1173  00001d00  1420000c	bnez	r1,L66_LF2
 1174  00001d04  54000000	nop; delay slot nop
 1175  00001d08  08000024	j	L65_LF2
 1176  00001d0c  54000000	nop; delay slot nop
 1177  00001d10          	L67_LF2:
 1178  00001d10          	L66_LF2:
 1179  00001d10  8fc1fff4	lw	r1,-12(r30)
 1180  00001d14  00011820	add	r3,r0,r1
 1181  00001d18  50620002	slli	r2,r3,#0x2
 1182  00001d1c  00411020	add	r2,r2,r1
 1183  00001d20  50410001	slli	r1,r2,#0x1
 1184  00001d24  afc1fff4	sw	-12(r30),r1
 1185  00001d28  0bffffc8	j	L64_LF2
 1186  00001d2c  54000000	nop; delay slot nop
 1187  00001d30          	L65_LF2:
 1188  00001d30  54000000	nop
 1189  00001d34          	L68_LF2:
 1190  00001d34  8fc1fff4	lw	r1,-12(r30)
 1191  00001d38  2002000a	addi	r2,r0,#10
 1192  00001d3c  00200035	movi2fp	f0,r1
 1193  00001d40  00400835	movi2fp	f1,r2
 1194  00001d44  0401000f	div	f0,f0,f1
 1195  00001d48  00000834	movfp2i	r1,f0
 1196  00001d4c  afc1fff4	sw	-12(r30),r1
 1197  00001d50  8fc10004	lw	r1,4(r30)
 1198  00001d54  20220001	addi	r2,r1,#1
 1199  00001d58  afc20004	sw	4(r30),r2
 1200  00001d5c  8fc20000	lw	r2,(r30)
 1201  00001d60  8fc3fff4	lw	r3,-12(r30)
 1202  00001d64  00400035	movi2fp	f0,r2
 1203  00001d68  00600835	movi2fp	f1,r3
 1204  00001d6c  0401000f	div	f0,f0,f1
 1205  00001d70  00001034	movfp2i	r2,f0
 1206  00001d74  00021820	add	r3,r0,r2
 1207  00001d78  20620030	addi	r2,r3,#48
 1208  00001d7c  a0220000	sb	(r1),r2
 1209  00001d80  8fc10000	lw	r1,(r30)
 1210  00001d84  8fc3fff4	lw	r3,-12(r30)
 1211  00001d88  00200035	movi2fp	f0,r1
 1212  00001d8c  00600835	movi2fp	f1,r3
 1213  00001d90  0401000f	div	f0,f0,f1
 1214  00001d94  00001034	movfp2i	r2,f0
 1215  00001d98  8fc3fff4	lw	r3,-12(r30)
 1216  00001d9c  00400035	movi2fp	f0,r2
 1217  00001da0  00600835	movi2fp	f1,r3
 1218  00001da4  0401000e	mult	f0,f0,f1
 1219  00001da8  00001034	movfp2i	r2,f0
 1220  00001dac  00220822	sub	r1,r1,r2
 1221  00001db0  afc10000	sw	(r30),r1
 1222  00001db4          	L70_LF2:
 1223  00001db4  8fc1fff4	lw	r1,-12(r30)
 1224  00001db8  6c220001	sgti	r2,r1,#1
 1225  00001dbc  1440000c	bnez	r2,L71_LF2
 1226  00001dc0  54000000	nop; delay slot nop
 1227  00001dc4  0800000c	j	L61_LF2
 1228  00001dc8  54000000	nop; delay slot nop
 1229  00001dcc          	L71_LF2:
 1230  00001dcc  0bffff64	j	L68_LF2
 1231  00001dd0  54000000	nop; delay slot nop
 1232  00001dd4          	L69_LF2:
 1233  00001dd4          	L63_LF2:
 1234  00001dd4          	L61_LF2:
 1235  00001dd4  8fc10004	lw	r1,4(r30)
 1236  00001dd8  20020000	addi	r2,r0,(#0x0)&0xff
 1237  00001ddc  a0220000	sb	(r1),r2
 1238  00001de0          	L59_LF2:
 1239  00001de0  8fa20000	lw	r2,0(r29)
 1240  00001de4  8fa30004	lw	r3,4(r29)
 1241  00001de8  8fdffff8	lw	r31,-8(r30)
 1242  00001dec  001ee820	add	r29,r0,r30
 1243  00001df0  8fdefffc	lw	r30,-4(r30)
 1244  00001df4  4be00000	jr	r31
 1245  00001df8  54000000	nop
 1246  00001dfc          	.endproc _ditoa
 1247  00001dfc          	.align 2
 1248  00001dfc          	.proc _dstrtol
 1249  00001dfc          	.global _dstrtol
 1250  00001dfc          	_dstrtol:
 1251                      ;  Function 'dstrtol'; 16 bytes of locals, 1 regs to save.
 1252  00001dfc  afbefffc	sw	-4(r29),r30; push fp
 1253  00001e00  001df020	add	r30,r0,r29; fp = sp
 1254  00001e04  afbffff8	sw	-8(r29),r31; push ret addr
 1255  00001e08  2fbd0020	subui	r29,r29,#32; alloc local storage
 1256  00001e0c  afa20000	sw	0(r29),r2
 1257  00001e10  20010000	addi	r1,r0,#0
 1258  00001e14  afc1fff4	sw	-12(r30),r1
 1259  00001e18          	L73_LF2:
 1260  00001e18  8fc10000	lw	r1,(r30)
 1261  00001e1c  90220000	lbu	r2,(r1)
 1262  00001e20  60410020	seqi	r1,r2,#32
 1263  00001e24  14200034	bnez	r1,L75_LF2
 1264  00001e28  54000000	nop; delay slot nop
 1265  00001e2c  8fc10000	lw	r1,(r30)
 1266  00001e30  90220000	lbu	r2,(r1)
 1267  00001e34  60410009	seqi	r1,r2,#9
 1268  00001e38  14200020	bnez	r1,L75_LF2
 1269  00001e3c  54000000	nop; delay slot nop
 1270  00001e40  8fc10000	lw	r1,(r30)
 1271  00001e44  90220000	lbu	r2,(r1)
 1272  00001e48  6041000a	seqi	r1,r2,#10
 1273  00001e4c  1420000c	bnez	r1,L75_LF2
 1274  00001e50  54000000	nop; delay slot nop
 1275  00001e54  0800001c	j	L74_LF2
 1276  00001e58  54000000	nop; delay slot nop
 1277  00001e5c          	L75_LF2:
 1278  00001e5c  8fc20000	lw	r2,(r30)
 1279  00001e60  20410001	addi	r1,r2,#1
 1280  00001e64  00011020	add	r2,r0,r1
 1281  00001e68  afc20000	sw	(r30),r2
 1282  00001e6c  0bffffa8	j	L73_LF2
 1283  00001e70  54000000	nop; delay slot nop
 1284  00001e74          	L74_LF2:
 1285  00001e74  8fc10004	lw	r1,4(r30)
 1286  00001e78  64220000	snei	r2,r1,#0
 1287  00001e7c  10400010	beqz	r2,L76_LF2
 1288  00001e80  54000000	nop; delay slot nop
 1289  00001e84  8fc10004	lw	r1,4(r30)
 1290  00001e88  8fc20000	lw	r2,(r30)
 1291  00001e8c  ac220000	sw	(r1),r2
 1292  00001e90          	L76_LF2:
 1293  00001e90  8fc10000	lw	r1,(r30)
 1294  00001e94  90220000	lbu	r2,(r1)
 1295  00001e98  64410000	snei	r1,r2,#0
 1296  00001e9c  14200010	bnez	r1,L77_LF2
 1297  00001ea0  54000000	nop; delay slot nop
 1298  00001ea4  8fc1fff4	lw	r1,-12(r30)
 1299  00001ea8  08000294	j	L72_LF2
 1300  00001eac  54000000	nop; delay slot nop
 1301  00001eb0          	L77_LF2:
 1302  00001eb0  8fc10000	lw	r1,(r30)
 1303  00001eb4  90220000	lbu	r2,(r1)
 1304  00001eb8  6041002d	seqi	r1,r2,#45
 1305  00001ebc  10200024	beqz	r1,L78_LF2
 1306  00001ec0  54000000	nop; delay slot nop
 1307  00001ec4  2001ffff	addi	r1,r0,#-1
 1308  00001ec8  afc1ffec	sw	-20(r30),r1
 1309  00001ecc  8fc20000	lw	r2,(r30)
 1310  00001ed0  20410001	addi	r1,r2,#1
 1311  00001ed4  00011020	add	r2,r0,r1
 1312  00001ed8  afc20000	sw	(r30),r2
 1313  00001edc  0800000c	j	L79_LF2
 1314  00001ee0  54000000	nop; delay slot nop
 1315  00001ee4          	L78_LF2:
 1316  00001ee4  20010001	addi	r1,r0,#1
 1317  00001ee8  afc1ffec	sw	-20(r30),r1
 1318  00001eec          	L79_LF2:
 1319  00001eec  8fc10008	lw	r1,8(r30)
 1320  00001ef0  64220000	snei	r2,r1,#0
 1321  00001ef4  14400090	bnez	r2,L80_LF2
 1322  00001ef8  54000000	nop; delay slot nop
 1323  00001efc  8fc10000	lw	r1,(r30)
 1324  00001f00  90220000	lbu	r2,(r1)
 1325  00001f04  60410030	seqi	r1,r2,#48
 1326  00001f08  10200074	beqz	r1,L81_LF2
 1327  00001f0c  54000000	nop; delay slot nop
 1328  00001f10  8fc20000	lw	r2,(r30)
 1329  00001f14  20410001	addi	r1,r2,#1
 1330  00001f18  00011020	add	r2,r0,r1
 1331  00001f1c  afc20000	sw	(r30),r2
 1332  00001f20  8fc10000	lw	r1,(r30)
 1333  00001f24  90220000	lbu	r2,(r1)
 1334  00001f28  60410078	seqi	r1,r2,#120
 1335  00001f2c  14200020	bnez	r1,L83_LF2
 1336  00001f30  54000000	nop; delay slot nop
 1337  00001f34  8fc10000	lw	r1,(r30)
 1338  00001f38  90220000	lbu	r2,(r1)
 1339  00001f3c  60410058	seqi	r1,r2,#88
 1340  00001f40  1420000c	bnez	r1,L83_LF2
 1341  00001f44  54000000	nop; delay slot nop
 1342  00001f48  08000024	j	L82_LF2
 1343  00001f4c  54000000	nop; delay slot nop
 1344  00001f50          	L83_LF2:
 1345  00001f50  20010010	addi	r1,r0,#16
 1346  00001f54  afc10008	sw	8(r30),r1
 1347  00001f58  8fc20000	lw	r2,(r30)
 1348  00001f5c  20410001	addi	r1,r2,#1
 1349  00001f60  00011020	add	r2,r0,r1
 1350  00001f64  afc20000	sw	(r30),r2
 1351  00001f68  0800000c	j	L84_LF2
 1352  00001f6c  54000000	nop; delay slot nop
 1353  00001f70          	L82_LF2:
 1354  00001f70  20010008	addi	r1,r0,#8
 1355  00001f74  afc10008	sw	8(r30),r1
 1356  00001f78          	L84_LF2:
 1357  00001f78  0800000c	j	L80_LF2
 1358  00001f7c  54000000	nop; delay slot nop
 1359  00001f80          	L81_LF2:
 1360  00001f80  2001000a	addi	r1,r0,#10
 1361  00001f84  afc10008	sw	8(r30),r1
 1362  00001f88          	L85_LF2:
 1363  00001f88          	L80_LF2:
 1364  00001f88  8fc10008	lw	r1,8(r30)
 1365  00001f8c  70220000	slei	r2,r1,#0
 1366  00001f90  1440001c	bnez	r2,L87_LF2
 1367  00001f94  54000000	nop; delay slot nop
 1368  00001f98  8fc10008	lw	r1,8(r30)
 1369  00001f9c  6c220010	sgti	r2,r1,#16
 1370  00001fa0  1440000c	bnez	r2,L87_LF2
 1371  00001fa4  54000000	nop; delay slot nop
 1372  00001fa8  08000010	j	L86_LF2
 1373  00001fac  54000000	nop; delay slot nop
 1374  00001fb0          	L87_LF2:
 1375  00001fb0  8fc1fff4	lw	r1,-12(r30)
 1376  00001fb4  08000188	j	L72_LF2
 1377  00001fb8  54000000	nop; delay slot nop
 1378  00001fbc          	L86_LF2:
 1379  00001fbc  54000000	nop
 1380  00001fc0          	L88_LF2:
 1381  00001fc0  8fc10000	lw	r1,(r30)
 1382  00001fc4  90220000	lbu	r2,(r1)
 1383  00001fc8  6c41002f	sgtui	r1,r2,#47
 1384  00001fcc  10200030	beqz	r1,L91_LF2
 1385  00001fd0  54000000	nop; delay slot nop
 1386  00001fd4  8fc10000	lw	r1,(r30)
 1387  00001fd8  90220000	lbu	r2,(r1)
 1388  00001fdc  70410039	sleui	r1,r2,#57
 1389  00001fe0  1020001c	beqz	r1,L91_LF2
 1390  00001fe4  54000000	nop; delay slot nop
 1391  00001fe8  8fc10000	lw	r1,(r30)
 1392  00001fec  90220000	lbu	r2,(r1)
 1393  00001ff0  2041ffd0	addi	r1,r2,#-48
 1394  00001ff4  afc1fff0	sw	-16(r30),r1
 1395  00001ff8  0800008c	j	L92_LF2
 1396  00001ffc  54000000	nop; delay slot nop
 1397  00002000          	L91_LF2:
 1398  00002000  8fc10000	lw	r1,(r30)
 1399  00002004  90220000	lbu	r2,(r1)
 1400  00002008  6c410060	sgtui	r1,r2,#96
 1401  0000200c  10200030	beqz	r1,L93_LF2
 1402  00002010  54000000	nop; delay slot nop
 1403  00002014  8fc10000	lw	r1,(r30)
 1404  00002018  90220000	lbu	r2,(r1)
 1405  0000201c  7041007a	sleui	r1,r2,#122
 1406  00002020  1020001c	beqz	r1,L93_LF2
 1407  00002024  54000000	nop; delay slot nop
 1408  00002028  8fc10000	lw	r1,(r30)
 1409  0000202c  90220000	lbu	r2,(r1)
 1410  00002030  2041ffa9	addi	r1,r2,#-87
 1411  00002034  afc1fff0	sw	-16(r30),r1
 1412  00002038  0800004c	j	L92_LF2
 1413  0000203c  54000000	nop; delay slot nop
 1414  00002040          	L93_LF2:
 1415  00002040  8fc10000	lw	r1,(r30)
 1416  00002044  90220000	lbu	r2,(r1)
 1417  00002048  6c410040	sgtui	r1,r2,#64
 1418  0000204c  10200030	beqz	r1,L95_LF2
 1419  00002050  54000000	nop; delay slot nop
 1420  00002054  8fc10000	lw	r1,(r30)
 1421  00002058  90220000	lbu	r2,(r1)
 1422  0000205c  7041005a	sleui	r1,r2,#90
 1423  00002060  1020001c	beqz	r1,L95_LF2
 1424  00002064  54000000	nop; delay slot nop
 1425  00002068  8fc10000	lw	r1,(r30)
 1426  0000206c  90220000	lbu	r2,(r1)
 1427  00002070  2041ffc9	addi	r1,r2,#-55
 1428  00002074  afc1fff0	sw	-16(r30),r1
 1429  00002078  0800000c	j	L92_LF2
 1430  0000207c  54000000	nop; delay slot nop
 1431  00002080          	L95_LF2:
 1432  00002080  200103e8	addi	r1,r0,#1000
 1433  00002084  afc1fff0	sw	-16(r30),r1
 1434  00002088          	L96_LF2:
 1435  00002088          	L94_LF2:
 1436  00002088          	L92_LF2:
 1437  00002088  8fc1fff0	lw	r1,-16(r30)
 1438  0000208c  8fc20008	lw	r2,8(r30)
 1439  00002090  0022082a	slt	r1,r1,r2
 1440  00002094  10200040	beqz	r1,L90_LF2
 1441  00002098  54000000	nop; delay slot nop
 1442  0000209c  8fc1fff4	lw	r1,-12(r30)
 1443  000020a0  8fc20008	lw	r2,8(r30)
 1444  000020a4  00200035	movi2fp	f0,r1
 1445  000020a8  00400835	movi2fp	f1,r2
 1446  000020ac  0401000e	mult	f0,f0,f1
 1447  000020b0  00000834	movfp2i	r1,f0
 1448  000020b4  afc1fff4	sw	-12(r30),r1
 1449  000020b8  8fc1fff4	lw	r1,-12(r30)
 1450  000020bc  8fc2fff0	lw	r2,-16(r30)
 1451  000020c0  00220820	add	r1,r1,r2
 1452  000020c4  afc1fff4	sw	-12(r30),r1
 1453  000020c8  8fc20000	lw	r2,(r30)
 1454  000020cc  20410001	addi	r1,r2,#1
 1455  000020d0  00011020	add	r2,r0,r1
 1456  000020d4  afc20000	sw	(r30),r2
 1457  000020d8          	L97_LF2:
 1458  000020d8          	L90_LF2:
 1459  000020d8  8fc1fff0	lw	r1,-16(r30)
 1460  000020dc  8fc20008	lw	r2,8(r30)
 1461  000020e0  0022082a	slt	r1,r1,r2
 1462  000020e4  1420000c	bnez	r1,L98_LF2
 1463  000020e8  54000000	nop; delay slot nop
 1464  000020ec  0800000c	j	L89_LF2
 1465  000020f0  54000000	nop; delay slot nop
 1466  000020f4          	L98_LF2:
 1467  000020f4  0bfffec8	j	L88_LF2
 1468  000020f8  54000000	nop; delay slot nop
 1469  000020fc          	L89_LF2:
 1470  000020fc  8fc10004	lw	r1,4(r30)
 1471  00002100  64220000	snei	r2,r1,#0
 1472  00002104  10400010	beqz	r2,L99_LF2
 1473  00002108  54000000	nop; delay slot nop
 1474  0000210c  8fc10004	lw	r1,4(r30)
 1475  00002110  8fc20000	lw	r2,(r30)
 1476  00002114  ac220000	sw	(r1),r2
 1477  00002118          	L99_LF2:
 1478  00002118  8fc1fff4	lw	r1,-12(r30)
 1479  0000211c  8fc2ffec	lw	r2,-20(r30)
 1480  00002120  00200035	movi2fp	f0,r1
 1481  00002124  00400835	movi2fp	f1,r2
 1482  00002128  0401000e	mult	f0,f0,f1
 1483  0000212c  00000834	movfp2i	r1,f0
 1484  00002130  afc1fff4	sw	-12(r30),r1
 1485  00002134  8fc1fff4	lw	r1,-12(r30)
 1486  00002138  08000004	j	L72_LF2
 1487  0000213c  54000000	nop; delay slot nop
 1488  00002140          	L72_LF2:
 1489  00002140  8fa20000	lw	r2,0(r29)
 1490  00002144  8fdffff8	lw	r31,-8(r30)
 1491  00002148  001ee820	add	r29,r0,r30
 1492  0000214c  8fdefffc	lw	r30,-4(r30)
 1493  00002150  4be00000	jr	r31
 1494  00002154  54000000	nop
 1495  00002158          	.endproc _dstrtol
 1496  00002158          	.align 2
 1497  00002158          	.proc _bcopy
 1498  00002158          	.global _bcopy
 1499  00002158          	_bcopy:
 1500                      ;  Function 'bcopy'; 0 bytes of locals, 2 regs to save.
 1501  00002158  afbefffc	sw	-4(r29),r30; push fp
 1502  0000215c  001df020	add	r30,r0,r29; fp = sp
 1503  00002160  afbffff8	sw	-8(r29),r31; push ret addr
 1504  00002164  2fbd0010	subui	r29,r29,#16; alloc local storage
 1505  00002168  afa20000	sw	0(r29),r2
 1506  0000216c  afa30004	sw	4(r29),r3
 1507  00002170  54000000	nop
 1508  00002174          	L101_LF2:
 1509  00002174  8fc10008	lw	r1,8(r30)
 1510  00002178  2022ffff	addi	r2,r1,#-1
 1511  0000217c  afc20008	sw	8(r30),r2
 1512  00002180  6c210000	sgti	r1,r1,#0
 1513  00002184  1420000c	bnez	r1,L103_LF2
 1514  00002188  54000000	nop; delay slot nop
 1515  0000218c  0800002c	j	L102_LF2
 1516  00002190  54000000	nop; delay slot nop
 1517  00002194          	L103_LF2:
 1518  00002194  8fc10004	lw	r1,4(r30)
 1519  00002198  20220001	addi	r2,r1,#1
 1520  0000219c  afc20004	sw	4(r30),r2
 1521  000021a0  8fc20000	lw	r2,(r30)
 1522  000021a4  20430001	addi	r3,r2,#1
 1523  000021a8  afc30000	sw	(r30),r3
 1524  000021ac  80420000	lb	r2,(r2)
 1525  000021b0  a0220000	sb	(r1),r2
 1526  000021b4  0bffffbc	j	L101_LF2
 1527  000021b8  54000000	nop; delay slot nop
 1528  000021bc          	L102_LF2:
 1529  000021bc          	L100_LF2:
 1530  000021bc  8fa20000	lw	r2,0(r29)
 1531  000021c0  8fa30004	lw	r3,4(r29)
 1532  000021c4  8fdffff8	lw	r31,-8(r30)
 1533  000021c8  001ee820	add	r29,r0,r30
 1534  000021cc  8fdefffc	lw	r30,-4(r30)
 1535  000021d0  4be00000	jr	r31
 1536  000021d4  54000000	nop
 1537  000021d8          	.endproc _bcopy
 1538  000021d8          	.align 2
 1539  000021d8          	.proc _bzero
 1540  000021d8          	.global _bzero
 1541  000021d8          	_bzero:
 1542                      ;  Function 'bzero'; 0 bytes of locals, 1 regs to save.
 1543  000021d8  afbefffc	sw	-4(r29),r30; push fp
 1544  000021dc  001df020	add	r30,r0,r29; fp = sp
 1545  000021e0  afbffff8	sw	-8(r29),r31; push ret addr
 1546  000021e4  2fbd0010	subui	r29,r29,#16; alloc local storage
 1547  000021e8  afa20000	sw	0(r29),r2
 1548  000021ec  54000000	nop
 1549  000021f0          	L105_LF2:
 1550  000021f0  8fc10004	lw	r1,4(r30)
 1551  000021f4  2022ffff	addi	r2,r1,#-1
 1552  000021f8  afc20004	sw	4(r30),r2
 1553  000021fc  6c210000	sgti	r1,r1,#0
 1554  00002200  1420000c	bnez	r1,L107_LF2
 1555  00002204  54000000	nop; delay slot nop
 1556  00002208  08000020	j	L106_LF2
 1557  0000220c  54000000	nop; delay slot nop
 1558  00002210          	L107_LF2:
 1559  00002210  8fc10000	lw	r1,(r30)
 1560  00002214  20220001	addi	r2,r1,#1
 1561  00002218  afc20000	sw	(r30),r2
 1562  0000221c  20020000	addi	r2,r0,(#0x0)&0xff
 1563  00002220  a0220000	sb	(r1),r2
 1564  00002224  0bffffc8	j	L105_LF2
 1565  00002228  54000000	nop; delay slot nop
 1566  0000222c          	L106_LF2:
 1567  0000222c          	L104_LF2:
 1568  0000222c  8fa20000	lw	r2,0(r29)
 1569  00002230  8fdffff8	lw	r31,-8(r30)
 1570  00002234  001ee820	add	r29,r0,r30
 1571  00002238  8fdefffc	lw	r30,-4(r30)
 1572  0000223c  4be00000	jr	r31
 1573  00002240  54000000	nop
 1574  00002244          	.endproc _bzero
 1575  00002244          	.align 2
 1576  00002244          	.proc _min
 1577  00002244          	.global _min
 1578  00002244          	_min:
 1579                      ;  Function 'min'; 0 bytes of locals, 2 regs to save.
 1580  00002244  afbefffc	sw	-4(r29),r30; push fp
 1581  00002248  001df020	add	r30,r0,r29; fp = sp
 1582  0000224c  afbffff8	sw	-8(r29),r31; push ret addr
 1583  00002250  2fbd0010	subui	r29,r29,#16; alloc local storage
 1584  00002254  afa20000	sw	0(r29),r2
 1585  00002258  afa30004	sw	4(r29),r3
 1586  0000225c  8fc10000	lw	r1,(r30)
 1587  00002260  8fc20004	lw	r2,4(r30)
 1588  00002264  0022182c	sle	r3,r1,r2
 1589  00002268  14600008	bnez	r3,L109_LF2
 1590  0000226c  54000000	nop; delay slot nop
 1591  00002270  8fc10004	lw	r1,4(r30)
 1592  00002274          	L109_LF2:
 1593  00002274  08000004	j	L108_LF2
 1594  00002278  54000000	nop; delay slot nop
 1595  0000227c          	L108_LF2:
 1596  0000227c  8fa20000	lw	r2,0(r29)
 1597  00002280  8fa30004	lw	r3,4(r29)
 1598  00002284  8fdffff8	lw	r31,-8(r30)
 1599  00002288  001ee820	add	r29,r0,r30
 1600  0000228c  8fdefffc	lw	r30,-4(r30)
 1601  00002290  4be00000	jr	r31
 1602  00002294  54000000	nop
 1603  00002298          	.endproc _min
 1604                      ;;; Ethan L. Miller, 1999.  Released to the public domain
 1605                      ;;;
 1606                      ;;; Most of the traps are called in files from libtraps.
 1609  00002298          	.align 2
 1610  00002298          	.proc _exit
 1611  00002298          	.global _exit
 1612  00002298          	_exit:
 1613  00002298  44000300	trap	#0x300
 1614  0000229c  4be00000	jr	r31
 1615  000022a0  54000000	nop
 1616  000022a4          	.endproc _exit
 1618                      ; for the benefit of gcc.
 1619  000022a4          	.proc ___main
 1620  000022a4          	.global ___main
 1621  000022a4          	___main:
 1622  000022a4  4be00000	jr	r31
 1623  000022a8  54000000	nop
 1624  000022ac          	.endproc ___main
 1625  000022ac          	.text
 1626  000022ac          	.global _etext
 1627  000022ac          	_etext:
 1628  000022ac          	.align 3
 1629  000022b0          	.data
 1630  000031aa          	.global _edata
 1631  000031aa          	_edata:
