 line   address	contents
    1                      ; Linked by DLX-LD.
    2                      ; MemSize 24576
    3                      ; Data size: 314
    4                      ; Text size: 4824
    5                      ; Stack size: 8192
    6  00000000          	.text 0x1000
    7  00001000          	.data 0x3000
    8                      ; Compiled by GCC
    9  00003000          	.text
   10  00001000          	.align 2
   11  00001000          	.proc _isspace
   12  00001000          	.global _isspace
   13  00001000          	_isspace:
   14                      ;  Function 'isspace'; 0 bytes of locals, 1 regs to save.
   15  00001000  afbefffc	sw	-4(r29),r30; push fp
   16  00001004  001df020	add	r30,r0,r29; fp = sp
   17  00001008  afbffff8	sw	-8(r29),r31; push ret addr
   18  0000100c  2fbd0010	subui	r29,r29,#16; alloc local storage
   19  00001010  afa20000	sw	0(r29),r2
   20  00001014  83c20003	lb	r2,3(r30)
   21  00001018  201f0000	addi	r31,r0,#0
   22  0000101c  304100ff	andi	r1,r2,#0x00ff
   23  00001020  60210020	seqi	r1,r1,#32
   24  00001024  14200018	bnez	r1,L6_LF0
   25  00001028  54000000	nop; not filled.
   26  0000102c  2041fff7	addi	r1,r2,#-9
   27  00001030  302100ff	andi	r1,r1,#0x00ff
   28  00001034  70210001	sleui	r1,r1,#1
   29  00001038  10200008	beqz	r1,L5_LF0
   30  0000103c  54000000	nop; not filled.
   31  00001040          	L6_LF0:
   32  00001040  201f0001	addi	r31,r0,#1
   33  00001044          	L5_LF0:
   34  00001044  001f0820	add	r1,r0,r31
   35  00001048  8fa20000	lw	r2,0(r29)
   36  0000104c  8fdffff8	lw	r31,-8(r30)
   37  00001050  001ee820	add	r29,r0,r30
   38  00001054  8fdefffc	lw	r30,-4(r30)
   39  00001058  4be00000	jr	r31
   40  0000105c  54000000	nop
   41  00001060          	.endproc _isspace
   42  00001060          	.align 2
   43  00001060          	.proc _isxdigit
   44  00001060          	.global _isxdigit
   45  00001060          	_isxdigit:
   46                      ;  Function 'isxdigit'; 0 bytes of locals, 1 regs to save.
   47  00001060  afbefffc	sw	-4(r29),r30; push fp
   48  00001064  001df020	add	r30,r0,r29; fp = sp
   49  00001068  afbffff8	sw	-8(r29),r31; push ret addr
   50  0000106c  2fbd0010	subui	r29,r29,#16; alloc local storage
   51  00001070  afa20000	sw	0(r29),r2
   52  00001074  83df0003	lb	r31,3(r30)
   53  00001078  20020000	addi	r2,r0,#0
   54  0000107c  23e1ffd0	addi	r1,r31,#-48
   55  00001080  302100ff	andi	r1,r1,#0x00ff
   56  00001084  70210009	sleui	r1,r1,#9
   57  00001088  14200028	bnez	r1,L12_LF0
   58  0000108c  54000000	nop; not filled.
   59  00001090  23e1ff9f	addi	r1,r31,#-97
   60  00001094  302100ff	andi	r1,r1,#0x00ff
   61  00001098  70210005	sleui	r1,r1,#5
   62  0000109c  14200014	bnez	r1,L12_LF0
   63  000010a0  54000000	nop; not filled.
   64  000010a4  33e100ff	andi	r1,r31,#0x00ff
   65  000010a8  64210041	snei	r1,r1,#65
   66  000010ac  14200008	bnez	r1,L11_LF0
   67  000010b0  54000000	nop; not filled.
   68  000010b4          	L12_LF0:
   69  000010b4  20020001	addi	r2,r0,#1
   70  000010b8          	L11_LF0:
   71  000010b8  00020820	add	r1,r0,r2
   72  000010bc  8fa20000	lw	r2,0(r29)
   73  000010c0  8fdffff8	lw	r31,-8(r30)
   74  000010c4  001ee820	add	r29,r0,r30
   75  000010c8  8fdefffc	lw	r30,-4(r30)
   76  000010cc  4be00000	jr	r31
   77  000010d0  54000000	nop
   78  000010d4          	.endproc _isxdigit
   79  000010d4          	.data
   80  00003000          	.align 2
   81  00003000          	LC0_LF0:
   82  00003000  48656c6c	.ascii "Hello World\000"
   82  00003004  6f20576f	
   82  00003008  726c6400	
   83  0000300c          	.align 2
   84  0000300c          	LC1_LF0:
   85  0000300c  55736167	.ascii "Usage: \000"
   85  00003010  653a2000	
   86  00003014          	.align 2
   87  00003014          	LC2_LF0:
   88  00003014  203c6861	.ascii " <handle_to_shared_memory_page> <synch lock number> \n    \t<cond var "
   88  00003018  6e646c65	
   88  0000301c  5f746f5f	
   88  00003020  73686172	
   88  00003024  65645f6d	
   88  00003028  656d6f72	
   88  0000302c  795f7061	
   88  00003030  67653e20	
   88  00003034  3c73796e	
   88  00003038  6368206c	
   88  0000303c  6f636b20	
   88  00003040  6e756d62	
   88  00003044  65723e20	
   88  00003048  0a202020	
   88  0000304c  20093c63	
   88  00003050  6f6e6420	
   88  00003054  76617220	
   89  00003058  31206e75	.ascii "1 number> <cond var 2 number> <handle_to_page_mapped_semaphore>\n\000"
   89  0000305c  6d626572	
   89  00003060  3e203c63	
   89  00003064  6f6e6420	
   89  00003068  76617220	
   89  0000306c  32206e75	
   89  00003070  6d626572	
   89  00003074  3e203c68	
   89  00003078  616e646c	
   89  0000307c  655f746f	
   89  00003080  5f706167	
   89  00003084  655f6d61	
   89  00003088  70706564	
   89  0000308c  5f73656d	
   89  00003090  6170686f	
   89  00003094  72653e0a	
   89  00003098  00      	
   90  00003099          	.align 2
   91  0000309c          	LC3_LF0:
   92  0000309c  436f756c	.ascii "Could not map the virtual address to the memory in pid : %d\000"
   92  000030a0  64206e6f	
   92  000030a4  74206d61	
   92  000030a8  70207468	
   92  000030ac  65207669	
   92  000030b0  72747561	
   92  000030b4  6c206164	
   92  000030b8  64726573	
   92  000030bc  7320746f	
   92  000030c0  20746865	
   92  000030c4  206d656d	
   92  000030c8  6f727920	
   92  000030cc  696e2070	
   92  000030d0  6964203a	
   92  000030d4  20256400	
   93  000030d8          	.align 2
   94  000030d8          	LC4_LF0:
   95  000030d8  2c206578	.ascii ", exiting...\n\000"
   95  000030dc  6974696e	
   95  000030e0  672e2e2e	
   95  000030e4  0a00    	
   96  000030e6          	.align 2
   97  000030e8          	LC5_LF0:
   98  000030e8  50726f64	.ascii "Producer %d inserted: %c\n\000"
   98  000030ec  75636572	
   98  000030f0  20256420	
   98  000030f4  696e7365	
   98  000030f8  72746564	
   98  000030fc  3a202563	
   98  00003100  0a00    	
   99  00003102          	.align 2
  100  00003104          	LC6_LF0:
  101  00003104  50726f64	.ascii "Producer ID : %d has completed its work and will die\n\000"
  101  00003108  75636572	
  101  0000310c  20494420	
  101  00003110  3a202564	
  101  00003114  20686173	
  101  00003118  20636f6d	
  101  0000311c  706c6574	
  101  00003120  65642069	
  101  00003124  74732077	
  101  00003128  6f726b20	
  101  0000312c  616e6420	
  101  00003130  77696c6c	
  101  00003134  20646965	
  101  00003138  0a00    	
  102  0000313a          	.text
  103  000010d4          	.align 2
  104  000010d4          	.proc _main
  105  000010d4          	.global _main
  106  000010d4          	_main:
  107                      ;  Function 'main'; 16 bytes of locals, 0 regs to save.
  108  000010d4  afbefffc	sw	-4(r29),r30; push fp
  109  000010d8  001df020	add	r30,r0,r29; fp = sp
  110  000010dc  afbffff8	sw	-8(r29),r31; push ret addr
  111  000010e0  2fbd0018	subui	r29,r29,#24; alloc local storage
  112  000010e4  8fc20000	lw	r2,(r30)
  113  000010e8  8fc30004	lw	r3,4(r30)
  114  000010ec  0c0011e0	jal	___main
  115  000010f0  54000000	nop; not filled.
  116  000010f4  3c010000	lhi	r1,((LC0_LF0)>>16)&0xffff
  117  000010f8  24213000	addui	r1,r1,(LC0_LF0)&0xffff
  118  000010fc  802c0000	lb	r12,(r1)
  119  00001100  a3ccffe8	sb	-24(r30),r12
  120  00001104  802c0001	lb	r12,1(r1)
  121  00001108  a3ccffe9	sb	-23(r30),r12
  122  0000110c  802c0002	lb	r12,2(r1)
  123  00001110  a3ccffea	sb	-22(r30),r12
  124  00001114  802c0003	lb	r12,3(r1)
  125  00001118  a3ccffeb	sb	-21(r30),r12
  126  0000111c  802c0004	lb	r12,4(r1)
  127  00001120  a3ccffec	sb	-20(r30),r12
  128  00001124  802c0005	lb	r12,5(r1)
  129  00001128  a3ccffed	sb	-19(r30),r12
  130  0000112c  802c0006	lb	r12,6(r1)
  131  00001130  a3ccffee	sb	-18(r30),r12
  132  00001134  802c0007	lb	r12,7(r1)
  133  00001138  a3ccffef	sb	-17(r30),r12
  134  0000113c  802c0008	lb	r12,8(r1)
  135  00001140  a3ccfff0	sb	-16(r30),r12
  136  00001144  802c0009	lb	r12,9(r1)
  137  00001148  a3ccfff1	sb	-15(r30),r12
  138  0000114c  802c000a	lb	r12,10(r1)
  139  00001150  a3ccfff2	sb	-14(r30),r12
  140  00001154  8021000b	lb	r1,11(r1)
  141  00001158  a3c1fff3	sb	-13(r30),r1
  142  0000115c  20060000	addi	r6,r0,#0
  143  00001160  20070000	addi	r7,r0,#0
  144  00001164  64410006	snei	r1,r2,#6
  145  00001168  1020004c	beqz	r1,L14_LF0
  146  0000116c  54000000	nop; not filled.
  147  00001170  23bdfff8	addi	r29,r29,#-8
  148  00001174  3c0c0000	lhi	r12,((LC1_LF0)>>16)&0xffff
  149  00001178  258c300c	addui	r12,r12,(LC1_LF0)&0xffff
  150  0000117c  afac0000	sw	(r29),r12
  151  00001180  0c000344	jal	_Printf
  152  00001184  54000000	nop; not filled.
  153  00001188  8c6c0000	lw	r12,(r3)
  154  0000118c  afac0000	sw	(r29),r12
  155  00001190  0c000334	jal	_Printf
  156  00001194  54000000	nop; not filled.
  157  00001198  3c0c0000	lhi	r12,((LC2_LF0)>>16)&0xffff
  158  0000119c  258c3014	addui	r12,r12,(LC2_LF0)&0xffff
  159  000011a0  afac0000	sw	(r29),r12
  160  000011a4  0c000320	jal	_Printf
  161  000011a8  54000000	nop; not filled.
  162  000011ac  0c0003cc	jal	_Exit
  163  000011b0  54000000	nop; not filled.
  164  000011b4  23bd0008	addi	r29,r29,#8
  165  000011b8          	L14_LF0:
  166  000011b8  23bdfff0	addi	r29,r29,#-16
  167  000011bc  8c6c0004	lw	r12,4(r3)
  168  000011c0  afac0000	sw	(r29),r12
  169  000011c4  200c0000	addi	r12,r0,#0
  170  000011c8  afac0004	sw	4(r29),r12
  171  000011cc  200c000a	addi	r12,r0,#10
  172  000011d0  afac0008	sw	8(r29),r12
  173  000011d4  0c000c50	jal	_dstrtol
  174  000011d8  54000000	nop; not filled.
  175  000011dc  00011020	add	r2,r0,r1
  176  000011e0  8c6c0008	lw	r12,8(r3)
  177  000011e4  afac0000	sw	(r29),r12
  178  000011e8  200c0000	addi	r12,r0,#0
  179  000011ec  afac0004	sw	4(r29),r12
  180  000011f0  200c000a	addi	r12,r0,#10
  181  000011f4  afac0008	sw	8(r29),r12
  182  000011f8  0c000c2c	jal	_dstrtol
  183  000011fc  54000000	nop; not filled.
  184  00001200  00014020	add	r8,r0,r1
  185  00001204  8c6c000c	lw	r12,12(r3)
  186  00001208  afac0000	sw	(r29),r12
  187  0000120c  200c0000	addi	r12,r0,#0
  188  00001210  afac0004	sw	4(r29),r12
  189  00001214  200c000a	addi	r12,r0,#10
  190  00001218  afac0008	sw	8(r29),r12
  191  0000121c  0c000c08	jal	_dstrtol
  192  00001220  54000000	nop; not filled.
  193  00001224  00015820	add	r11,r0,r1
  194  00001228  8c6c0010	lw	r12,16(r3)
  195  0000122c  afac0000	sw	(r29),r12
  196  00001230  200c0000	addi	r12,r0,#0
  197  00001234  afac0004	sw	4(r29),r12
  198  00001238  200c000a	addi	r12,r0,#10
  199  0000123c  afac0008	sw	8(r29),r12
  200  00001240  0c000be4	jal	_dstrtol
  201  00001244  54000000	nop; not filled.
  202  00001248  00014820	add	r9,r0,r1
  203  0000124c  8c6c0014	lw	r12,20(r3)
  204  00001250  afac0000	sw	(r29),r12
  205  00001254  200c0000	addi	r12,r0,#0
  206  00001258  afac0004	sw	4(r29),r12
  207  0000125c  200c000a	addi	r12,r0,#10
  208  00001260  afac0008	sw	8(r29),r12
  209  00001264  0c000bc0	jal	_dstrtol
  210  00001268  54000000	nop; not filled.
  211  0000126c  afa20000	sw	(r29),r2
  212  00001270  0c000284	jal	_shmat
  213  00001274  54000000	nop; not filled.
  214  00001278  00012020	add	r4,r0,r1
  215  0000127c  23bd0010	addi	r29,r29,#16
  216  00001280  64810000	snei	r1,r4,#0
  217  00001284  14200058	bnez	r1,L15_LF0
  218  00001288  54000000	nop; not filled.
  219  0000128c  0c000244	jal	_getpid
  220  00001290  54000000	nop; not filled.
  221  00001294  23bdfff8	addi	r29,r29,#-8
  222  00001298  3c0c0000	lhi	r12,((LC3_LF0)>>16)&0xffff
  223  0000129c  258c309c	addui	r12,r12,(LC3_LF0)&0xffff
  224  000012a0  afac0000	sw	(r29),r12
  225  000012a4  afa10004	sw	4(r29),r1
  226  000012a8  0c00021c	jal	_Printf
  227  000012ac  54000000	nop; not filled.
  228  000012b0  8c630000	lw	r3,(r3)
  229  000012b4  afa30000	sw	(r29),r3
  230  000012b8  0c00020c	jal	_Printf
  231  000012bc  54000000	nop; not filled.
  232  000012c0  3c0c0000	lhi	r12,((LC4_LF0)>>16)&0xffff
  233  000012c4  258c30d8	addui	r12,r12,(LC4_LF0)&0xffff
  234  000012c8  afac0000	sw	(r29),r12
  235  000012cc  0c0001f8	jal	_Printf
  236  000012d0  54000000	nop; not filled.
  237  000012d4  0c0002a4	jal	_Exit
  238  000012d8  54000000	nop; not filled.
  239  000012dc  23bd0008	addi	r29,r29,#8
  240  000012e0          	L15_LF0:
  241  000012e0  200a0005	addi	r10,r0,#5
  242  000012e4          	L18_LF0:
  243  000012e4  23bdfff8	addi	r29,r29,#-8
  244  000012e8  afa80000	sw	(r29),r8
  245  000012ec  0c000244	jal	_lock_acquire
  246  000012f0  54000000	nop; not filled.
  247  000012f4  23bd0008	addi	r29,r29,#8
  248  000012f8  64210000	snei	r1,r1,#0
  249  000012fc  10200130	beqz	r1,L19_LF0
  250  00001300  54000000	nop; not filled.
  251  00001304  8c81000c	lw	r1,12(r4)
  252  00001308  20230001	addi	r3,r1,#1
  253  0000130c  00600035	movi2fp	f0,r3
  254  00001310  01400835	movi2fp	f1,r10
  255  00001314  0401000f	div	f0,f0,f1
  256  00001318  00001034	movfp2i	r2,f0
  257  0000131c  50410002	slli	r1,r2,#0x2
  258  00001320  00220820	add	r1,r1,r2
  259  00001324  00611022	sub	r2,r3,r1
  260  00001328  8c810008	lw	r1,8(r4)
  261  0000132c  00220828	seq	r1,r1,r2
  262  00001330  10200050	beqz	r1,L21_LF0
  263  00001334  54000000	nop; not filled.
  264  00001338  20050005	addi	r5,r0,#5
  265  0000133c          	L22_LF0:
  266  0000133c  23bdfff8	addi	r29,r29,#-8
  267  00001340  afa90000	sw	(r29),r9
  268  00001344  0c000210	jal	_cond_wait
  269  00001348  54000000	nop; not filled.
  270  0000134c  23bd0008	addi	r29,r29,#8
  271  00001350  8c81000c	lw	r1,12(r4)
  272  00001354  20230001	addi	r3,r1,#1
  273  00001358  00600035	movi2fp	f0,r3
  274  0000135c  00a00835	movi2fp	f1,r5
  275  00001360  0401000f	div	f0,f0,f1
  276  00001364  00000834	movfp2i	r1,f0
  277  00001368  50220002	slli	r2,r1,#0x2
  278  0000136c  00410820	add	r1,r2,r1
  279  00001370  00611022	sub	r2,r3,r1
  280  00001374  8c810008	lw	r1,8(r4)
  281  00001378  00220828	seq	r1,r1,r2
  282  0000137c  1420ffbc	bnez	r1,L22_LF0
  283  00001380  54000000	nop; not filled.
  284  00001384          	L21_LF0:
  285  00001384  8c810008	lw	r1,8(r4)
  286  00001388  8c82000c	lw	r2,12(r4)
  287  0000138c  00220828	seq	r1,r1,r2
  288  00001390  10200008	beqz	r1,L24_LF0
  289  00001394  54000000	nop; not filled.
  290  00001398  20070001	addi	r7,r0,#1
  291  0000139c          	L24_LF0:
  292  0000139c  00821020	add	r2,r4,r2
  293  000013a0  23c1ffe8	addi	r1,r30,#-24
  294  000013a4  00261820	add	r3,r1,r6
  295  000013a8  806c0000	lb	r12,(r3)
  296  000013ac  a04c0000	sb	(r2),r12
  297  000013b0  0c000120	jal	_getpid
  298  000013b4  54000000	nop; not filled.
  299  000013b8  23bdfff0	addi	r29,r29,#-16
  300  000013bc  3c0c0000	lhi	r12,((LC5_LF0)>>16)&0xffff
  301  000013c0  258c30e8	addui	r12,r12,(LC5_LF0)&0xffff
  302  000013c4  afac0000	sw	(r29),r12
  303  000013c8  afa10004	sw	4(r29),r1
  304  000013cc  90610000	lbu	r1,(r3)
  305  000013d0  afa10008	sw	8(r29),r1
  306  000013d4  0c0000f0	jal	_Printf
  307  000013d8  54000000	nop; not filled.
  308  000013dc  8c81000c	lw	r1,12(r4)
  309  000013e0  20230001	addi	r3,r1,#1
  310  000013e4  00600035	movi2fp	f0,r3
  311  000013e8  01400835	movi2fp	f1,r10
  312  000013ec  0401000f	div	f0,f0,f1
  313  000013f0  00001034	movfp2i	r2,f0
  314  000013f4  50410002	slli	r1,r2,#0x2
  315  000013f8  00220820	add	r1,r1,r2
  316  000013fc  00610822	sub	r1,r3,r1
  317  00001400  ac81000c	sw	12(r4),r1
  318  00001404  20c60001	addi	r6,r6,#1
  319  00001408  23bd0010	addi	r29,r29,#16
  320  0000140c  64e10000	snei	r1,r7,#0
  321  00001410  1020001c	beqz	r1,L19_LF0
  322  00001414  54000000	nop; not filled.
  323  00001418  23bdfff8	addi	r29,r29,#-8
  324  0000141c  afab0000	sw	(r29),r11
  325  00001420  0c000140	jal	_cond_signal
  326  00001424  54000000	nop; not filled.
  327  00001428  20070000	addi	r7,r0,#0
  328  0000142c  23bd0008	addi	r29,r29,#8
  329  00001430          	L19_LF0:
  330  00001430  23bdfff8	addi	r29,r29,#-8
  331  00001434  afa80000	sw	(r29),r8
  332  00001438  0c000104	jal	_lock_release
  333  0000143c  54000000	nop; not filled.
  334  00001440  23bd0008	addi	r29,r29,#8
  335  00001444  70c1000a	slei	r1,r6,#10
  336  00001448  1420fe98	bnez	r1,L18_LF0
  337  0000144c  54000000	nop; not filled.
  338  00001450  0c000080	jal	_getpid
  339  00001454  54000000	nop; not filled.
  340  00001458  23bdfff8	addi	r29,r29,#-8
  341  0000145c  3c0c0000	lhi	r12,((LC6_LF0)>>16)&0xffff
  342  00001460  258c3104	addui	r12,r12,(LC6_LF0)&0xffff
  343  00001464  afac0000	sw	(r29),r12
  344  00001468  afa10004	sw	4(r29),r1
  345  0000146c  0c000058	jal	_Printf
  346  00001470  54000000	nop; not filled.
  347  00001474  23bd0008	addi	r29,r29,#8
  348  00001478  0c000e48	jal	_exit
  349  0000147c  54000000	nop
  350  00001480          	.endproc _main
  351                      ;;;
  352                      ;;; Stub functions for DLX traps.
  353                      ;;;
  354                      ;;; Ethan L. Miller, 1999.  Released to the public domain.
  355                      ;;;
  356                      ;;; The traps such as Open and Close
  357                      ;;; (note the capital letters) are for use by user programs.  The traps
  358                      ;;; with names such as open and close (lower case) are for use by the OS.
  359                      ;;;
  362  00001480          	.align 2
  364                      ;;; The following are the traps to be used by user-level programs
  365                      ;;;
  367  00001480          	.align 2
  368  00001480          	.proc _Open
  369  00001480          	.global _Open
  370  00001480          	_Open:
  371                      ;;; Note that trap #0x213 actually causes a trap vector in the OS of
  372                      ;;; 0x1213.  The same is true for other user traps.  Thus, a user trap
  373                      ;;; with trap #0x240 will result in a trap vector of 0x1240 in the OS.
  374  00001480  44000213	trap	#0x213
  375  00001484  4be00000	jr	r31
  376  00001488  54000000	nop
  377  0000148c          	.endproc _Open
  379  0000148c          	.proc _Close
  380  0000148c          	.global _Close
  381  0000148c          	_Close:
  382  0000148c  44000214	trap	#0x214
  383  00001490  4be00000	jr	r31
  384  00001494  54000000	nop
  385  00001498          	.endproc _Close
  387  00001498          	.proc _Read
  388  00001498          	.global _Read
  389  00001498          	_Read:
  390  00001498  44000210	trap	#0x210
  391  0000149c  4be00000	jr	r31
  392  000014a0  54000000	nop
  393  000014a4          	.endproc _Read
  395  000014a4          	.proc _Write
  396  000014a4          	.global _Write
  397  000014a4          	_Write:
  398  000014a4  44000211	trap	#0x211
  399  000014a8  4be00000	jr	r31
  400  000014ac  54000000	nop
  401  000014b0          	.endproc _Write
  403  000014b0          	.proc _Lseek
  404  000014b0          	.global _Lseek
  405  000014b0          	_Lseek:
  406  000014b0  44000212	trap	#0x212
  407  000014b4  4be00000	jr	r31
  408  000014b8  54000000	nop
  409  000014bc          	.endproc _Lseek
  411  000014bc          	.proc _Putchar
  412  000014bc          	.global _Putchar
  413  000014bc          	_Putchar:
  414  000014bc  44000280	trap	#0x280
  415  000014c0  4be00000	jr	r31
  416  000014c4  54000000	nop
  417  000014c8          	.endproc _Putchar
  419  000014c8          	.proc _Printf
  420  000014c8          	.global _Printf
  421  000014c8          	_Printf:
  422  000014c8  44000201	trap	#0x201
  423  000014cc  4be00000	jr	r31
  424  000014d0  54000000	nop
  425  000014d4          	.endproc _Printf
  427  000014d4          	.proc _getpid
  428  000014d4          	.global _getpid
  429  000014d4          	_getpid:
  430  000014d4  44000431	trap	#0x431
  431  000014d8  4be00000	jr	r31
  432  000014dc  54000000	nop
  433  000014e0          	.endproc _getpid
  435  000014e0          	.proc _process_create
  436  000014e0          	.global _process_create
  437  000014e0          	_process_create:
  438  000014e0  44000432	trap	#0x432
  439  000014e4  4be00000	jr	r31
  440  000014e8  54000000	nop
  441  000014ec          	.endproc _process_create
  443  000014ec          	.proc _shmget
  444  000014ec          	.global _shmget
  445  000014ec          	_shmget:
  446  000014ec  44000440	trap	#0x440
  447  000014f0  4be00000	jr	r31
  448  000014f4  54000000	nop
  449  000014f8          	.endproc _shmget
  451  000014f8          	.proc _shmat
  452  000014f8          	.global _shmat
  453  000014f8          	_shmat:
  454  000014f8  44000441	trap	#0x441
  455  000014fc  4be00000	jr	r31
  456  00001500  54000000	nop
  457  00001504          	.endproc _shmat
  459  00001504          	.proc _sem_create
  460  00001504          	.global _sem_create
  461  00001504          	_sem_create:
  462  00001504  44000450	trap	#0x450
  463  00001508  4be00000	jr	r31
  464  0000150c  54000000	nop
  465  00001510          	.endproc _sem_create
  467  00001510          	.proc _sem_wait
  468  00001510          	.global _sem_wait
  469  00001510          	_sem_wait:
  470  00001510  44000451	trap	#0x451
  471  00001514  4be00000	jr	r31
  472  00001518  54000000	nop
  473  0000151c          	.endproc _sem_wait
  475  0000151c          	.proc _sem_signal
  476  0000151c          	.global _sem_signal
  477  0000151c          	_sem_signal:
  478  0000151c  44000452	trap	#0x452
  479  00001520  4be00000	jr	r31
  480  00001524  54000000	nop
  481  00001528          	.endproc _sem_signal
  483  00001528          	.proc _lock_create
  484  00001528          	.global _lock_create
  485  00001528          	_lock_create:
  486  00001528  44000453	trap	#0x453
  487  0000152c  4be00000	jr	r31
  488  00001530  54000000	nop
  489  00001534          	.endproc _lock_create
  491  00001534          	.proc _lock_acquire
  492  00001534          	.global _lock_acquire
  493  00001534          	_lock_acquire:
  494  00001534  44000454	trap	#0x454
  495  00001538  4be00000	jr	r31
  496  0000153c  54000000	nop
  497  00001540          	.endproc _lock_acquire
  499  00001540          	.proc _lock_release
  500  00001540          	.global _lock_release
  501  00001540          	_lock_release:
  502  00001540  44000455	trap	#0x455
  503  00001544  4be00000	jr	r31
  504  00001548  54000000	nop
  505  0000154c          	.endproc _lock_release
  507  0000154c          	.proc _cond_create
  508  0000154c          	.global _cond_create
  509  0000154c          	_cond_create:
  510  0000154c  44000456	trap	#0x456
  511  00001550  4be00000	jr	r31
  512  00001554  54000000	nop
  513  00001558          	.endproc _cond_create
  515  00001558          	.proc _cond_wait
  516  00001558          	.global _cond_wait
  517  00001558          	_cond_wait:
  518  00001558  44000457	trap	#0x457
  519  0000155c  4be00000	jr	r31
  520  00001560  54000000	nop
  521  00001564          	.endproc _cond_wait
  523  00001564          	.proc _cond_signal
  524  00001564          	.global _cond_signal
  525  00001564          	_cond_signal:
  526  00001564  44000458	trap	#0x458
  527  00001568  4be00000	jr	r31
  528  0000156c  54000000	nop
  529  00001570          	.endproc _cond_signal
  531  00001570          	.proc _cond_broadcast
  532  00001570          	.global _cond_broadcast
  533  00001570          	_cond_broadcast:
  534  00001570  44000459	trap	#0x459
  535  00001574  4be00000	jr	r31
  536  00001578  54000000	nop
  537  0000157c          	.endproc _cond_broadcast
  539  0000157c          	.proc _Exit
  540  0000157c          	.global _Exit
  541  0000157c          	_Exit:
  542  0000157c  44000500	trap	#0x500
  543  00001580  4be00000	jr	r31
  544  00001584  54000000	nop
  545  00001588          	.endproc _Exit
  546                      ; Compiled by GCC
  548  00001588          	.align 2
  549  00001588          	.proc _isspace
  550  00001588          	.global _isspace
  551  00001588          	_isspace:
  552                      ;  Function 'isspace'; 0 bytes of locals, 3 regs to save.
  553  00001588  afbefffc	sw	-4(r29),r30; push fp
  554  0000158c  001df020	add	r30,r0,r29; fp = sp
  555  00001590  afbffff8	sw	-8(r29),r31; push ret addr
  556  00001594  2fbd0018	subui	r29,r29,#24; alloc local storage
  557  00001598  afa20000	sw	0(r29),r2
  558  0000159c  afa30004	sw	4(r29),r3
  559  000015a0  afa40008	sw	8(r29),r4
  560  000015a4  83c20003	lb	r2,3(r30)
  561  000015a8  20010000	addi	r1,r0,#0
  562  000015ac  304300ff	andi	r3,r2,#0x00ff
  563  000015b0  60640020	seqi	r4,r3,#32
  564  000015b4  1480002c	bnez	r4,L3_LF2
  565  000015b8  54000000	nop; delay slot nop
  566  000015bc  304300ff	andi	r3,r2,#0x00ff
  567  000015c0  60640009	seqi	r4,r3,#9
  568  000015c4  1480001c	bnez	r4,L3_LF2
  569  000015c8  54000000	nop; delay slot nop
  570  000015cc  304300ff	andi	r3,r2,#0x00ff
  571  000015d0  6064000a	seqi	r4,r3,#10
  572  000015d4  1480000c	bnez	r4,L3_LF2
  573  000015d8  54000000	nop; delay slot nop
  574  000015dc  08000008	j	L2_LF2
  575  000015e0  54000000	nop; delay slot nop
  576  000015e4          	L3_LF2:
  577  000015e4  20010001	addi	r1,r0,#1
  578  000015e8          	L2_LF2:
  579  000015e8  08000004	j	L1_LF2
  580  000015ec  54000000	nop; delay slot nop
  581  000015f0          	L1_LF2:
  582  000015f0  8fa20000	lw	r2,0(r29)
  583  000015f4  8fa30004	lw	r3,4(r29)
  584  000015f8  8fa40008	lw	r4,8(r29)
  585  000015fc  8fdffff8	lw	r31,-8(r30)
  586  00001600  001ee820	add	r29,r0,r30
  587  00001604  8fdefffc	lw	r30,-4(r30)
  588  00001608  4be00000	jr	r31
  589  0000160c  54000000	nop
  590  00001610          	.endproc _isspace
  591  00001610          	.align 2
  592  00001610          	.proc _isxdigit
  593  00001610          	.global _isxdigit
  594  00001610          	_isxdigit:
  595                      ;  Function 'isxdigit'; 0 bytes of locals, 3 regs to save.
  596  00001610  afbefffc	sw	-4(r29),r30; push fp
  597  00001614  001df020	add	r30,r0,r29; fp = sp
  598  00001618  afbffff8	sw	-8(r29),r31; push ret addr
  599  0000161c  2fbd0018	subui	r29,r29,#24; alloc local storage
  600  00001620  afa20000	sw	0(r29),r2
  601  00001624  afa30004	sw	4(r29),r3
  602  00001628  afa40008	sw	8(r29),r4
  603  0000162c  83c20003	lb	r2,3(r30)
  604  00001630  20010000	addi	r1,r0,#0
  605  00001634  304300ff	andi	r3,r2,#0x00ff
  606  00001638  6c64002f	sgtui	r4,r3,#47
  607  0000163c  1080001c	beqz	r4,L7_LF2
  608  00001640  54000000	nop; delay slot nop
  609  00001644  304300ff	andi	r3,r2,#0x00ff
  610  00001648  70640039	sleui	r4,r3,#57
  611  0000164c  1480005c	bnez	r4,L6_LF2
  612  00001650  54000000	nop; delay slot nop
  613  00001654  08000004	j	L7_LF2
  614  00001658  54000000	nop; delay slot nop
  615  0000165c          	L7_LF2:
  616  0000165c  304300ff	andi	r3,r2,#0x00ff
  617  00001660  6c640060	sgtui	r4,r3,#96
  618  00001664  1080001c	beqz	r4,L8_LF2
  619  00001668  54000000	nop; delay slot nop
  620  0000166c  304300ff	andi	r3,r2,#0x00ff
  621  00001670  70640066	sleui	r4,r3,#102
  622  00001674  14800034	bnez	r4,L6_LF2
  623  00001678  54000000	nop; delay slot nop
  624  0000167c  08000004	j	L8_LF2
  625  00001680  54000000	nop; delay slot nop
  626  00001684          	L8_LF2:
  627  00001684  304300ff	andi	r3,r2,#0x00ff
  628  00001688  6c640040	sgtui	r4,r3,#64
  629  0000168c  10800020	beqz	r4,L5_LF2
  630  00001690  54000000	nop; delay slot nop
  631  00001694  304300ff	andi	r3,r2,#0x00ff
  632  00001698  70640041	sleui	r4,r3,#65
  633  0000169c  1480000c	bnez	r4,L6_LF2
  634  000016a0  54000000	nop; delay slot nop
  635  000016a4  08000008	j	L5_LF2
  636  000016a8  54000000	nop; delay slot nop
  637  000016ac          	L6_LF2:
  638  000016ac  20010001	addi	r1,r0,#1
  639  000016b0          	L5_LF2:
  640  000016b0  08000004	j	L4_LF2
  641  000016b4  54000000	nop; delay slot nop
  642  000016b8          	L4_LF2:
  643  000016b8  8fa20000	lw	r2,0(r29)
  644  000016bc  8fa30004	lw	r3,4(r29)
  645  000016c0  8fa40008	lw	r4,8(r29)
  646  000016c4  8fdffff8	lw	r31,-8(r30)
  647  000016c8  001ee820	add	r29,r0,r30
  648  000016cc  8fdefffc	lw	r30,-4(r30)
  649  000016d0  4be00000	jr	r31
  650  000016d4  54000000	nop
  651  000016d8          	.endproc _isxdigit
  652  000016d8          	.align 2
  653  000016d8          	.proc _dstrcpy
  654  000016d8          	.global _dstrcpy
  655  000016d8          	_dstrcpy:
  656                      ;  Function 'dstrcpy'; 8 bytes of locals, 2 regs to save.
  657  000016d8  afbefffc	sw	-4(r29),r30; push fp
  658  000016dc  001df020	add	r30,r0,r29; fp = sp
  659  000016e0  afbffff8	sw	-8(r29),r31; push ret addr
  660  000016e4  2fbd0018	subui	r29,r29,#24; alloc local storage
  661  000016e8  afa20000	sw	0(r29),r2
  662  000016ec  afa30004	sw	4(r29),r3
  663  000016f0  8fc10000	lw	r1,(r30)
  664  000016f4  afc1fff4	sw	-12(r30),r1
  665  000016f8          	L10_LF2:
  666  000016f8  8fc10000	lw	r1,(r30)
  667  000016fc  20220001	addi	r2,r1,#1
  668  00001700  afc20000	sw	(r30),r2
  669  00001704  8fc20004	lw	r2,4(r30)
  670  00001708  20430001	addi	r3,r2,#1
  671  0000170c  afc30004	sw	4(r30),r3
  672  00001710  80420000	lb	r2,(r2)
  673  00001714  a0220000	sb	(r1),r2
  674  00001718  a3c2fff3	sb	-13(r30),r2
  675  0000171c          	L12_LF2:
  676  0000171c  93c1fff3	lbu	r1,-13(r30)
  677  00001720  64220000	snei	r2,r1,#0
  678  00001724  1440000c	bnez	r2,L13_LF2
  679  00001728  54000000	nop; delay slot nop
  680  0000172c  0800000c	j	L11_LF2
  681  00001730  54000000	nop; delay slot nop
  682  00001734          	L13_LF2:
  683  00001734  0bffffc0	j	L10_LF2
  684  00001738  54000000	nop; delay slot nop
  685  0000173c          	L11_LF2:
  686  0000173c  8fc1fff4	lw	r1,-12(r30)
  687  00001740  08000004	j	L9_LF2
  688  00001744  54000000	nop; delay slot nop
  689  00001748          	L9_LF2:
  690  00001748  8fa20000	lw	r2,0(r29)
  691  0000174c  8fa30004	lw	r3,4(r29)
  692  00001750  8fdffff8	lw	r31,-8(r30)
  693  00001754  001ee820	add	r29,r0,r30
  694  00001758  8fdefffc	lw	r30,-4(r30)
  695  0000175c  4be00000	jr	r31
  696  00001760  54000000	nop
  697  00001764          	.endproc _dstrcpy
  698  00001764          	.align 2
  699  00001764          	.proc _dstrncpy
  700  00001764          	.global _dstrncpy
  701  00001764          	_dstrncpy:
  702                      ;  Function 'dstrncpy'; 8 bytes of locals, 2 regs to save.
  703  00001764  afbefffc	sw	-4(r29),r30; push fp
  704  00001768  001df020	add	r30,r0,r29; fp = sp
  705  0000176c  afbffff8	sw	-8(r29),r31; push ret addr
  706  00001770  2fbd0018	subui	r29,r29,#24; alloc local storage
  707  00001774  afa20000	sw	0(r29),r2
  708  00001778  afa30004	sw	4(r29),r3
  709  0000177c  8fc10000	lw	r1,(r30)
  710  00001780  afc1fff4	sw	-12(r30),r1
  711  00001784          	L15_LF2:
  712  00001784  8fc10008	lw	r1,8(r30)
  713  00001788  2022ffff	addi	r2,r1,#-1
  714  0000178c  afc20008	sw	8(r30),r2
  715  00001790  70210000	slei	r1,r1,#0
  716  00001794  1020000c	beqz	r1,L18_LF2
  717  00001798  54000000	nop; delay slot nop
  718  0000179c  08000048	j	L16_LF2
  719  000017a0  54000000	nop; delay slot nop
  720  000017a4          	L18_LF2:
  721  000017a4  8fc10000	lw	r1,(r30)
  722  000017a8  20220001	addi	r2,r1,#1
  723  000017ac  afc20000	sw	(r30),r2
  724  000017b0  8fc20004	lw	r2,4(r30)
  725  000017b4  20430001	addi	r3,r2,#1
  726  000017b8  afc30004	sw	4(r30),r3
  727  000017bc  80420000	lb	r2,(r2)
  728  000017c0  a0220000	sb	(r1),r2
  729  000017c4  a3c2fff3	sb	-13(r30),r2
  730  000017c8          	L17_LF2:
  731  000017c8  93c1fff3	lbu	r1,-13(r30)
  732  000017cc  64220000	snei	r2,r1,#0
  733  000017d0  1440000c	bnez	r2,L19_LF2
  734  000017d4  54000000	nop; delay slot nop
  735  000017d8  0800000c	j	L16_LF2
  736  000017dc  54000000	nop; delay slot nop
  737  000017e0          	L19_LF2:
  738  000017e0  0bffffa0	j	L15_LF2
  739  000017e4  54000000	nop; delay slot nop
  740  000017e8          	L16_LF2:
  741  000017e8  8fc1fff4	lw	r1,-12(r30)
  742  000017ec  08000004	j	L14_LF2
  743  000017f0  54000000	nop; delay slot nop
  744  000017f4          	L14_LF2:
  745  000017f4  8fa20000	lw	r2,0(r29)
  746  000017f8  8fa30004	lw	r3,4(r29)
  747  000017fc  8fdffff8	lw	r31,-8(r30)
  748  00001800  001ee820	add	r29,r0,r30
  749  00001804  8fdefffc	lw	r30,-4(r30)
  750  00001808  4be00000	jr	r31
  751  0000180c  54000000	nop
  752  00001810          	.endproc _dstrncpy
  753  00001810          	.align 2
  754  00001810          	.proc _dstrcat
  755  00001810          	.global _dstrcat
  756  00001810          	_dstrcat:
  757                      ;  Function 'dstrcat'; 8 bytes of locals, 1 regs to save.
  758  00001810  afbefffc	sw	-4(r29),r30; push fp
  759  00001814  001df020	add	r30,r0,r29; fp = sp
  760  00001818  afbffff8	sw	-8(r29),r31; push ret addr
  761  0000181c  2fbd0018	subui	r29,r29,#24; alloc local storage
  762  00001820  afa20000	sw	0(r29),r2
  763  00001824  8fc10000	lw	r1,(r30)
  764  00001828  afc1fff4	sw	-12(r30),r1
  765  0000182c          	L21_LF2:
  766  0000182c  8fc10000	lw	r1,(r30)
  767  00001830  90220000	lbu	r2,(r1)
  768  00001834  64410000	snei	r1,r2,#0
  769  00001838  1420000c	bnez	r1,L23_LF2
  770  0000183c  54000000	nop; delay slot nop
  771  00001840  0800001c	j	L22_LF2
  772  00001844  54000000	nop; delay slot nop
  773  00001848          	L23_LF2:
  774  00001848  8fc20000	lw	r2,(r30)
  775  0000184c  20410001	addi	r1,r2,#1
  776  00001850  00011020	add	r2,r0,r1
  777  00001854  afc20000	sw	(r30),r2
  778  00001858  0bffffd0	j	L21_LF2
  779  0000185c  54000000	nop; delay slot nop
  780  00001860          	L22_LF2:
  781  00001860  23bdfff8	addi	r29,r29,#-8
  782  00001864  001d0820	add	r1,r0,r29
  783  00001868  8fc20000	lw	r2,(r30)
  784  0000186c  ac220000	sw	(r1),r2
  785  00001870  8fc20004	lw	r2,4(r30)
  786  00001874  ac220004	sw	4(r1),r2
  787  00001878  0ffffe5c	jal	_dstrcpy
  788  0000187c  54000000	nop; delay slot nop
  789  00001880  23bd0008	addi	r29,r29,#8
  790  00001884  8fc1fff4	lw	r1,-12(r30)
  791  00001888  08000004	j	L20_LF2
  792  0000188c  54000000	nop; delay slot nop
  793  00001890          	L20_LF2:
  794  00001890  8fa20000	lw	r2,0(r29)
  795  00001894  8fdffff8	lw	r31,-8(r30)
  796  00001898  001ee820	add	r29,r0,r30
  797  0000189c  8fdefffc	lw	r30,-4(r30)
  798  000018a0  4be00000	jr	r31
  799  000018a4  54000000	nop
  800  000018a8          	.endproc _dstrcat
  801  000018a8          	.align 2
  802  000018a8          	.proc _dstrncmp
  803  000018a8          	.global _dstrncmp
  804  000018a8          	_dstrncmp:
  805                      ;  Function 'dstrncmp'; 8 bytes of locals, 2 regs to save.
  806  000018a8  afbefffc	sw	-4(r29),r30; push fp
  807  000018ac  001df020	add	r30,r0,r29; fp = sp
  808  000018b0  afbffff8	sw	-8(r29),r31; push ret addr
  809  000018b4  2fbd0018	subui	r29,r29,#24; alloc local storage
  810  000018b8  afa20000	sw	0(r29),r2
  811  000018bc  afa30004	sw	4(r29),r3
  812  000018c0  54000000	nop
  813  000018c4  20010000	addi	r1,r0,#0
  814  000018c8  afc1fff4	sw	-12(r30),r1
  815  000018cc          	L25_LF2:
  816  000018cc  8fc1fff4	lw	r1,-12(r30)
  817  000018d0  8fc20008	lw	r2,8(r30)
  818  000018d4  0022082a	slt	r1,r1,r2
  819  000018d8  1420000c	bnez	r1,L28_LF2
  820  000018dc  54000000	nop; delay slot nop
  821  000018e0  08000088	j	L26_LF2
  822  000018e4  54000000	nop; delay slot nop
  823  000018e8          	L28_LF2:
  824  000018e8  8fc10004	lw	r1,4(r30)
  825  000018ec  90220000	lbu	r2,(r1)
  826  000018f0  64410000	snei	r1,r2,#0
  827  000018f4  14200018	bnez	r1,L29_LF2
  828  000018f8  54000000	nop; delay slot nop
  829  000018fc  20010000	addi	r1,r0,#0
  830  00001900  080000d8	j	L24_LF2
  831  00001904  54000000	nop; delay slot nop
  832  00001908  08000028	j	L30_LF2
  833  0000190c  54000000	nop; delay slot nop
  834  00001910          	L29_LF2:
  835  00001910  8fc10000	lw	r1,(r30)
  836  00001914  8fc20004	lw	r2,4(r30)
  837  00001918  90210000	lbu	r1,(r1)
  838  0000191c  90420000	lbu	r2,(r2)
  839  00001920  00220829	sne	r1,r1,r2
  840  00001924  1020000c	beqz	r1,L30_LF2
  841  00001928  54000000	nop; delay slot nop
  842  0000192c  0800003c	j	L26_LF2
  843  00001930  54000000	nop; delay slot nop
  844  00001934          	L31_LF2:
  845  00001934          	L30_LF2:
  846  00001934  8fc20000	lw	r2,(r30)
  847  00001938  20410001	addi	r1,r2,#1
  848  0000193c  00011020	add	r2,r0,r1
  849  00001940  afc20000	sw	(r30),r2
  850  00001944  8fc20004	lw	r2,4(r30)
  851  00001948  20410001	addi	r1,r2,#1
  852  0000194c  00011020	add	r2,r0,r1
  853  00001950  afc20004	sw	4(r30),r2
  854  00001954          	L27_LF2:
  855  00001954  8fc2fff4	lw	r2,-12(r30)
  856  00001958  20410001	addi	r1,r2,#1
  857  0000195c  00011020	add	r2,r0,r1
  858  00001960  afc2fff4	sw	-12(r30),r2
  859  00001964  0bffff64	j	L25_LF2
  860  00001968  54000000	nop; delay slot nop
  861  0000196c          	L26_LF2:
  862  0000196c  8fc1fff4	lw	r1,-12(r30)
  863  00001970  8fc20008	lw	r2,8(r30)
  864  00001974  00220828	seq	r1,r1,r2
  865  00001978  10200018	beqz	r1,L32_LF2
  866  0000197c  54000000	nop; delay slot nop
  867  00001980  20010000	addi	r1,r0,#0
  868  00001984  08000054	j	L24_LF2
  869  00001988  54000000	nop; delay slot nop
  870  0000198c  0800004c	j	L33_LF2
  871  00001990  54000000	nop; delay slot nop
  872  00001994          	L32_LF2:
  873  00001994  8fc20000	lw	r2,(r30)
  874  00001998  90410000	lbu	r1,(r2)
  875  0000199c  8fc20004	lw	r2,4(r30)
  876  000019a0  90430000	lbu	r3,(r2)
  877  000019a4  00230822	sub	r1,r1,r3
  878  000019a8  74220000	sgei	r2,r1,#0
  879  000019ac  10400020	beqz	r2,L34_LF2
  880  000019b0  54000000	nop; delay slot nop
  881  000019b4  8fc10000	lw	r1,(r30)
  882  000019b8  8fc20004	lw	r2,4(r30)
  883  000019bc  90210000	lbu	r1,(r1)
  884  000019c0  90420000	lbu	r2,(r2)
  885  000019c4  00220829	sne	r1,r1,r2
  886  000019c8  08000008	j	L35_LF2
  887  000019cc  54000000	nop; delay slot nop
  888  000019d0          	L34_LF2:
  889  000019d0  2001ffff	addi	r1,r0,#-1
  890  000019d4          	L35_LF2:
  891  000019d4  08000004	j	L24_LF2
  892  000019d8  54000000	nop; delay slot nop
  893  000019dc          	L33_LF2:
  894  000019dc          	L24_LF2:
  895  000019dc  8fa20000	lw	r2,0(r29)
  896  000019e0  8fa30004	lw	r3,4(r29)
  897  000019e4  8fdffff8	lw	r31,-8(r30)
  898  000019e8  001ee820	add	r29,r0,r30
  899  000019ec  8fdefffc	lw	r30,-4(r30)
  900  000019f0  4be00000	jr	r31
  901  000019f4  54000000	nop
  902  000019f8          	.endproc _dstrncmp
  903  000019f8          	.align 2
  904  000019f8          	.proc _dstrlen
  905  000019f8          	.global _dstrlen
  906  000019f8          	_dstrlen:
  907                      ;  Function 'dstrlen'; 8 bytes of locals, 1 regs to save.
  908  000019f8  afbefffc	sw	-4(r29),r30; push fp
  909  000019fc  001df020	add	r30,r0,r29; fp = sp
  910  00001a00  afbffff8	sw	-8(r29),r31; push ret addr
  911  00001a04  2fbd0018	subui	r29,r29,#24; alloc local storage
  912  00001a08  afa20000	sw	0(r29),r2
  913  00001a0c  20010000	addi	r1,r0,#0
  914  00001a10  afc1fff4	sw	-12(r30),r1
  915  00001a14          	L37_LF2:
  916  00001a14  8fc10000	lw	r1,(r30)
  917  00001a18  20220001	addi	r2,r1,#1
  918  00001a1c  afc20000	sw	(r30),r2
  919  00001a20  90210000	lbu	r1,(r1)
  920  00001a24  64220000	snei	r2,r1,#0
  921  00001a28  1440000c	bnez	r2,L39_LF2
  922  00001a2c  54000000	nop; delay slot nop
  923  00001a30  0800001c	j	L38_LF2
  924  00001a34  54000000	nop; delay slot nop
  925  00001a38          	L39_LF2:
  926  00001a38  8fc2fff4	lw	r2,-12(r30)
  927  00001a3c  20410001	addi	r1,r2,#1
  928  00001a40  00011020	add	r2,r0,r1
  929  00001a44  afc2fff4	sw	-12(r30),r2
  930  00001a48  0bffffc8	j	L37_LF2
  931  00001a4c  54000000	nop; delay slot nop
  932  00001a50          	L38_LF2:
  933  00001a50  8fc1fff4	lw	r1,-12(r30)
  934  00001a54  08000004	j	L36_LF2
  935  00001a58  54000000	nop; delay slot nop
  936  00001a5c          	L36_LF2:
  937  00001a5c  8fa20000	lw	r2,0(r29)
  938  00001a60  8fdffff8	lw	r31,-8(r30)
  939  00001a64  001ee820	add	r29,r0,r30
  940  00001a68  8fdefffc	lw	r30,-4(r30)
  941  00001a6c  4be00000	jr	r31
  942  00001a70  54000000	nop
  943  00001a74          	.endproc _dstrlen
  944  00001a74          	.align 2
  945  00001a74          	.proc _dstrstr
  946  00001a74          	.global _dstrstr
  947  00001a74          	_dstrstr:
  948                      ;  Function 'dstrstr'; 8 bytes of locals, 1 regs to save.
  949  00001a74  afbefffc	sw	-4(r29),r30; push fp
  950  00001a78  001df020	add	r30,r0,r29; fp = sp
  951  00001a7c  afbffff8	sw	-8(r29),r31; push ret addr
  952  00001a80  2fbd0018	subui	r29,r29,#24; alloc local storage
  953  00001a84  afa20000	sw	0(r29),r2
  954  00001a88  23bdfff8	addi	r29,r29,#-8
  955  00001a8c  001d0820	add	r1,r0,r29
  956  00001a90  8fc20004	lw	r2,4(r30)
  957  00001a94  ac220000	sw	(r1),r2
  958  00001a98  0fffff5c	jal	_dstrlen
  959  00001a9c  54000000	nop; delay slot nop
  960  00001aa0  23bd0008	addi	r29,r29,#8
  961  00001aa4  afc1fff4	sw	-12(r30),r1
  962  00001aa8          	L41_LF2:
  963  00001aa8  8fc10000	lw	r1,(r30)
  964  00001aac  90220000	lbu	r2,(r1)
  965  00001ab0  64410000	snei	r1,r2,#0
  966  00001ab4  1420000c	bnez	r1,L43_LF2
  967  00001ab8  54000000	nop; delay slot nop
  968  00001abc  08000060	j	L42_LF2
  969  00001ac0  54000000	nop; delay slot nop
  970  00001ac4          	L43_LF2:
  971  00001ac4  23bdfff0	addi	r29,r29,#-16
  972  00001ac8  001d0820	add	r1,r0,r29
  973  00001acc  8fc20000	lw	r2,(r30)
  974  00001ad0  ac220000	sw	(r1),r2
  975  00001ad4  8fc20004	lw	r2,4(r30)
  976  00001ad8  ac220004	sw	4(r1),r2
  977  00001adc  8fc2fff4	lw	r2,-12(r30)
  978  00001ae0  ac220008	sw	8(r1),r2
  979  00001ae4  0ffffdc0	jal	_dstrncmp
  980  00001ae8  54000000	nop; delay slot nop
  981  00001aec  23bd0010	addi	r29,r29,#16
  982  00001af0  64220000	snei	r2,r1,#0
  983  00001af4  14400010	bnez	r2,L44_LF2
  984  00001af8  54000000	nop; delay slot nop
  985  00001afc  8fc10000	lw	r1,(r30)
  986  00001b00  08000028	j	L40_LF2
  987  00001b04  54000000	nop; delay slot nop
  988  00001b08          	L44_LF2:
  989  00001b08  8fc20000	lw	r2,(r30)
  990  00001b0c  20410001	addi	r1,r2,#1
  991  00001b10  00011020	add	r2,r0,r1
  992  00001b14  afc20000	sw	(r30),r2
  993  00001b18  0bffff8c	j	L41_LF2
  994  00001b1c  54000000	nop; delay slot nop
  995  00001b20          	L42_LF2:
  996  00001b20  20010000	addi	r1,r0,#0
  997  00001b24  08000004	j	L40_LF2
  998  00001b28  54000000	nop; delay slot nop
  999  00001b2c          	L40_LF2:
 1000  00001b2c  8fa20000	lw	r2,0(r29)
 1001  00001b30  8fdffff8	lw	r31,-8(r30)
 1002  00001b34  001ee820	add	r29,r0,r30
 1003  00001b38  8fdefffc	lw	r30,-4(r30)
 1004  00001b3c  4be00000	jr	r31
 1005  00001b40  54000000	nop
 1006  00001b44          	.endproc _dstrstr
 1007  00001b44          	.align 2
 1008  00001b44          	.proc _dmindex
 1009  00001b44          	.global _dmindex
 1010  00001b44          	_dmindex:
 1011                      ;  Function 'dmindex'; 8 bytes of locals, 1 regs to save.
 1012  00001b44  afbefffc	sw	-4(r29),r30; push fp
 1013  00001b48  001df020	add	r30,r0,r29; fp = sp
 1014  00001b4c  afbffff8	sw	-8(r29),r31; push ret addr
 1015  00001b50  2fbd0018	subui	r29,r29,#24; alloc local storage
 1016  00001b54  afa20000	sw	0(r29),r2
 1017  00001b58  54000000	nop
 1018  00001b5c          	L46_LF2:
 1019  00001b5c  8fc10000	lw	r1,(r30)
 1020  00001b60  90220000	lbu	r2,(r1)
 1021  00001b64  64410000	snei	r1,r2,#0
 1022  00001b68  1420000c	bnez	r1,L48_LF2
 1023  00001b6c  54000000	nop; delay slot nop
 1024  00001b70  08000070	j	L47_LF2
 1025  00001b74  54000000	nop; delay slot nop
 1026  00001b78          	L48_LF2:
 1027  00001b78  8fc10004	lw	r1,4(r30)
 1028  00001b7c  afc1fff4	sw	-12(r30),r1
 1029  00001b80          	L49_LF2:
 1030  00001b80  8fc1fff4	lw	r1,-12(r30)
 1031  00001b84  90220000	lbu	r2,(r1)
 1032  00001b88  64410000	snei	r1,r2,#0
 1033  00001b8c  1420000c	bnez	r1,L52_LF2
 1034  00001b90  54000000	nop; delay slot nop
 1035  00001b94  08000044	j	L50_LF2
 1036  00001b98  54000000	nop; delay slot nop
 1037  00001b9c          	L52_LF2:
 1038  00001b9c  8fc10000	lw	r1,(r30)
 1039  00001ba0  8fc2fff4	lw	r2,-12(r30)
 1040  00001ba4  90210000	lbu	r1,(r1)
 1041  00001ba8  90420000	lbu	r2,(r2)
 1042  00001bac  00220828	seq	r1,r1,r2
 1043  00001bb0  10200010	beqz	r1,L51_LF2
 1044  00001bb4  54000000	nop; delay slot nop
 1045  00001bb8  8fc10000	lw	r1,(r30)
 1046  00001bbc  08000030	j	L45_LF2
 1047  00001bc0  54000000	nop; delay slot nop
 1048  00001bc4          	L53_LF2:
 1049  00001bc4          	L51_LF2:
 1050  00001bc4  8fc2fff4	lw	r2,-12(r30)
 1051  00001bc8  20410001	addi	r1,r2,#1
 1052  00001bcc  00011020	add	r2,r0,r1
 1053  00001bd0  afc2fff4	sw	-12(r30),r2
 1054  00001bd4  0bffffa8	j	L49_LF2
 1055  00001bd8  54000000	nop; delay slot nop
 1056  00001bdc          	L50_LF2:
 1057  00001bdc  0bffff7c	j	L46_LF2
 1058  00001be0  54000000	nop; delay slot nop
 1059  00001be4          	L47_LF2:
 1060  00001be4  20010000	addi	r1,r0,#0
 1061  00001be8  08000004	j	L45_LF2
 1062  00001bec  54000000	nop; delay slot nop
 1063  00001bf0          	L45_LF2:
 1064  00001bf0  8fa20000	lw	r2,0(r29)
 1065  00001bf4  8fdffff8	lw	r31,-8(r30)
 1066  00001bf8  001ee820	add	r29,r0,r30
 1067  00001bfc  8fdefffc	lw	r30,-4(r30)
 1068  00001c00  4be00000	jr	r31
 1069  00001c04  54000000	nop
 1070  00001c08          	.endproc _dmindex
 1071  00001c08          	.align 2
 1072  00001c08          	.proc _dindex
 1073  00001c08          	.global _dindex
 1074  00001c08          	_dindex:
 1075                      ;  Function 'dindex'; 0 bytes of locals, 1 regs to save.
 1076  00001c08  afbefffc	sw	-4(r29),r30; push fp
 1077  00001c0c  001df020	add	r30,r0,r29; fp = sp
 1078  00001c10  afbffff8	sw	-8(r29),r31; push ret addr
 1079  00001c14  2fbd0010	subui	r29,r29,#16; alloc local storage
 1080  00001c18  afa20000	sw	0(r29),r2
 1081  00001c1c  54000000	nop
 1082  00001c20          	L55_LF2:
 1083  00001c20  8fc10000	lw	r1,(r30)
 1084  00001c24  90220000	lbu	r2,(r1)
 1085  00001c28  64410000	snei	r1,r2,#0
 1086  00001c2c  1420000c	bnez	r1,L57_LF2
 1087  00001c30  54000000	nop; delay slot nop
 1088  00001c34  08000040	j	L56_LF2
 1089  00001c38  54000000	nop; delay slot nop
 1090  00001c3c          	L57_LF2:
 1091  00001c3c  8fc10000	lw	r1,(r30)
 1092  00001c40  90220000	lbu	r2,(r1)
 1093  00001c44  8fc10004	lw	r1,4(r30)
 1094  00001c48  00411028	seq	r2,r2,r1
 1095  00001c4c  10400010	beqz	r2,L58_LF2
 1096  00001c50  54000000	nop; delay slot nop
 1097  00001c54  8fc10000	lw	r1,(r30)
 1098  00001c58  08000028	j	L54_LF2
 1099  00001c5c  54000000	nop; delay slot nop
 1100  00001c60          	L58_LF2:
 1101  00001c60  8fc20000	lw	r2,(r30)
 1102  00001c64  20410001	addi	r1,r2,#1
 1103  00001c68  00011020	add	r2,r0,r1
 1104  00001c6c  afc20000	sw	(r30),r2
 1105  00001c70  0bffffac	j	L55_LF2
 1106  00001c74  54000000	nop; delay slot nop
 1107  00001c78          	L56_LF2:
 1108  00001c78  20010000	addi	r1,r0,#0
 1109  00001c7c  08000004	j	L54_LF2
 1110  00001c80  54000000	nop; delay slot nop
 1111  00001c84          	L54_LF2:
 1112  00001c84  8fa20000	lw	r2,0(r29)
 1113  00001c88  8fdffff8	lw	r31,-8(r30)
 1114  00001c8c  001ee820	add	r29,r0,r30
 1115  00001c90  8fdefffc	lw	r30,-4(r30)
 1116  00001c94  4be00000	jr	r31
 1117  00001c98  54000000	nop
 1118  00001c9c          	.endproc _dindex
 1119  00001c9c          	.align 2
 1120  00001c9c          	.proc _ditoa
 1121  00001c9c          	.global _ditoa
 1122  00001c9c          	_ditoa:
 1123                      ;  Function 'ditoa'; 8 bytes of locals, 2 regs to save.
 1124  00001c9c  afbefffc	sw	-4(r29),r30; push fp
 1125  00001ca0  001df020	add	r30,r0,r29; fp = sp
 1126  00001ca4  afbffff8	sw	-8(r29),r31; push ret addr
 1127  00001ca8  2fbd0018	subui	r29,r29,#24; alloc local storage
 1128  00001cac  afa20000	sw	0(r29),r2
 1129  00001cb0  afa30004	sw	4(r29),r3
 1130  00001cb4  8fc10000	lw	r1,(r30)
 1131  00001cb8  68220000	slti	r2,r1,#0
 1132  00001cbc  1040002c	beqz	r2,L60_LF2
 1133  00001cc0  54000000	nop; delay slot nop
 1134  00001cc4  8fc10004	lw	r1,4(r30)
 1135  00001cc8  20220001	addi	r2,r1,#1
 1136  00001ccc  afc20004	sw	4(r30),r2
 1137  00001cd0  2002002d	addi	r2,r0,(#0x2d)&0xff
 1138  00001cd4  a0220000	sb	(r1),r2
 1139  00001cd8  8fc10000	lw	r1,(r30)
 1140  00001cdc  00011022	sub	r2,r0,r1
 1141  00001ce0  afc20000	sw	(r30),r2
 1142  00001ce4  08000118	j	L61_LF2
 1143  00001ce8  54000000	nop; delay slot nop
 1144  00001cec          	L60_LF2:
 1145  00001cec  8fc10000	lw	r1,(r30)
 1146  00001cf0  64220000	snei	r2,r1,#0
 1147  00001cf4  14400020	bnez	r2,L62_LF2
 1148  00001cf8  54000000	nop; delay slot nop
 1149  00001cfc  8fc10004	lw	r1,4(r30)
 1150  00001d00  20220001	addi	r2,r1,#1
 1151  00001d04  afc20004	sw	4(r30),r2
 1152  00001d08  20020030	addi	r2,r0,(#0x30)&0xff
 1153  00001d0c  a0220000	sb	(r1),r2
 1154  00001d10  080000ec	j	L61_LF2
 1155  00001d14  54000000	nop; delay slot nop
 1156  00001d18          	L62_LF2:
 1157  00001d18  20010001	addi	r1,r0,#1
 1158  00001d1c  afc1fff4	sw	-12(r30),r1
 1159  00001d20          	L64_LF2:
 1160  00001d20  8fc1fff4	lw	r1,-12(r30)
 1161  00001d24  8fc20000	lw	r2,(r30)
 1162  00001d28  0022082c	sle	r1,r1,r2
 1163  00001d2c  1420000c	bnez	r1,L66_LF2
 1164  00001d30  54000000	nop; delay slot nop
 1165  00001d34  08000024	j	L65_LF2
 1166  00001d38  54000000	nop; delay slot nop
 1167  00001d3c          	L67_LF2:
 1168  00001d3c          	L66_LF2:
 1169  00001d3c  8fc1fff4	lw	r1,-12(r30)
 1170  00001d40  00011820	add	r3,r0,r1
 1171  00001d44  50620002	slli	r2,r3,#0x2
 1172  00001d48  00411020	add	r2,r2,r1
 1173  00001d4c  50410001	slli	r1,r2,#0x1
 1174  00001d50  afc1fff4	sw	-12(r30),r1
 1175  00001d54  0bffffc8	j	L64_LF2
 1176  00001d58  54000000	nop; delay slot nop
 1177  00001d5c          	L65_LF2:
 1178  00001d5c  54000000	nop
 1179  00001d60          	L68_LF2:
 1180  00001d60  8fc1fff4	lw	r1,-12(r30)
 1181  00001d64  2002000a	addi	r2,r0,#10
 1182  00001d68  00200035	movi2fp	f0,r1
 1183  00001d6c  00400835	movi2fp	f1,r2
 1184  00001d70  0401000f	div	f0,f0,f1
 1185  00001d74  00000834	movfp2i	r1,f0
 1186  00001d78  afc1fff4	sw	-12(r30),r1
 1187  00001d7c  8fc10004	lw	r1,4(r30)
 1188  00001d80  20220001	addi	r2,r1,#1
 1189  00001d84  afc20004	sw	4(r30),r2
 1190  00001d88  8fc20000	lw	r2,(r30)
 1191  00001d8c  8fc3fff4	lw	r3,-12(r30)
 1192  00001d90  00400035	movi2fp	f0,r2
 1193  00001d94  00600835	movi2fp	f1,r3
 1194  00001d98  0401000f	div	f0,f0,f1
 1195  00001d9c  00001034	movfp2i	r2,f0
 1196  00001da0  00021820	add	r3,r0,r2
 1197  00001da4  20620030	addi	r2,r3,#48
 1198  00001da8  a0220000	sb	(r1),r2
 1199  00001dac  8fc10000	lw	r1,(r30)
 1200  00001db0  8fc3fff4	lw	r3,-12(r30)
 1201  00001db4  00200035	movi2fp	f0,r1
 1202  00001db8  00600835	movi2fp	f1,r3
 1203  00001dbc  0401000f	div	f0,f0,f1
 1204  00001dc0  00001034	movfp2i	r2,f0
 1205  00001dc4  8fc3fff4	lw	r3,-12(r30)
 1206  00001dc8  00400035	movi2fp	f0,r2
 1207  00001dcc  00600835	movi2fp	f1,r3
 1208  00001dd0  0401000e	mult	f0,f0,f1
 1209  00001dd4  00001034	movfp2i	r2,f0
 1210  00001dd8  00220822	sub	r1,r1,r2
 1211  00001ddc  afc10000	sw	(r30),r1
 1212  00001de0          	L70_LF2:
 1213  00001de0  8fc1fff4	lw	r1,-12(r30)
 1214  00001de4  6c220001	sgti	r2,r1,#1
 1215  00001de8  1440000c	bnez	r2,L71_LF2
 1216  00001dec  54000000	nop; delay slot nop
 1217  00001df0  0800000c	j	L61_LF2
 1218  00001df4  54000000	nop; delay slot nop
 1219  00001df8          	L71_LF2:
 1220  00001df8  0bffff64	j	L68_LF2
 1221  00001dfc  54000000	nop; delay slot nop
 1222  00001e00          	L69_LF2:
 1223  00001e00          	L63_LF2:
 1224  00001e00          	L61_LF2:
 1225  00001e00  8fc10004	lw	r1,4(r30)
 1226  00001e04  20020000	addi	r2,r0,(#0x0)&0xff
 1227  00001e08  a0220000	sb	(r1),r2
 1228  00001e0c          	L59_LF2:
 1229  00001e0c  8fa20000	lw	r2,0(r29)
 1230  00001e10  8fa30004	lw	r3,4(r29)
 1231  00001e14  8fdffff8	lw	r31,-8(r30)
 1232  00001e18  001ee820	add	r29,r0,r30
 1233  00001e1c  8fdefffc	lw	r30,-4(r30)
 1234  00001e20  4be00000	jr	r31
 1235  00001e24  54000000	nop
 1236  00001e28          	.endproc _ditoa
 1237  00001e28          	.align 2
 1238  00001e28          	.proc _dstrtol
 1239  00001e28          	.global _dstrtol
 1240  00001e28          	_dstrtol:
 1241                      ;  Function 'dstrtol'; 16 bytes of locals, 1 regs to save.
 1242  00001e28  afbefffc	sw	-4(r29),r30; push fp
 1243  00001e2c  001df020	add	r30,r0,r29; fp = sp
 1244  00001e30  afbffff8	sw	-8(r29),r31; push ret addr
 1245  00001e34  2fbd0020	subui	r29,r29,#32; alloc local storage
 1246  00001e38  afa20000	sw	0(r29),r2
 1247  00001e3c  20010000	addi	r1,r0,#0
 1248  00001e40  afc1fff4	sw	-12(r30),r1
 1249  00001e44          	L73_LF2:
 1250  00001e44  8fc10000	lw	r1,(r30)
 1251  00001e48  90220000	lbu	r2,(r1)
 1252  00001e4c  60410020	seqi	r1,r2,#32
 1253  00001e50  14200034	bnez	r1,L75_LF2
 1254  00001e54  54000000	nop; delay slot nop
 1255  00001e58  8fc10000	lw	r1,(r30)
 1256  00001e5c  90220000	lbu	r2,(r1)
 1257  00001e60  60410009	seqi	r1,r2,#9
 1258  00001e64  14200020	bnez	r1,L75_LF2
 1259  00001e68  54000000	nop; delay slot nop
 1260  00001e6c  8fc10000	lw	r1,(r30)
 1261  00001e70  90220000	lbu	r2,(r1)
 1262  00001e74  6041000a	seqi	r1,r2,#10
 1263  00001e78  1420000c	bnez	r1,L75_LF2
 1264  00001e7c  54000000	nop; delay slot nop
 1265  00001e80  0800001c	j	L74_LF2
 1266  00001e84  54000000	nop; delay slot nop
 1267  00001e88          	L75_LF2:
 1268  00001e88  8fc20000	lw	r2,(r30)
 1269  00001e8c  20410001	addi	r1,r2,#1
 1270  00001e90  00011020	add	r2,r0,r1
 1271  00001e94  afc20000	sw	(r30),r2
 1272  00001e98  0bffffa8	j	L73_LF2
 1273  00001e9c  54000000	nop; delay slot nop
 1274  00001ea0          	L74_LF2:
 1275  00001ea0  8fc10004	lw	r1,4(r30)
 1276  00001ea4  64220000	snei	r2,r1,#0
 1277  00001ea8  10400010	beqz	r2,L76_LF2
 1278  00001eac  54000000	nop; delay slot nop
 1279  00001eb0  8fc10004	lw	r1,4(r30)
 1280  00001eb4  8fc20000	lw	r2,(r30)
 1281  00001eb8  ac220000	sw	(r1),r2
 1282  00001ebc          	L76_LF2:
 1283  00001ebc  8fc10000	lw	r1,(r30)
 1284  00001ec0  90220000	lbu	r2,(r1)
 1285  00001ec4  64410000	snei	r1,r2,#0
 1286  00001ec8  14200010	bnez	r1,L77_LF2
 1287  00001ecc  54000000	nop; delay slot nop
 1288  00001ed0  8fc1fff4	lw	r1,-12(r30)
 1289  00001ed4  08000294	j	L72_LF2
 1290  00001ed8  54000000	nop; delay slot nop
 1291  00001edc          	L77_LF2:
 1292  00001edc  8fc10000	lw	r1,(r30)
 1293  00001ee0  90220000	lbu	r2,(r1)
 1294  00001ee4  6041002d	seqi	r1,r2,#45
 1295  00001ee8  10200024	beqz	r1,L78_LF2
 1296  00001eec  54000000	nop; delay slot nop
 1297  00001ef0  2001ffff	addi	r1,r0,#-1
 1298  00001ef4  afc1ffec	sw	-20(r30),r1
 1299  00001ef8  8fc20000	lw	r2,(r30)
 1300  00001efc  20410001	addi	r1,r2,#1
 1301  00001f00  00011020	add	r2,r0,r1
 1302  00001f04  afc20000	sw	(r30),r2
 1303  00001f08  0800000c	j	L79_LF2
 1304  00001f0c  54000000	nop; delay slot nop
 1305  00001f10          	L78_LF2:
 1306  00001f10  20010001	addi	r1,r0,#1
 1307  00001f14  afc1ffec	sw	-20(r30),r1
 1308  00001f18          	L79_LF2:
 1309  00001f18  8fc10008	lw	r1,8(r30)
 1310  00001f1c  64220000	snei	r2,r1,#0
 1311  00001f20  14400090	bnez	r2,L80_LF2
 1312  00001f24  54000000	nop; delay slot nop
 1313  00001f28  8fc10000	lw	r1,(r30)
 1314  00001f2c  90220000	lbu	r2,(r1)
 1315  00001f30  60410030	seqi	r1,r2,#48
 1316  00001f34  10200074	beqz	r1,L81_LF2
 1317  00001f38  54000000	nop; delay slot nop
 1318  00001f3c  8fc20000	lw	r2,(r30)
 1319  00001f40  20410001	addi	r1,r2,#1
 1320  00001f44  00011020	add	r2,r0,r1
 1321  00001f48  afc20000	sw	(r30),r2
 1322  00001f4c  8fc10000	lw	r1,(r30)
 1323  00001f50  90220000	lbu	r2,(r1)
 1324  00001f54  60410078	seqi	r1,r2,#120
 1325  00001f58  14200020	bnez	r1,L83_LF2
 1326  00001f5c  54000000	nop; delay slot nop
 1327  00001f60  8fc10000	lw	r1,(r30)
 1328  00001f64  90220000	lbu	r2,(r1)
 1329  00001f68  60410058	seqi	r1,r2,#88
 1330  00001f6c  1420000c	bnez	r1,L83_LF2
 1331  00001f70  54000000	nop; delay slot nop
 1332  00001f74  08000024	j	L82_LF2
 1333  00001f78  54000000	nop; delay slot nop
 1334  00001f7c          	L83_LF2:
 1335  00001f7c  20010010	addi	r1,r0,#16
 1336  00001f80  afc10008	sw	8(r30),r1
 1337  00001f84  8fc20000	lw	r2,(r30)
 1338  00001f88  20410001	addi	r1,r2,#1
 1339  00001f8c  00011020	add	r2,r0,r1
 1340  00001f90  afc20000	sw	(r30),r2
 1341  00001f94  0800000c	j	L84_LF2
 1342  00001f98  54000000	nop; delay slot nop
 1343  00001f9c          	L82_LF2:
 1344  00001f9c  20010008	addi	r1,r0,#8
 1345  00001fa0  afc10008	sw	8(r30),r1
 1346  00001fa4          	L84_LF2:
 1347  00001fa4  0800000c	j	L80_LF2
 1348  00001fa8  54000000	nop; delay slot nop
 1349  00001fac          	L81_LF2:
 1350  00001fac  2001000a	addi	r1,r0,#10
 1351  00001fb0  afc10008	sw	8(r30),r1
 1352  00001fb4          	L85_LF2:
 1353  00001fb4          	L80_LF2:
 1354  00001fb4  8fc10008	lw	r1,8(r30)
 1355  00001fb8  70220000	slei	r2,r1,#0
 1356  00001fbc  1440001c	bnez	r2,L87_LF2
 1357  00001fc0  54000000	nop; delay slot nop
 1358  00001fc4  8fc10008	lw	r1,8(r30)
 1359  00001fc8  6c220010	sgti	r2,r1,#16
 1360  00001fcc  1440000c	bnez	r2,L87_LF2
 1361  00001fd0  54000000	nop; delay slot nop
 1362  00001fd4  08000010	j	L86_LF2
 1363  00001fd8  54000000	nop; delay slot nop
 1364  00001fdc          	L87_LF2:
 1365  00001fdc  8fc1fff4	lw	r1,-12(r30)
 1366  00001fe0  08000188	j	L72_LF2
 1367  00001fe4  54000000	nop; delay slot nop
 1368  00001fe8          	L86_LF2:
 1369  00001fe8  54000000	nop
 1370  00001fec          	L88_LF2:
 1371  00001fec  8fc10000	lw	r1,(r30)
 1372  00001ff0  90220000	lbu	r2,(r1)
 1373  00001ff4  6c41002f	sgtui	r1,r2,#47
 1374  00001ff8  10200030	beqz	r1,L91_LF2
 1375  00001ffc  54000000	nop; delay slot nop
 1376  00002000  8fc10000	lw	r1,(r30)
 1377  00002004  90220000	lbu	r2,(r1)
 1378  00002008  70410039	sleui	r1,r2,#57
 1379  0000200c  1020001c	beqz	r1,L91_LF2
 1380  00002010  54000000	nop; delay slot nop
 1381  00002014  8fc10000	lw	r1,(r30)
 1382  00002018  90220000	lbu	r2,(r1)
 1383  0000201c  2041ffd0	addi	r1,r2,#-48
 1384  00002020  afc1fff0	sw	-16(r30),r1
 1385  00002024  0800008c	j	L92_LF2
 1386  00002028  54000000	nop; delay slot nop
 1387  0000202c          	L91_LF2:
 1388  0000202c  8fc10000	lw	r1,(r30)
 1389  00002030  90220000	lbu	r2,(r1)
 1390  00002034  6c410060	sgtui	r1,r2,#96
 1391  00002038  10200030	beqz	r1,L93_LF2
 1392  0000203c  54000000	nop; delay slot nop
 1393  00002040  8fc10000	lw	r1,(r30)
 1394  00002044  90220000	lbu	r2,(r1)
 1395  00002048  7041007a	sleui	r1,r2,#122
 1396  0000204c  1020001c	beqz	r1,L93_LF2
 1397  00002050  54000000	nop; delay slot nop
 1398  00002054  8fc10000	lw	r1,(r30)
 1399  00002058  90220000	lbu	r2,(r1)
 1400  0000205c  2041ffa9	addi	r1,r2,#-87
 1401  00002060  afc1fff0	sw	-16(r30),r1
 1402  00002064  0800004c	j	L92_LF2
 1403  00002068  54000000	nop; delay slot nop
 1404  0000206c          	L93_LF2:
 1405  0000206c  8fc10000	lw	r1,(r30)
 1406  00002070  90220000	lbu	r2,(r1)
 1407  00002074  6c410040	sgtui	r1,r2,#64
 1408  00002078  10200030	beqz	r1,L95_LF2
 1409  0000207c  54000000	nop; delay slot nop
 1410  00002080  8fc10000	lw	r1,(r30)
 1411  00002084  90220000	lbu	r2,(r1)
 1412  00002088  7041005a	sleui	r1,r2,#90
 1413  0000208c  1020001c	beqz	r1,L95_LF2
 1414  00002090  54000000	nop; delay slot nop
 1415  00002094  8fc10000	lw	r1,(r30)
 1416  00002098  90220000	lbu	r2,(r1)
 1417  0000209c  2041ffc9	addi	r1,r2,#-55
 1418  000020a0  afc1fff0	sw	-16(r30),r1
 1419  000020a4  0800000c	j	L92_LF2
 1420  000020a8  54000000	nop; delay slot nop
 1421  000020ac          	L95_LF2:
 1422  000020ac  200103e8	addi	r1,r0,#1000
 1423  000020b0  afc1fff0	sw	-16(r30),r1
 1424  000020b4          	L96_LF2:
 1425  000020b4          	L94_LF2:
 1426  000020b4          	L92_LF2:
 1427  000020b4  8fc1fff0	lw	r1,-16(r30)
 1428  000020b8  8fc20008	lw	r2,8(r30)
 1429  000020bc  0022082a	slt	r1,r1,r2
 1430  000020c0  10200040	beqz	r1,L90_LF2
 1431  000020c4  54000000	nop; delay slot nop
 1432  000020c8  8fc1fff4	lw	r1,-12(r30)
 1433  000020cc  8fc20008	lw	r2,8(r30)
 1434  000020d0  00200035	movi2fp	f0,r1
 1435  000020d4  00400835	movi2fp	f1,r2
 1436  000020d8  0401000e	mult	f0,f0,f1
 1437  000020dc  00000834	movfp2i	r1,f0
 1438  000020e0  afc1fff4	sw	-12(r30),r1
 1439  000020e4  8fc1fff4	lw	r1,-12(r30)
 1440  000020e8  8fc2fff0	lw	r2,-16(r30)
 1441  000020ec  00220820	add	r1,r1,r2
 1442  000020f0  afc1fff4	sw	-12(r30),r1
 1443  000020f4  8fc20000	lw	r2,(r30)
 1444  000020f8  20410001	addi	r1,r2,#1
 1445  000020fc  00011020	add	r2,r0,r1
 1446  00002100  afc20000	sw	(r30),r2
 1447  00002104          	L97_LF2:
 1448  00002104          	L90_LF2:
 1449  00002104  8fc1fff0	lw	r1,-16(r30)
 1450  00002108  8fc20008	lw	r2,8(r30)
 1451  0000210c  0022082a	slt	r1,r1,r2
 1452  00002110  1420000c	bnez	r1,L98_LF2
 1453  00002114  54000000	nop; delay slot nop
 1454  00002118  0800000c	j	L89_LF2
 1455  0000211c  54000000	nop; delay slot nop
 1456  00002120          	L98_LF2:
 1457  00002120  0bfffec8	j	L88_LF2
 1458  00002124  54000000	nop; delay slot nop
 1459  00002128          	L89_LF2:
 1460  00002128  8fc10004	lw	r1,4(r30)
 1461  0000212c  64220000	snei	r2,r1,#0
 1462  00002130  10400010	beqz	r2,L99_LF2
 1463  00002134  54000000	nop; delay slot nop
 1464  00002138  8fc10004	lw	r1,4(r30)
 1465  0000213c  8fc20000	lw	r2,(r30)
 1466  00002140  ac220000	sw	(r1),r2
 1467  00002144          	L99_LF2:
 1468  00002144  8fc1fff4	lw	r1,-12(r30)
 1469  00002148  8fc2ffec	lw	r2,-20(r30)
 1470  0000214c  00200035	movi2fp	f0,r1
 1471  00002150  00400835	movi2fp	f1,r2
 1472  00002154  0401000e	mult	f0,f0,f1
 1473  00002158  00000834	movfp2i	r1,f0
 1474  0000215c  afc1fff4	sw	-12(r30),r1
 1475  00002160  8fc1fff4	lw	r1,-12(r30)
 1476  00002164  08000004	j	L72_LF2
 1477  00002168  54000000	nop; delay slot nop
 1478  0000216c          	L72_LF2:
 1479  0000216c  8fa20000	lw	r2,0(r29)
 1480  00002170  8fdffff8	lw	r31,-8(r30)
 1481  00002174  001ee820	add	r29,r0,r30
 1482  00002178  8fdefffc	lw	r30,-4(r30)
 1483  0000217c  4be00000	jr	r31
 1484  00002180  54000000	nop
 1485  00002184          	.endproc _dstrtol
 1486  00002184          	.align 2
 1487  00002184          	.proc _bcopy
 1488  00002184          	.global _bcopy
 1489  00002184          	_bcopy:
 1490                      ;  Function 'bcopy'; 0 bytes of locals, 2 regs to save.
 1491  00002184  afbefffc	sw	-4(r29),r30; push fp
 1492  00002188  001df020	add	r30,r0,r29; fp = sp
 1493  0000218c  afbffff8	sw	-8(r29),r31; push ret addr
 1494  00002190  2fbd0010	subui	r29,r29,#16; alloc local storage
 1495  00002194  afa20000	sw	0(r29),r2
 1496  00002198  afa30004	sw	4(r29),r3
 1497  0000219c  54000000	nop
 1498  000021a0          	L101_LF2:
 1499  000021a0  8fc10008	lw	r1,8(r30)
 1500  000021a4  2022ffff	addi	r2,r1,#-1
 1501  000021a8  afc20008	sw	8(r30),r2
 1502  000021ac  6c210000	sgti	r1,r1,#0
 1503  000021b0  1420000c	bnez	r1,L103_LF2
 1504  000021b4  54000000	nop; delay slot nop
 1505  000021b8  0800002c	j	L102_LF2
 1506  000021bc  54000000	nop; delay slot nop
 1507  000021c0          	L103_LF2:
 1508  000021c0  8fc10004	lw	r1,4(r30)
 1509  000021c4  20220001	addi	r2,r1,#1
 1510  000021c8  afc20004	sw	4(r30),r2
 1511  000021cc  8fc20000	lw	r2,(r30)
 1512  000021d0  20430001	addi	r3,r2,#1
 1513  000021d4  afc30000	sw	(r30),r3
 1514  000021d8  80420000	lb	r2,(r2)
 1515  000021dc  a0220000	sb	(r1),r2
 1516  000021e0  0bffffbc	j	L101_LF2
 1517  000021e4  54000000	nop; delay slot nop
 1518  000021e8          	L102_LF2:
 1519  000021e8          	L100_LF2:
 1520  000021e8  8fa20000	lw	r2,0(r29)
 1521  000021ec  8fa30004	lw	r3,4(r29)
 1522  000021f0  8fdffff8	lw	r31,-8(r30)
 1523  000021f4  001ee820	add	r29,r0,r30
 1524  000021f8  8fdefffc	lw	r30,-4(r30)
 1525  000021fc  4be00000	jr	r31
 1526  00002200  54000000	nop
 1527  00002204          	.endproc _bcopy
 1528  00002204          	.align 2
 1529  00002204          	.proc _bzero
 1530  00002204          	.global _bzero
 1531  00002204          	_bzero:
 1532                      ;  Function 'bzero'; 0 bytes of locals, 1 regs to save.
 1533  00002204  afbefffc	sw	-4(r29),r30; push fp
 1534  00002208  001df020	add	r30,r0,r29; fp = sp
 1535  0000220c  afbffff8	sw	-8(r29),r31; push ret addr
 1536  00002210  2fbd0010	subui	r29,r29,#16; alloc local storage
 1537  00002214  afa20000	sw	0(r29),r2
 1538  00002218  54000000	nop
 1539  0000221c          	L105_LF2:
 1540  0000221c  8fc10004	lw	r1,4(r30)
 1541  00002220  2022ffff	addi	r2,r1,#-1
 1542  00002224  afc20004	sw	4(r30),r2
 1543  00002228  6c210000	sgti	r1,r1,#0
 1544  0000222c  1420000c	bnez	r1,L107_LF2
 1545  00002230  54000000	nop; delay slot nop
 1546  00002234  08000020	j	L106_LF2
 1547  00002238  54000000	nop; delay slot nop
 1548  0000223c          	L107_LF2:
 1549  0000223c  8fc10000	lw	r1,(r30)
 1550  00002240  20220001	addi	r2,r1,#1
 1551  00002244  afc20000	sw	(r30),r2
 1552  00002248  20020000	addi	r2,r0,(#0x0)&0xff
 1553  0000224c  a0220000	sb	(r1),r2
 1554  00002250  0bffffc8	j	L105_LF2
 1555  00002254  54000000	nop; delay slot nop
 1556  00002258          	L106_LF2:
 1557  00002258          	L104_LF2:
 1558  00002258  8fa20000	lw	r2,0(r29)
 1559  0000225c  8fdffff8	lw	r31,-8(r30)
 1560  00002260  001ee820	add	r29,r0,r30
 1561  00002264  8fdefffc	lw	r30,-4(r30)
 1562  00002268  4be00000	jr	r31
 1563  0000226c  54000000	nop
 1564  00002270          	.endproc _bzero
 1565  00002270          	.align 2
 1566  00002270          	.proc _min
 1567  00002270          	.global _min
 1568  00002270          	_min:
 1569                      ;  Function 'min'; 0 bytes of locals, 2 regs to save.
 1570  00002270  afbefffc	sw	-4(r29),r30; push fp
 1571  00002274  001df020	add	r30,r0,r29; fp = sp
 1572  00002278  afbffff8	sw	-8(r29),r31; push ret addr
 1573  0000227c  2fbd0010	subui	r29,r29,#16; alloc local storage
 1574  00002280  afa20000	sw	0(r29),r2
 1575  00002284  afa30004	sw	4(r29),r3
 1576  00002288  8fc10000	lw	r1,(r30)
 1577  0000228c  8fc20004	lw	r2,4(r30)
 1578  00002290  0022182c	sle	r3,r1,r2
 1579  00002294  14600008	bnez	r3,L109_LF2
 1580  00002298  54000000	nop; delay slot nop
 1581  0000229c  8fc10004	lw	r1,4(r30)
 1582  000022a0          	L109_LF2:
 1583  000022a0  08000004	j	L108_LF2
 1584  000022a4  54000000	nop; delay slot nop
 1585  000022a8          	L108_LF2:
 1586  000022a8  8fa20000	lw	r2,0(r29)
 1587  000022ac  8fa30004	lw	r3,4(r29)
 1588  000022b0  8fdffff8	lw	r31,-8(r30)
 1589  000022b4  001ee820	add	r29,r0,r30
 1590  000022b8  8fdefffc	lw	r30,-4(r30)
 1591  000022bc  4be00000	jr	r31
 1592  000022c0  54000000	nop
 1593  000022c4          	.endproc _min
 1594                      ;;; Ethan L. Miller, 1999.  Released to the public domain
 1595                      ;;;
 1596                      ;;; Most of the traps are called in files from libtraps.
 1599  000022c4          	.align 2
 1600  000022c4          	.proc _exit
 1601  000022c4          	.global _exit
 1602  000022c4          	_exit:
 1603  000022c4  44000300	trap	#0x300
 1604  000022c8  4be00000	jr	r31
 1605  000022cc  54000000	nop
 1606  000022d0          	.endproc _exit
 1608                      ; for the benefit of gcc.
 1609  000022d0          	.proc ___main
 1610  000022d0          	.global ___main
 1611  000022d0          	___main:
 1612  000022d0  4be00000	jr	r31
 1613  000022d4  54000000	nop
 1614  000022d8          	.endproc ___main
 1615  000022d8          	.text
 1616  000022d8          	.global _etext
 1617  000022d8          	_etext:
 1618  000022d8          	.align 3
 1619  000022d8          	.data
 1620  0000313a          	.global _edata
 1621  0000313a          	_edata:
