 line   address	contents
    1                      ; Linked by DLX-LD.
    2                      ; MemSize 24576
    3                      ; Data size: 562
    4                      ; Text size: 5412
    5                      ; Stack size: 8192
    6  00000000          	.text 0x1000
    7  00001000          	.data 0x3000
    8                      ; Compiled by GCC
    9  00003000          	.text
   10  00001000          	.align 2
   11  00001000          	.proc _isspace
   12  00001000          	.global _isspace
   13  00001000          	_isspace:
   14                      ;  Function 'isspace'; 0 bytes of locals, 1 regs to save.
   15  00001000  afbefffc	sw	-4(r29),r30; push fp
   16  00001004  001df020	add	r30,r0,r29; fp = sp
   17  00001008  afbffff8	sw	-8(r29),r31; push ret addr
   18  0000100c  2fbd0010	subui	r29,r29,#16; alloc local storage
   19  00001010  afa20000	sw	0(r29),r2
   20  00001014  83c20003	lb	r2,3(r30)
   21  00001018  201f0000	addi	r31,r0,#0
   22  0000101c  304100ff	andi	r1,r2,#0x00ff
   23  00001020  60210020	seqi	r1,r1,#32
   24  00001024  14200018	bnez	r1,L6_LF0
   25  00001028  54000000	nop; not filled.
   26  0000102c  2041fff7	addi	r1,r2,#-9
   27  00001030  302100ff	andi	r1,r1,#0x00ff
   28  00001034  70210001	sleui	r1,r1,#1
   29  00001038  10200008	beqz	r1,L5_LF0
   30  0000103c  54000000	nop; not filled.
   31  00001040          	L6_LF0:
   32  00001040  201f0001	addi	r31,r0,#1
   33  00001044          	L5_LF0:
   34  00001044  001f0820	add	r1,r0,r31
   35  00001048  8fa20000	lw	r2,0(r29)
   36  0000104c  8fdffff8	lw	r31,-8(r30)
   37  00001050  001ee820	add	r29,r0,r30
   38  00001054  8fdefffc	lw	r30,-4(r30)
   39  00001058  4be00000	jr	r31
   40  0000105c  54000000	nop
   41  00001060          	.endproc _isspace
   42  00001060          	.align 2
   43  00001060          	.proc _isxdigit
   44  00001060          	.global _isxdigit
   45  00001060          	_isxdigit:
   46                      ;  Function 'isxdigit'; 0 bytes of locals, 1 regs to save.
   47  00001060  afbefffc	sw	-4(r29),r30; push fp
   48  00001064  001df020	add	r30,r0,r29; fp = sp
   49  00001068  afbffff8	sw	-8(r29),r31; push ret addr
   50  0000106c  2fbd0010	subui	r29,r29,#16; alloc local storage
   51  00001070  afa20000	sw	0(r29),r2
   52  00001074  83df0003	lb	r31,3(r30)
   53  00001078  20020000	addi	r2,r0,#0
   54  0000107c  23e1ffd0	addi	r1,r31,#-48
   55  00001080  302100ff	andi	r1,r1,#0x00ff
   56  00001084  70210009	sleui	r1,r1,#9
   57  00001088  14200028	bnez	r1,L12_LF0
   58  0000108c  54000000	nop; not filled.
   59  00001090  23e1ff9f	addi	r1,r31,#-97
   60  00001094  302100ff	andi	r1,r1,#0x00ff
   61  00001098  70210005	sleui	r1,r1,#5
   62  0000109c  14200014	bnez	r1,L12_LF0
   63  000010a0  54000000	nop; not filled.
   64  000010a4  33e100ff	andi	r1,r31,#0x00ff
   65  000010a8  64210041	snei	r1,r1,#65
   66  000010ac  14200008	bnez	r1,L11_LF0
   67  000010b0  54000000	nop; not filled.
   68  000010b4          	L12_LF0:
   69  000010b4  20020001	addi	r2,r0,#1
   70  000010b8          	L11_LF0:
   71  000010b8  00020820	add	r1,r0,r2
   72  000010bc  8fa20000	lw	r2,0(r29)
   73  000010c0  8fdffff8	lw	r31,-8(r30)
   74  000010c4  001ee820	add	r29,r0,r30
   75  000010c8  8fdefffc	lw	r30,-4(r30)
   76  000010cc  4be00000	jr	r31
   77  000010d0  54000000	nop
   78  000010d4          	.endproc _isxdigit
   79  000010d4          	.data
   80  00003000          	.align 2
   81  00003000          	LC0_LF0:
   82  00003000  55736167	.ascii "Usage: \000"
   82  00003004  653a2000	
   83  00003008          	.align 2
   84  00003008          	LC1_LF0:
   85  00003008  203c6e75	.ascii " <number of H20 processes to create> <number of S04 molecules to creat"
   85  0000300c  6d626572	
   85  00003010  206f6620	
   85  00003014  48323020	
   85  00003018  70726f63	
   85  0000301c  65737365	
   85  00003020  7320746f	
   85  00003024  20637265	
   85  00003028  6174653e	
   85  0000302c  203c6e75	
   85  00003030  6d626572	
   85  00003034  206f6620	
   85  00003038  53303420	
   85  0000303c  6d6f6c65	
   85  00003040  63756c65	
   85  00003044  7320746f	
   85  00003048  20637265	
   85  0000304c  6174    	
   86  0000304e  653e0a00	.ascii "e>\n\000"
   87  00003052          	.align 2
   88  00003054          	LC2_LF0:
   89  00003054  43726561	.ascii "Creating %d injection and reaction processes\n\000"
   89  00003058  74696e67	
   89  0000305c  20256420	
   89  00003060  696e6a65	
   89  00003064  6374696f	
   89  00003068  6e20616e	
   89  0000306c  64207265	
   89  00003070  61637469	
   89  00003074  6f6e2070	
   89  00003078  726f6365	
   89  0000307c  73736573	
   89  00003080  0a00    	
   90  00003082          	.align 2
   91  00003084          	LC3_LF0:
   92  00003084  42616420	.ascii "Bad sem_create for process_completion \000"
   92  00003088  73656d5f	
   92  0000308c  63726561	
   92  00003090  74652066	
   92  00003094  6f722070	
   92  00003098  726f6365	
   92  0000309c  73735f63	
   92  000030a0  6f6d706c	
   92  000030a4  6574696f	
   92  000030a8  6e2000  	
   93  000030ab          	.align 2
   94  000030ac          	LC4_LF0:
   95  000030ac  42616420	.ascii "Bad sem_create for oxygen \000"
   95  000030b0  73656d5f	
   95  000030b4  63726561	
   95  000030b8  74652066	
   95  000030bc  6f72206f	
   95  000030c0  78796765	
   95  000030c4  6e2000  	
   96  000030c7          	.align 2
   97  000030c8          	LC5_LF0:
   98  000030c8  42616420	.ascii "Bad sem_create for hydro \000"
   98  000030cc  73656d5f	
   98  000030d0  63726561	
   98  000030d4  74652066	
   98  000030d8  6f722068	
   98  000030dc  7964726f	
   98  000030e0  2000    	
   99  000030e2          	.align 2
  100  000030e4          	LC6_LF0:
  101  000030e4  42616420	.ascii "Bad sem_create for sulphate \000"
  101  000030e8  73656d5f	
  101  000030ec  63726561	
  101  000030f0  74652066	
  101  000030f4  6f722073	
  101  000030f8  756c7068	
  101  000030fc  61746520	
  101  00003100  00      	
  102  00003101          	.align 2
  103  00003104          	LC7_LF0:
  104  00003104  42616420	.ascii "Bad sem_create for sulphur \000"
  104  00003108  73656d5f	
  104  0000310c  63726561	
  104  00003110  74652066	
  104  00003114  6f722073	
  104  00003118  756c7068	
  104  0000311c  75722000	
  105  00003120          	.align 2
  106  00003120          	LC8_LF0:
  107  00003120  42616420	.ascii "Bad sem_create for hydrogen \000"
  107  00003124  73656d5f	
  107  00003128  63726561	
  107  0000312c  74652066	
  107  00003130  6f722068	
  107  00003134  7964726f	
  107  00003138  67656e20	
  107  0000313c  00      	
  108  0000313d          	.align 2
  109  00003140          	LC9_LF0:
  110  00003140  42616420	.ascii "Bad sem_create for acid \000"
  110  00003144  73656d5f	
  110  00003148  63726561	
  110  0000314c  74652066	
  110  00003150  6f722061	
  110  00003154  63696420	
  110  00003158  00      	
  111  00003159          	.align 2
  112  0000315c          	LC10_LF0:
  113  0000315c  696e6a65	.ascii "injection_hydro.dlx.obj\000"
  113  00003160  6374696f	
  113  00003164  6e5f6879	
  113  00003168  64726f2e	
  113  0000316c  646c782e	
  113  00003170  6f626a00	
  114  00003174          	.align 2
  115  00003174          	LC11_LF0:
  116  00003174  696e6a65	.ascii "injection_sulphate.dlx.obj\000"
  116  00003178  6374696f	
  116  0000317c  6e5f7375	
  116  00003180  6c706861	
  116  00003184  74652e64	
  116  00003188  6c782e6f	
  116  0000318c  626a00  	
  117  0000318f          	.align 2
  118  00003190          	LC12_LF0:
  119  00003190  72656163	.ascii "reaction1.dlx.obj\000"
  119  00003194  74696f6e	
  119  00003198  312e646c	
  119  0000319c  782e6f62	
  119  000031a0  6a00    	
  120  000031a2          	.align 2
  121  000031a4          	LC13_LF0:
  122  000031a4  72656163	.ascii "reaction2.dlx.obj\000"
  122  000031a8  74696f6e	
  122  000031ac  322e646c	
  122  000031b0  782e6f62	
  122  000031b4  6a00    	
  123  000031b6          	.align 2
  124  000031b8          	LC14_LF0:
  125  000031b8  72656163	.ascii "reaction3.dlx.obj\000"
  125  000031bc  74696f6e	
  125  000031c0  332e646c	
  125  000031c4  782e6f62	
  125  000031c8  6a00    	
  126  000031ca          	.align 2
  127  000031cc          	LC15_LF0:
  128  000031cc  42616420	.ascii "Bad semaphore s_procs_completed (%d) in \000"
  128  000031d0  73656d61	
  128  000031d4  70686f72	
  128  000031d8  6520735f	
  128  000031dc  70726f63	
  128  000031e0  735f636f	
  128  000031e4  6d706c65	
  128  000031e8  74656420	
  128  000031ec  28256429	
  128  000031f0  20696e20	
  128  000031f4  00      	
  129  000031f5          	.align 2
  130  000031f8          	LC16_LF0:
  131  000031f8  0a00    	.ascii "\n\000"
  132  000031fa          	.align 2
  133  000031fc          	LC17_LF0:
  134  000031fc  416c6c20	.ascii "All other processes completed, exiting main process.\n\000"
  134  00003200  6f746865	
  134  00003204  72207072	
  134  00003208  6f636573	
  134  0000320c  73657320	
  134  00003210  636f6d70	
  134  00003214  6c657465	
  134  00003218  642c2065	
  134  0000321c  78697469	
  134  00003220  6e67206d	
  134  00003224  61696e20	
  134  00003228  70726f63	
  134  0000322c  6573732e	
  134  00003230  0a00    	
  135  00003232          	.text
  136  000010d4          	.align 2
  137  000010d4          	.proc _main
  138  000010d4          	.global _main
  139  000010d4          	_main:
  140                      ;  Function 'main'; 176 bytes of locals, 0 regs to save.
  141  000010d4  afbefffc	sw	-4(r29),r30; push fp
  142  000010d8  001df020	add	r30,r0,r29; fp = sp
  143  000010dc  afbffff8	sw	-8(r29),r31; push ret addr
  144  000010e0  2fbd00b8	subui	r29,r29,#184; alloc local storage
  145  000010e4  8fc20000	lw	r2,(r30)
  146  000010e8  8fcd0004	lw	r13,4(r30)
  147  000010ec  0c00142c	jal	___main
  148  000010f0  54000000	nop; not filled.
  149  000010f4  64410003	snei	r1,r2,#3
  150  000010f8  1020004c	beqz	r1,L14_LF0
  151  000010fc  54000000	nop; not filled.
  152  00001100  23bdfff8	addi	r29,r29,#-8
  153  00001104  3c120000	lhi	r18,((LC0_LF0)>>16)&0xffff
  154  00001108  26523000	addui	r18,r18,(LC0_LF0)&0xffff
  155  0000110c  afb20000	sw	(r29),r18
  156  00001110  0c000600	jal	_Printf
  157  00001114  54000000	nop; not filled.
  158  00001118  8db20000	lw	r18,(r13)
  159  0000111c  afb20000	sw	(r29),r18
  160  00001120  0c0005f0	jal	_Printf
  161  00001124  54000000	nop; not filled.
  162  00001128  3c120000	lhi	r18,((LC1_LF0)>>16)&0xffff
  163  0000112c  26523008	addui	r18,r18,(LC1_LF0)&0xffff
  164  00001130  afb20000	sw	(r29),r18
  165  00001134  0c0005dc	jal	_Printf
  166  00001138  54000000	nop; not filled.
  167  0000113c  0c000688	jal	_Exit
  168  00001140  54000000	nop; not filled.
  169  00001144  23bd0008	addi	r29,r29,#8
  170  00001148          	L14_LF0:
  171  00001148  23bdfff0	addi	r29,r29,#-16
  172  0000114c  8db20004	lw	r18,4(r13)
  173  00001150  afb20000	sw	(r29),r18
  174  00001154  20120000	addi	r18,r0,#0
  175  00001158  afb20004	sw	4(r29),r18
  176  0000115c  2012000a	addi	r18,r0,#10
  177  00001160  afb20008	sw	8(r29),r18
  178  00001164  0c000f0c	jal	_dstrtol
  179  00001168  54000000	nop; not filled.
  180  0000116c  00012020	add	r4,r0,r1
  181  00001170  8db20008	lw	r18,8(r13)
  182  00001174  afb20000	sw	(r29),r18
  183  00001178  20120000	addi	r18,r0,#0
  184  0000117c  afb20004	sw	4(r29),r18
  185  00001180  2012000a	addi	r18,r0,#10
  186  00001184  afb20008	sw	8(r29),r18
  187  00001188  0c000ee8	jal	_dstrtol
  188  0000118c  54000000	nop; not filled.
  189  00001190  00012820	add	r5,r0,r1
  190  00001194  3c120000	lhi	r18,((LC2_LF0)>>16)&0xffff
  191  00001198  26523054	addui	r18,r18,(LC2_LF0)&0xffff
  192  0000119c  afb20000	sw	(r29),r18
  193  000011a0  00850820	add	r1,r4,r5
  194  000011a4  afa10004	sw	4(r29),r1
  195  000011a8  0c000568	jal	_Printf
  196  000011ac  54000000	nop; not filled.
  197  000011b0  2012fffc	addi	r18,r0,#-4
  198  000011b4  afb20000	sw	(r29),r18
  199  000011b8  0c000594	jal	_sem_create
  200  000011bc  54000000	nop; not filled.
  201  000011c0  00017020	add	r14,r0,r1
  202  000011c4  23bd0010	addi	r29,r29,#16
  203  000011c8  61c1ffff	seqi	r1,r14,#-1
  204  000011cc  10200038	beqz	r1,L15_LF0
  205  000011d0  54000000	nop; not filled.
  206  000011d4  23bdfff8	addi	r29,r29,#-8
  207  000011d8  3c120000	lhi	r18,((LC3_LF0)>>16)&0xffff
  208  000011dc  26523084	addui	r18,r18,(LC3_LF0)&0xffff
  209  000011e0  afb20000	sw	(r29),r18
  210  000011e4  0c00052c	jal	_Printf
  211  000011e8  54000000	nop; not filled.
  212  000011ec  8db20000	lw	r18,(r13)
  213  000011f0  afb20000	sw	(r29),r18
  214  000011f4  0c00051c	jal	_Printf
  215  000011f8  54000000	nop; not filled.
  216  000011fc  0c0005c8	jal	_Exit
  217  00001200  54000000	nop; not filled.
  218  00001204  23bd0008	addi	r29,r29,#8
  219  00001208          	L15_LF0:
  220  00001208  23bdfff8	addi	r29,r29,#-8
  221  0000120c  20120000	addi	r18,r0,#0
  222  00001210  afb20000	sw	(r29),r18
  223  00001214  0c000538	jal	_sem_create
  224  00001218  54000000	nop; not filled.
  225  0000121c  00013020	add	r6,r0,r1
  226  00001220  23bd0008	addi	r29,r29,#8
  227  00001224  60c1ffff	seqi	r1,r6,#-1
  228  00001228  10200038	beqz	r1,L16_LF0
  229  0000122c  54000000	nop; not filled.
  230  00001230  23bdfff8	addi	r29,r29,#-8
  231  00001234  3c120000	lhi	r18,((LC4_LF0)>>16)&0xffff
  232  00001238  265230ac	addui	r18,r18,(LC4_LF0)&0xffff
  233  0000123c  afb20000	sw	(r29),r18
  234  00001240  0c0004d0	jal	_Printf
  235  00001244  54000000	nop; not filled.
  236  00001248  8db20000	lw	r18,(r13)
  237  0000124c  afb20000	sw	(r29),r18
  238  00001250  0c0004c0	jal	_Printf
  239  00001254  54000000	nop; not filled.
  240  00001258  0c00056c	jal	_Exit
  241  0000125c  54000000	nop; not filled.
  242  00001260  23bd0008	addi	r29,r29,#8
  243  00001264          	L16_LF0:
  244  00001264  23bdfff8	addi	r29,r29,#-8
  245  00001268  20120000	addi	r18,r0,#0
  246  0000126c  afb20000	sw	(r29),r18
  247  00001270  0c0004dc	jal	_sem_create
  248  00001274  54000000	nop; not filled.
  249  00001278  00018820	add	r17,r0,r1
  250  0000127c  23bd0008	addi	r29,r29,#8
  251  00001280  6221ffff	seqi	r1,r17,#-1
  252  00001284  10200038	beqz	r1,L17_LF0
  253  00001288  54000000	nop; not filled.
  254  0000128c  23bdfff8	addi	r29,r29,#-8
  255  00001290  3c120000	lhi	r18,((LC5_LF0)>>16)&0xffff
  256  00001294  265230c8	addui	r18,r18,(LC5_LF0)&0xffff
  257  00001298  afb20000	sw	(r29),r18
  258  0000129c  0c000474	jal	_Printf
  259  000012a0  54000000	nop; not filled.
  260  000012a4  8db20000	lw	r18,(r13)
  261  000012a8  afb20000	sw	(r29),r18
  262  000012ac  0c000464	jal	_Printf
  263  000012b0  54000000	nop; not filled.
  264  000012b4  0c000510	jal	_Exit
  265  000012b8  54000000	nop; not filled.
  266  000012bc  23bd0008	addi	r29,r29,#8
  267  000012c0          	L17_LF0:
  268  000012c0  23bdfff8	addi	r29,r29,#-8
  269  000012c4  20120000	addi	r18,r0,#0
  270  000012c8  afb20000	sw	(r29),r18
  271  000012cc  0c000480	jal	_sem_create
  272  000012d0  54000000	nop; not filled.
  273  000012d4  00018020	add	r16,r0,r1
  274  000012d8  23bd0008	addi	r29,r29,#8
  275  000012dc  6201ffff	seqi	r1,r16,#-1
  276  000012e0  10200038	beqz	r1,L18_LF0
  277  000012e4  54000000	nop; not filled.
  278  000012e8  23bdfff8	addi	r29,r29,#-8
  279  000012ec  3c120000	lhi	r18,((LC6_LF0)>>16)&0xffff
  280  000012f0  265230e4	addui	r18,r18,(LC6_LF0)&0xffff
  281  000012f4  afb20000	sw	(r29),r18
  282  000012f8  0c000418	jal	_Printf
  283  000012fc  54000000	nop; not filled.
  284  00001300  8db20000	lw	r18,(r13)
  285  00001304  afb20000	sw	(r29),r18
  286  00001308  0c000408	jal	_Printf
  287  0000130c  54000000	nop; not filled.
  288  00001310  0c0004b4	jal	_Exit
  289  00001314  54000000	nop; not filled.
  290  00001318  23bd0008	addi	r29,r29,#8
  291  0000131c          	L18_LF0:
  292  0000131c  23bdfff8	addi	r29,r29,#-8
  293  00001320  20120000	addi	r18,r0,#0
  294  00001324  afb20000	sw	(r29),r18
  295  00001328  0c000424	jal	_sem_create
  296  0000132c  54000000	nop; not filled.
  297  00001330  00017820	add	r15,r0,r1
  298  00001334  23bd0008	addi	r29,r29,#8
  299  00001338  61e1ffff	seqi	r1,r15,#-1
  300  0000133c  10200038	beqz	r1,L19_LF0
  301  00001340  54000000	nop; not filled.
  302  00001344  23bdfff8	addi	r29,r29,#-8
  303  00001348  3c120000	lhi	r18,((LC7_LF0)>>16)&0xffff
  304  0000134c  26523104	addui	r18,r18,(LC7_LF0)&0xffff
  305  00001350  afb20000	sw	(r29),r18
  306  00001354  0c0003bc	jal	_Printf
  307  00001358  54000000	nop; not filled.
  308  0000135c  8db20000	lw	r18,(r13)
  309  00001360  afb20000	sw	(r29),r18
  310  00001364  0c0003ac	jal	_Printf
  311  00001368  54000000	nop; not filled.
  312  0000136c  0c000458	jal	_Exit
  313  00001370  54000000	nop; not filled.
  314  00001374  23bd0008	addi	r29,r29,#8
  315  00001378          	L19_LF0:
  316  00001378  23bdfff8	addi	r29,r29,#-8
  317  0000137c  20120000	addi	r18,r0,#0
  318  00001380  afb20000	sw	(r29),r18
  319  00001384  0c0003c8	jal	_sem_create
  320  00001388  54000000	nop; not filled.
  321  0000138c  00013820	add	r7,r0,r1
  322  00001390  23bd0008	addi	r29,r29,#8
  323  00001394  60e1ffff	seqi	r1,r7,#-1
  324  00001398  10200038	beqz	r1,L20_LF0
  325  0000139c  54000000	nop; not filled.
  326  000013a0  23bdfff8	addi	r29,r29,#-8
  327  000013a4  3c120000	lhi	r18,((LC8_LF0)>>16)&0xffff
  328  000013a8  26523120	addui	r18,r18,(LC8_LF0)&0xffff
  329  000013ac  afb20000	sw	(r29),r18
  330  000013b0  0c000360	jal	_Printf
  331  000013b4  54000000	nop; not filled.
  332  000013b8  8db20000	lw	r18,(r13)
  333  000013bc  afb20000	sw	(r29),r18
  334  000013c0  0c000350	jal	_Printf
  335  000013c4  54000000	nop; not filled.
  336  000013c8  0c0003fc	jal	_Exit
  337  000013cc  54000000	nop; not filled.
  338  000013d0  23bd0008	addi	r29,r29,#8
  339  000013d4          	L20_LF0:
  340  000013d4  23bdfff8	addi	r29,r29,#-8
  341  000013d8  20120000	addi	r18,r0,#0
  342  000013dc  afb20000	sw	(r29),r18
  343  000013e0  0c00036c	jal	_sem_create
  344  000013e4  54000000	nop; not filled.
  345  000013e8  00014820	add	r9,r0,r1
  346  000013ec  23bd0008	addi	r29,r29,#8
  347  000013f0  6121ffff	seqi	r1,r9,#-1
  348  000013f4  10200038	beqz	r1,L21_LF0
  349  000013f8  54000000	nop; not filled.
  350  000013fc  23bdfff8	addi	r29,r29,#-8
  351  00001400  3c120000	lhi	r18,((LC9_LF0)>>16)&0xffff
  352  00001404  26523140	addui	r18,r18,(LC9_LF0)&0xffff
  353  00001408  afb20000	sw	(r29),r18
  354  0000140c  0c000304	jal	_Printf
  355  00001410  54000000	nop; not filled.
  356  00001414  8db20000	lw	r18,(r13)
  357  00001418  afb20000	sw	(r29),r18
  358  0000141c  0c0002f4	jal	_Printf
  359  00001420  54000000	nop; not filled.
  360  00001424  0c0003a0	jal	_Exit
  361  00001428  54000000	nop; not filled.
  362  0000142c  23bd0008	addi	r29,r29,#8
  363  00001430          	L21_LF0:
  364  00001430  5881001f	srli	r1,r4,#0x1f
  365  00001434  00810820	add	r1,r4,r1
  366  00001438  5c220001	srai	r2,r1,#0x1
  367  0000143c  50430001	slli	r3,r2,#0x1
  368  00001440  0065082c	sle	r1,r3,r5
  369  00001444  14200008	bnez	r1,L22_LF0
  370  00001448  54000000	nop; not filled.
  371  0000144c  00051820	add	r3,r0,r5
  372  00001450          	L22_LF0:
  373  00001450  23bdfff8	addi	r29,r29,#-8
  374  00001454  30810001	andi	r1,r4,#1
  375  00001458  00410820	add	r1,r2,r1
  376  0000145c  afa10000	sw	(r29),r1
  377  00001460  23c8ffb8	addi	r8,r30,#-72
  378  00001464  afa80004	sw	4(r29),r8
  379  00001468  0c000a7c	jal	_ditoa
  380  0000146c  54000000	nop; not filled.
  381  00001470  afa20000	sw	(r29),r2
  382  00001474  23caffe8	addi	r10,r30,#-24
  383  00001478  afaa0004	sw	4(r29),r10
  384  0000147c  0c000a68	jal	_ditoa
  385  00001480  54000000	nop; not filled.
  386  00001484  afa50000	sw	(r29),r5
  387  00001488  23cbffd8	addi	r11,r30,#-40
  388  0000148c  afab0004	sw	4(r29),r11
  389  00001490  0c000a54	jal	_ditoa
  390  00001494  54000000	nop; not filled.
  391  00001498  afa30000	sw	(r29),r3
  392  0000149c  23ccffc8	addi	r12,r30,#-56
  393  000014a0  afac0004	sw	4(r29),r12
  394  000014a4  0c000a40	jal	_ditoa
  395  000014a8  54000000	nop; not filled.
  396  000014ac  afa60000	sw	(r29),r6
  397  000014b0  23c6ffa8	addi	r6,r30,#-88
  398  000014b4  afa60004	sw	4(r29),r6
  399  000014b8  0c000a2c	jal	_ditoa
  400  000014bc  54000000	nop; not filled.
  401  000014c0  afa70000	sw	(r29),r7
  402  000014c4  23c7ff98	addi	r7,r30,#-104
  403  000014c8  afa70004	sw	4(r29),r7
  404  000014cc  0c000a18	jal	_ditoa
  405  000014d0  54000000	nop; not filled.
  406  000014d4  afb10000	sw	(r29),r17
  407  000014d8  23c3ff88	addi	r3,r30,#-120
  408  000014dc  afa30004	sw	4(r29),r3
  409  000014e0  0c000a04	jal	_ditoa
  410  000014e4  54000000	nop; not filled.
  411  000014e8  afb00000	sw	(r29),r16
  412  000014ec  23c4ff68	addi	r4,r30,#-152
  413  000014f0  afa40004	sw	4(r29),r4
  414  000014f4  0c0009f0	jal	_ditoa
  415  000014f8  54000000	nop; not filled.
  416  000014fc  afaf0000	sw	(r29),r15
  417  00001500  23c5ff78	addi	r5,r30,#-136
  418  00001504  afa50004	sw	4(r29),r5
  419  00001508  0c0009dc	jal	_ditoa
  420  0000150c  54000000	nop; not filled.
  421  00001510  afa90000	sw	(r29),r9
  422  00001514  23c9ff58	addi	r9,r30,#-168
  423  00001518  afa90004	sw	4(r29),r9
  424  0000151c  0c0009c8	jal	_ditoa
  425  00001520  54000000	nop; not filled.
  426  00001524  afae0000	sw	(r29),r14
  427  00001528  23c2ff48	addi	r2,r30,#-184
  428  0000152c  afa20004	sw	4(r29),r2
  429  00001530  0c0009b4	jal	_ditoa
  430  00001534  54000000	nop; not filled.
  431  00001538  23bdfff0	addi	r29,r29,#-16
  432  0000153c  3c120000	lhi	r18,((LC10_LF0)>>16)&0xffff
  433  00001540  2652315c	addui	r18,r18,(LC10_LF0)&0xffff
  434  00001544  afb20000	sw	(r29),r18
  435  00001548  afa80004	sw	4(r29),r8
  436  0000154c  afa30008	sw	8(r29),r3
  437  00001550  afa2000c	sw	12(r29),r2
  438  00001554  20120000	addi	r18,r0,#0
  439  00001558  afb20010	sw	16(r29),r18
  440  0000155c  0c0001cc	jal	_process_create
  441  00001560  54000000	nop; not filled.
  442  00001564  3c120000	lhi	r18,((LC11_LF0)>>16)&0xffff
  443  00001568  26523174	addui	r18,r18,(LC11_LF0)&0xffff
  444  0000156c  afb20000	sw	(r29),r18
  445  00001570  8da10008	lw	r1,8(r13)
  446  00001574  afa10004	sw	4(r29),r1
  447  00001578  afa40008	sw	8(r29),r4
  448  0000157c  afa2000c	sw	12(r29),r2
  449  00001580  20120000	addi	r18,r0,#0
  450  00001584  afb20010	sw	16(r29),r18
  451  00001588  0c0001a0	jal	_process_create
  452  0000158c  54000000	nop; not filled.
  453  00001590  23bdfff8	addi	r29,r29,#-8
  454  00001594  3c120000	lhi	r18,((LC12_LF0)>>16)&0xffff
  455  00001598  26523190	addui	r18,r18,(LC12_LF0)&0xffff
  456  0000159c  afb20000	sw	(r29),r18
  457  000015a0  afaa0004	sw	4(r29),r10
  458  000015a4  afa30008	sw	8(r29),r3
  459  000015a8  afa7000c	sw	12(r29),r7
  460  000015ac  afa60010	sw	16(r29),r6
  461  000015b0  afa20014	sw	20(r29),r2
  462  000015b4  20120000	addi	r18,r0,#0
  463  000015b8  afb20018	sw	24(r29),r18
  464  000015bc  0c00016c	jal	_process_create
  465  000015c0  54000000	nop; not filled.
  466  000015c4  23bd0020	addi	r29,r29,#32
  467  000015c8  23bdffe0	addi	r29,r29,#-32
  468  000015cc  3c120000	lhi	r18,((LC13_LF0)>>16)&0xffff
  469  000015d0  265231a4	addui	r18,r18,(LC13_LF0)&0xffff
  470  000015d4  afb20000	sw	(r29),r18
  471  000015d8  afab0004	sw	4(r29),r11
  472  000015dc  afa40008	sw	8(r29),r4
  473  000015e0  afa5000c	sw	12(r29),r5
  474  000015e4  afa60010	sw	16(r29),r6
  475  000015e8  afa20014	sw	20(r29),r2
  476  000015ec  20120000	addi	r18,r0,#0
  477  000015f0  afb20018	sw	24(r29),r18
  478  000015f4  0c000134	jal	_process_create
  479  000015f8  54000000	nop; not filled.
  480  000015fc  23bd0020	addi	r29,r29,#32
  481  00001600  23bdffe0	addi	r29,r29,#-32
  482  00001604  3c120000	lhi	r18,((LC14_LF0)>>16)&0xffff
  483  00001608  265231b8	addui	r18,r18,(LC14_LF0)&0xffff
  484  0000160c  afb20000	sw	(r29),r18
  485  00001610  afac0004	sw	4(r29),r12
  486  00001614  afa70008	sw	8(r29),r7
  487  00001618  afa6000c	sw	12(r29),r6
  488  0000161c  afa50010	sw	16(r29),r5
  489  00001620  afa90014	sw	20(r29),r9
  490  00001624  afa20018	sw	24(r29),r2
  491  00001628  20120000	addi	r18,r0,#0
  492  0000162c  afb2001c	sw	28(r29),r18
  493  00001630  0c0000f8	jal	_process_create
  494  00001634  54000000	nop; not filled.
  495  00001638  23bd0020	addi	r29,r29,#32
  496  0000163c  23bdfff8	addi	r29,r29,#-8
  497  00001640  afae0000	sw	(r29),r14
  498  00001644  0c000114	jal	_sem_wait
  499  00001648  54000000	nop; not filled.
  500  0000164c  23bd0008	addi	r29,r29,#8
  501  00001650  64210001	snei	r1,r1,#1
  502  00001654  10200050	beqz	r1,L23_LF0
  503  00001658  54000000	nop; not filled.
  504  0000165c  23bdfff8	addi	r29,r29,#-8
  505  00001660  3c120000	lhi	r18,((LC15_LF0)>>16)&0xffff
  506  00001664  265231cc	addui	r18,r18,(LC15_LF0)&0xffff
  507  00001668  afb20000	sw	(r29),r18
  508  0000166c  afae0004	sw	4(r29),r14
  509  00001670  0c0000a0	jal	_Printf
  510  00001674  54000000	nop; not filled.
  511  00001678  8dad0000	lw	r13,(r13)
  512  0000167c  afad0000	sw	(r29),r13
  513  00001680  0c000090	jal	_Printf
  514  00001684  54000000	nop; not filled.
  515  00001688  3c120000	lhi	r18,((LC16_LF0)>>16)&0xffff
  516  0000168c  265231f8	addui	r18,r18,(LC16_LF0)&0xffff
  517  00001690  afb20000	sw	(r29),r18
  518  00001694  0c00007c	jal	_Printf
  519  00001698  54000000	nop; not filled.
  520  0000169c  0c000128	jal	_Exit
  521  000016a0  54000000	nop; not filled.
  522  000016a4  23bd0008	addi	r29,r29,#8
  523  000016a8          	L23_LF0:
  524  000016a8  23bdfff8	addi	r29,r29,#-8
  525  000016ac  3c120000	lhi	r18,((LC17_LF0)>>16)&0xffff
  526  000016b0  265231fc	addui	r18,r18,(LC17_LF0)&0xffff
  527  000016b4  afb20000	sw	(r29),r18
  528  000016b8  0c000058	jal	_Printf
  529  000016bc  54000000	nop; not filled.
  530  000016c0  23bd0008	addi	r29,r29,#8
  531  000016c4  0c000e48	jal	_exit
  532  000016c8  54000000	nop
  533  000016cc          	.endproc _main
  534                      ;;;
  535                      ;;; Stub functions for DLX traps.
  536                      ;;;
  537                      ;;; Ethan L. Miller, 1999.  Released to the public domain.
  538                      ;;;
  539                      ;;; The traps such as Open and Close
  540                      ;;; (note the capital letters) are for use by user programs.  The traps
  541                      ;;; with names such as open and close (lower case) are for use by the OS.
  542                      ;;;
  545  000016cc          	.align 2
  547                      ;;; The following are the traps to be used by user-level programs
  548                      ;;;
  550  000016cc          	.align 2
  551  000016cc          	.proc _Open
  552  000016cc          	.global _Open
  553  000016cc          	_Open:
  554                      ;;; Note that trap #0x213 actually causes a trap vector in the OS of
  555                      ;;; 0x1213.  The same is true for other user traps.  Thus, a user trap
  556                      ;;; with trap #0x240 will result in a trap vector of 0x1240 in the OS.
  557  000016cc  44000213	trap	#0x213
  558  000016d0  4be00000	jr	r31
  559  000016d4  54000000	nop
  560  000016d8          	.endproc _Open
  562  000016d8          	.proc _Close
  563  000016d8          	.global _Close
  564  000016d8          	_Close:
  565  000016d8  44000214	trap	#0x214
  566  000016dc  4be00000	jr	r31
  567  000016e0  54000000	nop
  568  000016e4          	.endproc _Close
  570  000016e4          	.proc _Read
  571  000016e4          	.global _Read
  572  000016e4          	_Read:
  573  000016e4  44000210	trap	#0x210
  574  000016e8  4be00000	jr	r31
  575  000016ec  54000000	nop
  576  000016f0          	.endproc _Read
  578  000016f0          	.proc _Write
  579  000016f0          	.global _Write
  580  000016f0          	_Write:
  581  000016f0  44000211	trap	#0x211
  582  000016f4  4be00000	jr	r31
  583  000016f8  54000000	nop
  584  000016fc          	.endproc _Write
  586  000016fc          	.proc _Lseek
  587  000016fc          	.global _Lseek
  588  000016fc          	_Lseek:
  589  000016fc  44000212	trap	#0x212
  590  00001700  4be00000	jr	r31
  591  00001704  54000000	nop
  592  00001708          	.endproc _Lseek
  594  00001708          	.proc _Putchar
  595  00001708          	.global _Putchar
  596  00001708          	_Putchar:
  597  00001708  44000280	trap	#0x280
  598  0000170c  4be00000	jr	r31
  599  00001710  54000000	nop
  600  00001714          	.endproc _Putchar
  602  00001714          	.proc _Printf
  603  00001714          	.global _Printf
  604  00001714          	_Printf:
  605  00001714  44000201	trap	#0x201
  606  00001718  4be00000	jr	r31
  607  0000171c  54000000	nop
  608  00001720          	.endproc _Printf
  610  00001720          	.proc _getpid
  611  00001720          	.global _getpid
  612  00001720          	_getpid:
  613  00001720  44000431	trap	#0x431
  614  00001724  4be00000	jr	r31
  615  00001728  54000000	nop
  616  0000172c          	.endproc _getpid
  618  0000172c          	.proc _process_create
  619  0000172c          	.global _process_create
  620  0000172c          	_process_create:
  621  0000172c  44000432	trap	#0x432
  622  00001730  4be00000	jr	r31
  623  00001734  54000000	nop
  624  00001738          	.endproc _process_create
  626  00001738          	.proc _shmget
  627  00001738          	.global _shmget
  628  00001738          	_shmget:
  629  00001738  44000440	trap	#0x440
  630  0000173c  4be00000	jr	r31
  631  00001740  54000000	nop
  632  00001744          	.endproc _shmget
  634  00001744          	.proc _shmat
  635  00001744          	.global _shmat
  636  00001744          	_shmat:
  637  00001744  44000441	trap	#0x441
  638  00001748  4be00000	jr	r31
  639  0000174c  54000000	nop
  640  00001750          	.endproc _shmat
  642  00001750          	.proc _sem_create
  643  00001750          	.global _sem_create
  644  00001750          	_sem_create:
  645  00001750  44000450	trap	#0x450
  646  00001754  4be00000	jr	r31
  647  00001758  54000000	nop
  648  0000175c          	.endproc _sem_create
  650  0000175c          	.proc _sem_wait
  651  0000175c          	.global _sem_wait
  652  0000175c          	_sem_wait:
  653  0000175c  44000451	trap	#0x451
  654  00001760  4be00000	jr	r31
  655  00001764  54000000	nop
  656  00001768          	.endproc _sem_wait
  658  00001768          	.proc _sem_signal
  659  00001768          	.global _sem_signal
  660  00001768          	_sem_signal:
  661  00001768  44000452	trap	#0x452
  662  0000176c  4be00000	jr	r31
  663  00001770  54000000	nop
  664  00001774          	.endproc _sem_signal
  666  00001774          	.proc _lock_create
  667  00001774          	.global _lock_create
  668  00001774          	_lock_create:
  669  00001774  44000453	trap	#0x453
  670  00001778  4be00000	jr	r31
  671  0000177c  54000000	nop
  672  00001780          	.endproc _lock_create
  674  00001780          	.proc _lock_acquire
  675  00001780          	.global _lock_acquire
  676  00001780          	_lock_acquire:
  677  00001780  44000454	trap	#0x454
  678  00001784  4be00000	jr	r31
  679  00001788  54000000	nop
  680  0000178c          	.endproc _lock_acquire
  682  0000178c          	.proc _lock_release
  683  0000178c          	.global _lock_release
  684  0000178c          	_lock_release:
  685  0000178c  44000455	trap	#0x455
  686  00001790  4be00000	jr	r31
  687  00001794  54000000	nop
  688  00001798          	.endproc _lock_release
  690  00001798          	.proc _cond_create
  691  00001798          	.global _cond_create
  692  00001798          	_cond_create:
  693  00001798  44000456	trap	#0x456
  694  0000179c  4be00000	jr	r31
  695  000017a0  54000000	nop
  696  000017a4          	.endproc _cond_create
  698  000017a4          	.proc _cond_wait
  699  000017a4          	.global _cond_wait
  700  000017a4          	_cond_wait:
  701  000017a4  44000457	trap	#0x457
  702  000017a8  4be00000	jr	r31
  703  000017ac  54000000	nop
  704  000017b0          	.endproc _cond_wait
  706  000017b0          	.proc _cond_signal
  707  000017b0          	.global _cond_signal
  708  000017b0          	_cond_signal:
  709  000017b0  44000458	trap	#0x458
  710  000017b4  4be00000	jr	r31
  711  000017b8  54000000	nop
  712  000017bc          	.endproc _cond_signal
  714  000017bc          	.proc _cond_broadcast
  715  000017bc          	.global _cond_broadcast
  716  000017bc          	_cond_broadcast:
  717  000017bc  44000459	trap	#0x459
  718  000017c0  4be00000	jr	r31
  719  000017c4  54000000	nop
  720  000017c8          	.endproc _cond_broadcast
  722  000017c8          	.proc _Exit
  723  000017c8          	.global _Exit
  724  000017c8          	_Exit:
  725  000017c8  44000500	trap	#0x500
  726  000017cc  4be00000	jr	r31
  727  000017d0  54000000	nop
  728  000017d4          	.endproc _Exit
  729                      ; Compiled by GCC
  731  000017d4          	.align 2
  732  000017d4          	.proc _isspace
  733  000017d4          	.global _isspace
  734  000017d4          	_isspace:
  735                      ;  Function 'isspace'; 0 bytes of locals, 3 regs to save.
  736  000017d4  afbefffc	sw	-4(r29),r30; push fp
  737  000017d8  001df020	add	r30,r0,r29; fp = sp
  738  000017dc  afbffff8	sw	-8(r29),r31; push ret addr
  739  000017e0  2fbd0018	subui	r29,r29,#24; alloc local storage
  740  000017e4  afa20000	sw	0(r29),r2
  741  000017e8  afa30004	sw	4(r29),r3
  742  000017ec  afa40008	sw	8(r29),r4
  743  000017f0  83c20003	lb	r2,3(r30)
  744  000017f4  20010000	addi	r1,r0,#0
  745  000017f8  304300ff	andi	r3,r2,#0x00ff
  746  000017fc  60640020	seqi	r4,r3,#32
  747  00001800  1480002c	bnez	r4,L3_LF2
  748  00001804  54000000	nop; delay slot nop
  749  00001808  304300ff	andi	r3,r2,#0x00ff
  750  0000180c  60640009	seqi	r4,r3,#9
  751  00001810  1480001c	bnez	r4,L3_LF2
  752  00001814  54000000	nop; delay slot nop
  753  00001818  304300ff	andi	r3,r2,#0x00ff
  754  0000181c  6064000a	seqi	r4,r3,#10
  755  00001820  1480000c	bnez	r4,L3_LF2
  756  00001824  54000000	nop; delay slot nop
  757  00001828  08000008	j	L2_LF2
  758  0000182c  54000000	nop; delay slot nop
  759  00001830          	L3_LF2:
  760  00001830  20010001	addi	r1,r0,#1
  761  00001834          	L2_LF2:
  762  00001834  08000004	j	L1_LF2
  763  00001838  54000000	nop; delay slot nop
  764  0000183c          	L1_LF2:
  765  0000183c  8fa20000	lw	r2,0(r29)
  766  00001840  8fa30004	lw	r3,4(r29)
  767  00001844  8fa40008	lw	r4,8(r29)
  768  00001848  8fdffff8	lw	r31,-8(r30)
  769  0000184c  001ee820	add	r29,r0,r30
  770  00001850  8fdefffc	lw	r30,-4(r30)
  771  00001854  4be00000	jr	r31
  772  00001858  54000000	nop
  773  0000185c          	.endproc _isspace
  774  0000185c          	.align 2
  775  0000185c          	.proc _isxdigit
  776  0000185c          	.global _isxdigit
  777  0000185c          	_isxdigit:
  778                      ;  Function 'isxdigit'; 0 bytes of locals, 3 regs to save.
  779  0000185c  afbefffc	sw	-4(r29),r30; push fp
  780  00001860  001df020	add	r30,r0,r29; fp = sp
  781  00001864  afbffff8	sw	-8(r29),r31; push ret addr
  782  00001868  2fbd0018	subui	r29,r29,#24; alloc local storage
  783  0000186c  afa20000	sw	0(r29),r2
  784  00001870  afa30004	sw	4(r29),r3
  785  00001874  afa40008	sw	8(r29),r4
  786  00001878  83c20003	lb	r2,3(r30)
  787  0000187c  20010000	addi	r1,r0,#0
  788  00001880  304300ff	andi	r3,r2,#0x00ff
  789  00001884  6c64002f	sgtui	r4,r3,#47
  790  00001888  1080001c	beqz	r4,L7_LF2
  791  0000188c  54000000	nop; delay slot nop
  792  00001890  304300ff	andi	r3,r2,#0x00ff
  793  00001894  70640039	sleui	r4,r3,#57
  794  00001898  1480005c	bnez	r4,L6_LF2
  795  0000189c  54000000	nop; delay slot nop
  796  000018a0  08000004	j	L7_LF2
  797  000018a4  54000000	nop; delay slot nop
  798  000018a8          	L7_LF2:
  799  000018a8  304300ff	andi	r3,r2,#0x00ff
  800  000018ac  6c640060	sgtui	r4,r3,#96
  801  000018b0  1080001c	beqz	r4,L8_LF2
  802  000018b4  54000000	nop; delay slot nop
  803  000018b8  304300ff	andi	r3,r2,#0x00ff
  804  000018bc  70640066	sleui	r4,r3,#102
  805  000018c0  14800034	bnez	r4,L6_LF2
  806  000018c4  54000000	nop; delay slot nop
  807  000018c8  08000004	j	L8_LF2
  808  000018cc  54000000	nop; delay slot nop
  809  000018d0          	L8_LF2:
  810  000018d0  304300ff	andi	r3,r2,#0x00ff
  811  000018d4  6c640040	sgtui	r4,r3,#64
  812  000018d8  10800020	beqz	r4,L5_LF2
  813  000018dc  54000000	nop; delay slot nop
  814  000018e0  304300ff	andi	r3,r2,#0x00ff
  815  000018e4  70640041	sleui	r4,r3,#65
  816  000018e8  1480000c	bnez	r4,L6_LF2
  817  000018ec  54000000	nop; delay slot nop
  818  000018f0  08000008	j	L5_LF2
  819  000018f4  54000000	nop; delay slot nop
  820  000018f8          	L6_LF2:
  821  000018f8  20010001	addi	r1,r0,#1
  822  000018fc          	L5_LF2:
  823  000018fc  08000004	j	L4_LF2
  824  00001900  54000000	nop; delay slot nop
  825  00001904          	L4_LF2:
  826  00001904  8fa20000	lw	r2,0(r29)
  827  00001908  8fa30004	lw	r3,4(r29)
  828  0000190c  8fa40008	lw	r4,8(r29)
  829  00001910  8fdffff8	lw	r31,-8(r30)
  830  00001914  001ee820	add	r29,r0,r30
  831  00001918  8fdefffc	lw	r30,-4(r30)
  832  0000191c  4be00000	jr	r31
  833  00001920  54000000	nop
  834  00001924          	.endproc _isxdigit
  835  00001924          	.align 2
  836  00001924          	.proc _dstrcpy
  837  00001924          	.global _dstrcpy
  838  00001924          	_dstrcpy:
  839                      ;  Function 'dstrcpy'; 8 bytes of locals, 2 regs to save.
  840  00001924  afbefffc	sw	-4(r29),r30; push fp
  841  00001928  001df020	add	r30,r0,r29; fp = sp
  842  0000192c  afbffff8	sw	-8(r29),r31; push ret addr
  843  00001930  2fbd0018	subui	r29,r29,#24; alloc local storage
  844  00001934  afa20000	sw	0(r29),r2
  845  00001938  afa30004	sw	4(r29),r3
  846  0000193c  8fc10000	lw	r1,(r30)
  847  00001940  afc1fff4	sw	-12(r30),r1
  848  00001944          	L10_LF2:
  849  00001944  8fc10000	lw	r1,(r30)
  850  00001948  20220001	addi	r2,r1,#1
  851  0000194c  afc20000	sw	(r30),r2
  852  00001950  8fc20004	lw	r2,4(r30)
  853  00001954  20430001	addi	r3,r2,#1
  854  00001958  afc30004	sw	4(r30),r3
  855  0000195c  80420000	lb	r2,(r2)
  856  00001960  a0220000	sb	(r1),r2
  857  00001964  a3c2fff3	sb	-13(r30),r2
  858  00001968          	L12_LF2:
  859  00001968  93c1fff3	lbu	r1,-13(r30)
  860  0000196c  64220000	snei	r2,r1,#0
  861  00001970  1440000c	bnez	r2,L13_LF2
  862  00001974  54000000	nop; delay slot nop
  863  00001978  0800000c	j	L11_LF2
  864  0000197c  54000000	nop; delay slot nop
  865  00001980          	L13_LF2:
  866  00001980  0bffffc0	j	L10_LF2
  867  00001984  54000000	nop; delay slot nop
  868  00001988          	L11_LF2:
  869  00001988  8fc1fff4	lw	r1,-12(r30)
  870  0000198c  08000004	j	L9_LF2
  871  00001990  54000000	nop; delay slot nop
  872  00001994          	L9_LF2:
  873  00001994  8fa20000	lw	r2,0(r29)
  874  00001998  8fa30004	lw	r3,4(r29)
  875  0000199c  8fdffff8	lw	r31,-8(r30)
  876  000019a0  001ee820	add	r29,r0,r30
  877  000019a4  8fdefffc	lw	r30,-4(r30)
  878  000019a8  4be00000	jr	r31
  879  000019ac  54000000	nop
  880  000019b0          	.endproc _dstrcpy
  881  000019b0          	.align 2
  882  000019b0          	.proc _dstrncpy
  883  000019b0          	.global _dstrncpy
  884  000019b0          	_dstrncpy:
  885                      ;  Function 'dstrncpy'; 8 bytes of locals, 2 regs to save.
  886  000019b0  afbefffc	sw	-4(r29),r30; push fp
  887  000019b4  001df020	add	r30,r0,r29; fp = sp
  888  000019b8  afbffff8	sw	-8(r29),r31; push ret addr
  889  000019bc  2fbd0018	subui	r29,r29,#24; alloc local storage
  890  000019c0  afa20000	sw	0(r29),r2
  891  000019c4  afa30004	sw	4(r29),r3
  892  000019c8  8fc10000	lw	r1,(r30)
  893  000019cc  afc1fff4	sw	-12(r30),r1
  894  000019d0          	L15_LF2:
  895  000019d0  8fc10008	lw	r1,8(r30)
  896  000019d4  2022ffff	addi	r2,r1,#-1
  897  000019d8  afc20008	sw	8(r30),r2
  898  000019dc  70210000	slei	r1,r1,#0
  899  000019e0  1020000c	beqz	r1,L18_LF2
  900  000019e4  54000000	nop; delay slot nop
  901  000019e8  08000048	j	L16_LF2
  902  000019ec  54000000	nop; delay slot nop
  903  000019f0          	L18_LF2:
  904  000019f0  8fc10000	lw	r1,(r30)
  905  000019f4  20220001	addi	r2,r1,#1
  906  000019f8  afc20000	sw	(r30),r2
  907  000019fc  8fc20004	lw	r2,4(r30)
  908  00001a00  20430001	addi	r3,r2,#1
  909  00001a04  afc30004	sw	4(r30),r3
  910  00001a08  80420000	lb	r2,(r2)
  911  00001a0c  a0220000	sb	(r1),r2
  912  00001a10  a3c2fff3	sb	-13(r30),r2
  913  00001a14          	L17_LF2:
  914  00001a14  93c1fff3	lbu	r1,-13(r30)
  915  00001a18  64220000	snei	r2,r1,#0
  916  00001a1c  1440000c	bnez	r2,L19_LF2
  917  00001a20  54000000	nop; delay slot nop
  918  00001a24  0800000c	j	L16_LF2
  919  00001a28  54000000	nop; delay slot nop
  920  00001a2c          	L19_LF2:
  921  00001a2c  0bffffa0	j	L15_LF2
  922  00001a30  54000000	nop; delay slot nop
  923  00001a34          	L16_LF2:
  924  00001a34  8fc1fff4	lw	r1,-12(r30)
  925  00001a38  08000004	j	L14_LF2
  926  00001a3c  54000000	nop; delay slot nop
  927  00001a40          	L14_LF2:
  928  00001a40  8fa20000	lw	r2,0(r29)
  929  00001a44  8fa30004	lw	r3,4(r29)
  930  00001a48  8fdffff8	lw	r31,-8(r30)
  931  00001a4c  001ee820	add	r29,r0,r30
  932  00001a50  8fdefffc	lw	r30,-4(r30)
  933  00001a54  4be00000	jr	r31
  934  00001a58  54000000	nop
  935  00001a5c          	.endproc _dstrncpy
  936  00001a5c          	.align 2
  937  00001a5c          	.proc _dstrcat
  938  00001a5c          	.global _dstrcat
  939  00001a5c          	_dstrcat:
  940                      ;  Function 'dstrcat'; 8 bytes of locals, 1 regs to save.
  941  00001a5c  afbefffc	sw	-4(r29),r30; push fp
  942  00001a60  001df020	add	r30,r0,r29; fp = sp
  943  00001a64  afbffff8	sw	-8(r29),r31; push ret addr
  944  00001a68  2fbd0018	subui	r29,r29,#24; alloc local storage
  945  00001a6c  afa20000	sw	0(r29),r2
  946  00001a70  8fc10000	lw	r1,(r30)
  947  00001a74  afc1fff4	sw	-12(r30),r1
  948  00001a78          	L21_LF2:
  949  00001a78  8fc10000	lw	r1,(r30)
  950  00001a7c  90220000	lbu	r2,(r1)
  951  00001a80  64410000	snei	r1,r2,#0
  952  00001a84  1420000c	bnez	r1,L23_LF2
  953  00001a88  54000000	nop; delay slot nop
  954  00001a8c  0800001c	j	L22_LF2
  955  00001a90  54000000	nop; delay slot nop
  956  00001a94          	L23_LF2:
  957  00001a94  8fc20000	lw	r2,(r30)
  958  00001a98  20410001	addi	r1,r2,#1
  959  00001a9c  00011020	add	r2,r0,r1
  960  00001aa0  afc20000	sw	(r30),r2
  961  00001aa4  0bffffd0	j	L21_LF2
  962  00001aa8  54000000	nop; delay slot nop
  963  00001aac          	L22_LF2:
  964  00001aac  23bdfff8	addi	r29,r29,#-8
  965  00001ab0  001d0820	add	r1,r0,r29
  966  00001ab4  8fc20000	lw	r2,(r30)
  967  00001ab8  ac220000	sw	(r1),r2
  968  00001abc  8fc20004	lw	r2,4(r30)
  969  00001ac0  ac220004	sw	4(r1),r2
  970  00001ac4  0ffffe5c	jal	_dstrcpy
  971  00001ac8  54000000	nop; delay slot nop
  972  00001acc  23bd0008	addi	r29,r29,#8
  973  00001ad0  8fc1fff4	lw	r1,-12(r30)
  974  00001ad4  08000004	j	L20_LF2
  975  00001ad8  54000000	nop; delay slot nop
  976  00001adc          	L20_LF2:
  977  00001adc  8fa20000	lw	r2,0(r29)
  978  00001ae0  8fdffff8	lw	r31,-8(r30)
  979  00001ae4  001ee820	add	r29,r0,r30
  980  00001ae8  8fdefffc	lw	r30,-4(r30)
  981  00001aec  4be00000	jr	r31
  982  00001af0  54000000	nop
  983  00001af4          	.endproc _dstrcat
  984  00001af4          	.align 2
  985  00001af4          	.proc _dstrncmp
  986  00001af4          	.global _dstrncmp
  987  00001af4          	_dstrncmp:
  988                      ;  Function 'dstrncmp'; 8 bytes of locals, 2 regs to save.
  989  00001af4  afbefffc	sw	-4(r29),r30; push fp
  990  00001af8  001df020	add	r30,r0,r29; fp = sp
  991  00001afc  afbffff8	sw	-8(r29),r31; push ret addr
  992  00001b00  2fbd0018	subui	r29,r29,#24; alloc local storage
  993  00001b04  afa20000	sw	0(r29),r2
  994  00001b08  afa30004	sw	4(r29),r3
  995  00001b0c  54000000	nop
  996  00001b10  20010000	addi	r1,r0,#0
  997  00001b14  afc1fff4	sw	-12(r30),r1
  998  00001b18          	L25_LF2:
  999  00001b18  8fc1fff4	lw	r1,-12(r30)
 1000  00001b1c  8fc20008	lw	r2,8(r30)
 1001  00001b20  0022082a	slt	r1,r1,r2
 1002  00001b24  1420000c	bnez	r1,L28_LF2
 1003  00001b28  54000000	nop; delay slot nop
 1004  00001b2c  08000088	j	L26_LF2
 1005  00001b30  54000000	nop; delay slot nop
 1006  00001b34          	L28_LF2:
 1007  00001b34  8fc10004	lw	r1,4(r30)
 1008  00001b38  90220000	lbu	r2,(r1)
 1009  00001b3c  64410000	snei	r1,r2,#0
 1010  00001b40  14200018	bnez	r1,L29_LF2
 1011  00001b44  54000000	nop; delay slot nop
 1012  00001b48  20010000	addi	r1,r0,#0
 1013  00001b4c  080000d8	j	L24_LF2
 1014  00001b50  54000000	nop; delay slot nop
 1015  00001b54  08000028	j	L30_LF2
 1016  00001b58  54000000	nop; delay slot nop
 1017  00001b5c          	L29_LF2:
 1018  00001b5c  8fc10000	lw	r1,(r30)
 1019  00001b60  8fc20004	lw	r2,4(r30)
 1020  00001b64  90210000	lbu	r1,(r1)
 1021  00001b68  90420000	lbu	r2,(r2)
 1022  00001b6c  00220829	sne	r1,r1,r2
 1023  00001b70  1020000c	beqz	r1,L30_LF2
 1024  00001b74  54000000	nop; delay slot nop
 1025  00001b78  0800003c	j	L26_LF2
 1026  00001b7c  54000000	nop; delay slot nop
 1027  00001b80          	L31_LF2:
 1028  00001b80          	L30_LF2:
 1029  00001b80  8fc20000	lw	r2,(r30)
 1030  00001b84  20410001	addi	r1,r2,#1
 1031  00001b88  00011020	add	r2,r0,r1
 1032  00001b8c  afc20000	sw	(r30),r2
 1033  00001b90  8fc20004	lw	r2,4(r30)
 1034  00001b94  20410001	addi	r1,r2,#1
 1035  00001b98  00011020	add	r2,r0,r1
 1036  00001b9c  afc20004	sw	4(r30),r2
 1037  00001ba0          	L27_LF2:
 1038  00001ba0  8fc2fff4	lw	r2,-12(r30)
 1039  00001ba4  20410001	addi	r1,r2,#1
 1040  00001ba8  00011020	add	r2,r0,r1
 1041  00001bac  afc2fff4	sw	-12(r30),r2
 1042  00001bb0  0bffff64	j	L25_LF2
 1043  00001bb4  54000000	nop; delay slot nop
 1044  00001bb8          	L26_LF2:
 1045  00001bb8  8fc1fff4	lw	r1,-12(r30)
 1046  00001bbc  8fc20008	lw	r2,8(r30)
 1047  00001bc0  00220828	seq	r1,r1,r2
 1048  00001bc4  10200018	beqz	r1,L32_LF2
 1049  00001bc8  54000000	nop; delay slot nop
 1050  00001bcc  20010000	addi	r1,r0,#0
 1051  00001bd0  08000054	j	L24_LF2
 1052  00001bd4  54000000	nop; delay slot nop
 1053  00001bd8  0800004c	j	L33_LF2
 1054  00001bdc  54000000	nop; delay slot nop
 1055  00001be0          	L32_LF2:
 1056  00001be0  8fc20000	lw	r2,(r30)
 1057  00001be4  90410000	lbu	r1,(r2)
 1058  00001be8  8fc20004	lw	r2,4(r30)
 1059  00001bec  90430000	lbu	r3,(r2)
 1060  00001bf0  00230822	sub	r1,r1,r3
 1061  00001bf4  74220000	sgei	r2,r1,#0
 1062  00001bf8  10400020	beqz	r2,L34_LF2
 1063  00001bfc  54000000	nop; delay slot nop
 1064  00001c00  8fc10000	lw	r1,(r30)
 1065  00001c04  8fc20004	lw	r2,4(r30)
 1066  00001c08  90210000	lbu	r1,(r1)
 1067  00001c0c  90420000	lbu	r2,(r2)
 1068  00001c10  00220829	sne	r1,r1,r2
 1069  00001c14  08000008	j	L35_LF2
 1070  00001c18  54000000	nop; delay slot nop
 1071  00001c1c          	L34_LF2:
 1072  00001c1c  2001ffff	addi	r1,r0,#-1
 1073  00001c20          	L35_LF2:
 1074  00001c20  08000004	j	L24_LF2
 1075  00001c24  54000000	nop; delay slot nop
 1076  00001c28          	L33_LF2:
 1077  00001c28          	L24_LF2:
 1078  00001c28  8fa20000	lw	r2,0(r29)
 1079  00001c2c  8fa30004	lw	r3,4(r29)
 1080  00001c30  8fdffff8	lw	r31,-8(r30)
 1081  00001c34  001ee820	add	r29,r0,r30
 1082  00001c38  8fdefffc	lw	r30,-4(r30)
 1083  00001c3c  4be00000	jr	r31
 1084  00001c40  54000000	nop
 1085  00001c44          	.endproc _dstrncmp
 1086  00001c44          	.align 2
 1087  00001c44          	.proc _dstrlen
 1088  00001c44          	.global _dstrlen
 1089  00001c44          	_dstrlen:
 1090                      ;  Function 'dstrlen'; 8 bytes of locals, 1 regs to save.
 1091  00001c44  afbefffc	sw	-4(r29),r30; push fp
 1092  00001c48  001df020	add	r30,r0,r29; fp = sp
 1093  00001c4c  afbffff8	sw	-8(r29),r31; push ret addr
 1094  00001c50  2fbd0018	subui	r29,r29,#24; alloc local storage
 1095  00001c54  afa20000	sw	0(r29),r2
 1096  00001c58  20010000	addi	r1,r0,#0
 1097  00001c5c  afc1fff4	sw	-12(r30),r1
 1098  00001c60          	L37_LF2:
 1099  00001c60  8fc10000	lw	r1,(r30)
 1100  00001c64  20220001	addi	r2,r1,#1
 1101  00001c68  afc20000	sw	(r30),r2
 1102  00001c6c  90210000	lbu	r1,(r1)
 1103  00001c70  64220000	snei	r2,r1,#0
 1104  00001c74  1440000c	bnez	r2,L39_LF2
 1105  00001c78  54000000	nop; delay slot nop
 1106  00001c7c  0800001c	j	L38_LF2
 1107  00001c80  54000000	nop; delay slot nop
 1108  00001c84          	L39_LF2:
 1109  00001c84  8fc2fff4	lw	r2,-12(r30)
 1110  00001c88  20410001	addi	r1,r2,#1
 1111  00001c8c  00011020	add	r2,r0,r1
 1112  00001c90  afc2fff4	sw	-12(r30),r2
 1113  00001c94  0bffffc8	j	L37_LF2
 1114  00001c98  54000000	nop; delay slot nop
 1115  00001c9c          	L38_LF2:
 1116  00001c9c  8fc1fff4	lw	r1,-12(r30)
 1117  00001ca0  08000004	j	L36_LF2
 1118  00001ca4  54000000	nop; delay slot nop
 1119  00001ca8          	L36_LF2:
 1120  00001ca8  8fa20000	lw	r2,0(r29)
 1121  00001cac  8fdffff8	lw	r31,-8(r30)
 1122  00001cb0  001ee820	add	r29,r0,r30
 1123  00001cb4  8fdefffc	lw	r30,-4(r30)
 1124  00001cb8  4be00000	jr	r31
 1125  00001cbc  54000000	nop
 1126  00001cc0          	.endproc _dstrlen
 1127  00001cc0          	.align 2
 1128  00001cc0          	.proc _dstrstr
 1129  00001cc0          	.global _dstrstr
 1130  00001cc0          	_dstrstr:
 1131                      ;  Function 'dstrstr'; 8 bytes of locals, 1 regs to save.
 1132  00001cc0  afbefffc	sw	-4(r29),r30; push fp
 1133  00001cc4  001df020	add	r30,r0,r29; fp = sp
 1134  00001cc8  afbffff8	sw	-8(r29),r31; push ret addr
 1135  00001ccc  2fbd0018	subui	r29,r29,#24; alloc local storage
 1136  00001cd0  afa20000	sw	0(r29),r2
 1137  00001cd4  23bdfff8	addi	r29,r29,#-8
 1138  00001cd8  001d0820	add	r1,r0,r29
 1139  00001cdc  8fc20004	lw	r2,4(r30)
 1140  00001ce0  ac220000	sw	(r1),r2
 1141  00001ce4  0fffff5c	jal	_dstrlen
 1142  00001ce8  54000000	nop; delay slot nop
 1143  00001cec  23bd0008	addi	r29,r29,#8
 1144  00001cf0  afc1fff4	sw	-12(r30),r1
 1145  00001cf4          	L41_LF2:
 1146  00001cf4  8fc10000	lw	r1,(r30)
 1147  00001cf8  90220000	lbu	r2,(r1)
 1148  00001cfc  64410000	snei	r1,r2,#0
 1149  00001d00  1420000c	bnez	r1,L43_LF2
 1150  00001d04  54000000	nop; delay slot nop
 1151  00001d08  08000060	j	L42_LF2
 1152  00001d0c  54000000	nop; delay slot nop
 1153  00001d10          	L43_LF2:
 1154  00001d10  23bdfff0	addi	r29,r29,#-16
 1155  00001d14  001d0820	add	r1,r0,r29
 1156  00001d18  8fc20000	lw	r2,(r30)
 1157  00001d1c  ac220000	sw	(r1),r2
 1158  00001d20  8fc20004	lw	r2,4(r30)
 1159  00001d24  ac220004	sw	4(r1),r2
 1160  00001d28  8fc2fff4	lw	r2,-12(r30)
 1161  00001d2c  ac220008	sw	8(r1),r2
 1162  00001d30  0ffffdc0	jal	_dstrncmp
 1163  00001d34  54000000	nop; delay slot nop
 1164  00001d38  23bd0010	addi	r29,r29,#16
 1165  00001d3c  64220000	snei	r2,r1,#0
 1166  00001d40  14400010	bnez	r2,L44_LF2
 1167  00001d44  54000000	nop; delay slot nop
 1168  00001d48  8fc10000	lw	r1,(r30)
 1169  00001d4c  08000028	j	L40_LF2
 1170  00001d50  54000000	nop; delay slot nop
 1171  00001d54          	L44_LF2:
 1172  00001d54  8fc20000	lw	r2,(r30)
 1173  00001d58  20410001	addi	r1,r2,#1
 1174  00001d5c  00011020	add	r2,r0,r1
 1175  00001d60  afc20000	sw	(r30),r2
 1176  00001d64  0bffff8c	j	L41_LF2
 1177  00001d68  54000000	nop; delay slot nop
 1178  00001d6c          	L42_LF2:
 1179  00001d6c  20010000	addi	r1,r0,#0
 1180  00001d70  08000004	j	L40_LF2
 1181  00001d74  54000000	nop; delay slot nop
 1182  00001d78          	L40_LF2:
 1183  00001d78  8fa20000	lw	r2,0(r29)
 1184  00001d7c  8fdffff8	lw	r31,-8(r30)
 1185  00001d80  001ee820	add	r29,r0,r30
 1186  00001d84  8fdefffc	lw	r30,-4(r30)
 1187  00001d88  4be00000	jr	r31
 1188  00001d8c  54000000	nop
 1189  00001d90          	.endproc _dstrstr
 1190  00001d90          	.align 2
 1191  00001d90          	.proc _dmindex
 1192  00001d90          	.global _dmindex
 1193  00001d90          	_dmindex:
 1194                      ;  Function 'dmindex'; 8 bytes of locals, 1 regs to save.
 1195  00001d90  afbefffc	sw	-4(r29),r30; push fp
 1196  00001d94  001df020	add	r30,r0,r29; fp = sp
 1197  00001d98  afbffff8	sw	-8(r29),r31; push ret addr
 1198  00001d9c  2fbd0018	subui	r29,r29,#24; alloc local storage
 1199  00001da0  afa20000	sw	0(r29),r2
 1200  00001da4  54000000	nop
 1201  00001da8          	L46_LF2:
 1202  00001da8  8fc10000	lw	r1,(r30)
 1203  00001dac  90220000	lbu	r2,(r1)
 1204  00001db0  64410000	snei	r1,r2,#0
 1205  00001db4  1420000c	bnez	r1,L48_LF2
 1206  00001db8  54000000	nop; delay slot nop
 1207  00001dbc  08000070	j	L47_LF2
 1208  00001dc0  54000000	nop; delay slot nop
 1209  00001dc4          	L48_LF2:
 1210  00001dc4  8fc10004	lw	r1,4(r30)
 1211  00001dc8  afc1fff4	sw	-12(r30),r1
 1212  00001dcc          	L49_LF2:
 1213  00001dcc  8fc1fff4	lw	r1,-12(r30)
 1214  00001dd0  90220000	lbu	r2,(r1)
 1215  00001dd4  64410000	snei	r1,r2,#0
 1216  00001dd8  1420000c	bnez	r1,L52_LF2
 1217  00001ddc  54000000	nop; delay slot nop
 1218  00001de0  08000044	j	L50_LF2
 1219  00001de4  54000000	nop; delay slot nop
 1220  00001de8          	L52_LF2:
 1221  00001de8  8fc10000	lw	r1,(r30)
 1222  00001dec  8fc2fff4	lw	r2,-12(r30)
 1223  00001df0  90210000	lbu	r1,(r1)
 1224  00001df4  90420000	lbu	r2,(r2)
 1225  00001df8  00220828	seq	r1,r1,r2
 1226  00001dfc  10200010	beqz	r1,L51_LF2
 1227  00001e00  54000000	nop; delay slot nop
 1228  00001e04  8fc10000	lw	r1,(r30)
 1229  00001e08  08000030	j	L45_LF2
 1230  00001e0c  54000000	nop; delay slot nop
 1231  00001e10          	L53_LF2:
 1232  00001e10          	L51_LF2:
 1233  00001e10  8fc2fff4	lw	r2,-12(r30)
 1234  00001e14  20410001	addi	r1,r2,#1
 1235  00001e18  00011020	add	r2,r0,r1
 1236  00001e1c  afc2fff4	sw	-12(r30),r2
 1237  00001e20  0bffffa8	j	L49_LF2
 1238  00001e24  54000000	nop; delay slot nop
 1239  00001e28          	L50_LF2:
 1240  00001e28  0bffff7c	j	L46_LF2
 1241  00001e2c  54000000	nop; delay slot nop
 1242  00001e30          	L47_LF2:
 1243  00001e30  20010000	addi	r1,r0,#0
 1244  00001e34  08000004	j	L45_LF2
 1245  00001e38  54000000	nop; delay slot nop
 1246  00001e3c          	L45_LF2:
 1247  00001e3c  8fa20000	lw	r2,0(r29)
 1248  00001e40  8fdffff8	lw	r31,-8(r30)
 1249  00001e44  001ee820	add	r29,r0,r30
 1250  00001e48  8fdefffc	lw	r30,-4(r30)
 1251  00001e4c  4be00000	jr	r31
 1252  00001e50  54000000	nop
 1253  00001e54          	.endproc _dmindex
 1254  00001e54          	.align 2
 1255  00001e54          	.proc _dindex
 1256  00001e54          	.global _dindex
 1257  00001e54          	_dindex:
 1258                      ;  Function 'dindex'; 0 bytes of locals, 1 regs to save.
 1259  00001e54  afbefffc	sw	-4(r29),r30; push fp
 1260  00001e58  001df020	add	r30,r0,r29; fp = sp
 1261  00001e5c  afbffff8	sw	-8(r29),r31; push ret addr
 1262  00001e60  2fbd0010	subui	r29,r29,#16; alloc local storage
 1263  00001e64  afa20000	sw	0(r29),r2
 1264  00001e68  54000000	nop
 1265  00001e6c          	L55_LF2:
 1266  00001e6c  8fc10000	lw	r1,(r30)
 1267  00001e70  90220000	lbu	r2,(r1)
 1268  00001e74  64410000	snei	r1,r2,#0
 1269  00001e78  1420000c	bnez	r1,L57_LF2
 1270  00001e7c  54000000	nop; delay slot nop
 1271  00001e80  08000040	j	L56_LF2
 1272  00001e84  54000000	nop; delay slot nop
 1273  00001e88          	L57_LF2:
 1274  00001e88  8fc10000	lw	r1,(r30)
 1275  00001e8c  90220000	lbu	r2,(r1)
 1276  00001e90  8fc10004	lw	r1,4(r30)
 1277  00001e94  00411028	seq	r2,r2,r1
 1278  00001e98  10400010	beqz	r2,L58_LF2
 1279  00001e9c  54000000	nop; delay slot nop
 1280  00001ea0  8fc10000	lw	r1,(r30)
 1281  00001ea4  08000028	j	L54_LF2
 1282  00001ea8  54000000	nop; delay slot nop
 1283  00001eac          	L58_LF2:
 1284  00001eac  8fc20000	lw	r2,(r30)
 1285  00001eb0  20410001	addi	r1,r2,#1
 1286  00001eb4  00011020	add	r2,r0,r1
 1287  00001eb8  afc20000	sw	(r30),r2
 1288  00001ebc  0bffffac	j	L55_LF2
 1289  00001ec0  54000000	nop; delay slot nop
 1290  00001ec4          	L56_LF2:
 1291  00001ec4  20010000	addi	r1,r0,#0
 1292  00001ec8  08000004	j	L54_LF2
 1293  00001ecc  54000000	nop; delay slot nop
 1294  00001ed0          	L54_LF2:
 1295  00001ed0  8fa20000	lw	r2,0(r29)
 1296  00001ed4  8fdffff8	lw	r31,-8(r30)
 1297  00001ed8  001ee820	add	r29,r0,r30
 1298  00001edc  8fdefffc	lw	r30,-4(r30)
 1299  00001ee0  4be00000	jr	r31
 1300  00001ee4  54000000	nop
 1301  00001ee8          	.endproc _dindex
 1302  00001ee8          	.align 2
 1303  00001ee8          	.proc _ditoa
 1304  00001ee8          	.global _ditoa
 1305  00001ee8          	_ditoa:
 1306                      ;  Function 'ditoa'; 8 bytes of locals, 2 regs to save.
 1307  00001ee8  afbefffc	sw	-4(r29),r30; push fp
 1308  00001eec  001df020	add	r30,r0,r29; fp = sp
 1309  00001ef0  afbffff8	sw	-8(r29),r31; push ret addr
 1310  00001ef4  2fbd0018	subui	r29,r29,#24; alloc local storage
 1311  00001ef8  afa20000	sw	0(r29),r2
 1312  00001efc  afa30004	sw	4(r29),r3
 1313  00001f00  8fc10000	lw	r1,(r30)
 1314  00001f04  68220000	slti	r2,r1,#0
 1315  00001f08  1040002c	beqz	r2,L60_LF2
 1316  00001f0c  54000000	nop; delay slot nop
 1317  00001f10  8fc10004	lw	r1,4(r30)
 1318  00001f14  20220001	addi	r2,r1,#1
 1319  00001f18  afc20004	sw	4(r30),r2
 1320  00001f1c  2002002d	addi	r2,r0,(#0x2d)&0xff
 1321  00001f20  a0220000	sb	(r1),r2
 1322  00001f24  8fc10000	lw	r1,(r30)
 1323  00001f28  00011022	sub	r2,r0,r1
 1324  00001f2c  afc20000	sw	(r30),r2
 1325  00001f30  08000118	j	L61_LF2
 1326  00001f34  54000000	nop; delay slot nop
 1327  00001f38          	L60_LF2:
 1328  00001f38  8fc10000	lw	r1,(r30)
 1329  00001f3c  64220000	snei	r2,r1,#0
 1330  00001f40  14400020	bnez	r2,L62_LF2
 1331  00001f44  54000000	nop; delay slot nop
 1332  00001f48  8fc10004	lw	r1,4(r30)
 1333  00001f4c  20220001	addi	r2,r1,#1
 1334  00001f50  afc20004	sw	4(r30),r2
 1335  00001f54  20020030	addi	r2,r0,(#0x30)&0xff
 1336  00001f58  a0220000	sb	(r1),r2
 1337  00001f5c  080000ec	j	L61_LF2
 1338  00001f60  54000000	nop; delay slot nop
 1339  00001f64          	L62_LF2:
 1340  00001f64  20010001	addi	r1,r0,#1
 1341  00001f68  afc1fff4	sw	-12(r30),r1
 1342  00001f6c          	L64_LF2:
 1343  00001f6c  8fc1fff4	lw	r1,-12(r30)
 1344  00001f70  8fc20000	lw	r2,(r30)
 1345  00001f74  0022082c	sle	r1,r1,r2
 1346  00001f78  1420000c	bnez	r1,L66_LF2
 1347  00001f7c  54000000	nop; delay slot nop
 1348  00001f80  08000024	j	L65_LF2
 1349  00001f84  54000000	nop; delay slot nop
 1350  00001f88          	L67_LF2:
 1351  00001f88          	L66_LF2:
 1352  00001f88  8fc1fff4	lw	r1,-12(r30)
 1353  00001f8c  00011820	add	r3,r0,r1
 1354  00001f90  50620002	slli	r2,r3,#0x2
 1355  00001f94  00411020	add	r2,r2,r1
 1356  00001f98  50410001	slli	r1,r2,#0x1
 1357  00001f9c  afc1fff4	sw	-12(r30),r1
 1358  00001fa0  0bffffc8	j	L64_LF2
 1359  00001fa4  54000000	nop; delay slot nop
 1360  00001fa8          	L65_LF2:
 1361  00001fa8  54000000	nop
 1362  00001fac          	L68_LF2:
 1363  00001fac  8fc1fff4	lw	r1,-12(r30)
 1364  00001fb0  2002000a	addi	r2,r0,#10
 1365  00001fb4  00200035	movi2fp	f0,r1
 1366  00001fb8  00400835	movi2fp	f1,r2
 1367  00001fbc  0401000f	div	f0,f0,f1
 1368  00001fc0  00000834	movfp2i	r1,f0
 1369  00001fc4  afc1fff4	sw	-12(r30),r1
 1370  00001fc8  8fc10004	lw	r1,4(r30)
 1371  00001fcc  20220001	addi	r2,r1,#1
 1372  00001fd0  afc20004	sw	4(r30),r2
 1373  00001fd4  8fc20000	lw	r2,(r30)
 1374  00001fd8  8fc3fff4	lw	r3,-12(r30)
 1375  00001fdc  00400035	movi2fp	f0,r2
 1376  00001fe0  00600835	movi2fp	f1,r3
 1377  00001fe4  0401000f	div	f0,f0,f1
 1378  00001fe8  00001034	movfp2i	r2,f0
 1379  00001fec  00021820	add	r3,r0,r2
 1380  00001ff0  20620030	addi	r2,r3,#48
 1381  00001ff4  a0220000	sb	(r1),r2
 1382  00001ff8  8fc10000	lw	r1,(r30)
 1383  00001ffc  8fc3fff4	lw	r3,-12(r30)
 1384  00002000  00200035	movi2fp	f0,r1
 1385  00002004  00600835	movi2fp	f1,r3
 1386  00002008  0401000f	div	f0,f0,f1
 1387  0000200c  00001034	movfp2i	r2,f0
 1388  00002010  8fc3fff4	lw	r3,-12(r30)
 1389  00002014  00400035	movi2fp	f0,r2
 1390  00002018  00600835	movi2fp	f1,r3
 1391  0000201c  0401000e	mult	f0,f0,f1
 1392  00002020  00001034	movfp2i	r2,f0
 1393  00002024  00220822	sub	r1,r1,r2
 1394  00002028  afc10000	sw	(r30),r1
 1395  0000202c          	L70_LF2:
 1396  0000202c  8fc1fff4	lw	r1,-12(r30)
 1397  00002030  6c220001	sgti	r2,r1,#1
 1398  00002034  1440000c	bnez	r2,L71_LF2
 1399  00002038  54000000	nop; delay slot nop
 1400  0000203c  0800000c	j	L61_LF2
 1401  00002040  54000000	nop; delay slot nop
 1402  00002044          	L71_LF2:
 1403  00002044  0bffff64	j	L68_LF2
 1404  00002048  54000000	nop; delay slot nop
 1405  0000204c          	L69_LF2:
 1406  0000204c          	L63_LF2:
 1407  0000204c          	L61_LF2:
 1408  0000204c  8fc10004	lw	r1,4(r30)
 1409  00002050  20020000	addi	r2,r0,(#0x0)&0xff
 1410  00002054  a0220000	sb	(r1),r2
 1411  00002058          	L59_LF2:
 1412  00002058  8fa20000	lw	r2,0(r29)
 1413  0000205c  8fa30004	lw	r3,4(r29)
 1414  00002060  8fdffff8	lw	r31,-8(r30)
 1415  00002064  001ee820	add	r29,r0,r30
 1416  00002068  8fdefffc	lw	r30,-4(r30)
 1417  0000206c  4be00000	jr	r31
 1418  00002070  54000000	nop
 1419  00002074          	.endproc _ditoa
 1420  00002074          	.align 2
 1421  00002074          	.proc _dstrtol
 1422  00002074          	.global _dstrtol
 1423  00002074          	_dstrtol:
 1424                      ;  Function 'dstrtol'; 16 bytes of locals, 1 regs to save.
 1425  00002074  afbefffc	sw	-4(r29),r30; push fp
 1426  00002078  001df020	add	r30,r0,r29; fp = sp
 1427  0000207c  afbffff8	sw	-8(r29),r31; push ret addr
 1428  00002080  2fbd0020	subui	r29,r29,#32; alloc local storage
 1429  00002084  afa20000	sw	0(r29),r2
 1430  00002088  20010000	addi	r1,r0,#0
 1431  0000208c  afc1fff4	sw	-12(r30),r1
 1432  00002090          	L73_LF2:
 1433  00002090  8fc10000	lw	r1,(r30)
 1434  00002094  90220000	lbu	r2,(r1)
 1435  00002098  60410020	seqi	r1,r2,#32
 1436  0000209c  14200034	bnez	r1,L75_LF2
 1437  000020a0  54000000	nop; delay slot nop
 1438  000020a4  8fc10000	lw	r1,(r30)
 1439  000020a8  90220000	lbu	r2,(r1)
 1440  000020ac  60410009	seqi	r1,r2,#9
 1441  000020b0  14200020	bnez	r1,L75_LF2
 1442  000020b4  54000000	nop; delay slot nop
 1443  000020b8  8fc10000	lw	r1,(r30)
 1444  000020bc  90220000	lbu	r2,(r1)
 1445  000020c0  6041000a	seqi	r1,r2,#10
 1446  000020c4  1420000c	bnez	r1,L75_LF2
 1447  000020c8  54000000	nop; delay slot nop
 1448  000020cc  0800001c	j	L74_LF2
 1449  000020d0  54000000	nop; delay slot nop
 1450  000020d4          	L75_LF2:
 1451  000020d4  8fc20000	lw	r2,(r30)
 1452  000020d8  20410001	addi	r1,r2,#1
 1453  000020dc  00011020	add	r2,r0,r1
 1454  000020e0  afc20000	sw	(r30),r2
 1455  000020e4  0bffffa8	j	L73_LF2
 1456  000020e8  54000000	nop; delay slot nop
 1457  000020ec          	L74_LF2:
 1458  000020ec  8fc10004	lw	r1,4(r30)
 1459  000020f0  64220000	snei	r2,r1,#0
 1460  000020f4  10400010	beqz	r2,L76_LF2
 1461  000020f8  54000000	nop; delay slot nop
 1462  000020fc  8fc10004	lw	r1,4(r30)
 1463  00002100  8fc20000	lw	r2,(r30)
 1464  00002104  ac220000	sw	(r1),r2
 1465  00002108          	L76_LF2:
 1466  00002108  8fc10000	lw	r1,(r30)
 1467  0000210c  90220000	lbu	r2,(r1)
 1468  00002110  64410000	snei	r1,r2,#0
 1469  00002114  14200010	bnez	r1,L77_LF2
 1470  00002118  54000000	nop; delay slot nop
 1471  0000211c  8fc1fff4	lw	r1,-12(r30)
 1472  00002120  08000294	j	L72_LF2
 1473  00002124  54000000	nop; delay slot nop
 1474  00002128          	L77_LF2:
 1475  00002128  8fc10000	lw	r1,(r30)
 1476  0000212c  90220000	lbu	r2,(r1)
 1477  00002130  6041002d	seqi	r1,r2,#45
 1478  00002134  10200024	beqz	r1,L78_LF2
 1479  00002138  54000000	nop; delay slot nop
 1480  0000213c  2001ffff	addi	r1,r0,#-1
 1481  00002140  afc1ffec	sw	-20(r30),r1
 1482  00002144  8fc20000	lw	r2,(r30)
 1483  00002148  20410001	addi	r1,r2,#1
 1484  0000214c  00011020	add	r2,r0,r1
 1485  00002150  afc20000	sw	(r30),r2
 1486  00002154  0800000c	j	L79_LF2
 1487  00002158  54000000	nop; delay slot nop
 1488  0000215c          	L78_LF2:
 1489  0000215c  20010001	addi	r1,r0,#1
 1490  00002160  afc1ffec	sw	-20(r30),r1
 1491  00002164          	L79_LF2:
 1492  00002164  8fc10008	lw	r1,8(r30)
 1493  00002168  64220000	snei	r2,r1,#0
 1494  0000216c  14400090	bnez	r2,L80_LF2
 1495  00002170  54000000	nop; delay slot nop
 1496  00002174  8fc10000	lw	r1,(r30)
 1497  00002178  90220000	lbu	r2,(r1)
 1498  0000217c  60410030	seqi	r1,r2,#48
 1499  00002180  10200074	beqz	r1,L81_LF2
 1500  00002184  54000000	nop; delay slot nop
 1501  00002188  8fc20000	lw	r2,(r30)
 1502  0000218c  20410001	addi	r1,r2,#1
 1503  00002190  00011020	add	r2,r0,r1
 1504  00002194  afc20000	sw	(r30),r2
 1505  00002198  8fc10000	lw	r1,(r30)
 1506  0000219c  90220000	lbu	r2,(r1)
 1507  000021a0  60410078	seqi	r1,r2,#120
 1508  000021a4  14200020	bnez	r1,L83_LF2
 1509  000021a8  54000000	nop; delay slot nop
 1510  000021ac  8fc10000	lw	r1,(r30)
 1511  000021b0  90220000	lbu	r2,(r1)
 1512  000021b4  60410058	seqi	r1,r2,#88
 1513  000021b8  1420000c	bnez	r1,L83_LF2
 1514  000021bc  54000000	nop; delay slot nop
 1515  000021c0  08000024	j	L82_LF2
 1516  000021c4  54000000	nop; delay slot nop
 1517  000021c8          	L83_LF2:
 1518  000021c8  20010010	addi	r1,r0,#16
 1519  000021cc  afc10008	sw	8(r30),r1
 1520  000021d0  8fc20000	lw	r2,(r30)
 1521  000021d4  20410001	addi	r1,r2,#1
 1522  000021d8  00011020	add	r2,r0,r1
 1523  000021dc  afc20000	sw	(r30),r2
 1524  000021e0  0800000c	j	L84_LF2
 1525  000021e4  54000000	nop; delay slot nop
 1526  000021e8          	L82_LF2:
 1527  000021e8  20010008	addi	r1,r0,#8
 1528  000021ec  afc10008	sw	8(r30),r1
 1529  000021f0          	L84_LF2:
 1530  000021f0  0800000c	j	L80_LF2
 1531  000021f4  54000000	nop; delay slot nop
 1532  000021f8          	L81_LF2:
 1533  000021f8  2001000a	addi	r1,r0,#10
 1534  000021fc  afc10008	sw	8(r30),r1
 1535  00002200          	L85_LF2:
 1536  00002200          	L80_LF2:
 1537  00002200  8fc10008	lw	r1,8(r30)
 1538  00002204  70220000	slei	r2,r1,#0
 1539  00002208  1440001c	bnez	r2,L87_LF2
 1540  0000220c  54000000	nop; delay slot nop
 1541  00002210  8fc10008	lw	r1,8(r30)
 1542  00002214  6c220010	sgti	r2,r1,#16
 1543  00002218  1440000c	bnez	r2,L87_LF2
 1544  0000221c  54000000	nop; delay slot nop
 1545  00002220  08000010	j	L86_LF2
 1546  00002224  54000000	nop; delay slot nop
 1547  00002228          	L87_LF2:
 1548  00002228  8fc1fff4	lw	r1,-12(r30)
 1549  0000222c  08000188	j	L72_LF2
 1550  00002230  54000000	nop; delay slot nop
 1551  00002234          	L86_LF2:
 1552  00002234  54000000	nop
 1553  00002238          	L88_LF2:
 1554  00002238  8fc10000	lw	r1,(r30)
 1555  0000223c  90220000	lbu	r2,(r1)
 1556  00002240  6c41002f	sgtui	r1,r2,#47
 1557  00002244  10200030	beqz	r1,L91_LF2
 1558  00002248  54000000	nop; delay slot nop
 1559  0000224c  8fc10000	lw	r1,(r30)
 1560  00002250  90220000	lbu	r2,(r1)
 1561  00002254  70410039	sleui	r1,r2,#57
 1562  00002258  1020001c	beqz	r1,L91_LF2
 1563  0000225c  54000000	nop; delay slot nop
 1564  00002260  8fc10000	lw	r1,(r30)
 1565  00002264  90220000	lbu	r2,(r1)
 1566  00002268  2041ffd0	addi	r1,r2,#-48
 1567  0000226c  afc1fff0	sw	-16(r30),r1
 1568  00002270  0800008c	j	L92_LF2
 1569  00002274  54000000	nop; delay slot nop
 1570  00002278          	L91_LF2:
 1571  00002278  8fc10000	lw	r1,(r30)
 1572  0000227c  90220000	lbu	r2,(r1)
 1573  00002280  6c410060	sgtui	r1,r2,#96
 1574  00002284  10200030	beqz	r1,L93_LF2
 1575  00002288  54000000	nop; delay slot nop
 1576  0000228c  8fc10000	lw	r1,(r30)
 1577  00002290  90220000	lbu	r2,(r1)
 1578  00002294  7041007a	sleui	r1,r2,#122
 1579  00002298  1020001c	beqz	r1,L93_LF2
 1580  0000229c  54000000	nop; delay slot nop
 1581  000022a0  8fc10000	lw	r1,(r30)
 1582  000022a4  90220000	lbu	r2,(r1)
 1583  000022a8  2041ffa9	addi	r1,r2,#-87
 1584  000022ac  afc1fff0	sw	-16(r30),r1
 1585  000022b0  0800004c	j	L92_LF2
 1586  000022b4  54000000	nop; delay slot nop
 1587  000022b8          	L93_LF2:
 1588  000022b8  8fc10000	lw	r1,(r30)
 1589  000022bc  90220000	lbu	r2,(r1)
 1590  000022c0  6c410040	sgtui	r1,r2,#64
 1591  000022c4  10200030	beqz	r1,L95_LF2
 1592  000022c8  54000000	nop; delay slot nop
 1593  000022cc  8fc10000	lw	r1,(r30)
 1594  000022d0  90220000	lbu	r2,(r1)
 1595  000022d4  7041005a	sleui	r1,r2,#90
 1596  000022d8  1020001c	beqz	r1,L95_LF2
 1597  000022dc  54000000	nop; delay slot nop
 1598  000022e0  8fc10000	lw	r1,(r30)
 1599  000022e4  90220000	lbu	r2,(r1)
 1600  000022e8  2041ffc9	addi	r1,r2,#-55
 1601  000022ec  afc1fff0	sw	-16(r30),r1
 1602  000022f0  0800000c	j	L92_LF2
 1603  000022f4  54000000	nop; delay slot nop
 1604  000022f8          	L95_LF2:
 1605  000022f8  200103e8	addi	r1,r0,#1000
 1606  000022fc  afc1fff0	sw	-16(r30),r1
 1607  00002300          	L96_LF2:
 1608  00002300          	L94_LF2:
 1609  00002300          	L92_LF2:
 1610  00002300  8fc1fff0	lw	r1,-16(r30)
 1611  00002304  8fc20008	lw	r2,8(r30)
 1612  00002308  0022082a	slt	r1,r1,r2
 1613  0000230c  10200040	beqz	r1,L90_LF2
 1614  00002310  54000000	nop; delay slot nop
 1615  00002314  8fc1fff4	lw	r1,-12(r30)
 1616  00002318  8fc20008	lw	r2,8(r30)
 1617  0000231c  00200035	movi2fp	f0,r1
 1618  00002320  00400835	movi2fp	f1,r2
 1619  00002324  0401000e	mult	f0,f0,f1
 1620  00002328  00000834	movfp2i	r1,f0
 1621  0000232c  afc1fff4	sw	-12(r30),r1
 1622  00002330  8fc1fff4	lw	r1,-12(r30)
 1623  00002334  8fc2fff0	lw	r2,-16(r30)
 1624  00002338  00220820	add	r1,r1,r2
 1625  0000233c  afc1fff4	sw	-12(r30),r1
 1626  00002340  8fc20000	lw	r2,(r30)
 1627  00002344  20410001	addi	r1,r2,#1
 1628  00002348  00011020	add	r2,r0,r1
 1629  0000234c  afc20000	sw	(r30),r2
 1630  00002350          	L97_LF2:
 1631  00002350          	L90_LF2:
 1632  00002350  8fc1fff0	lw	r1,-16(r30)
 1633  00002354  8fc20008	lw	r2,8(r30)
 1634  00002358  0022082a	slt	r1,r1,r2
 1635  0000235c  1420000c	bnez	r1,L98_LF2
 1636  00002360  54000000	nop; delay slot nop
 1637  00002364  0800000c	j	L89_LF2
 1638  00002368  54000000	nop; delay slot nop
 1639  0000236c          	L98_LF2:
 1640  0000236c  0bfffec8	j	L88_LF2
 1641  00002370  54000000	nop; delay slot nop
 1642  00002374          	L89_LF2:
 1643  00002374  8fc10004	lw	r1,4(r30)
 1644  00002378  64220000	snei	r2,r1,#0
 1645  0000237c  10400010	beqz	r2,L99_LF2
 1646  00002380  54000000	nop; delay slot nop
 1647  00002384  8fc10004	lw	r1,4(r30)
 1648  00002388  8fc20000	lw	r2,(r30)
 1649  0000238c  ac220000	sw	(r1),r2
 1650  00002390          	L99_LF2:
 1651  00002390  8fc1fff4	lw	r1,-12(r30)
 1652  00002394  8fc2ffec	lw	r2,-20(r30)
 1653  00002398  00200035	movi2fp	f0,r1
 1654  0000239c  00400835	movi2fp	f1,r2
 1655  000023a0  0401000e	mult	f0,f0,f1
 1656  000023a4  00000834	movfp2i	r1,f0
 1657  000023a8  afc1fff4	sw	-12(r30),r1
 1658  000023ac  8fc1fff4	lw	r1,-12(r30)
 1659  000023b0  08000004	j	L72_LF2
 1660  000023b4  54000000	nop; delay slot nop
 1661  000023b8          	L72_LF2:
 1662  000023b8  8fa20000	lw	r2,0(r29)
 1663  000023bc  8fdffff8	lw	r31,-8(r30)
 1664  000023c0  001ee820	add	r29,r0,r30
 1665  000023c4  8fdefffc	lw	r30,-4(r30)
 1666  000023c8  4be00000	jr	r31
 1667  000023cc  54000000	nop
 1668  000023d0          	.endproc _dstrtol
 1669  000023d0          	.align 2
 1670  000023d0          	.proc _bcopy
 1671  000023d0          	.global _bcopy
 1672  000023d0          	_bcopy:
 1673                      ;  Function 'bcopy'; 0 bytes of locals, 2 regs to save.
 1674  000023d0  afbefffc	sw	-4(r29),r30; push fp
 1675  000023d4  001df020	add	r30,r0,r29; fp = sp
 1676  000023d8  afbffff8	sw	-8(r29),r31; push ret addr
 1677  000023dc  2fbd0010	subui	r29,r29,#16; alloc local storage
 1678  000023e0  afa20000	sw	0(r29),r2
 1679  000023e4  afa30004	sw	4(r29),r3
 1680  000023e8  54000000	nop
 1681  000023ec          	L101_LF2:
 1682  000023ec  8fc10008	lw	r1,8(r30)
 1683  000023f0  2022ffff	addi	r2,r1,#-1
 1684  000023f4  afc20008	sw	8(r30),r2
 1685  000023f8  6c210000	sgti	r1,r1,#0
 1686  000023fc  1420000c	bnez	r1,L103_LF2
 1687  00002400  54000000	nop; delay slot nop
 1688  00002404  0800002c	j	L102_LF2
 1689  00002408  54000000	nop; delay slot nop
 1690  0000240c          	L103_LF2:
 1691  0000240c  8fc10004	lw	r1,4(r30)
 1692  00002410  20220001	addi	r2,r1,#1
 1693  00002414  afc20004	sw	4(r30),r2
 1694  00002418  8fc20000	lw	r2,(r30)
 1695  0000241c  20430001	addi	r3,r2,#1
 1696  00002420  afc30000	sw	(r30),r3
 1697  00002424  80420000	lb	r2,(r2)
 1698  00002428  a0220000	sb	(r1),r2
 1699  0000242c  0bffffbc	j	L101_LF2
 1700  00002430  54000000	nop; delay slot nop
 1701  00002434          	L102_LF2:
 1702  00002434          	L100_LF2:
 1703  00002434  8fa20000	lw	r2,0(r29)
 1704  00002438  8fa30004	lw	r3,4(r29)
 1705  0000243c  8fdffff8	lw	r31,-8(r30)
 1706  00002440  001ee820	add	r29,r0,r30
 1707  00002444  8fdefffc	lw	r30,-4(r30)
 1708  00002448  4be00000	jr	r31
 1709  0000244c  54000000	nop
 1710  00002450          	.endproc _bcopy
 1711  00002450          	.align 2
 1712  00002450          	.proc _bzero
 1713  00002450          	.global _bzero
 1714  00002450          	_bzero:
 1715                      ;  Function 'bzero'; 0 bytes of locals, 1 regs to save.
 1716  00002450  afbefffc	sw	-4(r29),r30; push fp
 1717  00002454  001df020	add	r30,r0,r29; fp = sp
 1718  00002458  afbffff8	sw	-8(r29),r31; push ret addr
 1719  0000245c  2fbd0010	subui	r29,r29,#16; alloc local storage
 1720  00002460  afa20000	sw	0(r29),r2
 1721  00002464  54000000	nop
 1722  00002468          	L105_LF2:
 1723  00002468  8fc10004	lw	r1,4(r30)
 1724  0000246c  2022ffff	addi	r2,r1,#-1
 1725  00002470  afc20004	sw	4(r30),r2
 1726  00002474  6c210000	sgti	r1,r1,#0
 1727  00002478  1420000c	bnez	r1,L107_LF2
 1728  0000247c  54000000	nop; delay slot nop
 1729  00002480  08000020	j	L106_LF2
 1730  00002484  54000000	nop; delay slot nop
 1731  00002488          	L107_LF2:
 1732  00002488  8fc10000	lw	r1,(r30)
 1733  0000248c  20220001	addi	r2,r1,#1
 1734  00002490  afc20000	sw	(r30),r2
 1735  00002494  20020000	addi	r2,r0,(#0x0)&0xff
 1736  00002498  a0220000	sb	(r1),r2
 1737  0000249c  0bffffc8	j	L105_LF2
 1738  000024a0  54000000	nop; delay slot nop
 1739  000024a4          	L106_LF2:
 1740  000024a4          	L104_LF2:
 1741  000024a4  8fa20000	lw	r2,0(r29)
 1742  000024a8  8fdffff8	lw	r31,-8(r30)
 1743  000024ac  001ee820	add	r29,r0,r30
 1744  000024b0  8fdefffc	lw	r30,-4(r30)
 1745  000024b4  4be00000	jr	r31
 1746  000024b8  54000000	nop
 1747  000024bc          	.endproc _bzero
 1748  000024bc          	.align 2
 1749  000024bc          	.proc _min
 1750  000024bc          	.global _min
 1751  000024bc          	_min:
 1752                      ;  Function 'min'; 0 bytes of locals, 2 regs to save.
 1753  000024bc  afbefffc	sw	-4(r29),r30; push fp
 1754  000024c0  001df020	add	r30,r0,r29; fp = sp
 1755  000024c4  afbffff8	sw	-8(r29),r31; push ret addr
 1756  000024c8  2fbd0010	subui	r29,r29,#16; alloc local storage
 1757  000024cc  afa20000	sw	0(r29),r2
 1758  000024d0  afa30004	sw	4(r29),r3
 1759  000024d4  8fc10000	lw	r1,(r30)
 1760  000024d8  8fc20004	lw	r2,4(r30)
 1761  000024dc  0022182c	sle	r3,r1,r2
 1762  000024e0  14600008	bnez	r3,L109_LF2
 1763  000024e4  54000000	nop; delay slot nop
 1764  000024e8  8fc10004	lw	r1,4(r30)
 1765  000024ec          	L109_LF2:
 1766  000024ec  08000004	j	L108_LF2
 1767  000024f0  54000000	nop; delay slot nop
 1768  000024f4          	L108_LF2:
 1769  000024f4  8fa20000	lw	r2,0(r29)
 1770  000024f8  8fa30004	lw	r3,4(r29)
 1771  000024fc  8fdffff8	lw	r31,-8(r30)
 1772  00002500  001ee820	add	r29,r0,r30
 1773  00002504  8fdefffc	lw	r30,-4(r30)
 1774  00002508  4be00000	jr	r31
 1775  0000250c  54000000	nop
 1776  00002510          	.endproc _min
 1777                      ;;; Ethan L. Miller, 1999.  Released to the public domain
 1778                      ;;;
 1779                      ;;; Most of the traps are called in files from libtraps.
 1782  00002510          	.align 2
 1783  00002510          	.proc _exit
 1784  00002510          	.global _exit
 1785  00002510          	_exit:
 1786  00002510  44000300	trap	#0x300
 1787  00002514  4be00000	jr	r31
 1788  00002518  54000000	nop
 1789  0000251c          	.endproc _exit
 1791                      ; for the benefit of gcc.
 1792  0000251c          	.proc ___main
 1793  0000251c          	.global ___main
 1794  0000251c          	___main:
 1795  0000251c  4be00000	jr	r31
 1796  00002520  54000000	nop
 1797  00002524          	.endproc ___main
 1798  00002524          	.text
 1799  00002524          	.global _etext
 1800  00002524          	_etext:
 1801  00002524          	.align 3
 1802  00002528          	.data
 1803  00003232          	.global _edata
 1804  00003232          	_edata:
