 line   address	contents
    1                      ; Linked by DLX-LD.
    2                      ; MemSize 24576
    3                      ; Data size: 317
    4                      ; Text size: 4760
    5                      ; Stack size: 8192
    6  00000000          	.text 0x1000
    7  00001000          	.data 0x3000
    8                      ; Compiled by GCC
    9  00003000          	.text
   10  00001000          	.align 2
   11  00001000          	.proc _isspace
   12  00001000          	.global _isspace
   13  00001000          	_isspace:
   14                      ;  Function 'isspace'; 0 bytes of locals, 1 regs to save.
   15  00001000  afbefffc	sw	-4(r29),r30; push fp
   16  00001004  001df020	add	r30,r0,r29; fp = sp
   17  00001008  afbffff8	sw	-8(r29),r31; push ret addr
   18  0000100c  2fbd0010	subui	r29,r29,#16; alloc local storage
   19  00001010  afa20000	sw	0(r29),r2
   20  00001014  83c20003	lb	r2,3(r30)
   21  00001018  201f0000	addi	r31,r0,#0
   22  0000101c  304100ff	andi	r1,r2,#0x00ff
   23  00001020  60210020	seqi	r1,r1,#32
   24  00001024  14200018	bnez	r1,L6_LF0
   25  00001028  54000000	nop; not filled.
   26  0000102c  2041fff7	addi	r1,r2,#-9
   27  00001030  302100ff	andi	r1,r1,#0x00ff
   28  00001034  70210001	sleui	r1,r1,#1
   29  00001038  10200008	beqz	r1,L5_LF0
   30  0000103c  54000000	nop; not filled.
   31  00001040          	L6_LF0:
   32  00001040  201f0001	addi	r31,r0,#1
   33  00001044          	L5_LF0:
   34  00001044  001f0820	add	r1,r0,r31
   35  00001048  8fa20000	lw	r2,0(r29)
   36  0000104c  8fdffff8	lw	r31,-8(r30)
   37  00001050  001ee820	add	r29,r0,r30
   38  00001054  8fdefffc	lw	r30,-4(r30)
   39  00001058  4be00000	jr	r31
   40  0000105c  54000000	nop
   41  00001060          	.endproc _isspace
   42  00001060          	.align 2
   43  00001060          	.proc _isxdigit
   44  00001060          	.global _isxdigit
   45  00001060          	_isxdigit:
   46                      ;  Function 'isxdigit'; 0 bytes of locals, 1 regs to save.
   47  00001060  afbefffc	sw	-4(r29),r30; push fp
   48  00001064  001df020	add	r30,r0,r29; fp = sp
   49  00001068  afbffff8	sw	-8(r29),r31; push ret addr
   50  0000106c  2fbd0010	subui	r29,r29,#16; alloc local storage
   51  00001070  afa20000	sw	0(r29),r2
   52  00001074  83df0003	lb	r31,3(r30)
   53  00001078  20020000	addi	r2,r0,#0
   54  0000107c  23e1ffd0	addi	r1,r31,#-48
   55  00001080  302100ff	andi	r1,r1,#0x00ff
   56  00001084  70210009	sleui	r1,r1,#9
   57  00001088  14200028	bnez	r1,L12_LF0
   58  0000108c  54000000	nop; not filled.
   59  00001090  23e1ff9f	addi	r1,r31,#-97
   60  00001094  302100ff	andi	r1,r1,#0x00ff
   61  00001098  70210005	sleui	r1,r1,#5
   62  0000109c  14200014	bnez	r1,L12_LF0
   63  000010a0  54000000	nop; not filled.
   64  000010a4  33e100ff	andi	r1,r31,#0x00ff
   65  000010a8  64210041	snei	r1,r1,#65
   66  000010ac  14200008	bnez	r1,L11_LF0
   67  000010b0  54000000	nop; not filled.
   68  000010b4          	L12_LF0:
   69  000010b4  20020001	addi	r2,r0,#1
   70  000010b8          	L11_LF0:
   71  000010b8  00020820	add	r1,r0,r2
   72  000010bc  8fa20000	lw	r2,0(r29)
   73  000010c0  8fdffff8	lw	r31,-8(r30)
   74  000010c4  001ee820	add	r29,r0,r30
   75  000010c8  8fdefffc	lw	r30,-4(r30)
   76  000010cc  4be00000	jr	r31
   77  000010d0  54000000	nop
   78  000010d4          	.endproc _isxdigit
   79  000010d4          	.data
   80  00003000          	.align 2
   81  00003000          	LC0_LF0:
   82  00003000  55736167	.ascii "Usage: \000"
   82  00003004  653a2000	
   83  00003008          	.align 2
   84  00003008          	LC1_LF0:
   85  00003008  42616420	.ascii "Bad semaphore of hydro sem wait (%d) in reaction 1\000"
   85  0000300c  73656d61	
   85  00003010  70686f72	
   85  00003014  65206f66	
   85  00003018  20687964	
   85  0000301c  726f2073	
   85  00003020  656d2077	
   85  00003024  61697420	
   85  00003028  28256429	
   85  0000302c  20696e20	
   85  00003030  72656163	
   85  00003034  74696f6e	
   85  00003038  203100  	
   86  0000303b          	.align 2
   87  0000303c          	LC2_LF0:
   88  0000303c  0a00    	.ascii "\n\000"
   89  0000303e          	.align 2
   90  00003040          	LC3_LF0:
   91  00003040  42616420	.ascii "Bad semaphore for H increment in reaction 1 : (%d) \000"
   91  00003044  73656d61	
   91  00003048  70686f72	
   91  0000304c  6520666f	
   91  00003050  72204820	
   91  00003054  696e6372	
   91  00003058  656d656e	
   91  0000305c  7420696e	
   91  00003060  20726561	
   91  00003064  6374696f	
   91  00003068  6e203120	
   91  0000306c  3a202825	
   91  00003070  64292000	
   92  00003074          	.align 2
   93  00003074          	LC4_LF0:
   94  00003074  2c206578	.ascii ", exiting...\n\000"
   94  00003078  6974696e	
   94  0000307c  672e2e2e	
   94  00003080  0a00    	
   95  00003082          	.align 2
   96  00003084          	LC5_LF0:
   97  00003084  43726561	.ascii "Created new hydrogen (H2) molecule\n\000"
   97  00003088  74656420	
   97  0000308c  6e657720	
   97  00003090  68796472	
   97  00003094  6f67656e	
   97  00003098  20284832	
   97  0000309c  29206d6f	
   97  000030a0  6c656375	
   97  000030a4  6c650a00	
   98  000030a8          	.align 2
   99  000030a8          	LC6_LF0:
  100  000030a8  42616420	.ascii "Bad semaphore for O increment in in reaction 1 : (%d) \000"
  100  000030ac  73656d61	
  100  000030b0  70686f72	
  100  000030b4  6520666f	
  100  000030b8  72204f20	
  100  000030bc  696e6372	
  100  000030c0  656d656e	
  100  000030c4  7420696e	
  100  000030c8  20696e20	
  100  000030cc  72656163	
  100  000030d0  74696f6e	
  100  000030d4  2031203a	
  100  000030d8  20282564	
  100  000030dc  292000  	
  101  000030df          	.align 2
  102  000030e0          	LC7_LF0:
  103  000030e0  43726561	.ascii "Created new oxygen (O2) molecule\n\000"
  103  000030e4  74656420	
  103  000030e8  6e657720	
  103  000030ec  6f787967	
  103  000030f0  656e2028	
  103  000030f4  4f322920	
  103  000030f8  6d6f6c65	
  103  000030fc  63756c65	
  103  00003100  0a00    	
  104  00003102          	.align 2
  105  00003104          	LC8_LF0:
  106  00003104  42616420	.ascii "Bad semaphore for proc sem increment in reaction 1 : %d \000"
  106  00003108  73656d61	
  106  0000310c  70686f72	
  106  00003110  6520666f	
  106  00003114  72207072	
  106  00003118  6f632073	
  106  0000311c  656d2069	
  106  00003120  6e637265	
  106  00003124  6d656e74	
  106  00003128  20696e20	
  106  0000312c  72656163	
  106  00003130  74696f6e	
  106  00003134  2031203a	
  106  00003138  20256420	
  106  0000313c  00      	
  107  0000313d          	.text
  108  000010d4          	.align 2
  109  000010d4          	.proc _main
  110  000010d4          	.global _main
  111  000010d4          	_main:
  112                      ;  Function 'main'; 0 bytes of locals, 0 regs to save.
  113  000010d4  afbefffc	sw	-4(r29),r30; push fp
  114  000010d8  001df020	add	r30,r0,r29; fp = sp
  115  000010dc  afbffff8	sw	-8(r29),r31; push ret addr
  116  000010e0  2fbd0008	subui	r29,r29,#8; alloc local storage
  117  000010e4  8fc20000	lw	r2,(r30)
  118  000010e8  8fc40004	lw	r4,4(r30)
  119  000010ec  0c0011a0	jal	___main
  120  000010f0  54000000	nop; not filled.
  121  000010f4  64410006	snei	r1,r2,#6
  122  000010f8  10200038	beqz	r1,L14_LF0
  123  000010fc  54000000	nop; not filled.
  124  00001100  23bdfff8	addi	r29,r29,#-8
  125  00001104  3c0a0000	lhi	r10,((LC0_LF0)>>16)&0xffff
  126  00001108  254a3000	addui	r10,r10,(LC0_LF0)&0xffff
  127  0000110c  afaa0000	sw	(r29),r10
  128  00001110  0c000374	jal	_Printf
  129  00001114  54000000	nop; not filled.
  130  00001118  8c8a0000	lw	r10,(r4)
  131  0000111c  afaa0000	sw	(r29),r10
  132  00001120  0c000364	jal	_Printf
  133  00001124  54000000	nop; not filled.
  134  00001128  0c000410	jal	_Exit
  135  0000112c  54000000	nop; not filled.
  136  00001130  23bd0008	addi	r29,r29,#8
  137  00001134          	L14_LF0:
  138  00001134  23bdfff0	addi	r29,r29,#-16
  139  00001138  8c8a0004	lw	r10,4(r4)
  140  0000113c  afaa0000	sw	(r29),r10
  141  00001140  200a0000	addi	r10,r0,#0
  142  00001144  afaa0004	sw	4(r29),r10
  143  00001148  200a000a	addi	r10,r0,#10
  144  0000114c  afaa0008	sw	8(r29),r10
  145  00001150  0c000c94	jal	_dstrtol
  146  00001154  54000000	nop; not filled.
  147  00001158  00014020	add	r8,r0,r1
  148  0000115c  8c8a0008	lw	r10,8(r4)
  149  00001160  afaa0000	sw	(r29),r10
  150  00001164  200a0000	addi	r10,r0,#0
  151  00001168  afaa0004	sw	4(r29),r10
  152  0000116c  200a000a	addi	r10,r0,#10
  153  00001170  afaa0008	sw	8(r29),r10
  154  00001174  0c000c70	jal	_dstrtol
  155  00001178  54000000	nop; not filled.
  156  0000117c  00012820	add	r5,r0,r1
  157  00001180  8c8a000c	lw	r10,12(r4)
  158  00001184  afaa0000	sw	(r29),r10
  159  00001188  200a0000	addi	r10,r0,#0
  160  0000118c  afaa0004	sw	4(r29),r10
  161  00001190  200a000a	addi	r10,r0,#10
  162  00001194  afaa0008	sw	8(r29),r10
  163  00001198  0c000c4c	jal	_dstrtol
  164  0000119c  54000000	nop; not filled.
  165  000011a0  00013820	add	r7,r0,r1
  166  000011a4  8c8a0010	lw	r10,16(r4)
  167  000011a8  afaa0000	sw	(r29),r10
  168  000011ac  200a0000	addi	r10,r0,#0
  169  000011b0  afaa0004	sw	4(r29),r10
  170  000011b4  200a000a	addi	r10,r0,#10
  171  000011b8  afaa0008	sw	8(r29),r10
  172  000011bc  0c000c28	jal	_dstrtol
  173  000011c0  54000000	nop; not filled.
  174  000011c4  00013020	add	r6,r0,r1
  175  000011c8  8c8a0014	lw	r10,20(r4)
  176  000011cc  afaa0000	sw	(r29),r10
  177  000011d0  200a0000	addi	r10,r0,#0
  178  000011d4  afaa0004	sw	4(r29),r10
  179  000011d8  200a000a	addi	r10,r0,#10
  180  000011dc  afaa0008	sw	8(r29),r10
  181  000011e0  0c000c04	jal	_dstrtol
  182  000011e4  54000000	nop; not filled.
  183  000011e8  00014820	add	r9,r0,r1
  184  000011ec  20030000	addi	r3,r0,#0
  185  000011f0  23bd0010	addi	r29,r29,#16
  186  000011f4  0068082a	slt	r1,r3,r8
  187  000011f8  102001c8	beqz	r1,L16_LF0
  188  000011fc  54000000	nop; not filled.
  189  00001200          	L18_LF0:
  190  00001200  23bdfff8	addi	r29,r29,#-8
  191  00001204  afa50000	sw	(r29),r5
  192  00001208  0c0002c4	jal	_sem_wait
  193  0000120c  54000000	nop; not filled.
  194  00001210  23bd0008	addi	r29,r29,#8
  195  00001214  64210001	snei	r1,r1,#1
  196  00001218  10200050	beqz	r1,L19_LF0
  197  0000121c  54000000	nop; not filled.
  198  00001220  23bdfff8	addi	r29,r29,#-8
  199  00001224  3c0a0000	lhi	r10,((LC1_LF0)>>16)&0xffff
  200  00001228  254a3008	addui	r10,r10,(LC1_LF0)&0xffff
  201  0000122c  afaa0000	sw	(r29),r10
  202  00001230  afa50004	sw	4(r29),r5
  203  00001234  0c000250	jal	_Printf
  204  00001238  54000000	nop; not filled.
  205  0000123c  8c8a0000	lw	r10,(r4)
  206  00001240  afaa0000	sw	(r29),r10
  207  00001244  0c000240	jal	_Printf
  208  00001248  54000000	nop; not filled.
  209  0000124c  3c0a0000	lhi	r10,((LC2_LF0)>>16)&0xffff
  210  00001250  254a303c	addui	r10,r10,(LC2_LF0)&0xffff
  211  00001254  afaa0000	sw	(r29),r10
  212  00001258  0c00022c	jal	_Printf
  213  0000125c  54000000	nop; not filled.
  214  00001260  0c0002d8	jal	_Exit
  215  00001264  54000000	nop; not filled.
  216  00001268  23bd0008	addi	r29,r29,#8
  217  0000126c          	L19_LF0:
  218  0000126c  20020000	addi	r2,r0,#0
  219  00001270          	L23_LF0:
  220  00001270  23bdfff8	addi	r29,r29,#-8
  221  00001274  afa70000	sw	(r29),r7
  222  00001278  0c000260	jal	_sem_signal
  223  0000127c  54000000	nop; not filled.
  224  00001280  23bd0008	addi	r29,r29,#8
  225  00001284  64210001	snei	r1,r1,#1
  226  00001288  10200058	beqz	r1,L24_LF0
  227  0000128c  54000000	nop; not filled.
  228  00001290  0c000200	jal	_getpid
  229  00001294  54000000	nop; not filled.
  230  00001298  23bdfff8	addi	r29,r29,#-8
  231  0000129c  3c0a0000	lhi	r10,((LC3_LF0)>>16)&0xffff
  232  000012a0  254a3040	addui	r10,r10,(LC3_LF0)&0xffff
  233  000012a4  afaa0000	sw	(r29),r10
  234  000012a8  afa10004	sw	4(r29),r1
  235  000012ac  0c0001d8	jal	_Printf
  236  000012b0  54000000	nop; not filled.
  237  000012b4  8c8a0000	lw	r10,(r4)
  238  000012b8  afaa0000	sw	(r29),r10
  239  000012bc  0c0001c8	jal	_Printf
  240  000012c0  54000000	nop; not filled.
  241  000012c4  3c0a0000	lhi	r10,((LC4_LF0)>>16)&0xffff
  242  000012c8  254a3074	addui	r10,r10,(LC4_LF0)&0xffff
  243  000012cc  afaa0000	sw	(r29),r10
  244  000012d0  0c0001b4	jal	_Printf
  245  000012d4  54000000	nop; not filled.
  246  000012d8  0c000260	jal	_Exit
  247  000012dc  54000000	nop; not filled.
  248  000012e0  23bd0008	addi	r29,r29,#8
  249  000012e4          	L24_LF0:
  250  000012e4  23bdfff8	addi	r29,r29,#-8
  251  000012e8  3c0a0000	lhi	r10,((LC5_LF0)>>16)&0xffff
  252  000012ec  254a3084	addui	r10,r10,(LC5_LF0)&0xffff
  253  000012f0  afaa0000	sw	(r29),r10
  254  000012f4  0c000190	jal	_Printf
  255  000012f8  54000000	nop; not filled.
  256  000012fc  23bd0008	addi	r29,r29,#8
  257  00001300  20420001	addi	r2,r2,#1
  258  00001304  70410001	slei	r1,r2,#1
  259  00001308  1420ff64	bnez	r1,L23_LF0
  260  0000130c  54000000	nop; not filled.
  261  00001310  20020000	addi	r2,r0,#0
  262  00001314          	L29_LF0:
  263  00001314  23bdfff8	addi	r29,r29,#-8
  264  00001318  afa60000	sw	(r29),r6
  265  0000131c  0c0001bc	jal	_sem_signal
  266  00001320  54000000	nop; not filled.
  267  00001324  23bd0008	addi	r29,r29,#8
  268  00001328  64210001	snei	r1,r1,#1
  269  0000132c  10200058	beqz	r1,L30_LF0
  270  00001330  54000000	nop; not filled.
  271  00001334  0c00015c	jal	_getpid
  272  00001338  54000000	nop; not filled.
  273  0000133c  23bdfff8	addi	r29,r29,#-8
  274  00001340  3c0a0000	lhi	r10,((LC6_LF0)>>16)&0xffff
  275  00001344  254a30a8	addui	r10,r10,(LC6_LF0)&0xffff
  276  00001348  afaa0000	sw	(r29),r10
  277  0000134c  afa10004	sw	4(r29),r1
  278  00001350  0c000134	jal	_Printf
  279  00001354  54000000	nop; not filled.
  280  00001358  8c8a0000	lw	r10,(r4)
  281  0000135c  afaa0000	sw	(r29),r10
  282  00001360  0c000124	jal	_Printf
  283  00001364  54000000	nop; not filled.
  284  00001368  3c0a0000	lhi	r10,((LC4_LF0)>>16)&0xffff
  285  0000136c  254a3074	addui	r10,r10,(LC4_LF0)&0xffff
  286  00001370  afaa0000	sw	(r29),r10
  287  00001374  0c000110	jal	_Printf
  288  00001378  54000000	nop; not filled.
  289  0000137c  0c0001bc	jal	_Exit
  290  00001380  54000000	nop; not filled.
  291  00001384  23bd0008	addi	r29,r29,#8
  292  00001388          	L30_LF0:
  293  00001388  23bdfff8	addi	r29,r29,#-8
  294  0000138c  3c0a0000	lhi	r10,((LC7_LF0)>>16)&0xffff
  295  00001390  254a30e0	addui	r10,r10,(LC7_LF0)&0xffff
  296  00001394  afaa0000	sw	(r29),r10
  297  00001398  0c0000ec	jal	_Printf
  298  0000139c  54000000	nop; not filled.
  299  000013a0  23bd0008	addi	r29,r29,#8
  300  000013a4  20420001	addi	r2,r2,#1
  301  000013a8  70410000	slei	r1,r2,#0
  302  000013ac  1420ff64	bnez	r1,L29_LF0
  303  000013b0  54000000	nop; not filled.
  304  000013b4  20630001	addi	r3,r3,#1
  305  000013b8  0068082a	slt	r1,r3,r8
  306  000013bc  1420fe40	bnez	r1,L18_LF0
  307  000013c0  54000000	nop; not filled.
  308  000013c4          	L16_LF0:
  309  000013c4  23bdfff8	addi	r29,r29,#-8
  310  000013c8  afa90000	sw	(r29),r9
  311  000013cc  0c00010c	jal	_sem_signal
  312  000013d0  54000000	nop; not filled.
  313  000013d4  23bd0008	addi	r29,r29,#8
  314  000013d8  64210001	snei	r1,r1,#1
  315  000013dc  10200058	beqz	r1,L33_LF0
  316  000013e0  54000000	nop; not filled.
  317  000013e4  0c0000ac	jal	_getpid
  318  000013e8  54000000	nop; not filled.
  319  000013ec  23bdfff8	addi	r29,r29,#-8
  320  000013f0  3c0a0000	lhi	r10,((LC8_LF0)>>16)&0xffff
  321  000013f4  254a3104	addui	r10,r10,(LC8_LF0)&0xffff
  322  000013f8  afaa0000	sw	(r29),r10
  323  000013fc  afa10004	sw	4(r29),r1
  324  00001400  0c000084	jal	_Printf
  325  00001404  54000000	nop; not filled.
  326  00001408  8c840000	lw	r4,(r4)
  327  0000140c  afa40000	sw	(r29),r4
  328  00001410  0c000074	jal	_Printf
  329  00001414  54000000	nop; not filled.
  330  00001418  3c0a0000	lhi	r10,((LC4_LF0)>>16)&0xffff
  331  0000141c  254a3074	addui	r10,r10,(LC4_LF0)&0xffff
  332  00001420  afaa0000	sw	(r29),r10
  333  00001424  0c000060	jal	_Printf
  334  00001428  54000000	nop; not filled.
  335  0000142c  0c00010c	jal	_Exit
  336  00001430  54000000	nop; not filled.
  337  00001434  23bd0008	addi	r29,r29,#8
  338  00001438          	L33_LF0:
  339  00001438  0c000e48	jal	_exit
  340  0000143c  54000000	nop
  341  00001440          	.endproc _main
  342                      ;;;
  343                      ;;; Stub functions for DLX traps.
  344                      ;;;
  345                      ;;; Ethan L. Miller, 1999.  Released to the public domain.
  346                      ;;;
  347                      ;;; The traps such as Open and Close
  348                      ;;; (note the capital letters) are for use by user programs.  The traps
  349                      ;;; with names such as open and close (lower case) are for use by the OS.
  350                      ;;;
  353  00001440          	.align 2
  355                      ;;; The following are the traps to be used by user-level programs
  356                      ;;;
  358  00001440          	.align 2
  359  00001440          	.proc _Open
  360  00001440          	.global _Open
  361  00001440          	_Open:
  362                      ;;; Note that trap #0x213 actually causes a trap vector in the OS of
  363                      ;;; 0x1213.  The same is true for other user traps.  Thus, a user trap
  364                      ;;; with trap #0x240 will result in a trap vector of 0x1240 in the OS.
  365  00001440  44000213	trap	#0x213
  366  00001444  4be00000	jr	r31
  367  00001448  54000000	nop
  368  0000144c          	.endproc _Open
  370  0000144c          	.proc _Close
  371  0000144c          	.global _Close
  372  0000144c          	_Close:
  373  0000144c  44000214	trap	#0x214
  374  00001450  4be00000	jr	r31
  375  00001454  54000000	nop
  376  00001458          	.endproc _Close
  378  00001458          	.proc _Read
  379  00001458          	.global _Read
  380  00001458          	_Read:
  381  00001458  44000210	trap	#0x210
  382  0000145c  4be00000	jr	r31
  383  00001460  54000000	nop
  384  00001464          	.endproc _Read
  386  00001464          	.proc _Write
  387  00001464          	.global _Write
  388  00001464          	_Write:
  389  00001464  44000211	trap	#0x211
  390  00001468  4be00000	jr	r31
  391  0000146c  54000000	nop
  392  00001470          	.endproc _Write
  394  00001470          	.proc _Lseek
  395  00001470          	.global _Lseek
  396  00001470          	_Lseek:
  397  00001470  44000212	trap	#0x212
  398  00001474  4be00000	jr	r31
  399  00001478  54000000	nop
  400  0000147c          	.endproc _Lseek
  402  0000147c          	.proc _Putchar
  403  0000147c          	.global _Putchar
  404  0000147c          	_Putchar:
  405  0000147c  44000280	trap	#0x280
  406  00001480  4be00000	jr	r31
  407  00001484  54000000	nop
  408  00001488          	.endproc _Putchar
  410  00001488          	.proc _Printf
  411  00001488          	.global _Printf
  412  00001488          	_Printf:
  413  00001488  44000201	trap	#0x201
  414  0000148c  4be00000	jr	r31
  415  00001490  54000000	nop
  416  00001494          	.endproc _Printf
  418  00001494          	.proc _getpid
  419  00001494          	.global _getpid
  420  00001494          	_getpid:
  421  00001494  44000431	trap	#0x431
  422  00001498  4be00000	jr	r31
  423  0000149c  54000000	nop
  424  000014a0          	.endproc _getpid
  426  000014a0          	.proc _process_create
  427  000014a0          	.global _process_create
  428  000014a0          	_process_create:
  429  000014a0  44000432	trap	#0x432
  430  000014a4  4be00000	jr	r31
  431  000014a8  54000000	nop
  432  000014ac          	.endproc _process_create
  434  000014ac          	.proc _shmget
  435  000014ac          	.global _shmget
  436  000014ac          	_shmget:
  437  000014ac  44000440	trap	#0x440
  438  000014b0  4be00000	jr	r31
  439  000014b4  54000000	nop
  440  000014b8          	.endproc _shmget
  442  000014b8          	.proc _shmat
  443  000014b8          	.global _shmat
  444  000014b8          	_shmat:
  445  000014b8  44000441	trap	#0x441
  446  000014bc  4be00000	jr	r31
  447  000014c0  54000000	nop
  448  000014c4          	.endproc _shmat
  450  000014c4          	.proc _sem_create
  451  000014c4          	.global _sem_create
  452  000014c4          	_sem_create:
  453  000014c4  44000450	trap	#0x450
  454  000014c8  4be00000	jr	r31
  455  000014cc  54000000	nop
  456  000014d0          	.endproc _sem_create
  458  000014d0          	.proc _sem_wait
  459  000014d0          	.global _sem_wait
  460  000014d0          	_sem_wait:
  461  000014d0  44000451	trap	#0x451
  462  000014d4  4be00000	jr	r31
  463  000014d8  54000000	nop
  464  000014dc          	.endproc _sem_wait
  466  000014dc          	.proc _sem_signal
  467  000014dc          	.global _sem_signal
  468  000014dc          	_sem_signal:
  469  000014dc  44000452	trap	#0x452
  470  000014e0  4be00000	jr	r31
  471  000014e4  54000000	nop
  472  000014e8          	.endproc _sem_signal
  474  000014e8          	.proc _lock_create
  475  000014e8          	.global _lock_create
  476  000014e8          	_lock_create:
  477  000014e8  44000453	trap	#0x453
  478  000014ec  4be00000	jr	r31
  479  000014f0  54000000	nop
  480  000014f4          	.endproc _lock_create
  482  000014f4          	.proc _lock_acquire
  483  000014f4          	.global _lock_acquire
  484  000014f4          	_lock_acquire:
  485  000014f4  44000454	trap	#0x454
  486  000014f8  4be00000	jr	r31
  487  000014fc  54000000	nop
  488  00001500          	.endproc _lock_acquire
  490  00001500          	.proc _lock_release
  491  00001500          	.global _lock_release
  492  00001500          	_lock_release:
  493  00001500  44000455	trap	#0x455
  494  00001504  4be00000	jr	r31
  495  00001508  54000000	nop
  496  0000150c          	.endproc _lock_release
  498  0000150c          	.proc _cond_create
  499  0000150c          	.global _cond_create
  500  0000150c          	_cond_create:
  501  0000150c  44000456	trap	#0x456
  502  00001510  4be00000	jr	r31
  503  00001514  54000000	nop
  504  00001518          	.endproc _cond_create
  506  00001518          	.proc _cond_wait
  507  00001518          	.global _cond_wait
  508  00001518          	_cond_wait:
  509  00001518  44000457	trap	#0x457
  510  0000151c  4be00000	jr	r31
  511  00001520  54000000	nop
  512  00001524          	.endproc _cond_wait
  514  00001524          	.proc _cond_signal
  515  00001524          	.global _cond_signal
  516  00001524          	_cond_signal:
  517  00001524  44000458	trap	#0x458
  518  00001528  4be00000	jr	r31
  519  0000152c  54000000	nop
  520  00001530          	.endproc _cond_signal
  522  00001530          	.proc _cond_broadcast
  523  00001530          	.global _cond_broadcast
  524  00001530          	_cond_broadcast:
  525  00001530  44000459	trap	#0x459
  526  00001534  4be00000	jr	r31
  527  00001538  54000000	nop
  528  0000153c          	.endproc _cond_broadcast
  530  0000153c          	.proc _Exit
  531  0000153c          	.global _Exit
  532  0000153c          	_Exit:
  533  0000153c  44000500	trap	#0x500
  534  00001540  4be00000	jr	r31
  535  00001544  54000000	nop
  536  00001548          	.endproc _Exit
  537                      ; Compiled by GCC
  539  00001548          	.align 2
  540  00001548          	.proc _isspace
  541  00001548          	.global _isspace
  542  00001548          	_isspace:
  543                      ;  Function 'isspace'; 0 bytes of locals, 3 regs to save.
  544  00001548  afbefffc	sw	-4(r29),r30; push fp
  545  0000154c  001df020	add	r30,r0,r29; fp = sp
  546  00001550  afbffff8	sw	-8(r29),r31; push ret addr
  547  00001554  2fbd0018	subui	r29,r29,#24; alloc local storage
  548  00001558  afa20000	sw	0(r29),r2
  549  0000155c  afa30004	sw	4(r29),r3
  550  00001560  afa40008	sw	8(r29),r4
  551  00001564  83c20003	lb	r2,3(r30)
  552  00001568  20010000	addi	r1,r0,#0
  553  0000156c  304300ff	andi	r3,r2,#0x00ff
  554  00001570  60640020	seqi	r4,r3,#32
  555  00001574  1480002c	bnez	r4,L3_LF2
  556  00001578  54000000	nop; delay slot nop
  557  0000157c  304300ff	andi	r3,r2,#0x00ff
  558  00001580  60640009	seqi	r4,r3,#9
  559  00001584  1480001c	bnez	r4,L3_LF2
  560  00001588  54000000	nop; delay slot nop
  561  0000158c  304300ff	andi	r3,r2,#0x00ff
  562  00001590  6064000a	seqi	r4,r3,#10
  563  00001594  1480000c	bnez	r4,L3_LF2
  564  00001598  54000000	nop; delay slot nop
  565  0000159c  08000008	j	L2_LF2
  566  000015a0  54000000	nop; delay slot nop
  567  000015a4          	L3_LF2:
  568  000015a4  20010001	addi	r1,r0,#1
  569  000015a8          	L2_LF2:
  570  000015a8  08000004	j	L1_LF2
  571  000015ac  54000000	nop; delay slot nop
  572  000015b0          	L1_LF2:
  573  000015b0  8fa20000	lw	r2,0(r29)
  574  000015b4  8fa30004	lw	r3,4(r29)
  575  000015b8  8fa40008	lw	r4,8(r29)
  576  000015bc  8fdffff8	lw	r31,-8(r30)
  577  000015c0  001ee820	add	r29,r0,r30
  578  000015c4  8fdefffc	lw	r30,-4(r30)
  579  000015c8  4be00000	jr	r31
  580  000015cc  54000000	nop
  581  000015d0          	.endproc _isspace
  582  000015d0          	.align 2
  583  000015d0          	.proc _isxdigit
  584  000015d0          	.global _isxdigit
  585  000015d0          	_isxdigit:
  586                      ;  Function 'isxdigit'; 0 bytes of locals, 3 regs to save.
  587  000015d0  afbefffc	sw	-4(r29),r30; push fp
  588  000015d4  001df020	add	r30,r0,r29; fp = sp
  589  000015d8  afbffff8	sw	-8(r29),r31; push ret addr
  590  000015dc  2fbd0018	subui	r29,r29,#24; alloc local storage
  591  000015e0  afa20000	sw	0(r29),r2
  592  000015e4  afa30004	sw	4(r29),r3
  593  000015e8  afa40008	sw	8(r29),r4
  594  000015ec  83c20003	lb	r2,3(r30)
  595  000015f0  20010000	addi	r1,r0,#0
  596  000015f4  304300ff	andi	r3,r2,#0x00ff
  597  000015f8  6c64002f	sgtui	r4,r3,#47
  598  000015fc  1080001c	beqz	r4,L7_LF2
  599  00001600  54000000	nop; delay slot nop
  600  00001604  304300ff	andi	r3,r2,#0x00ff
  601  00001608  70640039	sleui	r4,r3,#57
  602  0000160c  1480005c	bnez	r4,L6_LF2
  603  00001610  54000000	nop; delay slot nop
  604  00001614  08000004	j	L7_LF2
  605  00001618  54000000	nop; delay slot nop
  606  0000161c          	L7_LF2:
  607  0000161c  304300ff	andi	r3,r2,#0x00ff
  608  00001620  6c640060	sgtui	r4,r3,#96
  609  00001624  1080001c	beqz	r4,L8_LF2
  610  00001628  54000000	nop; delay slot nop
  611  0000162c  304300ff	andi	r3,r2,#0x00ff
  612  00001630  70640066	sleui	r4,r3,#102
  613  00001634  14800034	bnez	r4,L6_LF2
  614  00001638  54000000	nop; delay slot nop
  615  0000163c  08000004	j	L8_LF2
  616  00001640  54000000	nop; delay slot nop
  617  00001644          	L8_LF2:
  618  00001644  304300ff	andi	r3,r2,#0x00ff
  619  00001648  6c640040	sgtui	r4,r3,#64
  620  0000164c  10800020	beqz	r4,L5_LF2
  621  00001650  54000000	nop; delay slot nop
  622  00001654  304300ff	andi	r3,r2,#0x00ff
  623  00001658  70640041	sleui	r4,r3,#65
  624  0000165c  1480000c	bnez	r4,L6_LF2
  625  00001660  54000000	nop; delay slot nop
  626  00001664  08000008	j	L5_LF2
  627  00001668  54000000	nop; delay slot nop
  628  0000166c          	L6_LF2:
  629  0000166c  20010001	addi	r1,r0,#1
  630  00001670          	L5_LF2:
  631  00001670  08000004	j	L4_LF2
  632  00001674  54000000	nop; delay slot nop
  633  00001678          	L4_LF2:
  634  00001678  8fa20000	lw	r2,0(r29)
  635  0000167c  8fa30004	lw	r3,4(r29)
  636  00001680  8fa40008	lw	r4,8(r29)
  637  00001684  8fdffff8	lw	r31,-8(r30)
  638  00001688  001ee820	add	r29,r0,r30
  639  0000168c  8fdefffc	lw	r30,-4(r30)
  640  00001690  4be00000	jr	r31
  641  00001694  54000000	nop
  642  00001698          	.endproc _isxdigit
  643  00001698          	.align 2
  644  00001698          	.proc _dstrcpy
  645  00001698          	.global _dstrcpy
  646  00001698          	_dstrcpy:
  647                      ;  Function 'dstrcpy'; 8 bytes of locals, 2 regs to save.
  648  00001698  afbefffc	sw	-4(r29),r30; push fp
  649  0000169c  001df020	add	r30,r0,r29; fp = sp
  650  000016a0  afbffff8	sw	-8(r29),r31; push ret addr
  651  000016a4  2fbd0018	subui	r29,r29,#24; alloc local storage
  652  000016a8  afa20000	sw	0(r29),r2
  653  000016ac  afa30004	sw	4(r29),r3
  654  000016b0  8fc10000	lw	r1,(r30)
  655  000016b4  afc1fff4	sw	-12(r30),r1
  656  000016b8          	L10_LF2:
  657  000016b8  8fc10000	lw	r1,(r30)
  658  000016bc  20220001	addi	r2,r1,#1
  659  000016c0  afc20000	sw	(r30),r2
  660  000016c4  8fc20004	lw	r2,4(r30)
  661  000016c8  20430001	addi	r3,r2,#1
  662  000016cc  afc30004	sw	4(r30),r3
  663  000016d0  80420000	lb	r2,(r2)
  664  000016d4  a0220000	sb	(r1),r2
  665  000016d8  a3c2fff3	sb	-13(r30),r2
  666  000016dc          	L12_LF2:
  667  000016dc  93c1fff3	lbu	r1,-13(r30)
  668  000016e0  64220000	snei	r2,r1,#0
  669  000016e4  1440000c	bnez	r2,L13_LF2
  670  000016e8  54000000	nop; delay slot nop
  671  000016ec  0800000c	j	L11_LF2
  672  000016f0  54000000	nop; delay slot nop
  673  000016f4          	L13_LF2:
  674  000016f4  0bffffc0	j	L10_LF2
  675  000016f8  54000000	nop; delay slot nop
  676  000016fc          	L11_LF2:
  677  000016fc  8fc1fff4	lw	r1,-12(r30)
  678  00001700  08000004	j	L9_LF2
  679  00001704  54000000	nop; delay slot nop
  680  00001708          	L9_LF2:
  681  00001708  8fa20000	lw	r2,0(r29)
  682  0000170c  8fa30004	lw	r3,4(r29)
  683  00001710  8fdffff8	lw	r31,-8(r30)
  684  00001714  001ee820	add	r29,r0,r30
  685  00001718  8fdefffc	lw	r30,-4(r30)
  686  0000171c  4be00000	jr	r31
  687  00001720  54000000	nop
  688  00001724          	.endproc _dstrcpy
  689  00001724          	.align 2
  690  00001724          	.proc _dstrncpy
  691  00001724          	.global _dstrncpy
  692  00001724          	_dstrncpy:
  693                      ;  Function 'dstrncpy'; 8 bytes of locals, 2 regs to save.
  694  00001724  afbefffc	sw	-4(r29),r30; push fp
  695  00001728  001df020	add	r30,r0,r29; fp = sp
  696  0000172c  afbffff8	sw	-8(r29),r31; push ret addr
  697  00001730  2fbd0018	subui	r29,r29,#24; alloc local storage
  698  00001734  afa20000	sw	0(r29),r2
  699  00001738  afa30004	sw	4(r29),r3
  700  0000173c  8fc10000	lw	r1,(r30)
  701  00001740  afc1fff4	sw	-12(r30),r1
  702  00001744          	L15_LF2:
  703  00001744  8fc10008	lw	r1,8(r30)
  704  00001748  2022ffff	addi	r2,r1,#-1
  705  0000174c  afc20008	sw	8(r30),r2
  706  00001750  70210000	slei	r1,r1,#0
  707  00001754  1020000c	beqz	r1,L18_LF2
  708  00001758  54000000	nop; delay slot nop
  709  0000175c  08000048	j	L16_LF2
  710  00001760  54000000	nop; delay slot nop
  711  00001764          	L18_LF2:
  712  00001764  8fc10000	lw	r1,(r30)
  713  00001768  20220001	addi	r2,r1,#1
  714  0000176c  afc20000	sw	(r30),r2
  715  00001770  8fc20004	lw	r2,4(r30)
  716  00001774  20430001	addi	r3,r2,#1
  717  00001778  afc30004	sw	4(r30),r3
  718  0000177c  80420000	lb	r2,(r2)
  719  00001780  a0220000	sb	(r1),r2
  720  00001784  a3c2fff3	sb	-13(r30),r2
  721  00001788          	L17_LF2:
  722  00001788  93c1fff3	lbu	r1,-13(r30)
  723  0000178c  64220000	snei	r2,r1,#0
  724  00001790  1440000c	bnez	r2,L19_LF2
  725  00001794  54000000	nop; delay slot nop
  726  00001798  0800000c	j	L16_LF2
  727  0000179c  54000000	nop; delay slot nop
  728  000017a0          	L19_LF2:
  729  000017a0  0bffffa0	j	L15_LF2
  730  000017a4  54000000	nop; delay slot nop
  731  000017a8          	L16_LF2:
  732  000017a8  8fc1fff4	lw	r1,-12(r30)
  733  000017ac  08000004	j	L14_LF2
  734  000017b0  54000000	nop; delay slot nop
  735  000017b4          	L14_LF2:
  736  000017b4  8fa20000	lw	r2,0(r29)
  737  000017b8  8fa30004	lw	r3,4(r29)
  738  000017bc  8fdffff8	lw	r31,-8(r30)
  739  000017c0  001ee820	add	r29,r0,r30
  740  000017c4  8fdefffc	lw	r30,-4(r30)
  741  000017c8  4be00000	jr	r31
  742  000017cc  54000000	nop
  743  000017d0          	.endproc _dstrncpy
  744  000017d0          	.align 2
  745  000017d0          	.proc _dstrcat
  746  000017d0          	.global _dstrcat
  747  000017d0          	_dstrcat:
  748                      ;  Function 'dstrcat'; 8 bytes of locals, 1 regs to save.
  749  000017d0  afbefffc	sw	-4(r29),r30; push fp
  750  000017d4  001df020	add	r30,r0,r29; fp = sp
  751  000017d8  afbffff8	sw	-8(r29),r31; push ret addr
  752  000017dc  2fbd0018	subui	r29,r29,#24; alloc local storage
  753  000017e0  afa20000	sw	0(r29),r2
  754  000017e4  8fc10000	lw	r1,(r30)
  755  000017e8  afc1fff4	sw	-12(r30),r1
  756  000017ec          	L21_LF2:
  757  000017ec  8fc10000	lw	r1,(r30)
  758  000017f0  90220000	lbu	r2,(r1)
  759  000017f4  64410000	snei	r1,r2,#0
  760  000017f8  1420000c	bnez	r1,L23_LF2
  761  000017fc  54000000	nop; delay slot nop
  762  00001800  0800001c	j	L22_LF2
  763  00001804  54000000	nop; delay slot nop
  764  00001808          	L23_LF2:
  765  00001808  8fc20000	lw	r2,(r30)
  766  0000180c  20410001	addi	r1,r2,#1
  767  00001810  00011020	add	r2,r0,r1
  768  00001814  afc20000	sw	(r30),r2
  769  00001818  0bffffd0	j	L21_LF2
  770  0000181c  54000000	nop; delay slot nop
  771  00001820          	L22_LF2:
  772  00001820  23bdfff8	addi	r29,r29,#-8
  773  00001824  001d0820	add	r1,r0,r29
  774  00001828  8fc20000	lw	r2,(r30)
  775  0000182c  ac220000	sw	(r1),r2
  776  00001830  8fc20004	lw	r2,4(r30)
  777  00001834  ac220004	sw	4(r1),r2
  778  00001838  0ffffe5c	jal	_dstrcpy
  779  0000183c  54000000	nop; delay slot nop
  780  00001840  23bd0008	addi	r29,r29,#8
  781  00001844  8fc1fff4	lw	r1,-12(r30)
  782  00001848  08000004	j	L20_LF2
  783  0000184c  54000000	nop; delay slot nop
  784  00001850          	L20_LF2:
  785  00001850  8fa20000	lw	r2,0(r29)
  786  00001854  8fdffff8	lw	r31,-8(r30)
  787  00001858  001ee820	add	r29,r0,r30
  788  0000185c  8fdefffc	lw	r30,-4(r30)
  789  00001860  4be00000	jr	r31
  790  00001864  54000000	nop
  791  00001868          	.endproc _dstrcat
  792  00001868          	.align 2
  793  00001868          	.proc _dstrncmp
  794  00001868          	.global _dstrncmp
  795  00001868          	_dstrncmp:
  796                      ;  Function 'dstrncmp'; 8 bytes of locals, 2 regs to save.
  797  00001868  afbefffc	sw	-4(r29),r30; push fp
  798  0000186c  001df020	add	r30,r0,r29; fp = sp
  799  00001870  afbffff8	sw	-8(r29),r31; push ret addr
  800  00001874  2fbd0018	subui	r29,r29,#24; alloc local storage
  801  00001878  afa20000	sw	0(r29),r2
  802  0000187c  afa30004	sw	4(r29),r3
  803  00001880  54000000	nop
  804  00001884  20010000	addi	r1,r0,#0
  805  00001888  afc1fff4	sw	-12(r30),r1
  806  0000188c          	L25_LF2:
  807  0000188c  8fc1fff4	lw	r1,-12(r30)
  808  00001890  8fc20008	lw	r2,8(r30)
  809  00001894  0022082a	slt	r1,r1,r2
  810  00001898  1420000c	bnez	r1,L28_LF2
  811  0000189c  54000000	nop; delay slot nop
  812  000018a0  08000088	j	L26_LF2
  813  000018a4  54000000	nop; delay slot nop
  814  000018a8          	L28_LF2:
  815  000018a8  8fc10004	lw	r1,4(r30)
  816  000018ac  90220000	lbu	r2,(r1)
  817  000018b0  64410000	snei	r1,r2,#0
  818  000018b4  14200018	bnez	r1,L29_LF2
  819  000018b8  54000000	nop; delay slot nop
  820  000018bc  20010000	addi	r1,r0,#0
  821  000018c0  080000d8	j	L24_LF2
  822  000018c4  54000000	nop; delay slot nop
  823  000018c8  08000028	j	L30_LF2
  824  000018cc  54000000	nop; delay slot nop
  825  000018d0          	L29_LF2:
  826  000018d0  8fc10000	lw	r1,(r30)
  827  000018d4  8fc20004	lw	r2,4(r30)
  828  000018d8  90210000	lbu	r1,(r1)
  829  000018dc  90420000	lbu	r2,(r2)
  830  000018e0  00220829	sne	r1,r1,r2
  831  000018e4  1020000c	beqz	r1,L30_LF2
  832  000018e8  54000000	nop; delay slot nop
  833  000018ec  0800003c	j	L26_LF2
  834  000018f0  54000000	nop; delay slot nop
  835  000018f4          	L31_LF2:
  836  000018f4          	L30_LF2:
  837  000018f4  8fc20000	lw	r2,(r30)
  838  000018f8  20410001	addi	r1,r2,#1
  839  000018fc  00011020	add	r2,r0,r1
  840  00001900  afc20000	sw	(r30),r2
  841  00001904  8fc20004	lw	r2,4(r30)
  842  00001908  20410001	addi	r1,r2,#1
  843  0000190c  00011020	add	r2,r0,r1
  844  00001910  afc20004	sw	4(r30),r2
  845  00001914          	L27_LF2:
  846  00001914  8fc2fff4	lw	r2,-12(r30)
  847  00001918  20410001	addi	r1,r2,#1
  848  0000191c  00011020	add	r2,r0,r1
  849  00001920  afc2fff4	sw	-12(r30),r2
  850  00001924  0bffff64	j	L25_LF2
  851  00001928  54000000	nop; delay slot nop
  852  0000192c          	L26_LF2:
  853  0000192c  8fc1fff4	lw	r1,-12(r30)
  854  00001930  8fc20008	lw	r2,8(r30)
  855  00001934  00220828	seq	r1,r1,r2
  856  00001938  10200018	beqz	r1,L32_LF2
  857  0000193c  54000000	nop; delay slot nop
  858  00001940  20010000	addi	r1,r0,#0
  859  00001944  08000054	j	L24_LF2
  860  00001948  54000000	nop; delay slot nop
  861  0000194c  0800004c	j	L33_LF2
  862  00001950  54000000	nop; delay slot nop
  863  00001954          	L32_LF2:
  864  00001954  8fc20000	lw	r2,(r30)
  865  00001958  90410000	lbu	r1,(r2)
  866  0000195c  8fc20004	lw	r2,4(r30)
  867  00001960  90430000	lbu	r3,(r2)
  868  00001964  00230822	sub	r1,r1,r3
  869  00001968  74220000	sgei	r2,r1,#0
  870  0000196c  10400020	beqz	r2,L34_LF2
  871  00001970  54000000	nop; delay slot nop
  872  00001974  8fc10000	lw	r1,(r30)
  873  00001978  8fc20004	lw	r2,4(r30)
  874  0000197c  90210000	lbu	r1,(r1)
  875  00001980  90420000	lbu	r2,(r2)
  876  00001984  00220829	sne	r1,r1,r2
  877  00001988  08000008	j	L35_LF2
  878  0000198c  54000000	nop; delay slot nop
  879  00001990          	L34_LF2:
  880  00001990  2001ffff	addi	r1,r0,#-1
  881  00001994          	L35_LF2:
  882  00001994  08000004	j	L24_LF2
  883  00001998  54000000	nop; delay slot nop
  884  0000199c          	L33_LF2:
  885  0000199c          	L24_LF2:
  886  0000199c  8fa20000	lw	r2,0(r29)
  887  000019a0  8fa30004	lw	r3,4(r29)
  888  000019a4  8fdffff8	lw	r31,-8(r30)
  889  000019a8  001ee820	add	r29,r0,r30
  890  000019ac  8fdefffc	lw	r30,-4(r30)
  891  000019b0  4be00000	jr	r31
  892  000019b4  54000000	nop
  893  000019b8          	.endproc _dstrncmp
  894  000019b8          	.align 2
  895  000019b8          	.proc _dstrlen
  896  000019b8          	.global _dstrlen
  897  000019b8          	_dstrlen:
  898                      ;  Function 'dstrlen'; 8 bytes of locals, 1 regs to save.
  899  000019b8  afbefffc	sw	-4(r29),r30; push fp
  900  000019bc  001df020	add	r30,r0,r29; fp = sp
  901  000019c0  afbffff8	sw	-8(r29),r31; push ret addr
  902  000019c4  2fbd0018	subui	r29,r29,#24; alloc local storage
  903  000019c8  afa20000	sw	0(r29),r2
  904  000019cc  20010000	addi	r1,r0,#0
  905  000019d0  afc1fff4	sw	-12(r30),r1
  906  000019d4          	L37_LF2:
  907  000019d4  8fc10000	lw	r1,(r30)
  908  000019d8  20220001	addi	r2,r1,#1
  909  000019dc  afc20000	sw	(r30),r2
  910  000019e0  90210000	lbu	r1,(r1)
  911  000019e4  64220000	snei	r2,r1,#0
  912  000019e8  1440000c	bnez	r2,L39_LF2
  913  000019ec  54000000	nop; delay slot nop
  914  000019f0  0800001c	j	L38_LF2
  915  000019f4  54000000	nop; delay slot nop
  916  000019f8          	L39_LF2:
  917  000019f8  8fc2fff4	lw	r2,-12(r30)
  918  000019fc  20410001	addi	r1,r2,#1
  919  00001a00  00011020	add	r2,r0,r1
  920  00001a04  afc2fff4	sw	-12(r30),r2
  921  00001a08  0bffffc8	j	L37_LF2
  922  00001a0c  54000000	nop; delay slot nop
  923  00001a10          	L38_LF2:
  924  00001a10  8fc1fff4	lw	r1,-12(r30)
  925  00001a14  08000004	j	L36_LF2
  926  00001a18  54000000	nop; delay slot nop
  927  00001a1c          	L36_LF2:
  928  00001a1c  8fa20000	lw	r2,0(r29)
  929  00001a20  8fdffff8	lw	r31,-8(r30)
  930  00001a24  001ee820	add	r29,r0,r30
  931  00001a28  8fdefffc	lw	r30,-4(r30)
  932  00001a2c  4be00000	jr	r31
  933  00001a30  54000000	nop
  934  00001a34          	.endproc _dstrlen
  935  00001a34          	.align 2
  936  00001a34          	.proc _dstrstr
  937  00001a34          	.global _dstrstr
  938  00001a34          	_dstrstr:
  939                      ;  Function 'dstrstr'; 8 bytes of locals, 1 regs to save.
  940  00001a34  afbefffc	sw	-4(r29),r30; push fp
  941  00001a38  001df020	add	r30,r0,r29; fp = sp
  942  00001a3c  afbffff8	sw	-8(r29),r31; push ret addr
  943  00001a40  2fbd0018	subui	r29,r29,#24; alloc local storage
  944  00001a44  afa20000	sw	0(r29),r2
  945  00001a48  23bdfff8	addi	r29,r29,#-8
  946  00001a4c  001d0820	add	r1,r0,r29
  947  00001a50  8fc20004	lw	r2,4(r30)
  948  00001a54  ac220000	sw	(r1),r2
  949  00001a58  0fffff5c	jal	_dstrlen
  950  00001a5c  54000000	nop; delay slot nop
  951  00001a60  23bd0008	addi	r29,r29,#8
  952  00001a64  afc1fff4	sw	-12(r30),r1
  953  00001a68          	L41_LF2:
  954  00001a68  8fc10000	lw	r1,(r30)
  955  00001a6c  90220000	lbu	r2,(r1)
  956  00001a70  64410000	snei	r1,r2,#0
  957  00001a74  1420000c	bnez	r1,L43_LF2
  958  00001a78  54000000	nop; delay slot nop
  959  00001a7c  08000060	j	L42_LF2
  960  00001a80  54000000	nop; delay slot nop
  961  00001a84          	L43_LF2:
  962  00001a84  23bdfff0	addi	r29,r29,#-16
  963  00001a88  001d0820	add	r1,r0,r29
  964  00001a8c  8fc20000	lw	r2,(r30)
  965  00001a90  ac220000	sw	(r1),r2
  966  00001a94  8fc20004	lw	r2,4(r30)
  967  00001a98  ac220004	sw	4(r1),r2
  968  00001a9c  8fc2fff4	lw	r2,-12(r30)
  969  00001aa0  ac220008	sw	8(r1),r2
  970  00001aa4  0ffffdc0	jal	_dstrncmp
  971  00001aa8  54000000	nop; delay slot nop
  972  00001aac  23bd0010	addi	r29,r29,#16
  973  00001ab0  64220000	snei	r2,r1,#0
  974  00001ab4  14400010	bnez	r2,L44_LF2
  975  00001ab8  54000000	nop; delay slot nop
  976  00001abc  8fc10000	lw	r1,(r30)
  977  00001ac0  08000028	j	L40_LF2
  978  00001ac4  54000000	nop; delay slot nop
  979  00001ac8          	L44_LF2:
  980  00001ac8  8fc20000	lw	r2,(r30)
  981  00001acc  20410001	addi	r1,r2,#1
  982  00001ad0  00011020	add	r2,r0,r1
  983  00001ad4  afc20000	sw	(r30),r2
  984  00001ad8  0bffff8c	j	L41_LF2
  985  00001adc  54000000	nop; delay slot nop
  986  00001ae0          	L42_LF2:
  987  00001ae0  20010000	addi	r1,r0,#0
  988  00001ae4  08000004	j	L40_LF2
  989  00001ae8  54000000	nop; delay slot nop
  990  00001aec          	L40_LF2:
  991  00001aec  8fa20000	lw	r2,0(r29)
  992  00001af0  8fdffff8	lw	r31,-8(r30)
  993  00001af4  001ee820	add	r29,r0,r30
  994  00001af8  8fdefffc	lw	r30,-4(r30)
  995  00001afc  4be00000	jr	r31
  996  00001b00  54000000	nop
  997  00001b04          	.endproc _dstrstr
  998  00001b04          	.align 2
  999  00001b04          	.proc _dmindex
 1000  00001b04          	.global _dmindex
 1001  00001b04          	_dmindex:
 1002                      ;  Function 'dmindex'; 8 bytes of locals, 1 regs to save.
 1003  00001b04  afbefffc	sw	-4(r29),r30; push fp
 1004  00001b08  001df020	add	r30,r0,r29; fp = sp
 1005  00001b0c  afbffff8	sw	-8(r29),r31; push ret addr
 1006  00001b10  2fbd0018	subui	r29,r29,#24; alloc local storage
 1007  00001b14  afa20000	sw	0(r29),r2
 1008  00001b18  54000000	nop
 1009  00001b1c          	L46_LF2:
 1010  00001b1c  8fc10000	lw	r1,(r30)
 1011  00001b20  90220000	lbu	r2,(r1)
 1012  00001b24  64410000	snei	r1,r2,#0
 1013  00001b28  1420000c	bnez	r1,L48_LF2
 1014  00001b2c  54000000	nop; delay slot nop
 1015  00001b30  08000070	j	L47_LF2
 1016  00001b34  54000000	nop; delay slot nop
 1017  00001b38          	L48_LF2:
 1018  00001b38  8fc10004	lw	r1,4(r30)
 1019  00001b3c  afc1fff4	sw	-12(r30),r1
 1020  00001b40          	L49_LF2:
 1021  00001b40  8fc1fff4	lw	r1,-12(r30)
 1022  00001b44  90220000	lbu	r2,(r1)
 1023  00001b48  64410000	snei	r1,r2,#0
 1024  00001b4c  1420000c	bnez	r1,L52_LF2
 1025  00001b50  54000000	nop; delay slot nop
 1026  00001b54  08000044	j	L50_LF2
 1027  00001b58  54000000	nop; delay slot nop
 1028  00001b5c          	L52_LF2:
 1029  00001b5c  8fc10000	lw	r1,(r30)
 1030  00001b60  8fc2fff4	lw	r2,-12(r30)
 1031  00001b64  90210000	lbu	r1,(r1)
 1032  00001b68  90420000	lbu	r2,(r2)
 1033  00001b6c  00220828	seq	r1,r1,r2
 1034  00001b70  10200010	beqz	r1,L51_LF2
 1035  00001b74  54000000	nop; delay slot nop
 1036  00001b78  8fc10000	lw	r1,(r30)
 1037  00001b7c  08000030	j	L45_LF2
 1038  00001b80  54000000	nop; delay slot nop
 1039  00001b84          	L53_LF2:
 1040  00001b84          	L51_LF2:
 1041  00001b84  8fc2fff4	lw	r2,-12(r30)
 1042  00001b88  20410001	addi	r1,r2,#1
 1043  00001b8c  00011020	add	r2,r0,r1
 1044  00001b90  afc2fff4	sw	-12(r30),r2
 1045  00001b94  0bffffa8	j	L49_LF2
 1046  00001b98  54000000	nop; delay slot nop
 1047  00001b9c          	L50_LF2:
 1048  00001b9c  0bffff7c	j	L46_LF2
 1049  00001ba0  54000000	nop; delay slot nop
 1050  00001ba4          	L47_LF2:
 1051  00001ba4  20010000	addi	r1,r0,#0
 1052  00001ba8  08000004	j	L45_LF2
 1053  00001bac  54000000	nop; delay slot nop
 1054  00001bb0          	L45_LF2:
 1055  00001bb0  8fa20000	lw	r2,0(r29)
 1056  00001bb4  8fdffff8	lw	r31,-8(r30)
 1057  00001bb8  001ee820	add	r29,r0,r30
 1058  00001bbc  8fdefffc	lw	r30,-4(r30)
 1059  00001bc0  4be00000	jr	r31
 1060  00001bc4  54000000	nop
 1061  00001bc8          	.endproc _dmindex
 1062  00001bc8          	.align 2
 1063  00001bc8          	.proc _dindex
 1064  00001bc8          	.global _dindex
 1065  00001bc8          	_dindex:
 1066                      ;  Function 'dindex'; 0 bytes of locals, 1 regs to save.
 1067  00001bc8  afbefffc	sw	-4(r29),r30; push fp
 1068  00001bcc  001df020	add	r30,r0,r29; fp = sp
 1069  00001bd0  afbffff8	sw	-8(r29),r31; push ret addr
 1070  00001bd4  2fbd0010	subui	r29,r29,#16; alloc local storage
 1071  00001bd8  afa20000	sw	0(r29),r2
 1072  00001bdc  54000000	nop
 1073  00001be0          	L55_LF2:
 1074  00001be0  8fc10000	lw	r1,(r30)
 1075  00001be4  90220000	lbu	r2,(r1)
 1076  00001be8  64410000	snei	r1,r2,#0
 1077  00001bec  1420000c	bnez	r1,L57_LF2
 1078  00001bf0  54000000	nop; delay slot nop
 1079  00001bf4  08000040	j	L56_LF2
 1080  00001bf8  54000000	nop; delay slot nop
 1081  00001bfc          	L57_LF2:
 1082  00001bfc  8fc10000	lw	r1,(r30)
 1083  00001c00  90220000	lbu	r2,(r1)
 1084  00001c04  8fc10004	lw	r1,4(r30)
 1085  00001c08  00411028	seq	r2,r2,r1
 1086  00001c0c  10400010	beqz	r2,L58_LF2
 1087  00001c10  54000000	nop; delay slot nop
 1088  00001c14  8fc10000	lw	r1,(r30)
 1089  00001c18  08000028	j	L54_LF2
 1090  00001c1c  54000000	nop; delay slot nop
 1091  00001c20          	L58_LF2:
 1092  00001c20  8fc20000	lw	r2,(r30)
 1093  00001c24  20410001	addi	r1,r2,#1
 1094  00001c28  00011020	add	r2,r0,r1
 1095  00001c2c  afc20000	sw	(r30),r2
 1096  00001c30  0bffffac	j	L55_LF2
 1097  00001c34  54000000	nop; delay slot nop
 1098  00001c38          	L56_LF2:
 1099  00001c38  20010000	addi	r1,r0,#0
 1100  00001c3c  08000004	j	L54_LF2
 1101  00001c40  54000000	nop; delay slot nop
 1102  00001c44          	L54_LF2:
 1103  00001c44  8fa20000	lw	r2,0(r29)
 1104  00001c48  8fdffff8	lw	r31,-8(r30)
 1105  00001c4c  001ee820	add	r29,r0,r30
 1106  00001c50  8fdefffc	lw	r30,-4(r30)
 1107  00001c54  4be00000	jr	r31
 1108  00001c58  54000000	nop
 1109  00001c5c          	.endproc _dindex
 1110  00001c5c          	.align 2
 1111  00001c5c          	.proc _ditoa
 1112  00001c5c          	.global _ditoa
 1113  00001c5c          	_ditoa:
 1114                      ;  Function 'ditoa'; 8 bytes of locals, 2 regs to save.
 1115  00001c5c  afbefffc	sw	-4(r29),r30; push fp
 1116  00001c60  001df020	add	r30,r0,r29; fp = sp
 1117  00001c64  afbffff8	sw	-8(r29),r31; push ret addr
 1118  00001c68  2fbd0018	subui	r29,r29,#24; alloc local storage
 1119  00001c6c  afa20000	sw	0(r29),r2
 1120  00001c70  afa30004	sw	4(r29),r3
 1121  00001c74  8fc10000	lw	r1,(r30)
 1122  00001c78  68220000	slti	r2,r1,#0
 1123  00001c7c  1040002c	beqz	r2,L60_LF2
 1124  00001c80  54000000	nop; delay slot nop
 1125  00001c84  8fc10004	lw	r1,4(r30)
 1126  00001c88  20220001	addi	r2,r1,#1
 1127  00001c8c  afc20004	sw	4(r30),r2
 1128  00001c90  2002002d	addi	r2,r0,(#0x2d)&0xff
 1129  00001c94  a0220000	sb	(r1),r2
 1130  00001c98  8fc10000	lw	r1,(r30)
 1131  00001c9c  00011022	sub	r2,r0,r1
 1132  00001ca0  afc20000	sw	(r30),r2
 1133  00001ca4  08000118	j	L61_LF2
 1134  00001ca8  54000000	nop; delay slot nop
 1135  00001cac          	L60_LF2:
 1136  00001cac  8fc10000	lw	r1,(r30)
 1137  00001cb0  64220000	snei	r2,r1,#0
 1138  00001cb4  14400020	bnez	r2,L62_LF2
 1139  00001cb8  54000000	nop; delay slot nop
 1140  00001cbc  8fc10004	lw	r1,4(r30)
 1141  00001cc0  20220001	addi	r2,r1,#1
 1142  00001cc4  afc20004	sw	4(r30),r2
 1143  00001cc8  20020030	addi	r2,r0,(#0x30)&0xff
 1144  00001ccc  a0220000	sb	(r1),r2
 1145  00001cd0  080000ec	j	L61_LF2
 1146  00001cd4  54000000	nop; delay slot nop
 1147  00001cd8          	L62_LF2:
 1148  00001cd8  20010001	addi	r1,r0,#1
 1149  00001cdc  afc1fff4	sw	-12(r30),r1
 1150  00001ce0          	L64_LF2:
 1151  00001ce0  8fc1fff4	lw	r1,-12(r30)
 1152  00001ce4  8fc20000	lw	r2,(r30)
 1153  00001ce8  0022082c	sle	r1,r1,r2
 1154  00001cec  1420000c	bnez	r1,L66_LF2
 1155  00001cf0  54000000	nop; delay slot nop
 1156  00001cf4  08000024	j	L65_LF2
 1157  00001cf8  54000000	nop; delay slot nop
 1158  00001cfc          	L67_LF2:
 1159  00001cfc          	L66_LF2:
 1160  00001cfc  8fc1fff4	lw	r1,-12(r30)
 1161  00001d00  00011820	add	r3,r0,r1
 1162  00001d04  50620002	slli	r2,r3,#0x2
 1163  00001d08  00411020	add	r2,r2,r1
 1164  00001d0c  50410001	slli	r1,r2,#0x1
 1165  00001d10  afc1fff4	sw	-12(r30),r1
 1166  00001d14  0bffffc8	j	L64_LF2
 1167  00001d18  54000000	nop; delay slot nop
 1168  00001d1c          	L65_LF2:
 1169  00001d1c  54000000	nop
 1170  00001d20          	L68_LF2:
 1171  00001d20  8fc1fff4	lw	r1,-12(r30)
 1172  00001d24  2002000a	addi	r2,r0,#10
 1173  00001d28  00200035	movi2fp	f0,r1
 1174  00001d2c  00400835	movi2fp	f1,r2
 1175  00001d30  0401000f	div	f0,f0,f1
 1176  00001d34  00000834	movfp2i	r1,f0
 1177  00001d38  afc1fff4	sw	-12(r30),r1
 1178  00001d3c  8fc10004	lw	r1,4(r30)
 1179  00001d40  20220001	addi	r2,r1,#1
 1180  00001d44  afc20004	sw	4(r30),r2
 1181  00001d48  8fc20000	lw	r2,(r30)
 1182  00001d4c  8fc3fff4	lw	r3,-12(r30)
 1183  00001d50  00400035	movi2fp	f0,r2
 1184  00001d54  00600835	movi2fp	f1,r3
 1185  00001d58  0401000f	div	f0,f0,f1
 1186  00001d5c  00001034	movfp2i	r2,f0
 1187  00001d60  00021820	add	r3,r0,r2
 1188  00001d64  20620030	addi	r2,r3,#48
 1189  00001d68  a0220000	sb	(r1),r2
 1190  00001d6c  8fc10000	lw	r1,(r30)
 1191  00001d70  8fc3fff4	lw	r3,-12(r30)
 1192  00001d74  00200035	movi2fp	f0,r1
 1193  00001d78  00600835	movi2fp	f1,r3
 1194  00001d7c  0401000f	div	f0,f0,f1
 1195  00001d80  00001034	movfp2i	r2,f0
 1196  00001d84  8fc3fff4	lw	r3,-12(r30)
 1197  00001d88  00400035	movi2fp	f0,r2
 1198  00001d8c  00600835	movi2fp	f1,r3
 1199  00001d90  0401000e	mult	f0,f0,f1
 1200  00001d94  00001034	movfp2i	r2,f0
 1201  00001d98  00220822	sub	r1,r1,r2
 1202  00001d9c  afc10000	sw	(r30),r1
 1203  00001da0          	L70_LF2:
 1204  00001da0  8fc1fff4	lw	r1,-12(r30)
 1205  00001da4  6c220001	sgti	r2,r1,#1
 1206  00001da8  1440000c	bnez	r2,L71_LF2
 1207  00001dac  54000000	nop; delay slot nop
 1208  00001db0  0800000c	j	L61_LF2
 1209  00001db4  54000000	nop; delay slot nop
 1210  00001db8          	L71_LF2:
 1211  00001db8  0bffff64	j	L68_LF2
 1212  00001dbc  54000000	nop; delay slot nop
 1213  00001dc0          	L69_LF2:
 1214  00001dc0          	L63_LF2:
 1215  00001dc0          	L61_LF2:
 1216  00001dc0  8fc10004	lw	r1,4(r30)
 1217  00001dc4  20020000	addi	r2,r0,(#0x0)&0xff
 1218  00001dc8  a0220000	sb	(r1),r2
 1219  00001dcc          	L59_LF2:
 1220  00001dcc  8fa20000	lw	r2,0(r29)
 1221  00001dd0  8fa30004	lw	r3,4(r29)
 1222  00001dd4  8fdffff8	lw	r31,-8(r30)
 1223  00001dd8  001ee820	add	r29,r0,r30
 1224  00001ddc  8fdefffc	lw	r30,-4(r30)
 1225  00001de0  4be00000	jr	r31
 1226  00001de4  54000000	nop
 1227  00001de8          	.endproc _ditoa
 1228  00001de8          	.align 2
 1229  00001de8          	.proc _dstrtol
 1230  00001de8          	.global _dstrtol
 1231  00001de8          	_dstrtol:
 1232                      ;  Function 'dstrtol'; 16 bytes of locals, 1 regs to save.
 1233  00001de8  afbefffc	sw	-4(r29),r30; push fp
 1234  00001dec  001df020	add	r30,r0,r29; fp = sp
 1235  00001df0  afbffff8	sw	-8(r29),r31; push ret addr
 1236  00001df4  2fbd0020	subui	r29,r29,#32; alloc local storage
 1237  00001df8  afa20000	sw	0(r29),r2
 1238  00001dfc  20010000	addi	r1,r0,#0
 1239  00001e00  afc1fff4	sw	-12(r30),r1
 1240  00001e04          	L73_LF2:
 1241  00001e04  8fc10000	lw	r1,(r30)
 1242  00001e08  90220000	lbu	r2,(r1)
 1243  00001e0c  60410020	seqi	r1,r2,#32
 1244  00001e10  14200034	bnez	r1,L75_LF2
 1245  00001e14  54000000	nop; delay slot nop
 1246  00001e18  8fc10000	lw	r1,(r30)
 1247  00001e1c  90220000	lbu	r2,(r1)
 1248  00001e20  60410009	seqi	r1,r2,#9
 1249  00001e24  14200020	bnez	r1,L75_LF2
 1250  00001e28  54000000	nop; delay slot nop
 1251  00001e2c  8fc10000	lw	r1,(r30)
 1252  00001e30  90220000	lbu	r2,(r1)
 1253  00001e34  6041000a	seqi	r1,r2,#10
 1254  00001e38  1420000c	bnez	r1,L75_LF2
 1255  00001e3c  54000000	nop; delay slot nop
 1256  00001e40  0800001c	j	L74_LF2
 1257  00001e44  54000000	nop; delay slot nop
 1258  00001e48          	L75_LF2:
 1259  00001e48  8fc20000	lw	r2,(r30)
 1260  00001e4c  20410001	addi	r1,r2,#1
 1261  00001e50  00011020	add	r2,r0,r1
 1262  00001e54  afc20000	sw	(r30),r2
 1263  00001e58  0bffffa8	j	L73_LF2
 1264  00001e5c  54000000	nop; delay slot nop
 1265  00001e60          	L74_LF2:
 1266  00001e60  8fc10004	lw	r1,4(r30)
 1267  00001e64  64220000	snei	r2,r1,#0
 1268  00001e68  10400010	beqz	r2,L76_LF2
 1269  00001e6c  54000000	nop; delay slot nop
 1270  00001e70  8fc10004	lw	r1,4(r30)
 1271  00001e74  8fc20000	lw	r2,(r30)
 1272  00001e78  ac220000	sw	(r1),r2
 1273  00001e7c          	L76_LF2:
 1274  00001e7c  8fc10000	lw	r1,(r30)
 1275  00001e80  90220000	lbu	r2,(r1)
 1276  00001e84  64410000	snei	r1,r2,#0
 1277  00001e88  14200010	bnez	r1,L77_LF2
 1278  00001e8c  54000000	nop; delay slot nop
 1279  00001e90  8fc1fff4	lw	r1,-12(r30)
 1280  00001e94  08000294	j	L72_LF2
 1281  00001e98  54000000	nop; delay slot nop
 1282  00001e9c          	L77_LF2:
 1283  00001e9c  8fc10000	lw	r1,(r30)
 1284  00001ea0  90220000	lbu	r2,(r1)
 1285  00001ea4  6041002d	seqi	r1,r2,#45
 1286  00001ea8  10200024	beqz	r1,L78_LF2
 1287  00001eac  54000000	nop; delay slot nop
 1288  00001eb0  2001ffff	addi	r1,r0,#-1
 1289  00001eb4  afc1ffec	sw	-20(r30),r1
 1290  00001eb8  8fc20000	lw	r2,(r30)
 1291  00001ebc  20410001	addi	r1,r2,#1
 1292  00001ec0  00011020	add	r2,r0,r1
 1293  00001ec4  afc20000	sw	(r30),r2
 1294  00001ec8  0800000c	j	L79_LF2
 1295  00001ecc  54000000	nop; delay slot nop
 1296  00001ed0          	L78_LF2:
 1297  00001ed0  20010001	addi	r1,r0,#1
 1298  00001ed4  afc1ffec	sw	-20(r30),r1
 1299  00001ed8          	L79_LF2:
 1300  00001ed8  8fc10008	lw	r1,8(r30)
 1301  00001edc  64220000	snei	r2,r1,#0
 1302  00001ee0  14400090	bnez	r2,L80_LF2
 1303  00001ee4  54000000	nop; delay slot nop
 1304  00001ee8  8fc10000	lw	r1,(r30)
 1305  00001eec  90220000	lbu	r2,(r1)
 1306  00001ef0  60410030	seqi	r1,r2,#48
 1307  00001ef4  10200074	beqz	r1,L81_LF2
 1308  00001ef8  54000000	nop; delay slot nop
 1309  00001efc  8fc20000	lw	r2,(r30)
 1310  00001f00  20410001	addi	r1,r2,#1
 1311  00001f04  00011020	add	r2,r0,r1
 1312  00001f08  afc20000	sw	(r30),r2
 1313  00001f0c  8fc10000	lw	r1,(r30)
 1314  00001f10  90220000	lbu	r2,(r1)
 1315  00001f14  60410078	seqi	r1,r2,#120
 1316  00001f18  14200020	bnez	r1,L83_LF2
 1317  00001f1c  54000000	nop; delay slot nop
 1318  00001f20  8fc10000	lw	r1,(r30)
 1319  00001f24  90220000	lbu	r2,(r1)
 1320  00001f28  60410058	seqi	r1,r2,#88
 1321  00001f2c  1420000c	bnez	r1,L83_LF2
 1322  00001f30  54000000	nop; delay slot nop
 1323  00001f34  08000024	j	L82_LF2
 1324  00001f38  54000000	nop; delay slot nop
 1325  00001f3c          	L83_LF2:
 1326  00001f3c  20010010	addi	r1,r0,#16
 1327  00001f40  afc10008	sw	8(r30),r1
 1328  00001f44  8fc20000	lw	r2,(r30)
 1329  00001f48  20410001	addi	r1,r2,#1
 1330  00001f4c  00011020	add	r2,r0,r1
 1331  00001f50  afc20000	sw	(r30),r2
 1332  00001f54  0800000c	j	L84_LF2
 1333  00001f58  54000000	nop; delay slot nop
 1334  00001f5c          	L82_LF2:
 1335  00001f5c  20010008	addi	r1,r0,#8
 1336  00001f60  afc10008	sw	8(r30),r1
 1337  00001f64          	L84_LF2:
 1338  00001f64  0800000c	j	L80_LF2
 1339  00001f68  54000000	nop; delay slot nop
 1340  00001f6c          	L81_LF2:
 1341  00001f6c  2001000a	addi	r1,r0,#10
 1342  00001f70  afc10008	sw	8(r30),r1
 1343  00001f74          	L85_LF2:
 1344  00001f74          	L80_LF2:
 1345  00001f74  8fc10008	lw	r1,8(r30)
 1346  00001f78  70220000	slei	r2,r1,#0
 1347  00001f7c  1440001c	bnez	r2,L87_LF2
 1348  00001f80  54000000	nop; delay slot nop
 1349  00001f84  8fc10008	lw	r1,8(r30)
 1350  00001f88  6c220010	sgti	r2,r1,#16
 1351  00001f8c  1440000c	bnez	r2,L87_LF2
 1352  00001f90  54000000	nop; delay slot nop
 1353  00001f94  08000010	j	L86_LF2
 1354  00001f98  54000000	nop; delay slot nop
 1355  00001f9c          	L87_LF2:
 1356  00001f9c  8fc1fff4	lw	r1,-12(r30)
 1357  00001fa0  08000188	j	L72_LF2
 1358  00001fa4  54000000	nop; delay slot nop
 1359  00001fa8          	L86_LF2:
 1360  00001fa8  54000000	nop
 1361  00001fac          	L88_LF2:
 1362  00001fac  8fc10000	lw	r1,(r30)
 1363  00001fb0  90220000	lbu	r2,(r1)
 1364  00001fb4  6c41002f	sgtui	r1,r2,#47
 1365  00001fb8  10200030	beqz	r1,L91_LF2
 1366  00001fbc  54000000	nop; delay slot nop
 1367  00001fc0  8fc10000	lw	r1,(r30)
 1368  00001fc4  90220000	lbu	r2,(r1)
 1369  00001fc8  70410039	sleui	r1,r2,#57
 1370  00001fcc  1020001c	beqz	r1,L91_LF2
 1371  00001fd0  54000000	nop; delay slot nop
 1372  00001fd4  8fc10000	lw	r1,(r30)
 1373  00001fd8  90220000	lbu	r2,(r1)
 1374  00001fdc  2041ffd0	addi	r1,r2,#-48
 1375  00001fe0  afc1fff0	sw	-16(r30),r1
 1376  00001fe4  0800008c	j	L92_LF2
 1377  00001fe8  54000000	nop; delay slot nop
 1378  00001fec          	L91_LF2:
 1379  00001fec  8fc10000	lw	r1,(r30)
 1380  00001ff0  90220000	lbu	r2,(r1)
 1381  00001ff4  6c410060	sgtui	r1,r2,#96
 1382  00001ff8  10200030	beqz	r1,L93_LF2
 1383  00001ffc  54000000	nop; delay slot nop
 1384  00002000  8fc10000	lw	r1,(r30)
 1385  00002004  90220000	lbu	r2,(r1)
 1386  00002008  7041007a	sleui	r1,r2,#122
 1387  0000200c  1020001c	beqz	r1,L93_LF2
 1388  00002010  54000000	nop; delay slot nop
 1389  00002014  8fc10000	lw	r1,(r30)
 1390  00002018  90220000	lbu	r2,(r1)
 1391  0000201c  2041ffa9	addi	r1,r2,#-87
 1392  00002020  afc1fff0	sw	-16(r30),r1
 1393  00002024  0800004c	j	L92_LF2
 1394  00002028  54000000	nop; delay slot nop
 1395  0000202c          	L93_LF2:
 1396  0000202c  8fc10000	lw	r1,(r30)
 1397  00002030  90220000	lbu	r2,(r1)
 1398  00002034  6c410040	sgtui	r1,r2,#64
 1399  00002038  10200030	beqz	r1,L95_LF2
 1400  0000203c  54000000	nop; delay slot nop
 1401  00002040  8fc10000	lw	r1,(r30)
 1402  00002044  90220000	lbu	r2,(r1)
 1403  00002048  7041005a	sleui	r1,r2,#90
 1404  0000204c  1020001c	beqz	r1,L95_LF2
 1405  00002050  54000000	nop; delay slot nop
 1406  00002054  8fc10000	lw	r1,(r30)
 1407  00002058  90220000	lbu	r2,(r1)
 1408  0000205c  2041ffc9	addi	r1,r2,#-55
 1409  00002060  afc1fff0	sw	-16(r30),r1
 1410  00002064  0800000c	j	L92_LF2
 1411  00002068  54000000	nop; delay slot nop
 1412  0000206c          	L95_LF2:
 1413  0000206c  200103e8	addi	r1,r0,#1000
 1414  00002070  afc1fff0	sw	-16(r30),r1
 1415  00002074          	L96_LF2:
 1416  00002074          	L94_LF2:
 1417  00002074          	L92_LF2:
 1418  00002074  8fc1fff0	lw	r1,-16(r30)
 1419  00002078  8fc20008	lw	r2,8(r30)
 1420  0000207c  0022082a	slt	r1,r1,r2
 1421  00002080  10200040	beqz	r1,L90_LF2
 1422  00002084  54000000	nop; delay slot nop
 1423  00002088  8fc1fff4	lw	r1,-12(r30)
 1424  0000208c  8fc20008	lw	r2,8(r30)
 1425  00002090  00200035	movi2fp	f0,r1
 1426  00002094  00400835	movi2fp	f1,r2
 1427  00002098  0401000e	mult	f0,f0,f1
 1428  0000209c  00000834	movfp2i	r1,f0
 1429  000020a0  afc1fff4	sw	-12(r30),r1
 1430  000020a4  8fc1fff4	lw	r1,-12(r30)
 1431  000020a8  8fc2fff0	lw	r2,-16(r30)
 1432  000020ac  00220820	add	r1,r1,r2
 1433  000020b0  afc1fff4	sw	-12(r30),r1
 1434  000020b4  8fc20000	lw	r2,(r30)
 1435  000020b8  20410001	addi	r1,r2,#1
 1436  000020bc  00011020	add	r2,r0,r1
 1437  000020c0  afc20000	sw	(r30),r2
 1438  000020c4          	L97_LF2:
 1439  000020c4          	L90_LF2:
 1440  000020c4  8fc1fff0	lw	r1,-16(r30)
 1441  000020c8  8fc20008	lw	r2,8(r30)
 1442  000020cc  0022082a	slt	r1,r1,r2
 1443  000020d0  1420000c	bnez	r1,L98_LF2
 1444  000020d4  54000000	nop; delay slot nop
 1445  000020d8  0800000c	j	L89_LF2
 1446  000020dc  54000000	nop; delay slot nop
 1447  000020e0          	L98_LF2:
 1448  000020e0  0bfffec8	j	L88_LF2
 1449  000020e4  54000000	nop; delay slot nop
 1450  000020e8          	L89_LF2:
 1451  000020e8  8fc10004	lw	r1,4(r30)
 1452  000020ec  64220000	snei	r2,r1,#0
 1453  000020f0  10400010	beqz	r2,L99_LF2
 1454  000020f4  54000000	nop; delay slot nop
 1455  000020f8  8fc10004	lw	r1,4(r30)
 1456  000020fc  8fc20000	lw	r2,(r30)
 1457  00002100  ac220000	sw	(r1),r2
 1458  00002104          	L99_LF2:
 1459  00002104  8fc1fff4	lw	r1,-12(r30)
 1460  00002108  8fc2ffec	lw	r2,-20(r30)
 1461  0000210c  00200035	movi2fp	f0,r1
 1462  00002110  00400835	movi2fp	f1,r2
 1463  00002114  0401000e	mult	f0,f0,f1
 1464  00002118  00000834	movfp2i	r1,f0
 1465  0000211c  afc1fff4	sw	-12(r30),r1
 1466  00002120  8fc1fff4	lw	r1,-12(r30)
 1467  00002124  08000004	j	L72_LF2
 1468  00002128  54000000	nop; delay slot nop
 1469  0000212c          	L72_LF2:
 1470  0000212c  8fa20000	lw	r2,0(r29)
 1471  00002130  8fdffff8	lw	r31,-8(r30)
 1472  00002134  001ee820	add	r29,r0,r30
 1473  00002138  8fdefffc	lw	r30,-4(r30)
 1474  0000213c  4be00000	jr	r31
 1475  00002140  54000000	nop
 1476  00002144          	.endproc _dstrtol
 1477  00002144          	.align 2
 1478  00002144          	.proc _bcopy
 1479  00002144          	.global _bcopy
 1480  00002144          	_bcopy:
 1481                      ;  Function 'bcopy'; 0 bytes of locals, 2 regs to save.
 1482  00002144  afbefffc	sw	-4(r29),r30; push fp
 1483  00002148  001df020	add	r30,r0,r29; fp = sp
 1484  0000214c  afbffff8	sw	-8(r29),r31; push ret addr
 1485  00002150  2fbd0010	subui	r29,r29,#16; alloc local storage
 1486  00002154  afa20000	sw	0(r29),r2
 1487  00002158  afa30004	sw	4(r29),r3
 1488  0000215c  54000000	nop
 1489  00002160          	L101_LF2:
 1490  00002160  8fc10008	lw	r1,8(r30)
 1491  00002164  2022ffff	addi	r2,r1,#-1
 1492  00002168  afc20008	sw	8(r30),r2
 1493  0000216c  6c210000	sgti	r1,r1,#0
 1494  00002170  1420000c	bnez	r1,L103_LF2
 1495  00002174  54000000	nop; delay slot nop
 1496  00002178  0800002c	j	L102_LF2
 1497  0000217c  54000000	nop; delay slot nop
 1498  00002180          	L103_LF2:
 1499  00002180  8fc10004	lw	r1,4(r30)
 1500  00002184  20220001	addi	r2,r1,#1
 1501  00002188  afc20004	sw	4(r30),r2
 1502  0000218c  8fc20000	lw	r2,(r30)
 1503  00002190  20430001	addi	r3,r2,#1
 1504  00002194  afc30000	sw	(r30),r3
 1505  00002198  80420000	lb	r2,(r2)
 1506  0000219c  a0220000	sb	(r1),r2
 1507  000021a0  0bffffbc	j	L101_LF2
 1508  000021a4  54000000	nop; delay slot nop
 1509  000021a8          	L102_LF2:
 1510  000021a8          	L100_LF2:
 1511  000021a8  8fa20000	lw	r2,0(r29)
 1512  000021ac  8fa30004	lw	r3,4(r29)
 1513  000021b0  8fdffff8	lw	r31,-8(r30)
 1514  000021b4  001ee820	add	r29,r0,r30
 1515  000021b8  8fdefffc	lw	r30,-4(r30)
 1516  000021bc  4be00000	jr	r31
 1517  000021c0  54000000	nop
 1518  000021c4          	.endproc _bcopy
 1519  000021c4          	.align 2
 1520  000021c4          	.proc _bzero
 1521  000021c4          	.global _bzero
 1522  000021c4          	_bzero:
 1523                      ;  Function 'bzero'; 0 bytes of locals, 1 regs to save.
 1524  000021c4  afbefffc	sw	-4(r29),r30; push fp
 1525  000021c8  001df020	add	r30,r0,r29; fp = sp
 1526  000021cc  afbffff8	sw	-8(r29),r31; push ret addr
 1527  000021d0  2fbd0010	subui	r29,r29,#16; alloc local storage
 1528  000021d4  afa20000	sw	0(r29),r2
 1529  000021d8  54000000	nop
 1530  000021dc          	L105_LF2:
 1531  000021dc  8fc10004	lw	r1,4(r30)
 1532  000021e0  2022ffff	addi	r2,r1,#-1
 1533  000021e4  afc20004	sw	4(r30),r2
 1534  000021e8  6c210000	sgti	r1,r1,#0
 1535  000021ec  1420000c	bnez	r1,L107_LF2
 1536  000021f0  54000000	nop; delay slot nop
 1537  000021f4  08000020	j	L106_LF2
 1538  000021f8  54000000	nop; delay slot nop
 1539  000021fc          	L107_LF2:
 1540  000021fc  8fc10000	lw	r1,(r30)
 1541  00002200  20220001	addi	r2,r1,#1
 1542  00002204  afc20000	sw	(r30),r2
 1543  00002208  20020000	addi	r2,r0,(#0x0)&0xff
 1544  0000220c  a0220000	sb	(r1),r2
 1545  00002210  0bffffc8	j	L105_LF2
 1546  00002214  54000000	nop; delay slot nop
 1547  00002218          	L106_LF2:
 1548  00002218          	L104_LF2:
 1549  00002218  8fa20000	lw	r2,0(r29)
 1550  0000221c  8fdffff8	lw	r31,-8(r30)
 1551  00002220  001ee820	add	r29,r0,r30
 1552  00002224  8fdefffc	lw	r30,-4(r30)
 1553  00002228  4be00000	jr	r31
 1554  0000222c  54000000	nop
 1555  00002230          	.endproc _bzero
 1556  00002230          	.align 2
 1557  00002230          	.proc _min
 1558  00002230          	.global _min
 1559  00002230          	_min:
 1560                      ;  Function 'min'; 0 bytes of locals, 2 regs to save.
 1561  00002230  afbefffc	sw	-4(r29),r30; push fp
 1562  00002234  001df020	add	r30,r0,r29; fp = sp
 1563  00002238  afbffff8	sw	-8(r29),r31; push ret addr
 1564  0000223c  2fbd0010	subui	r29,r29,#16; alloc local storage
 1565  00002240  afa20000	sw	0(r29),r2
 1566  00002244  afa30004	sw	4(r29),r3
 1567  00002248  8fc10000	lw	r1,(r30)
 1568  0000224c  8fc20004	lw	r2,4(r30)
 1569  00002250  0022182c	sle	r3,r1,r2
 1570  00002254  14600008	bnez	r3,L109_LF2
 1571  00002258  54000000	nop; delay slot nop
 1572  0000225c  8fc10004	lw	r1,4(r30)
 1573  00002260          	L109_LF2:
 1574  00002260  08000004	j	L108_LF2
 1575  00002264  54000000	nop; delay slot nop
 1576  00002268          	L108_LF2:
 1577  00002268  8fa20000	lw	r2,0(r29)
 1578  0000226c  8fa30004	lw	r3,4(r29)
 1579  00002270  8fdffff8	lw	r31,-8(r30)
 1580  00002274  001ee820	add	r29,r0,r30
 1581  00002278  8fdefffc	lw	r30,-4(r30)
 1582  0000227c  4be00000	jr	r31
 1583  00002280  54000000	nop
 1584  00002284          	.endproc _min
 1585                      ;;; Ethan L. Miller, 1999.  Released to the public domain
 1586                      ;;;
 1587                      ;;; Most of the traps are called in files from libtraps.
 1590  00002284          	.align 2
 1591  00002284          	.proc _exit
 1592  00002284          	.global _exit
 1593  00002284          	_exit:
 1594  00002284  44000300	trap	#0x300
 1595  00002288  4be00000	jr	r31
 1596  0000228c  54000000	nop
 1597  00002290          	.endproc _exit
 1599                      ; for the benefit of gcc.
 1600  00002290          	.proc ___main
 1601  00002290          	.global ___main
 1602  00002290          	___main:
 1603  00002290  4be00000	jr	r31
 1604  00002294  54000000	nop
 1605  00002298          	.endproc ___main
 1606  00002298          	.text
 1607  00002298          	.global _etext
 1608  00002298          	_etext:
 1609  00002298          	.align 3
 1610  00002298          	.data
 1611  0000313d          	.global _edata
 1612  0000313d          	_edata:
