 line   address	contents
    1                      ; Linked by DLX-LD.
    2                      ; MemSize 24576
    3                      ; Data size: 918
    4                      ; Text size: 6124
    5                      ; Stack size: 8192
    6  00000000          	.text 0x1000
    7  00001000          	.data 0x3000
    8                      ; Compiled by GCC
    9  00003000          	.text
   10  00001000          	.align 2
   11  00001000          	.proc _isspace
   12  00001000          	.global _isspace
   13  00001000          	_isspace:
   14                      ;  Function 'isspace'; 0 bytes of locals, 1 regs to save.
   15  00001000  afbefffc	sw	-4(r29),r30; push fp
   16  00001004  001df020	add	r30,r0,r29; fp = sp
   17  00001008  afbffff8	sw	-8(r29),r31; push ret addr
   18  0000100c  2fbd0010	subui	r29,r29,#16; alloc local storage
   19  00001010  afa20000	sw	0(r29),r2
   20  00001014  83c20003	lb	r2,3(r30)
   21  00001018  201f0000	addi	r31,r0,#0
   22  0000101c  304100ff	andi	r1,r2,#0x00ff
   23  00001020  60210020	seqi	r1,r1,#32
   24  00001024  14200018	bnez	r1,L6_LF0
   25  00001028  54000000	nop; not filled.
   26  0000102c  2041fff7	addi	r1,r2,#-9
   27  00001030  302100ff	andi	r1,r1,#0x00ff
   28  00001034  70210001	sleui	r1,r1,#1
   29  00001038  10200008	beqz	r1,L5_LF0
   30  0000103c  54000000	nop; not filled.
   31  00001040          	L6_LF0:
   32  00001040  201f0001	addi	r31,r0,#1
   33  00001044          	L5_LF0:
   34  00001044  001f0820	add	r1,r0,r31
   35  00001048  8fa20000	lw	r2,0(r29)
   36  0000104c  8fdffff8	lw	r31,-8(r30)
   37  00001050  001ee820	add	r29,r0,r30
   38  00001054  8fdefffc	lw	r30,-4(r30)
   39  00001058  4be00000	jr	r31
   40  0000105c  54000000	nop
   41  00001060          	.endproc _isspace
   42  00001060          	.align 2
   43  00001060          	.proc _isxdigit
   44  00001060          	.global _isxdigit
   45  00001060          	_isxdigit:
   46                      ;  Function 'isxdigit'; 0 bytes of locals, 1 regs to save.
   47  00001060  afbefffc	sw	-4(r29),r30; push fp
   48  00001064  001df020	add	r30,r0,r29; fp = sp
   49  00001068  afbffff8	sw	-8(r29),r31; push ret addr
   50  0000106c  2fbd0010	subui	r29,r29,#16; alloc local storage
   51  00001070  afa20000	sw	0(r29),r2
   52  00001074  83df0003	lb	r31,3(r30)
   53  00001078  20020000	addi	r2,r0,#0
   54  0000107c  23e1ffd0	addi	r1,r31,#-48
   55  00001080  302100ff	andi	r1,r1,#0x00ff
   56  00001084  70210009	sleui	r1,r1,#9
   57  00001088  14200028	bnez	r1,L12_LF0
   58  0000108c  54000000	nop; not filled.
   59  00001090  23e1ff9f	addi	r1,r31,#-97
   60  00001094  302100ff	andi	r1,r1,#0x00ff
   61  00001098  70210005	sleui	r1,r1,#5
   62  0000109c  14200014	bnez	r1,L12_LF0
   63  000010a0  54000000	nop; not filled.
   64  000010a4  33e100ff	andi	r1,r31,#0x00ff
   65  000010a8  64210041	snei	r1,r1,#65
   66  000010ac  14200008	bnez	r1,L11_LF0
   67  000010b0  54000000	nop; not filled.
   68  000010b4          	L12_LF0:
   69  000010b4  20020001	addi	r2,r0,#1
   70  000010b8          	L11_LF0:
   71  000010b8  00020820	add	r1,r0,r2
   72  000010bc  8fa20000	lw	r2,0(r29)
   73  000010c0  8fdffff8	lw	r31,-8(r30)
   74  000010c4  001ee820	add	r29,r0,r30
   75  000010c8  8fdefffc	lw	r30,-4(r30)
   76  000010cc  4be00000	jr	r31
   77  000010d0  54000000	nop
   78  000010d4          	.endproc _isxdigit
   79  000010d4          	.data
   80  00003000          	.align 2
   81  00003000          	LC0_LF0:
   82  00003000  55736167	.ascii "Usage: \000"
   82  00003004  653a2000	
   83  00003008          	.align 2
   84  00003008          	LC1_LF0:
   85  00003008  203c6e75	.ascii " <number of H20 processes to create> <number of S04 molecules to creat"
   85  0000300c  6d626572	
   85  00003010  206f6620	
   85  00003014  48323020	
   85  00003018  70726f63	
   85  0000301c  65737365	
   85  00003020  7320746f	
   85  00003024  20637265	
   85  00003028  6174653e	
   85  0000302c  203c6e75	
   85  00003030  6d626572	
   85  00003034  206f6620	
   85  00003038  53303420	
   85  0000303c  6d6f6c65	
   85  00003040  63756c65	
   85  00003044  7320746f	
   85  00003048  20637265	
   85  0000304c  6174    	
   86  0000304e  653e0a00	.ascii "e>\n\000"
   87  00003052          	.align 2
   88  00003054          	LC2_LF0:
   89  00003054  42616420	.ascii "Bad sem_create for process_completion \000"
   89  00003058  73656d5f	
   89  0000305c  63726561	
   89  00003060  74652066	
   89  00003064  6f722070	
   89  00003068  726f6365	
   89  0000306c  73735f63	
   89  00003070  6f6d706c	
   89  00003074  6574696f	
   89  00003078  6e2000  	
   90  0000307b          	.align 2
   91  0000307c          	LC3_LF0:
   92  0000307c  42616420	.ascii "Bad mbox_create for oxygen \000"
   92  00003080  6d626f78	
   92  00003084  5f637265	
   92  00003088  61746520	
   92  0000308c  666f7220	
   92  00003090  6f787967	
   92  00003094  656e2000	
   93  00003098          	.align 2
   94  00003098          	LC4_LF0:
   95  00003098  42616420	.ascii "Bad mbox_create for hydro \000"
   95  0000309c  6d626f78	
   95  000030a0  5f637265	
   95  000030a4  61746520	
   95  000030a8  666f7220	
   95  000030ac  68796472	
   95  000030b0  6f2000  	
   96  000030b3          	.align 2
   97  000030b4          	LC5_LF0:
   98  000030b4  42616420	.ascii "Bad mbox_create for sulphate \000"
   98  000030b8  6d626f78	
   98  000030bc  5f637265	
   98  000030c0  61746520	
   98  000030c4  666f7220	
   98  000030c8  73756c70	
   98  000030cc  68617465	
   98  000030d0  2000    	
   99  000030d2          	.align 2
  100  000030d4          	LC6_LF0:
  101  000030d4  42616420	.ascii "Bad mbox_create for sulphur \000"
  101  000030d8  6d626f78	
  101  000030dc  5f637265	
  101  000030e0  61746520	
  101  000030e4  666f7220	
  101  000030e8  73756c70	
  101  000030ec  68757220	
  101  000030f0  00      	
  102  000030f1          	.align 2
  103  000030f4          	LC7_LF0:
  104  000030f4  42616420	.ascii "Bad mbox_create for hydrogen \000"
  104  000030f8  6d626f78	
  104  000030fc  5f637265	
  104  00003100  61746520	
  104  00003104  666f7220	
  104  00003108  68796472	
  104  0000310c  6f67656e	
  104  00003110  2000    	
  105  00003112          	.align 2
  106  00003114          	LC8_LF0:
  107  00003114  42616420	.ascii "Bad mbox_create for acid \000"
  107  00003118  6d626f78	
  107  0000311c  5f637265	
  107  00003120  61746520	
  107  00003124  666f7220	
  107  00003128  61636964	
  107  0000312c  2000    	
  108  0000312e          	.align 2
  109  00003130          	LC9_LF0:
  110  00003130  436f756c	.ascii "Could not open mailbox for oxygen \000"
  110  00003134  64206e6f	
  110  00003138  74206f70	
  110  0000313c  656e206d	
  110  00003140  61696c62	
  110  00003144  6f782066	
  110  00003148  6f72206f	
  110  0000314c  78796765	
  110  00003150  6e2000  	
  111  00003153          	.align 2
  112  00003154          	LC10_LF0:
  113  00003154  436f756c	.ascii "Could not open mailbox for hydro \000"
  113  00003158  64206e6f	
  113  0000315c  74206f70	
  113  00003160  656e206d	
  113  00003164  61696c62	
  113  00003168  6f782066	
  113  0000316c  6f722068	
  113  00003170  7964726f	
  113  00003174  2000    	
  114  00003176          	.align 2
  115  00003178          	LC11_LF0:
  116  00003178  436f756c	.ascii "Could not open mailbox for sulphate \000"
  116  0000317c  64206e6f	
  116  00003180  74206f70	
  116  00003184  656e206d	
  116  00003188  61696c62	
  116  0000318c  6f782066	
  116  00003190  6f722073	
  116  00003194  756c7068	
  116  00003198  61746520	
  116  0000319c  00      	
  117  0000319d          	.align 2
  118  000031a0          	LC12_LF0:
  119  000031a0  436f756c	.ascii "Could not open mailbox for sulphur \000"
  119  000031a4  64206e6f	
  119  000031a8  74206f70	
  119  000031ac  656e206d	
  119  000031b0  61696c62	
  119  000031b4  6f782066	
  119  000031b8  6f722073	
  119  000031bc  756c7068	
  119  000031c0  75722000	
  120  000031c4          	.align 2
  121  000031c4          	LC13_LF0:
  122  000031c4  436f756c	.ascii "Could not open mailbox for hydrogen \000"
  122  000031c8  64206e6f	
  122  000031cc  74206f70	
  122  000031d0  656e206d	
  122  000031d4  61696c62	
  122  000031d8  6f782066	
  122  000031dc  6f722068	
  122  000031e0  7964726f	
  122  000031e4  67656e20	
  122  000031e8  00      	
  123  000031e9          	.align 2
  124  000031ec          	LC14_LF0:
  125  000031ec  436f756c	.ascii "Could not open mailbox for acid \000"
  125  000031f0  64206e6f	
  125  000031f4  74206f70	
  125  000031f8  656e206d	
  125  000031fc  61696c62	
  125  00003200  6f782066	
  125  00003204  6f722061	
  125  00003208  63696420	
  125  0000320c  00      	
  126  0000320d          	.align 2
  127  00003210          	LC15_LF0:
  128  00003210  4d617820	.ascii "Max procs value : %d\n\000"
  128  00003214  70726f63	
  128  00003218  73207661	
  128  0000321c  6c756520	
  128  00003220  3a202564	
  128  00003224  0a00    	
  129  00003226          	.align 2
  130  00003228          	LC16_LF0:
  131  00003228  696e6a65	.ascii "injection_hydro.dlx.obj\000"
  131  0000322c  6374696f	
  131  00003230  6e5f6879	
  131  00003234  64726f2e	
  131  00003238  646c782e	
  131  0000323c  6f626a00	
  132  00003240          	.align 2
  133  00003240          	LC17_LF0:
  134  00003240  52656163	.ascii "Reached the point of injection 2 creation\n\000"
  134  00003244  68656420	
  134  00003248  74686520	
  134  0000324c  706f696e	
  134  00003250  74206f66	
  134  00003254  20696e6a	
  134  00003258  65637469	
  134  0000325c  6f6e2032	
  134  00003260  20637265	
  134  00003264  6174696f	
  134  00003268  6e0a00  	
  135  0000326b          	.align 2
  136  0000326c          	LC18_LF0:
  137  0000326c  696e6a65	.ascii "injection_sulphate.dlx.obj\000"
  137  00003270  6374696f	
  137  00003274  6e5f7375	
  137  00003278  6c706861	
  137  0000327c  74652e64	
  137  00003280  6c782e6f	
  137  00003284  626a00  	
  138  00003287          	.align 2
  139  00003288          	LC19_LF0:
  140  00003288  52656163	.ascii "Reached the point of reaction 1 process\n\000"
  140  0000328c  68656420	
  140  00003290  74686520	
  140  00003294  706f696e	
  140  00003298  74206f66	
  140  0000329c  20726561	
  140  000032a0  6374696f	
  140  000032a4  6e203120	
  140  000032a8  70726f63	
  140  000032ac  6573730a	
  140  000032b0  00      	
  141  000032b1          	.align 2
  142  000032b4          	LC20_LF0:
  143  000032b4  72656163	.ascii "reaction1.dlx.obj\000"
  143  000032b8  74696f6e	
  143  000032bc  312e646c	
  143  000032c0  782e6f62	
  143  000032c4  6a00    	
  144  000032c6          	.align 2
  145  000032c8          	LC21_LF0:
  146  000032c8  72656163	.ascii "reaction2.dlx.obj\000"
  146  000032cc  74696f6e	
  146  000032d0  322e646c	
  146  000032d4  782e6f62	
  146  000032d8  6a00    	
  147  000032da          	.align 2
  148  000032dc          	LC22_LF0:
  149  000032dc  52656163	.ascii "Reached the point of reaction 3 process\n\000"
  149  000032e0  68656420	
  149  000032e4  74686520	
  149  000032e8  706f696e	
  149  000032ec  74206f66	
  149  000032f0  20726561	
  149  000032f4  6374696f	
  149  000032f8  6e203320	
  149  000032fc  70726f63	
  149  00003300  6573730a	
  149  00003304  00      	
  150  00003305          	.align 2
  151  00003308          	LC23_LF0:
  152  00003308  52656163	.ascii "Reached the point of process creation\n\000"
  152  0000330c  68656420	
  152  00003310  74686520	
  152  00003314  706f696e	
  152  00003318  74206f66	
  152  0000331c  2070726f	
  152  00003320  63657373	
  152  00003324  20637265	
  152  00003328  6174696f	
  152  0000332c  6e0a00  	
  153  0000332f          	.align 2
  154  00003330          	LC24_LF0:
  155  00003330  42616420	.ascii "Bad semaphore s_procs_completed (%d) in \000"
  155  00003334  73656d61	
  155  00003338  70686f72	
  155  0000333c  6520735f	
  155  00003340  70726f63	
  155  00003344  735f636f	
  155  00003348  6d706c65	
  155  0000334c  74656420	
  155  00003350  28256429	
  155  00003354  20696e20	
  155  00003358  00      	
  156  00003359          	.align 2
  157  0000335c          	LC25_LF0:
  158  0000335c  0a00    	.ascii "\n\000"
  159  0000335e          	.align 2
  160  00003360          	LC26_LF0:
  161  00003360  416c6c20	.ascii "All other processes completed, exiting main process.\n\000"
  161  00003364  6f746865	
  161  00003368  72207072	
  161  0000336c  6f636573	
  161  00003370  73657320	
  161  00003374  636f6d70	
  161  00003378  6c657465	
  161  0000337c  642c2065	
  161  00003380  78697469	
  161  00003384  6e67206d	
  161  00003388  61696e20	
  161  0000338c  70726f63	
  161  00003390  6573732e	
  161  00003394  0a00    	
  162  00003396          	.text
  163  000010d4          	.align 2
  164  000010d4          	.proc _main
  165  000010d4          	.global _main
  166  000010d4          	_main:
  167                      ;  Function 'main'; 112 bytes of locals, 0 regs to save.
  168  000010d4  afbefffc	sw	-4(r29),r30; push fp
  169  000010d8  001df020	add	r30,r0,r29; fp = sp
  170  000010dc  afbffff8	sw	-8(r29),r31; push ret addr
  171  000010e0  2fbd0078	subui	r29,r29,#120; alloc local storage
  172  000010e4  8fc20000	lw	r2,(r30)
  173  000010e8  8fc70004	lw	r7,4(r30)
  174  000010ec  0c0016f4	jal	___main
  175  000010f0  54000000	nop; not filled.
  176  000010f4  64410003	snei	r1,r2,#3
  177  000010f8  1020004c	beqz	r1,L14_LF0
  178  000010fc  54000000	nop; not filled.
  179  00001100  23bdfff8	addi	r29,r29,#-8
  180  00001104  3c0f0000	lhi	r15,((LC0_LF0)>>16)&0xffff
  181  00001108  25ef3000	addui	r15,r15,(LC0_LF0)&0xffff
  182  0000110c  afaf0000	sw	(r29),r15
  183  00001110  0c000820	jal	_Printf
  184  00001114  54000000	nop; not filled.
  185  00001118  8cef0000	lw	r15,(r7)
  186  0000111c  afaf0000	sw	(r29),r15
  187  00001120  0c000810	jal	_Printf
  188  00001124  54000000	nop; not filled.
  189  00001128  3c0f0000	lhi	r15,((LC1_LF0)>>16)&0xffff
  190  0000112c  25ef3008	addui	r15,r15,(LC1_LF0)&0xffff
  191  00001130  afaf0000	sw	(r29),r15
  192  00001134  0c0007fc	jal	_Printf
  193  00001138  54000000	nop; not filled.
  194  0000113c  0c0008fc	jal	_Exit
  195  00001140  54000000	nop; not filled.
  196  00001144  23bd0008	addi	r29,r29,#8
  197  00001148          	L14_LF0:
  198  00001148  23bdfff0	addi	r29,r29,#-16
  199  0000114c  8cef0004	lw	r15,4(r7)
  200  00001150  afaf0000	sw	(r29),r15
  201  00001154  200f0000	addi	r15,r0,#0
  202  00001158  afaf0004	sw	4(r29),r15
  203  0000115c  200f000a	addi	r15,r0,#10
  204  00001160  afaf0008	sw	8(r29),r15
  205  00001164  0c001180	jal	_dstrtol
  206  00001168  54000000	nop; not filled.
  207  0000116c  00016020	add	r12,r0,r1
  208  00001170  8cef0008	lw	r15,8(r7)
  209  00001174  afaf0000	sw	(r29),r15
  210  00001178  200f0000	addi	r15,r0,#0
  211  0000117c  afaf0004	sw	4(r29),r15
  212  00001180  200f000a	addi	r15,r0,#10
  213  00001184  afaf0008	sw	8(r29),r15
  214  00001188  0c00115c	jal	_dstrtol
  215  0000118c  54000000	nop; not filled.
  216  00001190  00017020	add	r14,r0,r1
  217  00001194  5981001f	srli	r1,r12,#0x1f
  218  00001198  01810820	add	r1,r12,r1
  219  0000119c  5c2b0001	srai	r11,r1,#0x1
  220  000011a0  000e4820	add	r9,r0,r14
  221  000011a4  51620001	slli	r2,r11,#0x1
  222  000011a8  23bd0010	addi	r29,r29,#16
  223  000011ac  0049082c	sle	r1,r2,r9
  224  000011b0  14200008	bnez	r1,L15_LF0
  225  000011b4  54000000	nop; not filled.
  226  000011b8  00091020	add	r2,r0,r9
  227  000011bc          	L15_LF0:
  228  000011bc  01690820	add	r1,r11,r9
  229  000011c0  00220820	add	r1,r1,r2
  230  000011c4  002c0820	add	r1,r1,r12
  231  000011c8  00291820	add	r3,r1,r9
  232  000011cc  51620001	slli	r2,r11,#0x1
  233  000011d0  00095020	add	r10,r0,r9
  234  000011d4  0142082d	sge	r1,r10,r2
  235  000011d8  14200008	bnez	r1,L16_LF0
  236  000011dc  54000000	nop; not filled.
  237  000011e0  00025020	add	r10,r0,r2
  238  000011e4          	L16_LF0:
  239  000011e4  23bdfff8	addi	r29,r29,#-8
  240  000011e8  00030822	sub	r1,r0,r3
  241  000011ec  20210001	addi	r1,r1,#1
  242  000011f0  afa10000	sw	(r29),r1
  243  000011f4  0c000778	jal	_sem_create
  244  000011f8  54000000	nop; not filled.
  245  000011fc  00016820	add	r13,r0,r1
  246  00001200  23bd0008	addi	r29,r29,#8
  247  00001204  61a1ffff	seqi	r1,r13,#-1
  248  00001208  10200038	beqz	r1,L17_LF0
  249  0000120c  54000000	nop; not filled.
  250  00001210  23bdfff8	addi	r29,r29,#-8
  251  00001214  3c0f0000	lhi	r15,((LC2_LF0)>>16)&0xffff
  252  00001218  25ef3054	addui	r15,r15,(LC2_LF0)&0xffff
  253  0000121c  afaf0000	sw	(r29),r15
  254  00001220  0c000710	jal	_Printf
  255  00001224  54000000	nop; not filled.
  256  00001228  8cef0000	lw	r15,(r7)
  257  0000122c  afaf0000	sw	(r29),r15
  258  00001230  0c000700	jal	_Printf
  259  00001234  54000000	nop; not filled.
  260  00001238  0c000800	jal	_Exit
  261  0000123c  54000000	nop; not filled.
  262  00001240  23bd0008	addi	r29,r29,#8
  263  00001244          	L17_LF0:
  264  00001244  0c0007a0	jal	_mbox_create
  265  00001248  54000000	nop; not filled.
  266  0000124c  00014020	add	r8,r0,r1
  267  00001250  6101ffff	seqi	r1,r8,#-1
  268  00001254  10200038	beqz	r1,L18_LF0
  269  00001258  54000000	nop; not filled.
  270  0000125c  23bdfff8	addi	r29,r29,#-8
  271  00001260  3c0f0000	lhi	r15,((LC3_LF0)>>16)&0xffff
  272  00001264  25ef307c	addui	r15,r15,(LC3_LF0)&0xffff
  273  00001268  afaf0000	sw	(r29),r15
  274  0000126c  0c0006c4	jal	_Printf
  275  00001270  54000000	nop; not filled.
  276  00001274  8cef0000	lw	r15,(r7)
  277  00001278  afaf0000	sw	(r29),r15
  278  0000127c  0c0006b4	jal	_Printf
  279  00001280  54000000	nop; not filled.
  280  00001284  0c0007b4	jal	_Exit
  281  00001288  54000000	nop; not filled.
  282  0000128c  23bd0008	addi	r29,r29,#8
  283  00001290          	L18_LF0:
  284  00001290  0c000754	jal	_mbox_create
  285  00001294  54000000	nop; not filled.
  286  00001298  00012820	add	r5,r0,r1
  287  0000129c  60a1ffff	seqi	r1,r5,#-1
  288  000012a0  10200038	beqz	r1,L19_LF0
  289  000012a4  54000000	nop; not filled.
  290  000012a8  23bdfff8	addi	r29,r29,#-8
  291  000012ac  3c0f0000	lhi	r15,((LC4_LF0)>>16)&0xffff
  292  000012b0  25ef3098	addui	r15,r15,(LC4_LF0)&0xffff
  293  000012b4  afaf0000	sw	(r29),r15
  294  000012b8  0c000678	jal	_Printf
  295  000012bc  54000000	nop; not filled.
  296  000012c0  8cef0000	lw	r15,(r7)
  297  000012c4  afaf0000	sw	(r29),r15
  298  000012c8  0c000668	jal	_Printf
  299  000012cc  54000000	nop; not filled.
  300  000012d0  0c000768	jal	_Exit
  301  000012d4  54000000	nop; not filled.
  302  000012d8  23bd0008	addi	r29,r29,#8
  303  000012dc          	L19_LF0:
  304  000012dc  0c000708	jal	_mbox_create
  305  000012e0  54000000	nop; not filled.
  306  000012e4  00012020	add	r4,r0,r1
  307  000012e8  6081ffff	seqi	r1,r4,#-1
  308  000012ec  10200038	beqz	r1,L20_LF0
  309  000012f0  54000000	nop; not filled.
  310  000012f4  23bdfff8	addi	r29,r29,#-8
  311  000012f8  3c0f0000	lhi	r15,((LC5_LF0)>>16)&0xffff
  312  000012fc  25ef30b4	addui	r15,r15,(LC5_LF0)&0xffff
  313  00001300  afaf0000	sw	(r29),r15
  314  00001304  0c00062c	jal	_Printf
  315  00001308  54000000	nop; not filled.
  316  0000130c  8cef0000	lw	r15,(r7)
  317  00001310  afaf0000	sw	(r29),r15
  318  00001314  0c00061c	jal	_Printf
  319  00001318  54000000	nop; not filled.
  320  0000131c  0c00071c	jal	_Exit
  321  00001320  54000000	nop; not filled.
  322  00001324  23bd0008	addi	r29,r29,#8
  323  00001328          	L20_LF0:
  324  00001328  0c0006bc	jal	_mbox_create
  325  0000132c  54000000	nop; not filled.
  326  00001330  00013020	add	r6,r0,r1
  327  00001334  60c1ffff	seqi	r1,r6,#-1
  328  00001338  10200038	beqz	r1,L21_LF0
  329  0000133c  54000000	nop; not filled.
  330  00001340  23bdfff8	addi	r29,r29,#-8
  331  00001344  3c0f0000	lhi	r15,((LC6_LF0)>>16)&0xffff
  332  00001348  25ef30d4	addui	r15,r15,(LC6_LF0)&0xffff
  333  0000134c  afaf0000	sw	(r29),r15
  334  00001350  0c0005e0	jal	_Printf
  335  00001354  54000000	nop; not filled.
  336  00001358  8cef0000	lw	r15,(r7)
  337  0000135c  afaf0000	sw	(r29),r15
  338  00001360  0c0005d0	jal	_Printf
  339  00001364  54000000	nop; not filled.
  340  00001368  0c0006d0	jal	_Exit
  341  0000136c  54000000	nop; not filled.
  342  00001370  23bd0008	addi	r29,r29,#8
  343  00001374          	L21_LF0:
  344  00001374  0c000670	jal	_mbox_create
  345  00001378  54000000	nop; not filled.
  346  0000137c  00011020	add	r2,r0,r1
  347  00001380  6041ffff	seqi	r1,r2,#-1
  348  00001384  10200038	beqz	r1,L22_LF0
  349  00001388  54000000	nop; not filled.
  350  0000138c  23bdfff8	addi	r29,r29,#-8
  351  00001390  3c0f0000	lhi	r15,((LC7_LF0)>>16)&0xffff
  352  00001394  25ef30f4	addui	r15,r15,(LC7_LF0)&0xffff
  353  00001398  afaf0000	sw	(r29),r15
  354  0000139c  0c000594	jal	_Printf
  355  000013a0  54000000	nop; not filled.
  356  000013a4  8cef0000	lw	r15,(r7)
  357  000013a8  afaf0000	sw	(r29),r15
  358  000013ac  0c000584	jal	_Printf
  359  000013b0  54000000	nop; not filled.
  360  000013b4  0c000684	jal	_Exit
  361  000013b8  54000000	nop; not filled.
  362  000013bc  23bd0008	addi	r29,r29,#8
  363  000013c0          	L22_LF0:
  364  000013c0  0c000624	jal	_mbox_create
  365  000013c4  54000000	nop; not filled.
  366  000013c8  00011820	add	r3,r0,r1
  367  000013cc  6061ffff	seqi	r1,r3,#-1
  368  000013d0  10200038	beqz	r1,L23_LF0
  369  000013d4  54000000	nop; not filled.
  370  000013d8  23bdfff8	addi	r29,r29,#-8
  371  000013dc  3c0f0000	lhi	r15,((LC8_LF0)>>16)&0xffff
  372  000013e0  25ef3114	addui	r15,r15,(LC8_LF0)&0xffff
  373  000013e4  afaf0000	sw	(r29),r15
  374  000013e8  0c000548	jal	_Printf
  375  000013ec  54000000	nop; not filled.
  376  000013f0  8cef0000	lw	r15,(r7)
  377  000013f4  afaf0000	sw	(r29),r15
  378  000013f8  0c000538	jal	_Printf
  379  000013fc  54000000	nop; not filled.
  380  00001400  0c000638	jal	_Exit
  381  00001404  54000000	nop; not filled.
  382  00001408  23bd0008	addi	r29,r29,#8
  383  0000140c          	L23_LF0:
  384  0000140c  23bdfff8	addi	r29,r29,#-8
  385  00001410  afa80000	sw	(r29),r8
  386  00001414  0c0005d0	jal	_mbox_create
  387  00001418  54000000	nop; not filled.
  388  0000141c  23bd0008	addi	r29,r29,#8
  389  00001420  6021ffff	seqi	r1,r1,#-1
  390  00001424  10200038	beqz	r1,L24_LF0
  391  00001428  54000000	nop; not filled.
  392  0000142c  23bdfff8	addi	r29,r29,#-8
  393  00001430  3c0f0000	lhi	r15,((LC9_LF0)>>16)&0xffff
  394  00001434  25ef3130	addui	r15,r15,(LC9_LF0)&0xffff
  395  00001438  afaf0000	sw	(r29),r15
  396  0000143c  0c0004f4	jal	_Printf
  397  00001440  54000000	nop; not filled.
  398  00001444  8cef0000	lw	r15,(r7)
  399  00001448  afaf0000	sw	(r29),r15
  400  0000144c  0c0004e4	jal	_Printf
  401  00001450  54000000	nop; not filled.
  402  00001454  0c0005e4	jal	_Exit
  403  00001458  54000000	nop; not filled.
  404  0000145c  23bd0008	addi	r29,r29,#8
  405  00001460          	L24_LF0:
  406  00001460  23bdfff8	addi	r29,r29,#-8
  407  00001464  afa50000	sw	(r29),r5
  408  00001468  0c00057c	jal	_mbox_create
  409  0000146c  54000000	nop; not filled.
  410  00001470  23bd0008	addi	r29,r29,#8
  411  00001474  6021ffff	seqi	r1,r1,#-1
  412  00001478  10200038	beqz	r1,L25_LF0
  413  0000147c  54000000	nop; not filled.
  414  00001480  23bdfff8	addi	r29,r29,#-8
  415  00001484  3c0f0000	lhi	r15,((LC10_LF0)>>16)&0xffff
  416  00001488  25ef3154	addui	r15,r15,(LC10_LF0)&0xffff
  417  0000148c  afaf0000	sw	(r29),r15
  418  00001490  0c0004a0	jal	_Printf
  419  00001494  54000000	nop; not filled.
  420  00001498  8cef0000	lw	r15,(r7)
  421  0000149c  afaf0000	sw	(r29),r15
  422  000014a0  0c000490	jal	_Printf
  423  000014a4  54000000	nop; not filled.
  424  000014a8  0c000590	jal	_Exit
  425  000014ac  54000000	nop; not filled.
  426  000014b0  23bd0008	addi	r29,r29,#8
  427  000014b4          	L25_LF0:
  428  000014b4  23bdfff8	addi	r29,r29,#-8
  429  000014b8  afa40000	sw	(r29),r4
  430  000014bc  0c000528	jal	_mbox_create
  431  000014c0  54000000	nop; not filled.
  432  000014c4  23bd0008	addi	r29,r29,#8
  433  000014c8  6021ffff	seqi	r1,r1,#-1
  434  000014cc  10200038	beqz	r1,L26_LF0
  435  000014d0  54000000	nop; not filled.
  436  000014d4  23bdfff8	addi	r29,r29,#-8
  437  000014d8  3c0f0000	lhi	r15,((LC11_LF0)>>16)&0xffff
  438  000014dc  25ef3178	addui	r15,r15,(LC11_LF0)&0xffff
  439  000014e0  afaf0000	sw	(r29),r15
  440  000014e4  0c00044c	jal	_Printf
  441  000014e8  54000000	nop; not filled.
  442  000014ec  8cef0000	lw	r15,(r7)
  443  000014f0  afaf0000	sw	(r29),r15
  444  000014f4  0c00043c	jal	_Printf
  445  000014f8  54000000	nop; not filled.
  446  000014fc  0c00053c	jal	_Exit
  447  00001500  54000000	nop; not filled.
  448  00001504  23bd0008	addi	r29,r29,#8
  449  00001508          	L26_LF0:
  450  00001508  23bdfff8	addi	r29,r29,#-8
  451  0000150c  afa60000	sw	(r29),r6
  452  00001510  0c0004d4	jal	_mbox_create
  453  00001514  54000000	nop; not filled.
  454  00001518  23bd0008	addi	r29,r29,#8
  455  0000151c  6021ffff	seqi	r1,r1,#-1
  456  00001520  10200038	beqz	r1,L27_LF0
  457  00001524  54000000	nop; not filled.
  458  00001528  23bdfff8	addi	r29,r29,#-8
  459  0000152c  3c0f0000	lhi	r15,((LC12_LF0)>>16)&0xffff
  460  00001530  25ef31a0	addui	r15,r15,(LC12_LF0)&0xffff
  461  00001534  afaf0000	sw	(r29),r15
  462  00001538  0c0003f8	jal	_Printf
  463  0000153c  54000000	nop; not filled.
  464  00001540  8cef0000	lw	r15,(r7)
  465  00001544  afaf0000	sw	(r29),r15
  466  00001548  0c0003e8	jal	_Printf
  467  0000154c  54000000	nop; not filled.
  468  00001550  0c0004e8	jal	_Exit
  469  00001554  54000000	nop; not filled.
  470  00001558  23bd0008	addi	r29,r29,#8
  471  0000155c          	L27_LF0:
  472  0000155c  23bdfff8	addi	r29,r29,#-8
  473  00001560  afa20000	sw	(r29),r2
  474  00001564  0c000480	jal	_mbox_create
  475  00001568  54000000	nop; not filled.
  476  0000156c  23bd0008	addi	r29,r29,#8
  477  00001570  6021ffff	seqi	r1,r1,#-1
  478  00001574  10200038	beqz	r1,L28_LF0
  479  00001578  54000000	nop; not filled.
  480  0000157c  23bdfff8	addi	r29,r29,#-8
  481  00001580  3c0f0000	lhi	r15,((LC13_LF0)>>16)&0xffff
  482  00001584  25ef31c4	addui	r15,r15,(LC13_LF0)&0xffff
  483  00001588  afaf0000	sw	(r29),r15
  484  0000158c  0c0003a4	jal	_Printf
  485  00001590  54000000	nop; not filled.
  486  00001594  8cef0000	lw	r15,(r7)
  487  00001598  afaf0000	sw	(r29),r15
  488  0000159c  0c000394	jal	_Printf
  489  000015a0  54000000	nop; not filled.
  490  000015a4  0c000494	jal	_Exit
  491  000015a8  54000000	nop; not filled.
  492  000015ac  23bd0008	addi	r29,r29,#8
  493  000015b0          	L28_LF0:
  494  000015b0  23bdfff8	addi	r29,r29,#-8
  495  000015b4  afa30000	sw	(r29),r3
  496  000015b8  0c00042c	jal	_mbox_create
  497  000015bc  54000000	nop; not filled.
  498  000015c0  23bd0008	addi	r29,r29,#8
  499  000015c4  6021ffff	seqi	r1,r1,#-1
  500  000015c8  10200038	beqz	r1,L29_LF0
  501  000015cc  54000000	nop; not filled.
  502  000015d0  23bdfff8	addi	r29,r29,#-8
  503  000015d4  3c0f0000	lhi	r15,((LC14_LF0)>>16)&0xffff
  504  000015d8  25ef31ec	addui	r15,r15,(LC14_LF0)&0xffff
  505  000015dc  afaf0000	sw	(r29),r15
  506  000015e0  0c000350	jal	_Printf
  507  000015e4  54000000	nop; not filled.
  508  000015e8  8cef0000	lw	r15,(r7)
  509  000015ec  afaf0000	sw	(r29),r15
  510  000015f0  0c000340	jal	_Printf
  511  000015f4  54000000	nop; not filled.
  512  000015f8  0c000440	jal	_Exit
  513  000015fc  54000000	nop; not filled.
  514  00001600  23bd0008	addi	r29,r29,#8
  515  00001604          	L29_LF0:
  516  00001604  23bdfff8	addi	r29,r29,#-8
  517  00001608  afa80000	sw	(r29),r8
  518  0000160c  23c8ffe8	addi	r8,r30,#-24
  519  00001610  afa80004	sw	4(r29),r8
  520  00001614  0c000b44	jal	_ditoa
  521  00001618  54000000	nop; not filled.
  522  0000161c  afa20000	sw	(r29),r2
  523  00001620  23c1ffd8	addi	r1,r30,#-40
  524  00001624  afa10004	sw	4(r29),r1
  525  00001628  0c000b30	jal	_ditoa
  526  0000162c  54000000	nop; not filled.
  527  00001630  afa50000	sw	(r29),r5
  528  00001634  23c5ffc8	addi	r5,r30,#-56
  529  00001638  afa50004	sw	4(r29),r5
  530  0000163c  0c000b1c	jal	_ditoa
  531  00001640  54000000	nop; not filled.
  532  00001644  afa40000	sw	(r29),r4
  533  00001648  23c4ffa8	addi	r4,r30,#-88
  534  0000164c  afa40004	sw	4(r29),r4
  535  00001650  0c000b08	jal	_ditoa
  536  00001654  54000000	nop; not filled.
  537  00001658  afa60000	sw	(r29),r6
  538  0000165c  23c1ffb8	addi	r1,r30,#-72
  539  00001660  afa10004	sw	4(r29),r1
  540  00001664  0c000af4	jal	_ditoa
  541  00001668  54000000	nop; not filled.
  542  0000166c  afa30000	sw	(r29),r3
  543  00001670  23c1ff98	addi	r1,r30,#-104
  544  00001674  afa10004	sw	4(r29),r1
  545  00001678  0c000ae0	jal	_ditoa
  546  0000167c  54000000	nop; not filled.
  547  00001680  afad0000	sw	(r29),r13
  548  00001684  23c3ff88	addi	r3,r30,#-120
  549  00001688  afa30004	sw	4(r29),r3
  550  0000168c  0c000acc	jal	_ditoa
  551  00001690  54000000	nop; not filled.
  552  00001694  3c0f0000	lhi	r15,((LC15_LF0)>>16)&0xffff
  553  00001698  25ef3210	addui	r15,r15,(LC15_LF0)&0xffff
  554  0000169c  afaf0000	sw	(r29),r15
  555  000016a0  afaa0004	sw	4(r29),r10
  556  000016a4  0c00028c	jal	_Printf
  557  000016a8  54000000	nop; not filled.
  558  000016ac  20020000	addi	r2,r0,#0
  559  000016b0  23bd0008	addi	r29,r29,#8
  560  000016b4  004a082a	slt	r1,r2,r10
  561  000016b8  1020018c	beqz	r1,L31_LF0
  562  000016bc  54000000	nop; not filled.
  563  000016c0  00053020	add	r6,r0,r5
  564  000016c4  00042820	add	r5,r0,r4
  565  000016c8  00082020	add	r4,r0,r8
  566  000016cc          	L33_LF0:
  567  000016cc  004c082a	slt	r1,r2,r12
  568  000016d0  10200038	beqz	r1,L34_LF0
  569  000016d4  54000000	nop; not filled.
  570  000016d8  23bdffe8	addi	r29,r29,#-24
  571  000016dc  3c0f0000	lhi	r15,((LC16_LF0)>>16)&0xffff
  572  000016e0  25ef3228	addui	r15,r15,(LC16_LF0)&0xffff
  573  000016e4  afaf0000	sw	(r29),r15
  574  000016e8  200f0000	addi	r15,r0,#0
  575  000016ec  afaf0004	sw	4(r29),r15
  576  000016f0  afaf0008	sw	8(r29),r15
  577  000016f4  afa6000c	sw	12(r29),r6
  578  000016f8  afa30010	sw	16(r29),r3
  579  000016fc  afaf0014	sw	20(r29),r15
  580  00001700  0c000248	jal	_process_create
  581  00001704  54000000	nop; not filled.
  582  00001708  23bd0018	addi	r29,r29,#24
  583  0000170c          	L34_LF0:
  584  0000170c  23bdfff8	addi	r29,r29,#-8
  585  00001710  3c0f0000	lhi	r15,((LC17_LF0)>>16)&0xffff
  586  00001714  25ef3240	addui	r15,r15,(LC17_LF0)&0xffff
  587  00001718  afaf0000	sw	(r29),r15
  588  0000171c  0c000214	jal	_Printf
  589  00001720  54000000	nop; not filled.
  590  00001724  23bd0008	addi	r29,r29,#8
  591  00001728  004e082a	slt	r1,r2,r14
  592  0000172c  10200038	beqz	r1,L35_LF0
  593  00001730  54000000	nop; not filled.
  594  00001734  23bdffe8	addi	r29,r29,#-24
  595  00001738  3c0f0000	lhi	r15,((LC18_LF0)>>16)&0xffff
  596  0000173c  25ef326c	addui	r15,r15,(LC18_LF0)&0xffff
  597  00001740  afaf0000	sw	(r29),r15
  598  00001744  200f0000	addi	r15,r0,#0
  599  00001748  afaf0004	sw	4(r29),r15
  600  0000174c  afaf0008	sw	8(r29),r15
  601  00001750  afa5000c	sw	12(r29),r5
  602  00001754  afa30010	sw	16(r29),r3
  603  00001758  afaf0014	sw	20(r29),r15
  604  0000175c  0c0001ec	jal	_process_create
  605  00001760  54000000	nop; not filled.
  606  00001764  23bd0018	addi	r29,r29,#24
  607  00001768          	L35_LF0:
  608  00001768  23bdfff8	addi	r29,r29,#-8
  609  0000176c  3c0f0000	lhi	r15,((LC19_LF0)>>16)&0xffff
  610  00001770  25ef3288	addui	r15,r15,(LC19_LF0)&0xffff
  611  00001774  afaf0000	sw	(r29),r15
  612  00001778  0c0001b8	jal	_Printf
  613  0000177c  54000000	nop; not filled.
  614  00001780  23bd0008	addi	r29,r29,#8
  615  00001784  004b082a	slt	r1,r2,r11
  616  00001788  10200044	beqz	r1,L36_LF0
  617  0000178c  54000000	nop; not filled.
  618  00001790  23bdffe0	addi	r29,r29,#-32
  619  00001794  3c0f0000	lhi	r15,((LC20_LF0)>>16)&0xffff
  620  00001798  25ef32b4	addui	r15,r15,(LC20_LF0)&0xffff
  621  0000179c  afaf0000	sw	(r29),r15
  622  000017a0  200f0000	addi	r15,r0,#0
  623  000017a4  afaf0004	sw	4(r29),r15
  624  000017a8  afaf0008	sw	8(r29),r15
  625  000017ac  afa6000c	sw	12(r29),r6
  626  000017b0  23c1ffd8	addi	r1,r30,#-40
  627  000017b4  afa10010	sw	16(r29),r1
  628  000017b8  afa40014	sw	20(r29),r4
  629  000017bc  afa30018	sw	24(r29),r3
  630  000017c0  afaf001c	sw	28(r29),r15
  631  000017c4  0c000184	jal	_process_create
  632  000017c8  54000000	nop; not filled.
  633  000017cc  23bd0020	addi	r29,r29,#32
  634  000017d0          	L36_LF0:
  635  000017d0  0049082a	slt	r1,r2,r9
  636  000017d4  10200044	beqz	r1,L37_LF0
  637  000017d8  54000000	nop; not filled.
  638  000017dc  23bdffe0	addi	r29,r29,#-32
  639  000017e0  3c0f0000	lhi	r15,((LC21_LF0)>>16)&0xffff
  640  000017e4  25ef32c8	addui	r15,r15,(LC21_LF0)&0xffff
  641  000017e8  afaf0000	sw	(r29),r15
  642  000017ec  200f0000	addi	r15,r0,#0
  643  000017f0  afaf0004	sw	4(r29),r15
  644  000017f4  afaf0008	sw	8(r29),r15
  645  000017f8  afa5000c	sw	12(r29),r5
  646  000017fc  23c1ffb8	addi	r1,r30,#-72
  647  00001800  afa10010	sw	16(r29),r1
  648  00001804  afa40014	sw	20(r29),r4
  649  00001808  afa30018	sw	24(r29),r3
  650  0000180c  afaf001c	sw	28(r29),r15
  651  00001810  0c000138	jal	_process_create
  652  00001814  54000000	nop; not filled.
  653  00001818  23bd0020	addi	r29,r29,#32
  654  0000181c          	L37_LF0:
  655  0000181c  23bdfff8	addi	r29,r29,#-8
  656  00001820  3c0f0000	lhi	r15,((LC22_LF0)>>16)&0xffff
  657  00001824  25ef32dc	addui	r15,r15,(LC22_LF0)&0xffff
  658  00001828  afaf0000	sw	(r29),r15
  659  0000182c  0c000104	jal	_Printf
  660  00001830  54000000	nop; not filled.
  661  00001834  23bd0008	addi	r29,r29,#8
  662  00001838  20420001	addi	r2,r2,#1
  663  0000183c  004a082a	slt	r1,r2,r10
  664  00001840  1420fe88	bnez	r1,L33_LF0
  665  00001844  54000000	nop; not filled.
  666  00001848          	L31_LF0:
  667  00001848  23bdfff8	addi	r29,r29,#-8
  668  0000184c  3c0f0000	lhi	r15,((LC23_LF0)>>16)&0xffff
  669  00001850  25ef3308	addui	r15,r15,(LC23_LF0)&0xffff
  670  00001854  afaf0000	sw	(r29),r15
  671  00001858  0c0000d8	jal	_Printf
  672  0000185c  54000000	nop; not filled.
  673  00001860  afad0000	sw	(r29),r13
  674  00001864  0c000114	jal	_sem_wait
  675  00001868  54000000	nop; not filled.
  676  0000186c  23bd0008	addi	r29,r29,#8
  677  00001870  64210001	snei	r1,r1,#1
  678  00001874  10200050	beqz	r1,L39_LF0
  679  00001878  54000000	nop; not filled.
  680  0000187c  23bdfff8	addi	r29,r29,#-8
  681  00001880  3c0f0000	lhi	r15,((LC24_LF0)>>16)&0xffff
  682  00001884  25ef3330	addui	r15,r15,(LC24_LF0)&0xffff
  683  00001888  afaf0000	sw	(r29),r15
  684  0000188c  afad0004	sw	4(r29),r13
  685  00001890  0c0000a0	jal	_Printf
  686  00001894  54000000	nop; not filled.
  687  00001898  8ce70000	lw	r7,(r7)
  688  0000189c  afa70000	sw	(r29),r7
  689  000018a0  0c000090	jal	_Printf
  690  000018a4  54000000	nop; not filled.
  691  000018a8  3c0f0000	lhi	r15,((LC25_LF0)>>16)&0xffff
  692  000018ac  25ef335c	addui	r15,r15,(LC25_LF0)&0xffff
  693  000018b0  afaf0000	sw	(r29),r15
  694  000018b4  0c00007c	jal	_Printf
  695  000018b8  54000000	nop; not filled.
  696  000018bc  0c00017c	jal	_Exit
  697  000018c0  54000000	nop; not filled.
  698  000018c4  23bd0008	addi	r29,r29,#8
  699  000018c8          	L39_LF0:
  700  000018c8  23bdfff8	addi	r29,r29,#-8
  701  000018cc  3c0f0000	lhi	r15,((LC26_LF0)>>16)&0xffff
  702  000018d0  25ef3360	addui	r15,r15,(LC26_LF0)&0xffff
  703  000018d4  afaf0000	sw	(r29),r15
  704  000018d8  0c000058	jal	_Printf
  705  000018dc  54000000	nop; not filled.
  706  000018e0  23bd0008	addi	r29,r29,#8
  707  000018e4  0c000ef0	jal	_exit
  708  000018e8  54000000	nop
  709  000018ec          	.endproc _main
  710                      ;;;
  711                      ;;; Stub functions for DLX traps.
  712                      ;;;
  713                      ;;; Ethan L. Miller, 1999.  Released to the public domain.
  714                      ;;;
  715                      ;;; The traps such as Open and Close
  716                      ;;; (note the capital letters) are for use by user programs.  The traps
  717                      ;;; with names such as open and close (lower case) are for use by the OS.
  718                      ;;;
  721  000018ec          	.align 2
  723                      ;;; The following are the traps to be used by user-level programs
  724                      ;;;
  726  000018ec          	.align 2
  727  000018ec          	.proc _Open
  728  000018ec          	.global _Open
  729  000018ec          	_Open:
  730                      ;;; Note that trap #0x213 actually causes a trap vector in the OS of
  731                      ;;; 0x1213.  The same is true for other user traps.  Thus, a user trap
  732                      ;;; with trap #0x240 will result in a trap vector of 0x1240 in the OS.
  733  000018ec  44000213	trap	#0x213
  734  000018f0  4be00000	jr	r31
  735  000018f4  54000000	nop
  736  000018f8          	.endproc _Open
  738  000018f8          	.proc _Close
  739  000018f8          	.global _Close
  740  000018f8          	_Close:
  741  000018f8  44000214	trap	#0x214
  742  000018fc  4be00000	jr	r31
  743  00001900  54000000	nop
  744  00001904          	.endproc _Close
  746  00001904          	.proc _Read
  747  00001904          	.global _Read
  748  00001904          	_Read:
  749  00001904  44000210	trap	#0x210
  750  00001908  4be00000	jr	r31
  751  0000190c  54000000	nop
  752  00001910          	.endproc _Read
  754  00001910          	.proc _Write
  755  00001910          	.global _Write
  756  00001910          	_Write:
  757  00001910  44000211	trap	#0x211
  758  00001914  4be00000	jr	r31
  759  00001918  54000000	nop
  760  0000191c          	.endproc _Write
  762  0000191c          	.proc _Lseek
  763  0000191c          	.global _Lseek
  764  0000191c          	_Lseek:
  765  0000191c  44000212	trap	#0x212
  766  00001920  4be00000	jr	r31
  767  00001924  54000000	nop
  768  00001928          	.endproc _Lseek
  770  00001928          	.proc _Putchar
  771  00001928          	.global _Putchar
  772  00001928          	_Putchar:
  773  00001928  44000280	trap	#0x280
  774  0000192c  4be00000	jr	r31
  775  00001930  54000000	nop
  776  00001934          	.endproc _Putchar
  778  00001934          	.proc _Printf
  779  00001934          	.global _Printf
  780  00001934          	_Printf:
  781  00001934  44000201	trap	#0x201
  782  00001938  4be00000	jr	r31
  783  0000193c  54000000	nop
  784  00001940          	.endproc _Printf
  786  00001940          	.proc _getpid
  787  00001940          	.global _getpid
  788  00001940          	_getpid:
  789  00001940  44000431	trap	#0x431
  790  00001944  4be00000	jr	r31
  791  00001948  54000000	nop
  792  0000194c          	.endproc _getpid
  794  0000194c          	.proc _process_create
  795  0000194c          	.global _process_create
  796  0000194c          	_process_create:
  797  0000194c  44000432	trap	#0x432
  798  00001950  4be00000	jr	r31
  799  00001954  54000000	nop
  800  00001958          	.endproc _process_create
  802  00001958          	.proc _shmget
  803  00001958          	.global _shmget
  804  00001958          	_shmget:
  805  00001958  44000440	trap	#0x440
  806  0000195c  4be00000	jr	r31
  807  00001960  54000000	nop
  808  00001964          	.endproc _shmget
  810  00001964          	.proc _shmat
  811  00001964          	.global _shmat
  812  00001964          	_shmat:
  813  00001964  44000441	trap	#0x441
  814  00001968  4be00000	jr	r31
  815  0000196c  54000000	nop
  816  00001970          	.endproc _shmat
  818  00001970          	.proc _sem_create
  819  00001970          	.global _sem_create
  820  00001970          	_sem_create:
  821  00001970  44000450	trap	#0x450
  822  00001974  4be00000	jr	r31
  823  00001978  54000000	nop
  824  0000197c          	.endproc _sem_create
  826  0000197c          	.proc _sem_wait
  827  0000197c          	.global _sem_wait
  828  0000197c          	_sem_wait:
  829  0000197c  44000451	trap	#0x451
  830  00001980  4be00000	jr	r31
  831  00001984  54000000	nop
  832  00001988          	.endproc _sem_wait
  834  00001988          	.proc _sem_signal
  835  00001988          	.global _sem_signal
  836  00001988          	_sem_signal:
  837  00001988  44000452	trap	#0x452
  838  0000198c  4be00000	jr	r31
  839  00001990  54000000	nop
  840  00001994          	.endproc _sem_signal
  842  00001994          	.proc _lock_create
  843  00001994          	.global _lock_create
  844  00001994          	_lock_create:
  845  00001994  44000453	trap	#0x453
  846  00001998  4be00000	jr	r31
  847  0000199c  54000000	nop
  848  000019a0          	.endproc _lock_create
  850  000019a0          	.proc _lock_acquire
  851  000019a0          	.global _lock_acquire
  852  000019a0          	_lock_acquire:
  853  000019a0  44000454	trap	#0x454
  854  000019a4  4be00000	jr	r31
  855  000019a8  54000000	nop
  856  000019ac          	.endproc _lock_acquire
  858  000019ac          	.proc _lock_release
  859  000019ac          	.global _lock_release
  860  000019ac          	_lock_release:
  861  000019ac  44000455	trap	#0x455
  862  000019b0  4be00000	jr	r31
  863  000019b4  54000000	nop
  864  000019b8          	.endproc _lock_release
  866  000019b8          	.proc _cond_create
  867  000019b8          	.global _cond_create
  868  000019b8          	_cond_create:
  869  000019b8  44000456	trap	#0x456
  870  000019bc  4be00000	jr	r31
  871  000019c0  54000000	nop
  872  000019c4          	.endproc _cond_create
  874  000019c4          	.proc _cond_wait
  875  000019c4          	.global _cond_wait
  876  000019c4          	_cond_wait:
  877  000019c4  44000457	trap	#0x457
  878  000019c8  4be00000	jr	r31
  879  000019cc  54000000	nop
  880  000019d0          	.endproc _cond_wait
  882  000019d0          	.proc _cond_signal
  883  000019d0          	.global _cond_signal
  884  000019d0          	_cond_signal:
  885  000019d0  44000458	trap	#0x458
  886  000019d4  4be00000	jr	r31
  887  000019d8  54000000	nop
  888  000019dc          	.endproc _cond_signal
  890  000019dc          	.proc _cond_broadcast
  891  000019dc          	.global _cond_broadcast
  892  000019dc          	_cond_broadcast:
  893  000019dc  44000459	trap	#0x459
  894  000019e0  4be00000	jr	r31
  895  000019e4  54000000	nop
  896  000019e8          	.endproc _cond_broadcast
  898  000019e8          	.proc _mbox_create
  899  000019e8          	.global _mbox_create
  900  000019e8          	_mbox_create:
  901  000019e8  44000460	trap	#0x460
  902  000019ec  4be00000	jr	r31
  903  000019f0  54000000	nop
  904  000019f4          	.endproc _mbox_create
  906  000019f4          	.proc _mbox_open
  907  000019f4          	.global _mbox_open
  908  000019f4          	_mbox_open:
  909  000019f4  44000461	trap	#0x461
  910  000019f8  4be00000	jr	r31
  911  000019fc  54000000	nop
  912  00001a00          	.endproc _mbox_open
  914  00001a00          	.proc _mbox_close
  915  00001a00          	.global _mbox_close
  916  00001a00          	_mbox_close:
  917  00001a00  44000462	trap	#0x462
  918  00001a04  4be00000	jr	r31
  919  00001a08  54000000	nop
  920  00001a0c          	.endproc _mbox_close
  922  00001a0c          	.proc _mbox_send
  923  00001a0c          	.global _mbox_send
  924  00001a0c          	_mbox_send:
  925  00001a0c  44000463	trap	#0x463
  926  00001a10  4be00000	jr	r31
  927  00001a14  54000000	nop
  928  00001a18          	.endproc _mbox_send
  930  00001a18          	.proc _mbox_recv
  931  00001a18          	.global _mbox_recv
  932  00001a18          	_mbox_recv:
  933  00001a18  44000464	trap	#0x464
  934  00001a1c  4be00000	jr	r31
  935  00001a20  54000000	nop
  936  00001a24          	.endproc _mbox_recv
  938  00001a24          	.proc _sleep
  939  00001a24          	.global _sleep
  940  00001a24          	_sleep:
  941  00001a24  44000465	trap	#0x465
  942  00001a28  4be00000	jr	r31
  943  00001a2c  54000000	nop
  944  00001a30          	.endproc _sleep
  946  00001a30          	.proc _yield
  947  00001a30          	.global _yield
  948  00001a30          	_yield:
  949  00001a30  44000466	trap	#0x466
  950  00001a34  4be00000	jr	r31
  951  00001a38  54000000	nop
  952  00001a3c          	.endproc _yield
  955  00001a3c          	.proc _Exit
  956  00001a3c          	.global _Exit
  957  00001a3c          	_Exit:
  958  00001a3c  44000500	trap	#0x500
  959  00001a40  4be00000	jr	r31
  960  00001a44  54000000	nop
  961  00001a48          	.endproc _Exit
  962                      ; Compiled by GCC
  964  00001a48          	.align 2
  965  00001a48          	.proc _isspace
  966  00001a48          	.global _isspace
  967  00001a48          	_isspace:
  968                      ;  Function 'isspace'; 0 bytes of locals, 3 regs to save.
  969  00001a48  afbefffc	sw	-4(r29),r30; push fp
  970  00001a4c  001df020	add	r30,r0,r29; fp = sp
  971  00001a50  afbffff8	sw	-8(r29),r31; push ret addr
  972  00001a54  2fbd0018	subui	r29,r29,#24; alloc local storage
  973  00001a58  afa20000	sw	0(r29),r2
  974  00001a5c  afa30004	sw	4(r29),r3
  975  00001a60  afa40008	sw	8(r29),r4
  976  00001a64  83c20003	lb	r2,3(r30)
  977  00001a68  20010000	addi	r1,r0,#0
  978  00001a6c  304300ff	andi	r3,r2,#0x00ff
  979  00001a70  60640020	seqi	r4,r3,#32
  980  00001a74  1480002c	bnez	r4,L3_LF2
  981  00001a78  54000000	nop; delay slot nop
  982  00001a7c  304300ff	andi	r3,r2,#0x00ff
  983  00001a80  60640009	seqi	r4,r3,#9
  984  00001a84  1480001c	bnez	r4,L3_LF2
  985  00001a88  54000000	nop; delay slot nop
  986  00001a8c  304300ff	andi	r3,r2,#0x00ff
  987  00001a90  6064000a	seqi	r4,r3,#10
  988  00001a94  1480000c	bnez	r4,L3_LF2
  989  00001a98  54000000	nop; delay slot nop
  990  00001a9c  08000008	j	L2_LF2
  991  00001aa0  54000000	nop; delay slot nop
  992  00001aa4          	L3_LF2:
  993  00001aa4  20010001	addi	r1,r0,#1
  994  00001aa8          	L2_LF2:
  995  00001aa8  08000004	j	L1_LF2
  996  00001aac  54000000	nop; delay slot nop
  997  00001ab0          	L1_LF2:
  998  00001ab0  8fa20000	lw	r2,0(r29)
  999  00001ab4  8fa30004	lw	r3,4(r29)
 1000  00001ab8  8fa40008	lw	r4,8(r29)
 1001  00001abc  8fdffff8	lw	r31,-8(r30)
 1002  00001ac0  001ee820	add	r29,r0,r30
 1003  00001ac4  8fdefffc	lw	r30,-4(r30)
 1004  00001ac8  4be00000	jr	r31
 1005  00001acc  54000000	nop
 1006  00001ad0          	.endproc _isspace
 1007  00001ad0          	.align 2
 1008  00001ad0          	.proc _isxdigit
 1009  00001ad0          	.global _isxdigit
 1010  00001ad0          	_isxdigit:
 1011                      ;  Function 'isxdigit'; 0 bytes of locals, 3 regs to save.
 1012  00001ad0  afbefffc	sw	-4(r29),r30; push fp
 1013  00001ad4  001df020	add	r30,r0,r29; fp = sp
 1014  00001ad8  afbffff8	sw	-8(r29),r31; push ret addr
 1015  00001adc  2fbd0018	subui	r29,r29,#24; alloc local storage
 1016  00001ae0  afa20000	sw	0(r29),r2
 1017  00001ae4  afa30004	sw	4(r29),r3
 1018  00001ae8  afa40008	sw	8(r29),r4
 1019  00001aec  83c20003	lb	r2,3(r30)
 1020  00001af0  20010000	addi	r1,r0,#0
 1021  00001af4  304300ff	andi	r3,r2,#0x00ff
 1022  00001af8  6c64002f	sgtui	r4,r3,#47
 1023  00001afc  1080001c	beqz	r4,L7_LF2
 1024  00001b00  54000000	nop; delay slot nop
 1025  00001b04  304300ff	andi	r3,r2,#0x00ff
 1026  00001b08  70640039	sleui	r4,r3,#57
 1027  00001b0c  1480005c	bnez	r4,L6_LF2
 1028  00001b10  54000000	nop; delay slot nop
 1029  00001b14  08000004	j	L7_LF2
 1030  00001b18  54000000	nop; delay slot nop
 1031  00001b1c          	L7_LF2:
 1032  00001b1c  304300ff	andi	r3,r2,#0x00ff
 1033  00001b20  6c640060	sgtui	r4,r3,#96
 1034  00001b24  1080001c	beqz	r4,L8_LF2
 1035  00001b28  54000000	nop; delay slot nop
 1036  00001b2c  304300ff	andi	r3,r2,#0x00ff
 1037  00001b30  70640066	sleui	r4,r3,#102
 1038  00001b34  14800034	bnez	r4,L6_LF2
 1039  00001b38  54000000	nop; delay slot nop
 1040  00001b3c  08000004	j	L8_LF2
 1041  00001b40  54000000	nop; delay slot nop
 1042  00001b44          	L8_LF2:
 1043  00001b44  304300ff	andi	r3,r2,#0x00ff
 1044  00001b48  6c640040	sgtui	r4,r3,#64
 1045  00001b4c  10800020	beqz	r4,L5_LF2
 1046  00001b50  54000000	nop; delay slot nop
 1047  00001b54  304300ff	andi	r3,r2,#0x00ff
 1048  00001b58  70640041	sleui	r4,r3,#65
 1049  00001b5c  1480000c	bnez	r4,L6_LF2
 1050  00001b60  54000000	nop; delay slot nop
 1051  00001b64  08000008	j	L5_LF2
 1052  00001b68  54000000	nop; delay slot nop
 1053  00001b6c          	L6_LF2:
 1054  00001b6c  20010001	addi	r1,r0,#1
 1055  00001b70          	L5_LF2:
 1056  00001b70  08000004	j	L4_LF2
 1057  00001b74  54000000	nop; delay slot nop
 1058  00001b78          	L4_LF2:
 1059  00001b78  8fa20000	lw	r2,0(r29)
 1060  00001b7c  8fa30004	lw	r3,4(r29)
 1061  00001b80  8fa40008	lw	r4,8(r29)
 1062  00001b84  8fdffff8	lw	r31,-8(r30)
 1063  00001b88  001ee820	add	r29,r0,r30
 1064  00001b8c  8fdefffc	lw	r30,-4(r30)
 1065  00001b90  4be00000	jr	r31
 1066  00001b94  54000000	nop
 1067  00001b98          	.endproc _isxdigit
 1068  00001b98          	.align 2
 1069  00001b98          	.proc _dstrcpy
 1070  00001b98          	.global _dstrcpy
 1071  00001b98          	_dstrcpy:
 1072                      ;  Function 'dstrcpy'; 8 bytes of locals, 2 regs to save.
 1073  00001b98  afbefffc	sw	-4(r29),r30; push fp
 1074  00001b9c  001df020	add	r30,r0,r29; fp = sp
 1075  00001ba0  afbffff8	sw	-8(r29),r31; push ret addr
 1076  00001ba4  2fbd0018	subui	r29,r29,#24; alloc local storage
 1077  00001ba8  afa20000	sw	0(r29),r2
 1078  00001bac  afa30004	sw	4(r29),r3
 1079  00001bb0  8fc10000	lw	r1,(r30)
 1080  00001bb4  afc1fff4	sw	-12(r30),r1
 1081  00001bb8          	L10_LF2:
 1082  00001bb8  8fc10000	lw	r1,(r30)
 1083  00001bbc  20220001	addi	r2,r1,#1
 1084  00001bc0  afc20000	sw	(r30),r2
 1085  00001bc4  8fc20004	lw	r2,4(r30)
 1086  00001bc8  20430001	addi	r3,r2,#1
 1087  00001bcc  afc30004	sw	4(r30),r3
 1088  00001bd0  80420000	lb	r2,(r2)
 1089  00001bd4  a0220000	sb	(r1),r2
 1090  00001bd8  a3c2fff3	sb	-13(r30),r2
 1091  00001bdc          	L12_LF2:
 1092  00001bdc  93c1fff3	lbu	r1,-13(r30)
 1093  00001be0  64220000	snei	r2,r1,#0
 1094  00001be4  1440000c	bnez	r2,L13_LF2
 1095  00001be8  54000000	nop; delay slot nop
 1096  00001bec  0800000c	j	L11_LF2
 1097  00001bf0  54000000	nop; delay slot nop
 1098  00001bf4          	L13_LF2:
 1099  00001bf4  0bffffc0	j	L10_LF2
 1100  00001bf8  54000000	nop; delay slot nop
 1101  00001bfc          	L11_LF2:
 1102  00001bfc  8fc1fff4	lw	r1,-12(r30)
 1103  00001c00  08000004	j	L9_LF2
 1104  00001c04  54000000	nop; delay slot nop
 1105  00001c08          	L9_LF2:
 1106  00001c08  8fa20000	lw	r2,0(r29)
 1107  00001c0c  8fa30004	lw	r3,4(r29)
 1108  00001c10  8fdffff8	lw	r31,-8(r30)
 1109  00001c14  001ee820	add	r29,r0,r30
 1110  00001c18  8fdefffc	lw	r30,-4(r30)
 1111  00001c1c  4be00000	jr	r31
 1112  00001c20  54000000	nop
 1113  00001c24          	.endproc _dstrcpy
 1114  00001c24          	.align 2
 1115  00001c24          	.proc _dstrncpy
 1116  00001c24          	.global _dstrncpy
 1117  00001c24          	_dstrncpy:
 1118                      ;  Function 'dstrncpy'; 8 bytes of locals, 2 regs to save.
 1119  00001c24  afbefffc	sw	-4(r29),r30; push fp
 1120  00001c28  001df020	add	r30,r0,r29; fp = sp
 1121  00001c2c  afbffff8	sw	-8(r29),r31; push ret addr
 1122  00001c30  2fbd0018	subui	r29,r29,#24; alloc local storage
 1123  00001c34  afa20000	sw	0(r29),r2
 1124  00001c38  afa30004	sw	4(r29),r3
 1125  00001c3c  8fc10000	lw	r1,(r30)
 1126  00001c40  afc1fff4	sw	-12(r30),r1
 1127  00001c44          	L15_LF2:
 1128  00001c44  8fc10008	lw	r1,8(r30)
 1129  00001c48  2022ffff	addi	r2,r1,#-1
 1130  00001c4c  afc20008	sw	8(r30),r2
 1131  00001c50  70210000	slei	r1,r1,#0
 1132  00001c54  1020000c	beqz	r1,L18_LF2
 1133  00001c58  54000000	nop; delay slot nop
 1134  00001c5c  08000048	j	L16_LF2
 1135  00001c60  54000000	nop; delay slot nop
 1136  00001c64          	L18_LF2:
 1137  00001c64  8fc10000	lw	r1,(r30)
 1138  00001c68  20220001	addi	r2,r1,#1
 1139  00001c6c  afc20000	sw	(r30),r2
 1140  00001c70  8fc20004	lw	r2,4(r30)
 1141  00001c74  20430001	addi	r3,r2,#1
 1142  00001c78  afc30004	sw	4(r30),r3
 1143  00001c7c  80420000	lb	r2,(r2)
 1144  00001c80  a0220000	sb	(r1),r2
 1145  00001c84  a3c2fff3	sb	-13(r30),r2
 1146  00001c88          	L17_LF2:
 1147  00001c88  93c1fff3	lbu	r1,-13(r30)
 1148  00001c8c  64220000	snei	r2,r1,#0
 1149  00001c90  1440000c	bnez	r2,L19_LF2
 1150  00001c94  54000000	nop; delay slot nop
 1151  00001c98  0800000c	j	L16_LF2
 1152  00001c9c  54000000	nop; delay slot nop
 1153  00001ca0          	L19_LF2:
 1154  00001ca0  0bffffa0	j	L15_LF2
 1155  00001ca4  54000000	nop; delay slot nop
 1156  00001ca8          	L16_LF2:
 1157  00001ca8  8fc1fff4	lw	r1,-12(r30)
 1158  00001cac  08000004	j	L14_LF2
 1159  00001cb0  54000000	nop; delay slot nop
 1160  00001cb4          	L14_LF2:
 1161  00001cb4  8fa20000	lw	r2,0(r29)
 1162  00001cb8  8fa30004	lw	r3,4(r29)
 1163  00001cbc  8fdffff8	lw	r31,-8(r30)
 1164  00001cc0  001ee820	add	r29,r0,r30
 1165  00001cc4  8fdefffc	lw	r30,-4(r30)
 1166  00001cc8  4be00000	jr	r31
 1167  00001ccc  54000000	nop
 1168  00001cd0          	.endproc _dstrncpy
 1169  00001cd0          	.align 2
 1170  00001cd0          	.proc _dstrcat
 1171  00001cd0          	.global _dstrcat
 1172  00001cd0          	_dstrcat:
 1173                      ;  Function 'dstrcat'; 8 bytes of locals, 1 regs to save.
 1174  00001cd0  afbefffc	sw	-4(r29),r30; push fp
 1175  00001cd4  001df020	add	r30,r0,r29; fp = sp
 1176  00001cd8  afbffff8	sw	-8(r29),r31; push ret addr
 1177  00001cdc  2fbd0018	subui	r29,r29,#24; alloc local storage
 1178  00001ce0  afa20000	sw	0(r29),r2
 1179  00001ce4  8fc10000	lw	r1,(r30)
 1180  00001ce8  afc1fff4	sw	-12(r30),r1
 1181  00001cec          	L21_LF2:
 1182  00001cec  8fc10000	lw	r1,(r30)
 1183  00001cf0  90220000	lbu	r2,(r1)
 1184  00001cf4  64410000	snei	r1,r2,#0
 1185  00001cf8  1420000c	bnez	r1,L23_LF2
 1186  00001cfc  54000000	nop; delay slot nop
 1187  00001d00  0800001c	j	L22_LF2
 1188  00001d04  54000000	nop; delay slot nop
 1189  00001d08          	L23_LF2:
 1190  00001d08  8fc20000	lw	r2,(r30)
 1191  00001d0c  20410001	addi	r1,r2,#1
 1192  00001d10  00011020	add	r2,r0,r1
 1193  00001d14  afc20000	sw	(r30),r2
 1194  00001d18  0bffffd0	j	L21_LF2
 1195  00001d1c  54000000	nop; delay slot nop
 1196  00001d20          	L22_LF2:
 1197  00001d20  23bdfff8	addi	r29,r29,#-8
 1198  00001d24  001d0820	add	r1,r0,r29
 1199  00001d28  8fc20000	lw	r2,(r30)
 1200  00001d2c  ac220000	sw	(r1),r2
 1201  00001d30  8fc20004	lw	r2,4(r30)
 1202  00001d34  ac220004	sw	4(r1),r2
 1203  00001d38  0ffffe5c	jal	_dstrcpy
 1204  00001d3c  54000000	nop; delay slot nop
 1205  00001d40  23bd0008	addi	r29,r29,#8
 1206  00001d44  8fc1fff4	lw	r1,-12(r30)
 1207  00001d48  08000004	j	L20_LF2
 1208  00001d4c  54000000	nop; delay slot nop
 1209  00001d50          	L20_LF2:
 1210  00001d50  8fa20000	lw	r2,0(r29)
 1211  00001d54  8fdffff8	lw	r31,-8(r30)
 1212  00001d58  001ee820	add	r29,r0,r30
 1213  00001d5c  8fdefffc	lw	r30,-4(r30)
 1214  00001d60  4be00000	jr	r31
 1215  00001d64  54000000	nop
 1216  00001d68          	.endproc _dstrcat
 1217  00001d68          	.align 2
 1218  00001d68          	.proc _dstrncmp
 1219  00001d68          	.global _dstrncmp
 1220  00001d68          	_dstrncmp:
 1221                      ;  Function 'dstrncmp'; 8 bytes of locals, 2 regs to save.
 1222  00001d68  afbefffc	sw	-4(r29),r30; push fp
 1223  00001d6c  001df020	add	r30,r0,r29; fp = sp
 1224  00001d70  afbffff8	sw	-8(r29),r31; push ret addr
 1225  00001d74  2fbd0018	subui	r29,r29,#24; alloc local storage
 1226  00001d78  afa20000	sw	0(r29),r2
 1227  00001d7c  afa30004	sw	4(r29),r3
 1228  00001d80  54000000	nop
 1229  00001d84  20010000	addi	r1,r0,#0
 1230  00001d88  afc1fff4	sw	-12(r30),r1
 1231  00001d8c          	L25_LF2:
 1232  00001d8c  8fc1fff4	lw	r1,-12(r30)
 1233  00001d90  8fc20008	lw	r2,8(r30)
 1234  00001d94  0022082a	slt	r1,r1,r2
 1235  00001d98  1420000c	bnez	r1,L28_LF2
 1236  00001d9c  54000000	nop; delay slot nop
 1237  00001da0  08000088	j	L26_LF2
 1238  00001da4  54000000	nop; delay slot nop
 1239  00001da8          	L28_LF2:
 1240  00001da8  8fc10004	lw	r1,4(r30)
 1241  00001dac  90220000	lbu	r2,(r1)
 1242  00001db0  64410000	snei	r1,r2,#0
 1243  00001db4  14200018	bnez	r1,L29_LF2
 1244  00001db8  54000000	nop; delay slot nop
 1245  00001dbc  20010000	addi	r1,r0,#0
 1246  00001dc0  080000d8	j	L24_LF2
 1247  00001dc4  54000000	nop; delay slot nop
 1248  00001dc8  08000028	j	L30_LF2
 1249  00001dcc  54000000	nop; delay slot nop
 1250  00001dd0          	L29_LF2:
 1251  00001dd0  8fc10000	lw	r1,(r30)
 1252  00001dd4  8fc20004	lw	r2,4(r30)
 1253  00001dd8  90210000	lbu	r1,(r1)
 1254  00001ddc  90420000	lbu	r2,(r2)
 1255  00001de0  00220829	sne	r1,r1,r2
 1256  00001de4  1020000c	beqz	r1,L30_LF2
 1257  00001de8  54000000	nop; delay slot nop
 1258  00001dec  0800003c	j	L26_LF2
 1259  00001df0  54000000	nop; delay slot nop
 1260  00001df4          	L31_LF2:
 1261  00001df4          	L30_LF2:
 1262  00001df4  8fc20000	lw	r2,(r30)
 1263  00001df8  20410001	addi	r1,r2,#1
 1264  00001dfc  00011020	add	r2,r0,r1
 1265  00001e00  afc20000	sw	(r30),r2
 1266  00001e04  8fc20004	lw	r2,4(r30)
 1267  00001e08  20410001	addi	r1,r2,#1
 1268  00001e0c  00011020	add	r2,r0,r1
 1269  00001e10  afc20004	sw	4(r30),r2
 1270  00001e14          	L27_LF2:
 1271  00001e14  8fc2fff4	lw	r2,-12(r30)
 1272  00001e18  20410001	addi	r1,r2,#1
 1273  00001e1c  00011020	add	r2,r0,r1
 1274  00001e20  afc2fff4	sw	-12(r30),r2
 1275  00001e24  0bffff64	j	L25_LF2
 1276  00001e28  54000000	nop; delay slot nop
 1277  00001e2c          	L26_LF2:
 1278  00001e2c  8fc1fff4	lw	r1,-12(r30)
 1279  00001e30  8fc20008	lw	r2,8(r30)
 1280  00001e34  00220828	seq	r1,r1,r2
 1281  00001e38  10200018	beqz	r1,L32_LF2
 1282  00001e3c  54000000	nop; delay slot nop
 1283  00001e40  20010000	addi	r1,r0,#0
 1284  00001e44  08000054	j	L24_LF2
 1285  00001e48  54000000	nop; delay slot nop
 1286  00001e4c  0800004c	j	L33_LF2
 1287  00001e50  54000000	nop; delay slot nop
 1288  00001e54          	L32_LF2:
 1289  00001e54  8fc20000	lw	r2,(r30)
 1290  00001e58  90410000	lbu	r1,(r2)
 1291  00001e5c  8fc20004	lw	r2,4(r30)
 1292  00001e60  90430000	lbu	r3,(r2)
 1293  00001e64  00230822	sub	r1,r1,r3
 1294  00001e68  74220000	sgei	r2,r1,#0
 1295  00001e6c  10400020	beqz	r2,L34_LF2
 1296  00001e70  54000000	nop; delay slot nop
 1297  00001e74  8fc10000	lw	r1,(r30)
 1298  00001e78  8fc20004	lw	r2,4(r30)
 1299  00001e7c  90210000	lbu	r1,(r1)
 1300  00001e80  90420000	lbu	r2,(r2)
 1301  00001e84  00220829	sne	r1,r1,r2
 1302  00001e88  08000008	j	L35_LF2
 1303  00001e8c  54000000	nop; delay slot nop
 1304  00001e90          	L34_LF2:
 1305  00001e90  2001ffff	addi	r1,r0,#-1
 1306  00001e94          	L35_LF2:
 1307  00001e94  08000004	j	L24_LF2
 1308  00001e98  54000000	nop; delay slot nop
 1309  00001e9c          	L33_LF2:
 1310  00001e9c          	L24_LF2:
 1311  00001e9c  8fa20000	lw	r2,0(r29)
 1312  00001ea0  8fa30004	lw	r3,4(r29)
 1313  00001ea4  8fdffff8	lw	r31,-8(r30)
 1314  00001ea8  001ee820	add	r29,r0,r30
 1315  00001eac  8fdefffc	lw	r30,-4(r30)
 1316  00001eb0  4be00000	jr	r31
 1317  00001eb4  54000000	nop
 1318  00001eb8          	.endproc _dstrncmp
 1319  00001eb8          	.align 2
 1320  00001eb8          	.proc _dstrlen
 1321  00001eb8          	.global _dstrlen
 1322  00001eb8          	_dstrlen:
 1323                      ;  Function 'dstrlen'; 8 bytes of locals, 1 regs to save.
 1324  00001eb8  afbefffc	sw	-4(r29),r30; push fp
 1325  00001ebc  001df020	add	r30,r0,r29; fp = sp
 1326  00001ec0  afbffff8	sw	-8(r29),r31; push ret addr
 1327  00001ec4  2fbd0018	subui	r29,r29,#24; alloc local storage
 1328  00001ec8  afa20000	sw	0(r29),r2
 1329  00001ecc  20010000	addi	r1,r0,#0
 1330  00001ed0  afc1fff4	sw	-12(r30),r1
 1331  00001ed4          	L37_LF2:
 1332  00001ed4  8fc10000	lw	r1,(r30)
 1333  00001ed8  20220001	addi	r2,r1,#1
 1334  00001edc  afc20000	sw	(r30),r2
 1335  00001ee0  90210000	lbu	r1,(r1)
 1336  00001ee4  64220000	snei	r2,r1,#0
 1337  00001ee8  1440000c	bnez	r2,L39_LF2
 1338  00001eec  54000000	nop; delay slot nop
 1339  00001ef0  0800001c	j	L38_LF2
 1340  00001ef4  54000000	nop; delay slot nop
 1341  00001ef8          	L39_LF2:
 1342  00001ef8  8fc2fff4	lw	r2,-12(r30)
 1343  00001efc  20410001	addi	r1,r2,#1
 1344  00001f00  00011020	add	r2,r0,r1
 1345  00001f04  afc2fff4	sw	-12(r30),r2
 1346  00001f08  0bffffc8	j	L37_LF2
 1347  00001f0c  54000000	nop; delay slot nop
 1348  00001f10          	L38_LF2:
 1349  00001f10  8fc1fff4	lw	r1,-12(r30)
 1350  00001f14  08000004	j	L36_LF2
 1351  00001f18  54000000	nop; delay slot nop
 1352  00001f1c          	L36_LF2:
 1353  00001f1c  8fa20000	lw	r2,0(r29)
 1354  00001f20  8fdffff8	lw	r31,-8(r30)
 1355  00001f24  001ee820	add	r29,r0,r30
 1356  00001f28  8fdefffc	lw	r30,-4(r30)
 1357  00001f2c  4be00000	jr	r31
 1358  00001f30  54000000	nop
 1359  00001f34          	.endproc _dstrlen
 1360  00001f34          	.align 2
 1361  00001f34          	.proc _dstrstr
 1362  00001f34          	.global _dstrstr
 1363  00001f34          	_dstrstr:
 1364                      ;  Function 'dstrstr'; 8 bytes of locals, 1 regs to save.
 1365  00001f34  afbefffc	sw	-4(r29),r30; push fp
 1366  00001f38  001df020	add	r30,r0,r29; fp = sp
 1367  00001f3c  afbffff8	sw	-8(r29),r31; push ret addr
 1368  00001f40  2fbd0018	subui	r29,r29,#24; alloc local storage
 1369  00001f44  afa20000	sw	0(r29),r2
 1370  00001f48  23bdfff8	addi	r29,r29,#-8
 1371  00001f4c  001d0820	add	r1,r0,r29
 1372  00001f50  8fc20004	lw	r2,4(r30)
 1373  00001f54  ac220000	sw	(r1),r2
 1374  00001f58  0fffff5c	jal	_dstrlen
 1375  00001f5c  54000000	nop; delay slot nop
 1376  00001f60  23bd0008	addi	r29,r29,#8
 1377  00001f64  afc1fff4	sw	-12(r30),r1
 1378  00001f68          	L41_LF2:
 1379  00001f68  8fc10000	lw	r1,(r30)
 1380  00001f6c  90220000	lbu	r2,(r1)
 1381  00001f70  64410000	snei	r1,r2,#0
 1382  00001f74  1420000c	bnez	r1,L43_LF2
 1383  00001f78  54000000	nop; delay slot nop
 1384  00001f7c  08000060	j	L42_LF2
 1385  00001f80  54000000	nop; delay slot nop
 1386  00001f84          	L43_LF2:
 1387  00001f84  23bdfff0	addi	r29,r29,#-16
 1388  00001f88  001d0820	add	r1,r0,r29
 1389  00001f8c  8fc20000	lw	r2,(r30)
 1390  00001f90  ac220000	sw	(r1),r2
 1391  00001f94  8fc20004	lw	r2,4(r30)
 1392  00001f98  ac220004	sw	4(r1),r2
 1393  00001f9c  8fc2fff4	lw	r2,-12(r30)
 1394  00001fa0  ac220008	sw	8(r1),r2
 1395  00001fa4  0ffffdc0	jal	_dstrncmp
 1396  00001fa8  54000000	nop; delay slot nop
 1397  00001fac  23bd0010	addi	r29,r29,#16
 1398  00001fb0  64220000	snei	r2,r1,#0
 1399  00001fb4  14400010	bnez	r2,L44_LF2
 1400  00001fb8  54000000	nop; delay slot nop
 1401  00001fbc  8fc10000	lw	r1,(r30)
 1402  00001fc0  08000028	j	L40_LF2
 1403  00001fc4  54000000	nop; delay slot nop
 1404  00001fc8          	L44_LF2:
 1405  00001fc8  8fc20000	lw	r2,(r30)
 1406  00001fcc  20410001	addi	r1,r2,#1
 1407  00001fd0  00011020	add	r2,r0,r1
 1408  00001fd4  afc20000	sw	(r30),r2
 1409  00001fd8  0bffff8c	j	L41_LF2
 1410  00001fdc  54000000	nop; delay slot nop
 1411  00001fe0          	L42_LF2:
 1412  00001fe0  20010000	addi	r1,r0,#0
 1413  00001fe4  08000004	j	L40_LF2
 1414  00001fe8  54000000	nop; delay slot nop
 1415  00001fec          	L40_LF2:
 1416  00001fec  8fa20000	lw	r2,0(r29)
 1417  00001ff0  8fdffff8	lw	r31,-8(r30)
 1418  00001ff4  001ee820	add	r29,r0,r30
 1419  00001ff8  8fdefffc	lw	r30,-4(r30)
 1420  00001ffc  4be00000	jr	r31
 1421  00002000  54000000	nop
 1422  00002004          	.endproc _dstrstr
 1423  00002004          	.align 2
 1424  00002004          	.proc _dmindex
 1425  00002004          	.global _dmindex
 1426  00002004          	_dmindex:
 1427                      ;  Function 'dmindex'; 8 bytes of locals, 1 regs to save.
 1428  00002004  afbefffc	sw	-4(r29),r30; push fp
 1429  00002008  001df020	add	r30,r0,r29; fp = sp
 1430  0000200c  afbffff8	sw	-8(r29),r31; push ret addr
 1431  00002010  2fbd0018	subui	r29,r29,#24; alloc local storage
 1432  00002014  afa20000	sw	0(r29),r2
 1433  00002018  54000000	nop
 1434  0000201c          	L46_LF2:
 1435  0000201c  8fc10000	lw	r1,(r30)
 1436  00002020  90220000	lbu	r2,(r1)
 1437  00002024  64410000	snei	r1,r2,#0
 1438  00002028  1420000c	bnez	r1,L48_LF2
 1439  0000202c  54000000	nop; delay slot nop
 1440  00002030  08000070	j	L47_LF2
 1441  00002034  54000000	nop; delay slot nop
 1442  00002038          	L48_LF2:
 1443  00002038  8fc10004	lw	r1,4(r30)
 1444  0000203c  afc1fff4	sw	-12(r30),r1
 1445  00002040          	L49_LF2:
 1446  00002040  8fc1fff4	lw	r1,-12(r30)
 1447  00002044  90220000	lbu	r2,(r1)
 1448  00002048  64410000	snei	r1,r2,#0
 1449  0000204c  1420000c	bnez	r1,L52_LF2
 1450  00002050  54000000	nop; delay slot nop
 1451  00002054  08000044	j	L50_LF2
 1452  00002058  54000000	nop; delay slot nop
 1453  0000205c          	L52_LF2:
 1454  0000205c  8fc10000	lw	r1,(r30)
 1455  00002060  8fc2fff4	lw	r2,-12(r30)
 1456  00002064  90210000	lbu	r1,(r1)
 1457  00002068  90420000	lbu	r2,(r2)
 1458  0000206c  00220828	seq	r1,r1,r2
 1459  00002070  10200010	beqz	r1,L51_LF2
 1460  00002074  54000000	nop; delay slot nop
 1461  00002078  8fc10000	lw	r1,(r30)
 1462  0000207c  08000030	j	L45_LF2
 1463  00002080  54000000	nop; delay slot nop
 1464  00002084          	L53_LF2:
 1465  00002084          	L51_LF2:
 1466  00002084  8fc2fff4	lw	r2,-12(r30)
 1467  00002088  20410001	addi	r1,r2,#1
 1468  0000208c  00011020	add	r2,r0,r1
 1469  00002090  afc2fff4	sw	-12(r30),r2
 1470  00002094  0bffffa8	j	L49_LF2
 1471  00002098  54000000	nop; delay slot nop
 1472  0000209c          	L50_LF2:
 1473  0000209c  0bffff7c	j	L46_LF2
 1474  000020a0  54000000	nop; delay slot nop
 1475  000020a4          	L47_LF2:
 1476  000020a4  20010000	addi	r1,r0,#0
 1477  000020a8  08000004	j	L45_LF2
 1478  000020ac  54000000	nop; delay slot nop
 1479  000020b0          	L45_LF2:
 1480  000020b0  8fa20000	lw	r2,0(r29)
 1481  000020b4  8fdffff8	lw	r31,-8(r30)
 1482  000020b8  001ee820	add	r29,r0,r30
 1483  000020bc  8fdefffc	lw	r30,-4(r30)
 1484  000020c0  4be00000	jr	r31
 1485  000020c4  54000000	nop
 1486  000020c8          	.endproc _dmindex
 1487  000020c8          	.align 2
 1488  000020c8          	.proc _dindex
 1489  000020c8          	.global _dindex
 1490  000020c8          	_dindex:
 1491                      ;  Function 'dindex'; 0 bytes of locals, 1 regs to save.
 1492  000020c8  afbefffc	sw	-4(r29),r30; push fp
 1493  000020cc  001df020	add	r30,r0,r29; fp = sp
 1494  000020d0  afbffff8	sw	-8(r29),r31; push ret addr
 1495  000020d4  2fbd0010	subui	r29,r29,#16; alloc local storage
 1496  000020d8  afa20000	sw	0(r29),r2
 1497  000020dc  54000000	nop
 1498  000020e0          	L55_LF2:
 1499  000020e0  8fc10000	lw	r1,(r30)
 1500  000020e4  90220000	lbu	r2,(r1)
 1501  000020e8  64410000	snei	r1,r2,#0
 1502  000020ec  1420000c	bnez	r1,L57_LF2
 1503  000020f0  54000000	nop; delay slot nop
 1504  000020f4  08000040	j	L56_LF2
 1505  000020f8  54000000	nop; delay slot nop
 1506  000020fc          	L57_LF2:
 1507  000020fc  8fc10000	lw	r1,(r30)
 1508  00002100  90220000	lbu	r2,(r1)
 1509  00002104  8fc10004	lw	r1,4(r30)
 1510  00002108  00411028	seq	r2,r2,r1
 1511  0000210c  10400010	beqz	r2,L58_LF2
 1512  00002110  54000000	nop; delay slot nop
 1513  00002114  8fc10000	lw	r1,(r30)
 1514  00002118  08000028	j	L54_LF2
 1515  0000211c  54000000	nop; delay slot nop
 1516  00002120          	L58_LF2:
 1517  00002120  8fc20000	lw	r2,(r30)
 1518  00002124  20410001	addi	r1,r2,#1
 1519  00002128  00011020	add	r2,r0,r1
 1520  0000212c  afc20000	sw	(r30),r2
 1521  00002130  0bffffac	j	L55_LF2
 1522  00002134  54000000	nop; delay slot nop
 1523  00002138          	L56_LF2:
 1524  00002138  20010000	addi	r1,r0,#0
 1525  0000213c  08000004	j	L54_LF2
 1526  00002140  54000000	nop; delay slot nop
 1527  00002144          	L54_LF2:
 1528  00002144  8fa20000	lw	r2,0(r29)
 1529  00002148  8fdffff8	lw	r31,-8(r30)
 1530  0000214c  001ee820	add	r29,r0,r30
 1531  00002150  8fdefffc	lw	r30,-4(r30)
 1532  00002154  4be00000	jr	r31
 1533  00002158  54000000	nop
 1534  0000215c          	.endproc _dindex
 1535  0000215c          	.align 2
 1536  0000215c          	.proc _ditoa
 1537  0000215c          	.global _ditoa
 1538  0000215c          	_ditoa:
 1539                      ;  Function 'ditoa'; 8 bytes of locals, 2 regs to save.
 1540  0000215c  afbefffc	sw	-4(r29),r30; push fp
 1541  00002160  001df020	add	r30,r0,r29; fp = sp
 1542  00002164  afbffff8	sw	-8(r29),r31; push ret addr
 1543  00002168  2fbd0018	subui	r29,r29,#24; alloc local storage
 1544  0000216c  afa20000	sw	0(r29),r2
 1545  00002170  afa30004	sw	4(r29),r3
 1546  00002174  8fc10000	lw	r1,(r30)
 1547  00002178  68220000	slti	r2,r1,#0
 1548  0000217c  1040002c	beqz	r2,L60_LF2
 1549  00002180  54000000	nop; delay slot nop
 1550  00002184  8fc10004	lw	r1,4(r30)
 1551  00002188  20220001	addi	r2,r1,#1
 1552  0000218c  afc20004	sw	4(r30),r2
 1553  00002190  2002002d	addi	r2,r0,(#0x2d)&0xff
 1554  00002194  a0220000	sb	(r1),r2
 1555  00002198  8fc10000	lw	r1,(r30)
 1556  0000219c  00011022	sub	r2,r0,r1
 1557  000021a0  afc20000	sw	(r30),r2
 1558  000021a4  08000118	j	L61_LF2
 1559  000021a8  54000000	nop; delay slot nop
 1560  000021ac          	L60_LF2:
 1561  000021ac  8fc10000	lw	r1,(r30)
 1562  000021b0  64220000	snei	r2,r1,#0
 1563  000021b4  14400020	bnez	r2,L62_LF2
 1564  000021b8  54000000	nop; delay slot nop
 1565  000021bc  8fc10004	lw	r1,4(r30)
 1566  000021c0  20220001	addi	r2,r1,#1
 1567  000021c4  afc20004	sw	4(r30),r2
 1568  000021c8  20020030	addi	r2,r0,(#0x30)&0xff
 1569  000021cc  a0220000	sb	(r1),r2
 1570  000021d0  080000ec	j	L61_LF2
 1571  000021d4  54000000	nop; delay slot nop
 1572  000021d8          	L62_LF2:
 1573  000021d8  20010001	addi	r1,r0,#1
 1574  000021dc  afc1fff4	sw	-12(r30),r1
 1575  000021e0          	L64_LF2:
 1576  000021e0  8fc1fff4	lw	r1,-12(r30)
 1577  000021e4  8fc20000	lw	r2,(r30)
 1578  000021e8  0022082c	sle	r1,r1,r2
 1579  000021ec  1420000c	bnez	r1,L66_LF2
 1580  000021f0  54000000	nop; delay slot nop
 1581  000021f4  08000024	j	L65_LF2
 1582  000021f8  54000000	nop; delay slot nop
 1583  000021fc          	L67_LF2:
 1584  000021fc          	L66_LF2:
 1585  000021fc  8fc1fff4	lw	r1,-12(r30)
 1586  00002200  00011820	add	r3,r0,r1
 1587  00002204  50620002	slli	r2,r3,#0x2
 1588  00002208  00411020	add	r2,r2,r1
 1589  0000220c  50410001	slli	r1,r2,#0x1
 1590  00002210  afc1fff4	sw	-12(r30),r1
 1591  00002214  0bffffc8	j	L64_LF2
 1592  00002218  54000000	nop; delay slot nop
 1593  0000221c          	L65_LF2:
 1594  0000221c  54000000	nop
 1595  00002220          	L68_LF2:
 1596  00002220  8fc1fff4	lw	r1,-12(r30)
 1597  00002224  2002000a	addi	r2,r0,#10
 1598  00002228  00200035	movi2fp	f0,r1
 1599  0000222c  00400835	movi2fp	f1,r2
 1600  00002230  0401000f	div	f0,f0,f1
 1601  00002234  00000834	movfp2i	r1,f0
 1602  00002238  afc1fff4	sw	-12(r30),r1
 1603  0000223c  8fc10004	lw	r1,4(r30)
 1604  00002240  20220001	addi	r2,r1,#1
 1605  00002244  afc20004	sw	4(r30),r2
 1606  00002248  8fc20000	lw	r2,(r30)
 1607  0000224c  8fc3fff4	lw	r3,-12(r30)
 1608  00002250  00400035	movi2fp	f0,r2
 1609  00002254  00600835	movi2fp	f1,r3
 1610  00002258  0401000f	div	f0,f0,f1
 1611  0000225c  00001034	movfp2i	r2,f0
 1612  00002260  00021820	add	r3,r0,r2
 1613  00002264  20620030	addi	r2,r3,#48
 1614  00002268  a0220000	sb	(r1),r2
 1615  0000226c  8fc10000	lw	r1,(r30)
 1616  00002270  8fc3fff4	lw	r3,-12(r30)
 1617  00002274  00200035	movi2fp	f0,r1
 1618  00002278  00600835	movi2fp	f1,r3
 1619  0000227c  0401000f	div	f0,f0,f1
 1620  00002280  00001034	movfp2i	r2,f0
 1621  00002284  8fc3fff4	lw	r3,-12(r30)
 1622  00002288  00400035	movi2fp	f0,r2
 1623  0000228c  00600835	movi2fp	f1,r3
 1624  00002290  0401000e	mult	f0,f0,f1
 1625  00002294  00001034	movfp2i	r2,f0
 1626  00002298  00220822	sub	r1,r1,r2
 1627  0000229c  afc10000	sw	(r30),r1
 1628  000022a0          	L70_LF2:
 1629  000022a0  8fc1fff4	lw	r1,-12(r30)
 1630  000022a4  6c220001	sgti	r2,r1,#1
 1631  000022a8  1440000c	bnez	r2,L71_LF2
 1632  000022ac  54000000	nop; delay slot nop
 1633  000022b0  0800000c	j	L61_LF2
 1634  000022b4  54000000	nop; delay slot nop
 1635  000022b8          	L71_LF2:
 1636  000022b8  0bffff64	j	L68_LF2
 1637  000022bc  54000000	nop; delay slot nop
 1638  000022c0          	L69_LF2:
 1639  000022c0          	L63_LF2:
 1640  000022c0          	L61_LF2:
 1641  000022c0  8fc10004	lw	r1,4(r30)
 1642  000022c4  20020000	addi	r2,r0,(#0x0)&0xff
 1643  000022c8  a0220000	sb	(r1),r2
 1644  000022cc          	L59_LF2:
 1645  000022cc  8fa20000	lw	r2,0(r29)
 1646  000022d0  8fa30004	lw	r3,4(r29)
 1647  000022d4  8fdffff8	lw	r31,-8(r30)
 1648  000022d8  001ee820	add	r29,r0,r30
 1649  000022dc  8fdefffc	lw	r30,-4(r30)
 1650  000022e0  4be00000	jr	r31
 1651  000022e4  54000000	nop
 1652  000022e8          	.endproc _ditoa
 1653  000022e8          	.align 2
 1654  000022e8          	.proc _dstrtol
 1655  000022e8          	.global _dstrtol
 1656  000022e8          	_dstrtol:
 1657                      ;  Function 'dstrtol'; 16 bytes of locals, 1 regs to save.
 1658  000022e8  afbefffc	sw	-4(r29),r30; push fp
 1659  000022ec  001df020	add	r30,r0,r29; fp = sp
 1660  000022f0  afbffff8	sw	-8(r29),r31; push ret addr
 1661  000022f4  2fbd0020	subui	r29,r29,#32; alloc local storage
 1662  000022f8  afa20000	sw	0(r29),r2
 1663  000022fc  20010000	addi	r1,r0,#0
 1664  00002300  afc1fff4	sw	-12(r30),r1
 1665  00002304          	L73_LF2:
 1666  00002304  8fc10000	lw	r1,(r30)
 1667  00002308  90220000	lbu	r2,(r1)
 1668  0000230c  60410020	seqi	r1,r2,#32
 1669  00002310  14200034	bnez	r1,L75_LF2
 1670  00002314  54000000	nop; delay slot nop
 1671  00002318  8fc10000	lw	r1,(r30)
 1672  0000231c  90220000	lbu	r2,(r1)
 1673  00002320  60410009	seqi	r1,r2,#9
 1674  00002324  14200020	bnez	r1,L75_LF2
 1675  00002328  54000000	nop; delay slot nop
 1676  0000232c  8fc10000	lw	r1,(r30)
 1677  00002330  90220000	lbu	r2,(r1)
 1678  00002334  6041000a	seqi	r1,r2,#10
 1679  00002338  1420000c	bnez	r1,L75_LF2
 1680  0000233c  54000000	nop; delay slot nop
 1681  00002340  0800001c	j	L74_LF2
 1682  00002344  54000000	nop; delay slot nop
 1683  00002348          	L75_LF2:
 1684  00002348  8fc20000	lw	r2,(r30)
 1685  0000234c  20410001	addi	r1,r2,#1
 1686  00002350  00011020	add	r2,r0,r1
 1687  00002354  afc20000	sw	(r30),r2
 1688  00002358  0bffffa8	j	L73_LF2
 1689  0000235c  54000000	nop; delay slot nop
 1690  00002360          	L74_LF2:
 1691  00002360  8fc10004	lw	r1,4(r30)
 1692  00002364  64220000	snei	r2,r1,#0
 1693  00002368  10400010	beqz	r2,L76_LF2
 1694  0000236c  54000000	nop; delay slot nop
 1695  00002370  8fc10004	lw	r1,4(r30)
 1696  00002374  8fc20000	lw	r2,(r30)
 1697  00002378  ac220000	sw	(r1),r2
 1698  0000237c          	L76_LF2:
 1699  0000237c  8fc10000	lw	r1,(r30)
 1700  00002380  90220000	lbu	r2,(r1)
 1701  00002384  64410000	snei	r1,r2,#0
 1702  00002388  14200010	bnez	r1,L77_LF2
 1703  0000238c  54000000	nop; delay slot nop
 1704  00002390  8fc1fff4	lw	r1,-12(r30)
 1705  00002394  08000294	j	L72_LF2
 1706  00002398  54000000	nop; delay slot nop
 1707  0000239c          	L77_LF2:
 1708  0000239c  8fc10000	lw	r1,(r30)
 1709  000023a0  90220000	lbu	r2,(r1)
 1710  000023a4  6041002d	seqi	r1,r2,#45
 1711  000023a8  10200024	beqz	r1,L78_LF2
 1712  000023ac  54000000	nop; delay slot nop
 1713  000023b0  2001ffff	addi	r1,r0,#-1
 1714  000023b4  afc1ffec	sw	-20(r30),r1
 1715  000023b8  8fc20000	lw	r2,(r30)
 1716  000023bc  20410001	addi	r1,r2,#1
 1717  000023c0  00011020	add	r2,r0,r1
 1718  000023c4  afc20000	sw	(r30),r2
 1719  000023c8  0800000c	j	L79_LF2
 1720  000023cc  54000000	nop; delay slot nop
 1721  000023d0          	L78_LF2:
 1722  000023d0  20010001	addi	r1,r0,#1
 1723  000023d4  afc1ffec	sw	-20(r30),r1
 1724  000023d8          	L79_LF2:
 1725  000023d8  8fc10008	lw	r1,8(r30)
 1726  000023dc  64220000	snei	r2,r1,#0
 1727  000023e0  14400090	bnez	r2,L80_LF2
 1728  000023e4  54000000	nop; delay slot nop
 1729  000023e8  8fc10000	lw	r1,(r30)
 1730  000023ec  90220000	lbu	r2,(r1)
 1731  000023f0  60410030	seqi	r1,r2,#48
 1732  000023f4  10200074	beqz	r1,L81_LF2
 1733  000023f8  54000000	nop; delay slot nop
 1734  000023fc  8fc20000	lw	r2,(r30)
 1735  00002400  20410001	addi	r1,r2,#1
 1736  00002404  00011020	add	r2,r0,r1
 1737  00002408  afc20000	sw	(r30),r2
 1738  0000240c  8fc10000	lw	r1,(r30)
 1739  00002410  90220000	lbu	r2,(r1)
 1740  00002414  60410078	seqi	r1,r2,#120
 1741  00002418  14200020	bnez	r1,L83_LF2
 1742  0000241c  54000000	nop; delay slot nop
 1743  00002420  8fc10000	lw	r1,(r30)
 1744  00002424  90220000	lbu	r2,(r1)
 1745  00002428  60410058	seqi	r1,r2,#88
 1746  0000242c  1420000c	bnez	r1,L83_LF2
 1747  00002430  54000000	nop; delay slot nop
 1748  00002434  08000024	j	L82_LF2
 1749  00002438  54000000	nop; delay slot nop
 1750  0000243c          	L83_LF2:
 1751  0000243c  20010010	addi	r1,r0,#16
 1752  00002440  afc10008	sw	8(r30),r1
 1753  00002444  8fc20000	lw	r2,(r30)
 1754  00002448  20410001	addi	r1,r2,#1
 1755  0000244c  00011020	add	r2,r0,r1
 1756  00002450  afc20000	sw	(r30),r2
 1757  00002454  0800000c	j	L84_LF2
 1758  00002458  54000000	nop; delay slot nop
 1759  0000245c          	L82_LF2:
 1760  0000245c  20010008	addi	r1,r0,#8
 1761  00002460  afc10008	sw	8(r30),r1
 1762  00002464          	L84_LF2:
 1763  00002464  0800000c	j	L80_LF2
 1764  00002468  54000000	nop; delay slot nop
 1765  0000246c          	L81_LF2:
 1766  0000246c  2001000a	addi	r1,r0,#10
 1767  00002470  afc10008	sw	8(r30),r1
 1768  00002474          	L85_LF2:
 1769  00002474          	L80_LF2:
 1770  00002474  8fc10008	lw	r1,8(r30)
 1771  00002478  70220000	slei	r2,r1,#0
 1772  0000247c  1440001c	bnez	r2,L87_LF2
 1773  00002480  54000000	nop; delay slot nop
 1774  00002484  8fc10008	lw	r1,8(r30)
 1775  00002488  6c220010	sgti	r2,r1,#16
 1776  0000248c  1440000c	bnez	r2,L87_LF2
 1777  00002490  54000000	nop; delay slot nop
 1778  00002494  08000010	j	L86_LF2
 1779  00002498  54000000	nop; delay slot nop
 1780  0000249c          	L87_LF2:
 1781  0000249c  8fc1fff4	lw	r1,-12(r30)
 1782  000024a0  08000188	j	L72_LF2
 1783  000024a4  54000000	nop; delay slot nop
 1784  000024a8          	L86_LF2:
 1785  000024a8  54000000	nop
 1786  000024ac          	L88_LF2:
 1787  000024ac  8fc10000	lw	r1,(r30)
 1788  000024b0  90220000	lbu	r2,(r1)
 1789  000024b4  6c41002f	sgtui	r1,r2,#47
 1790  000024b8  10200030	beqz	r1,L91_LF2
 1791  000024bc  54000000	nop; delay slot nop
 1792  000024c0  8fc10000	lw	r1,(r30)
 1793  000024c4  90220000	lbu	r2,(r1)
 1794  000024c8  70410039	sleui	r1,r2,#57
 1795  000024cc  1020001c	beqz	r1,L91_LF2
 1796  000024d0  54000000	nop; delay slot nop
 1797  000024d4  8fc10000	lw	r1,(r30)
 1798  000024d8  90220000	lbu	r2,(r1)
 1799  000024dc  2041ffd0	addi	r1,r2,#-48
 1800  000024e0  afc1fff0	sw	-16(r30),r1
 1801  000024e4  0800008c	j	L92_LF2
 1802  000024e8  54000000	nop; delay slot nop
 1803  000024ec          	L91_LF2:
 1804  000024ec  8fc10000	lw	r1,(r30)
 1805  000024f0  90220000	lbu	r2,(r1)
 1806  000024f4  6c410060	sgtui	r1,r2,#96
 1807  000024f8  10200030	beqz	r1,L93_LF2
 1808  000024fc  54000000	nop; delay slot nop
 1809  00002500  8fc10000	lw	r1,(r30)
 1810  00002504  90220000	lbu	r2,(r1)
 1811  00002508  7041007a	sleui	r1,r2,#122
 1812  0000250c  1020001c	beqz	r1,L93_LF2
 1813  00002510  54000000	nop; delay slot nop
 1814  00002514  8fc10000	lw	r1,(r30)
 1815  00002518  90220000	lbu	r2,(r1)
 1816  0000251c  2041ffa9	addi	r1,r2,#-87
 1817  00002520  afc1fff0	sw	-16(r30),r1
 1818  00002524  0800004c	j	L92_LF2
 1819  00002528  54000000	nop; delay slot nop
 1820  0000252c          	L93_LF2:
 1821  0000252c  8fc10000	lw	r1,(r30)
 1822  00002530  90220000	lbu	r2,(r1)
 1823  00002534  6c410040	sgtui	r1,r2,#64
 1824  00002538  10200030	beqz	r1,L95_LF2
 1825  0000253c  54000000	nop; delay slot nop
 1826  00002540  8fc10000	lw	r1,(r30)
 1827  00002544  90220000	lbu	r2,(r1)
 1828  00002548  7041005a	sleui	r1,r2,#90
 1829  0000254c  1020001c	beqz	r1,L95_LF2
 1830  00002550  54000000	nop; delay slot nop
 1831  00002554  8fc10000	lw	r1,(r30)
 1832  00002558  90220000	lbu	r2,(r1)
 1833  0000255c  2041ffc9	addi	r1,r2,#-55
 1834  00002560  afc1fff0	sw	-16(r30),r1
 1835  00002564  0800000c	j	L92_LF2
 1836  00002568  54000000	nop; delay slot nop
 1837  0000256c          	L95_LF2:
 1838  0000256c  200103e8	addi	r1,r0,#1000
 1839  00002570  afc1fff0	sw	-16(r30),r1
 1840  00002574          	L96_LF2:
 1841  00002574          	L94_LF2:
 1842  00002574          	L92_LF2:
 1843  00002574  8fc1fff0	lw	r1,-16(r30)
 1844  00002578  8fc20008	lw	r2,8(r30)
 1845  0000257c  0022082a	slt	r1,r1,r2
 1846  00002580  10200040	beqz	r1,L90_LF2
 1847  00002584  54000000	nop; delay slot nop
 1848  00002588  8fc1fff4	lw	r1,-12(r30)
 1849  0000258c  8fc20008	lw	r2,8(r30)
 1850  00002590  00200035	movi2fp	f0,r1
 1851  00002594  00400835	movi2fp	f1,r2
 1852  00002598  0401000e	mult	f0,f0,f1
 1853  0000259c  00000834	movfp2i	r1,f0
 1854  000025a0  afc1fff4	sw	-12(r30),r1
 1855  000025a4  8fc1fff4	lw	r1,-12(r30)
 1856  000025a8  8fc2fff0	lw	r2,-16(r30)
 1857  000025ac  00220820	add	r1,r1,r2
 1858  000025b0  afc1fff4	sw	-12(r30),r1
 1859  000025b4  8fc20000	lw	r2,(r30)
 1860  000025b8  20410001	addi	r1,r2,#1
 1861  000025bc  00011020	add	r2,r0,r1
 1862  000025c0  afc20000	sw	(r30),r2
 1863  000025c4          	L97_LF2:
 1864  000025c4          	L90_LF2:
 1865  000025c4  8fc1fff0	lw	r1,-16(r30)
 1866  000025c8  8fc20008	lw	r2,8(r30)
 1867  000025cc  0022082a	slt	r1,r1,r2
 1868  000025d0  1420000c	bnez	r1,L98_LF2
 1869  000025d4  54000000	nop; delay slot nop
 1870  000025d8  0800000c	j	L89_LF2
 1871  000025dc  54000000	nop; delay slot nop
 1872  000025e0          	L98_LF2:
 1873  000025e0  0bfffec8	j	L88_LF2
 1874  000025e4  54000000	nop; delay slot nop
 1875  000025e8          	L89_LF2:
 1876  000025e8  8fc10004	lw	r1,4(r30)
 1877  000025ec  64220000	snei	r2,r1,#0
 1878  000025f0  10400010	beqz	r2,L99_LF2
 1879  000025f4  54000000	nop; delay slot nop
 1880  000025f8  8fc10004	lw	r1,4(r30)
 1881  000025fc  8fc20000	lw	r2,(r30)
 1882  00002600  ac220000	sw	(r1),r2
 1883  00002604          	L99_LF2:
 1884  00002604  8fc1fff4	lw	r1,-12(r30)
 1885  00002608  8fc2ffec	lw	r2,-20(r30)
 1886  0000260c  00200035	movi2fp	f0,r1
 1887  00002610  00400835	movi2fp	f1,r2
 1888  00002614  0401000e	mult	f0,f0,f1
 1889  00002618  00000834	movfp2i	r1,f0
 1890  0000261c  afc1fff4	sw	-12(r30),r1
 1891  00002620  8fc1fff4	lw	r1,-12(r30)
 1892  00002624  08000004	j	L72_LF2
 1893  00002628  54000000	nop; delay slot nop
 1894  0000262c          	L72_LF2:
 1895  0000262c  8fa20000	lw	r2,0(r29)
 1896  00002630  8fdffff8	lw	r31,-8(r30)
 1897  00002634  001ee820	add	r29,r0,r30
 1898  00002638  8fdefffc	lw	r30,-4(r30)
 1899  0000263c  4be00000	jr	r31
 1900  00002640  54000000	nop
 1901  00002644          	.endproc _dstrtol
 1902  00002644          	.align 2
 1903  00002644          	.proc _bcopy
 1904  00002644          	.global _bcopy
 1905  00002644          	_bcopy:
 1906                      ;  Function 'bcopy'; 0 bytes of locals, 2 regs to save.
 1907  00002644  afbefffc	sw	-4(r29),r30; push fp
 1908  00002648  001df020	add	r30,r0,r29; fp = sp
 1909  0000264c  afbffff8	sw	-8(r29),r31; push ret addr
 1910  00002650  2fbd0010	subui	r29,r29,#16; alloc local storage
 1911  00002654  afa20000	sw	0(r29),r2
 1912  00002658  afa30004	sw	4(r29),r3
 1913  0000265c  54000000	nop
 1914  00002660          	L101_LF2:
 1915  00002660  8fc10008	lw	r1,8(r30)
 1916  00002664  2022ffff	addi	r2,r1,#-1
 1917  00002668  afc20008	sw	8(r30),r2
 1918  0000266c  6c210000	sgti	r1,r1,#0
 1919  00002670  1420000c	bnez	r1,L103_LF2
 1920  00002674  54000000	nop; delay slot nop
 1921  00002678  0800002c	j	L102_LF2
 1922  0000267c  54000000	nop; delay slot nop
 1923  00002680          	L103_LF2:
 1924  00002680  8fc10004	lw	r1,4(r30)
 1925  00002684  20220001	addi	r2,r1,#1
 1926  00002688  afc20004	sw	4(r30),r2
 1927  0000268c  8fc20000	lw	r2,(r30)
 1928  00002690  20430001	addi	r3,r2,#1
 1929  00002694  afc30000	sw	(r30),r3
 1930  00002698  80420000	lb	r2,(r2)
 1931  0000269c  a0220000	sb	(r1),r2
 1932  000026a0  0bffffbc	j	L101_LF2
 1933  000026a4  54000000	nop; delay slot nop
 1934  000026a8          	L102_LF2:
 1935  000026a8          	L100_LF2:
 1936  000026a8  8fa20000	lw	r2,0(r29)
 1937  000026ac  8fa30004	lw	r3,4(r29)
 1938  000026b0  8fdffff8	lw	r31,-8(r30)
 1939  000026b4  001ee820	add	r29,r0,r30
 1940  000026b8  8fdefffc	lw	r30,-4(r30)
 1941  000026bc  4be00000	jr	r31
 1942  000026c0  54000000	nop
 1943  000026c4          	.endproc _bcopy
 1944  000026c4          	.align 2
 1945  000026c4          	.proc _bzero
 1946  000026c4          	.global _bzero
 1947  000026c4          	_bzero:
 1948                      ;  Function 'bzero'; 0 bytes of locals, 1 regs to save.
 1949  000026c4  afbefffc	sw	-4(r29),r30; push fp
 1950  000026c8  001df020	add	r30,r0,r29; fp = sp
 1951  000026cc  afbffff8	sw	-8(r29),r31; push ret addr
 1952  000026d0  2fbd0010	subui	r29,r29,#16; alloc local storage
 1953  000026d4  afa20000	sw	0(r29),r2
 1954  000026d8  54000000	nop
 1955  000026dc          	L105_LF2:
 1956  000026dc  8fc10004	lw	r1,4(r30)
 1957  000026e0  2022ffff	addi	r2,r1,#-1
 1958  000026e4  afc20004	sw	4(r30),r2
 1959  000026e8  6c210000	sgti	r1,r1,#0
 1960  000026ec  1420000c	bnez	r1,L107_LF2
 1961  000026f0  54000000	nop; delay slot nop
 1962  000026f4  08000020	j	L106_LF2
 1963  000026f8  54000000	nop; delay slot nop
 1964  000026fc          	L107_LF2:
 1965  000026fc  8fc10000	lw	r1,(r30)
 1966  00002700  20220001	addi	r2,r1,#1
 1967  00002704  afc20000	sw	(r30),r2
 1968  00002708  20020000	addi	r2,r0,(#0x0)&0xff
 1969  0000270c  a0220000	sb	(r1),r2
 1970  00002710  0bffffc8	j	L105_LF2
 1971  00002714  54000000	nop; delay slot nop
 1972  00002718          	L106_LF2:
 1973  00002718          	L104_LF2:
 1974  00002718  8fa20000	lw	r2,0(r29)
 1975  0000271c  8fdffff8	lw	r31,-8(r30)
 1976  00002720  001ee820	add	r29,r0,r30
 1977  00002724  8fdefffc	lw	r30,-4(r30)
 1978  00002728  4be00000	jr	r31
 1979  0000272c  54000000	nop
 1980  00002730          	.endproc _bzero
 1981  00002730          	.align 2
 1982  00002730          	.proc _min
 1983  00002730          	.global _min
 1984  00002730          	_min:
 1985                      ;  Function 'min'; 0 bytes of locals, 2 regs to save.
 1986  00002730  afbefffc	sw	-4(r29),r30; push fp
 1987  00002734  001df020	add	r30,r0,r29; fp = sp
 1988  00002738  afbffff8	sw	-8(r29),r31; push ret addr
 1989  0000273c  2fbd0010	subui	r29,r29,#16; alloc local storage
 1990  00002740  afa20000	sw	0(r29),r2
 1991  00002744  afa30004	sw	4(r29),r3
 1992  00002748  8fc10000	lw	r1,(r30)
 1993  0000274c  8fc20004	lw	r2,4(r30)
 1994  00002750  0022182c	sle	r3,r1,r2
 1995  00002754  14600008	bnez	r3,L109_LF2
 1996  00002758  54000000	nop; delay slot nop
 1997  0000275c  8fc10004	lw	r1,4(r30)
 1998  00002760          	L109_LF2:
 1999  00002760  08000004	j	L108_LF2
 2000  00002764  54000000	nop; delay slot nop
 2001  00002768          	L108_LF2:
 2002  00002768  8fa20000	lw	r2,0(r29)
 2003  0000276c  8fa30004	lw	r3,4(r29)
 2004  00002770  8fdffff8	lw	r31,-8(r30)
 2005  00002774  001ee820	add	r29,r0,r30
 2006  00002778  8fdefffc	lw	r30,-4(r30)
 2007  0000277c  4be00000	jr	r31
 2008  00002780  54000000	nop
 2009  00002784          	.endproc _min
 2010  00002784          	.align 2
 2011  00002784          	.proc _max
 2012  00002784          	.global _max
 2013  00002784          	_max:
 2014                      ;  Function 'max'; 0 bytes of locals, 2 regs to save.
 2015  00002784  afbefffc	sw	-4(r29),r30; push fp
 2016  00002788  001df020	add	r30,r0,r29; fp = sp
 2017  0000278c  afbffff8	sw	-8(r29),r31; push ret addr
 2018  00002790  2fbd0010	subui	r29,r29,#16; alloc local storage
 2019  00002794  afa20000	sw	0(r29),r2
 2020  00002798  afa30004	sw	4(r29),r3
 2021  0000279c  8fc10000	lw	r1,(r30)
 2022  000027a0  8fc20004	lw	r2,4(r30)
 2023  000027a4  0022182d	sge	r3,r1,r2
 2024  000027a8  14600008	bnez	r3,L111_LF2
 2025  000027ac  54000000	nop; delay slot nop
 2026  000027b0  8fc10004	lw	r1,4(r30)
 2027  000027b4          	L111_LF2:
 2028  000027b4  08000004	j	L110_LF2
 2029  000027b8  54000000	nop; delay slot nop
 2030  000027bc          	L110_LF2:
 2031  000027bc  8fa20000	lw	r2,0(r29)
 2032  000027c0  8fa30004	lw	r3,4(r29)
 2033  000027c4  8fdffff8	lw	r31,-8(r30)
 2034  000027c8  001ee820	add	r29,r0,r30
 2035  000027cc  8fdefffc	lw	r30,-4(r30)
 2036  000027d0  4be00000	jr	r31
 2037  000027d4  54000000	nop
 2038  000027d8          	.endproc _max
 2039                      ;;; Ethan L. Miller, 1999.  Released to the public domain
 2040                      ;;;
 2041                      ;;; Most of the traps are called in files from libtraps.
 2044  000027d8          	.align 2
 2045  000027d8          	.proc _exit
 2046  000027d8          	.global _exit
 2047  000027d8          	_exit:
 2048  000027d8  44000300	trap	#0x300
 2049  000027dc  4be00000	jr	r31
 2050  000027e0  54000000	nop
 2051  000027e4          	.endproc _exit
 2053                      ; for the benefit of gcc.
 2054  000027e4          	.proc ___main
 2055  000027e4          	.global ___main
 2056  000027e4          	___main:
 2057  000027e4  4be00000	jr	r31
 2058  000027e8  54000000	nop
 2059  000027ec          	.endproc ___main
 2060  000027ec          	.text
 2061  000027ec          	.global _etext
 2062  000027ec          	_etext:
 2063  000027ec          	.align 3
 2064  000027f0          	.data
 2065  00003396          	.global _edata
 2066  00003396          	_edata:
