 line   address	contents
    1                      ; Linked by DLX-LD.
    2                      ; MemSize 24576
    3                      ; Data size: 554
    4                      ; Text size: 4988
    5                      ; Stack size: 8192
    6  00000000          	.text 0x1000
    7  00001000          	.data 0x3000
    8                      ; Compiled by GCC
    9  00003000          	.text
   10  00001000          	.align 2
   11  00001000          	.proc _isspace
   12  00001000          	.global _isspace
   13  00001000          	_isspace:
   14                      ;  Function 'isspace'; 0 bytes of locals, 1 regs to save.
   15  00001000  afbefffc	sw	-4(r29),r30; push fp
   16  00001004  001df020	add	r30,r0,r29; fp = sp
   17  00001008  afbffff8	sw	-8(r29),r31; push ret addr
   18  0000100c  2fbd0010	subui	r29,r29,#16; alloc local storage
   19  00001010  afa20000	sw	0(r29),r2
   20  00001014  83c20003	lb	r2,3(r30)
   21  00001018  201f0000	addi	r31,r0,#0
   22  0000101c  304100ff	andi	r1,r2,#0x00ff
   23  00001020  60210020	seqi	r1,r1,#32
   24  00001024  14200018	bnez	r1,L6_LF0
   25  00001028  54000000	nop; not filled.
   26  0000102c  2041fff7	addi	r1,r2,#-9
   27  00001030  302100ff	andi	r1,r1,#0x00ff
   28  00001034  70210001	sleui	r1,r1,#1
   29  00001038  10200008	beqz	r1,L5_LF0
   30  0000103c  54000000	nop; not filled.
   31  00001040          	L6_LF0:
   32  00001040  201f0001	addi	r31,r0,#1
   33  00001044          	L5_LF0:
   34  00001044  001f0820	add	r1,r0,r31
   35  00001048  8fa20000	lw	r2,0(r29)
   36  0000104c  8fdffff8	lw	r31,-8(r30)
   37  00001050  001ee820	add	r29,r0,r30
   38  00001054  8fdefffc	lw	r30,-4(r30)
   39  00001058  4be00000	jr	r31
   40  0000105c  54000000	nop
   41  00001060          	.endproc _isspace
   42  00001060          	.align 2
   43  00001060          	.proc _isxdigit
   44  00001060          	.global _isxdigit
   45  00001060          	_isxdigit:
   46                      ;  Function 'isxdigit'; 0 bytes of locals, 1 regs to save.
   47  00001060  afbefffc	sw	-4(r29),r30; push fp
   48  00001064  001df020	add	r30,r0,r29; fp = sp
   49  00001068  afbffff8	sw	-8(r29),r31; push ret addr
   50  0000106c  2fbd0010	subui	r29,r29,#16; alloc local storage
   51  00001070  afa20000	sw	0(r29),r2
   52  00001074  83df0003	lb	r31,3(r30)
   53  00001078  20020000	addi	r2,r0,#0
   54  0000107c  23e1ffd0	addi	r1,r31,#-48
   55  00001080  302100ff	andi	r1,r1,#0x00ff
   56  00001084  70210009	sleui	r1,r1,#9
   57  00001088  14200028	bnez	r1,L12_LF0
   58  0000108c  54000000	nop; not filled.
   59  00001090  23e1ff9f	addi	r1,r31,#-97
   60  00001094  302100ff	andi	r1,r1,#0x00ff
   61  00001098  70210005	sleui	r1,r1,#5
   62  0000109c  14200014	bnez	r1,L12_LF0
   63  000010a0  54000000	nop; not filled.
   64  000010a4  33e100ff	andi	r1,r31,#0x00ff
   65  000010a8  64210041	snei	r1,r1,#65
   66  000010ac  14200008	bnez	r1,L11_LF0
   67  000010b0  54000000	nop; not filled.
   68  000010b4          	L12_LF0:
   69  000010b4  20020001	addi	r2,r0,#1
   70  000010b8          	L11_LF0:
   71  000010b8  00020820	add	r1,r0,r2
   72  000010bc  8fa20000	lw	r2,0(r29)
   73  000010c0  8fdffff8	lw	r31,-8(r30)
   74  000010c4  001ee820	add	r29,r0,r30
   75  000010c8  8fdefffc	lw	r30,-4(r30)
   76  000010cc  4be00000	jr	r31
   77  000010d0  54000000	nop
   78  000010d4          	.endproc _isxdigit
   79  000010d4          	.data
   80  00003000          	.align 2
   81  00003000          	LC0_LF0:
   82  00003000  55736167	.ascii "Usage: \000"
   82  00003004  653a2000	
   83  00003008          	.align 2
   84  00003008          	LC1_LF0:
   85  00003008  203c6e75	.ascii " <number of consumer/producer processes to create>\n\000"
   85  0000300c  6d626572	
   85  00003010  206f6620	
   85  00003014  636f6e73	
   85  00003018  756d6572	
   85  0000301c  2f70726f	
   85  00003020  64756365	
   85  00003024  72207072	
   85  00003028  6f636573	
   85  0000302c  73657320	
   85  00003030  746f2063	
   85  00003034  72656174	
   85  00003038  653e0a00	
   86  0000303c          	.align 2
   87  0000303c          	LC2_LF0:
   88  0000303c  43726561	.ascii "Creating %d processes\n\000"
   88  00003040  74696e67	
   88  00003044  20256420	
   88  00003048  70726f63	
   88  0000304c  65737365	
   88  00003050  730a00  	
   89  00003053          	.align 2
   90  00003054          	LC3_LF0:
   91  00003054  4552524f	.ascii "ERROR: could not allocate shared memory page in \000"
   91  00003058  523a2063	
   91  0000305c  6f756c64	
   91  00003060  206e6f74	
   91  00003064  20616c6c	
   91  00003068  6f636174	
   91  0000306c  65207368	
   91  00003070  61726564	
   91  00003074  206d656d	
   91  00003078  6f727920	
   91  0000307c  70616765	
   91  00003080  20696e20	
   91  00003084  00      	
   92  00003085          	.align 2
   93  00003088          	LC4_LF0:
   94  00003088  2c206578	.ascii ", exiting...\n\000"
   94  0000308c  6974696e	
   94  00003090  672e2e2e	
   94  00003094  0a00    	
   95  00003096          	.align 2
   96  00003098          	LC5_LF0:
   97  00003098  436f756c	.ascii "Could not map the shared page to virtual address in \000"
   97  0000309c  64206e6f	
   97  000030a0  74206d61	
   97  000030a4  70207468	
   97  000030a8  65207368	
   97  000030ac  61726564	
   97  000030b0  20706167	
   97  000030b4  6520746f	
   97  000030b8  20766972	
   97  000030bc  7475616c	
   97  000030c0  20616464	
   97  000030c4  72657373	
   97  000030c8  20696e20	
   97  000030cc  00      	
   98  000030cd          	.align 2
   99  000030d0          	LC6_LF0:
  100  000030d0  2c206578	.ascii ", exiting..\n\000"
  100  000030d4  6974696e	
  100  000030d8  672e2e0a	
  100  000030dc  00      	
  101  000030dd          	.align 2
  102  000030e0          	LC7_LF0:
  103  000030e0  50726f63	.ascii "Process, %s, could not initialize lock\n\000"
  103  000030e4  6573732c	
  103  000030e8  2025732c	
  103  000030ec  20636f75	
  103  000030f0  6c64206e	
  103  000030f4  6f742069	
  103  000030f8  6e697469	
  103  000030fc  616c697a	
  103  00003100  65206c6f	
  103  00003104  636b0a00	
  104  00003108          	.align 2
  105  00003108          	LC8_LF0:
  106  00003108  436f756c	.ascii "Could not assign condition variable for non buffer emptiness\n\000"
  106  0000310c  64206e6f	
  106  00003110  74206173	
  106  00003114  7369676e	
  106  00003118  20636f6e	
  106  0000311c  64697469	
  106  00003120  6f6e2076	
  106  00003124  61726961	
  106  00003128  626c6520	
  106  0000312c  666f7220	
  106  00003130  6e6f6e20	
  106  00003134  62756666	
  106  00003138  65722065	
  106  0000313c  6d707469	
  106  00003140  6e657373	
  106  00003144  0a00    	
  107  00003146          	.align 2
  108  00003148          	LC9_LF0:
  109  00003148  436f756c	.ascii "Could not assign condition variable for non buffer saturation\n\000"
  109  0000314c  64206e6f	
  109  00003150  74206173	
  109  00003154  7369676e	
  109  00003158  20636f6e	
  109  0000315c  64697469	
  109  00003160  6f6e2076	
  109  00003164  61726961	
  109  00003168  626c6520	
  109  0000316c  666f7220	
  109  00003170  6e6f6e20	
  109  00003174  62756666	
  109  00003178  65722073	
  109  0000317c  61747572	
  109  00003180  6174696f	
  109  00003184  6e0a00  	
  110  00003187          	.align 2
  111  00003188          	LC10_LF0:
  112  00003188  42616420	.ascii "Bad sem_create in \000"
  112  0000318c  73656d5f	
  112  00003190  63726561	
  112  00003194  74652069	
  112  00003198  6e2000  	
  113  0000319b          	.align 2
  114  0000319c          	LC11_LF0:
  115  0000319c  70726f64	.ascii "producer.dlx.obj\000"
  115  000031a0  75636572	
  115  000031a4  2e646c78	
  115  000031a8  2e6f626a	
  115  000031ac  00      	
  116  000031ad          	.align 2
  117  000031b0          	LC12_LF0:
  118  000031b0  636f6e73	.ascii "consumer.dlx.obj\000"
  118  000031b4  756d6572	
  118  000031b8  2e646c78	
  118  000031bc  2e6f626a	
  118  000031c0  00      	
  119  000031c1          	.align 2
  120  000031c4          	LC13_LF0:
  121  000031c4  42616420	.ascii "Bad semaphore s_procs_completed (%d) in \000"
  121  000031c8  73656d61	
  121  000031cc  70686f72	
  121  000031d0  6520735f	
  121  000031d4  70726f63	
  121  000031d8  735f636f	
  121  000031dc  6d706c65	
  121  000031e0  74656420	
  121  000031e4  28256429	
  121  000031e8  20696e20	
  121  000031ec  00      	
  122  000031ed          	.align 2
  123  000031f0          	LC14_LF0:
  124  000031f0  0a00    	.ascii "\n\000"
  125  000031f2          	.align 2
  126  000031f4          	LC15_LF0:
  127  000031f4  416c6c20	.ascii "All other processes completed, exiting main process.\n\000"
  127  000031f8  6f746865	
  127  000031fc  72207072	
  127  00003200  6f636573	
  127  00003204  73657320	
  127  00003208  636f6d70	
  127  0000320c  6c657465	
  127  00003210  642c2065	
  127  00003214  78697469	
  127  00003218  6e67206d	
  127  0000321c  61696e20	
  127  00003220  70726f63	
  127  00003224  6573732e	
  127  00003228  0a00    	
  128  0000322a          	.text
  129  000010d4          	.align 2
  130  000010d4          	.proc _main
  131  000010d4          	.global _main
  132  000010d4          	_main:
  133                      ;  Function 'main'; 72 bytes of locals, 0 regs to save.
  134  000010d4  afbefffc	sw	-4(r29),r30; push fp
  135  000010d8  001df020	add	r30,r0,r29; fp = sp
  136  000010dc  afbffff8	sw	-8(r29),r31; push ret addr
  137  000010e0  2fbd0050	subui	r29,r29,#80; alloc local storage
  138  000010e4  8fc20000	lw	r2,(r30)
  139  000010e8  8fca0004	lw	r10,4(r30)
  140  000010ec  0c001284	jal	___main
  141  000010f0  54000000	nop; not filled.
  142  000010f4  64410002	snei	r1,r2,#2
  143  000010f8  1020004c	beqz	r1,L14_LF0
  144  000010fc  54000000	nop; not filled.
  145  00001100  23bdfff8	addi	r29,r29,#-8
  146  00001104  3c0b0000	lhi	r11,((LC0_LF0)>>16)&0xffff
  147  00001108  256b3000	addui	r11,r11,(LC0_LF0)&0xffff
  148  0000110c  afab0000	sw	(r29),r11
  149  00001110  0c000458	jal	_Printf
  150  00001114  54000000	nop; not filled.
  151  00001118  8d4b0000	lw	r11,(r10)
  152  0000111c  afab0000	sw	(r29),r11
  153  00001120  0c000448	jal	_Printf
  154  00001124  54000000	nop; not filled.
  155  00001128  3c0b0000	lhi	r11,((LC1_LF0)>>16)&0xffff
  156  0000112c  256b3008	addui	r11,r11,(LC1_LF0)&0xffff
  157  00001130  afab0000	sw	(r29),r11
  158  00001134  0c000434	jal	_Printf
  159  00001138  54000000	nop; not filled.
  160  0000113c  0c0004e0	jal	_Exit
  161  00001140  54000000	nop; not filled.
  162  00001144  23bd0008	addi	r29,r29,#8
  163  00001148          	L14_LF0:
  164  00001148  23bdfff0	addi	r29,r29,#-16
  165  0000114c  8d4b0004	lw	r11,4(r10)
  166  00001150  afab0000	sw	(r29),r11
  167  00001154  200b0000	addi	r11,r0,#0
  168  00001158  afab0004	sw	4(r29),r11
  169  0000115c  200b000a	addi	r11,r0,#10
  170  00001160  afab0008	sw	8(r29),r11
  171  00001164  0c000d64	jal	_dstrtol
  172  00001168  54000000	nop; not filled.
  173  0000116c  00014820	add	r9,r0,r1
  174  00001170  3c0b0000	lhi	r11,((LC2_LF0)>>16)&0xffff
  175  00001174  256b303c	addui	r11,r11,(LC2_LF0)&0xffff
  176  00001178  afab0000	sw	(r29),r11
  177  0000117c  afa90004	sw	4(r29),r9
  178  00001180  0c0003e8	jal	_Printf
  179  00001184  54000000	nop; not filled.
  180  00001188  0c000404	jal	_shmget
  181  0000118c  54000000	nop; not filled.
  182  00001190  00011820	add	r3,r0,r1
  183  00001194  23bd0010	addi	r29,r29,#16
  184  00001198  64610000	snei	r1,r3,#0
  185  0000119c  1420004c	bnez	r1,L15_LF0
  186  000011a0  54000000	nop; not filled.
  187  000011a4  23bdfff8	addi	r29,r29,#-8
  188  000011a8  3c0b0000	lhi	r11,((LC3_LF0)>>16)&0xffff
  189  000011ac  256b3054	addui	r11,r11,(LC3_LF0)&0xffff
  190  000011b0  afab0000	sw	(r29),r11
  191  000011b4  0c0003b4	jal	_Printf
  192  000011b8  54000000	nop; not filled.
  193  000011bc  8d4b0000	lw	r11,(r10)
  194  000011c0  afab0000	sw	(r29),r11
  195  000011c4  0c0003a4	jal	_Printf
  196  000011c8  54000000	nop; not filled.
  197  000011cc  3c0b0000	lhi	r11,((LC4_LF0)>>16)&0xffff
  198  000011d0  256b3088	addui	r11,r11,(LC4_LF0)&0xffff
  199  000011d4  afab0000	sw	(r29),r11
  200  000011d8  0c000390	jal	_Printf
  201  000011dc  54000000	nop; not filled.
  202  000011e0  0c00043c	jal	_Exit
  203  000011e4  54000000	nop; not filled.
  204  000011e8  23bd0008	addi	r29,r29,#8
  205  000011ec          	L15_LF0:
  206  000011ec  23bdfff8	addi	r29,r29,#-8
  207  000011f0  afa30000	sw	(r29),r3
  208  000011f4  0c0003a4	jal	_shmat
  209  000011f8  54000000	nop; not filled.
  210  000011fc  00011020	add	r2,r0,r1
  211  00001200  23bd0008	addi	r29,r29,#8
  212  00001204  64410000	snei	r1,r2,#0
  213  00001208  1420004c	bnez	r1,L16_LF0
  214  0000120c  54000000	nop; not filled.
  215  00001210  23bdfff8	addi	r29,r29,#-8
  216  00001214  3c0b0000	lhi	r11,((LC5_LF0)>>16)&0xffff
  217  00001218  256b3098	addui	r11,r11,(LC5_LF0)&0xffff
  218  0000121c  afab0000	sw	(r29),r11
  219  00001220  0c000348	jal	_Printf
  220  00001224  54000000	nop; not filled.
  221  00001228  8d4b0000	lw	r11,(r10)
  222  0000122c  afab0000	sw	(r29),r11
  223  00001230  0c000338	jal	_Printf
  224  00001234  54000000	nop; not filled.
  225  00001238  3c0b0000	lhi	r11,((LC6_LF0)>>16)&0xffff
  226  0000123c  256b30d0	addui	r11,r11,(LC6_LF0)&0xffff
  227  00001240  afab0000	sw	(r29),r11
  228  00001244  0c000324	jal	_Printf
  229  00001248  54000000	nop; not filled.
  230  0000124c  0c0003d0	jal	_Exit
  231  00001250  54000000	nop; not filled.
  232  00001254  23bd0008	addi	r29,r29,#8
  233  00001258          	L16_LF0:
  234  00001258  200b0000	addi	r11,r0,#0
  235  0000125c  ac4b0008	sw	8(r2),r11
  236  00001260  ac4b000c	sw	12(r2),r11
  237  00001264  0c000364	jal	_lock_create
  238  00001268  54000000	nop; not filled.
  239  0000126c  00011020	add	r2,r0,r1
  240  00001270  6041ffff	seqi	r1,r2,#-1
  241  00001274  10200030	beqz	r1,L17_LF0
  242  00001278  54000000	nop; not filled.
  243  0000127c  23bdfff8	addi	r29,r29,#-8
  244  00001280  3c0b0000	lhi	r11,((LC7_LF0)>>16)&0xffff
  245  00001284  256b30e0	addui	r11,r11,(LC7_LF0)&0xffff
  246  00001288  afab0000	sw	(r29),r11
  247  0000128c  8d410000	lw	r1,(r10)
  248  00001290  afa10004	sw	4(r29),r1
  249  00001294  0c0002d4	jal	_Printf
  250  00001298  54000000	nop; not filled.
  251  0000129c  0c000380	jal	_Exit
  252  000012a0  54000000	nop; not filled.
  253  000012a4  23bd0008	addi	r29,r29,#8
  254  000012a8          	L17_LF0:
  255  000012a8  23bdfff8	addi	r29,r29,#-8
  256  000012ac  afa20000	sw	(r29),r2
  257  000012b0  0c00033c	jal	_cond_create
  258  000012b4  54000000	nop; not filled.
  259  000012b8  00012820	add	r5,r0,r1
  260  000012bc  23bd0008	addi	r29,r29,#8
  261  000012c0  60a1ffff	seqi	r1,r5,#-1
  262  000012c4  10200028	beqz	r1,L18_LF0
  263  000012c8  54000000	nop; not filled.
  264  000012cc  23bdfff8	addi	r29,r29,#-8
  265  000012d0  3c0b0000	lhi	r11,((LC8_LF0)>>16)&0xffff
  266  000012d4  256b3108	addui	r11,r11,(LC8_LF0)&0xffff
  267  000012d8  afab0000	sw	(r29),r11
  268  000012dc  0c00028c	jal	_Printf
  269  000012e0  54000000	nop; not filled.
  270  000012e4  0c000338	jal	_Exit
  271  000012e8  54000000	nop; not filled.
  272  000012ec  23bd0008	addi	r29,r29,#8
  273  000012f0          	L18_LF0:
  274  000012f0  23bdfff8	addi	r29,r29,#-8
  275  000012f4  afa20000	sw	(r29),r2
  276  000012f8  0c0002f4	jal	_cond_create
  277  000012fc  54000000	nop; not filled.
  278  00001300  00012020	add	r4,r0,r1
  279  00001304  23bd0008	addi	r29,r29,#8
  280  00001308  6081ffff	seqi	r1,r4,#-1
  281  0000130c  10200028	beqz	r1,L19_LF0
  282  00001310  54000000	nop; not filled.
  283  00001314  23bdfff8	addi	r29,r29,#-8
  284  00001318  3c0b0000	lhi	r11,((LC9_LF0)>>16)&0xffff
  285  0000131c  256b3148	addui	r11,r11,(LC9_LF0)&0xffff
  286  00001320  afab0000	sw	(r29),r11
  287  00001324  0c000244	jal	_Printf
  288  00001328  54000000	nop; not filled.
  289  0000132c  0c0002f0	jal	_Exit
  290  00001330  54000000	nop; not filled.
  291  00001334  23bd0008	addi	r29,r29,#8
  292  00001338          	L19_LF0:
  293  00001338  23bdfff8	addi	r29,r29,#-8
  294  0000133c  20010001	addi	r1,r0,#1
  295  00001340  00290822	sub	r1,r1,r9
  296  00001344  afa10000	sw	(r29),r1
  297  00001348  0c00025c	jal	_sem_create
  298  0000134c  54000000	nop; not filled.
  299  00001350  00014020	add	r8,r0,r1
  300  00001354  23bd0008	addi	r29,r29,#8
  301  00001358  6101ffff	seqi	r1,r8,#-1
  302  0000135c  10200038	beqz	r1,L20_LF0
  303  00001360  54000000	nop; not filled.
  304  00001364  23bdfff8	addi	r29,r29,#-8
  305  00001368  3c0b0000	lhi	r11,((LC10_LF0)>>16)&0xffff
  306  0000136c  256b3188	addui	r11,r11,(LC10_LF0)&0xffff
  307  00001370  afab0000	sw	(r29),r11
  308  00001374  0c0001f4	jal	_Printf
  309  00001378  54000000	nop; not filled.
  310  0000137c  8d4b0000	lw	r11,(r10)
  311  00001380  afab0000	sw	(r29),r11
  312  00001384  0c0001e4	jal	_Printf
  313  00001388  54000000	nop; not filled.
  314  0000138c  0c000290	jal	_Exit
  315  00001390  54000000	nop; not filled.
  316  00001394  23bd0008	addi	r29,r29,#8
  317  00001398          	L20_LF0:
  318  00001398  23bdfff8	addi	r29,r29,#-8
  319  0000139c  afa30000	sw	(r29),r3
  320  000013a0  23c7ffc0	addi	r7,r30,#-64
  321  000013a4  afa70004	sw	4(r29),r7
  322  000013a8  0c000994	jal	_ditoa
  323  000013ac  54000000	nop; not filled.
  324  000013b0  afa20000	sw	(r29),r2
  325  000013b4  23c6ffe8	addi	r6,r30,#-24
  326  000013b8  afa60004	sw	4(r29),r6
  327  000013bc  0c000980	jal	_ditoa
  328  000013c0  54000000	nop; not filled.
  329  000013c4  afa50000	sw	(r29),r5
  330  000013c8  23c5ffda	addi	r5,r30,#-38
  331  000013cc  afa50004	sw	4(r29),r5
  332  000013d0  0c00096c	jal	_ditoa
  333  000013d4  54000000	nop; not filled.
  334  000013d8  afa40000	sw	(r29),r4
  335  000013dc  23c4ffe4	addi	r4,r30,#-28
  336  000013e0  afa40004	sw	4(r29),r4
  337  000013e4  0c000958	jal	_ditoa
  338  000013e8  54000000	nop; not filled.
  339  000013ec  afa80000	sw	(r29),r8
  340  000013f0  23c3ffb0	addi	r3,r30,#-80
  341  000013f4  afa30004	sw	4(r29),r3
  342  000013f8  0c000944	jal	_ditoa
  343  000013fc  54000000	nop; not filled.
  344  00001400  20020000	addi	r2,r0,#0
  345  00001404  23bd0008	addi	r29,r29,#8
  346  00001408  0049082a	slt	r1,r2,r9
  347  0000140c  10200084	beqz	r1,L22_LF0
  348  00001410  54000000	nop; not filled.
  349  00001414          	L24_LF0:
  350  00001414  23bdffe0	addi	r29,r29,#-32
  351  00001418  3c0b0000	lhi	r11,((LC11_LF0)>>16)&0xffff
  352  0000141c  256b319c	addui	r11,r11,(LC11_LF0)&0xffff
  353  00001420  afab0000	sw	(r29),r11
  354  00001424  afa70004	sw	4(r29),r7
  355  00001428  afa60008	sw	8(r29),r6
  356  0000142c  afa5000c	sw	12(r29),r5
  357  00001430  afa40010	sw	16(r29),r4
  358  00001434  afa30014	sw	20(r29),r3
  359  00001438  200b0000	addi	r11,r0,#0
  360  0000143c  afab0018	sw	24(r29),r11
  361  00001440  0c000140	jal	_process_create
  362  00001444  54000000	nop; not filled.
  363  00001448  23bd0020	addi	r29,r29,#32
  364  0000144c  23bdffe0	addi	r29,r29,#-32
  365  00001450  3c0b0000	lhi	r11,((LC12_LF0)>>16)&0xffff
  366  00001454  256b31b0	addui	r11,r11,(LC12_LF0)&0xffff
  367  00001458  afab0000	sw	(r29),r11
  368  0000145c  afa70004	sw	4(r29),r7
  369  00001460  afa60008	sw	8(r29),r6
  370  00001464  afa5000c	sw	12(r29),r5
  371  00001468  afa40010	sw	16(r29),r4
  372  0000146c  afa30014	sw	20(r29),r3
  373  00001470  200b0000	addi	r11,r0,#0
  374  00001474  afab0018	sw	24(r29),r11
  375  00001478  0c000108	jal	_process_create
  376  0000147c  54000000	nop; not filled.
  377  00001480  23bd0020	addi	r29,r29,#32
  378  00001484  20420001	addi	r2,r2,#1
  379  00001488  0049082a	slt	r1,r2,r9
  380  0000148c  1420ff84	bnez	r1,L24_LF0
  381  00001490  54000000	nop; not filled.
  382  00001494          	L22_LF0:
  383  00001494  23bdfff8	addi	r29,r29,#-8
  384  00001498  afa80000	sw	(r29),r8
  385  0000149c  0c000114	jal	_sem_wait
  386  000014a0  54000000	nop; not filled.
  387  000014a4  23bd0008	addi	r29,r29,#8
  388  000014a8  64210001	snei	r1,r1,#1
  389  000014ac  10200050	beqz	r1,L26_LF0
  390  000014b0  54000000	nop; not filled.
  391  000014b4  23bdfff8	addi	r29,r29,#-8
  392  000014b8  3c0b0000	lhi	r11,((LC13_LF0)>>16)&0xffff
  393  000014bc  256b31c4	addui	r11,r11,(LC13_LF0)&0xffff
  394  000014c0  afab0000	sw	(r29),r11
  395  000014c4  afa80004	sw	4(r29),r8
  396  000014c8  0c0000a0	jal	_Printf
  397  000014cc  54000000	nop; not filled.
  398  000014d0  8d4a0000	lw	r10,(r10)
  399  000014d4  afaa0000	sw	(r29),r10
  400  000014d8  0c000090	jal	_Printf
  401  000014dc  54000000	nop; not filled.
  402  000014e0  3c0b0000	lhi	r11,((LC14_LF0)>>16)&0xffff
  403  000014e4  256b31f0	addui	r11,r11,(LC14_LF0)&0xffff
  404  000014e8  afab0000	sw	(r29),r11
  405  000014ec  0c00007c	jal	_Printf
  406  000014f0  54000000	nop; not filled.
  407  000014f4  0c000128	jal	_Exit
  408  000014f8  54000000	nop; not filled.
  409  000014fc  23bd0008	addi	r29,r29,#8
  410  00001500          	L26_LF0:
  411  00001500  23bdfff8	addi	r29,r29,#-8
  412  00001504  3c0b0000	lhi	r11,((LC15_LF0)>>16)&0xffff
  413  00001508  256b31f4	addui	r11,r11,(LC15_LF0)&0xffff
  414  0000150c  afab0000	sw	(r29),r11
  415  00001510  0c000058	jal	_Printf
  416  00001514  54000000	nop; not filled.
  417  00001518  23bd0008	addi	r29,r29,#8
  418  0000151c  0c000e48	jal	_exit
  419  00001520  54000000	nop
  420  00001524          	.endproc _main
  421                      ;;;
  422                      ;;; Stub functions for DLX traps.
  423                      ;;;
  424                      ;;; Ethan L. Miller, 1999.  Released to the public domain.
  425                      ;;;
  426                      ;;; The traps such as Open and Close
  427                      ;;; (note the capital letters) are for use by user programs.  The traps
  428                      ;;; with names such as open and close (lower case) are for use by the OS.
  429                      ;;;
  432  00001524          	.align 2
  434                      ;;; The following are the traps to be used by user-level programs
  435                      ;;;
  437  00001524          	.align 2
  438  00001524          	.proc _Open
  439  00001524          	.global _Open
  440  00001524          	_Open:
  441                      ;;; Note that trap #0x213 actually causes a trap vector in the OS of
  442                      ;;; 0x1213.  The same is true for other user traps.  Thus, a user trap
  443                      ;;; with trap #0x240 will result in a trap vector of 0x1240 in the OS.
  444  00001524  44000213	trap	#0x213
  445  00001528  4be00000	jr	r31
  446  0000152c  54000000	nop
  447  00001530          	.endproc _Open
  449  00001530          	.proc _Close
  450  00001530          	.global _Close
  451  00001530          	_Close:
  452  00001530  44000214	trap	#0x214
  453  00001534  4be00000	jr	r31
  454  00001538  54000000	nop
  455  0000153c          	.endproc _Close
  457  0000153c          	.proc _Read
  458  0000153c          	.global _Read
  459  0000153c          	_Read:
  460  0000153c  44000210	trap	#0x210
  461  00001540  4be00000	jr	r31
  462  00001544  54000000	nop
  463  00001548          	.endproc _Read
  465  00001548          	.proc _Write
  466  00001548          	.global _Write
  467  00001548          	_Write:
  468  00001548  44000211	trap	#0x211
  469  0000154c  4be00000	jr	r31
  470  00001550  54000000	nop
  471  00001554          	.endproc _Write
  473  00001554          	.proc _Lseek
  474  00001554          	.global _Lseek
  475  00001554          	_Lseek:
  476  00001554  44000212	trap	#0x212
  477  00001558  4be00000	jr	r31
  478  0000155c  54000000	nop
  479  00001560          	.endproc _Lseek
  481  00001560          	.proc _Putchar
  482  00001560          	.global _Putchar
  483  00001560          	_Putchar:
  484  00001560  44000280	trap	#0x280
  485  00001564  4be00000	jr	r31
  486  00001568  54000000	nop
  487  0000156c          	.endproc _Putchar
  489  0000156c          	.proc _Printf
  490  0000156c          	.global _Printf
  491  0000156c          	_Printf:
  492  0000156c  44000201	trap	#0x201
  493  00001570  4be00000	jr	r31
  494  00001574  54000000	nop
  495  00001578          	.endproc _Printf
  497  00001578          	.proc _getpid
  498  00001578          	.global _getpid
  499  00001578          	_getpid:
  500  00001578  44000431	trap	#0x431
  501  0000157c  4be00000	jr	r31
  502  00001580  54000000	nop
  503  00001584          	.endproc _getpid
  505  00001584          	.proc _process_create
  506  00001584          	.global _process_create
  507  00001584          	_process_create:
  508  00001584  44000432	trap	#0x432
  509  00001588  4be00000	jr	r31
  510  0000158c  54000000	nop
  511  00001590          	.endproc _process_create
  513  00001590          	.proc _shmget
  514  00001590          	.global _shmget
  515  00001590          	_shmget:
  516  00001590  44000440	trap	#0x440
  517  00001594  4be00000	jr	r31
  518  00001598  54000000	nop
  519  0000159c          	.endproc _shmget
  521  0000159c          	.proc _shmat
  522  0000159c          	.global _shmat
  523  0000159c          	_shmat:
  524  0000159c  44000441	trap	#0x441
  525  000015a0  4be00000	jr	r31
  526  000015a4  54000000	nop
  527  000015a8          	.endproc _shmat
  529  000015a8          	.proc _sem_create
  530  000015a8          	.global _sem_create
  531  000015a8          	_sem_create:
  532  000015a8  44000450	trap	#0x450
  533  000015ac  4be00000	jr	r31
  534  000015b0  54000000	nop
  535  000015b4          	.endproc _sem_create
  537  000015b4          	.proc _sem_wait
  538  000015b4          	.global _sem_wait
  539  000015b4          	_sem_wait:
  540  000015b4  44000451	trap	#0x451
  541  000015b8  4be00000	jr	r31
  542  000015bc  54000000	nop
  543  000015c0          	.endproc _sem_wait
  545  000015c0          	.proc _sem_signal
  546  000015c0          	.global _sem_signal
  547  000015c0          	_sem_signal:
  548  000015c0  44000452	trap	#0x452
  549  000015c4  4be00000	jr	r31
  550  000015c8  54000000	nop
  551  000015cc          	.endproc _sem_signal
  553  000015cc          	.proc _lock_create
  554  000015cc          	.global _lock_create
  555  000015cc          	_lock_create:
  556  000015cc  44000453	trap	#0x453
  557  000015d0  4be00000	jr	r31
  558  000015d4  54000000	nop
  559  000015d8          	.endproc _lock_create
  561  000015d8          	.proc _lock_acquire
  562  000015d8          	.global _lock_acquire
  563  000015d8          	_lock_acquire:
  564  000015d8  44000454	trap	#0x454
  565  000015dc  4be00000	jr	r31
  566  000015e0  54000000	nop
  567  000015e4          	.endproc _lock_acquire
  569  000015e4          	.proc _lock_release
  570  000015e4          	.global _lock_release
  571  000015e4          	_lock_release:
  572  000015e4  44000455	trap	#0x455
  573  000015e8  4be00000	jr	r31
  574  000015ec  54000000	nop
  575  000015f0          	.endproc _lock_release
  577  000015f0          	.proc _cond_create
  578  000015f0          	.global _cond_create
  579  000015f0          	_cond_create:
  580  000015f0  44000456	trap	#0x456
  581  000015f4  4be00000	jr	r31
  582  000015f8  54000000	nop
  583  000015fc          	.endproc _cond_create
  585  000015fc          	.proc _cond_wait
  586  000015fc          	.global _cond_wait
  587  000015fc          	_cond_wait:
  588  000015fc  44000457	trap	#0x457
  589  00001600  4be00000	jr	r31
  590  00001604  54000000	nop
  591  00001608          	.endproc _cond_wait
  593  00001608          	.proc _cond_signal
  594  00001608          	.global _cond_signal
  595  00001608          	_cond_signal:
  596  00001608  44000458	trap	#0x458
  597  0000160c  4be00000	jr	r31
  598  00001610  54000000	nop
  599  00001614          	.endproc _cond_signal
  601  00001614          	.proc _cond_broadcast
  602  00001614          	.global _cond_broadcast
  603  00001614          	_cond_broadcast:
  604  00001614  44000459	trap	#0x459
  605  00001618  4be00000	jr	r31
  606  0000161c  54000000	nop
  607  00001620          	.endproc _cond_broadcast
  609  00001620          	.proc _Exit
  610  00001620          	.global _Exit
  611  00001620          	_Exit:
  612  00001620  44000500	trap	#0x500
  613  00001624  4be00000	jr	r31
  614  00001628  54000000	nop
  615  0000162c          	.endproc _Exit
  616                      ; Compiled by GCC
  618  0000162c          	.align 2
  619  0000162c          	.proc _isspace
  620  0000162c          	.global _isspace
  621  0000162c          	_isspace:
  622                      ;  Function 'isspace'; 0 bytes of locals, 3 regs to save.
  623  0000162c  afbefffc	sw	-4(r29),r30; push fp
  624  00001630  001df020	add	r30,r0,r29; fp = sp
  625  00001634  afbffff8	sw	-8(r29),r31; push ret addr
  626  00001638  2fbd0018	subui	r29,r29,#24; alloc local storage
  627  0000163c  afa20000	sw	0(r29),r2
  628  00001640  afa30004	sw	4(r29),r3
  629  00001644  afa40008	sw	8(r29),r4
  630  00001648  83c20003	lb	r2,3(r30)
  631  0000164c  20010000	addi	r1,r0,#0
  632  00001650  304300ff	andi	r3,r2,#0x00ff
  633  00001654  60640020	seqi	r4,r3,#32
  634  00001658  1480002c	bnez	r4,L3_LF2
  635  0000165c  54000000	nop; delay slot nop
  636  00001660  304300ff	andi	r3,r2,#0x00ff
  637  00001664  60640009	seqi	r4,r3,#9
  638  00001668  1480001c	bnez	r4,L3_LF2
  639  0000166c  54000000	nop; delay slot nop
  640  00001670  304300ff	andi	r3,r2,#0x00ff
  641  00001674  6064000a	seqi	r4,r3,#10
  642  00001678  1480000c	bnez	r4,L3_LF2
  643  0000167c  54000000	nop; delay slot nop
  644  00001680  08000008	j	L2_LF2
  645  00001684  54000000	nop; delay slot nop
  646  00001688          	L3_LF2:
  647  00001688  20010001	addi	r1,r0,#1
  648  0000168c          	L2_LF2:
  649  0000168c  08000004	j	L1_LF2
  650  00001690  54000000	nop; delay slot nop
  651  00001694          	L1_LF2:
  652  00001694  8fa20000	lw	r2,0(r29)
  653  00001698  8fa30004	lw	r3,4(r29)
  654  0000169c  8fa40008	lw	r4,8(r29)
  655  000016a0  8fdffff8	lw	r31,-8(r30)
  656  000016a4  001ee820	add	r29,r0,r30
  657  000016a8  8fdefffc	lw	r30,-4(r30)
  658  000016ac  4be00000	jr	r31
  659  000016b0  54000000	nop
  660  000016b4          	.endproc _isspace
  661  000016b4          	.align 2
  662  000016b4          	.proc _isxdigit
  663  000016b4          	.global _isxdigit
  664  000016b4          	_isxdigit:
  665                      ;  Function 'isxdigit'; 0 bytes of locals, 3 regs to save.
  666  000016b4  afbefffc	sw	-4(r29),r30; push fp
  667  000016b8  001df020	add	r30,r0,r29; fp = sp
  668  000016bc  afbffff8	sw	-8(r29),r31; push ret addr
  669  000016c0  2fbd0018	subui	r29,r29,#24; alloc local storage
  670  000016c4  afa20000	sw	0(r29),r2
  671  000016c8  afa30004	sw	4(r29),r3
  672  000016cc  afa40008	sw	8(r29),r4
  673  000016d0  83c20003	lb	r2,3(r30)
  674  000016d4  20010000	addi	r1,r0,#0
  675  000016d8  304300ff	andi	r3,r2,#0x00ff
  676  000016dc  6c64002f	sgtui	r4,r3,#47
  677  000016e0  1080001c	beqz	r4,L7_LF2
  678  000016e4  54000000	nop; delay slot nop
  679  000016e8  304300ff	andi	r3,r2,#0x00ff
  680  000016ec  70640039	sleui	r4,r3,#57
  681  000016f0  1480005c	bnez	r4,L6_LF2
  682  000016f4  54000000	nop; delay slot nop
  683  000016f8  08000004	j	L7_LF2
  684  000016fc  54000000	nop; delay slot nop
  685  00001700          	L7_LF2:
  686  00001700  304300ff	andi	r3,r2,#0x00ff
  687  00001704  6c640060	sgtui	r4,r3,#96
  688  00001708  1080001c	beqz	r4,L8_LF2
  689  0000170c  54000000	nop; delay slot nop
  690  00001710  304300ff	andi	r3,r2,#0x00ff
  691  00001714  70640066	sleui	r4,r3,#102
  692  00001718  14800034	bnez	r4,L6_LF2
  693  0000171c  54000000	nop; delay slot nop
  694  00001720  08000004	j	L8_LF2
  695  00001724  54000000	nop; delay slot nop
  696  00001728          	L8_LF2:
  697  00001728  304300ff	andi	r3,r2,#0x00ff
  698  0000172c  6c640040	sgtui	r4,r3,#64
  699  00001730  10800020	beqz	r4,L5_LF2
  700  00001734  54000000	nop; delay slot nop
  701  00001738  304300ff	andi	r3,r2,#0x00ff
  702  0000173c  70640041	sleui	r4,r3,#65
  703  00001740  1480000c	bnez	r4,L6_LF2
  704  00001744  54000000	nop; delay slot nop
  705  00001748  08000008	j	L5_LF2
  706  0000174c  54000000	nop; delay slot nop
  707  00001750          	L6_LF2:
  708  00001750  20010001	addi	r1,r0,#1
  709  00001754          	L5_LF2:
  710  00001754  08000004	j	L4_LF2
  711  00001758  54000000	nop; delay slot nop
  712  0000175c          	L4_LF2:
  713  0000175c  8fa20000	lw	r2,0(r29)
  714  00001760  8fa30004	lw	r3,4(r29)
  715  00001764  8fa40008	lw	r4,8(r29)
  716  00001768  8fdffff8	lw	r31,-8(r30)
  717  0000176c  001ee820	add	r29,r0,r30
  718  00001770  8fdefffc	lw	r30,-4(r30)
  719  00001774  4be00000	jr	r31
  720  00001778  54000000	nop
  721  0000177c          	.endproc _isxdigit
  722  0000177c          	.align 2
  723  0000177c          	.proc _dstrcpy
  724  0000177c          	.global _dstrcpy
  725  0000177c          	_dstrcpy:
  726                      ;  Function 'dstrcpy'; 8 bytes of locals, 2 regs to save.
  727  0000177c  afbefffc	sw	-4(r29),r30; push fp
  728  00001780  001df020	add	r30,r0,r29; fp = sp
  729  00001784  afbffff8	sw	-8(r29),r31; push ret addr
  730  00001788  2fbd0018	subui	r29,r29,#24; alloc local storage
  731  0000178c  afa20000	sw	0(r29),r2
  732  00001790  afa30004	sw	4(r29),r3
  733  00001794  8fc10000	lw	r1,(r30)
  734  00001798  afc1fff4	sw	-12(r30),r1
  735  0000179c          	L10_LF2:
  736  0000179c  8fc10000	lw	r1,(r30)
  737  000017a0  20220001	addi	r2,r1,#1
  738  000017a4  afc20000	sw	(r30),r2
  739  000017a8  8fc20004	lw	r2,4(r30)
  740  000017ac  20430001	addi	r3,r2,#1
  741  000017b0  afc30004	sw	4(r30),r3
  742  000017b4  80420000	lb	r2,(r2)
  743  000017b8  a0220000	sb	(r1),r2
  744  000017bc  a3c2fff3	sb	-13(r30),r2
  745  000017c0          	L12_LF2:
  746  000017c0  93c1fff3	lbu	r1,-13(r30)
  747  000017c4  64220000	snei	r2,r1,#0
  748  000017c8  1440000c	bnez	r2,L13_LF2
  749  000017cc  54000000	nop; delay slot nop
  750  000017d0  0800000c	j	L11_LF2
  751  000017d4  54000000	nop; delay slot nop
  752  000017d8          	L13_LF2:
  753  000017d8  0bffffc0	j	L10_LF2
  754  000017dc  54000000	nop; delay slot nop
  755  000017e0          	L11_LF2:
  756  000017e0  8fc1fff4	lw	r1,-12(r30)
  757  000017e4  08000004	j	L9_LF2
  758  000017e8  54000000	nop; delay slot nop
  759  000017ec          	L9_LF2:
  760  000017ec  8fa20000	lw	r2,0(r29)
  761  000017f0  8fa30004	lw	r3,4(r29)
  762  000017f4  8fdffff8	lw	r31,-8(r30)
  763  000017f8  001ee820	add	r29,r0,r30
  764  000017fc  8fdefffc	lw	r30,-4(r30)
  765  00001800  4be00000	jr	r31
  766  00001804  54000000	nop
  767  00001808          	.endproc _dstrcpy
  768  00001808          	.align 2
  769  00001808          	.proc _dstrncpy
  770  00001808          	.global _dstrncpy
  771  00001808          	_dstrncpy:
  772                      ;  Function 'dstrncpy'; 8 bytes of locals, 2 regs to save.
  773  00001808  afbefffc	sw	-4(r29),r30; push fp
  774  0000180c  001df020	add	r30,r0,r29; fp = sp
  775  00001810  afbffff8	sw	-8(r29),r31; push ret addr
  776  00001814  2fbd0018	subui	r29,r29,#24; alloc local storage
  777  00001818  afa20000	sw	0(r29),r2
  778  0000181c  afa30004	sw	4(r29),r3
  779  00001820  8fc10000	lw	r1,(r30)
  780  00001824  afc1fff4	sw	-12(r30),r1
  781  00001828          	L15_LF2:
  782  00001828  8fc10008	lw	r1,8(r30)
  783  0000182c  2022ffff	addi	r2,r1,#-1
  784  00001830  afc20008	sw	8(r30),r2
  785  00001834  70210000	slei	r1,r1,#0
  786  00001838  1020000c	beqz	r1,L18_LF2
  787  0000183c  54000000	nop; delay slot nop
  788  00001840  08000048	j	L16_LF2
  789  00001844  54000000	nop; delay slot nop
  790  00001848          	L18_LF2:
  791  00001848  8fc10000	lw	r1,(r30)
  792  0000184c  20220001	addi	r2,r1,#1
  793  00001850  afc20000	sw	(r30),r2
  794  00001854  8fc20004	lw	r2,4(r30)
  795  00001858  20430001	addi	r3,r2,#1
  796  0000185c  afc30004	sw	4(r30),r3
  797  00001860  80420000	lb	r2,(r2)
  798  00001864  a0220000	sb	(r1),r2
  799  00001868  a3c2fff3	sb	-13(r30),r2
  800  0000186c          	L17_LF2:
  801  0000186c  93c1fff3	lbu	r1,-13(r30)
  802  00001870  64220000	snei	r2,r1,#0
  803  00001874  1440000c	bnez	r2,L19_LF2
  804  00001878  54000000	nop; delay slot nop
  805  0000187c  0800000c	j	L16_LF2
  806  00001880  54000000	nop; delay slot nop
  807  00001884          	L19_LF2:
  808  00001884  0bffffa0	j	L15_LF2
  809  00001888  54000000	nop; delay slot nop
  810  0000188c          	L16_LF2:
  811  0000188c  8fc1fff4	lw	r1,-12(r30)
  812  00001890  08000004	j	L14_LF2
  813  00001894  54000000	nop; delay slot nop
  814  00001898          	L14_LF2:
  815  00001898  8fa20000	lw	r2,0(r29)
  816  0000189c  8fa30004	lw	r3,4(r29)
  817  000018a0  8fdffff8	lw	r31,-8(r30)
  818  000018a4  001ee820	add	r29,r0,r30
  819  000018a8  8fdefffc	lw	r30,-4(r30)
  820  000018ac  4be00000	jr	r31
  821  000018b0  54000000	nop
  822  000018b4          	.endproc _dstrncpy
  823  000018b4          	.align 2
  824  000018b4          	.proc _dstrcat
  825  000018b4          	.global _dstrcat
  826  000018b4          	_dstrcat:
  827                      ;  Function 'dstrcat'; 8 bytes of locals, 1 regs to save.
  828  000018b4  afbefffc	sw	-4(r29),r30; push fp
  829  000018b8  001df020	add	r30,r0,r29; fp = sp
  830  000018bc  afbffff8	sw	-8(r29),r31; push ret addr
  831  000018c0  2fbd0018	subui	r29,r29,#24; alloc local storage
  832  000018c4  afa20000	sw	0(r29),r2
  833  000018c8  8fc10000	lw	r1,(r30)
  834  000018cc  afc1fff4	sw	-12(r30),r1
  835  000018d0          	L21_LF2:
  836  000018d0  8fc10000	lw	r1,(r30)
  837  000018d4  90220000	lbu	r2,(r1)
  838  000018d8  64410000	snei	r1,r2,#0
  839  000018dc  1420000c	bnez	r1,L23_LF2
  840  000018e0  54000000	nop; delay slot nop
  841  000018e4  0800001c	j	L22_LF2
  842  000018e8  54000000	nop; delay slot nop
  843  000018ec          	L23_LF2:
  844  000018ec  8fc20000	lw	r2,(r30)
  845  000018f0  20410001	addi	r1,r2,#1
  846  000018f4  00011020	add	r2,r0,r1
  847  000018f8  afc20000	sw	(r30),r2
  848  000018fc  0bffffd0	j	L21_LF2
  849  00001900  54000000	nop; delay slot nop
  850  00001904          	L22_LF2:
  851  00001904  23bdfff8	addi	r29,r29,#-8
  852  00001908  001d0820	add	r1,r0,r29
  853  0000190c  8fc20000	lw	r2,(r30)
  854  00001910  ac220000	sw	(r1),r2
  855  00001914  8fc20004	lw	r2,4(r30)
  856  00001918  ac220004	sw	4(r1),r2
  857  0000191c  0ffffe5c	jal	_dstrcpy
  858  00001920  54000000	nop; delay slot nop
  859  00001924  23bd0008	addi	r29,r29,#8
  860  00001928  8fc1fff4	lw	r1,-12(r30)
  861  0000192c  08000004	j	L20_LF2
  862  00001930  54000000	nop; delay slot nop
  863  00001934          	L20_LF2:
  864  00001934  8fa20000	lw	r2,0(r29)
  865  00001938  8fdffff8	lw	r31,-8(r30)
  866  0000193c  001ee820	add	r29,r0,r30
  867  00001940  8fdefffc	lw	r30,-4(r30)
  868  00001944  4be00000	jr	r31
  869  00001948  54000000	nop
  870  0000194c          	.endproc _dstrcat
  871  0000194c          	.align 2
  872  0000194c          	.proc _dstrncmp
  873  0000194c          	.global _dstrncmp
  874  0000194c          	_dstrncmp:
  875                      ;  Function 'dstrncmp'; 8 bytes of locals, 2 regs to save.
  876  0000194c  afbefffc	sw	-4(r29),r30; push fp
  877  00001950  001df020	add	r30,r0,r29; fp = sp
  878  00001954  afbffff8	sw	-8(r29),r31; push ret addr
  879  00001958  2fbd0018	subui	r29,r29,#24; alloc local storage
  880  0000195c  afa20000	sw	0(r29),r2
  881  00001960  afa30004	sw	4(r29),r3
  882  00001964  54000000	nop
  883  00001968  20010000	addi	r1,r0,#0
  884  0000196c  afc1fff4	sw	-12(r30),r1
  885  00001970          	L25_LF2:
  886  00001970  8fc1fff4	lw	r1,-12(r30)
  887  00001974  8fc20008	lw	r2,8(r30)
  888  00001978  0022082a	slt	r1,r1,r2
  889  0000197c  1420000c	bnez	r1,L28_LF2
  890  00001980  54000000	nop; delay slot nop
  891  00001984  08000088	j	L26_LF2
  892  00001988  54000000	nop; delay slot nop
  893  0000198c          	L28_LF2:
  894  0000198c  8fc10004	lw	r1,4(r30)
  895  00001990  90220000	lbu	r2,(r1)
  896  00001994  64410000	snei	r1,r2,#0
  897  00001998  14200018	bnez	r1,L29_LF2
  898  0000199c  54000000	nop; delay slot nop
  899  000019a0  20010000	addi	r1,r0,#0
  900  000019a4  080000d8	j	L24_LF2
  901  000019a8  54000000	nop; delay slot nop
  902  000019ac  08000028	j	L30_LF2
  903  000019b0  54000000	nop; delay slot nop
  904  000019b4          	L29_LF2:
  905  000019b4  8fc10000	lw	r1,(r30)
  906  000019b8  8fc20004	lw	r2,4(r30)
  907  000019bc  90210000	lbu	r1,(r1)
  908  000019c0  90420000	lbu	r2,(r2)
  909  000019c4  00220829	sne	r1,r1,r2
  910  000019c8  1020000c	beqz	r1,L30_LF2
  911  000019cc  54000000	nop; delay slot nop
  912  000019d0  0800003c	j	L26_LF2
  913  000019d4  54000000	nop; delay slot nop
  914  000019d8          	L31_LF2:
  915  000019d8          	L30_LF2:
  916  000019d8  8fc20000	lw	r2,(r30)
  917  000019dc  20410001	addi	r1,r2,#1
  918  000019e0  00011020	add	r2,r0,r1
  919  000019e4  afc20000	sw	(r30),r2
  920  000019e8  8fc20004	lw	r2,4(r30)
  921  000019ec  20410001	addi	r1,r2,#1
  922  000019f0  00011020	add	r2,r0,r1
  923  000019f4  afc20004	sw	4(r30),r2
  924  000019f8          	L27_LF2:
  925  000019f8  8fc2fff4	lw	r2,-12(r30)
  926  000019fc  20410001	addi	r1,r2,#1
  927  00001a00  00011020	add	r2,r0,r1
  928  00001a04  afc2fff4	sw	-12(r30),r2
  929  00001a08  0bffff64	j	L25_LF2
  930  00001a0c  54000000	nop; delay slot nop
  931  00001a10          	L26_LF2:
  932  00001a10  8fc1fff4	lw	r1,-12(r30)
  933  00001a14  8fc20008	lw	r2,8(r30)
  934  00001a18  00220828	seq	r1,r1,r2
  935  00001a1c  10200018	beqz	r1,L32_LF2
  936  00001a20  54000000	nop; delay slot nop
  937  00001a24  20010000	addi	r1,r0,#0
  938  00001a28  08000054	j	L24_LF2
  939  00001a2c  54000000	nop; delay slot nop
  940  00001a30  0800004c	j	L33_LF2
  941  00001a34  54000000	nop; delay slot nop
  942  00001a38          	L32_LF2:
  943  00001a38  8fc20000	lw	r2,(r30)
  944  00001a3c  90410000	lbu	r1,(r2)
  945  00001a40  8fc20004	lw	r2,4(r30)
  946  00001a44  90430000	lbu	r3,(r2)
  947  00001a48  00230822	sub	r1,r1,r3
  948  00001a4c  74220000	sgei	r2,r1,#0
  949  00001a50  10400020	beqz	r2,L34_LF2
  950  00001a54  54000000	nop; delay slot nop
  951  00001a58  8fc10000	lw	r1,(r30)
  952  00001a5c  8fc20004	lw	r2,4(r30)
  953  00001a60  90210000	lbu	r1,(r1)
  954  00001a64  90420000	lbu	r2,(r2)
  955  00001a68  00220829	sne	r1,r1,r2
  956  00001a6c  08000008	j	L35_LF2
  957  00001a70  54000000	nop; delay slot nop
  958  00001a74          	L34_LF2:
  959  00001a74  2001ffff	addi	r1,r0,#-1
  960  00001a78          	L35_LF2:
  961  00001a78  08000004	j	L24_LF2
  962  00001a7c  54000000	nop; delay slot nop
  963  00001a80          	L33_LF2:
  964  00001a80          	L24_LF2:
  965  00001a80  8fa20000	lw	r2,0(r29)
  966  00001a84  8fa30004	lw	r3,4(r29)
  967  00001a88  8fdffff8	lw	r31,-8(r30)
  968  00001a8c  001ee820	add	r29,r0,r30
  969  00001a90  8fdefffc	lw	r30,-4(r30)
  970  00001a94  4be00000	jr	r31
  971  00001a98  54000000	nop
  972  00001a9c          	.endproc _dstrncmp
  973  00001a9c          	.align 2
  974  00001a9c          	.proc _dstrlen
  975  00001a9c          	.global _dstrlen
  976  00001a9c          	_dstrlen:
  977                      ;  Function 'dstrlen'; 8 bytes of locals, 1 regs to save.
  978  00001a9c  afbefffc	sw	-4(r29),r30; push fp
  979  00001aa0  001df020	add	r30,r0,r29; fp = sp
  980  00001aa4  afbffff8	sw	-8(r29),r31; push ret addr
  981  00001aa8  2fbd0018	subui	r29,r29,#24; alloc local storage
  982  00001aac  afa20000	sw	0(r29),r2
  983  00001ab0  20010000	addi	r1,r0,#0
  984  00001ab4  afc1fff4	sw	-12(r30),r1
  985  00001ab8          	L37_LF2:
  986  00001ab8  8fc10000	lw	r1,(r30)
  987  00001abc  20220001	addi	r2,r1,#1
  988  00001ac0  afc20000	sw	(r30),r2
  989  00001ac4  90210000	lbu	r1,(r1)
  990  00001ac8  64220000	snei	r2,r1,#0
  991  00001acc  1440000c	bnez	r2,L39_LF2
  992  00001ad0  54000000	nop; delay slot nop
  993  00001ad4  0800001c	j	L38_LF2
  994  00001ad8  54000000	nop; delay slot nop
  995  00001adc          	L39_LF2:
  996  00001adc  8fc2fff4	lw	r2,-12(r30)
  997  00001ae0  20410001	addi	r1,r2,#1
  998  00001ae4  00011020	add	r2,r0,r1
  999  00001ae8  afc2fff4	sw	-12(r30),r2
 1000  00001aec  0bffffc8	j	L37_LF2
 1001  00001af0  54000000	nop; delay slot nop
 1002  00001af4          	L38_LF2:
 1003  00001af4  8fc1fff4	lw	r1,-12(r30)
 1004  00001af8  08000004	j	L36_LF2
 1005  00001afc  54000000	nop; delay slot nop
 1006  00001b00          	L36_LF2:
 1007  00001b00  8fa20000	lw	r2,0(r29)
 1008  00001b04  8fdffff8	lw	r31,-8(r30)
 1009  00001b08  001ee820	add	r29,r0,r30
 1010  00001b0c  8fdefffc	lw	r30,-4(r30)
 1011  00001b10  4be00000	jr	r31
 1012  00001b14  54000000	nop
 1013  00001b18          	.endproc _dstrlen
 1014  00001b18          	.align 2
 1015  00001b18          	.proc _dstrstr
 1016  00001b18          	.global _dstrstr
 1017  00001b18          	_dstrstr:
 1018                      ;  Function 'dstrstr'; 8 bytes of locals, 1 regs to save.
 1019  00001b18  afbefffc	sw	-4(r29),r30; push fp
 1020  00001b1c  001df020	add	r30,r0,r29; fp = sp
 1021  00001b20  afbffff8	sw	-8(r29),r31; push ret addr
 1022  00001b24  2fbd0018	subui	r29,r29,#24; alloc local storage
 1023  00001b28  afa20000	sw	0(r29),r2
 1024  00001b2c  23bdfff8	addi	r29,r29,#-8
 1025  00001b30  001d0820	add	r1,r0,r29
 1026  00001b34  8fc20004	lw	r2,4(r30)
 1027  00001b38  ac220000	sw	(r1),r2
 1028  00001b3c  0fffff5c	jal	_dstrlen
 1029  00001b40  54000000	nop; delay slot nop
 1030  00001b44  23bd0008	addi	r29,r29,#8
 1031  00001b48  afc1fff4	sw	-12(r30),r1
 1032  00001b4c          	L41_LF2:
 1033  00001b4c  8fc10000	lw	r1,(r30)
 1034  00001b50  90220000	lbu	r2,(r1)
 1035  00001b54  64410000	snei	r1,r2,#0
 1036  00001b58  1420000c	bnez	r1,L43_LF2
 1037  00001b5c  54000000	nop; delay slot nop
 1038  00001b60  08000060	j	L42_LF2
 1039  00001b64  54000000	nop; delay slot nop
 1040  00001b68          	L43_LF2:
 1041  00001b68  23bdfff0	addi	r29,r29,#-16
 1042  00001b6c  001d0820	add	r1,r0,r29
 1043  00001b70  8fc20000	lw	r2,(r30)
 1044  00001b74  ac220000	sw	(r1),r2
 1045  00001b78  8fc20004	lw	r2,4(r30)
 1046  00001b7c  ac220004	sw	4(r1),r2
 1047  00001b80  8fc2fff4	lw	r2,-12(r30)
 1048  00001b84  ac220008	sw	8(r1),r2
 1049  00001b88  0ffffdc0	jal	_dstrncmp
 1050  00001b8c  54000000	nop; delay slot nop
 1051  00001b90  23bd0010	addi	r29,r29,#16
 1052  00001b94  64220000	snei	r2,r1,#0
 1053  00001b98  14400010	bnez	r2,L44_LF2
 1054  00001b9c  54000000	nop; delay slot nop
 1055  00001ba0  8fc10000	lw	r1,(r30)
 1056  00001ba4  08000028	j	L40_LF2
 1057  00001ba8  54000000	nop; delay slot nop
 1058  00001bac          	L44_LF2:
 1059  00001bac  8fc20000	lw	r2,(r30)
 1060  00001bb0  20410001	addi	r1,r2,#1
 1061  00001bb4  00011020	add	r2,r0,r1
 1062  00001bb8  afc20000	sw	(r30),r2
 1063  00001bbc  0bffff8c	j	L41_LF2
 1064  00001bc0  54000000	nop; delay slot nop
 1065  00001bc4          	L42_LF2:
 1066  00001bc4  20010000	addi	r1,r0,#0
 1067  00001bc8  08000004	j	L40_LF2
 1068  00001bcc  54000000	nop; delay slot nop
 1069  00001bd0          	L40_LF2:
 1070  00001bd0  8fa20000	lw	r2,0(r29)
 1071  00001bd4  8fdffff8	lw	r31,-8(r30)
 1072  00001bd8  001ee820	add	r29,r0,r30
 1073  00001bdc  8fdefffc	lw	r30,-4(r30)
 1074  00001be0  4be00000	jr	r31
 1075  00001be4  54000000	nop
 1076  00001be8          	.endproc _dstrstr
 1077  00001be8          	.align 2
 1078  00001be8          	.proc _dmindex
 1079  00001be8          	.global _dmindex
 1080  00001be8          	_dmindex:
 1081                      ;  Function 'dmindex'; 8 bytes of locals, 1 regs to save.
 1082  00001be8  afbefffc	sw	-4(r29),r30; push fp
 1083  00001bec  001df020	add	r30,r0,r29; fp = sp
 1084  00001bf0  afbffff8	sw	-8(r29),r31; push ret addr
 1085  00001bf4  2fbd0018	subui	r29,r29,#24; alloc local storage
 1086  00001bf8  afa20000	sw	0(r29),r2
 1087  00001bfc  54000000	nop
 1088  00001c00          	L46_LF2:
 1089  00001c00  8fc10000	lw	r1,(r30)
 1090  00001c04  90220000	lbu	r2,(r1)
 1091  00001c08  64410000	snei	r1,r2,#0
 1092  00001c0c  1420000c	bnez	r1,L48_LF2
 1093  00001c10  54000000	nop; delay slot nop
 1094  00001c14  08000070	j	L47_LF2
 1095  00001c18  54000000	nop; delay slot nop
 1096  00001c1c          	L48_LF2:
 1097  00001c1c  8fc10004	lw	r1,4(r30)
 1098  00001c20  afc1fff4	sw	-12(r30),r1
 1099  00001c24          	L49_LF2:
 1100  00001c24  8fc1fff4	lw	r1,-12(r30)
 1101  00001c28  90220000	lbu	r2,(r1)
 1102  00001c2c  64410000	snei	r1,r2,#0
 1103  00001c30  1420000c	bnez	r1,L52_LF2
 1104  00001c34  54000000	nop; delay slot nop
 1105  00001c38  08000044	j	L50_LF2
 1106  00001c3c  54000000	nop; delay slot nop
 1107  00001c40          	L52_LF2:
 1108  00001c40  8fc10000	lw	r1,(r30)
 1109  00001c44  8fc2fff4	lw	r2,-12(r30)
 1110  00001c48  90210000	lbu	r1,(r1)
 1111  00001c4c  90420000	lbu	r2,(r2)
 1112  00001c50  00220828	seq	r1,r1,r2
 1113  00001c54  10200010	beqz	r1,L51_LF2
 1114  00001c58  54000000	nop; delay slot nop
 1115  00001c5c  8fc10000	lw	r1,(r30)
 1116  00001c60  08000030	j	L45_LF2
 1117  00001c64  54000000	nop; delay slot nop
 1118  00001c68          	L53_LF2:
 1119  00001c68          	L51_LF2:
 1120  00001c68  8fc2fff4	lw	r2,-12(r30)
 1121  00001c6c  20410001	addi	r1,r2,#1
 1122  00001c70  00011020	add	r2,r0,r1
 1123  00001c74  afc2fff4	sw	-12(r30),r2
 1124  00001c78  0bffffa8	j	L49_LF2
 1125  00001c7c  54000000	nop; delay slot nop
 1126  00001c80          	L50_LF2:
 1127  00001c80  0bffff7c	j	L46_LF2
 1128  00001c84  54000000	nop; delay slot nop
 1129  00001c88          	L47_LF2:
 1130  00001c88  20010000	addi	r1,r0,#0
 1131  00001c8c  08000004	j	L45_LF2
 1132  00001c90  54000000	nop; delay slot nop
 1133  00001c94          	L45_LF2:
 1134  00001c94  8fa20000	lw	r2,0(r29)
 1135  00001c98  8fdffff8	lw	r31,-8(r30)
 1136  00001c9c  001ee820	add	r29,r0,r30
 1137  00001ca0  8fdefffc	lw	r30,-4(r30)
 1138  00001ca4  4be00000	jr	r31
 1139  00001ca8  54000000	nop
 1140  00001cac          	.endproc _dmindex
 1141  00001cac          	.align 2
 1142  00001cac          	.proc _dindex
 1143  00001cac          	.global _dindex
 1144  00001cac          	_dindex:
 1145                      ;  Function 'dindex'; 0 bytes of locals, 1 regs to save.
 1146  00001cac  afbefffc	sw	-4(r29),r30; push fp
 1147  00001cb0  001df020	add	r30,r0,r29; fp = sp
 1148  00001cb4  afbffff8	sw	-8(r29),r31; push ret addr
 1149  00001cb8  2fbd0010	subui	r29,r29,#16; alloc local storage
 1150  00001cbc  afa20000	sw	0(r29),r2
 1151  00001cc0  54000000	nop
 1152  00001cc4          	L55_LF2:
 1153  00001cc4  8fc10000	lw	r1,(r30)
 1154  00001cc8  90220000	lbu	r2,(r1)
 1155  00001ccc  64410000	snei	r1,r2,#0
 1156  00001cd0  1420000c	bnez	r1,L57_LF2
 1157  00001cd4  54000000	nop; delay slot nop
 1158  00001cd8  08000040	j	L56_LF2
 1159  00001cdc  54000000	nop; delay slot nop
 1160  00001ce0          	L57_LF2:
 1161  00001ce0  8fc10000	lw	r1,(r30)
 1162  00001ce4  90220000	lbu	r2,(r1)
 1163  00001ce8  8fc10004	lw	r1,4(r30)
 1164  00001cec  00411028	seq	r2,r2,r1
 1165  00001cf0  10400010	beqz	r2,L58_LF2
 1166  00001cf4  54000000	nop; delay slot nop
 1167  00001cf8  8fc10000	lw	r1,(r30)
 1168  00001cfc  08000028	j	L54_LF2
 1169  00001d00  54000000	nop; delay slot nop
 1170  00001d04          	L58_LF2:
 1171  00001d04  8fc20000	lw	r2,(r30)
 1172  00001d08  20410001	addi	r1,r2,#1
 1173  00001d0c  00011020	add	r2,r0,r1
 1174  00001d10  afc20000	sw	(r30),r2
 1175  00001d14  0bffffac	j	L55_LF2
 1176  00001d18  54000000	nop; delay slot nop
 1177  00001d1c          	L56_LF2:
 1178  00001d1c  20010000	addi	r1,r0,#0
 1179  00001d20  08000004	j	L54_LF2
 1180  00001d24  54000000	nop; delay slot nop
 1181  00001d28          	L54_LF2:
 1182  00001d28  8fa20000	lw	r2,0(r29)
 1183  00001d2c  8fdffff8	lw	r31,-8(r30)
 1184  00001d30  001ee820	add	r29,r0,r30
 1185  00001d34  8fdefffc	lw	r30,-4(r30)
 1186  00001d38  4be00000	jr	r31
 1187  00001d3c  54000000	nop
 1188  00001d40          	.endproc _dindex
 1189  00001d40          	.align 2
 1190  00001d40          	.proc _ditoa
 1191  00001d40          	.global _ditoa
 1192  00001d40          	_ditoa:
 1193                      ;  Function 'ditoa'; 8 bytes of locals, 2 regs to save.
 1194  00001d40  afbefffc	sw	-4(r29),r30; push fp
 1195  00001d44  001df020	add	r30,r0,r29; fp = sp
 1196  00001d48  afbffff8	sw	-8(r29),r31; push ret addr
 1197  00001d4c  2fbd0018	subui	r29,r29,#24; alloc local storage
 1198  00001d50  afa20000	sw	0(r29),r2
 1199  00001d54  afa30004	sw	4(r29),r3
 1200  00001d58  8fc10000	lw	r1,(r30)
 1201  00001d5c  68220000	slti	r2,r1,#0
 1202  00001d60  1040002c	beqz	r2,L60_LF2
 1203  00001d64  54000000	nop; delay slot nop
 1204  00001d68  8fc10004	lw	r1,4(r30)
 1205  00001d6c  20220001	addi	r2,r1,#1
 1206  00001d70  afc20004	sw	4(r30),r2
 1207  00001d74  2002002d	addi	r2,r0,(#0x2d)&0xff
 1208  00001d78  a0220000	sb	(r1),r2
 1209  00001d7c  8fc10000	lw	r1,(r30)
 1210  00001d80  00011022	sub	r2,r0,r1
 1211  00001d84  afc20000	sw	(r30),r2
 1212  00001d88  08000118	j	L61_LF2
 1213  00001d8c  54000000	nop; delay slot nop
 1214  00001d90          	L60_LF2:
 1215  00001d90  8fc10000	lw	r1,(r30)
 1216  00001d94  64220000	snei	r2,r1,#0
 1217  00001d98  14400020	bnez	r2,L62_LF2
 1218  00001d9c  54000000	nop; delay slot nop
 1219  00001da0  8fc10004	lw	r1,4(r30)
 1220  00001da4  20220001	addi	r2,r1,#1
 1221  00001da8  afc20004	sw	4(r30),r2
 1222  00001dac  20020030	addi	r2,r0,(#0x30)&0xff
 1223  00001db0  a0220000	sb	(r1),r2
 1224  00001db4  080000ec	j	L61_LF2
 1225  00001db8  54000000	nop; delay slot nop
 1226  00001dbc          	L62_LF2:
 1227  00001dbc  20010001	addi	r1,r0,#1
 1228  00001dc0  afc1fff4	sw	-12(r30),r1
 1229  00001dc4          	L64_LF2:
 1230  00001dc4  8fc1fff4	lw	r1,-12(r30)
 1231  00001dc8  8fc20000	lw	r2,(r30)
 1232  00001dcc  0022082c	sle	r1,r1,r2
 1233  00001dd0  1420000c	bnez	r1,L66_LF2
 1234  00001dd4  54000000	nop; delay slot nop
 1235  00001dd8  08000024	j	L65_LF2
 1236  00001ddc  54000000	nop; delay slot nop
 1237  00001de0          	L67_LF2:
 1238  00001de0          	L66_LF2:
 1239  00001de0  8fc1fff4	lw	r1,-12(r30)
 1240  00001de4  00011820	add	r3,r0,r1
 1241  00001de8  50620002	slli	r2,r3,#0x2
 1242  00001dec  00411020	add	r2,r2,r1
 1243  00001df0  50410001	slli	r1,r2,#0x1
 1244  00001df4  afc1fff4	sw	-12(r30),r1
 1245  00001df8  0bffffc8	j	L64_LF2
 1246  00001dfc  54000000	nop; delay slot nop
 1247  00001e00          	L65_LF2:
 1248  00001e00  54000000	nop
 1249  00001e04          	L68_LF2:
 1250  00001e04  8fc1fff4	lw	r1,-12(r30)
 1251  00001e08  2002000a	addi	r2,r0,#10
 1252  00001e0c  00200035	movi2fp	f0,r1
 1253  00001e10  00400835	movi2fp	f1,r2
 1254  00001e14  0401000f	div	f0,f0,f1
 1255  00001e18  00000834	movfp2i	r1,f0
 1256  00001e1c  afc1fff4	sw	-12(r30),r1
 1257  00001e20  8fc10004	lw	r1,4(r30)
 1258  00001e24  20220001	addi	r2,r1,#1
 1259  00001e28  afc20004	sw	4(r30),r2
 1260  00001e2c  8fc20000	lw	r2,(r30)
 1261  00001e30  8fc3fff4	lw	r3,-12(r30)
 1262  00001e34  00400035	movi2fp	f0,r2
 1263  00001e38  00600835	movi2fp	f1,r3
 1264  00001e3c  0401000f	div	f0,f0,f1
 1265  00001e40  00001034	movfp2i	r2,f0
 1266  00001e44  00021820	add	r3,r0,r2
 1267  00001e48  20620030	addi	r2,r3,#48
 1268  00001e4c  a0220000	sb	(r1),r2
 1269  00001e50  8fc10000	lw	r1,(r30)
 1270  00001e54  8fc3fff4	lw	r3,-12(r30)
 1271  00001e58  00200035	movi2fp	f0,r1
 1272  00001e5c  00600835	movi2fp	f1,r3
 1273  00001e60  0401000f	div	f0,f0,f1
 1274  00001e64  00001034	movfp2i	r2,f0
 1275  00001e68  8fc3fff4	lw	r3,-12(r30)
 1276  00001e6c  00400035	movi2fp	f0,r2
 1277  00001e70  00600835	movi2fp	f1,r3
 1278  00001e74  0401000e	mult	f0,f0,f1
 1279  00001e78  00001034	movfp2i	r2,f0
 1280  00001e7c  00220822	sub	r1,r1,r2
 1281  00001e80  afc10000	sw	(r30),r1
 1282  00001e84          	L70_LF2:
 1283  00001e84  8fc1fff4	lw	r1,-12(r30)
 1284  00001e88  6c220001	sgti	r2,r1,#1
 1285  00001e8c  1440000c	bnez	r2,L71_LF2
 1286  00001e90  54000000	nop; delay slot nop
 1287  00001e94  0800000c	j	L61_LF2
 1288  00001e98  54000000	nop; delay slot nop
 1289  00001e9c          	L71_LF2:
 1290  00001e9c  0bffff64	j	L68_LF2
 1291  00001ea0  54000000	nop; delay slot nop
 1292  00001ea4          	L69_LF2:
 1293  00001ea4          	L63_LF2:
 1294  00001ea4          	L61_LF2:
 1295  00001ea4  8fc10004	lw	r1,4(r30)
 1296  00001ea8  20020000	addi	r2,r0,(#0x0)&0xff
 1297  00001eac  a0220000	sb	(r1),r2
 1298  00001eb0          	L59_LF2:
 1299  00001eb0  8fa20000	lw	r2,0(r29)
 1300  00001eb4  8fa30004	lw	r3,4(r29)
 1301  00001eb8  8fdffff8	lw	r31,-8(r30)
 1302  00001ebc  001ee820	add	r29,r0,r30
 1303  00001ec0  8fdefffc	lw	r30,-4(r30)
 1304  00001ec4  4be00000	jr	r31
 1305  00001ec8  54000000	nop
 1306  00001ecc          	.endproc _ditoa
 1307  00001ecc          	.align 2
 1308  00001ecc          	.proc _dstrtol
 1309  00001ecc          	.global _dstrtol
 1310  00001ecc          	_dstrtol:
 1311                      ;  Function 'dstrtol'; 16 bytes of locals, 1 regs to save.
 1312  00001ecc  afbefffc	sw	-4(r29),r30; push fp
 1313  00001ed0  001df020	add	r30,r0,r29; fp = sp
 1314  00001ed4  afbffff8	sw	-8(r29),r31; push ret addr
 1315  00001ed8  2fbd0020	subui	r29,r29,#32; alloc local storage
 1316  00001edc  afa20000	sw	0(r29),r2
 1317  00001ee0  20010000	addi	r1,r0,#0
 1318  00001ee4  afc1fff4	sw	-12(r30),r1
 1319  00001ee8          	L73_LF2:
 1320  00001ee8  8fc10000	lw	r1,(r30)
 1321  00001eec  90220000	lbu	r2,(r1)
 1322  00001ef0  60410020	seqi	r1,r2,#32
 1323  00001ef4  14200034	bnez	r1,L75_LF2
 1324  00001ef8  54000000	nop; delay slot nop
 1325  00001efc  8fc10000	lw	r1,(r30)
 1326  00001f00  90220000	lbu	r2,(r1)
 1327  00001f04  60410009	seqi	r1,r2,#9
 1328  00001f08  14200020	bnez	r1,L75_LF2
 1329  00001f0c  54000000	nop; delay slot nop
 1330  00001f10  8fc10000	lw	r1,(r30)
 1331  00001f14  90220000	lbu	r2,(r1)
 1332  00001f18  6041000a	seqi	r1,r2,#10
 1333  00001f1c  1420000c	bnez	r1,L75_LF2
 1334  00001f20  54000000	nop; delay slot nop
 1335  00001f24  0800001c	j	L74_LF2
 1336  00001f28  54000000	nop; delay slot nop
 1337  00001f2c          	L75_LF2:
 1338  00001f2c  8fc20000	lw	r2,(r30)
 1339  00001f30  20410001	addi	r1,r2,#1
 1340  00001f34  00011020	add	r2,r0,r1
 1341  00001f38  afc20000	sw	(r30),r2
 1342  00001f3c  0bffffa8	j	L73_LF2
 1343  00001f40  54000000	nop; delay slot nop
 1344  00001f44          	L74_LF2:
 1345  00001f44  8fc10004	lw	r1,4(r30)
 1346  00001f48  64220000	snei	r2,r1,#0
 1347  00001f4c  10400010	beqz	r2,L76_LF2
 1348  00001f50  54000000	nop; delay slot nop
 1349  00001f54  8fc10004	lw	r1,4(r30)
 1350  00001f58  8fc20000	lw	r2,(r30)
 1351  00001f5c  ac220000	sw	(r1),r2
 1352  00001f60          	L76_LF2:
 1353  00001f60  8fc10000	lw	r1,(r30)
 1354  00001f64  90220000	lbu	r2,(r1)
 1355  00001f68  64410000	snei	r1,r2,#0
 1356  00001f6c  14200010	bnez	r1,L77_LF2
 1357  00001f70  54000000	nop; delay slot nop
 1358  00001f74  8fc1fff4	lw	r1,-12(r30)
 1359  00001f78  08000294	j	L72_LF2
 1360  00001f7c  54000000	nop; delay slot nop
 1361  00001f80          	L77_LF2:
 1362  00001f80  8fc10000	lw	r1,(r30)
 1363  00001f84  90220000	lbu	r2,(r1)
 1364  00001f88  6041002d	seqi	r1,r2,#45
 1365  00001f8c  10200024	beqz	r1,L78_LF2
 1366  00001f90  54000000	nop; delay slot nop
 1367  00001f94  2001ffff	addi	r1,r0,#-1
 1368  00001f98  afc1ffec	sw	-20(r30),r1
 1369  00001f9c  8fc20000	lw	r2,(r30)
 1370  00001fa0  20410001	addi	r1,r2,#1
 1371  00001fa4  00011020	add	r2,r0,r1
 1372  00001fa8  afc20000	sw	(r30),r2
 1373  00001fac  0800000c	j	L79_LF2
 1374  00001fb0  54000000	nop; delay slot nop
 1375  00001fb4          	L78_LF2:
 1376  00001fb4  20010001	addi	r1,r0,#1
 1377  00001fb8  afc1ffec	sw	-20(r30),r1
 1378  00001fbc          	L79_LF2:
 1379  00001fbc  8fc10008	lw	r1,8(r30)
 1380  00001fc0  64220000	snei	r2,r1,#0
 1381  00001fc4  14400090	bnez	r2,L80_LF2
 1382  00001fc8  54000000	nop; delay slot nop
 1383  00001fcc  8fc10000	lw	r1,(r30)
 1384  00001fd0  90220000	lbu	r2,(r1)
 1385  00001fd4  60410030	seqi	r1,r2,#48
 1386  00001fd8  10200074	beqz	r1,L81_LF2
 1387  00001fdc  54000000	nop; delay slot nop
 1388  00001fe0  8fc20000	lw	r2,(r30)
 1389  00001fe4  20410001	addi	r1,r2,#1
 1390  00001fe8  00011020	add	r2,r0,r1
 1391  00001fec  afc20000	sw	(r30),r2
 1392  00001ff0  8fc10000	lw	r1,(r30)
 1393  00001ff4  90220000	lbu	r2,(r1)
 1394  00001ff8  60410078	seqi	r1,r2,#120
 1395  00001ffc  14200020	bnez	r1,L83_LF2
 1396  00002000  54000000	nop; delay slot nop
 1397  00002004  8fc10000	lw	r1,(r30)
 1398  00002008  90220000	lbu	r2,(r1)
 1399  0000200c  60410058	seqi	r1,r2,#88
 1400  00002010  1420000c	bnez	r1,L83_LF2
 1401  00002014  54000000	nop; delay slot nop
 1402  00002018  08000024	j	L82_LF2
 1403  0000201c  54000000	nop; delay slot nop
 1404  00002020          	L83_LF2:
 1405  00002020  20010010	addi	r1,r0,#16
 1406  00002024  afc10008	sw	8(r30),r1
 1407  00002028  8fc20000	lw	r2,(r30)
 1408  0000202c  20410001	addi	r1,r2,#1
 1409  00002030  00011020	add	r2,r0,r1
 1410  00002034  afc20000	sw	(r30),r2
 1411  00002038  0800000c	j	L84_LF2
 1412  0000203c  54000000	nop; delay slot nop
 1413  00002040          	L82_LF2:
 1414  00002040  20010008	addi	r1,r0,#8
 1415  00002044  afc10008	sw	8(r30),r1
 1416  00002048          	L84_LF2:
 1417  00002048  0800000c	j	L80_LF2
 1418  0000204c  54000000	nop; delay slot nop
 1419  00002050          	L81_LF2:
 1420  00002050  2001000a	addi	r1,r0,#10
 1421  00002054  afc10008	sw	8(r30),r1
 1422  00002058          	L85_LF2:
 1423  00002058          	L80_LF2:
 1424  00002058  8fc10008	lw	r1,8(r30)
 1425  0000205c  70220000	slei	r2,r1,#0
 1426  00002060  1440001c	bnez	r2,L87_LF2
 1427  00002064  54000000	nop; delay slot nop
 1428  00002068  8fc10008	lw	r1,8(r30)
 1429  0000206c  6c220010	sgti	r2,r1,#16
 1430  00002070  1440000c	bnez	r2,L87_LF2
 1431  00002074  54000000	nop; delay slot nop
 1432  00002078  08000010	j	L86_LF2
 1433  0000207c  54000000	nop; delay slot nop
 1434  00002080          	L87_LF2:
 1435  00002080  8fc1fff4	lw	r1,-12(r30)
 1436  00002084  08000188	j	L72_LF2
 1437  00002088  54000000	nop; delay slot nop
 1438  0000208c          	L86_LF2:
 1439  0000208c  54000000	nop
 1440  00002090          	L88_LF2:
 1441  00002090  8fc10000	lw	r1,(r30)
 1442  00002094  90220000	lbu	r2,(r1)
 1443  00002098  6c41002f	sgtui	r1,r2,#47
 1444  0000209c  10200030	beqz	r1,L91_LF2
 1445  000020a0  54000000	nop; delay slot nop
 1446  000020a4  8fc10000	lw	r1,(r30)
 1447  000020a8  90220000	lbu	r2,(r1)
 1448  000020ac  70410039	sleui	r1,r2,#57
 1449  000020b0  1020001c	beqz	r1,L91_LF2
 1450  000020b4  54000000	nop; delay slot nop
 1451  000020b8  8fc10000	lw	r1,(r30)
 1452  000020bc  90220000	lbu	r2,(r1)
 1453  000020c0  2041ffd0	addi	r1,r2,#-48
 1454  000020c4  afc1fff0	sw	-16(r30),r1
 1455  000020c8  0800008c	j	L92_LF2
 1456  000020cc  54000000	nop; delay slot nop
 1457  000020d0          	L91_LF2:
 1458  000020d0  8fc10000	lw	r1,(r30)
 1459  000020d4  90220000	lbu	r2,(r1)
 1460  000020d8  6c410060	sgtui	r1,r2,#96
 1461  000020dc  10200030	beqz	r1,L93_LF2
 1462  000020e0  54000000	nop; delay slot nop
 1463  000020e4  8fc10000	lw	r1,(r30)
 1464  000020e8  90220000	lbu	r2,(r1)
 1465  000020ec  7041007a	sleui	r1,r2,#122
 1466  000020f0  1020001c	beqz	r1,L93_LF2
 1467  000020f4  54000000	nop; delay slot nop
 1468  000020f8  8fc10000	lw	r1,(r30)
 1469  000020fc  90220000	lbu	r2,(r1)
 1470  00002100  2041ffa9	addi	r1,r2,#-87
 1471  00002104  afc1fff0	sw	-16(r30),r1
 1472  00002108  0800004c	j	L92_LF2
 1473  0000210c  54000000	nop; delay slot nop
 1474  00002110          	L93_LF2:
 1475  00002110  8fc10000	lw	r1,(r30)
 1476  00002114  90220000	lbu	r2,(r1)
 1477  00002118  6c410040	sgtui	r1,r2,#64
 1478  0000211c  10200030	beqz	r1,L95_LF2
 1479  00002120  54000000	nop; delay slot nop
 1480  00002124  8fc10000	lw	r1,(r30)
 1481  00002128  90220000	lbu	r2,(r1)
 1482  0000212c  7041005a	sleui	r1,r2,#90
 1483  00002130  1020001c	beqz	r1,L95_LF2
 1484  00002134  54000000	nop; delay slot nop
 1485  00002138  8fc10000	lw	r1,(r30)
 1486  0000213c  90220000	lbu	r2,(r1)
 1487  00002140  2041ffc9	addi	r1,r2,#-55
 1488  00002144  afc1fff0	sw	-16(r30),r1
 1489  00002148  0800000c	j	L92_LF2
 1490  0000214c  54000000	nop; delay slot nop
 1491  00002150          	L95_LF2:
 1492  00002150  200103e8	addi	r1,r0,#1000
 1493  00002154  afc1fff0	sw	-16(r30),r1
 1494  00002158          	L96_LF2:
 1495  00002158          	L94_LF2:
 1496  00002158          	L92_LF2:
 1497  00002158  8fc1fff0	lw	r1,-16(r30)
 1498  0000215c  8fc20008	lw	r2,8(r30)
 1499  00002160  0022082a	slt	r1,r1,r2
 1500  00002164  10200040	beqz	r1,L90_LF2
 1501  00002168  54000000	nop; delay slot nop
 1502  0000216c  8fc1fff4	lw	r1,-12(r30)
 1503  00002170  8fc20008	lw	r2,8(r30)
 1504  00002174  00200035	movi2fp	f0,r1
 1505  00002178  00400835	movi2fp	f1,r2
 1506  0000217c  0401000e	mult	f0,f0,f1
 1507  00002180  00000834	movfp2i	r1,f0
 1508  00002184  afc1fff4	sw	-12(r30),r1
 1509  00002188  8fc1fff4	lw	r1,-12(r30)
 1510  0000218c  8fc2fff0	lw	r2,-16(r30)
 1511  00002190  00220820	add	r1,r1,r2
 1512  00002194  afc1fff4	sw	-12(r30),r1
 1513  00002198  8fc20000	lw	r2,(r30)
 1514  0000219c  20410001	addi	r1,r2,#1
 1515  000021a0  00011020	add	r2,r0,r1
 1516  000021a4  afc20000	sw	(r30),r2
 1517  000021a8          	L97_LF2:
 1518  000021a8          	L90_LF2:
 1519  000021a8  8fc1fff0	lw	r1,-16(r30)
 1520  000021ac  8fc20008	lw	r2,8(r30)
 1521  000021b0  0022082a	slt	r1,r1,r2
 1522  000021b4  1420000c	bnez	r1,L98_LF2
 1523  000021b8  54000000	nop; delay slot nop
 1524  000021bc  0800000c	j	L89_LF2
 1525  000021c0  54000000	nop; delay slot nop
 1526  000021c4          	L98_LF2:
 1527  000021c4  0bfffec8	j	L88_LF2
 1528  000021c8  54000000	nop; delay slot nop
 1529  000021cc          	L89_LF2:
 1530  000021cc  8fc10004	lw	r1,4(r30)
 1531  000021d0  64220000	snei	r2,r1,#0
 1532  000021d4  10400010	beqz	r2,L99_LF2
 1533  000021d8  54000000	nop; delay slot nop
 1534  000021dc  8fc10004	lw	r1,4(r30)
 1535  000021e0  8fc20000	lw	r2,(r30)
 1536  000021e4  ac220000	sw	(r1),r2
 1537  000021e8          	L99_LF2:
 1538  000021e8  8fc1fff4	lw	r1,-12(r30)
 1539  000021ec  8fc2ffec	lw	r2,-20(r30)
 1540  000021f0  00200035	movi2fp	f0,r1
 1541  000021f4  00400835	movi2fp	f1,r2
 1542  000021f8  0401000e	mult	f0,f0,f1
 1543  000021fc  00000834	movfp2i	r1,f0
 1544  00002200  afc1fff4	sw	-12(r30),r1
 1545  00002204  8fc1fff4	lw	r1,-12(r30)
 1546  00002208  08000004	j	L72_LF2
 1547  0000220c  54000000	nop; delay slot nop
 1548  00002210          	L72_LF2:
 1549  00002210  8fa20000	lw	r2,0(r29)
 1550  00002214  8fdffff8	lw	r31,-8(r30)
 1551  00002218  001ee820	add	r29,r0,r30
 1552  0000221c  8fdefffc	lw	r30,-4(r30)
 1553  00002220  4be00000	jr	r31
 1554  00002224  54000000	nop
 1555  00002228          	.endproc _dstrtol
 1556  00002228          	.align 2
 1557  00002228          	.proc _bcopy
 1558  00002228          	.global _bcopy
 1559  00002228          	_bcopy:
 1560                      ;  Function 'bcopy'; 0 bytes of locals, 2 regs to save.
 1561  00002228  afbefffc	sw	-4(r29),r30; push fp
 1562  0000222c  001df020	add	r30,r0,r29; fp = sp
 1563  00002230  afbffff8	sw	-8(r29),r31; push ret addr
 1564  00002234  2fbd0010	subui	r29,r29,#16; alloc local storage
 1565  00002238  afa20000	sw	0(r29),r2
 1566  0000223c  afa30004	sw	4(r29),r3
 1567  00002240  54000000	nop
 1568  00002244          	L101_LF2:
 1569  00002244  8fc10008	lw	r1,8(r30)
 1570  00002248  2022ffff	addi	r2,r1,#-1
 1571  0000224c  afc20008	sw	8(r30),r2
 1572  00002250  6c210000	sgti	r1,r1,#0
 1573  00002254  1420000c	bnez	r1,L103_LF2
 1574  00002258  54000000	nop; delay slot nop
 1575  0000225c  0800002c	j	L102_LF2
 1576  00002260  54000000	nop; delay slot nop
 1577  00002264          	L103_LF2:
 1578  00002264  8fc10004	lw	r1,4(r30)
 1579  00002268  20220001	addi	r2,r1,#1
 1580  0000226c  afc20004	sw	4(r30),r2
 1581  00002270  8fc20000	lw	r2,(r30)
 1582  00002274  20430001	addi	r3,r2,#1
 1583  00002278  afc30000	sw	(r30),r3
 1584  0000227c  80420000	lb	r2,(r2)
 1585  00002280  a0220000	sb	(r1),r2
 1586  00002284  0bffffbc	j	L101_LF2
 1587  00002288  54000000	nop; delay slot nop
 1588  0000228c          	L102_LF2:
 1589  0000228c          	L100_LF2:
 1590  0000228c  8fa20000	lw	r2,0(r29)
 1591  00002290  8fa30004	lw	r3,4(r29)
 1592  00002294  8fdffff8	lw	r31,-8(r30)
 1593  00002298  001ee820	add	r29,r0,r30
 1594  0000229c  8fdefffc	lw	r30,-4(r30)
 1595  000022a0  4be00000	jr	r31
 1596  000022a4  54000000	nop
 1597  000022a8          	.endproc _bcopy
 1598  000022a8          	.align 2
 1599  000022a8          	.proc _bzero
 1600  000022a8          	.global _bzero
 1601  000022a8          	_bzero:
 1602                      ;  Function 'bzero'; 0 bytes of locals, 1 regs to save.
 1603  000022a8  afbefffc	sw	-4(r29),r30; push fp
 1604  000022ac  001df020	add	r30,r0,r29; fp = sp
 1605  000022b0  afbffff8	sw	-8(r29),r31; push ret addr
 1606  000022b4  2fbd0010	subui	r29,r29,#16; alloc local storage
 1607  000022b8  afa20000	sw	0(r29),r2
 1608  000022bc  54000000	nop
 1609  000022c0          	L105_LF2:
 1610  000022c0  8fc10004	lw	r1,4(r30)
 1611  000022c4  2022ffff	addi	r2,r1,#-1
 1612  000022c8  afc20004	sw	4(r30),r2
 1613  000022cc  6c210000	sgti	r1,r1,#0
 1614  000022d0  1420000c	bnez	r1,L107_LF2
 1615  000022d4  54000000	nop; delay slot nop
 1616  000022d8  08000020	j	L106_LF2
 1617  000022dc  54000000	nop; delay slot nop
 1618  000022e0          	L107_LF2:
 1619  000022e0  8fc10000	lw	r1,(r30)
 1620  000022e4  20220001	addi	r2,r1,#1
 1621  000022e8  afc20000	sw	(r30),r2
 1622  000022ec  20020000	addi	r2,r0,(#0x0)&0xff
 1623  000022f0  a0220000	sb	(r1),r2
 1624  000022f4  0bffffc8	j	L105_LF2
 1625  000022f8  54000000	nop; delay slot nop
 1626  000022fc          	L106_LF2:
 1627  000022fc          	L104_LF2:
 1628  000022fc  8fa20000	lw	r2,0(r29)
 1629  00002300  8fdffff8	lw	r31,-8(r30)
 1630  00002304  001ee820	add	r29,r0,r30
 1631  00002308  8fdefffc	lw	r30,-4(r30)
 1632  0000230c  4be00000	jr	r31
 1633  00002310  54000000	nop
 1634  00002314          	.endproc _bzero
 1635  00002314          	.align 2
 1636  00002314          	.proc _min
 1637  00002314          	.global _min
 1638  00002314          	_min:
 1639                      ;  Function 'min'; 0 bytes of locals, 2 regs to save.
 1640  00002314  afbefffc	sw	-4(r29),r30; push fp
 1641  00002318  001df020	add	r30,r0,r29; fp = sp
 1642  0000231c  afbffff8	sw	-8(r29),r31; push ret addr
 1643  00002320  2fbd0010	subui	r29,r29,#16; alloc local storage
 1644  00002324  afa20000	sw	0(r29),r2
 1645  00002328  afa30004	sw	4(r29),r3
 1646  0000232c  8fc10000	lw	r1,(r30)
 1647  00002330  8fc20004	lw	r2,4(r30)
 1648  00002334  0022182c	sle	r3,r1,r2
 1649  00002338  14600008	bnez	r3,L109_LF2
 1650  0000233c  54000000	nop; delay slot nop
 1651  00002340  8fc10004	lw	r1,4(r30)
 1652  00002344          	L109_LF2:
 1653  00002344  08000004	j	L108_LF2
 1654  00002348  54000000	nop; delay slot nop
 1655  0000234c          	L108_LF2:
 1656  0000234c  8fa20000	lw	r2,0(r29)
 1657  00002350  8fa30004	lw	r3,4(r29)
 1658  00002354  8fdffff8	lw	r31,-8(r30)
 1659  00002358  001ee820	add	r29,r0,r30
 1660  0000235c  8fdefffc	lw	r30,-4(r30)
 1661  00002360  4be00000	jr	r31
 1662  00002364  54000000	nop
 1663  00002368          	.endproc _min
 1664                      ;;; Ethan L. Miller, 1999.  Released to the public domain
 1665                      ;;;
 1666                      ;;; Most of the traps are called in files from libtraps.
 1669  00002368          	.align 2
 1670  00002368          	.proc _exit
 1671  00002368          	.global _exit
 1672  00002368          	_exit:
 1673  00002368  44000300	trap	#0x300
 1674  0000236c  4be00000	jr	r31
 1675  00002370  54000000	nop
 1676  00002374          	.endproc _exit
 1678                      ; for the benefit of gcc.
 1679  00002374          	.proc ___main
 1680  00002374          	.global ___main
 1681  00002374          	___main:
 1682  00002374  4be00000	jr	r31
 1683  00002378  54000000	nop
 1684  0000237c          	.endproc ___main
 1685  0000237c          	.text
 1686  0000237c          	.global _etext
 1687  0000237c          	_etext:
 1688  0000237c          	.align 3
 1689  00002380          	.data
 1690  0000322a          	.global _edata
 1691  0000322a          	_edata:
