 line   address	contents
    1                      ; Linked by DLX-LD.
    2                      ; MemSize 24576
    3                      ; Data size: 598
    4                      ; Text size: 5412
    5                      ; Stack size: 8192
    6  00000000          	.text 0x1000
    7  00001000          	.data 0x3000
    8                      ; Compiled by GCC
    9  00003000          	.text
   10  00001000          	.align 2
   11  00001000          	.proc _isspace
   12  00001000          	.global _isspace
   13  00001000          	_isspace:
   14                      ;  Function 'isspace'; 0 bytes of locals, 1 regs to save.
   15  00001000  afbefffc	sw	-4(r29),r30; push fp
   16  00001004  001df020	add	r30,r0,r29; fp = sp
   17  00001008  afbffff8	sw	-8(r29),r31; push ret addr
   18  0000100c  2fbd0010	subui	r29,r29,#16; alloc local storage
   19  00001010  afa20000	sw	0(r29),r2
   20  00001014  83c20003	lb	r2,3(r30)
   21  00001018  201f0000	addi	r31,r0,#0
   22  0000101c  304100ff	andi	r1,r2,#0x00ff
   23  00001020  60210020	seqi	r1,r1,#32
   24  00001024  14200018	bnez	r1,L6_LF0
   25  00001028  54000000	nop; not filled.
   26  0000102c  2041fff7	addi	r1,r2,#-9
   27  00001030  302100ff	andi	r1,r1,#0x00ff
   28  00001034  70210001	sleui	r1,r1,#1
   29  00001038  10200008	beqz	r1,L5_LF0
   30  0000103c  54000000	nop; not filled.
   31  00001040          	L6_LF0:
   32  00001040  201f0001	addi	r31,r0,#1
   33  00001044          	L5_LF0:
   34  00001044  001f0820	add	r1,r0,r31
   35  00001048  8fa20000	lw	r2,0(r29)
   36  0000104c  8fdffff8	lw	r31,-8(r30)
   37  00001050  001ee820	add	r29,r0,r30
   38  00001054  8fdefffc	lw	r30,-4(r30)
   39  00001058  4be00000	jr	r31
   40  0000105c  54000000	nop
   41  00001060          	.endproc _isspace
   42  00001060          	.align 2
   43  00001060          	.proc _isxdigit
   44  00001060          	.global _isxdigit
   45  00001060          	_isxdigit:
   46                      ;  Function 'isxdigit'; 0 bytes of locals, 1 regs to save.
   47  00001060  afbefffc	sw	-4(r29),r30; push fp
   48  00001064  001df020	add	r30,r0,r29; fp = sp
   49  00001068  afbffff8	sw	-8(r29),r31; push ret addr
   50  0000106c  2fbd0010	subui	r29,r29,#16; alloc local storage
   51  00001070  afa20000	sw	0(r29),r2
   52  00001074  83df0003	lb	r31,3(r30)
   53  00001078  20020000	addi	r2,r0,#0
   54  0000107c  23e1ffd0	addi	r1,r31,#-48
   55  00001080  302100ff	andi	r1,r1,#0x00ff
   56  00001084  70210009	sleui	r1,r1,#9
   57  00001088  14200028	bnez	r1,L12_LF0
   58  0000108c  54000000	nop; not filled.
   59  00001090  23e1ff9f	addi	r1,r31,#-97
   60  00001094  302100ff	andi	r1,r1,#0x00ff
   61  00001098  70210005	sleui	r1,r1,#5
   62  0000109c  14200014	bnez	r1,L12_LF0
   63  000010a0  54000000	nop; not filled.
   64  000010a4  33e100ff	andi	r1,r31,#0x00ff
   65  000010a8  64210041	snei	r1,r1,#65
   66  000010ac  14200008	bnez	r1,L11_LF0
   67  000010b0  54000000	nop; not filled.
   68  000010b4          	L12_LF0:
   69  000010b4  20020001	addi	r2,r0,#1
   70  000010b8          	L11_LF0:
   71  000010b8  00020820	add	r1,r0,r2
   72  000010bc  8fa20000	lw	r2,0(r29)
   73  000010c0  8fdffff8	lw	r31,-8(r30)
   74  000010c4  001ee820	add	r29,r0,r30
   75  000010c8  8fdefffc	lw	r30,-4(r30)
   76  000010cc  4be00000	jr	r31
   77  000010d0  54000000	nop
   78  000010d4          	.endproc _isxdigit
   79  000010d4          	.data
   80  00003000          	.align 2
   81  00003000          	LC0_LF0:
   82  00003000  483200  	.ascii "H2\000"
   83  00003003          	.align 2
   84  00003004          	LC1_LF0:
   85  00003004  4f3200  	.ascii "O2\000"
   86  00003007          	.align 2
   87  00003008          	LC2_LF0:
   88  00003008  534f3200	.ascii "SO2\000"
   89  0000300c          	.align 2
   90  0000300c          	LC3_LF0:
   91  0000300c  48325330	.ascii "H2S04\000"
   91  00003010  3400    	
   92  00003012          	.align 2
   93  00003014          	LC4_LF0:
   94  00003014  55736167	.ascii "Usage: \000"
   94  00003018  653a2000	
   95  0000301c          	.align 2
   96  0000301c          	LC5_LF0:
   97  0000301c  72656163	.ascii "reaction 3 (%d): Could not open the hyrogen mailbox!\n\000"
   97  00003020  74696f6e	
   97  00003024  20332028	
   97  00003028  2564293a	
   97  0000302c  20436f75	
   97  00003030  6c64206e	
   97  00003034  6f74206f	
   97  00003038  70656e20	
   97  0000303c  74686520	
   97  00003040  6879726f	
   97  00003044  67656e20	
   97  00003048  6d61696c	
   97  0000304c  626f7821	
   97  00003050  0a00    	
   98  00003052          	.align 2
   99  00003054          	LC6_LF0:
  100  00003054  72656163	.ascii "reaction 3 (%d): Could not open the oxygen mailbox!\n\000"
  100  00003058  74696f6e	
  100  0000305c  20332028	
  100  00003060  2564293a	
  100  00003064  20436f75	
  100  00003068  6c64206e	
  100  0000306c  6f74206f	
  100  00003070  70656e20	
  100  00003074  74686520	
  100  00003078  6f787967	
  100  0000307c  656e206d	
  100  00003080  61696c62	
  100  00003084  6f78210a	
  100  00003088  00      	
  101  00003089          	.align 2
  102  0000308c          	LC7_LF0:
  103  0000308c  72656163	.ascii "reaction 3 (%d): Could not open the sulphur mailbox!\n\000"
  103  00003090  74696f6e	
  103  00003094  20332028	
  103  00003098  2564293a	
  103  0000309c  20436f75	
  103  000030a0  6c64206e	
  103  000030a4  6f74206f	
  103  000030a8  70656e20	
  103  000030ac  74686520	
  103  000030b0  73756c70	
  103  000030b4  68757220	
  103  000030b8  6d61696c	
  103  000030bc  626f7821	
  103  000030c0  0a00    	
  104  000030c2          	.align 2
  105  000030c4          	LC8_LF0:
  106  000030c4  72656163	.ascii "reaction 3 (%d): Could not open the H2S04 mailbox!\n\000"
  106  000030c8  74696f6e	
  106  000030cc  20332028	
  106  000030d0  2564293a	
  106  000030d4  20436f75	
  106  000030d8  6c64206e	
  106  000030dc  6f74206f	
  106  000030e0  70656e20	
  106  000030e4  74686520	
  106  000030e8  48325330	
  106  000030ec  34206d61	
  106  000030f0  696c626f	
  106  000030f4  78210a00	
  107  000030f8          	.align 2
  108  000030f8          	LC9_LF0:
  109  000030f8  42616420	.ascii "Bad oxygen mailbx : %d message receive in reaction 3!\n\000"
  109  000030fc  6f787967	
  109  00003100  656e206d	
  109  00003104  61696c62	
  109  00003108  78203a20	
  109  0000310c  2564206d	
  109  00003110  65737361	
  109  00003114  67652072	
  109  00003118  65636569	
  109  0000311c  76652069	
  109  00003120  6e207265	
  109  00003124  61637469	
  109  00003128  6f6e2033	
  109  0000312c  210a00  	
  110  0000312f          	.align 2
  111  00003130          	LC10_LF0:
  112  00003130  42616420	.ascii "Bad hydrogen mailbox :%d message receive in reaction 3\000"
  112  00003134  68796472	
  112  00003138  6f67656e	
  112  0000313c  206d6169	
  112  00003140  6c626f78	
  112  00003144  203a2564	
  112  00003148  206d6573	
  112  0000314c  73616765	
  112  00003150  20726563	
  112  00003154  65697665	
  112  00003158  20696e20	
  112  0000315c  72656163	
  112  00003160  74696f6e	
  112  00003164  203300  	
  113  00003167          	.align 2
  114  00003168          	LC11_LF0:
  115  00003168  0a00    	.ascii "\n\000"
  116  0000316a          	.align 2
  117  0000316c          	LC12_LF0:
  118  0000316c  42616420	.ascii "Bad sulphur mailbox :%d message receive in reaction 3\000"
  118  00003170  73756c70	
  118  00003174  68757220	
  118  00003178  6d61696c	
  118  0000317c  626f7820	
  118  00003180  3a256420	
  118  00003184  6d657373	
  118  00003188  61676520	
  118  0000318c  72656365	
  118  00003190  69766520	
  118  00003194  696e2072	
  118  00003198  65616374	
  118  0000319c  696f6e20	
  118  000031a0  3300    	
  119  000031a2          	.align 2
  120  000031a4          	LC13_LF0:
  121  000031a4  42616420	.ascii "Bad message sending to H2SO4 mbox : (%d) in reaction 3\000"
  121  000031a8  6d657373	
  121  000031ac  61676520	
  121  000031b0  73656e64	
  121  000031b4  696e6720	
  121  000031b8  746f2048	
  121  000031bc  32534f34	
  121  000031c0  206d626f	
  121  000031c4  78203a20	
  121  000031c8  28256429	
  121  000031cc  20696e20	
  121  000031d0  72656163	
  121  000031d4  74696f6e	
  121  000031d8  203300  	
  122  000031db          	.align 2
  123  000031dc          	LC14_LF0:
  124  000031dc  43726561	.ascii "Created new sulphuric acid (H2S04) molecule\n\000"
  124  000031e0  74656420	
  124  000031e4  6e657720	
  124  000031e8  73756c70	
  124  000031ec  68757269	
  124  000031f0  63206163	
  124  000031f4  69642028	
  124  000031f8  48325330	
  124  000031fc  3429206d	
  124  00003200  6f6c6563	
  124  00003204  756c650a	
  124  00003208  00      	
  125  00003209          	.align 2
  126  0000320c          	LC15_LF0:
  127  0000320c  42616420	.ascii "Bad semaphore for proc sem increment in reaction 3 : %d \000"
  127  00003210  73656d61	
  127  00003214  70686f72	
  127  00003218  6520666f	
  127  0000321c  72207072	
  127  00003220  6f632073	
  127  00003224  656d2069	
  127  00003228  6e637265	
  127  0000322c  6d656e74	
  127  00003230  20696e20	
  127  00003234  72656163	
  127  00003238  74696f6e	
  127  0000323c  2033203a	
  127  00003240  20256420	
  127  00003244  00      	
  128  00003245          	.align 2
  129  00003248          	LC16_LF0:
  130  00003248  2c206578	.ascii ", exiting...\n\000"
  130  0000324c  6974696e	
  130  00003250  672e2e2e	
  130  00003254  0a00    	
  131  00003256          	.text
  132  000010d4          	.align 2
  133  000010d4          	.proc _main
  134  000010d4          	.global _main
  135  000010d4          	_main:
  136                      ;  Function 'main'; 32 bytes of locals, 0 regs to save.
  137  000010d4  afbefffc	sw	-4(r29),r30; push fp
  138  000010d8  001df020	add	r30,r0,r29; fp = sp
  139  000010dc  afbffff8	sw	-8(r29),r31; push ret addr
  140  000010e0  2fbd0028	subui	r29,r29,#40; alloc local storage
  141  000010e4  8fc20000	lw	r2,(r30)
  142  000010e8  8fc40004	lw	r4,4(r30)
  143  000010ec  0c00142c	jal	___main
  144  000010f0  54000000	nop; not filled.
  145  000010f4  3c010000	lhi	r1,((LC0_LF0)>>16)&0xffff
  146  000010f8  24213000	addui	r1,r1,(LC0_LF0)&0xffff
  147  000010fc  80280000	lb	r8,(r1)
  148  00001100  a3c8fff0	sb	-16(r30),r8
  149  00001104  80280001	lb	r8,1(r1)
  150  00001108  a3c8fff1	sb	-15(r30),r8
  151  0000110c  80210002	lb	r1,2(r1)
  152  00001110  a3c1fff2	sb	-14(r30),r1
  153  00001114  3c010000	lhi	r1,((LC1_LF0)>>16)&0xffff
  154  00001118  24213004	addui	r1,r1,(LC1_LF0)&0xffff
  155  0000111c  80280000	lb	r8,(r1)
  156  00001120  a3c8ffe8	sb	-24(r30),r8
  157  00001124  80280001	lb	r8,1(r1)
  158  00001128  a3c8ffe9	sb	-23(r30),r8
  159  0000112c  80210002	lb	r1,2(r1)
  160  00001130  a3c1ffea	sb	-22(r30),r1
  161  00001134  3c010000	lhi	r1,((LC2_LF0)>>16)&0xffff
  162  00001138  24213008	addui	r1,r1,(LC2_LF0)&0xffff
  163  0000113c  80280000	lb	r8,(r1)
  164  00001140  a3c8ffe0	sb	-32(r30),r8
  165  00001144  80280001	lb	r8,1(r1)
  166  00001148  a3c8ffe1	sb	-31(r30),r8
  167  0000114c  80280002	lb	r8,2(r1)
  168  00001150  a3c8ffe2	sb	-30(r30),r8
  169  00001154  80210003	lb	r1,3(r1)
  170  00001158  a3c1ffe3	sb	-29(r30),r1
  171  0000115c  3c010000	lhi	r1,((LC3_LF0)>>16)&0xffff
  172  00001160  2421300c	addui	r1,r1,(LC3_LF0)&0xffff
  173  00001164  80280000	lb	r8,(r1)
  174  00001168  a3c8ffd8	sb	-40(r30),r8
  175  0000116c  80280001	lb	r8,1(r1)
  176  00001170  a3c8ffd9	sb	-39(r30),r8
  177  00001174  80280002	lb	r8,2(r1)
  178  00001178  a3c8ffda	sb	-38(r30),r8
  179  0000117c  80280003	lb	r8,3(r1)
  180  00001180  a3c8ffdb	sb	-37(r30),r8
  181  00001184  80280004	lb	r8,4(r1)
  182  00001188  a3c8ffdc	sb	-36(r30),r8
  183  0000118c  80210005	lb	r1,5(r1)
  184  00001190  a3c1ffdd	sb	-35(r30),r1
  185  00001194  64410008	snei	r1,r2,#8
  186  00001198  10200038	beqz	r1,L14_LF0
  187  0000119c  54000000	nop; not filled.
  188  000011a0  23bdfff8	addi	r29,r29,#-8
  189  000011a4  3c080000	lhi	r8,((LC4_LF0)>>16)&0xffff
  190  000011a8  25083014	addui	r8,r8,(LC4_LF0)&0xffff
  191  000011ac  afa80000	sw	(r29),r8
  192  000011b0  0c0004b8	jal	_Printf
  193  000011b4  54000000	nop; not filled.
  194  000011b8  8c880000	lw	r8,(r4)
  195  000011bc  afa80000	sw	(r29),r8
  196  000011c0  0c0004a8	jal	_Printf
  197  000011c4  54000000	nop; not filled.
  198  000011c8  0c0005a8	jal	_Exit
  199  000011cc  54000000	nop; not filled.
  200  000011d0  23bd0008	addi	r29,r29,#8
  201  000011d4          	L14_LF0:
  202  000011d4  23bdfff0	addi	r29,r29,#-16
  203  000011d8  8c88000c	lw	r8,12(r4)
  204  000011dc  afa80000	sw	(r29),r8
  205  000011e0  20080000	addi	r8,r0,#0
  206  000011e4  afa80004	sw	4(r29),r8
  207  000011e8  2008000a	addi	r8,r0,#10
  208  000011ec  afa80008	sw	8(r29),r8
  209  000011f0  0c000e2c	jal	_dstrtol
  210  000011f4  54000000	nop; not filled.
  211  000011f8  00011820	add	r3,r0,r1
  212  000011fc  8c880010	lw	r8,16(r4)
  213  00001200  afa80000	sw	(r29),r8
  214  00001204  20080000	addi	r8,r0,#0
  215  00001208  afa80004	sw	4(r29),r8
  216  0000120c  2008000a	addi	r8,r0,#10
  217  00001210  afa80008	sw	8(r29),r8
  218  00001214  0c000e08	jal	_dstrtol
  219  00001218  54000000	nop; not filled.
  220  0000121c  00011020	add	r2,r0,r1
  221  00001220  8c880014	lw	r8,20(r4)
  222  00001224  afa80000	sw	(r29),r8
  223  00001228  20080000	addi	r8,r0,#0
  224  0000122c  afa80004	sw	4(r29),r8
  225  00001230  2008000a	addi	r8,r0,#10
  226  00001234  afa80008	sw	8(r29),r8
  227  00001238  0c000de4	jal	_dstrtol
  228  0000123c  54000000	nop; not filled.
  229  00001240  00012820	add	r5,r0,r1
  230  00001244  8c880018	lw	r8,24(r4)
  231  00001248  afa80000	sw	(r29),r8
  232  0000124c  20080000	addi	r8,r0,#0
  233  00001250  afa80004	sw	4(r29),r8
  234  00001254  2008000a	addi	r8,r0,#10
  235  00001258  afa80008	sw	8(r29),r8
  236  0000125c  0c000dc0	jal	_dstrtol
  237  00001260  54000000	nop; not filled.
  238  00001264  00013020	add	r6,r0,r1
  239  00001268  8c88001c	lw	r8,28(r4)
  240  0000126c  afa80000	sw	(r29),r8
  241  00001270  20080000	addi	r8,r0,#0
  242  00001274  afa80004	sw	4(r29),r8
  243  00001278  2008000a	addi	r8,r0,#10
  244  0000127c  afa80008	sw	8(r29),r8
  245  00001280  0c000d9c	jal	_dstrtol
  246  00001284  54000000	nop; not filled.
  247  00001288  00013820	add	r7,r0,r1
  248  0000128c  afa30000	sw	(r29),r3
  249  00001290  0c000498	jal	_mbox_open
  250  00001294  54000000	nop; not filled.
  251  00001298  23bd0010	addi	r29,r29,#16
  252  0000129c  6021ffff	seqi	r1,r1,#-1
  253  000012a0  10200034	beqz	r1,L15_LF0
  254  000012a4  54000000	nop; not filled.
  255  000012a8  0c0003cc	jal	_getpid
  256  000012ac  54000000	nop; not filled.
  257  000012b0  23bdfff8	addi	r29,r29,#-8
  258  000012b4  3c080000	lhi	r8,((LC5_LF0)>>16)&0xffff
  259  000012b8  2508301c	addui	r8,r8,(LC5_LF0)&0xffff
  260  000012bc  afa80000	sw	(r29),r8
  261  000012c0  afa10004	sw	4(r29),r1
  262  000012c4  0c0003a4	jal	_Printf
  263  000012c8  54000000	nop; not filled.
  264  000012cc  0c0004a4	jal	_Exit
  265  000012d0  54000000	nop; not filled.
  266  000012d4  23bd0008	addi	r29,r29,#8
  267  000012d8          	L15_LF0:
  268  000012d8  23bdfff8	addi	r29,r29,#-8
  269  000012dc  afa20000	sw	(r29),r2
  270  000012e0  0c000448	jal	_mbox_open
  271  000012e4  54000000	nop; not filled.
  272  000012e8  23bd0008	addi	r29,r29,#8
  273  000012ec  6021ffff	seqi	r1,r1,#-1
  274  000012f0  10200034	beqz	r1,L16_LF0
  275  000012f4  54000000	nop; not filled.
  276  000012f8  0c00037c	jal	_getpid
  277  000012fc  54000000	nop; not filled.
  278  00001300  23bdfff8	addi	r29,r29,#-8
  279  00001304  3c080000	lhi	r8,((LC6_LF0)>>16)&0xffff
  280  00001308  25083054	addui	r8,r8,(LC6_LF0)&0xffff
  281  0000130c  afa80000	sw	(r29),r8
  282  00001310  afa10004	sw	4(r29),r1
  283  00001314  0c000354	jal	_Printf
  284  00001318  54000000	nop; not filled.
  285  0000131c  0c000454	jal	_Exit
  286  00001320  54000000	nop; not filled.
  287  00001324  23bd0008	addi	r29,r29,#8
  288  00001328          	L16_LF0:
  289  00001328  23bdfff8	addi	r29,r29,#-8
  290  0000132c  afa50000	sw	(r29),r5
  291  00001330  0c0003f8	jal	_mbox_open
  292  00001334  54000000	nop; not filled.
  293  00001338  23bd0008	addi	r29,r29,#8
  294  0000133c  6021ffff	seqi	r1,r1,#-1
  295  00001340  10200034	beqz	r1,L17_LF0
  296  00001344  54000000	nop; not filled.
  297  00001348  0c00032c	jal	_getpid
  298  0000134c  54000000	nop; not filled.
  299  00001350  23bdfff8	addi	r29,r29,#-8
  300  00001354  3c080000	lhi	r8,((LC7_LF0)>>16)&0xffff
  301  00001358  2508308c	addui	r8,r8,(LC7_LF0)&0xffff
  302  0000135c  afa80000	sw	(r29),r8
  303  00001360  afa10004	sw	4(r29),r1
  304  00001364  0c000304	jal	_Printf
  305  00001368  54000000	nop; not filled.
  306  0000136c  0c000404	jal	_Exit
  307  00001370  54000000	nop; not filled.
  308  00001374  23bd0008	addi	r29,r29,#8
  309  00001378          	L17_LF0:
  310  00001378  23bdfff8	addi	r29,r29,#-8
  311  0000137c  afa60000	sw	(r29),r6
  312  00001380  0c0003a8	jal	_mbox_open
  313  00001384  54000000	nop; not filled.
  314  00001388  23bd0008	addi	r29,r29,#8
  315  0000138c  6021ffff	seqi	r1,r1,#-1
  316  00001390  10200034	beqz	r1,L18_LF0
  317  00001394  54000000	nop; not filled.
  318  00001398  0c0002dc	jal	_getpid
  319  0000139c  54000000	nop; not filled.
  320  000013a0  23bdfff8	addi	r29,r29,#-8
  321  000013a4  3c080000	lhi	r8,((LC8_LF0)>>16)&0xffff
  322  000013a8  250830c4	addui	r8,r8,(LC8_LF0)&0xffff
  323  000013ac  afa80000	sw	(r29),r8
  324  000013b0  afa10004	sw	4(r29),r1
  325  000013b4  0c0002b4	jal	_Printf
  326  000013b8  54000000	nop; not filled.
  327  000013bc  0c0003b4	jal	_Exit
  328  000013c0  54000000	nop; not filled.
  329  000013c4  23bd0008	addi	r29,r29,#8
  330  000013c8          	L18_LF0:
  331  000013c8  23bdfff0	addi	r29,r29,#-16
  332  000013cc  afa20000	sw	(r29),r2
  333  000013d0  20080003	addi	r8,r0,#3
  334  000013d4  afa80004	sw	4(r29),r8
  335  000013d8  23c1ffe8	addi	r1,r30,#-24
  336  000013dc  afa10008	sw	8(r29),r1
  337  000013e0  0c00036c	jal	_mbox_recv
  338  000013e4  54000000	nop; not filled.
  339  000013e8  23bd0010	addi	r29,r29,#16
  340  000013ec  6021ffff	seqi	r1,r1,#-1
  341  000013f0  1020002c	beqz	r1,L19_LF0
  342  000013f4  54000000	nop; not filled.
  343  000013f8  23bdfff8	addi	r29,r29,#-8
  344  000013fc  3c080000	lhi	r8,((LC9_LF0)>>16)&0xffff
  345  00001400  250830f8	addui	r8,r8,(LC9_LF0)&0xffff
  346  00001404  afa80000	sw	(r29),r8
  347  00001408  afa20004	sw	4(r29),r2
  348  0000140c  0c00025c	jal	_Printf
  349  00001410  54000000	nop; not filled.
  350  00001414  0c00035c	jal	_Exit
  351  00001418  54000000	nop; not filled.
  352  0000141c  23bd0008	addi	r29,r29,#8
  353  00001420          	L19_LF0:
  354  00001420  23bdfff0	addi	r29,r29,#-16
  355  00001424  afa30000	sw	(r29),r3
  356  00001428  20080003	addi	r8,r0,#3
  357  0000142c  afa80004	sw	4(r29),r8
  358  00001430  23c1fff0	addi	r1,r30,#-16
  359  00001434  afa10008	sw	8(r29),r1
  360  00001438  0c000314	jal	_mbox_recv
  361  0000143c  54000000	nop; not filled.
  362  00001440  23bd0010	addi	r29,r29,#16
  363  00001444  6021ffff	seqi	r1,r1,#-1
  364  00001448  10200050	beqz	r1,L20_LF0
  365  0000144c  54000000	nop; not filled.
  366  00001450  23bdfff8	addi	r29,r29,#-8
  367  00001454  3c080000	lhi	r8,((LC10_LF0)>>16)&0xffff
  368  00001458  25083130	addui	r8,r8,(LC10_LF0)&0xffff
  369  0000145c  afa80000	sw	(r29),r8
  370  00001460  afa30004	sw	4(r29),r3
  371  00001464  0c000204	jal	_Printf
  372  00001468  54000000	nop; not filled.
  373  0000146c  8c880000	lw	r8,(r4)
  374  00001470  afa80000	sw	(r29),r8
  375  00001474  0c0001f4	jal	_Printf
  376  00001478  54000000	nop; not filled.
  377  0000147c  3c080000	lhi	r8,((LC11_LF0)>>16)&0xffff
  378  00001480  25083168	addui	r8,r8,(LC11_LF0)&0xffff
  379  00001484  afa80000	sw	(r29),r8
  380  00001488  0c0001e0	jal	_Printf
  381  0000148c  54000000	nop; not filled.
  382  00001490  0c0002e0	jal	_Exit
  383  00001494  54000000	nop; not filled.
  384  00001498  23bd0008	addi	r29,r29,#8
  385  0000149c          	L20_LF0:
  386  0000149c  23bdfff0	addi	r29,r29,#-16
  387  000014a0  afa50000	sw	(r29),r5
  388  000014a4  20080004	addi	r8,r0,#4
  389  000014a8  afa80004	sw	4(r29),r8
  390  000014ac  23c1ffe0	addi	r1,r30,#-32
  391  000014b0  afa10008	sw	8(r29),r1
  392  000014b4  0c000298	jal	_mbox_recv
  393  000014b8  54000000	nop; not filled.
  394  000014bc  23bd0010	addi	r29,r29,#16
  395  000014c0  6021ffff	seqi	r1,r1,#-1
  396  000014c4  10200050	beqz	r1,L21_LF0
  397  000014c8  54000000	nop; not filled.
  398  000014cc  23bdfff8	addi	r29,r29,#-8
  399  000014d0  3c080000	lhi	r8,((LC12_LF0)>>16)&0xffff
  400  000014d4  2508316c	addui	r8,r8,(LC12_LF0)&0xffff
  401  000014d8  afa80000	sw	(r29),r8
  402  000014dc  afa50004	sw	4(r29),r5
  403  000014e0  0c000188	jal	_Printf
  404  000014e4  54000000	nop; not filled.
  405  000014e8  8c880000	lw	r8,(r4)
  406  000014ec  afa80000	sw	(r29),r8
  407  000014f0  0c000178	jal	_Printf
  408  000014f4  54000000	nop; not filled.
  409  000014f8  3c080000	lhi	r8,((LC11_LF0)>>16)&0xffff
  410  000014fc  25083168	addui	r8,r8,(LC11_LF0)&0xffff
  411  00001500  afa80000	sw	(r29),r8
  412  00001504  0c000164	jal	_Printf
  413  00001508  54000000	nop; not filled.
  414  0000150c  0c000264	jal	_Exit
  415  00001510  54000000	nop; not filled.
  416  00001514  23bd0008	addi	r29,r29,#8
  417  00001518          	L21_LF0:
  418  00001518  23bdfff0	addi	r29,r29,#-16
  419  0000151c  afa60000	sw	(r29),r6
  420  00001520  20080006	addi	r8,r0,#6
  421  00001524  afa80004	sw	4(r29),r8
  422  00001528  23c1ffd8	addi	r1,r30,#-40
  423  0000152c  afa10008	sw	8(r29),r1
  424  00001530  0c000210	jal	_mbox_send
  425  00001534  54000000	nop; not filled.
  426  00001538  23bd0010	addi	r29,r29,#16
  427  0000153c  6021ffff	seqi	r1,r1,#-1
  428  00001540  10200050	beqz	r1,L22_LF0
  429  00001544  54000000	nop; not filled.
  430  00001548  23bdfff8	addi	r29,r29,#-8
  431  0000154c  3c080000	lhi	r8,((LC13_LF0)>>16)&0xffff
  432  00001550  250831a4	addui	r8,r8,(LC13_LF0)&0xffff
  433  00001554  afa80000	sw	(r29),r8
  434  00001558  afa60004	sw	4(r29),r6
  435  0000155c  0c00010c	jal	_Printf
  436  00001560  54000000	nop; not filled.
  437  00001564  8c880000	lw	r8,(r4)
  438  00001568  afa80000	sw	(r29),r8
  439  0000156c  0c0000fc	jal	_Printf
  440  00001570  54000000	nop; not filled.
  441  00001574  3c080000	lhi	r8,((LC11_LF0)>>16)&0xffff
  442  00001578  25083168	addui	r8,r8,(LC11_LF0)&0xffff
  443  0000157c  afa80000	sw	(r29),r8
  444  00001580  0c0000e8	jal	_Printf
  445  00001584  54000000	nop; not filled.
  446  00001588  0c0001e8	jal	_Exit
  447  0000158c  54000000	nop; not filled.
  448  00001590  23bd0008	addi	r29,r29,#8
  449  00001594          	L22_LF0:
  450  00001594  23bdfff8	addi	r29,r29,#-8
  451  00001598  3c080000	lhi	r8,((LC14_LF0)>>16)&0xffff
  452  0000159c  250831dc	addui	r8,r8,(LC14_LF0)&0xffff
  453  000015a0  afa80000	sw	(r29),r8
  454  000015a4  0c0000c4	jal	_Printf
  455  000015a8  54000000	nop; not filled.
  456  000015ac  afa70000	sw	(r29),r7
  457  000015b0  0c00010c	jal	_sem_signal
  458  000015b4  54000000	nop; not filled.
  459  000015b8  23bd0008	addi	r29,r29,#8
  460  000015bc  64210001	snei	r1,r1,#1
  461  000015c0  10200058	beqz	r1,L23_LF0
  462  000015c4  54000000	nop; not filled.
  463  000015c8  0c0000ac	jal	_getpid
  464  000015cc  54000000	nop; not filled.
  465  000015d0  23bdfff8	addi	r29,r29,#-8
  466  000015d4  3c080000	lhi	r8,((LC15_LF0)>>16)&0xffff
  467  000015d8  2508320c	addui	r8,r8,(LC15_LF0)&0xffff
  468  000015dc  afa80000	sw	(r29),r8
  469  000015e0  afa10004	sw	4(r29),r1
  470  000015e4  0c000084	jal	_Printf
  471  000015e8  54000000	nop; not filled.
  472  000015ec  8c840000	lw	r4,(r4)
  473  000015f0  afa40000	sw	(r29),r4
  474  000015f4  0c000074	jal	_Printf
  475  000015f8  54000000	nop; not filled.
  476  000015fc  3c080000	lhi	r8,((LC16_LF0)>>16)&0xffff
  477  00001600  25083248	addui	r8,r8,(LC16_LF0)&0xffff
  478  00001604  afa80000	sw	(r29),r8
  479  00001608  0c000060	jal	_Printf
  480  0000160c  54000000	nop; not filled.
  481  00001610  0c000160	jal	_Exit
  482  00001614  54000000	nop; not filled.
  483  00001618  23bd0008	addi	r29,r29,#8
  484  0000161c          	L23_LF0:
  485  0000161c  0c000ef0	jal	_exit
  486  00001620  54000000	nop
  487  00001624          	.endproc _main
  488                      ;;;
  489                      ;;; Stub functions for DLX traps.
  490                      ;;;
  491                      ;;; Ethan L. Miller, 1999.  Released to the public domain.
  492                      ;;;
  493                      ;;; The traps such as Open and Close
  494                      ;;; (note the capital letters) are for use by user programs.  The traps
  495                      ;;; with names such as open and close (lower case) are for use by the OS.
  496                      ;;;
  499  00001624          	.align 2
  501                      ;;; The following are the traps to be used by user-level programs
  502                      ;;;
  504  00001624          	.align 2
  505  00001624          	.proc _Open
  506  00001624          	.global _Open
  507  00001624          	_Open:
  508                      ;;; Note that trap #0x213 actually causes a trap vector in the OS of
  509                      ;;; 0x1213.  The same is true for other user traps.  Thus, a user trap
  510                      ;;; with trap #0x240 will result in a trap vector of 0x1240 in the OS.
  511  00001624  44000213	trap	#0x213
  512  00001628  4be00000	jr	r31
  513  0000162c  54000000	nop
  514  00001630          	.endproc _Open
  516  00001630          	.proc _Close
  517  00001630          	.global _Close
  518  00001630          	_Close:
  519  00001630  44000214	trap	#0x214
  520  00001634  4be00000	jr	r31
  521  00001638  54000000	nop
  522  0000163c          	.endproc _Close
  524  0000163c          	.proc _Read
  525  0000163c          	.global _Read
  526  0000163c          	_Read:
  527  0000163c  44000210	trap	#0x210
  528  00001640  4be00000	jr	r31
  529  00001644  54000000	nop
  530  00001648          	.endproc _Read
  532  00001648          	.proc _Write
  533  00001648          	.global _Write
  534  00001648          	_Write:
  535  00001648  44000211	trap	#0x211
  536  0000164c  4be00000	jr	r31
  537  00001650  54000000	nop
  538  00001654          	.endproc _Write
  540  00001654          	.proc _Lseek
  541  00001654          	.global _Lseek
  542  00001654          	_Lseek:
  543  00001654  44000212	trap	#0x212
  544  00001658  4be00000	jr	r31
  545  0000165c  54000000	nop
  546  00001660          	.endproc _Lseek
  548  00001660          	.proc _Putchar
  549  00001660          	.global _Putchar
  550  00001660          	_Putchar:
  551  00001660  44000280	trap	#0x280
  552  00001664  4be00000	jr	r31
  553  00001668  54000000	nop
  554  0000166c          	.endproc _Putchar
  556  0000166c          	.proc _Printf
  557  0000166c          	.global _Printf
  558  0000166c          	_Printf:
  559  0000166c  44000201	trap	#0x201
  560  00001670  4be00000	jr	r31
  561  00001674  54000000	nop
  562  00001678          	.endproc _Printf
  564  00001678          	.proc _getpid
  565  00001678          	.global _getpid
  566  00001678          	_getpid:
  567  00001678  44000431	trap	#0x431
  568  0000167c  4be00000	jr	r31
  569  00001680  54000000	nop
  570  00001684          	.endproc _getpid
  572  00001684          	.proc _process_create
  573  00001684          	.global _process_create
  574  00001684          	_process_create:
  575  00001684  44000432	trap	#0x432
  576  00001688  4be00000	jr	r31
  577  0000168c  54000000	nop
  578  00001690          	.endproc _process_create
  580  00001690          	.proc _shmget
  581  00001690          	.global _shmget
  582  00001690          	_shmget:
  583  00001690  44000440	trap	#0x440
  584  00001694  4be00000	jr	r31
  585  00001698  54000000	nop
  586  0000169c          	.endproc _shmget
  588  0000169c          	.proc _shmat
  589  0000169c          	.global _shmat
  590  0000169c          	_shmat:
  591  0000169c  44000441	trap	#0x441
  592  000016a0  4be00000	jr	r31
  593  000016a4  54000000	nop
  594  000016a8          	.endproc _shmat
  596  000016a8          	.proc _sem_create
  597  000016a8          	.global _sem_create
  598  000016a8          	_sem_create:
  599  000016a8  44000450	trap	#0x450
  600  000016ac  4be00000	jr	r31
  601  000016b0  54000000	nop
  602  000016b4          	.endproc _sem_create
  604  000016b4          	.proc _sem_wait
  605  000016b4          	.global _sem_wait
  606  000016b4          	_sem_wait:
  607  000016b4  44000451	trap	#0x451
  608  000016b8  4be00000	jr	r31
  609  000016bc  54000000	nop
  610  000016c0          	.endproc _sem_wait
  612  000016c0          	.proc _sem_signal
  613  000016c0          	.global _sem_signal
  614  000016c0          	_sem_signal:
  615  000016c0  44000452	trap	#0x452
  616  000016c4  4be00000	jr	r31
  617  000016c8  54000000	nop
  618  000016cc          	.endproc _sem_signal
  620  000016cc          	.proc _lock_create
  621  000016cc          	.global _lock_create
  622  000016cc          	_lock_create:
  623  000016cc  44000453	trap	#0x453
  624  000016d0  4be00000	jr	r31
  625  000016d4  54000000	nop
  626  000016d8          	.endproc _lock_create
  628  000016d8          	.proc _lock_acquire
  629  000016d8          	.global _lock_acquire
  630  000016d8          	_lock_acquire:
  631  000016d8  44000454	trap	#0x454
  632  000016dc  4be00000	jr	r31
  633  000016e0  54000000	nop
  634  000016e4          	.endproc _lock_acquire
  636  000016e4          	.proc _lock_release
  637  000016e4          	.global _lock_release
  638  000016e4          	_lock_release:
  639  000016e4  44000455	trap	#0x455
  640  000016e8  4be00000	jr	r31
  641  000016ec  54000000	nop
  642  000016f0          	.endproc _lock_release
  644  000016f0          	.proc _cond_create
  645  000016f0          	.global _cond_create
  646  000016f0          	_cond_create:
  647  000016f0  44000456	trap	#0x456
  648  000016f4  4be00000	jr	r31
  649  000016f8  54000000	nop
  650  000016fc          	.endproc _cond_create
  652  000016fc          	.proc _cond_wait
  653  000016fc          	.global _cond_wait
  654  000016fc          	_cond_wait:
  655  000016fc  44000457	trap	#0x457
  656  00001700  4be00000	jr	r31
  657  00001704  54000000	nop
  658  00001708          	.endproc _cond_wait
  660  00001708          	.proc _cond_signal
  661  00001708          	.global _cond_signal
  662  00001708          	_cond_signal:
  663  00001708  44000458	trap	#0x458
  664  0000170c  4be00000	jr	r31
  665  00001710  54000000	nop
  666  00001714          	.endproc _cond_signal
  668  00001714          	.proc _cond_broadcast
  669  00001714          	.global _cond_broadcast
  670  00001714          	_cond_broadcast:
  671  00001714  44000459	trap	#0x459
  672  00001718  4be00000	jr	r31
  673  0000171c  54000000	nop
  674  00001720          	.endproc _cond_broadcast
  676  00001720          	.proc _mbox_create
  677  00001720          	.global _mbox_create
  678  00001720          	_mbox_create:
  679  00001720  44000460	trap	#0x460
  680  00001724  4be00000	jr	r31
  681  00001728  54000000	nop
  682  0000172c          	.endproc _mbox_create
  684  0000172c          	.proc _mbox_open
  685  0000172c          	.global _mbox_open
  686  0000172c          	_mbox_open:
  687  0000172c  44000461	trap	#0x461
  688  00001730  4be00000	jr	r31
  689  00001734  54000000	nop
  690  00001738          	.endproc _mbox_open
  692  00001738          	.proc _mbox_close
  693  00001738          	.global _mbox_close
  694  00001738          	_mbox_close:
  695  00001738  44000462	trap	#0x462
  696  0000173c  4be00000	jr	r31
  697  00001740  54000000	nop
  698  00001744          	.endproc _mbox_close
  700  00001744          	.proc _mbox_send
  701  00001744          	.global _mbox_send
  702  00001744          	_mbox_send:
  703  00001744  44000463	trap	#0x463
  704  00001748  4be00000	jr	r31
  705  0000174c  54000000	nop
  706  00001750          	.endproc _mbox_send
  708  00001750          	.proc _mbox_recv
  709  00001750          	.global _mbox_recv
  710  00001750          	_mbox_recv:
  711  00001750  44000464	trap	#0x464
  712  00001754  4be00000	jr	r31
  713  00001758  54000000	nop
  714  0000175c          	.endproc _mbox_recv
  716  0000175c          	.proc _sleep
  717  0000175c          	.global _sleep
  718  0000175c          	_sleep:
  719  0000175c  44000465	trap	#0x465
  720  00001760  4be00000	jr	r31
  721  00001764  54000000	nop
  722  00001768          	.endproc _sleep
  724  00001768          	.proc _yield
  725  00001768          	.global _yield
  726  00001768          	_yield:
  727  00001768  44000466	trap	#0x466
  728  0000176c  4be00000	jr	r31
  729  00001770  54000000	nop
  730  00001774          	.endproc _yield
  733  00001774          	.proc _Exit
  734  00001774          	.global _Exit
  735  00001774          	_Exit:
  736  00001774  44000500	trap	#0x500
  737  00001778  4be00000	jr	r31
  738  0000177c  54000000	nop
  739  00001780          	.endproc _Exit
  740                      ; Compiled by GCC
  742  00001780          	.align 2
  743  00001780          	.proc _isspace
  744  00001780          	.global _isspace
  745  00001780          	_isspace:
  746                      ;  Function 'isspace'; 0 bytes of locals, 3 regs to save.
  747  00001780  afbefffc	sw	-4(r29),r30; push fp
  748  00001784  001df020	add	r30,r0,r29; fp = sp
  749  00001788  afbffff8	sw	-8(r29),r31; push ret addr
  750  0000178c  2fbd0018	subui	r29,r29,#24; alloc local storage
  751  00001790  afa20000	sw	0(r29),r2
  752  00001794  afa30004	sw	4(r29),r3
  753  00001798  afa40008	sw	8(r29),r4
  754  0000179c  83c20003	lb	r2,3(r30)
  755  000017a0  20010000	addi	r1,r0,#0
  756  000017a4  304300ff	andi	r3,r2,#0x00ff
  757  000017a8  60640020	seqi	r4,r3,#32
  758  000017ac  1480002c	bnez	r4,L3_LF2
  759  000017b0  54000000	nop; delay slot nop
  760  000017b4  304300ff	andi	r3,r2,#0x00ff
  761  000017b8  60640009	seqi	r4,r3,#9
  762  000017bc  1480001c	bnez	r4,L3_LF2
  763  000017c0  54000000	nop; delay slot nop
  764  000017c4  304300ff	andi	r3,r2,#0x00ff
  765  000017c8  6064000a	seqi	r4,r3,#10
  766  000017cc  1480000c	bnez	r4,L3_LF2
  767  000017d0  54000000	nop; delay slot nop
  768  000017d4  08000008	j	L2_LF2
  769  000017d8  54000000	nop; delay slot nop
  770  000017dc          	L3_LF2:
  771  000017dc  20010001	addi	r1,r0,#1
  772  000017e0          	L2_LF2:
  773  000017e0  08000004	j	L1_LF2
  774  000017e4  54000000	nop; delay slot nop
  775  000017e8          	L1_LF2:
  776  000017e8  8fa20000	lw	r2,0(r29)
  777  000017ec  8fa30004	lw	r3,4(r29)
  778  000017f0  8fa40008	lw	r4,8(r29)
  779  000017f4  8fdffff8	lw	r31,-8(r30)
  780  000017f8  001ee820	add	r29,r0,r30
  781  000017fc  8fdefffc	lw	r30,-4(r30)
  782  00001800  4be00000	jr	r31
  783  00001804  54000000	nop
  784  00001808          	.endproc _isspace
  785  00001808          	.align 2
  786  00001808          	.proc _isxdigit
  787  00001808          	.global _isxdigit
  788  00001808          	_isxdigit:
  789                      ;  Function 'isxdigit'; 0 bytes of locals, 3 regs to save.
  790  00001808  afbefffc	sw	-4(r29),r30; push fp
  791  0000180c  001df020	add	r30,r0,r29; fp = sp
  792  00001810  afbffff8	sw	-8(r29),r31; push ret addr
  793  00001814  2fbd0018	subui	r29,r29,#24; alloc local storage
  794  00001818  afa20000	sw	0(r29),r2
  795  0000181c  afa30004	sw	4(r29),r3
  796  00001820  afa40008	sw	8(r29),r4
  797  00001824  83c20003	lb	r2,3(r30)
  798  00001828  20010000	addi	r1,r0,#0
  799  0000182c  304300ff	andi	r3,r2,#0x00ff
  800  00001830  6c64002f	sgtui	r4,r3,#47
  801  00001834  1080001c	beqz	r4,L7_LF2
  802  00001838  54000000	nop; delay slot nop
  803  0000183c  304300ff	andi	r3,r2,#0x00ff
  804  00001840  70640039	sleui	r4,r3,#57
  805  00001844  1480005c	bnez	r4,L6_LF2
  806  00001848  54000000	nop; delay slot nop
  807  0000184c  08000004	j	L7_LF2
  808  00001850  54000000	nop; delay slot nop
  809  00001854          	L7_LF2:
  810  00001854  304300ff	andi	r3,r2,#0x00ff
  811  00001858  6c640060	sgtui	r4,r3,#96
  812  0000185c  1080001c	beqz	r4,L8_LF2
  813  00001860  54000000	nop; delay slot nop
  814  00001864  304300ff	andi	r3,r2,#0x00ff
  815  00001868  70640066	sleui	r4,r3,#102
  816  0000186c  14800034	bnez	r4,L6_LF2
  817  00001870  54000000	nop; delay slot nop
  818  00001874  08000004	j	L8_LF2
  819  00001878  54000000	nop; delay slot nop
  820  0000187c          	L8_LF2:
  821  0000187c  304300ff	andi	r3,r2,#0x00ff
  822  00001880  6c640040	sgtui	r4,r3,#64
  823  00001884  10800020	beqz	r4,L5_LF2
  824  00001888  54000000	nop; delay slot nop
  825  0000188c  304300ff	andi	r3,r2,#0x00ff
  826  00001890  70640041	sleui	r4,r3,#65
  827  00001894  1480000c	bnez	r4,L6_LF2
  828  00001898  54000000	nop; delay slot nop
  829  0000189c  08000008	j	L5_LF2
  830  000018a0  54000000	nop; delay slot nop
  831  000018a4          	L6_LF2:
  832  000018a4  20010001	addi	r1,r0,#1
  833  000018a8          	L5_LF2:
  834  000018a8  08000004	j	L4_LF2
  835  000018ac  54000000	nop; delay slot nop
  836  000018b0          	L4_LF2:
  837  000018b0  8fa20000	lw	r2,0(r29)
  838  000018b4  8fa30004	lw	r3,4(r29)
  839  000018b8  8fa40008	lw	r4,8(r29)
  840  000018bc  8fdffff8	lw	r31,-8(r30)
  841  000018c0  001ee820	add	r29,r0,r30
  842  000018c4  8fdefffc	lw	r30,-4(r30)
  843  000018c8  4be00000	jr	r31
  844  000018cc  54000000	nop
  845  000018d0          	.endproc _isxdigit
  846  000018d0          	.align 2
  847  000018d0          	.proc _dstrcpy
  848  000018d0          	.global _dstrcpy
  849  000018d0          	_dstrcpy:
  850                      ;  Function 'dstrcpy'; 8 bytes of locals, 2 regs to save.
  851  000018d0  afbefffc	sw	-4(r29),r30; push fp
  852  000018d4  001df020	add	r30,r0,r29; fp = sp
  853  000018d8  afbffff8	sw	-8(r29),r31; push ret addr
  854  000018dc  2fbd0018	subui	r29,r29,#24; alloc local storage
  855  000018e0  afa20000	sw	0(r29),r2
  856  000018e4  afa30004	sw	4(r29),r3
  857  000018e8  8fc10000	lw	r1,(r30)
  858  000018ec  afc1fff4	sw	-12(r30),r1
  859  000018f0          	L10_LF2:
  860  000018f0  8fc10000	lw	r1,(r30)
  861  000018f4  20220001	addi	r2,r1,#1
  862  000018f8  afc20000	sw	(r30),r2
  863  000018fc  8fc20004	lw	r2,4(r30)
  864  00001900  20430001	addi	r3,r2,#1
  865  00001904  afc30004	sw	4(r30),r3
  866  00001908  80420000	lb	r2,(r2)
  867  0000190c  a0220000	sb	(r1),r2
  868  00001910  a3c2fff3	sb	-13(r30),r2
  869  00001914          	L12_LF2:
  870  00001914  93c1fff3	lbu	r1,-13(r30)
  871  00001918  64220000	snei	r2,r1,#0
  872  0000191c  1440000c	bnez	r2,L13_LF2
  873  00001920  54000000	nop; delay slot nop
  874  00001924  0800000c	j	L11_LF2
  875  00001928  54000000	nop; delay slot nop
  876  0000192c          	L13_LF2:
  877  0000192c  0bffffc0	j	L10_LF2
  878  00001930  54000000	nop; delay slot nop
  879  00001934          	L11_LF2:
  880  00001934  8fc1fff4	lw	r1,-12(r30)
  881  00001938  08000004	j	L9_LF2
  882  0000193c  54000000	nop; delay slot nop
  883  00001940          	L9_LF2:
  884  00001940  8fa20000	lw	r2,0(r29)
  885  00001944  8fa30004	lw	r3,4(r29)
  886  00001948  8fdffff8	lw	r31,-8(r30)
  887  0000194c  001ee820	add	r29,r0,r30
  888  00001950  8fdefffc	lw	r30,-4(r30)
  889  00001954  4be00000	jr	r31
  890  00001958  54000000	nop
  891  0000195c          	.endproc _dstrcpy
  892  0000195c          	.align 2
  893  0000195c          	.proc _dstrncpy
  894  0000195c          	.global _dstrncpy
  895  0000195c          	_dstrncpy:
  896                      ;  Function 'dstrncpy'; 8 bytes of locals, 2 regs to save.
  897  0000195c  afbefffc	sw	-4(r29),r30; push fp
  898  00001960  001df020	add	r30,r0,r29; fp = sp
  899  00001964  afbffff8	sw	-8(r29),r31; push ret addr
  900  00001968  2fbd0018	subui	r29,r29,#24; alloc local storage
  901  0000196c  afa20000	sw	0(r29),r2
  902  00001970  afa30004	sw	4(r29),r3
  903  00001974  8fc10000	lw	r1,(r30)
  904  00001978  afc1fff4	sw	-12(r30),r1
  905  0000197c          	L15_LF2:
  906  0000197c  8fc10008	lw	r1,8(r30)
  907  00001980  2022ffff	addi	r2,r1,#-1
  908  00001984  afc20008	sw	8(r30),r2
  909  00001988  70210000	slei	r1,r1,#0
  910  0000198c  1020000c	beqz	r1,L18_LF2
  911  00001990  54000000	nop; delay slot nop
  912  00001994  08000048	j	L16_LF2
  913  00001998  54000000	nop; delay slot nop
  914  0000199c          	L18_LF2:
  915  0000199c  8fc10000	lw	r1,(r30)
  916  000019a0  20220001	addi	r2,r1,#1
  917  000019a4  afc20000	sw	(r30),r2
  918  000019a8  8fc20004	lw	r2,4(r30)
  919  000019ac  20430001	addi	r3,r2,#1
  920  000019b0  afc30004	sw	4(r30),r3
  921  000019b4  80420000	lb	r2,(r2)
  922  000019b8  a0220000	sb	(r1),r2
  923  000019bc  a3c2fff3	sb	-13(r30),r2
  924  000019c0          	L17_LF2:
  925  000019c0  93c1fff3	lbu	r1,-13(r30)
  926  000019c4  64220000	snei	r2,r1,#0
  927  000019c8  1440000c	bnez	r2,L19_LF2
  928  000019cc  54000000	nop; delay slot nop
  929  000019d0  0800000c	j	L16_LF2
  930  000019d4  54000000	nop; delay slot nop
  931  000019d8          	L19_LF2:
  932  000019d8  0bffffa0	j	L15_LF2
  933  000019dc  54000000	nop; delay slot nop
  934  000019e0          	L16_LF2:
  935  000019e0  8fc1fff4	lw	r1,-12(r30)
  936  000019e4  08000004	j	L14_LF2
  937  000019e8  54000000	nop; delay slot nop
  938  000019ec          	L14_LF2:
  939  000019ec  8fa20000	lw	r2,0(r29)
  940  000019f0  8fa30004	lw	r3,4(r29)
  941  000019f4  8fdffff8	lw	r31,-8(r30)
  942  000019f8  001ee820	add	r29,r0,r30
  943  000019fc  8fdefffc	lw	r30,-4(r30)
  944  00001a00  4be00000	jr	r31
  945  00001a04  54000000	nop
  946  00001a08          	.endproc _dstrncpy
  947  00001a08          	.align 2
  948  00001a08          	.proc _dstrcat
  949  00001a08          	.global _dstrcat
  950  00001a08          	_dstrcat:
  951                      ;  Function 'dstrcat'; 8 bytes of locals, 1 regs to save.
  952  00001a08  afbefffc	sw	-4(r29),r30; push fp
  953  00001a0c  001df020	add	r30,r0,r29; fp = sp
  954  00001a10  afbffff8	sw	-8(r29),r31; push ret addr
  955  00001a14  2fbd0018	subui	r29,r29,#24; alloc local storage
  956  00001a18  afa20000	sw	0(r29),r2
  957  00001a1c  8fc10000	lw	r1,(r30)
  958  00001a20  afc1fff4	sw	-12(r30),r1
  959  00001a24          	L21_LF2:
  960  00001a24  8fc10000	lw	r1,(r30)
  961  00001a28  90220000	lbu	r2,(r1)
  962  00001a2c  64410000	snei	r1,r2,#0
  963  00001a30  1420000c	bnez	r1,L23_LF2
  964  00001a34  54000000	nop; delay slot nop
  965  00001a38  0800001c	j	L22_LF2
  966  00001a3c  54000000	nop; delay slot nop
  967  00001a40          	L23_LF2:
  968  00001a40  8fc20000	lw	r2,(r30)
  969  00001a44  20410001	addi	r1,r2,#1
  970  00001a48  00011020	add	r2,r0,r1
  971  00001a4c  afc20000	sw	(r30),r2
  972  00001a50  0bffffd0	j	L21_LF2
  973  00001a54  54000000	nop; delay slot nop
  974  00001a58          	L22_LF2:
  975  00001a58  23bdfff8	addi	r29,r29,#-8
  976  00001a5c  001d0820	add	r1,r0,r29
  977  00001a60  8fc20000	lw	r2,(r30)
  978  00001a64  ac220000	sw	(r1),r2
  979  00001a68  8fc20004	lw	r2,4(r30)
  980  00001a6c  ac220004	sw	4(r1),r2
  981  00001a70  0ffffe5c	jal	_dstrcpy
  982  00001a74  54000000	nop; delay slot nop
  983  00001a78  23bd0008	addi	r29,r29,#8
  984  00001a7c  8fc1fff4	lw	r1,-12(r30)
  985  00001a80  08000004	j	L20_LF2
  986  00001a84  54000000	nop; delay slot nop
  987  00001a88          	L20_LF2:
  988  00001a88  8fa20000	lw	r2,0(r29)
  989  00001a8c  8fdffff8	lw	r31,-8(r30)
  990  00001a90  001ee820	add	r29,r0,r30
  991  00001a94  8fdefffc	lw	r30,-4(r30)
  992  00001a98  4be00000	jr	r31
  993  00001a9c  54000000	nop
  994  00001aa0          	.endproc _dstrcat
  995  00001aa0          	.align 2
  996  00001aa0          	.proc _dstrncmp
  997  00001aa0          	.global _dstrncmp
  998  00001aa0          	_dstrncmp:
  999                      ;  Function 'dstrncmp'; 8 bytes of locals, 2 regs to save.
 1000  00001aa0  afbefffc	sw	-4(r29),r30; push fp
 1001  00001aa4  001df020	add	r30,r0,r29; fp = sp
 1002  00001aa8  afbffff8	sw	-8(r29),r31; push ret addr
 1003  00001aac  2fbd0018	subui	r29,r29,#24; alloc local storage
 1004  00001ab0  afa20000	sw	0(r29),r2
 1005  00001ab4  afa30004	sw	4(r29),r3
 1006  00001ab8  54000000	nop
 1007  00001abc  20010000	addi	r1,r0,#0
 1008  00001ac0  afc1fff4	sw	-12(r30),r1
 1009  00001ac4          	L25_LF2:
 1010  00001ac4  8fc1fff4	lw	r1,-12(r30)
 1011  00001ac8  8fc20008	lw	r2,8(r30)
 1012  00001acc  0022082a	slt	r1,r1,r2
 1013  00001ad0  1420000c	bnez	r1,L28_LF2
 1014  00001ad4  54000000	nop; delay slot nop
 1015  00001ad8  08000088	j	L26_LF2
 1016  00001adc  54000000	nop; delay slot nop
 1017  00001ae0          	L28_LF2:
 1018  00001ae0  8fc10004	lw	r1,4(r30)
 1019  00001ae4  90220000	lbu	r2,(r1)
 1020  00001ae8  64410000	snei	r1,r2,#0
 1021  00001aec  14200018	bnez	r1,L29_LF2
 1022  00001af0  54000000	nop; delay slot nop
 1023  00001af4  20010000	addi	r1,r0,#0
 1024  00001af8  080000d8	j	L24_LF2
 1025  00001afc  54000000	nop; delay slot nop
 1026  00001b00  08000028	j	L30_LF2
 1027  00001b04  54000000	nop; delay slot nop
 1028  00001b08          	L29_LF2:
 1029  00001b08  8fc10000	lw	r1,(r30)
 1030  00001b0c  8fc20004	lw	r2,4(r30)
 1031  00001b10  90210000	lbu	r1,(r1)
 1032  00001b14  90420000	lbu	r2,(r2)
 1033  00001b18  00220829	sne	r1,r1,r2
 1034  00001b1c  1020000c	beqz	r1,L30_LF2
 1035  00001b20  54000000	nop; delay slot nop
 1036  00001b24  0800003c	j	L26_LF2
 1037  00001b28  54000000	nop; delay slot nop
 1038  00001b2c          	L31_LF2:
 1039  00001b2c          	L30_LF2:
 1040  00001b2c  8fc20000	lw	r2,(r30)
 1041  00001b30  20410001	addi	r1,r2,#1
 1042  00001b34  00011020	add	r2,r0,r1
 1043  00001b38  afc20000	sw	(r30),r2
 1044  00001b3c  8fc20004	lw	r2,4(r30)
 1045  00001b40  20410001	addi	r1,r2,#1
 1046  00001b44  00011020	add	r2,r0,r1
 1047  00001b48  afc20004	sw	4(r30),r2
 1048  00001b4c          	L27_LF2:
 1049  00001b4c  8fc2fff4	lw	r2,-12(r30)
 1050  00001b50  20410001	addi	r1,r2,#1
 1051  00001b54  00011020	add	r2,r0,r1
 1052  00001b58  afc2fff4	sw	-12(r30),r2
 1053  00001b5c  0bffff64	j	L25_LF2
 1054  00001b60  54000000	nop; delay slot nop
 1055  00001b64          	L26_LF2:
 1056  00001b64  8fc1fff4	lw	r1,-12(r30)
 1057  00001b68  8fc20008	lw	r2,8(r30)
 1058  00001b6c  00220828	seq	r1,r1,r2
 1059  00001b70  10200018	beqz	r1,L32_LF2
 1060  00001b74  54000000	nop; delay slot nop
 1061  00001b78  20010000	addi	r1,r0,#0
 1062  00001b7c  08000054	j	L24_LF2
 1063  00001b80  54000000	nop; delay slot nop
 1064  00001b84  0800004c	j	L33_LF2
 1065  00001b88  54000000	nop; delay slot nop
 1066  00001b8c          	L32_LF2:
 1067  00001b8c  8fc20000	lw	r2,(r30)
 1068  00001b90  90410000	lbu	r1,(r2)
 1069  00001b94  8fc20004	lw	r2,4(r30)
 1070  00001b98  90430000	lbu	r3,(r2)
 1071  00001b9c  00230822	sub	r1,r1,r3
 1072  00001ba0  74220000	sgei	r2,r1,#0
 1073  00001ba4  10400020	beqz	r2,L34_LF2
 1074  00001ba8  54000000	nop; delay slot nop
 1075  00001bac  8fc10000	lw	r1,(r30)
 1076  00001bb0  8fc20004	lw	r2,4(r30)
 1077  00001bb4  90210000	lbu	r1,(r1)
 1078  00001bb8  90420000	lbu	r2,(r2)
 1079  00001bbc  00220829	sne	r1,r1,r2
 1080  00001bc0  08000008	j	L35_LF2
 1081  00001bc4  54000000	nop; delay slot nop
 1082  00001bc8          	L34_LF2:
 1083  00001bc8  2001ffff	addi	r1,r0,#-1
 1084  00001bcc          	L35_LF2:
 1085  00001bcc  08000004	j	L24_LF2
 1086  00001bd0  54000000	nop; delay slot nop
 1087  00001bd4          	L33_LF2:
 1088  00001bd4          	L24_LF2:
 1089  00001bd4  8fa20000	lw	r2,0(r29)
 1090  00001bd8  8fa30004	lw	r3,4(r29)
 1091  00001bdc  8fdffff8	lw	r31,-8(r30)
 1092  00001be0  001ee820	add	r29,r0,r30
 1093  00001be4  8fdefffc	lw	r30,-4(r30)
 1094  00001be8  4be00000	jr	r31
 1095  00001bec  54000000	nop
 1096  00001bf0          	.endproc _dstrncmp
 1097  00001bf0          	.align 2
 1098  00001bf0          	.proc _dstrlen
 1099  00001bf0          	.global _dstrlen
 1100  00001bf0          	_dstrlen:
 1101                      ;  Function 'dstrlen'; 8 bytes of locals, 1 regs to save.
 1102  00001bf0  afbefffc	sw	-4(r29),r30; push fp
 1103  00001bf4  001df020	add	r30,r0,r29; fp = sp
 1104  00001bf8  afbffff8	sw	-8(r29),r31; push ret addr
 1105  00001bfc  2fbd0018	subui	r29,r29,#24; alloc local storage
 1106  00001c00  afa20000	sw	0(r29),r2
 1107  00001c04  20010000	addi	r1,r0,#0
 1108  00001c08  afc1fff4	sw	-12(r30),r1
 1109  00001c0c          	L37_LF2:
 1110  00001c0c  8fc10000	lw	r1,(r30)
 1111  00001c10  20220001	addi	r2,r1,#1
 1112  00001c14  afc20000	sw	(r30),r2
 1113  00001c18  90210000	lbu	r1,(r1)
 1114  00001c1c  64220000	snei	r2,r1,#0
 1115  00001c20  1440000c	bnez	r2,L39_LF2
 1116  00001c24  54000000	nop; delay slot nop
 1117  00001c28  0800001c	j	L38_LF2
 1118  00001c2c  54000000	nop; delay slot nop
 1119  00001c30          	L39_LF2:
 1120  00001c30  8fc2fff4	lw	r2,-12(r30)
 1121  00001c34  20410001	addi	r1,r2,#1
 1122  00001c38  00011020	add	r2,r0,r1
 1123  00001c3c  afc2fff4	sw	-12(r30),r2
 1124  00001c40  0bffffc8	j	L37_LF2
 1125  00001c44  54000000	nop; delay slot nop
 1126  00001c48          	L38_LF2:
 1127  00001c48  8fc1fff4	lw	r1,-12(r30)
 1128  00001c4c  08000004	j	L36_LF2
 1129  00001c50  54000000	nop; delay slot nop
 1130  00001c54          	L36_LF2:
 1131  00001c54  8fa20000	lw	r2,0(r29)
 1132  00001c58  8fdffff8	lw	r31,-8(r30)
 1133  00001c5c  001ee820	add	r29,r0,r30
 1134  00001c60  8fdefffc	lw	r30,-4(r30)
 1135  00001c64  4be00000	jr	r31
 1136  00001c68  54000000	nop
 1137  00001c6c          	.endproc _dstrlen
 1138  00001c6c          	.align 2
 1139  00001c6c          	.proc _dstrstr
 1140  00001c6c          	.global _dstrstr
 1141  00001c6c          	_dstrstr:
 1142                      ;  Function 'dstrstr'; 8 bytes of locals, 1 regs to save.
 1143  00001c6c  afbefffc	sw	-4(r29),r30; push fp
 1144  00001c70  001df020	add	r30,r0,r29; fp = sp
 1145  00001c74  afbffff8	sw	-8(r29),r31; push ret addr
 1146  00001c78  2fbd0018	subui	r29,r29,#24; alloc local storage
 1147  00001c7c  afa20000	sw	0(r29),r2
 1148  00001c80  23bdfff8	addi	r29,r29,#-8
 1149  00001c84  001d0820	add	r1,r0,r29
 1150  00001c88  8fc20004	lw	r2,4(r30)
 1151  00001c8c  ac220000	sw	(r1),r2
 1152  00001c90  0fffff5c	jal	_dstrlen
 1153  00001c94  54000000	nop; delay slot nop
 1154  00001c98  23bd0008	addi	r29,r29,#8
 1155  00001c9c  afc1fff4	sw	-12(r30),r1
 1156  00001ca0          	L41_LF2:
 1157  00001ca0  8fc10000	lw	r1,(r30)
 1158  00001ca4  90220000	lbu	r2,(r1)
 1159  00001ca8  64410000	snei	r1,r2,#0
 1160  00001cac  1420000c	bnez	r1,L43_LF2
 1161  00001cb0  54000000	nop; delay slot nop
 1162  00001cb4  08000060	j	L42_LF2
 1163  00001cb8  54000000	nop; delay slot nop
 1164  00001cbc          	L43_LF2:
 1165  00001cbc  23bdfff0	addi	r29,r29,#-16
 1166  00001cc0  001d0820	add	r1,r0,r29
 1167  00001cc4  8fc20000	lw	r2,(r30)
 1168  00001cc8  ac220000	sw	(r1),r2
 1169  00001ccc  8fc20004	lw	r2,4(r30)
 1170  00001cd0  ac220004	sw	4(r1),r2
 1171  00001cd4  8fc2fff4	lw	r2,-12(r30)
 1172  00001cd8  ac220008	sw	8(r1),r2
 1173  00001cdc  0ffffdc0	jal	_dstrncmp
 1174  00001ce0  54000000	nop; delay slot nop
 1175  00001ce4  23bd0010	addi	r29,r29,#16
 1176  00001ce8  64220000	snei	r2,r1,#0
 1177  00001cec  14400010	bnez	r2,L44_LF2
 1178  00001cf0  54000000	nop; delay slot nop
 1179  00001cf4  8fc10000	lw	r1,(r30)
 1180  00001cf8  08000028	j	L40_LF2
 1181  00001cfc  54000000	nop; delay slot nop
 1182  00001d00          	L44_LF2:
 1183  00001d00  8fc20000	lw	r2,(r30)
 1184  00001d04  20410001	addi	r1,r2,#1
 1185  00001d08  00011020	add	r2,r0,r1
 1186  00001d0c  afc20000	sw	(r30),r2
 1187  00001d10  0bffff8c	j	L41_LF2
 1188  00001d14  54000000	nop; delay slot nop
 1189  00001d18          	L42_LF2:
 1190  00001d18  20010000	addi	r1,r0,#0
 1191  00001d1c  08000004	j	L40_LF2
 1192  00001d20  54000000	nop; delay slot nop
 1193  00001d24          	L40_LF2:
 1194  00001d24  8fa20000	lw	r2,0(r29)
 1195  00001d28  8fdffff8	lw	r31,-8(r30)
 1196  00001d2c  001ee820	add	r29,r0,r30
 1197  00001d30  8fdefffc	lw	r30,-4(r30)
 1198  00001d34  4be00000	jr	r31
 1199  00001d38  54000000	nop
 1200  00001d3c          	.endproc _dstrstr
 1201  00001d3c          	.align 2
 1202  00001d3c          	.proc _dmindex
 1203  00001d3c          	.global _dmindex
 1204  00001d3c          	_dmindex:
 1205                      ;  Function 'dmindex'; 8 bytes of locals, 1 regs to save.
 1206  00001d3c  afbefffc	sw	-4(r29),r30; push fp
 1207  00001d40  001df020	add	r30,r0,r29; fp = sp
 1208  00001d44  afbffff8	sw	-8(r29),r31; push ret addr
 1209  00001d48  2fbd0018	subui	r29,r29,#24; alloc local storage
 1210  00001d4c  afa20000	sw	0(r29),r2
 1211  00001d50  54000000	nop
 1212  00001d54          	L46_LF2:
 1213  00001d54  8fc10000	lw	r1,(r30)
 1214  00001d58  90220000	lbu	r2,(r1)
 1215  00001d5c  64410000	snei	r1,r2,#0
 1216  00001d60  1420000c	bnez	r1,L48_LF2
 1217  00001d64  54000000	nop; delay slot nop
 1218  00001d68  08000070	j	L47_LF2
 1219  00001d6c  54000000	nop; delay slot nop
 1220  00001d70          	L48_LF2:
 1221  00001d70  8fc10004	lw	r1,4(r30)
 1222  00001d74  afc1fff4	sw	-12(r30),r1
 1223  00001d78          	L49_LF2:
 1224  00001d78  8fc1fff4	lw	r1,-12(r30)
 1225  00001d7c  90220000	lbu	r2,(r1)
 1226  00001d80  64410000	snei	r1,r2,#0
 1227  00001d84  1420000c	bnez	r1,L52_LF2
 1228  00001d88  54000000	nop; delay slot nop
 1229  00001d8c  08000044	j	L50_LF2
 1230  00001d90  54000000	nop; delay slot nop
 1231  00001d94          	L52_LF2:
 1232  00001d94  8fc10000	lw	r1,(r30)
 1233  00001d98  8fc2fff4	lw	r2,-12(r30)
 1234  00001d9c  90210000	lbu	r1,(r1)
 1235  00001da0  90420000	lbu	r2,(r2)
 1236  00001da4  00220828	seq	r1,r1,r2
 1237  00001da8  10200010	beqz	r1,L51_LF2
 1238  00001dac  54000000	nop; delay slot nop
 1239  00001db0  8fc10000	lw	r1,(r30)
 1240  00001db4  08000030	j	L45_LF2
 1241  00001db8  54000000	nop; delay slot nop
 1242  00001dbc          	L53_LF2:
 1243  00001dbc          	L51_LF2:
 1244  00001dbc  8fc2fff4	lw	r2,-12(r30)
 1245  00001dc0  20410001	addi	r1,r2,#1
 1246  00001dc4  00011020	add	r2,r0,r1
 1247  00001dc8  afc2fff4	sw	-12(r30),r2
 1248  00001dcc  0bffffa8	j	L49_LF2
 1249  00001dd0  54000000	nop; delay slot nop
 1250  00001dd4          	L50_LF2:
 1251  00001dd4  0bffff7c	j	L46_LF2
 1252  00001dd8  54000000	nop; delay slot nop
 1253  00001ddc          	L47_LF2:
 1254  00001ddc  20010000	addi	r1,r0,#0
 1255  00001de0  08000004	j	L45_LF2
 1256  00001de4  54000000	nop; delay slot nop
 1257  00001de8          	L45_LF2:
 1258  00001de8  8fa20000	lw	r2,0(r29)
 1259  00001dec  8fdffff8	lw	r31,-8(r30)
 1260  00001df0  001ee820	add	r29,r0,r30
 1261  00001df4  8fdefffc	lw	r30,-4(r30)
 1262  00001df8  4be00000	jr	r31
 1263  00001dfc  54000000	nop
 1264  00001e00          	.endproc _dmindex
 1265  00001e00          	.align 2
 1266  00001e00          	.proc _dindex
 1267  00001e00          	.global _dindex
 1268  00001e00          	_dindex:
 1269                      ;  Function 'dindex'; 0 bytes of locals, 1 regs to save.
 1270  00001e00  afbefffc	sw	-4(r29),r30; push fp
 1271  00001e04  001df020	add	r30,r0,r29; fp = sp
 1272  00001e08  afbffff8	sw	-8(r29),r31; push ret addr
 1273  00001e0c  2fbd0010	subui	r29,r29,#16; alloc local storage
 1274  00001e10  afa20000	sw	0(r29),r2
 1275  00001e14  54000000	nop
 1276  00001e18          	L55_LF2:
 1277  00001e18  8fc10000	lw	r1,(r30)
 1278  00001e1c  90220000	lbu	r2,(r1)
 1279  00001e20  64410000	snei	r1,r2,#0
 1280  00001e24  1420000c	bnez	r1,L57_LF2
 1281  00001e28  54000000	nop; delay slot nop
 1282  00001e2c  08000040	j	L56_LF2
 1283  00001e30  54000000	nop; delay slot nop
 1284  00001e34          	L57_LF2:
 1285  00001e34  8fc10000	lw	r1,(r30)
 1286  00001e38  90220000	lbu	r2,(r1)
 1287  00001e3c  8fc10004	lw	r1,4(r30)
 1288  00001e40  00411028	seq	r2,r2,r1
 1289  00001e44  10400010	beqz	r2,L58_LF2
 1290  00001e48  54000000	nop; delay slot nop
 1291  00001e4c  8fc10000	lw	r1,(r30)
 1292  00001e50  08000028	j	L54_LF2
 1293  00001e54  54000000	nop; delay slot nop
 1294  00001e58          	L58_LF2:
 1295  00001e58  8fc20000	lw	r2,(r30)
 1296  00001e5c  20410001	addi	r1,r2,#1
 1297  00001e60  00011020	add	r2,r0,r1
 1298  00001e64  afc20000	sw	(r30),r2
 1299  00001e68  0bffffac	j	L55_LF2
 1300  00001e6c  54000000	nop; delay slot nop
 1301  00001e70          	L56_LF2:
 1302  00001e70  20010000	addi	r1,r0,#0
 1303  00001e74  08000004	j	L54_LF2
 1304  00001e78  54000000	nop; delay slot nop
 1305  00001e7c          	L54_LF2:
 1306  00001e7c  8fa20000	lw	r2,0(r29)
 1307  00001e80  8fdffff8	lw	r31,-8(r30)
 1308  00001e84  001ee820	add	r29,r0,r30
 1309  00001e88  8fdefffc	lw	r30,-4(r30)
 1310  00001e8c  4be00000	jr	r31
 1311  00001e90  54000000	nop
 1312  00001e94          	.endproc _dindex
 1313  00001e94          	.align 2
 1314  00001e94          	.proc _ditoa
 1315  00001e94          	.global _ditoa
 1316  00001e94          	_ditoa:
 1317                      ;  Function 'ditoa'; 8 bytes of locals, 2 regs to save.
 1318  00001e94  afbefffc	sw	-4(r29),r30; push fp
 1319  00001e98  001df020	add	r30,r0,r29; fp = sp
 1320  00001e9c  afbffff8	sw	-8(r29),r31; push ret addr
 1321  00001ea0  2fbd0018	subui	r29,r29,#24; alloc local storage
 1322  00001ea4  afa20000	sw	0(r29),r2
 1323  00001ea8  afa30004	sw	4(r29),r3
 1324  00001eac  8fc10000	lw	r1,(r30)
 1325  00001eb0  68220000	slti	r2,r1,#0
 1326  00001eb4  1040002c	beqz	r2,L60_LF2
 1327  00001eb8  54000000	nop; delay slot nop
 1328  00001ebc  8fc10004	lw	r1,4(r30)
 1329  00001ec0  20220001	addi	r2,r1,#1
 1330  00001ec4  afc20004	sw	4(r30),r2
 1331  00001ec8  2002002d	addi	r2,r0,(#0x2d)&0xff
 1332  00001ecc  a0220000	sb	(r1),r2
 1333  00001ed0  8fc10000	lw	r1,(r30)
 1334  00001ed4  00011022	sub	r2,r0,r1
 1335  00001ed8  afc20000	sw	(r30),r2
 1336  00001edc  08000118	j	L61_LF2
 1337  00001ee0  54000000	nop; delay slot nop
 1338  00001ee4          	L60_LF2:
 1339  00001ee4  8fc10000	lw	r1,(r30)
 1340  00001ee8  64220000	snei	r2,r1,#0
 1341  00001eec  14400020	bnez	r2,L62_LF2
 1342  00001ef0  54000000	nop; delay slot nop
 1343  00001ef4  8fc10004	lw	r1,4(r30)
 1344  00001ef8  20220001	addi	r2,r1,#1
 1345  00001efc  afc20004	sw	4(r30),r2
 1346  00001f00  20020030	addi	r2,r0,(#0x30)&0xff
 1347  00001f04  a0220000	sb	(r1),r2
 1348  00001f08  080000ec	j	L61_LF2
 1349  00001f0c  54000000	nop; delay slot nop
 1350  00001f10          	L62_LF2:
 1351  00001f10  20010001	addi	r1,r0,#1
 1352  00001f14  afc1fff4	sw	-12(r30),r1
 1353  00001f18          	L64_LF2:
 1354  00001f18  8fc1fff4	lw	r1,-12(r30)
 1355  00001f1c  8fc20000	lw	r2,(r30)
 1356  00001f20  0022082c	sle	r1,r1,r2
 1357  00001f24  1420000c	bnez	r1,L66_LF2
 1358  00001f28  54000000	nop; delay slot nop
 1359  00001f2c  08000024	j	L65_LF2
 1360  00001f30  54000000	nop; delay slot nop
 1361  00001f34          	L67_LF2:
 1362  00001f34          	L66_LF2:
 1363  00001f34  8fc1fff4	lw	r1,-12(r30)
 1364  00001f38  00011820	add	r3,r0,r1
 1365  00001f3c  50620002	slli	r2,r3,#0x2
 1366  00001f40  00411020	add	r2,r2,r1
 1367  00001f44  50410001	slli	r1,r2,#0x1
 1368  00001f48  afc1fff4	sw	-12(r30),r1
 1369  00001f4c  0bffffc8	j	L64_LF2
 1370  00001f50  54000000	nop; delay slot nop
 1371  00001f54          	L65_LF2:
 1372  00001f54  54000000	nop
 1373  00001f58          	L68_LF2:
 1374  00001f58  8fc1fff4	lw	r1,-12(r30)
 1375  00001f5c  2002000a	addi	r2,r0,#10
 1376  00001f60  00200035	movi2fp	f0,r1
 1377  00001f64  00400835	movi2fp	f1,r2
 1378  00001f68  0401000f	div	f0,f0,f1
 1379  00001f6c  00000834	movfp2i	r1,f0
 1380  00001f70  afc1fff4	sw	-12(r30),r1
 1381  00001f74  8fc10004	lw	r1,4(r30)
 1382  00001f78  20220001	addi	r2,r1,#1
 1383  00001f7c  afc20004	sw	4(r30),r2
 1384  00001f80  8fc20000	lw	r2,(r30)
 1385  00001f84  8fc3fff4	lw	r3,-12(r30)
 1386  00001f88  00400035	movi2fp	f0,r2
 1387  00001f8c  00600835	movi2fp	f1,r3
 1388  00001f90  0401000f	div	f0,f0,f1
 1389  00001f94  00001034	movfp2i	r2,f0
 1390  00001f98  00021820	add	r3,r0,r2
 1391  00001f9c  20620030	addi	r2,r3,#48
 1392  00001fa0  a0220000	sb	(r1),r2
 1393  00001fa4  8fc10000	lw	r1,(r30)
 1394  00001fa8  8fc3fff4	lw	r3,-12(r30)
 1395  00001fac  00200035	movi2fp	f0,r1
 1396  00001fb0  00600835	movi2fp	f1,r3
 1397  00001fb4  0401000f	div	f0,f0,f1
 1398  00001fb8  00001034	movfp2i	r2,f0
 1399  00001fbc  8fc3fff4	lw	r3,-12(r30)
 1400  00001fc0  00400035	movi2fp	f0,r2
 1401  00001fc4  00600835	movi2fp	f1,r3
 1402  00001fc8  0401000e	mult	f0,f0,f1
 1403  00001fcc  00001034	movfp2i	r2,f0
 1404  00001fd0  00220822	sub	r1,r1,r2
 1405  00001fd4  afc10000	sw	(r30),r1
 1406  00001fd8          	L70_LF2:
 1407  00001fd8  8fc1fff4	lw	r1,-12(r30)
 1408  00001fdc  6c220001	sgti	r2,r1,#1
 1409  00001fe0  1440000c	bnez	r2,L71_LF2
 1410  00001fe4  54000000	nop; delay slot nop
 1411  00001fe8  0800000c	j	L61_LF2
 1412  00001fec  54000000	nop; delay slot nop
 1413  00001ff0          	L71_LF2:
 1414  00001ff0  0bffff64	j	L68_LF2
 1415  00001ff4  54000000	nop; delay slot nop
 1416  00001ff8          	L69_LF2:
 1417  00001ff8          	L63_LF2:
 1418  00001ff8          	L61_LF2:
 1419  00001ff8  8fc10004	lw	r1,4(r30)
 1420  00001ffc  20020000	addi	r2,r0,(#0x0)&0xff
 1421  00002000  a0220000	sb	(r1),r2
 1422  00002004          	L59_LF2:
 1423  00002004  8fa20000	lw	r2,0(r29)
 1424  00002008  8fa30004	lw	r3,4(r29)
 1425  0000200c  8fdffff8	lw	r31,-8(r30)
 1426  00002010  001ee820	add	r29,r0,r30
 1427  00002014  8fdefffc	lw	r30,-4(r30)
 1428  00002018  4be00000	jr	r31
 1429  0000201c  54000000	nop
 1430  00002020          	.endproc _ditoa
 1431  00002020          	.align 2
 1432  00002020          	.proc _dstrtol
 1433  00002020          	.global _dstrtol
 1434  00002020          	_dstrtol:
 1435                      ;  Function 'dstrtol'; 16 bytes of locals, 1 regs to save.
 1436  00002020  afbefffc	sw	-4(r29),r30; push fp
 1437  00002024  001df020	add	r30,r0,r29; fp = sp
 1438  00002028  afbffff8	sw	-8(r29),r31; push ret addr
 1439  0000202c  2fbd0020	subui	r29,r29,#32; alloc local storage
 1440  00002030  afa20000	sw	0(r29),r2
 1441  00002034  20010000	addi	r1,r0,#0
 1442  00002038  afc1fff4	sw	-12(r30),r1
 1443  0000203c          	L73_LF2:
 1444  0000203c  8fc10000	lw	r1,(r30)
 1445  00002040  90220000	lbu	r2,(r1)
 1446  00002044  60410020	seqi	r1,r2,#32
 1447  00002048  14200034	bnez	r1,L75_LF2
 1448  0000204c  54000000	nop; delay slot nop
 1449  00002050  8fc10000	lw	r1,(r30)
 1450  00002054  90220000	lbu	r2,(r1)
 1451  00002058  60410009	seqi	r1,r2,#9
 1452  0000205c  14200020	bnez	r1,L75_LF2
 1453  00002060  54000000	nop; delay slot nop
 1454  00002064  8fc10000	lw	r1,(r30)
 1455  00002068  90220000	lbu	r2,(r1)
 1456  0000206c  6041000a	seqi	r1,r2,#10
 1457  00002070  1420000c	bnez	r1,L75_LF2
 1458  00002074  54000000	nop; delay slot nop
 1459  00002078  0800001c	j	L74_LF2
 1460  0000207c  54000000	nop; delay slot nop
 1461  00002080          	L75_LF2:
 1462  00002080  8fc20000	lw	r2,(r30)
 1463  00002084  20410001	addi	r1,r2,#1
 1464  00002088  00011020	add	r2,r0,r1
 1465  0000208c  afc20000	sw	(r30),r2
 1466  00002090  0bffffa8	j	L73_LF2
 1467  00002094  54000000	nop; delay slot nop
 1468  00002098          	L74_LF2:
 1469  00002098  8fc10004	lw	r1,4(r30)
 1470  0000209c  64220000	snei	r2,r1,#0
 1471  000020a0  10400010	beqz	r2,L76_LF2
 1472  000020a4  54000000	nop; delay slot nop
 1473  000020a8  8fc10004	lw	r1,4(r30)
 1474  000020ac  8fc20000	lw	r2,(r30)
 1475  000020b0  ac220000	sw	(r1),r2
 1476  000020b4          	L76_LF2:
 1477  000020b4  8fc10000	lw	r1,(r30)
 1478  000020b8  90220000	lbu	r2,(r1)
 1479  000020bc  64410000	snei	r1,r2,#0
 1480  000020c0  14200010	bnez	r1,L77_LF2
 1481  000020c4  54000000	nop; delay slot nop
 1482  000020c8  8fc1fff4	lw	r1,-12(r30)
 1483  000020cc  08000294	j	L72_LF2
 1484  000020d0  54000000	nop; delay slot nop
 1485  000020d4          	L77_LF2:
 1486  000020d4  8fc10000	lw	r1,(r30)
 1487  000020d8  90220000	lbu	r2,(r1)
 1488  000020dc  6041002d	seqi	r1,r2,#45
 1489  000020e0  10200024	beqz	r1,L78_LF2
 1490  000020e4  54000000	nop; delay slot nop
 1491  000020e8  2001ffff	addi	r1,r0,#-1
 1492  000020ec  afc1ffec	sw	-20(r30),r1
 1493  000020f0  8fc20000	lw	r2,(r30)
 1494  000020f4  20410001	addi	r1,r2,#1
 1495  000020f8  00011020	add	r2,r0,r1
 1496  000020fc  afc20000	sw	(r30),r2
 1497  00002100  0800000c	j	L79_LF2
 1498  00002104  54000000	nop; delay slot nop
 1499  00002108          	L78_LF2:
 1500  00002108  20010001	addi	r1,r0,#1
 1501  0000210c  afc1ffec	sw	-20(r30),r1
 1502  00002110          	L79_LF2:
 1503  00002110  8fc10008	lw	r1,8(r30)
 1504  00002114  64220000	snei	r2,r1,#0
 1505  00002118  14400090	bnez	r2,L80_LF2
 1506  0000211c  54000000	nop; delay slot nop
 1507  00002120  8fc10000	lw	r1,(r30)
 1508  00002124  90220000	lbu	r2,(r1)
 1509  00002128  60410030	seqi	r1,r2,#48
 1510  0000212c  10200074	beqz	r1,L81_LF2
 1511  00002130  54000000	nop; delay slot nop
 1512  00002134  8fc20000	lw	r2,(r30)
 1513  00002138  20410001	addi	r1,r2,#1
 1514  0000213c  00011020	add	r2,r0,r1
 1515  00002140  afc20000	sw	(r30),r2
 1516  00002144  8fc10000	lw	r1,(r30)
 1517  00002148  90220000	lbu	r2,(r1)
 1518  0000214c  60410078	seqi	r1,r2,#120
 1519  00002150  14200020	bnez	r1,L83_LF2
 1520  00002154  54000000	nop; delay slot nop
 1521  00002158  8fc10000	lw	r1,(r30)
 1522  0000215c  90220000	lbu	r2,(r1)
 1523  00002160  60410058	seqi	r1,r2,#88
 1524  00002164  1420000c	bnez	r1,L83_LF2
 1525  00002168  54000000	nop; delay slot nop
 1526  0000216c  08000024	j	L82_LF2
 1527  00002170  54000000	nop; delay slot nop
 1528  00002174          	L83_LF2:
 1529  00002174  20010010	addi	r1,r0,#16
 1530  00002178  afc10008	sw	8(r30),r1
 1531  0000217c  8fc20000	lw	r2,(r30)
 1532  00002180  20410001	addi	r1,r2,#1
 1533  00002184  00011020	add	r2,r0,r1
 1534  00002188  afc20000	sw	(r30),r2
 1535  0000218c  0800000c	j	L84_LF2
 1536  00002190  54000000	nop; delay slot nop
 1537  00002194          	L82_LF2:
 1538  00002194  20010008	addi	r1,r0,#8
 1539  00002198  afc10008	sw	8(r30),r1
 1540  0000219c          	L84_LF2:
 1541  0000219c  0800000c	j	L80_LF2
 1542  000021a0  54000000	nop; delay slot nop
 1543  000021a4          	L81_LF2:
 1544  000021a4  2001000a	addi	r1,r0,#10
 1545  000021a8  afc10008	sw	8(r30),r1
 1546  000021ac          	L85_LF2:
 1547  000021ac          	L80_LF2:
 1548  000021ac  8fc10008	lw	r1,8(r30)
 1549  000021b0  70220000	slei	r2,r1,#0
 1550  000021b4  1440001c	bnez	r2,L87_LF2
 1551  000021b8  54000000	nop; delay slot nop
 1552  000021bc  8fc10008	lw	r1,8(r30)
 1553  000021c0  6c220010	sgti	r2,r1,#16
 1554  000021c4  1440000c	bnez	r2,L87_LF2
 1555  000021c8  54000000	nop; delay slot nop
 1556  000021cc  08000010	j	L86_LF2
 1557  000021d0  54000000	nop; delay slot nop
 1558  000021d4          	L87_LF2:
 1559  000021d4  8fc1fff4	lw	r1,-12(r30)
 1560  000021d8  08000188	j	L72_LF2
 1561  000021dc  54000000	nop; delay slot nop
 1562  000021e0          	L86_LF2:
 1563  000021e0  54000000	nop
 1564  000021e4          	L88_LF2:
 1565  000021e4  8fc10000	lw	r1,(r30)
 1566  000021e8  90220000	lbu	r2,(r1)
 1567  000021ec  6c41002f	sgtui	r1,r2,#47
 1568  000021f0  10200030	beqz	r1,L91_LF2
 1569  000021f4  54000000	nop; delay slot nop
 1570  000021f8  8fc10000	lw	r1,(r30)
 1571  000021fc  90220000	lbu	r2,(r1)
 1572  00002200  70410039	sleui	r1,r2,#57
 1573  00002204  1020001c	beqz	r1,L91_LF2
 1574  00002208  54000000	nop; delay slot nop
 1575  0000220c  8fc10000	lw	r1,(r30)
 1576  00002210  90220000	lbu	r2,(r1)
 1577  00002214  2041ffd0	addi	r1,r2,#-48
 1578  00002218  afc1fff0	sw	-16(r30),r1
 1579  0000221c  0800008c	j	L92_LF2
 1580  00002220  54000000	nop; delay slot nop
 1581  00002224          	L91_LF2:
 1582  00002224  8fc10000	lw	r1,(r30)
 1583  00002228  90220000	lbu	r2,(r1)
 1584  0000222c  6c410060	sgtui	r1,r2,#96
 1585  00002230  10200030	beqz	r1,L93_LF2
 1586  00002234  54000000	nop; delay slot nop
 1587  00002238  8fc10000	lw	r1,(r30)
 1588  0000223c  90220000	lbu	r2,(r1)
 1589  00002240  7041007a	sleui	r1,r2,#122
 1590  00002244  1020001c	beqz	r1,L93_LF2
 1591  00002248  54000000	nop; delay slot nop
 1592  0000224c  8fc10000	lw	r1,(r30)
 1593  00002250  90220000	lbu	r2,(r1)
 1594  00002254  2041ffa9	addi	r1,r2,#-87
 1595  00002258  afc1fff0	sw	-16(r30),r1
 1596  0000225c  0800004c	j	L92_LF2
 1597  00002260  54000000	nop; delay slot nop
 1598  00002264          	L93_LF2:
 1599  00002264  8fc10000	lw	r1,(r30)
 1600  00002268  90220000	lbu	r2,(r1)
 1601  0000226c  6c410040	sgtui	r1,r2,#64
 1602  00002270  10200030	beqz	r1,L95_LF2
 1603  00002274  54000000	nop; delay slot nop
 1604  00002278  8fc10000	lw	r1,(r30)
 1605  0000227c  90220000	lbu	r2,(r1)
 1606  00002280  7041005a	sleui	r1,r2,#90
 1607  00002284  1020001c	beqz	r1,L95_LF2
 1608  00002288  54000000	nop; delay slot nop
 1609  0000228c  8fc10000	lw	r1,(r30)
 1610  00002290  90220000	lbu	r2,(r1)
 1611  00002294  2041ffc9	addi	r1,r2,#-55
 1612  00002298  afc1fff0	sw	-16(r30),r1
 1613  0000229c  0800000c	j	L92_LF2
 1614  000022a0  54000000	nop; delay slot nop
 1615  000022a4          	L95_LF2:
 1616  000022a4  200103e8	addi	r1,r0,#1000
 1617  000022a8  afc1fff0	sw	-16(r30),r1
 1618  000022ac          	L96_LF2:
 1619  000022ac          	L94_LF2:
 1620  000022ac          	L92_LF2:
 1621  000022ac  8fc1fff0	lw	r1,-16(r30)
 1622  000022b0  8fc20008	lw	r2,8(r30)
 1623  000022b4  0022082a	slt	r1,r1,r2
 1624  000022b8  10200040	beqz	r1,L90_LF2
 1625  000022bc  54000000	nop; delay slot nop
 1626  000022c0  8fc1fff4	lw	r1,-12(r30)
 1627  000022c4  8fc20008	lw	r2,8(r30)
 1628  000022c8  00200035	movi2fp	f0,r1
 1629  000022cc  00400835	movi2fp	f1,r2
 1630  000022d0  0401000e	mult	f0,f0,f1
 1631  000022d4  00000834	movfp2i	r1,f0
 1632  000022d8  afc1fff4	sw	-12(r30),r1
 1633  000022dc  8fc1fff4	lw	r1,-12(r30)
 1634  000022e0  8fc2fff0	lw	r2,-16(r30)
 1635  000022e4  00220820	add	r1,r1,r2
 1636  000022e8  afc1fff4	sw	-12(r30),r1
 1637  000022ec  8fc20000	lw	r2,(r30)
 1638  000022f0  20410001	addi	r1,r2,#1
 1639  000022f4  00011020	add	r2,r0,r1
 1640  000022f8  afc20000	sw	(r30),r2
 1641  000022fc          	L97_LF2:
 1642  000022fc          	L90_LF2:
 1643  000022fc  8fc1fff0	lw	r1,-16(r30)
 1644  00002300  8fc20008	lw	r2,8(r30)
 1645  00002304  0022082a	slt	r1,r1,r2
 1646  00002308  1420000c	bnez	r1,L98_LF2
 1647  0000230c  54000000	nop; delay slot nop
 1648  00002310  0800000c	j	L89_LF2
 1649  00002314  54000000	nop; delay slot nop
 1650  00002318          	L98_LF2:
 1651  00002318  0bfffec8	j	L88_LF2
 1652  0000231c  54000000	nop; delay slot nop
 1653  00002320          	L89_LF2:
 1654  00002320  8fc10004	lw	r1,4(r30)
 1655  00002324  64220000	snei	r2,r1,#0
 1656  00002328  10400010	beqz	r2,L99_LF2
 1657  0000232c  54000000	nop; delay slot nop
 1658  00002330  8fc10004	lw	r1,4(r30)
 1659  00002334  8fc20000	lw	r2,(r30)
 1660  00002338  ac220000	sw	(r1),r2
 1661  0000233c          	L99_LF2:
 1662  0000233c  8fc1fff4	lw	r1,-12(r30)
 1663  00002340  8fc2ffec	lw	r2,-20(r30)
 1664  00002344  00200035	movi2fp	f0,r1
 1665  00002348  00400835	movi2fp	f1,r2
 1666  0000234c  0401000e	mult	f0,f0,f1
 1667  00002350  00000834	movfp2i	r1,f0
 1668  00002354  afc1fff4	sw	-12(r30),r1
 1669  00002358  8fc1fff4	lw	r1,-12(r30)
 1670  0000235c  08000004	j	L72_LF2
 1671  00002360  54000000	nop; delay slot nop
 1672  00002364          	L72_LF2:
 1673  00002364  8fa20000	lw	r2,0(r29)
 1674  00002368  8fdffff8	lw	r31,-8(r30)
 1675  0000236c  001ee820	add	r29,r0,r30
 1676  00002370  8fdefffc	lw	r30,-4(r30)
 1677  00002374  4be00000	jr	r31
 1678  00002378  54000000	nop
 1679  0000237c          	.endproc _dstrtol
 1680  0000237c          	.align 2
 1681  0000237c          	.proc _bcopy
 1682  0000237c          	.global _bcopy
 1683  0000237c          	_bcopy:
 1684                      ;  Function 'bcopy'; 0 bytes of locals, 2 regs to save.
 1685  0000237c  afbefffc	sw	-4(r29),r30; push fp
 1686  00002380  001df020	add	r30,r0,r29; fp = sp
 1687  00002384  afbffff8	sw	-8(r29),r31; push ret addr
 1688  00002388  2fbd0010	subui	r29,r29,#16; alloc local storage
 1689  0000238c  afa20000	sw	0(r29),r2
 1690  00002390  afa30004	sw	4(r29),r3
 1691  00002394  54000000	nop
 1692  00002398          	L101_LF2:
 1693  00002398  8fc10008	lw	r1,8(r30)
 1694  0000239c  2022ffff	addi	r2,r1,#-1
 1695  000023a0  afc20008	sw	8(r30),r2
 1696  000023a4  6c210000	sgti	r1,r1,#0
 1697  000023a8  1420000c	bnez	r1,L103_LF2
 1698  000023ac  54000000	nop; delay slot nop
 1699  000023b0  0800002c	j	L102_LF2
 1700  000023b4  54000000	nop; delay slot nop
 1701  000023b8          	L103_LF2:
 1702  000023b8  8fc10004	lw	r1,4(r30)
 1703  000023bc  20220001	addi	r2,r1,#1
 1704  000023c0  afc20004	sw	4(r30),r2
 1705  000023c4  8fc20000	lw	r2,(r30)
 1706  000023c8  20430001	addi	r3,r2,#1
 1707  000023cc  afc30000	sw	(r30),r3
 1708  000023d0  80420000	lb	r2,(r2)
 1709  000023d4  a0220000	sb	(r1),r2
 1710  000023d8  0bffffbc	j	L101_LF2
 1711  000023dc  54000000	nop; delay slot nop
 1712  000023e0          	L102_LF2:
 1713  000023e0          	L100_LF2:
 1714  000023e0  8fa20000	lw	r2,0(r29)
 1715  000023e4  8fa30004	lw	r3,4(r29)
 1716  000023e8  8fdffff8	lw	r31,-8(r30)
 1717  000023ec  001ee820	add	r29,r0,r30
 1718  000023f0  8fdefffc	lw	r30,-4(r30)
 1719  000023f4  4be00000	jr	r31
 1720  000023f8  54000000	nop
 1721  000023fc          	.endproc _bcopy
 1722  000023fc          	.align 2
 1723  000023fc          	.proc _bzero
 1724  000023fc          	.global _bzero
 1725  000023fc          	_bzero:
 1726                      ;  Function 'bzero'; 0 bytes of locals, 1 regs to save.
 1727  000023fc  afbefffc	sw	-4(r29),r30; push fp
 1728  00002400  001df020	add	r30,r0,r29; fp = sp
 1729  00002404  afbffff8	sw	-8(r29),r31; push ret addr
 1730  00002408  2fbd0010	subui	r29,r29,#16; alloc local storage
 1731  0000240c  afa20000	sw	0(r29),r2
 1732  00002410  54000000	nop
 1733  00002414          	L105_LF2:
 1734  00002414  8fc10004	lw	r1,4(r30)
 1735  00002418  2022ffff	addi	r2,r1,#-1
 1736  0000241c  afc20004	sw	4(r30),r2
 1737  00002420  6c210000	sgti	r1,r1,#0
 1738  00002424  1420000c	bnez	r1,L107_LF2
 1739  00002428  54000000	nop; delay slot nop
 1740  0000242c  08000020	j	L106_LF2
 1741  00002430  54000000	nop; delay slot nop
 1742  00002434          	L107_LF2:
 1743  00002434  8fc10000	lw	r1,(r30)
 1744  00002438  20220001	addi	r2,r1,#1
 1745  0000243c  afc20000	sw	(r30),r2
 1746  00002440  20020000	addi	r2,r0,(#0x0)&0xff
 1747  00002444  a0220000	sb	(r1),r2
 1748  00002448  0bffffc8	j	L105_LF2
 1749  0000244c  54000000	nop; delay slot nop
 1750  00002450          	L106_LF2:
 1751  00002450          	L104_LF2:
 1752  00002450  8fa20000	lw	r2,0(r29)
 1753  00002454  8fdffff8	lw	r31,-8(r30)
 1754  00002458  001ee820	add	r29,r0,r30
 1755  0000245c  8fdefffc	lw	r30,-4(r30)
 1756  00002460  4be00000	jr	r31
 1757  00002464  54000000	nop
 1758  00002468          	.endproc _bzero
 1759  00002468          	.align 2
 1760  00002468          	.proc _min
 1761  00002468          	.global _min
 1762  00002468          	_min:
 1763                      ;  Function 'min'; 0 bytes of locals, 2 regs to save.
 1764  00002468  afbefffc	sw	-4(r29),r30; push fp
 1765  0000246c  001df020	add	r30,r0,r29; fp = sp
 1766  00002470  afbffff8	sw	-8(r29),r31; push ret addr
 1767  00002474  2fbd0010	subui	r29,r29,#16; alloc local storage
 1768  00002478  afa20000	sw	0(r29),r2
 1769  0000247c  afa30004	sw	4(r29),r3
 1770  00002480  8fc10000	lw	r1,(r30)
 1771  00002484  8fc20004	lw	r2,4(r30)
 1772  00002488  0022182c	sle	r3,r1,r2
 1773  0000248c  14600008	bnez	r3,L109_LF2
 1774  00002490  54000000	nop; delay slot nop
 1775  00002494  8fc10004	lw	r1,4(r30)
 1776  00002498          	L109_LF2:
 1777  00002498  08000004	j	L108_LF2
 1778  0000249c  54000000	nop; delay slot nop
 1779  000024a0          	L108_LF2:
 1780  000024a0  8fa20000	lw	r2,0(r29)
 1781  000024a4  8fa30004	lw	r3,4(r29)
 1782  000024a8  8fdffff8	lw	r31,-8(r30)
 1783  000024ac  001ee820	add	r29,r0,r30
 1784  000024b0  8fdefffc	lw	r30,-4(r30)
 1785  000024b4  4be00000	jr	r31
 1786  000024b8  54000000	nop
 1787  000024bc          	.endproc _min
 1788  000024bc          	.align 2
 1789  000024bc          	.proc _max
 1790  000024bc          	.global _max
 1791  000024bc          	_max:
 1792                      ;  Function 'max'; 0 bytes of locals, 2 regs to save.
 1793  000024bc  afbefffc	sw	-4(r29),r30; push fp
 1794  000024c0  001df020	add	r30,r0,r29; fp = sp
 1795  000024c4  afbffff8	sw	-8(r29),r31; push ret addr
 1796  000024c8  2fbd0010	subui	r29,r29,#16; alloc local storage
 1797  000024cc  afa20000	sw	0(r29),r2
 1798  000024d0  afa30004	sw	4(r29),r3
 1799  000024d4  8fc10000	lw	r1,(r30)
 1800  000024d8  8fc20004	lw	r2,4(r30)
 1801  000024dc  0022182d	sge	r3,r1,r2
 1802  000024e0  14600008	bnez	r3,L111_LF2
 1803  000024e4  54000000	nop; delay slot nop
 1804  000024e8  8fc10004	lw	r1,4(r30)
 1805  000024ec          	L111_LF2:
 1806  000024ec  08000004	j	L110_LF2
 1807  000024f0  54000000	nop; delay slot nop
 1808  000024f4          	L110_LF2:
 1809  000024f4  8fa20000	lw	r2,0(r29)
 1810  000024f8  8fa30004	lw	r3,4(r29)
 1811  000024fc  8fdffff8	lw	r31,-8(r30)
 1812  00002500  001ee820	add	r29,r0,r30
 1813  00002504  8fdefffc	lw	r30,-4(r30)
 1814  00002508  4be00000	jr	r31
 1815  0000250c  54000000	nop
 1816  00002510          	.endproc _max
 1817                      ;;; Ethan L. Miller, 1999.  Released to the public domain
 1818                      ;;;
 1819                      ;;; Most of the traps are called in files from libtraps.
 1822  00002510          	.align 2
 1823  00002510          	.proc _exit
 1824  00002510          	.global _exit
 1825  00002510          	_exit:
 1826  00002510  44000300	trap	#0x300
 1827  00002514  4be00000	jr	r31
 1828  00002518  54000000	nop
 1829  0000251c          	.endproc _exit
 1831                      ; for the benefit of gcc.
 1832  0000251c          	.proc ___main
 1833  0000251c          	.global ___main
 1834  0000251c          	___main:
 1835  0000251c  4be00000	jr	r31
 1836  00002520  54000000	nop
 1837  00002524          	.endproc ___main
 1838  00002524          	.text
 1839  00002524          	.global _etext
 1840  00002524          	_etext:
 1841  00002524          	.align 3
 1842  00002528          	.data
 1843  00003256          	.global _edata
 1844  00003256          	_edata:
