 line   address	contents
    1                      ; Linked by DLX-LD.
    2                      ; MemSize 24576
    3                      ; Data size: 514
    4                      ; Text size: 5196
    5                      ; Stack size: 8192
    6  00000000          	.text 0x1000
    7  00001000          	.data 0x3000
    8                      ; Compiled by GCC
    9  00003000          	.text
   10  00001000          	.align 2
   11  00001000          	.proc _isspace
   12  00001000          	.global _isspace
   13  00001000          	_isspace:
   14                      ;  Function 'isspace'; 0 bytes of locals, 1 regs to save.
   15  00001000  afbefffc	sw	-4(r29),r30; push fp
   16  00001004  001df020	add	r30,r0,r29; fp = sp
   17  00001008  afbffff8	sw	-8(r29),r31; push ret addr
   18  0000100c  2fbd0010	subui	r29,r29,#16; alloc local storage
   19  00001010  afa20000	sw	0(r29),r2
   20  00001014  83c20003	lb	r2,3(r30)
   21  00001018  201f0000	addi	r31,r0,#0
   22  0000101c  304100ff	andi	r1,r2,#0x00ff
   23  00001020  60210020	seqi	r1,r1,#32
   24  00001024  14200018	bnez	r1,L6_LF0
   25  00001028  54000000	nop; not filled.
   26  0000102c  2041fff7	addi	r1,r2,#-9
   27  00001030  302100ff	andi	r1,r1,#0x00ff
   28  00001034  70210001	sleui	r1,r1,#1
   29  00001038  10200008	beqz	r1,L5_LF0
   30  0000103c  54000000	nop; not filled.
   31  00001040          	L6_LF0:
   32  00001040  201f0001	addi	r31,r0,#1
   33  00001044          	L5_LF0:
   34  00001044  001f0820	add	r1,r0,r31
   35  00001048  8fa20000	lw	r2,0(r29)
   36  0000104c  8fdffff8	lw	r31,-8(r30)
   37  00001050  001ee820	add	r29,r0,r30
   38  00001054  8fdefffc	lw	r30,-4(r30)
   39  00001058  4be00000	jr	r31
   40  0000105c  54000000	nop
   41  00001060          	.endproc _isspace
   42  00001060          	.align 2
   43  00001060          	.proc _isxdigit
   44  00001060          	.global _isxdigit
   45  00001060          	_isxdigit:
   46                      ;  Function 'isxdigit'; 0 bytes of locals, 1 regs to save.
   47  00001060  afbefffc	sw	-4(r29),r30; push fp
   48  00001064  001df020	add	r30,r0,r29; fp = sp
   49  00001068  afbffff8	sw	-8(r29),r31; push ret addr
   50  0000106c  2fbd0010	subui	r29,r29,#16; alloc local storage
   51  00001070  afa20000	sw	0(r29),r2
   52  00001074  83df0003	lb	r31,3(r30)
   53  00001078  20020000	addi	r2,r0,#0
   54  0000107c  23e1ffd0	addi	r1,r31,#-48
   55  00001080  302100ff	andi	r1,r1,#0x00ff
   56  00001084  70210009	sleui	r1,r1,#9
   57  00001088  14200028	bnez	r1,L12_LF0
   58  0000108c  54000000	nop; not filled.
   59  00001090  23e1ff9f	addi	r1,r31,#-97
   60  00001094  302100ff	andi	r1,r1,#0x00ff
   61  00001098  70210005	sleui	r1,r1,#5
   62  0000109c  14200014	bnez	r1,L12_LF0
   63  000010a0  54000000	nop; not filled.
   64  000010a4  33e100ff	andi	r1,r31,#0x00ff
   65  000010a8  64210041	snei	r1,r1,#65
   66  000010ac  14200008	bnez	r1,L11_LF0
   67  000010b0  54000000	nop; not filled.
   68  000010b4          	L12_LF0:
   69  000010b4  20020001	addi	r2,r0,#1
   70  000010b8          	L11_LF0:
   71  000010b8  00020820	add	r1,r0,r2
   72  000010bc  8fa20000	lw	r2,0(r29)
   73  000010c0  8fdffff8	lw	r31,-8(r30)
   74  000010c4  001ee820	add	r29,r0,r30
   75  000010c8  8fdefffc	lw	r30,-4(r30)
   76  000010cc  4be00000	jr	r31
   77  000010d0  54000000	nop
   78  000010d4          	.endproc _isxdigit
   79  000010d4          	.data
   80  00003000          	.align 2
   81  00003000          	LC0_LF0:
   82  00003000  534f3200	.ascii "SO2\000"
   83  00003004          	.align 2
   84  00003004          	LC1_LF0:
   85  00003004  4f3200  	.ascii "O2\000"
   86  00003007          	.align 2
   87  00003008          	LC2_LF0:
   88  00003008  55736167	.ascii "Usage: \000"
   88  0000300c  653a2000	
   89  00003010          	.align 2
   90  00003010          	LC3_LF0:
   91  00003010  72656374	.ascii "rection 2(%d): Could not open the sulphate mailbox!\n\000"
   91  00003014  696f6e20	
   91  00003018  32282564	
   91  0000301c  293a2043	
   91  00003020  6f756c64	
   91  00003024  206e6f74	
   91  00003028  206f7065	
   91  0000302c  6e207468	
   91  00003030  65207375	
   91  00003034  6c706861	
   91  00003038  7465206d	
   91  0000303c  61696c62	
   91  00003040  6f78210a	
   91  00003044  00      	
   92  00003045          	.align 2
   93  00003048          	LC4_LF0:
   94  00003048  72656163	.ascii "reaction 2 (%d): Could not open the sulphur mailbox!\n\000"
   94  0000304c  74696f6e	
   94  00003050  20322028	
   94  00003054  2564293a	
   94  00003058  20436f75	
   94  0000305c  6c64206e	
   94  00003060  6f74206f	
   94  00003064  70656e20	
   94  00003068  74686520	
   94  0000306c  73756c70	
   94  00003070  68757220	
   94  00003074  6d61696c	
   94  00003078  626f7821	
   94  0000307c  0a00    	
   95  0000307e          	.align 2
   96  00003080          	LC5_LF0:
   97  00003080  72656163	.ascii "reaction 2 (%d): Could not open the oxygen mailbox!\n\000"
   97  00003084  74696f6e	
   97  00003088  20322028	
   97  0000308c  2564293a	
   97  00003090  20436f75	
   97  00003094  6c64206e	
   97  00003098  6f74206f	
   97  0000309c  70656e20	
   97  000030a0  74686520	
   97  000030a4  6f787967	
   97  000030a8  656e206d	
   97  000030ac  61696c62	
   97  000030b0  6f78210a	
   97  000030b4  00      	
   98  000030b5          	.align 2
   99  000030b8          	LC6_LF0:
  100  000030b8  42616420	.ascii "Bad sulphate mailbox : %d message receive in reaction 2\000"
  100  000030bc  73756c70	
  100  000030c0  68617465	
  100  000030c4  206d6169	
  100  000030c8  6c626f78	
  100  000030cc  203a2025	
  100  000030d0  64206d65	
  100  000030d4  73736167	
  100  000030d8  65207265	
  100  000030dc  63656976	
  100  000030e0  6520696e	
  100  000030e4  20726561	
  100  000030e8  6374696f	
  100  000030ec  6e203200	
  101  000030f0          	.align 2
  102  000030f0          	LC7_LF0:
  103  000030f0  0a00    	.ascii "\n\000"
  104  000030f2          	.align 2
  105  000030f4          	LC8_LF0:
  106  000030f4  42616420	.ascii "Bad message sending to sulphur mbox : (%d) in reaction 2\000"
  106  000030f8  6d657373	
  106  000030fc  61676520	
  106  00003100  73656e64	
  106  00003104  696e6720	
  106  00003108  746f2073	
  106  0000310c  756c7068	
  106  00003110  7572206d	
  106  00003114  626f7820	
  106  00003118  3a202825	
  106  0000311c  64292069	
  106  00003120  6e207265	
  106  00003124  61637469	
  106  00003128  6f6e2032	
  106  0000312c  00      	
  107  0000312d          	.align 2
  108  00003130          	LC9_LF0:
  109  00003130  43726561	.ascii "Created new sulphur dioxide (S02) molecule\n\000"
  109  00003134  74656420	
  109  00003138  6e657720	
  109  0000313c  73756c70	
  109  00003140  68757220	
  109  00003144  64696f78	
  109  00003148  69646520	
  109  0000314c  28533032	
  109  00003150  29206d6f	
  109  00003154  6c656375	
  109  00003158  6c650a00	
  110  0000315c          	.align 2
  111  0000315c          	LC10_LF0:
  112  0000315c  42616420	.ascii "Bad message sending to oxygen mbox : (%d) in reaction 2\000"
  112  00003160  6d657373	
  112  00003164  61676520	
  112  00003168  73656e64	
  112  0000316c  696e6720	
  112  00003170  746f206f	
  112  00003174  78796765	
  112  00003178  6e206d62	
  112  0000317c  6f78203a	
  112  00003180  20282564	
  112  00003184  2920696e	
  112  00003188  20726561	
  112  0000318c  6374696f	
  112  00003190  6e203200	
  113  00003194          	.align 2
  114  00003194          	LC11_LF0:
  115  00003194  43726561	.ascii "Created new oxygen (O2) molecule\n\000"
  115  00003198  74656420	
  115  0000319c  6e657720	
  115  000031a0  6f787967	
  115  000031a4  656e2028	
  115  000031a8  4f322920	
  115  000031ac  6d6f6c65	
  115  000031b0  63756c65	
  115  000031b4  0a00    	
  116  000031b6          	.align 2
  117  000031b8          	LC12_LF0:
  118  000031b8  42616420	.ascii "Bad semaphore for proc sem increment in reaction 2  : %d \000"
  118  000031bc  73656d61	
  118  000031c0  70686f72	
  118  000031c4  6520666f	
  118  000031c8  72207072	
  118  000031cc  6f632073	
  118  000031d0  656d2069	
  118  000031d4  6e637265	
  118  000031d8  6d656e74	
  118  000031dc  20696e20	
  118  000031e0  72656163	
  118  000031e4  74696f6e	
  118  000031e8  20322020	
  118  000031ec  3a202564	
  118  000031f0  2000    	
  119  000031f2          	.align 2
  120  000031f4          	LC13_LF0:
  121  000031f4  2c206578	.ascii ", exiting...\n\000"
  121  000031f8  6974696e	
  121  000031fc  672e2e2e	
  121  00003200  0a00    	
  122  00003202          	.text
  123  000010d4          	.align 2
  124  000010d4          	.proc _main
  125  000010d4          	.global _main
  126  000010d4          	_main:
  127                      ;  Function 'main'; 24 bytes of locals, 0 regs to save.
  128  000010d4  afbefffc	sw	-4(r29),r30; push fp
  129  000010d8  001df020	add	r30,r0,r29; fp = sp
  130  000010dc  afbffff8	sw	-8(r29),r31; push ret addr
  131  000010e0  2fbd0020	subui	r29,r29,#32; alloc local storage
  132  000010e4  8fc20000	lw	r2,(r30)
  133  000010e8  8fc50004	lw	r5,4(r30)
  134  000010ec  0c001354	jal	___main
  135  000010f0  54000000	nop; not filled.
  136  000010f4  3c010000	lhi	r1,((LC0_LF0)>>16)&0xffff
  137  000010f8  24213000	addui	r1,r1,(LC0_LF0)&0xffff
  138  000010fc  80280000	lb	r8,(r1)
  139  00001100  a3c8ffe8	sb	-24(r30),r8
  140  00001104  80280001	lb	r8,1(r1)
  141  00001108  a3c8ffe9	sb	-23(r30),r8
  142  0000110c  80280002	lb	r8,2(r1)
  143  00001110  a3c8ffea	sb	-22(r30),r8
  144  00001114  80210003	lb	r1,3(r1)
  145  00001118  a3c1ffeb	sb	-21(r30),r1
  146  0000111c  3c010000	lhi	r1,((LC1_LF0)>>16)&0xffff
  147  00001120  24213004	addui	r1,r1,(LC1_LF0)&0xffff
  148  00001124  80280000	lb	r8,(r1)
  149  00001128  a3c8ffe0	sb	-32(r30),r8
  150  0000112c  80280001	lb	r8,1(r1)
  151  00001130  a3c8ffe1	sb	-31(r30),r8
  152  00001134  80210002	lb	r1,2(r1)
  153  00001138  a3c1ffe2	sb	-30(r30),r1
  154  0000113c  64410007	snei	r1,r2,#7
  155  00001140  10200038	beqz	r1,L14_LF0
  156  00001144  54000000	nop; not filled.
  157  00001148  23bdfff8	addi	r29,r29,#-8
  158  0000114c  3c080000	lhi	r8,((LC2_LF0)>>16)&0xffff
  159  00001150  25083008	addui	r8,r8,(LC2_LF0)&0xffff
  160  00001154  afa80000	sw	(r29),r8
  161  00001158  0c000438	jal	_Printf
  162  0000115c  54000000	nop; not filled.
  163  00001160  8ca80000	lw	r8,(r5)
  164  00001164  afa80000	sw	(r29),r8
  165  00001168  0c000428	jal	_Printf
  166  0000116c  54000000	nop; not filled.
  167  00001170  0c000528	jal	_Exit
  168  00001174  54000000	nop; not filled.
  169  00001178  23bd0008	addi	r29,r29,#8
  170  0000117c          	L14_LF0:
  171  0000117c  23bdfff0	addi	r29,r29,#-16
  172  00001180  8ca8000c	lw	r8,12(r5)
  173  00001184  afa80000	sw	(r29),r8
  174  00001188  20080000	addi	r8,r0,#0
  175  0000118c  afa80004	sw	4(r29),r8
  176  00001190  2008000a	addi	r8,r0,#10
  177  00001194  afa80008	sw	8(r29),r8
  178  00001198  0c000dac	jal	_dstrtol
  179  0000119c  54000000	nop; not filled.
  180  000011a0  00011020	add	r2,r0,r1
  181  000011a4  8ca80010	lw	r8,16(r5)
  182  000011a8  afa80000	sw	(r29),r8
  183  000011ac  20080000	addi	r8,r0,#0
  184  000011b0  afa80004	sw	4(r29),r8
  185  000011b4  2008000a	addi	r8,r0,#10
  186  000011b8  afa80008	sw	8(r29),r8
  187  000011bc  0c000d88	jal	_dstrtol
  188  000011c0  54000000	nop; not filled.
  189  000011c4  00011820	add	r3,r0,r1
  190  000011c8  8ca80014	lw	r8,20(r5)
  191  000011cc  afa80000	sw	(r29),r8
  192  000011d0  20080000	addi	r8,r0,#0
  193  000011d4  afa80004	sw	4(r29),r8
  194  000011d8  2008000a	addi	r8,r0,#10
  195  000011dc  afa80008	sw	8(r29),r8
  196  000011e0  0c000d64	jal	_dstrtol
  197  000011e4  54000000	nop; not filled.
  198  000011e8  00013020	add	r6,r0,r1
  199  000011ec  8ca80018	lw	r8,24(r5)
  200  000011f0  afa80000	sw	(r29),r8
  201  000011f4  20080000	addi	r8,r0,#0
  202  000011f8  afa80004	sw	4(r29),r8
  203  000011fc  2008000a	addi	r8,r0,#10
  204  00001200  afa80008	sw	8(r29),r8
  205  00001204  0c000d40	jal	_dstrtol
  206  00001208  54000000	nop; not filled.
  207  0000120c  00013820	add	r7,r0,r1
  208  00001210  afa20000	sw	(r29),r2
  209  00001214  0c00043c	jal	_mbox_open
  210  00001218  54000000	nop; not filled.
  211  0000121c  23bd0010	addi	r29,r29,#16
  212  00001220  6021ffff	seqi	r1,r1,#-1
  213  00001224  10200034	beqz	r1,L15_LF0
  214  00001228  54000000	nop; not filled.
  215  0000122c  0c000370	jal	_getpid
  216  00001230  54000000	nop; not filled.
  217  00001234  23bdfff8	addi	r29,r29,#-8
  218  00001238  3c080000	lhi	r8,((LC3_LF0)>>16)&0xffff
  219  0000123c  25083010	addui	r8,r8,(LC3_LF0)&0xffff
  220  00001240  afa80000	sw	(r29),r8
  221  00001244  afa10004	sw	4(r29),r1
  222  00001248  0c000348	jal	_Printf
  223  0000124c  54000000	nop; not filled.
  224  00001250  0c000448	jal	_Exit
  225  00001254  54000000	nop; not filled.
  226  00001258  23bd0008	addi	r29,r29,#8
  227  0000125c          	L15_LF0:
  228  0000125c  23bdfff8	addi	r29,r29,#-8
  229  00001260  afa30000	sw	(r29),r3
  230  00001264  0c0003ec	jal	_mbox_open
  231  00001268  54000000	nop; not filled.
  232  0000126c  23bd0008	addi	r29,r29,#8
  233  00001270  6021ffff	seqi	r1,r1,#-1
  234  00001274  10200034	beqz	r1,L16_LF0
  235  00001278  54000000	nop; not filled.
  236  0000127c  0c000320	jal	_getpid
  237  00001280  54000000	nop; not filled.
  238  00001284  23bdfff8	addi	r29,r29,#-8
  239  00001288  3c080000	lhi	r8,((LC4_LF0)>>16)&0xffff
  240  0000128c  25083048	addui	r8,r8,(LC4_LF0)&0xffff
  241  00001290  afa80000	sw	(r29),r8
  242  00001294  afa10004	sw	4(r29),r1
  243  00001298  0c0002f8	jal	_Printf
  244  0000129c  54000000	nop; not filled.
  245  000012a0  0c0003f8	jal	_Exit
  246  000012a4  54000000	nop; not filled.
  247  000012a8  23bd0008	addi	r29,r29,#8
  248  000012ac          	L16_LF0:
  249  000012ac  23bdfff8	addi	r29,r29,#-8
  250  000012b0  afa60000	sw	(r29),r6
  251  000012b4  0c00039c	jal	_mbox_open
  252  000012b8  54000000	nop; not filled.
  253  000012bc  23bd0008	addi	r29,r29,#8
  254  000012c0  6021ffff	seqi	r1,r1,#-1
  255  000012c4  10200034	beqz	r1,L17_LF0
  256  000012c8  54000000	nop; not filled.
  257  000012cc  0c0002d0	jal	_getpid
  258  000012d0  54000000	nop; not filled.
  259  000012d4  23bdfff8	addi	r29,r29,#-8
  260  000012d8  3c080000	lhi	r8,((LC5_LF0)>>16)&0xffff
  261  000012dc  25083080	addui	r8,r8,(LC5_LF0)&0xffff
  262  000012e0  afa80000	sw	(r29),r8
  263  000012e4  afa10004	sw	4(r29),r1
  264  000012e8  0c0002a8	jal	_Printf
  265  000012ec  54000000	nop; not filled.
  266  000012f0  0c0003a8	jal	_Exit
  267  000012f4  54000000	nop; not filled.
  268  000012f8  23bd0008	addi	r29,r29,#8
  269  000012fc          	L17_LF0:
  270  000012fc  23bdfff0	addi	r29,r29,#-16
  271  00001300  afa20000	sw	(r29),r2
  272  00001304  20080006	addi	r8,r0,#6
  273  00001308  afa80004	sw	4(r29),r8
  274  0000130c  23c1fff0	addi	r1,r30,#-16
  275  00001310  afa10008	sw	8(r29),r1
  276  00001314  0c000360	jal	_mbox_recv
  277  00001318  54000000	nop; not filled.
  278  0000131c  23bd0010	addi	r29,r29,#16
  279  00001320  64210001	snei	r1,r1,#1
  280  00001324  10200050	beqz	r1,L18_LF0
  281  00001328  54000000	nop; not filled.
  282  0000132c  23bdfff8	addi	r29,r29,#-8
  283  00001330  3c080000	lhi	r8,((LC6_LF0)>>16)&0xffff
  284  00001334  250830b8	addui	r8,r8,(LC6_LF0)&0xffff
  285  00001338  afa80000	sw	(r29),r8
  286  0000133c  afa20004	sw	4(r29),r2
  287  00001340  0c000250	jal	_Printf
  288  00001344  54000000	nop; not filled.
  289  00001348  8ca80000	lw	r8,(r5)
  290  0000134c  afa80000	sw	(r29),r8
  291  00001350  0c000240	jal	_Printf
  292  00001354  54000000	nop; not filled.
  293  00001358  3c080000	lhi	r8,((LC7_LF0)>>16)&0xffff
  294  0000135c  250830f0	addui	r8,r8,(LC7_LF0)&0xffff
  295  00001360  afa80000	sw	(r29),r8
  296  00001364  0c00022c	jal	_Printf
  297  00001368  54000000	nop; not filled.
  298  0000136c  0c00032c	jal	_Exit
  299  00001370  54000000	nop; not filled.
  300  00001374  23bd0008	addi	r29,r29,#8
  301  00001378          	L18_LF0:
  302  00001378  20020000	addi	r2,r0,#0
  303  0000137c  23c4ffe8	addi	r4,r30,#-24
  304  00001380          	L22_LF0:
  305  00001380  23bdfff0	addi	r29,r29,#-16
  306  00001384  afa30000	sw	(r29),r3
  307  00001388  20080004	addi	r8,r0,#4
  308  0000138c  afa80004	sw	4(r29),r8
  309  00001390  afa40008	sw	8(r29),r4
  310  00001394  0c0002d4	jal	_mbox_send
  311  00001398  54000000	nop; not filled.
  312  0000139c  23bd0010	addi	r29,r29,#16
  313  000013a0  64210001	snei	r1,r1,#1
  314  000013a4  10200050	beqz	r1,L23_LF0
  315  000013a8  54000000	nop; not filled.
  316  000013ac  23bdfff8	addi	r29,r29,#-8
  317  000013b0  3c080000	lhi	r8,((LC8_LF0)>>16)&0xffff
  318  000013b4  250830f4	addui	r8,r8,(LC8_LF0)&0xffff
  319  000013b8  afa80000	sw	(r29),r8
  320  000013bc  afa30004	sw	4(r29),r3
  321  000013c0  0c0001d0	jal	_Printf
  322  000013c4  54000000	nop; not filled.
  323  000013c8  8ca80000	lw	r8,(r5)
  324  000013cc  afa80000	sw	(r29),r8
  325  000013d0  0c0001c0	jal	_Printf
  326  000013d4  54000000	nop; not filled.
  327  000013d8  3c080000	lhi	r8,((LC7_LF0)>>16)&0xffff
  328  000013dc  250830f0	addui	r8,r8,(LC7_LF0)&0xffff
  329  000013e0  afa80000	sw	(r29),r8
  330  000013e4  0c0001ac	jal	_Printf
  331  000013e8  54000000	nop; not filled.
  332  000013ec  0c0002ac	jal	_Exit
  333  000013f0  54000000	nop; not filled.
  334  000013f4  23bd0008	addi	r29,r29,#8
  335  000013f8          	L23_LF0:
  336  000013f8  23bdfff8	addi	r29,r29,#-8
  337  000013fc  3c080000	lhi	r8,((LC9_LF0)>>16)&0xffff
  338  00001400  25083130	addui	r8,r8,(LC9_LF0)&0xffff
  339  00001404  afa80000	sw	(r29),r8
  340  00001408  0c000188	jal	_Printf
  341  0000140c  54000000	nop; not filled.
  342  00001410  23bd0008	addi	r29,r29,#8
  343  00001414  20420001	addi	r2,r2,#1
  344  00001418  70410000	slei	r1,r2,#0
  345  0000141c  1420ff60	bnez	r1,L22_LF0
  346  00001420  54000000	nop; not filled.
  347  00001424  20020000	addi	r2,r0,#0
  348  00001428  23c3ffe0	addi	r3,r30,#-32
  349  0000142c          	L28_LF0:
  350  0000142c  23bdfff0	addi	r29,r29,#-16
  351  00001430  afa60000	sw	(r29),r6
  352  00001434  20080003	addi	r8,r0,#3
  353  00001438  afa80004	sw	4(r29),r8
  354  0000143c  afa30008	sw	8(r29),r3
  355  00001440  0c000228	jal	_mbox_send
  356  00001444  54000000	nop; not filled.
  357  00001448  23bd0010	addi	r29,r29,#16
  358  0000144c  64210001	snei	r1,r1,#1
  359  00001450  10200050	beqz	r1,L29_LF0
  360  00001454  54000000	nop; not filled.
  361  00001458  23bdfff8	addi	r29,r29,#-8
  362  0000145c  3c080000	lhi	r8,((LC10_LF0)>>16)&0xffff
  363  00001460  2508315c	addui	r8,r8,(LC10_LF0)&0xffff
  364  00001464  afa80000	sw	(r29),r8
  365  00001468  afa60004	sw	4(r29),r6
  366  0000146c  0c000124	jal	_Printf
  367  00001470  54000000	nop; not filled.
  368  00001474  8ca80000	lw	r8,(r5)
  369  00001478  afa80000	sw	(r29),r8
  370  0000147c  0c000114	jal	_Printf
  371  00001480  54000000	nop; not filled.
  372  00001484  3c080000	lhi	r8,((LC7_LF0)>>16)&0xffff
  373  00001488  250830f0	addui	r8,r8,(LC7_LF0)&0xffff
  374  0000148c  afa80000	sw	(r29),r8
  375  00001490  0c000100	jal	_Printf
  376  00001494  54000000	nop; not filled.
  377  00001498  0c000200	jal	_Exit
  378  0000149c  54000000	nop; not filled.
  379  000014a0  23bd0008	addi	r29,r29,#8
  380  000014a4          	L29_LF0:
  381  000014a4  23bdfff8	addi	r29,r29,#-8
  382  000014a8  3c080000	lhi	r8,((LC11_LF0)>>16)&0xffff
  383  000014ac  25083194	addui	r8,r8,(LC11_LF0)&0xffff
  384  000014b0  afa80000	sw	(r29),r8
  385  000014b4  0c0000dc	jal	_Printf
  386  000014b8  54000000	nop; not filled.
  387  000014bc  23bd0008	addi	r29,r29,#8
  388  000014c0  20420001	addi	r2,r2,#1
  389  000014c4  70410000	slei	r1,r2,#0
  390  000014c8  1420ff60	bnez	r1,L28_LF0
  391  000014cc  54000000	nop; not filled.
  392  000014d0  23bdfff8	addi	r29,r29,#-8
  393  000014d4  afa70000	sw	(r29),r7
  394  000014d8  0c00010c	jal	_sem_signal
  395  000014dc  54000000	nop; not filled.
  396  000014e0  23bd0008	addi	r29,r29,#8
  397  000014e4  64210001	snei	r1,r1,#1
  398  000014e8  10200058	beqz	r1,L31_LF0
  399  000014ec  54000000	nop; not filled.
  400  000014f0  0c0000ac	jal	_getpid
  401  000014f4  54000000	nop; not filled.
  402  000014f8  23bdfff8	addi	r29,r29,#-8
  403  000014fc  3c080000	lhi	r8,((LC12_LF0)>>16)&0xffff
  404  00001500  250831b8	addui	r8,r8,(LC12_LF0)&0xffff
  405  00001504  afa80000	sw	(r29),r8
  406  00001508  afa10004	sw	4(r29),r1
  407  0000150c  0c000084	jal	_Printf
  408  00001510  54000000	nop; not filled.
  409  00001514  8ca50000	lw	r5,(r5)
  410  00001518  afa50000	sw	(r29),r5
  411  0000151c  0c000074	jal	_Printf
  412  00001520  54000000	nop; not filled.
  413  00001524  3c080000	lhi	r8,((LC13_LF0)>>16)&0xffff
  414  00001528  250831f4	addui	r8,r8,(LC13_LF0)&0xffff
  415  0000152c  afa80000	sw	(r29),r8
  416  00001530  0c000060	jal	_Printf
  417  00001534  54000000	nop; not filled.
  418  00001538  0c000160	jal	_Exit
  419  0000153c  54000000	nop; not filled.
  420  00001540  23bd0008	addi	r29,r29,#8
  421  00001544          	L31_LF0:
  422  00001544  0c000ef0	jal	_exit
  423  00001548  54000000	nop
  424  0000154c          	.endproc _main
  425                      ;;;
  426                      ;;; Stub functions for DLX traps.
  427                      ;;;
  428                      ;;; Ethan L. Miller, 1999.  Released to the public domain.
  429                      ;;;
  430                      ;;; The traps such as Open and Close
  431                      ;;; (note the capital letters) are for use by user programs.  The traps
  432                      ;;; with names such as open and close (lower case) are for use by the OS.
  433                      ;;;
  436  0000154c          	.align 2
  438                      ;;; The following are the traps to be used by user-level programs
  439                      ;;;
  441  0000154c          	.align 2
  442  0000154c          	.proc _Open
  443  0000154c          	.global _Open
  444  0000154c          	_Open:
  445                      ;;; Note that trap #0x213 actually causes a trap vector in the OS of
  446                      ;;; 0x1213.  The same is true for other user traps.  Thus, a user trap
  447                      ;;; with trap #0x240 will result in a trap vector of 0x1240 in the OS.
  448  0000154c  44000213	trap	#0x213
  449  00001550  4be00000	jr	r31
  450  00001554  54000000	nop
  451  00001558          	.endproc _Open
  453  00001558          	.proc _Close
  454  00001558          	.global _Close
  455  00001558          	_Close:
  456  00001558  44000214	trap	#0x214
  457  0000155c  4be00000	jr	r31
  458  00001560  54000000	nop
  459  00001564          	.endproc _Close
  461  00001564          	.proc _Read
  462  00001564          	.global _Read
  463  00001564          	_Read:
  464  00001564  44000210	trap	#0x210
  465  00001568  4be00000	jr	r31
  466  0000156c  54000000	nop
  467  00001570          	.endproc _Read
  469  00001570          	.proc _Write
  470  00001570          	.global _Write
  471  00001570          	_Write:
  472  00001570  44000211	trap	#0x211
  473  00001574  4be00000	jr	r31
  474  00001578  54000000	nop
  475  0000157c          	.endproc _Write
  477  0000157c          	.proc _Lseek
  478  0000157c          	.global _Lseek
  479  0000157c          	_Lseek:
  480  0000157c  44000212	trap	#0x212
  481  00001580  4be00000	jr	r31
  482  00001584  54000000	nop
  483  00001588          	.endproc _Lseek
  485  00001588          	.proc _Putchar
  486  00001588          	.global _Putchar
  487  00001588          	_Putchar:
  488  00001588  44000280	trap	#0x280
  489  0000158c  4be00000	jr	r31
  490  00001590  54000000	nop
  491  00001594          	.endproc _Putchar
  493  00001594          	.proc _Printf
  494  00001594          	.global _Printf
  495  00001594          	_Printf:
  496  00001594  44000201	trap	#0x201
  497  00001598  4be00000	jr	r31
  498  0000159c  54000000	nop
  499  000015a0          	.endproc _Printf
  501  000015a0          	.proc _getpid
  502  000015a0          	.global _getpid
  503  000015a0          	_getpid:
  504  000015a0  44000431	trap	#0x431
  505  000015a4  4be00000	jr	r31
  506  000015a8  54000000	nop
  507  000015ac          	.endproc _getpid
  509  000015ac          	.proc _process_create
  510  000015ac          	.global _process_create
  511  000015ac          	_process_create:
  512  000015ac  44000432	trap	#0x432
  513  000015b0  4be00000	jr	r31
  514  000015b4  54000000	nop
  515  000015b8          	.endproc _process_create
  517  000015b8          	.proc _shmget
  518  000015b8          	.global _shmget
  519  000015b8          	_shmget:
  520  000015b8  44000440	trap	#0x440
  521  000015bc  4be00000	jr	r31
  522  000015c0  54000000	nop
  523  000015c4          	.endproc _shmget
  525  000015c4          	.proc _shmat
  526  000015c4          	.global _shmat
  527  000015c4          	_shmat:
  528  000015c4  44000441	trap	#0x441
  529  000015c8  4be00000	jr	r31
  530  000015cc  54000000	nop
  531  000015d0          	.endproc _shmat
  533  000015d0          	.proc _sem_create
  534  000015d0          	.global _sem_create
  535  000015d0          	_sem_create:
  536  000015d0  44000450	trap	#0x450
  537  000015d4  4be00000	jr	r31
  538  000015d8  54000000	nop
  539  000015dc          	.endproc _sem_create
  541  000015dc          	.proc _sem_wait
  542  000015dc          	.global _sem_wait
  543  000015dc          	_sem_wait:
  544  000015dc  44000451	trap	#0x451
  545  000015e0  4be00000	jr	r31
  546  000015e4  54000000	nop
  547  000015e8          	.endproc _sem_wait
  549  000015e8          	.proc _sem_signal
  550  000015e8          	.global _sem_signal
  551  000015e8          	_sem_signal:
  552  000015e8  44000452	trap	#0x452
  553  000015ec  4be00000	jr	r31
  554  000015f0  54000000	nop
  555  000015f4          	.endproc _sem_signal
  557  000015f4          	.proc _lock_create
  558  000015f4          	.global _lock_create
  559  000015f4          	_lock_create:
  560  000015f4  44000453	trap	#0x453
  561  000015f8  4be00000	jr	r31
  562  000015fc  54000000	nop
  563  00001600          	.endproc _lock_create
  565  00001600          	.proc _lock_acquire
  566  00001600          	.global _lock_acquire
  567  00001600          	_lock_acquire:
  568  00001600  44000454	trap	#0x454
  569  00001604  4be00000	jr	r31
  570  00001608  54000000	nop
  571  0000160c          	.endproc _lock_acquire
  573  0000160c          	.proc _lock_release
  574  0000160c          	.global _lock_release
  575  0000160c          	_lock_release:
  576  0000160c  44000455	trap	#0x455
  577  00001610  4be00000	jr	r31
  578  00001614  54000000	nop
  579  00001618          	.endproc _lock_release
  581  00001618          	.proc _cond_create
  582  00001618          	.global _cond_create
  583  00001618          	_cond_create:
  584  00001618  44000456	trap	#0x456
  585  0000161c  4be00000	jr	r31
  586  00001620  54000000	nop
  587  00001624          	.endproc _cond_create
  589  00001624          	.proc _cond_wait
  590  00001624          	.global _cond_wait
  591  00001624          	_cond_wait:
  592  00001624  44000457	trap	#0x457
  593  00001628  4be00000	jr	r31
  594  0000162c  54000000	nop
  595  00001630          	.endproc _cond_wait
  597  00001630          	.proc _cond_signal
  598  00001630          	.global _cond_signal
  599  00001630          	_cond_signal:
  600  00001630  44000458	trap	#0x458
  601  00001634  4be00000	jr	r31
  602  00001638  54000000	nop
  603  0000163c          	.endproc _cond_signal
  605  0000163c          	.proc _cond_broadcast
  606  0000163c          	.global _cond_broadcast
  607  0000163c          	_cond_broadcast:
  608  0000163c  44000459	trap	#0x459
  609  00001640  4be00000	jr	r31
  610  00001644  54000000	nop
  611  00001648          	.endproc _cond_broadcast
  613  00001648          	.proc _mbox_create
  614  00001648          	.global _mbox_create
  615  00001648          	_mbox_create:
  616  00001648  44000460	trap	#0x460
  617  0000164c  4be00000	jr	r31
  618  00001650  54000000	nop
  619  00001654          	.endproc _mbox_create
  621  00001654          	.proc _mbox_open
  622  00001654          	.global _mbox_open
  623  00001654          	_mbox_open:
  624  00001654  44000461	trap	#0x461
  625  00001658  4be00000	jr	r31
  626  0000165c  54000000	nop
  627  00001660          	.endproc _mbox_open
  629  00001660          	.proc _mbox_close
  630  00001660          	.global _mbox_close
  631  00001660          	_mbox_close:
  632  00001660  44000462	trap	#0x462
  633  00001664  4be00000	jr	r31
  634  00001668  54000000	nop
  635  0000166c          	.endproc _mbox_close
  637  0000166c          	.proc _mbox_send
  638  0000166c          	.global _mbox_send
  639  0000166c          	_mbox_send:
  640  0000166c  44000463	trap	#0x463
  641  00001670  4be00000	jr	r31
  642  00001674  54000000	nop
  643  00001678          	.endproc _mbox_send
  645  00001678          	.proc _mbox_recv
  646  00001678          	.global _mbox_recv
  647  00001678          	_mbox_recv:
  648  00001678  44000464	trap	#0x464
  649  0000167c  4be00000	jr	r31
  650  00001680  54000000	nop
  651  00001684          	.endproc _mbox_recv
  653  00001684          	.proc _sleep
  654  00001684          	.global _sleep
  655  00001684          	_sleep:
  656  00001684  44000465	trap	#0x465
  657  00001688  4be00000	jr	r31
  658  0000168c  54000000	nop
  659  00001690          	.endproc _sleep
  661  00001690          	.proc _yield
  662  00001690          	.global _yield
  663  00001690          	_yield:
  664  00001690  44000466	trap	#0x466
  665  00001694  4be00000	jr	r31
  666  00001698  54000000	nop
  667  0000169c          	.endproc _yield
  670  0000169c          	.proc _Exit
  671  0000169c          	.global _Exit
  672  0000169c          	_Exit:
  673  0000169c  44000500	trap	#0x500
  674  000016a0  4be00000	jr	r31
  675  000016a4  54000000	nop
  676  000016a8          	.endproc _Exit
  677                      ; Compiled by GCC
  679  000016a8          	.align 2
  680  000016a8          	.proc _isspace
  681  000016a8          	.global _isspace
  682  000016a8          	_isspace:
  683                      ;  Function 'isspace'; 0 bytes of locals, 3 regs to save.
  684  000016a8  afbefffc	sw	-4(r29),r30; push fp
  685  000016ac  001df020	add	r30,r0,r29; fp = sp
  686  000016b0  afbffff8	sw	-8(r29),r31; push ret addr
  687  000016b4  2fbd0018	subui	r29,r29,#24; alloc local storage
  688  000016b8  afa20000	sw	0(r29),r2
  689  000016bc  afa30004	sw	4(r29),r3
  690  000016c0  afa40008	sw	8(r29),r4
  691  000016c4  83c20003	lb	r2,3(r30)
  692  000016c8  20010000	addi	r1,r0,#0
  693  000016cc  304300ff	andi	r3,r2,#0x00ff
  694  000016d0  60640020	seqi	r4,r3,#32
  695  000016d4  1480002c	bnez	r4,L3_LF2
  696  000016d8  54000000	nop; delay slot nop
  697  000016dc  304300ff	andi	r3,r2,#0x00ff
  698  000016e0  60640009	seqi	r4,r3,#9
  699  000016e4  1480001c	bnez	r4,L3_LF2
  700  000016e8  54000000	nop; delay slot nop
  701  000016ec  304300ff	andi	r3,r2,#0x00ff
  702  000016f0  6064000a	seqi	r4,r3,#10
  703  000016f4  1480000c	bnez	r4,L3_LF2
  704  000016f8  54000000	nop; delay slot nop
  705  000016fc  08000008	j	L2_LF2
  706  00001700  54000000	nop; delay slot nop
  707  00001704          	L3_LF2:
  708  00001704  20010001	addi	r1,r0,#1
  709  00001708          	L2_LF2:
  710  00001708  08000004	j	L1_LF2
  711  0000170c  54000000	nop; delay slot nop
  712  00001710          	L1_LF2:
  713  00001710  8fa20000	lw	r2,0(r29)
  714  00001714  8fa30004	lw	r3,4(r29)
  715  00001718  8fa40008	lw	r4,8(r29)
  716  0000171c  8fdffff8	lw	r31,-8(r30)
  717  00001720  001ee820	add	r29,r0,r30
  718  00001724  8fdefffc	lw	r30,-4(r30)
  719  00001728  4be00000	jr	r31
  720  0000172c  54000000	nop
  721  00001730          	.endproc _isspace
  722  00001730          	.align 2
  723  00001730          	.proc _isxdigit
  724  00001730          	.global _isxdigit
  725  00001730          	_isxdigit:
  726                      ;  Function 'isxdigit'; 0 bytes of locals, 3 regs to save.
  727  00001730  afbefffc	sw	-4(r29),r30; push fp
  728  00001734  001df020	add	r30,r0,r29; fp = sp
  729  00001738  afbffff8	sw	-8(r29),r31; push ret addr
  730  0000173c  2fbd0018	subui	r29,r29,#24; alloc local storage
  731  00001740  afa20000	sw	0(r29),r2
  732  00001744  afa30004	sw	4(r29),r3
  733  00001748  afa40008	sw	8(r29),r4
  734  0000174c  83c20003	lb	r2,3(r30)
  735  00001750  20010000	addi	r1,r0,#0
  736  00001754  304300ff	andi	r3,r2,#0x00ff
  737  00001758  6c64002f	sgtui	r4,r3,#47
  738  0000175c  1080001c	beqz	r4,L7_LF2
  739  00001760  54000000	nop; delay slot nop
  740  00001764  304300ff	andi	r3,r2,#0x00ff
  741  00001768  70640039	sleui	r4,r3,#57
  742  0000176c  1480005c	bnez	r4,L6_LF2
  743  00001770  54000000	nop; delay slot nop
  744  00001774  08000004	j	L7_LF2
  745  00001778  54000000	nop; delay slot nop
  746  0000177c          	L7_LF2:
  747  0000177c  304300ff	andi	r3,r2,#0x00ff
  748  00001780  6c640060	sgtui	r4,r3,#96
  749  00001784  1080001c	beqz	r4,L8_LF2
  750  00001788  54000000	nop; delay slot nop
  751  0000178c  304300ff	andi	r3,r2,#0x00ff
  752  00001790  70640066	sleui	r4,r3,#102
  753  00001794  14800034	bnez	r4,L6_LF2
  754  00001798  54000000	nop; delay slot nop
  755  0000179c  08000004	j	L8_LF2
  756  000017a0  54000000	nop; delay slot nop
  757  000017a4          	L8_LF2:
  758  000017a4  304300ff	andi	r3,r2,#0x00ff
  759  000017a8  6c640040	sgtui	r4,r3,#64
  760  000017ac  10800020	beqz	r4,L5_LF2
  761  000017b0  54000000	nop; delay slot nop
  762  000017b4  304300ff	andi	r3,r2,#0x00ff
  763  000017b8  70640041	sleui	r4,r3,#65
  764  000017bc  1480000c	bnez	r4,L6_LF2
  765  000017c0  54000000	nop; delay slot nop
  766  000017c4  08000008	j	L5_LF2
  767  000017c8  54000000	nop; delay slot nop
  768  000017cc          	L6_LF2:
  769  000017cc  20010001	addi	r1,r0,#1
  770  000017d0          	L5_LF2:
  771  000017d0  08000004	j	L4_LF2
  772  000017d4  54000000	nop; delay slot nop
  773  000017d8          	L4_LF2:
  774  000017d8  8fa20000	lw	r2,0(r29)
  775  000017dc  8fa30004	lw	r3,4(r29)
  776  000017e0  8fa40008	lw	r4,8(r29)
  777  000017e4  8fdffff8	lw	r31,-8(r30)
  778  000017e8  001ee820	add	r29,r0,r30
  779  000017ec  8fdefffc	lw	r30,-4(r30)
  780  000017f0  4be00000	jr	r31
  781  000017f4  54000000	nop
  782  000017f8          	.endproc _isxdigit
  783  000017f8          	.align 2
  784  000017f8          	.proc _dstrcpy
  785  000017f8          	.global _dstrcpy
  786  000017f8          	_dstrcpy:
  787                      ;  Function 'dstrcpy'; 8 bytes of locals, 2 regs to save.
  788  000017f8  afbefffc	sw	-4(r29),r30; push fp
  789  000017fc  001df020	add	r30,r0,r29; fp = sp
  790  00001800  afbffff8	sw	-8(r29),r31; push ret addr
  791  00001804  2fbd0018	subui	r29,r29,#24; alloc local storage
  792  00001808  afa20000	sw	0(r29),r2
  793  0000180c  afa30004	sw	4(r29),r3
  794  00001810  8fc10000	lw	r1,(r30)
  795  00001814  afc1fff4	sw	-12(r30),r1
  796  00001818          	L10_LF2:
  797  00001818  8fc10000	lw	r1,(r30)
  798  0000181c  20220001	addi	r2,r1,#1
  799  00001820  afc20000	sw	(r30),r2
  800  00001824  8fc20004	lw	r2,4(r30)
  801  00001828  20430001	addi	r3,r2,#1
  802  0000182c  afc30004	sw	4(r30),r3
  803  00001830  80420000	lb	r2,(r2)
  804  00001834  a0220000	sb	(r1),r2
  805  00001838  a3c2fff3	sb	-13(r30),r2
  806  0000183c          	L12_LF2:
  807  0000183c  93c1fff3	lbu	r1,-13(r30)
  808  00001840  64220000	snei	r2,r1,#0
  809  00001844  1440000c	bnez	r2,L13_LF2
  810  00001848  54000000	nop; delay slot nop
  811  0000184c  0800000c	j	L11_LF2
  812  00001850  54000000	nop; delay slot nop
  813  00001854          	L13_LF2:
  814  00001854  0bffffc0	j	L10_LF2
  815  00001858  54000000	nop; delay slot nop
  816  0000185c          	L11_LF2:
  817  0000185c  8fc1fff4	lw	r1,-12(r30)
  818  00001860  08000004	j	L9_LF2
  819  00001864  54000000	nop; delay slot nop
  820  00001868          	L9_LF2:
  821  00001868  8fa20000	lw	r2,0(r29)
  822  0000186c  8fa30004	lw	r3,4(r29)
  823  00001870  8fdffff8	lw	r31,-8(r30)
  824  00001874  001ee820	add	r29,r0,r30
  825  00001878  8fdefffc	lw	r30,-4(r30)
  826  0000187c  4be00000	jr	r31
  827  00001880  54000000	nop
  828  00001884          	.endproc _dstrcpy
  829  00001884          	.align 2
  830  00001884          	.proc _dstrncpy
  831  00001884          	.global _dstrncpy
  832  00001884          	_dstrncpy:
  833                      ;  Function 'dstrncpy'; 8 bytes of locals, 2 regs to save.
  834  00001884  afbefffc	sw	-4(r29),r30; push fp
  835  00001888  001df020	add	r30,r0,r29; fp = sp
  836  0000188c  afbffff8	sw	-8(r29),r31; push ret addr
  837  00001890  2fbd0018	subui	r29,r29,#24; alloc local storage
  838  00001894  afa20000	sw	0(r29),r2
  839  00001898  afa30004	sw	4(r29),r3
  840  0000189c  8fc10000	lw	r1,(r30)
  841  000018a0  afc1fff4	sw	-12(r30),r1
  842  000018a4          	L15_LF2:
  843  000018a4  8fc10008	lw	r1,8(r30)
  844  000018a8  2022ffff	addi	r2,r1,#-1
  845  000018ac  afc20008	sw	8(r30),r2
  846  000018b0  70210000	slei	r1,r1,#0
  847  000018b4  1020000c	beqz	r1,L18_LF2
  848  000018b8  54000000	nop; delay slot nop
  849  000018bc  08000048	j	L16_LF2
  850  000018c0  54000000	nop; delay slot nop
  851  000018c4          	L18_LF2:
  852  000018c4  8fc10000	lw	r1,(r30)
  853  000018c8  20220001	addi	r2,r1,#1
  854  000018cc  afc20000	sw	(r30),r2
  855  000018d0  8fc20004	lw	r2,4(r30)
  856  000018d4  20430001	addi	r3,r2,#1
  857  000018d8  afc30004	sw	4(r30),r3
  858  000018dc  80420000	lb	r2,(r2)
  859  000018e0  a0220000	sb	(r1),r2
  860  000018e4  a3c2fff3	sb	-13(r30),r2
  861  000018e8          	L17_LF2:
  862  000018e8  93c1fff3	lbu	r1,-13(r30)
  863  000018ec  64220000	snei	r2,r1,#0
  864  000018f0  1440000c	bnez	r2,L19_LF2
  865  000018f4  54000000	nop; delay slot nop
  866  000018f8  0800000c	j	L16_LF2
  867  000018fc  54000000	nop; delay slot nop
  868  00001900          	L19_LF2:
  869  00001900  0bffffa0	j	L15_LF2
  870  00001904  54000000	nop; delay slot nop
  871  00001908          	L16_LF2:
  872  00001908  8fc1fff4	lw	r1,-12(r30)
  873  0000190c  08000004	j	L14_LF2
  874  00001910  54000000	nop; delay slot nop
  875  00001914          	L14_LF2:
  876  00001914  8fa20000	lw	r2,0(r29)
  877  00001918  8fa30004	lw	r3,4(r29)
  878  0000191c  8fdffff8	lw	r31,-8(r30)
  879  00001920  001ee820	add	r29,r0,r30
  880  00001924  8fdefffc	lw	r30,-4(r30)
  881  00001928  4be00000	jr	r31
  882  0000192c  54000000	nop
  883  00001930          	.endproc _dstrncpy
  884  00001930          	.align 2
  885  00001930          	.proc _dstrcat
  886  00001930          	.global _dstrcat
  887  00001930          	_dstrcat:
  888                      ;  Function 'dstrcat'; 8 bytes of locals, 1 regs to save.
  889  00001930  afbefffc	sw	-4(r29),r30; push fp
  890  00001934  001df020	add	r30,r0,r29; fp = sp
  891  00001938  afbffff8	sw	-8(r29),r31; push ret addr
  892  0000193c  2fbd0018	subui	r29,r29,#24; alloc local storage
  893  00001940  afa20000	sw	0(r29),r2
  894  00001944  8fc10000	lw	r1,(r30)
  895  00001948  afc1fff4	sw	-12(r30),r1
  896  0000194c          	L21_LF2:
  897  0000194c  8fc10000	lw	r1,(r30)
  898  00001950  90220000	lbu	r2,(r1)
  899  00001954  64410000	snei	r1,r2,#0
  900  00001958  1420000c	bnez	r1,L23_LF2
  901  0000195c  54000000	nop; delay slot nop
  902  00001960  0800001c	j	L22_LF2
  903  00001964  54000000	nop; delay slot nop
  904  00001968          	L23_LF2:
  905  00001968  8fc20000	lw	r2,(r30)
  906  0000196c  20410001	addi	r1,r2,#1
  907  00001970  00011020	add	r2,r0,r1
  908  00001974  afc20000	sw	(r30),r2
  909  00001978  0bffffd0	j	L21_LF2
  910  0000197c  54000000	nop; delay slot nop
  911  00001980          	L22_LF2:
  912  00001980  23bdfff8	addi	r29,r29,#-8
  913  00001984  001d0820	add	r1,r0,r29
  914  00001988  8fc20000	lw	r2,(r30)
  915  0000198c  ac220000	sw	(r1),r2
  916  00001990  8fc20004	lw	r2,4(r30)
  917  00001994  ac220004	sw	4(r1),r2
  918  00001998  0ffffe5c	jal	_dstrcpy
  919  0000199c  54000000	nop; delay slot nop
  920  000019a0  23bd0008	addi	r29,r29,#8
  921  000019a4  8fc1fff4	lw	r1,-12(r30)
  922  000019a8  08000004	j	L20_LF2
  923  000019ac  54000000	nop; delay slot nop
  924  000019b0          	L20_LF2:
  925  000019b0  8fa20000	lw	r2,0(r29)
  926  000019b4  8fdffff8	lw	r31,-8(r30)
  927  000019b8  001ee820	add	r29,r0,r30
  928  000019bc  8fdefffc	lw	r30,-4(r30)
  929  000019c0  4be00000	jr	r31
  930  000019c4  54000000	nop
  931  000019c8          	.endproc _dstrcat
  932  000019c8          	.align 2
  933  000019c8          	.proc _dstrncmp
  934  000019c8          	.global _dstrncmp
  935  000019c8          	_dstrncmp:
  936                      ;  Function 'dstrncmp'; 8 bytes of locals, 2 regs to save.
  937  000019c8  afbefffc	sw	-4(r29),r30; push fp
  938  000019cc  001df020	add	r30,r0,r29; fp = sp
  939  000019d0  afbffff8	sw	-8(r29),r31; push ret addr
  940  000019d4  2fbd0018	subui	r29,r29,#24; alloc local storage
  941  000019d8  afa20000	sw	0(r29),r2
  942  000019dc  afa30004	sw	4(r29),r3
  943  000019e0  54000000	nop
  944  000019e4  20010000	addi	r1,r0,#0
  945  000019e8  afc1fff4	sw	-12(r30),r1
  946  000019ec          	L25_LF2:
  947  000019ec  8fc1fff4	lw	r1,-12(r30)
  948  000019f0  8fc20008	lw	r2,8(r30)
  949  000019f4  0022082a	slt	r1,r1,r2
  950  000019f8  1420000c	bnez	r1,L28_LF2
  951  000019fc  54000000	nop; delay slot nop
  952  00001a00  08000088	j	L26_LF2
  953  00001a04  54000000	nop; delay slot nop
  954  00001a08          	L28_LF2:
  955  00001a08  8fc10004	lw	r1,4(r30)
  956  00001a0c  90220000	lbu	r2,(r1)
  957  00001a10  64410000	snei	r1,r2,#0
  958  00001a14  14200018	bnez	r1,L29_LF2
  959  00001a18  54000000	nop; delay slot nop
  960  00001a1c  20010000	addi	r1,r0,#0
  961  00001a20  080000d8	j	L24_LF2
  962  00001a24  54000000	nop; delay slot nop
  963  00001a28  08000028	j	L30_LF2
  964  00001a2c  54000000	nop; delay slot nop
  965  00001a30          	L29_LF2:
  966  00001a30  8fc10000	lw	r1,(r30)
  967  00001a34  8fc20004	lw	r2,4(r30)
  968  00001a38  90210000	lbu	r1,(r1)
  969  00001a3c  90420000	lbu	r2,(r2)
  970  00001a40  00220829	sne	r1,r1,r2
  971  00001a44  1020000c	beqz	r1,L30_LF2
  972  00001a48  54000000	nop; delay slot nop
  973  00001a4c  0800003c	j	L26_LF2
  974  00001a50  54000000	nop; delay slot nop
  975  00001a54          	L31_LF2:
  976  00001a54          	L30_LF2:
  977  00001a54  8fc20000	lw	r2,(r30)
  978  00001a58  20410001	addi	r1,r2,#1
  979  00001a5c  00011020	add	r2,r0,r1
  980  00001a60  afc20000	sw	(r30),r2
  981  00001a64  8fc20004	lw	r2,4(r30)
  982  00001a68  20410001	addi	r1,r2,#1
  983  00001a6c  00011020	add	r2,r0,r1
  984  00001a70  afc20004	sw	4(r30),r2
  985  00001a74          	L27_LF2:
  986  00001a74  8fc2fff4	lw	r2,-12(r30)
  987  00001a78  20410001	addi	r1,r2,#1
  988  00001a7c  00011020	add	r2,r0,r1
  989  00001a80  afc2fff4	sw	-12(r30),r2
  990  00001a84  0bffff64	j	L25_LF2
  991  00001a88  54000000	nop; delay slot nop
  992  00001a8c          	L26_LF2:
  993  00001a8c  8fc1fff4	lw	r1,-12(r30)
  994  00001a90  8fc20008	lw	r2,8(r30)
  995  00001a94  00220828	seq	r1,r1,r2
  996  00001a98  10200018	beqz	r1,L32_LF2
  997  00001a9c  54000000	nop; delay slot nop
  998  00001aa0  20010000	addi	r1,r0,#0
  999  00001aa4  08000054	j	L24_LF2
 1000  00001aa8  54000000	nop; delay slot nop
 1001  00001aac  0800004c	j	L33_LF2
 1002  00001ab0  54000000	nop; delay slot nop
 1003  00001ab4          	L32_LF2:
 1004  00001ab4  8fc20000	lw	r2,(r30)
 1005  00001ab8  90410000	lbu	r1,(r2)
 1006  00001abc  8fc20004	lw	r2,4(r30)
 1007  00001ac0  90430000	lbu	r3,(r2)
 1008  00001ac4  00230822	sub	r1,r1,r3
 1009  00001ac8  74220000	sgei	r2,r1,#0
 1010  00001acc  10400020	beqz	r2,L34_LF2
 1011  00001ad0  54000000	nop; delay slot nop
 1012  00001ad4  8fc10000	lw	r1,(r30)
 1013  00001ad8  8fc20004	lw	r2,4(r30)
 1014  00001adc  90210000	lbu	r1,(r1)
 1015  00001ae0  90420000	lbu	r2,(r2)
 1016  00001ae4  00220829	sne	r1,r1,r2
 1017  00001ae8  08000008	j	L35_LF2
 1018  00001aec  54000000	nop; delay slot nop
 1019  00001af0          	L34_LF2:
 1020  00001af0  2001ffff	addi	r1,r0,#-1
 1021  00001af4          	L35_LF2:
 1022  00001af4  08000004	j	L24_LF2
 1023  00001af8  54000000	nop; delay slot nop
 1024  00001afc          	L33_LF2:
 1025  00001afc          	L24_LF2:
 1026  00001afc  8fa20000	lw	r2,0(r29)
 1027  00001b00  8fa30004	lw	r3,4(r29)
 1028  00001b04  8fdffff8	lw	r31,-8(r30)
 1029  00001b08  001ee820	add	r29,r0,r30
 1030  00001b0c  8fdefffc	lw	r30,-4(r30)
 1031  00001b10  4be00000	jr	r31
 1032  00001b14  54000000	nop
 1033  00001b18          	.endproc _dstrncmp
 1034  00001b18          	.align 2
 1035  00001b18          	.proc _dstrlen
 1036  00001b18          	.global _dstrlen
 1037  00001b18          	_dstrlen:
 1038                      ;  Function 'dstrlen'; 8 bytes of locals, 1 regs to save.
 1039  00001b18  afbefffc	sw	-4(r29),r30; push fp
 1040  00001b1c  001df020	add	r30,r0,r29; fp = sp
 1041  00001b20  afbffff8	sw	-8(r29),r31; push ret addr
 1042  00001b24  2fbd0018	subui	r29,r29,#24; alloc local storage
 1043  00001b28  afa20000	sw	0(r29),r2
 1044  00001b2c  20010000	addi	r1,r0,#0
 1045  00001b30  afc1fff4	sw	-12(r30),r1
 1046  00001b34          	L37_LF2:
 1047  00001b34  8fc10000	lw	r1,(r30)
 1048  00001b38  20220001	addi	r2,r1,#1
 1049  00001b3c  afc20000	sw	(r30),r2
 1050  00001b40  90210000	lbu	r1,(r1)
 1051  00001b44  64220000	snei	r2,r1,#0
 1052  00001b48  1440000c	bnez	r2,L39_LF2
 1053  00001b4c  54000000	nop; delay slot nop
 1054  00001b50  0800001c	j	L38_LF2
 1055  00001b54  54000000	nop; delay slot nop
 1056  00001b58          	L39_LF2:
 1057  00001b58  8fc2fff4	lw	r2,-12(r30)
 1058  00001b5c  20410001	addi	r1,r2,#1
 1059  00001b60  00011020	add	r2,r0,r1
 1060  00001b64  afc2fff4	sw	-12(r30),r2
 1061  00001b68  0bffffc8	j	L37_LF2
 1062  00001b6c  54000000	nop; delay slot nop
 1063  00001b70          	L38_LF2:
 1064  00001b70  8fc1fff4	lw	r1,-12(r30)
 1065  00001b74  08000004	j	L36_LF2
 1066  00001b78  54000000	nop; delay slot nop
 1067  00001b7c          	L36_LF2:
 1068  00001b7c  8fa20000	lw	r2,0(r29)
 1069  00001b80  8fdffff8	lw	r31,-8(r30)
 1070  00001b84  001ee820	add	r29,r0,r30
 1071  00001b88  8fdefffc	lw	r30,-4(r30)
 1072  00001b8c  4be00000	jr	r31
 1073  00001b90  54000000	nop
 1074  00001b94          	.endproc _dstrlen
 1075  00001b94          	.align 2
 1076  00001b94          	.proc _dstrstr
 1077  00001b94          	.global _dstrstr
 1078  00001b94          	_dstrstr:
 1079                      ;  Function 'dstrstr'; 8 bytes of locals, 1 regs to save.
 1080  00001b94  afbefffc	sw	-4(r29),r30; push fp
 1081  00001b98  001df020	add	r30,r0,r29; fp = sp
 1082  00001b9c  afbffff8	sw	-8(r29),r31; push ret addr
 1083  00001ba0  2fbd0018	subui	r29,r29,#24; alloc local storage
 1084  00001ba4  afa20000	sw	0(r29),r2
 1085  00001ba8  23bdfff8	addi	r29,r29,#-8
 1086  00001bac  001d0820	add	r1,r0,r29
 1087  00001bb0  8fc20004	lw	r2,4(r30)
 1088  00001bb4  ac220000	sw	(r1),r2
 1089  00001bb8  0fffff5c	jal	_dstrlen
 1090  00001bbc  54000000	nop; delay slot nop
 1091  00001bc0  23bd0008	addi	r29,r29,#8
 1092  00001bc4  afc1fff4	sw	-12(r30),r1
 1093  00001bc8          	L41_LF2:
 1094  00001bc8  8fc10000	lw	r1,(r30)
 1095  00001bcc  90220000	lbu	r2,(r1)
 1096  00001bd0  64410000	snei	r1,r2,#0
 1097  00001bd4  1420000c	bnez	r1,L43_LF2
 1098  00001bd8  54000000	nop; delay slot nop
 1099  00001bdc  08000060	j	L42_LF2
 1100  00001be0  54000000	nop; delay slot nop
 1101  00001be4          	L43_LF2:
 1102  00001be4  23bdfff0	addi	r29,r29,#-16
 1103  00001be8  001d0820	add	r1,r0,r29
 1104  00001bec  8fc20000	lw	r2,(r30)
 1105  00001bf0  ac220000	sw	(r1),r2
 1106  00001bf4  8fc20004	lw	r2,4(r30)
 1107  00001bf8  ac220004	sw	4(r1),r2
 1108  00001bfc  8fc2fff4	lw	r2,-12(r30)
 1109  00001c00  ac220008	sw	8(r1),r2
 1110  00001c04  0ffffdc0	jal	_dstrncmp
 1111  00001c08  54000000	nop; delay slot nop
 1112  00001c0c  23bd0010	addi	r29,r29,#16
 1113  00001c10  64220000	snei	r2,r1,#0
 1114  00001c14  14400010	bnez	r2,L44_LF2
 1115  00001c18  54000000	nop; delay slot nop
 1116  00001c1c  8fc10000	lw	r1,(r30)
 1117  00001c20  08000028	j	L40_LF2
 1118  00001c24  54000000	nop; delay slot nop
 1119  00001c28          	L44_LF2:
 1120  00001c28  8fc20000	lw	r2,(r30)
 1121  00001c2c  20410001	addi	r1,r2,#1
 1122  00001c30  00011020	add	r2,r0,r1
 1123  00001c34  afc20000	sw	(r30),r2
 1124  00001c38  0bffff8c	j	L41_LF2
 1125  00001c3c  54000000	nop; delay slot nop
 1126  00001c40          	L42_LF2:
 1127  00001c40  20010000	addi	r1,r0,#0
 1128  00001c44  08000004	j	L40_LF2
 1129  00001c48  54000000	nop; delay slot nop
 1130  00001c4c          	L40_LF2:
 1131  00001c4c  8fa20000	lw	r2,0(r29)
 1132  00001c50  8fdffff8	lw	r31,-8(r30)
 1133  00001c54  001ee820	add	r29,r0,r30
 1134  00001c58  8fdefffc	lw	r30,-4(r30)
 1135  00001c5c  4be00000	jr	r31
 1136  00001c60  54000000	nop
 1137  00001c64          	.endproc _dstrstr
 1138  00001c64          	.align 2
 1139  00001c64          	.proc _dmindex
 1140  00001c64          	.global _dmindex
 1141  00001c64          	_dmindex:
 1142                      ;  Function 'dmindex'; 8 bytes of locals, 1 regs to save.
 1143  00001c64  afbefffc	sw	-4(r29),r30; push fp
 1144  00001c68  001df020	add	r30,r0,r29; fp = sp
 1145  00001c6c  afbffff8	sw	-8(r29),r31; push ret addr
 1146  00001c70  2fbd0018	subui	r29,r29,#24; alloc local storage
 1147  00001c74  afa20000	sw	0(r29),r2
 1148  00001c78  54000000	nop
 1149  00001c7c          	L46_LF2:
 1150  00001c7c  8fc10000	lw	r1,(r30)
 1151  00001c80  90220000	lbu	r2,(r1)
 1152  00001c84  64410000	snei	r1,r2,#0
 1153  00001c88  1420000c	bnez	r1,L48_LF2
 1154  00001c8c  54000000	nop; delay slot nop
 1155  00001c90  08000070	j	L47_LF2
 1156  00001c94  54000000	nop; delay slot nop
 1157  00001c98          	L48_LF2:
 1158  00001c98  8fc10004	lw	r1,4(r30)
 1159  00001c9c  afc1fff4	sw	-12(r30),r1
 1160  00001ca0          	L49_LF2:
 1161  00001ca0  8fc1fff4	lw	r1,-12(r30)
 1162  00001ca4  90220000	lbu	r2,(r1)
 1163  00001ca8  64410000	snei	r1,r2,#0
 1164  00001cac  1420000c	bnez	r1,L52_LF2
 1165  00001cb0  54000000	nop; delay slot nop
 1166  00001cb4  08000044	j	L50_LF2
 1167  00001cb8  54000000	nop; delay slot nop
 1168  00001cbc          	L52_LF2:
 1169  00001cbc  8fc10000	lw	r1,(r30)
 1170  00001cc0  8fc2fff4	lw	r2,-12(r30)
 1171  00001cc4  90210000	lbu	r1,(r1)
 1172  00001cc8  90420000	lbu	r2,(r2)
 1173  00001ccc  00220828	seq	r1,r1,r2
 1174  00001cd0  10200010	beqz	r1,L51_LF2
 1175  00001cd4  54000000	nop; delay slot nop
 1176  00001cd8  8fc10000	lw	r1,(r30)
 1177  00001cdc  08000030	j	L45_LF2
 1178  00001ce0  54000000	nop; delay slot nop
 1179  00001ce4          	L53_LF2:
 1180  00001ce4          	L51_LF2:
 1181  00001ce4  8fc2fff4	lw	r2,-12(r30)
 1182  00001ce8  20410001	addi	r1,r2,#1
 1183  00001cec  00011020	add	r2,r0,r1
 1184  00001cf0  afc2fff4	sw	-12(r30),r2
 1185  00001cf4  0bffffa8	j	L49_LF2
 1186  00001cf8  54000000	nop; delay slot nop
 1187  00001cfc          	L50_LF2:
 1188  00001cfc  0bffff7c	j	L46_LF2
 1189  00001d00  54000000	nop; delay slot nop
 1190  00001d04          	L47_LF2:
 1191  00001d04  20010000	addi	r1,r0,#0
 1192  00001d08  08000004	j	L45_LF2
 1193  00001d0c  54000000	nop; delay slot nop
 1194  00001d10          	L45_LF2:
 1195  00001d10  8fa20000	lw	r2,0(r29)
 1196  00001d14  8fdffff8	lw	r31,-8(r30)
 1197  00001d18  001ee820	add	r29,r0,r30
 1198  00001d1c  8fdefffc	lw	r30,-4(r30)
 1199  00001d20  4be00000	jr	r31
 1200  00001d24  54000000	nop
 1201  00001d28          	.endproc _dmindex
 1202  00001d28          	.align 2
 1203  00001d28          	.proc _dindex
 1204  00001d28          	.global _dindex
 1205  00001d28          	_dindex:
 1206                      ;  Function 'dindex'; 0 bytes of locals, 1 regs to save.
 1207  00001d28  afbefffc	sw	-4(r29),r30; push fp
 1208  00001d2c  001df020	add	r30,r0,r29; fp = sp
 1209  00001d30  afbffff8	sw	-8(r29),r31; push ret addr
 1210  00001d34  2fbd0010	subui	r29,r29,#16; alloc local storage
 1211  00001d38  afa20000	sw	0(r29),r2
 1212  00001d3c  54000000	nop
 1213  00001d40          	L55_LF2:
 1214  00001d40  8fc10000	lw	r1,(r30)
 1215  00001d44  90220000	lbu	r2,(r1)
 1216  00001d48  64410000	snei	r1,r2,#0
 1217  00001d4c  1420000c	bnez	r1,L57_LF2
 1218  00001d50  54000000	nop; delay slot nop
 1219  00001d54  08000040	j	L56_LF2
 1220  00001d58  54000000	nop; delay slot nop
 1221  00001d5c          	L57_LF2:
 1222  00001d5c  8fc10000	lw	r1,(r30)
 1223  00001d60  90220000	lbu	r2,(r1)
 1224  00001d64  8fc10004	lw	r1,4(r30)
 1225  00001d68  00411028	seq	r2,r2,r1
 1226  00001d6c  10400010	beqz	r2,L58_LF2
 1227  00001d70  54000000	nop; delay slot nop
 1228  00001d74  8fc10000	lw	r1,(r30)
 1229  00001d78  08000028	j	L54_LF2
 1230  00001d7c  54000000	nop; delay slot nop
 1231  00001d80          	L58_LF2:
 1232  00001d80  8fc20000	lw	r2,(r30)
 1233  00001d84  20410001	addi	r1,r2,#1
 1234  00001d88  00011020	add	r2,r0,r1
 1235  00001d8c  afc20000	sw	(r30),r2
 1236  00001d90  0bffffac	j	L55_LF2
 1237  00001d94  54000000	nop; delay slot nop
 1238  00001d98          	L56_LF2:
 1239  00001d98  20010000	addi	r1,r0,#0
 1240  00001d9c  08000004	j	L54_LF2
 1241  00001da0  54000000	nop; delay slot nop
 1242  00001da4          	L54_LF2:
 1243  00001da4  8fa20000	lw	r2,0(r29)
 1244  00001da8  8fdffff8	lw	r31,-8(r30)
 1245  00001dac  001ee820	add	r29,r0,r30
 1246  00001db0  8fdefffc	lw	r30,-4(r30)
 1247  00001db4  4be00000	jr	r31
 1248  00001db8  54000000	nop
 1249  00001dbc          	.endproc _dindex
 1250  00001dbc          	.align 2
 1251  00001dbc          	.proc _ditoa
 1252  00001dbc          	.global _ditoa
 1253  00001dbc          	_ditoa:
 1254                      ;  Function 'ditoa'; 8 bytes of locals, 2 regs to save.
 1255  00001dbc  afbefffc	sw	-4(r29),r30; push fp
 1256  00001dc0  001df020	add	r30,r0,r29; fp = sp
 1257  00001dc4  afbffff8	sw	-8(r29),r31; push ret addr
 1258  00001dc8  2fbd0018	subui	r29,r29,#24; alloc local storage
 1259  00001dcc  afa20000	sw	0(r29),r2
 1260  00001dd0  afa30004	sw	4(r29),r3
 1261  00001dd4  8fc10000	lw	r1,(r30)
 1262  00001dd8  68220000	slti	r2,r1,#0
 1263  00001ddc  1040002c	beqz	r2,L60_LF2
 1264  00001de0  54000000	nop; delay slot nop
 1265  00001de4  8fc10004	lw	r1,4(r30)
 1266  00001de8  20220001	addi	r2,r1,#1
 1267  00001dec  afc20004	sw	4(r30),r2
 1268  00001df0  2002002d	addi	r2,r0,(#0x2d)&0xff
 1269  00001df4  a0220000	sb	(r1),r2
 1270  00001df8  8fc10000	lw	r1,(r30)
 1271  00001dfc  00011022	sub	r2,r0,r1
 1272  00001e00  afc20000	sw	(r30),r2
 1273  00001e04  08000118	j	L61_LF2
 1274  00001e08  54000000	nop; delay slot nop
 1275  00001e0c          	L60_LF2:
 1276  00001e0c  8fc10000	lw	r1,(r30)
 1277  00001e10  64220000	snei	r2,r1,#0
 1278  00001e14  14400020	bnez	r2,L62_LF2
 1279  00001e18  54000000	nop; delay slot nop
 1280  00001e1c  8fc10004	lw	r1,4(r30)
 1281  00001e20  20220001	addi	r2,r1,#1
 1282  00001e24  afc20004	sw	4(r30),r2
 1283  00001e28  20020030	addi	r2,r0,(#0x30)&0xff
 1284  00001e2c  a0220000	sb	(r1),r2
 1285  00001e30  080000ec	j	L61_LF2
 1286  00001e34  54000000	nop; delay slot nop
 1287  00001e38          	L62_LF2:
 1288  00001e38  20010001	addi	r1,r0,#1
 1289  00001e3c  afc1fff4	sw	-12(r30),r1
 1290  00001e40          	L64_LF2:
 1291  00001e40  8fc1fff4	lw	r1,-12(r30)
 1292  00001e44  8fc20000	lw	r2,(r30)
 1293  00001e48  0022082c	sle	r1,r1,r2
 1294  00001e4c  1420000c	bnez	r1,L66_LF2
 1295  00001e50  54000000	nop; delay slot nop
 1296  00001e54  08000024	j	L65_LF2
 1297  00001e58  54000000	nop; delay slot nop
 1298  00001e5c          	L67_LF2:
 1299  00001e5c          	L66_LF2:
 1300  00001e5c  8fc1fff4	lw	r1,-12(r30)
 1301  00001e60  00011820	add	r3,r0,r1
 1302  00001e64  50620002	slli	r2,r3,#0x2
 1303  00001e68  00411020	add	r2,r2,r1
 1304  00001e6c  50410001	slli	r1,r2,#0x1
 1305  00001e70  afc1fff4	sw	-12(r30),r1
 1306  00001e74  0bffffc8	j	L64_LF2
 1307  00001e78  54000000	nop; delay slot nop
 1308  00001e7c          	L65_LF2:
 1309  00001e7c  54000000	nop
 1310  00001e80          	L68_LF2:
 1311  00001e80  8fc1fff4	lw	r1,-12(r30)
 1312  00001e84  2002000a	addi	r2,r0,#10
 1313  00001e88  00200035	movi2fp	f0,r1
 1314  00001e8c  00400835	movi2fp	f1,r2
 1315  00001e90  0401000f	div	f0,f0,f1
 1316  00001e94  00000834	movfp2i	r1,f0
 1317  00001e98  afc1fff4	sw	-12(r30),r1
 1318  00001e9c  8fc10004	lw	r1,4(r30)
 1319  00001ea0  20220001	addi	r2,r1,#1
 1320  00001ea4  afc20004	sw	4(r30),r2
 1321  00001ea8  8fc20000	lw	r2,(r30)
 1322  00001eac  8fc3fff4	lw	r3,-12(r30)
 1323  00001eb0  00400035	movi2fp	f0,r2
 1324  00001eb4  00600835	movi2fp	f1,r3
 1325  00001eb8  0401000f	div	f0,f0,f1
 1326  00001ebc  00001034	movfp2i	r2,f0
 1327  00001ec0  00021820	add	r3,r0,r2
 1328  00001ec4  20620030	addi	r2,r3,#48
 1329  00001ec8  a0220000	sb	(r1),r2
 1330  00001ecc  8fc10000	lw	r1,(r30)
 1331  00001ed0  8fc3fff4	lw	r3,-12(r30)
 1332  00001ed4  00200035	movi2fp	f0,r1
 1333  00001ed8  00600835	movi2fp	f1,r3
 1334  00001edc  0401000f	div	f0,f0,f1
 1335  00001ee0  00001034	movfp2i	r2,f0
 1336  00001ee4  8fc3fff4	lw	r3,-12(r30)
 1337  00001ee8  00400035	movi2fp	f0,r2
 1338  00001eec  00600835	movi2fp	f1,r3
 1339  00001ef0  0401000e	mult	f0,f0,f1
 1340  00001ef4  00001034	movfp2i	r2,f0
 1341  00001ef8  00220822	sub	r1,r1,r2
 1342  00001efc  afc10000	sw	(r30),r1
 1343  00001f00          	L70_LF2:
 1344  00001f00  8fc1fff4	lw	r1,-12(r30)
 1345  00001f04  6c220001	sgti	r2,r1,#1
 1346  00001f08  1440000c	bnez	r2,L71_LF2
 1347  00001f0c  54000000	nop; delay slot nop
 1348  00001f10  0800000c	j	L61_LF2
 1349  00001f14  54000000	nop; delay slot nop
 1350  00001f18          	L71_LF2:
 1351  00001f18  0bffff64	j	L68_LF2
 1352  00001f1c  54000000	nop; delay slot nop
 1353  00001f20          	L69_LF2:
 1354  00001f20          	L63_LF2:
 1355  00001f20          	L61_LF2:
 1356  00001f20  8fc10004	lw	r1,4(r30)
 1357  00001f24  20020000	addi	r2,r0,(#0x0)&0xff
 1358  00001f28  a0220000	sb	(r1),r2
 1359  00001f2c          	L59_LF2:
 1360  00001f2c  8fa20000	lw	r2,0(r29)
 1361  00001f30  8fa30004	lw	r3,4(r29)
 1362  00001f34  8fdffff8	lw	r31,-8(r30)
 1363  00001f38  001ee820	add	r29,r0,r30
 1364  00001f3c  8fdefffc	lw	r30,-4(r30)
 1365  00001f40  4be00000	jr	r31
 1366  00001f44  54000000	nop
 1367  00001f48          	.endproc _ditoa
 1368  00001f48          	.align 2
 1369  00001f48          	.proc _dstrtol
 1370  00001f48          	.global _dstrtol
 1371  00001f48          	_dstrtol:
 1372                      ;  Function 'dstrtol'; 16 bytes of locals, 1 regs to save.
 1373  00001f48  afbefffc	sw	-4(r29),r30; push fp
 1374  00001f4c  001df020	add	r30,r0,r29; fp = sp
 1375  00001f50  afbffff8	sw	-8(r29),r31; push ret addr
 1376  00001f54  2fbd0020	subui	r29,r29,#32; alloc local storage
 1377  00001f58  afa20000	sw	0(r29),r2
 1378  00001f5c  20010000	addi	r1,r0,#0
 1379  00001f60  afc1fff4	sw	-12(r30),r1
 1380  00001f64          	L73_LF2:
 1381  00001f64  8fc10000	lw	r1,(r30)
 1382  00001f68  90220000	lbu	r2,(r1)
 1383  00001f6c  60410020	seqi	r1,r2,#32
 1384  00001f70  14200034	bnez	r1,L75_LF2
 1385  00001f74  54000000	nop; delay slot nop
 1386  00001f78  8fc10000	lw	r1,(r30)
 1387  00001f7c  90220000	lbu	r2,(r1)
 1388  00001f80  60410009	seqi	r1,r2,#9
 1389  00001f84  14200020	bnez	r1,L75_LF2
 1390  00001f88  54000000	nop; delay slot nop
 1391  00001f8c  8fc10000	lw	r1,(r30)
 1392  00001f90  90220000	lbu	r2,(r1)
 1393  00001f94  6041000a	seqi	r1,r2,#10
 1394  00001f98  1420000c	bnez	r1,L75_LF2
 1395  00001f9c  54000000	nop; delay slot nop
 1396  00001fa0  0800001c	j	L74_LF2
 1397  00001fa4  54000000	nop; delay slot nop
 1398  00001fa8          	L75_LF2:
 1399  00001fa8  8fc20000	lw	r2,(r30)
 1400  00001fac  20410001	addi	r1,r2,#1
 1401  00001fb0  00011020	add	r2,r0,r1
 1402  00001fb4  afc20000	sw	(r30),r2
 1403  00001fb8  0bffffa8	j	L73_LF2
 1404  00001fbc  54000000	nop; delay slot nop
 1405  00001fc0          	L74_LF2:
 1406  00001fc0  8fc10004	lw	r1,4(r30)
 1407  00001fc4  64220000	snei	r2,r1,#0
 1408  00001fc8  10400010	beqz	r2,L76_LF2
 1409  00001fcc  54000000	nop; delay slot nop
 1410  00001fd0  8fc10004	lw	r1,4(r30)
 1411  00001fd4  8fc20000	lw	r2,(r30)
 1412  00001fd8  ac220000	sw	(r1),r2
 1413  00001fdc          	L76_LF2:
 1414  00001fdc  8fc10000	lw	r1,(r30)
 1415  00001fe0  90220000	lbu	r2,(r1)
 1416  00001fe4  64410000	snei	r1,r2,#0
 1417  00001fe8  14200010	bnez	r1,L77_LF2
 1418  00001fec  54000000	nop; delay slot nop
 1419  00001ff0  8fc1fff4	lw	r1,-12(r30)
 1420  00001ff4  08000294	j	L72_LF2
 1421  00001ff8  54000000	nop; delay slot nop
 1422  00001ffc          	L77_LF2:
 1423  00001ffc  8fc10000	lw	r1,(r30)
 1424  00002000  90220000	lbu	r2,(r1)
 1425  00002004  6041002d	seqi	r1,r2,#45
 1426  00002008  10200024	beqz	r1,L78_LF2
 1427  0000200c  54000000	nop; delay slot nop
 1428  00002010  2001ffff	addi	r1,r0,#-1
 1429  00002014  afc1ffec	sw	-20(r30),r1
 1430  00002018  8fc20000	lw	r2,(r30)
 1431  0000201c  20410001	addi	r1,r2,#1
 1432  00002020  00011020	add	r2,r0,r1
 1433  00002024  afc20000	sw	(r30),r2
 1434  00002028  0800000c	j	L79_LF2
 1435  0000202c  54000000	nop; delay slot nop
 1436  00002030          	L78_LF2:
 1437  00002030  20010001	addi	r1,r0,#1
 1438  00002034  afc1ffec	sw	-20(r30),r1
 1439  00002038          	L79_LF2:
 1440  00002038  8fc10008	lw	r1,8(r30)
 1441  0000203c  64220000	snei	r2,r1,#0
 1442  00002040  14400090	bnez	r2,L80_LF2
 1443  00002044  54000000	nop; delay slot nop
 1444  00002048  8fc10000	lw	r1,(r30)
 1445  0000204c  90220000	lbu	r2,(r1)
 1446  00002050  60410030	seqi	r1,r2,#48
 1447  00002054  10200074	beqz	r1,L81_LF2
 1448  00002058  54000000	nop; delay slot nop
 1449  0000205c  8fc20000	lw	r2,(r30)
 1450  00002060  20410001	addi	r1,r2,#1
 1451  00002064  00011020	add	r2,r0,r1
 1452  00002068  afc20000	sw	(r30),r2
 1453  0000206c  8fc10000	lw	r1,(r30)
 1454  00002070  90220000	lbu	r2,(r1)
 1455  00002074  60410078	seqi	r1,r2,#120
 1456  00002078  14200020	bnez	r1,L83_LF2
 1457  0000207c  54000000	nop; delay slot nop
 1458  00002080  8fc10000	lw	r1,(r30)
 1459  00002084  90220000	lbu	r2,(r1)
 1460  00002088  60410058	seqi	r1,r2,#88
 1461  0000208c  1420000c	bnez	r1,L83_LF2
 1462  00002090  54000000	nop; delay slot nop
 1463  00002094  08000024	j	L82_LF2
 1464  00002098  54000000	nop; delay slot nop
 1465  0000209c          	L83_LF2:
 1466  0000209c  20010010	addi	r1,r0,#16
 1467  000020a0  afc10008	sw	8(r30),r1
 1468  000020a4  8fc20000	lw	r2,(r30)
 1469  000020a8  20410001	addi	r1,r2,#1
 1470  000020ac  00011020	add	r2,r0,r1
 1471  000020b0  afc20000	sw	(r30),r2
 1472  000020b4  0800000c	j	L84_LF2
 1473  000020b8  54000000	nop; delay slot nop
 1474  000020bc          	L82_LF2:
 1475  000020bc  20010008	addi	r1,r0,#8
 1476  000020c0  afc10008	sw	8(r30),r1
 1477  000020c4          	L84_LF2:
 1478  000020c4  0800000c	j	L80_LF2
 1479  000020c8  54000000	nop; delay slot nop
 1480  000020cc          	L81_LF2:
 1481  000020cc  2001000a	addi	r1,r0,#10
 1482  000020d0  afc10008	sw	8(r30),r1
 1483  000020d4          	L85_LF2:
 1484  000020d4          	L80_LF2:
 1485  000020d4  8fc10008	lw	r1,8(r30)
 1486  000020d8  70220000	slei	r2,r1,#0
 1487  000020dc  1440001c	bnez	r2,L87_LF2
 1488  000020e0  54000000	nop; delay slot nop
 1489  000020e4  8fc10008	lw	r1,8(r30)
 1490  000020e8  6c220010	sgti	r2,r1,#16
 1491  000020ec  1440000c	bnez	r2,L87_LF2
 1492  000020f0  54000000	nop; delay slot nop
 1493  000020f4  08000010	j	L86_LF2
 1494  000020f8  54000000	nop; delay slot nop
 1495  000020fc          	L87_LF2:
 1496  000020fc  8fc1fff4	lw	r1,-12(r30)
 1497  00002100  08000188	j	L72_LF2
 1498  00002104  54000000	nop; delay slot nop
 1499  00002108          	L86_LF2:
 1500  00002108  54000000	nop
 1501  0000210c          	L88_LF2:
 1502  0000210c  8fc10000	lw	r1,(r30)
 1503  00002110  90220000	lbu	r2,(r1)
 1504  00002114  6c41002f	sgtui	r1,r2,#47
 1505  00002118  10200030	beqz	r1,L91_LF2
 1506  0000211c  54000000	nop; delay slot nop
 1507  00002120  8fc10000	lw	r1,(r30)
 1508  00002124  90220000	lbu	r2,(r1)
 1509  00002128  70410039	sleui	r1,r2,#57
 1510  0000212c  1020001c	beqz	r1,L91_LF2
 1511  00002130  54000000	nop; delay slot nop
 1512  00002134  8fc10000	lw	r1,(r30)
 1513  00002138  90220000	lbu	r2,(r1)
 1514  0000213c  2041ffd0	addi	r1,r2,#-48
 1515  00002140  afc1fff0	sw	-16(r30),r1
 1516  00002144  0800008c	j	L92_LF2
 1517  00002148  54000000	nop; delay slot nop
 1518  0000214c          	L91_LF2:
 1519  0000214c  8fc10000	lw	r1,(r30)
 1520  00002150  90220000	lbu	r2,(r1)
 1521  00002154  6c410060	sgtui	r1,r2,#96
 1522  00002158  10200030	beqz	r1,L93_LF2
 1523  0000215c  54000000	nop; delay slot nop
 1524  00002160  8fc10000	lw	r1,(r30)
 1525  00002164  90220000	lbu	r2,(r1)
 1526  00002168  7041007a	sleui	r1,r2,#122
 1527  0000216c  1020001c	beqz	r1,L93_LF2
 1528  00002170  54000000	nop; delay slot nop
 1529  00002174  8fc10000	lw	r1,(r30)
 1530  00002178  90220000	lbu	r2,(r1)
 1531  0000217c  2041ffa9	addi	r1,r2,#-87
 1532  00002180  afc1fff0	sw	-16(r30),r1
 1533  00002184  0800004c	j	L92_LF2
 1534  00002188  54000000	nop; delay slot nop
 1535  0000218c          	L93_LF2:
 1536  0000218c  8fc10000	lw	r1,(r30)
 1537  00002190  90220000	lbu	r2,(r1)
 1538  00002194  6c410040	sgtui	r1,r2,#64
 1539  00002198  10200030	beqz	r1,L95_LF2
 1540  0000219c  54000000	nop; delay slot nop
 1541  000021a0  8fc10000	lw	r1,(r30)
 1542  000021a4  90220000	lbu	r2,(r1)
 1543  000021a8  7041005a	sleui	r1,r2,#90
 1544  000021ac  1020001c	beqz	r1,L95_LF2
 1545  000021b0  54000000	nop; delay slot nop
 1546  000021b4  8fc10000	lw	r1,(r30)
 1547  000021b8  90220000	lbu	r2,(r1)
 1548  000021bc  2041ffc9	addi	r1,r2,#-55
 1549  000021c0  afc1fff0	sw	-16(r30),r1
 1550  000021c4  0800000c	j	L92_LF2
 1551  000021c8  54000000	nop; delay slot nop
 1552  000021cc          	L95_LF2:
 1553  000021cc  200103e8	addi	r1,r0,#1000
 1554  000021d0  afc1fff0	sw	-16(r30),r1
 1555  000021d4          	L96_LF2:
 1556  000021d4          	L94_LF2:
 1557  000021d4          	L92_LF2:
 1558  000021d4  8fc1fff0	lw	r1,-16(r30)
 1559  000021d8  8fc20008	lw	r2,8(r30)
 1560  000021dc  0022082a	slt	r1,r1,r2
 1561  000021e0  10200040	beqz	r1,L90_LF2
 1562  000021e4  54000000	nop; delay slot nop
 1563  000021e8  8fc1fff4	lw	r1,-12(r30)
 1564  000021ec  8fc20008	lw	r2,8(r30)
 1565  000021f0  00200035	movi2fp	f0,r1
 1566  000021f4  00400835	movi2fp	f1,r2
 1567  000021f8  0401000e	mult	f0,f0,f1
 1568  000021fc  00000834	movfp2i	r1,f0
 1569  00002200  afc1fff4	sw	-12(r30),r1
 1570  00002204  8fc1fff4	lw	r1,-12(r30)
 1571  00002208  8fc2fff0	lw	r2,-16(r30)
 1572  0000220c  00220820	add	r1,r1,r2
 1573  00002210  afc1fff4	sw	-12(r30),r1
 1574  00002214  8fc20000	lw	r2,(r30)
 1575  00002218  20410001	addi	r1,r2,#1
 1576  0000221c  00011020	add	r2,r0,r1
 1577  00002220  afc20000	sw	(r30),r2
 1578  00002224          	L97_LF2:
 1579  00002224          	L90_LF2:
 1580  00002224  8fc1fff0	lw	r1,-16(r30)
 1581  00002228  8fc20008	lw	r2,8(r30)
 1582  0000222c  0022082a	slt	r1,r1,r2
 1583  00002230  1420000c	bnez	r1,L98_LF2
 1584  00002234  54000000	nop; delay slot nop
 1585  00002238  0800000c	j	L89_LF2
 1586  0000223c  54000000	nop; delay slot nop
 1587  00002240          	L98_LF2:
 1588  00002240  0bfffec8	j	L88_LF2
 1589  00002244  54000000	nop; delay slot nop
 1590  00002248          	L89_LF2:
 1591  00002248  8fc10004	lw	r1,4(r30)
 1592  0000224c  64220000	snei	r2,r1,#0
 1593  00002250  10400010	beqz	r2,L99_LF2
 1594  00002254  54000000	nop; delay slot nop
 1595  00002258  8fc10004	lw	r1,4(r30)
 1596  0000225c  8fc20000	lw	r2,(r30)
 1597  00002260  ac220000	sw	(r1),r2
 1598  00002264          	L99_LF2:
 1599  00002264  8fc1fff4	lw	r1,-12(r30)
 1600  00002268  8fc2ffec	lw	r2,-20(r30)
 1601  0000226c  00200035	movi2fp	f0,r1
 1602  00002270  00400835	movi2fp	f1,r2
 1603  00002274  0401000e	mult	f0,f0,f1
 1604  00002278  00000834	movfp2i	r1,f0
 1605  0000227c  afc1fff4	sw	-12(r30),r1
 1606  00002280  8fc1fff4	lw	r1,-12(r30)
 1607  00002284  08000004	j	L72_LF2
 1608  00002288  54000000	nop; delay slot nop
 1609  0000228c          	L72_LF2:
 1610  0000228c  8fa20000	lw	r2,0(r29)
 1611  00002290  8fdffff8	lw	r31,-8(r30)
 1612  00002294  001ee820	add	r29,r0,r30
 1613  00002298  8fdefffc	lw	r30,-4(r30)
 1614  0000229c  4be00000	jr	r31
 1615  000022a0  54000000	nop
 1616  000022a4          	.endproc _dstrtol
 1617  000022a4          	.align 2
 1618  000022a4          	.proc _bcopy
 1619  000022a4          	.global _bcopy
 1620  000022a4          	_bcopy:
 1621                      ;  Function 'bcopy'; 0 bytes of locals, 2 regs to save.
 1622  000022a4  afbefffc	sw	-4(r29),r30; push fp
 1623  000022a8  001df020	add	r30,r0,r29; fp = sp
 1624  000022ac  afbffff8	sw	-8(r29),r31; push ret addr
 1625  000022b0  2fbd0010	subui	r29,r29,#16; alloc local storage
 1626  000022b4  afa20000	sw	0(r29),r2
 1627  000022b8  afa30004	sw	4(r29),r3
 1628  000022bc  54000000	nop
 1629  000022c0          	L101_LF2:
 1630  000022c0  8fc10008	lw	r1,8(r30)
 1631  000022c4  2022ffff	addi	r2,r1,#-1
 1632  000022c8  afc20008	sw	8(r30),r2
 1633  000022cc  6c210000	sgti	r1,r1,#0
 1634  000022d0  1420000c	bnez	r1,L103_LF2
 1635  000022d4  54000000	nop; delay slot nop
 1636  000022d8  0800002c	j	L102_LF2
 1637  000022dc  54000000	nop; delay slot nop
 1638  000022e0          	L103_LF2:
 1639  000022e0  8fc10004	lw	r1,4(r30)
 1640  000022e4  20220001	addi	r2,r1,#1
 1641  000022e8  afc20004	sw	4(r30),r2
 1642  000022ec  8fc20000	lw	r2,(r30)
 1643  000022f0  20430001	addi	r3,r2,#1
 1644  000022f4  afc30000	sw	(r30),r3
 1645  000022f8  80420000	lb	r2,(r2)
 1646  000022fc  a0220000	sb	(r1),r2
 1647  00002300  0bffffbc	j	L101_LF2
 1648  00002304  54000000	nop; delay slot nop
 1649  00002308          	L102_LF2:
 1650  00002308          	L100_LF2:
 1651  00002308  8fa20000	lw	r2,0(r29)
 1652  0000230c  8fa30004	lw	r3,4(r29)
 1653  00002310  8fdffff8	lw	r31,-8(r30)
 1654  00002314  001ee820	add	r29,r0,r30
 1655  00002318  8fdefffc	lw	r30,-4(r30)
 1656  0000231c  4be00000	jr	r31
 1657  00002320  54000000	nop
 1658  00002324          	.endproc _bcopy
 1659  00002324          	.align 2
 1660  00002324          	.proc _bzero
 1661  00002324          	.global _bzero
 1662  00002324          	_bzero:
 1663                      ;  Function 'bzero'; 0 bytes of locals, 1 regs to save.
 1664  00002324  afbefffc	sw	-4(r29),r30; push fp
 1665  00002328  001df020	add	r30,r0,r29; fp = sp
 1666  0000232c  afbffff8	sw	-8(r29),r31; push ret addr
 1667  00002330  2fbd0010	subui	r29,r29,#16; alloc local storage
 1668  00002334  afa20000	sw	0(r29),r2
 1669  00002338  54000000	nop
 1670  0000233c          	L105_LF2:
 1671  0000233c  8fc10004	lw	r1,4(r30)
 1672  00002340  2022ffff	addi	r2,r1,#-1
 1673  00002344  afc20004	sw	4(r30),r2
 1674  00002348  6c210000	sgti	r1,r1,#0
 1675  0000234c  1420000c	bnez	r1,L107_LF2
 1676  00002350  54000000	nop; delay slot nop
 1677  00002354  08000020	j	L106_LF2
 1678  00002358  54000000	nop; delay slot nop
 1679  0000235c          	L107_LF2:
 1680  0000235c  8fc10000	lw	r1,(r30)
 1681  00002360  20220001	addi	r2,r1,#1
 1682  00002364  afc20000	sw	(r30),r2
 1683  00002368  20020000	addi	r2,r0,(#0x0)&0xff
 1684  0000236c  a0220000	sb	(r1),r2
 1685  00002370  0bffffc8	j	L105_LF2
 1686  00002374  54000000	nop; delay slot nop
 1687  00002378          	L106_LF2:
 1688  00002378          	L104_LF2:
 1689  00002378  8fa20000	lw	r2,0(r29)
 1690  0000237c  8fdffff8	lw	r31,-8(r30)
 1691  00002380  001ee820	add	r29,r0,r30
 1692  00002384  8fdefffc	lw	r30,-4(r30)
 1693  00002388  4be00000	jr	r31
 1694  0000238c  54000000	nop
 1695  00002390          	.endproc _bzero
 1696  00002390          	.align 2
 1697  00002390          	.proc _min
 1698  00002390          	.global _min
 1699  00002390          	_min:
 1700                      ;  Function 'min'; 0 bytes of locals, 2 regs to save.
 1701  00002390  afbefffc	sw	-4(r29),r30; push fp
 1702  00002394  001df020	add	r30,r0,r29; fp = sp
 1703  00002398  afbffff8	sw	-8(r29),r31; push ret addr
 1704  0000239c  2fbd0010	subui	r29,r29,#16; alloc local storage
 1705  000023a0  afa20000	sw	0(r29),r2
 1706  000023a4  afa30004	sw	4(r29),r3
 1707  000023a8  8fc10000	lw	r1,(r30)
 1708  000023ac  8fc20004	lw	r2,4(r30)
 1709  000023b0  0022182c	sle	r3,r1,r2
 1710  000023b4  14600008	bnez	r3,L109_LF2
 1711  000023b8  54000000	nop; delay slot nop
 1712  000023bc  8fc10004	lw	r1,4(r30)
 1713  000023c0          	L109_LF2:
 1714  000023c0  08000004	j	L108_LF2
 1715  000023c4  54000000	nop; delay slot nop
 1716  000023c8          	L108_LF2:
 1717  000023c8  8fa20000	lw	r2,0(r29)
 1718  000023cc  8fa30004	lw	r3,4(r29)
 1719  000023d0  8fdffff8	lw	r31,-8(r30)
 1720  000023d4  001ee820	add	r29,r0,r30
 1721  000023d8  8fdefffc	lw	r30,-4(r30)
 1722  000023dc  4be00000	jr	r31
 1723  000023e0  54000000	nop
 1724  000023e4          	.endproc _min
 1725  000023e4          	.align 2
 1726  000023e4          	.proc _max
 1727  000023e4          	.global _max
 1728  000023e4          	_max:
 1729                      ;  Function 'max'; 0 bytes of locals, 2 regs to save.
 1730  000023e4  afbefffc	sw	-4(r29),r30; push fp
 1731  000023e8  001df020	add	r30,r0,r29; fp = sp
 1732  000023ec  afbffff8	sw	-8(r29),r31; push ret addr
 1733  000023f0  2fbd0010	subui	r29,r29,#16; alloc local storage
 1734  000023f4  afa20000	sw	0(r29),r2
 1735  000023f8  afa30004	sw	4(r29),r3
 1736  000023fc  8fc10000	lw	r1,(r30)
 1737  00002400  8fc20004	lw	r2,4(r30)
 1738  00002404  0022182d	sge	r3,r1,r2
 1739  00002408  14600008	bnez	r3,L111_LF2
 1740  0000240c  54000000	nop; delay slot nop
 1741  00002410  8fc10004	lw	r1,4(r30)
 1742  00002414          	L111_LF2:
 1743  00002414  08000004	j	L110_LF2
 1744  00002418  54000000	nop; delay slot nop
 1745  0000241c          	L110_LF2:
 1746  0000241c  8fa20000	lw	r2,0(r29)
 1747  00002420  8fa30004	lw	r3,4(r29)
 1748  00002424  8fdffff8	lw	r31,-8(r30)
 1749  00002428  001ee820	add	r29,r0,r30
 1750  0000242c  8fdefffc	lw	r30,-4(r30)
 1751  00002430  4be00000	jr	r31
 1752  00002434  54000000	nop
 1753  00002438          	.endproc _max
 1754                      ;;; Ethan L. Miller, 1999.  Released to the public domain
 1755                      ;;;
 1756                      ;;; Most of the traps are called in files from libtraps.
 1759  00002438          	.align 2
 1760  00002438          	.proc _exit
 1761  00002438          	.global _exit
 1762  00002438          	_exit:
 1763  00002438  44000300	trap	#0x300
 1764  0000243c  4be00000	jr	r31
 1765  00002440  54000000	nop
 1766  00002444          	.endproc _exit
 1768                      ; for the benefit of gcc.
 1769  00002444          	.proc ___main
 1770  00002444          	.global ___main
 1771  00002444          	___main:
 1772  00002444  4be00000	jr	r31
 1773  00002448  54000000	nop
 1774  0000244c          	.endproc ___main
 1775  0000244c          	.text
 1776  0000244c          	.global _etext
 1777  0000244c          	_etext:
 1778  0000244c          	.align 3
 1779  00002450          	.data
 1780  00003202          	.global _edata
 1781  00003202          	_edata:
