 line   address	contents
    1                      ; Linked by DLX-LD.
    2                      ; MemSize 24576
    3                      ; Data size: 266
    4                      ; Text size: 4608
    5                      ; Stack size: 8192
    6  00000000          	.text 0x1000
    7  00001000          	.data 0x3000
    8                      ; Compiled by GCC
    9  00003000          	.text
   10  00001000          	.align 2
   11  00001000          	.proc _isspace
   12  00001000          	.global _isspace
   13  00001000          	_isspace:
   14                      ;  Function 'isspace'; 0 bytes of locals, 1 regs to save.
   15  00001000  afbefffc	sw	-4(r29),r30; push fp
   16  00001004  001df020	add	r30,r0,r29; fp = sp
   17  00001008  afbffff8	sw	-8(r29),r31; push ret addr
   18  0000100c  2fbd0010	subui	r29,r29,#16; alloc local storage
   19  00001010  afa20000	sw	0(r29),r2
   20  00001014  83c20003	lb	r2,3(r30)
   21  00001018  201f0000	addi	r31,r0,#0
   22  0000101c  304100ff	andi	r1,r2,#0x00ff
   23  00001020  60210020	seqi	r1,r1,#32
   24  00001024  14200018	bnez	r1,L6_LF0
   25  00001028  54000000	nop; not filled.
   26  0000102c  2041fff7	addi	r1,r2,#-9
   27  00001030  302100ff	andi	r1,r1,#0x00ff
   28  00001034  70210001	sleui	r1,r1,#1
   29  00001038  10200008	beqz	r1,L5_LF0
   30  0000103c  54000000	nop; not filled.
   31  00001040          	L6_LF0:
   32  00001040  201f0001	addi	r31,r0,#1
   33  00001044          	L5_LF0:
   34  00001044  001f0820	add	r1,r0,r31
   35  00001048  8fa20000	lw	r2,0(r29)
   36  0000104c  8fdffff8	lw	r31,-8(r30)
   37  00001050  001ee820	add	r29,r0,r30
   38  00001054  8fdefffc	lw	r30,-4(r30)
   39  00001058  4be00000	jr	r31
   40  0000105c  54000000	nop
   41  00001060          	.endproc _isspace
   42  00001060          	.align 2
   43  00001060          	.proc _isxdigit
   44  00001060          	.global _isxdigit
   45  00001060          	_isxdigit:
   46                      ;  Function 'isxdigit'; 0 bytes of locals, 1 regs to save.
   47  00001060  afbefffc	sw	-4(r29),r30; push fp
   48  00001064  001df020	add	r30,r0,r29; fp = sp
   49  00001068  afbffff8	sw	-8(r29),r31; push ret addr
   50  0000106c  2fbd0010	subui	r29,r29,#16; alloc local storage
   51  00001070  afa20000	sw	0(r29),r2
   52  00001074  83df0003	lb	r31,3(r30)
   53  00001078  20020000	addi	r2,r0,#0
   54  0000107c  23e1ffd0	addi	r1,r31,#-48
   55  00001080  302100ff	andi	r1,r1,#0x00ff
   56  00001084  70210009	sleui	r1,r1,#9
   57  00001088  14200028	bnez	r1,L12_LF0
   58  0000108c  54000000	nop; not filled.
   59  00001090  23e1ff9f	addi	r1,r31,#-97
   60  00001094  302100ff	andi	r1,r1,#0x00ff
   61  00001098  70210005	sleui	r1,r1,#5
   62  0000109c  14200014	bnez	r1,L12_LF0
   63  000010a0  54000000	nop; not filled.
   64  000010a4  33e100ff	andi	r1,r31,#0x00ff
   65  000010a8  64210041	snei	r1,r1,#65
   66  000010ac  14200008	bnez	r1,L11_LF0
   67  000010b0  54000000	nop; not filled.
   68  000010b4          	L12_LF0:
   69  000010b4  20020001	addi	r2,r0,#1
   70  000010b8          	L11_LF0:
   71  000010b8  00020820	add	r1,r0,r2
   72  000010bc  8fa20000	lw	r2,0(r29)
   73  000010c0  8fdffff8	lw	r31,-8(r30)
   74  000010c4  001ee820	add	r29,r0,r30
   75  000010c8  8fdefffc	lw	r30,-4(r30)
   76  000010cc  4be00000	jr	r31
   77  000010d0  54000000	nop
   78  000010d4          	.endproc _isxdigit
   79  000010d4          	.data
   80  00003000          	.align 2
   81  00003000          	LC0_LF0:
   82  00003000  48454c4c	.ascii "HELLO WORLD\000"
   82  00003004  4f20574f	
   82  00003008  524c4400	
   83  0000300c          	.align 2
   84  0000300c          	LC1_LF0:
   85  0000300c  55736167	.ascii "Usage: \000"
   85  00003010  653a2000	
   86  00003014          	.align 2
   87  00003014          	LC2_LF0:
   88  00003014  203c6861	.ascii " <handle_to_shared_memory_page> <synch lock number> <handle_to_page_ma"
   88  00003018  6e646c65	
   88  0000301c  5f746f5f	
   88  00003020  73686172	
   88  00003024  65645f6d	
   88  00003028  656d6f72	
   88  0000302c  795f7061	
   88  00003030  67653e20	
   88  00003034  3c73796e	
   88  00003038  6368206c	
   88  0000303c  6f636b20	
   88  00003040  6e756d62	
   88  00003044  65723e20	
   88  00003048  3c68616e	
   88  0000304c  646c655f	
   88  00003050  746f5f70	
   88  00003054  6167655f	
   88  00003058  6d61    	
   89  0000305a  70706564	.ascii "pped_semaphore>\n\000"
   89  0000305e  5f73656d	
   89  00003062  6170686f	
   89  00003066  72653e0a	
   89  0000306a  00      	
   90  0000306b          	.align 2
   91  0000306c          	LC3_LF0:
   92  0000306c  436f756c	.ascii "Could not map the virtual address to the memory in pid : %d\000"
   92  00003070  64206e6f	
   92  00003074  74206d61	
   92  00003078  70207468	
   92  0000307c  65207669	
   92  00003080  72747561	
   92  00003084  6c206164	
   92  00003088  64726573	
   92  0000308c  7320746f	
   92  00003090  20746865	
   92  00003094  206d656d	
   92  00003098  6f727920	
   92  0000309c  696e2070	
   92  000030a0  6964203a	
   92  000030a4  20256400	
   93  000030a8          	.align 2
   94  000030a8          	LC4_LF0:
   95  000030a8  2c206578	.ascii ", exiting...\n\000"
   95  000030ac  6974696e	
   95  000030b0  672e2e2e	
   95  000030b4  0a00    	
   96  000030b6          	.align 2
   97  000030b8          	LC5_LF0:
   98  000030b8  50726f64	.ascii "Producer %d inserted: %c\n\000"
   98  000030bc  75636572	
   98  000030c0  20256420	
   98  000030c4  696e7365	
   98  000030c8  72746564	
   98  000030cc  3a202563	
   98  000030d0  0a00    	
   99  000030d2          	.align 2
  100  000030d4          	LC6_LF0:
  101  000030d4  50726f64	.ascii "Producer ID : %d has completed its work and will die\n\000"
  101  000030d8  75636572	
  101  000030dc  20494420	
  101  000030e0  3a202564	
  101  000030e4  20686173	
  101  000030e8  20636f6d	
  101  000030ec  706c6574	
  101  000030f0  65642069	
  101  000030f4  74732077	
  101  000030f8  6f726b20	
  101  000030fc  616e6420	
  101  00003100  77696c6c	
  101  00003104  20646965	
  101  00003108  0a00    	
  102  0000310a          	.text
  103  000010d4          	.align 2
  104  000010d4          	.proc _main
  105  000010d4          	.global _main
  106  000010d4          	_main:
  107                      ;  Function 'main'; 16 bytes of locals, 0 regs to save.
  108  000010d4  afbefffc	sw	-4(r29),r30; push fp
  109  000010d8  001df020	add	r30,r0,r29; fp = sp
  110  000010dc  afbffff8	sw	-8(r29),r31; push ret addr
  111  000010e0  2fbd0018	subui	r29,r29,#24; alloc local storage
  112  000010e4  8fc20000	lw	r2,(r30)
  113  000010e8  8fc30004	lw	r3,4(r30)
  114  000010ec  0c001108	jal	___main
  115  000010f0  54000000	nop; not filled.
  116  000010f4  3c010000	lhi	r1,((LC0_LF0)>>16)&0xffff
  117  000010f8  24213000	addui	r1,r1,(LC0_LF0)&0xffff
  118  000010fc  80290000	lb	r9,(r1)
  119  00001100  a3c9ffe8	sb	-24(r30),r9
  120  00001104  80290001	lb	r9,1(r1)
  121  00001108  a3c9ffe9	sb	-23(r30),r9
  122  0000110c  80290002	lb	r9,2(r1)
  123  00001110  a3c9ffea	sb	-22(r30),r9
  124  00001114  80290003	lb	r9,3(r1)
  125  00001118  a3c9ffeb	sb	-21(r30),r9
  126  0000111c  80290004	lb	r9,4(r1)
  127  00001120  a3c9ffec	sb	-20(r30),r9
  128  00001124  80290005	lb	r9,5(r1)
  129  00001128  a3c9ffed	sb	-19(r30),r9
  130  0000112c  80290006	lb	r9,6(r1)
  131  00001130  a3c9ffee	sb	-18(r30),r9
  132  00001134  80290007	lb	r9,7(r1)
  133  00001138  a3c9ffef	sb	-17(r30),r9
  134  0000113c  80290008	lb	r9,8(r1)
  135  00001140  a3c9fff0	sb	-16(r30),r9
  136  00001144  80290009	lb	r9,9(r1)
  137  00001148  a3c9fff1	sb	-15(r30),r9
  138  0000114c  8029000a	lb	r9,10(r1)
  139  00001150  a3c9fff2	sb	-14(r30),r9
  140  00001154  8021000b	lb	r1,11(r1)
  141  00001158  a3c1fff3	sb	-13(r30),r1
  142  0000115c  64410004	snei	r1,r2,#4
  143  00001160  1020004c	beqz	r1,L14_LF0
  144  00001164  54000000	nop; not filled.
  145  00001168  23bdfff8	addi	r29,r29,#-8
  146  0000116c  3c090000	lhi	r9,((LC1_LF0)>>16)&0xffff
  147  00001170  2529300c	addui	r9,r9,(LC1_LF0)&0xffff
  148  00001174  afa90000	sw	(r29),r9
  149  00001178  0c000274	jal	_Printf
  150  0000117c  54000000	nop; not filled.
  151  00001180  8c690000	lw	r9,(r3)
  152  00001184  afa90000	sw	(r29),r9
  153  00001188  0c000264	jal	_Printf
  154  0000118c  54000000	nop; not filled.
  155  00001190  3c090000	lhi	r9,((LC2_LF0)>>16)&0xffff
  156  00001194  25293014	addui	r9,r9,(LC2_LF0)&0xffff
  157  00001198  afa90000	sw	(r29),r9
  158  0000119c  0c000250	jal	_Printf
  159  000011a0  54000000	nop; not filled.
  160  000011a4  0c0002fc	jal	_Exit
  161  000011a8  54000000	nop; not filled.
  162  000011ac  23bd0008	addi	r29,r29,#8
  163  000011b0          	L14_LF0:
  164  000011b0  23bdfff0	addi	r29,r29,#-16
  165  000011b4  8c690004	lw	r9,4(r3)
  166  000011b8  afa90000	sw	(r29),r9
  167  000011bc  20090000	addi	r9,r0,#0
  168  000011c0  afa90004	sw	4(r29),r9
  169  000011c4  2009000a	addi	r9,r0,#10
  170  000011c8  afa90008	sw	8(r29),r9
  171  000011cc  0c000b80	jal	_dstrtol
  172  000011d0  54000000	nop; not filled.
  173  000011d4  00011020	add	r2,r0,r1
  174  000011d8  8c690008	lw	r9,8(r3)
  175  000011dc  afa90000	sw	(r29),r9
  176  000011e0  20090000	addi	r9,r0,#0
  177  000011e4  afa90004	sw	4(r29),r9
  178  000011e8  2009000a	addi	r9,r0,#10
  179  000011ec  afa90008	sw	8(r29),r9
  180  000011f0  0c000b5c	jal	_dstrtol
  181  000011f4  54000000	nop; not filled.
  182  000011f8  00013020	add	r6,r0,r1
  183  000011fc  8c69000c	lw	r9,12(r3)
  184  00001200  afa90000	sw	(r29),r9
  185  00001204  20090000	addi	r9,r0,#0
  186  00001208  afa90004	sw	4(r29),r9
  187  0000120c  2009000a	addi	r9,r0,#10
  188  00001210  afa90008	sw	8(r29),r9
  189  00001214  0c000b38	jal	_dstrtol
  190  00001218  54000000	nop; not filled.
  191  0000121c  afa20000	sw	(r29),r2
  192  00001220  0c0001fc	jal	_shmat
  193  00001224  54000000	nop; not filled.
  194  00001228  00012820	add	r5,r0,r1
  195  0000122c  23bd0010	addi	r29,r29,#16
  196  00001230  64a10000	snei	r1,r5,#0
  197  00001234  14200058	bnez	r1,L15_LF0
  198  00001238  54000000	nop; not filled.
  199  0000123c  0c0001bc	jal	_getpid
  200  00001240  54000000	nop; not filled.
  201  00001244  23bdfff8	addi	r29,r29,#-8
  202  00001248  3c090000	lhi	r9,((LC3_LF0)>>16)&0xffff
  203  0000124c  2529306c	addui	r9,r9,(LC3_LF0)&0xffff
  204  00001250  afa90000	sw	(r29),r9
  205  00001254  afa10004	sw	4(r29),r1
  206  00001258  0c000194	jal	_Printf
  207  0000125c  54000000	nop; not filled.
  208  00001260  8c630000	lw	r3,(r3)
  209  00001264  afa30000	sw	(r29),r3
  210  00001268  0c000184	jal	_Printf
  211  0000126c  54000000	nop; not filled.
  212  00001270  3c090000	lhi	r9,((LC4_LF0)>>16)&0xffff
  213  00001274  252930a8	addui	r9,r9,(LC4_LF0)&0xffff
  214  00001278  afa90000	sw	(r29),r9
  215  0000127c  0c000170	jal	_Printf
  216  00001280  54000000	nop; not filled.
  217  00001284  0c00021c	jal	_Exit
  218  00001288  54000000	nop; not filled.
  219  0000128c  23bd0008	addi	r29,r29,#8
  220  00001290          	L15_LF0:
  221  00001290  20070005	addi	r7,r0,#5
  222  00001294  23c4ffe8	addi	r4,r30,#-24
  223  00001298  23c8fff2	addi	r8,r30,#-14
  224  0000129c          	L18_LF0:
  225  0000129c  23bdfff8	addi	r29,r29,#-8
  226  000012a0  afa60000	sw	(r29),r6
  227  000012a4  0c0001b4	jal	_lock_acquire
  228  000012a8  54000000	nop; not filled.
  229  000012ac  23bd0008	addi	r29,r29,#8
  230  000012b0  64210000	snei	r1,r1,#0
  231  000012b4  102000b4	beqz	r1,L16_LF0
  232  000012b8  54000000	nop; not filled.
  233  000012bc  8cbf000c	lw	r31,12(r5)
  234  000012c0  23e30001	addi	r3,r31,#1
  235  000012c4  00600035	movi2fp	f0,r3
  236  000012c8  00e00835	movi2fp	f1,r7
  237  000012cc  0401000f	div	f0,f0,f1
  238  000012d0  00001034	movfp2i	r2,f0
  239  000012d4  50410002	slli	r1,r2,#0x2
  240  000012d8  00220820	add	r1,r1,r2
  241  000012dc  00611022	sub	r2,r3,r1
  242  000012e0  8ca10008	lw	r1,8(r5)
  243  000012e4  00220829	sne	r1,r1,r2
  244  000012e8  1020006c	beqz	r1,L20_LF0
  245  000012ec  54000000	nop; not filled.
  246  000012f0  00bf0820	add	r1,r5,r31
  247  000012f4  80890000	lb	r9,(r4)
  248  000012f8  a0290000	sb	(r1),r9
  249  000012fc  0c0000fc	jal	_getpid
  250  00001300  54000000	nop; not filled.
  251  00001304  23bdfff0	addi	r29,r29,#-16
  252  00001308  3c090000	lhi	r9,((LC5_LF0)>>16)&0xffff
  253  0000130c  252930b8	addui	r9,r9,(LC5_LF0)&0xffff
  254  00001310  afa90000	sw	(r29),r9
  255  00001314  afa10004	sw	4(r29),r1
  256  00001318  90810000	lbu	r1,(r4)
  257  0000131c  afa10008	sw	8(r29),r1
  258  00001320  0c0000cc	jal	_Printf
  259  00001324  54000000	nop; not filled.
  260  00001328  8ca1000c	lw	r1,12(r5)
  261  0000132c  20230001	addi	r3,r1,#1
  262  00001330  00600035	movi2fp	f0,r3
  263  00001334  00e00835	movi2fp	f1,r7
  264  00001338  0401000f	div	f0,f0,f1
  265  0000133c  00001034	movfp2i	r2,f0
  266  00001340  50410002	slli	r1,r2,#0x2
  267  00001344  00220820	add	r1,r1,r2
  268  00001348  00610822	sub	r1,r3,r1
  269  0000134c  aca1000c	sw	12(r5),r1
  270  00001350  20840001	addi	r4,r4,#1
  271  00001354  23bd0010	addi	r29,r29,#16
  272  00001358          	L20_LF0:
  273  00001358  23bdfff8	addi	r29,r29,#-8
  274  0000135c  afa60000	sw	(r29),r6
  275  00001360  0c000104	jal	_lock_release
  276  00001364  54000000	nop; not filled.
  277  00001368  23bd0008	addi	r29,r29,#8
  278  0000136c          	L16_LF0:
  279  0000136c  0088082c	sle	r1,r4,r8
  280  00001370  1420ff28	bnez	r1,L18_LF0
  281  00001374  54000000	nop; not filled.
  282  00001378  0c000080	jal	_getpid
  283  0000137c  54000000	nop; not filled.
  284  00001380  23bdfff8	addi	r29,r29,#-8
  285  00001384  3c090000	lhi	r9,((LC6_LF0)>>16)&0xffff
  286  00001388  252930d4	addui	r9,r9,(LC6_LF0)&0xffff
  287  0000138c  afa90000	sw	(r29),r9
  288  00001390  afa10004	sw	4(r29),r1
  289  00001394  0c000058	jal	_Printf
  290  00001398  54000000	nop; not filled.
  291  0000139c  23bd0008	addi	r29,r29,#8
  292  000013a0  0c000e48	jal	_exit
  293  000013a4  54000000	nop
  294  000013a8          	.endproc _main
  295                      ;;;
  296                      ;;; Stub functions for DLX traps.
  297                      ;;;
  298                      ;;; Ethan L. Miller, 1999.  Released to the public domain.
  299                      ;;;
  300                      ;;; The traps such as Open and Close
  301                      ;;; (note the capital letters) are for use by user programs.  The traps
  302                      ;;; with names such as open and close (lower case) are for use by the OS.
  303                      ;;;
  306  000013a8          	.align 2
  308                      ;;; The following are the traps to be used by user-level programs
  309                      ;;;
  311  000013a8          	.align 2
  312  000013a8          	.proc _Open
  313  000013a8          	.global _Open
  314  000013a8          	_Open:
  315                      ;;; Note that trap #0x213 actually causes a trap vector in the OS of
  316                      ;;; 0x1213.  The same is true for other user traps.  Thus, a user trap
  317                      ;;; with trap #0x240 will result in a trap vector of 0x1240 in the OS.
  318  000013a8  44000213	trap	#0x213
  319  000013ac  4be00000	jr	r31
  320  000013b0  54000000	nop
  321  000013b4          	.endproc _Open
  323  000013b4          	.proc _Close
  324  000013b4          	.global _Close
  325  000013b4          	_Close:
  326  000013b4  44000214	trap	#0x214
  327  000013b8  4be00000	jr	r31
  328  000013bc  54000000	nop
  329  000013c0          	.endproc _Close
  331  000013c0          	.proc _Read
  332  000013c0          	.global _Read
  333  000013c0          	_Read:
  334  000013c0  44000210	trap	#0x210
  335  000013c4  4be00000	jr	r31
  336  000013c8  54000000	nop
  337  000013cc          	.endproc _Read
  339  000013cc          	.proc _Write
  340  000013cc          	.global _Write
  341  000013cc          	_Write:
  342  000013cc  44000211	trap	#0x211
  343  000013d0  4be00000	jr	r31
  344  000013d4  54000000	nop
  345  000013d8          	.endproc _Write
  347  000013d8          	.proc _Lseek
  348  000013d8          	.global _Lseek
  349  000013d8          	_Lseek:
  350  000013d8  44000212	trap	#0x212
  351  000013dc  4be00000	jr	r31
  352  000013e0  54000000	nop
  353  000013e4          	.endproc _Lseek
  355  000013e4          	.proc _Putchar
  356  000013e4          	.global _Putchar
  357  000013e4          	_Putchar:
  358  000013e4  44000280	trap	#0x280
  359  000013e8  4be00000	jr	r31
  360  000013ec  54000000	nop
  361  000013f0          	.endproc _Putchar
  363  000013f0          	.proc _Printf
  364  000013f0          	.global _Printf
  365  000013f0          	_Printf:
  366  000013f0  44000201	trap	#0x201
  367  000013f4  4be00000	jr	r31
  368  000013f8  54000000	nop
  369  000013fc          	.endproc _Printf
  371  000013fc          	.proc _getpid
  372  000013fc          	.global _getpid
  373  000013fc          	_getpid:
  374  000013fc  44000431	trap	#0x431
  375  00001400  4be00000	jr	r31
  376  00001404  54000000	nop
  377  00001408          	.endproc _getpid
  379  00001408          	.proc _process_create
  380  00001408          	.global _process_create
  381  00001408          	_process_create:
  382  00001408  44000432	trap	#0x432
  383  0000140c  4be00000	jr	r31
  384  00001410  54000000	nop
  385  00001414          	.endproc _process_create
  387  00001414          	.proc _shmget
  388  00001414          	.global _shmget
  389  00001414          	_shmget:
  390  00001414  44000440	trap	#0x440
  391  00001418  4be00000	jr	r31
  392  0000141c  54000000	nop
  393  00001420          	.endproc _shmget
  395  00001420          	.proc _shmat
  396  00001420          	.global _shmat
  397  00001420          	_shmat:
  398  00001420  44000441	trap	#0x441
  399  00001424  4be00000	jr	r31
  400  00001428  54000000	nop
  401  0000142c          	.endproc _shmat
  403  0000142c          	.proc _sem_create
  404  0000142c          	.global _sem_create
  405  0000142c          	_sem_create:
  406  0000142c  44000450	trap	#0x450
  407  00001430  4be00000	jr	r31
  408  00001434  54000000	nop
  409  00001438          	.endproc _sem_create
  411  00001438          	.proc _sem_wait
  412  00001438          	.global _sem_wait
  413  00001438          	_sem_wait:
  414  00001438  44000451	trap	#0x451
  415  0000143c  4be00000	jr	r31
  416  00001440  54000000	nop
  417  00001444          	.endproc _sem_wait
  419  00001444          	.proc _sem_signal
  420  00001444          	.global _sem_signal
  421  00001444          	_sem_signal:
  422  00001444  44000452	trap	#0x452
  423  00001448  4be00000	jr	r31
  424  0000144c  54000000	nop
  425  00001450          	.endproc _sem_signal
  427  00001450          	.proc _lock_create
  428  00001450          	.global _lock_create
  429  00001450          	_lock_create:
  430  00001450  44000453	trap	#0x453
  431  00001454  4be00000	jr	r31
  432  00001458  54000000	nop
  433  0000145c          	.endproc _lock_create
  435  0000145c          	.proc _lock_acquire
  436  0000145c          	.global _lock_acquire
  437  0000145c          	_lock_acquire:
  438  0000145c  44000454	trap	#0x454
  439  00001460  4be00000	jr	r31
  440  00001464  54000000	nop
  441  00001468          	.endproc _lock_acquire
  443  00001468          	.proc _lock_release
  444  00001468          	.global _lock_release
  445  00001468          	_lock_release:
  446  00001468  44000455	trap	#0x455
  447  0000146c  4be00000	jr	r31
  448  00001470  54000000	nop
  449  00001474          	.endproc _lock_release
  451  00001474          	.proc _cond_create
  452  00001474          	.global _cond_create
  453  00001474          	_cond_create:
  454  00001474  44000456	trap	#0x456
  455  00001478  4be00000	jr	r31
  456  0000147c  54000000	nop
  457  00001480          	.endproc _cond_create
  459  00001480          	.proc _cond_wait
  460  00001480          	.global _cond_wait
  461  00001480          	_cond_wait:
  462  00001480  44000457	trap	#0x457
  463  00001484  4be00000	jr	r31
  464  00001488  54000000	nop
  465  0000148c          	.endproc _cond_wait
  467  0000148c          	.proc _cond_signal
  468  0000148c          	.global _cond_signal
  469  0000148c          	_cond_signal:
  470  0000148c  44000458	trap	#0x458
  471  00001490  4be00000	jr	r31
  472  00001494  54000000	nop
  473  00001498          	.endproc _cond_signal
  475  00001498          	.proc _cond_broadcast
  476  00001498          	.global _cond_broadcast
  477  00001498          	_cond_broadcast:
  478  00001498  44000459	trap	#0x459
  479  0000149c  4be00000	jr	r31
  480  000014a0  54000000	nop
  481  000014a4          	.endproc _cond_broadcast
  483  000014a4          	.proc _Exit
  484  000014a4          	.global _Exit
  485  000014a4          	_Exit:
  486  000014a4  44000500	trap	#0x500
  487  000014a8  4be00000	jr	r31
  488  000014ac  54000000	nop
  489  000014b0          	.endproc _Exit
  490                      ; Compiled by GCC
  492  000014b0          	.align 2
  493  000014b0          	.proc _isspace
  494  000014b0          	.global _isspace
  495  000014b0          	_isspace:
  496                      ;  Function 'isspace'; 0 bytes of locals, 3 regs to save.
  497  000014b0  afbefffc	sw	-4(r29),r30; push fp
  498  000014b4  001df020	add	r30,r0,r29; fp = sp
  499  000014b8  afbffff8	sw	-8(r29),r31; push ret addr
  500  000014bc  2fbd0018	subui	r29,r29,#24; alloc local storage
  501  000014c0  afa20000	sw	0(r29),r2
  502  000014c4  afa30004	sw	4(r29),r3
  503  000014c8  afa40008	sw	8(r29),r4
  504  000014cc  83c20003	lb	r2,3(r30)
  505  000014d0  20010000	addi	r1,r0,#0
  506  000014d4  304300ff	andi	r3,r2,#0x00ff
  507  000014d8  60640020	seqi	r4,r3,#32
  508  000014dc  1480002c	bnez	r4,L3_LF2
  509  000014e0  54000000	nop; delay slot nop
  510  000014e4  304300ff	andi	r3,r2,#0x00ff
  511  000014e8  60640009	seqi	r4,r3,#9
  512  000014ec  1480001c	bnez	r4,L3_LF2
  513  000014f0  54000000	nop; delay slot nop
  514  000014f4  304300ff	andi	r3,r2,#0x00ff
  515  000014f8  6064000a	seqi	r4,r3,#10
  516  000014fc  1480000c	bnez	r4,L3_LF2
  517  00001500  54000000	nop; delay slot nop
  518  00001504  08000008	j	L2_LF2
  519  00001508  54000000	nop; delay slot nop
  520  0000150c          	L3_LF2:
  521  0000150c  20010001	addi	r1,r0,#1
  522  00001510          	L2_LF2:
  523  00001510  08000004	j	L1_LF2
  524  00001514  54000000	nop; delay slot nop
  525  00001518          	L1_LF2:
  526  00001518  8fa20000	lw	r2,0(r29)
  527  0000151c  8fa30004	lw	r3,4(r29)
  528  00001520  8fa40008	lw	r4,8(r29)
  529  00001524  8fdffff8	lw	r31,-8(r30)
  530  00001528  001ee820	add	r29,r0,r30
  531  0000152c  8fdefffc	lw	r30,-4(r30)
  532  00001530  4be00000	jr	r31
  533  00001534  54000000	nop
  534  00001538          	.endproc _isspace
  535  00001538          	.align 2
  536  00001538          	.proc _isxdigit
  537  00001538          	.global _isxdigit
  538  00001538          	_isxdigit:
  539                      ;  Function 'isxdigit'; 0 bytes of locals, 3 regs to save.
  540  00001538  afbefffc	sw	-4(r29),r30; push fp
  541  0000153c  001df020	add	r30,r0,r29; fp = sp
  542  00001540  afbffff8	sw	-8(r29),r31; push ret addr
  543  00001544  2fbd0018	subui	r29,r29,#24; alloc local storage
  544  00001548  afa20000	sw	0(r29),r2
  545  0000154c  afa30004	sw	4(r29),r3
  546  00001550  afa40008	sw	8(r29),r4
  547  00001554  83c20003	lb	r2,3(r30)
  548  00001558  20010000	addi	r1,r0,#0
  549  0000155c  304300ff	andi	r3,r2,#0x00ff
  550  00001560  6c64002f	sgtui	r4,r3,#47
  551  00001564  1080001c	beqz	r4,L7_LF2
  552  00001568  54000000	nop; delay slot nop
  553  0000156c  304300ff	andi	r3,r2,#0x00ff
  554  00001570  70640039	sleui	r4,r3,#57
  555  00001574  1480005c	bnez	r4,L6_LF2
  556  00001578  54000000	nop; delay slot nop
  557  0000157c  08000004	j	L7_LF2
  558  00001580  54000000	nop; delay slot nop
  559  00001584          	L7_LF2:
  560  00001584  304300ff	andi	r3,r2,#0x00ff
  561  00001588  6c640060	sgtui	r4,r3,#96
  562  0000158c  1080001c	beqz	r4,L8_LF2
  563  00001590  54000000	nop; delay slot nop
  564  00001594  304300ff	andi	r3,r2,#0x00ff
  565  00001598  70640066	sleui	r4,r3,#102
  566  0000159c  14800034	bnez	r4,L6_LF2
  567  000015a0  54000000	nop; delay slot nop
  568  000015a4  08000004	j	L8_LF2
  569  000015a8  54000000	nop; delay slot nop
  570  000015ac          	L8_LF2:
  571  000015ac  304300ff	andi	r3,r2,#0x00ff
  572  000015b0  6c640040	sgtui	r4,r3,#64
  573  000015b4  10800020	beqz	r4,L5_LF2
  574  000015b8  54000000	nop; delay slot nop
  575  000015bc  304300ff	andi	r3,r2,#0x00ff
  576  000015c0  70640041	sleui	r4,r3,#65
  577  000015c4  1480000c	bnez	r4,L6_LF2
  578  000015c8  54000000	nop; delay slot nop
  579  000015cc  08000008	j	L5_LF2
  580  000015d0  54000000	nop; delay slot nop
  581  000015d4          	L6_LF2:
  582  000015d4  20010001	addi	r1,r0,#1
  583  000015d8          	L5_LF2:
  584  000015d8  08000004	j	L4_LF2
  585  000015dc  54000000	nop; delay slot nop
  586  000015e0          	L4_LF2:
  587  000015e0  8fa20000	lw	r2,0(r29)
  588  000015e4  8fa30004	lw	r3,4(r29)
  589  000015e8  8fa40008	lw	r4,8(r29)
  590  000015ec  8fdffff8	lw	r31,-8(r30)
  591  000015f0  001ee820	add	r29,r0,r30
  592  000015f4  8fdefffc	lw	r30,-4(r30)
  593  000015f8  4be00000	jr	r31
  594  000015fc  54000000	nop
  595  00001600          	.endproc _isxdigit
  596  00001600          	.align 2
  597  00001600          	.proc _dstrcpy
  598  00001600          	.global _dstrcpy
  599  00001600          	_dstrcpy:
  600                      ;  Function 'dstrcpy'; 8 bytes of locals, 2 regs to save.
  601  00001600  afbefffc	sw	-4(r29),r30; push fp
  602  00001604  001df020	add	r30,r0,r29; fp = sp
  603  00001608  afbffff8	sw	-8(r29),r31; push ret addr
  604  0000160c  2fbd0018	subui	r29,r29,#24; alloc local storage
  605  00001610  afa20000	sw	0(r29),r2
  606  00001614  afa30004	sw	4(r29),r3
  607  00001618  8fc10000	lw	r1,(r30)
  608  0000161c  afc1fff4	sw	-12(r30),r1
  609  00001620          	L10_LF2:
  610  00001620  8fc10000	lw	r1,(r30)
  611  00001624  20220001	addi	r2,r1,#1
  612  00001628  afc20000	sw	(r30),r2
  613  0000162c  8fc20004	lw	r2,4(r30)
  614  00001630  20430001	addi	r3,r2,#1
  615  00001634  afc30004	sw	4(r30),r3
  616  00001638  80420000	lb	r2,(r2)
  617  0000163c  a0220000	sb	(r1),r2
  618  00001640  a3c2fff3	sb	-13(r30),r2
  619  00001644          	L12_LF2:
  620  00001644  93c1fff3	lbu	r1,-13(r30)
  621  00001648  64220000	snei	r2,r1,#0
  622  0000164c  1440000c	bnez	r2,L13_LF2
  623  00001650  54000000	nop; delay slot nop
  624  00001654  0800000c	j	L11_LF2
  625  00001658  54000000	nop; delay slot nop
  626  0000165c          	L13_LF2:
  627  0000165c  0bffffc0	j	L10_LF2
  628  00001660  54000000	nop; delay slot nop
  629  00001664          	L11_LF2:
  630  00001664  8fc1fff4	lw	r1,-12(r30)
  631  00001668  08000004	j	L9_LF2
  632  0000166c  54000000	nop; delay slot nop
  633  00001670          	L9_LF2:
  634  00001670  8fa20000	lw	r2,0(r29)
  635  00001674  8fa30004	lw	r3,4(r29)
  636  00001678  8fdffff8	lw	r31,-8(r30)
  637  0000167c  001ee820	add	r29,r0,r30
  638  00001680  8fdefffc	lw	r30,-4(r30)
  639  00001684  4be00000	jr	r31
  640  00001688  54000000	nop
  641  0000168c          	.endproc _dstrcpy
  642  0000168c          	.align 2
  643  0000168c          	.proc _dstrncpy
  644  0000168c          	.global _dstrncpy
  645  0000168c          	_dstrncpy:
  646                      ;  Function 'dstrncpy'; 8 bytes of locals, 2 regs to save.
  647  0000168c  afbefffc	sw	-4(r29),r30; push fp
  648  00001690  001df020	add	r30,r0,r29; fp = sp
  649  00001694  afbffff8	sw	-8(r29),r31; push ret addr
  650  00001698  2fbd0018	subui	r29,r29,#24; alloc local storage
  651  0000169c  afa20000	sw	0(r29),r2
  652  000016a0  afa30004	sw	4(r29),r3
  653  000016a4  8fc10000	lw	r1,(r30)
  654  000016a8  afc1fff4	sw	-12(r30),r1
  655  000016ac          	L15_LF2:
  656  000016ac  8fc10008	lw	r1,8(r30)
  657  000016b0  2022ffff	addi	r2,r1,#-1
  658  000016b4  afc20008	sw	8(r30),r2
  659  000016b8  70210000	slei	r1,r1,#0
  660  000016bc  1020000c	beqz	r1,L18_LF2
  661  000016c0  54000000	nop; delay slot nop
  662  000016c4  08000048	j	L16_LF2
  663  000016c8  54000000	nop; delay slot nop
  664  000016cc          	L18_LF2:
  665  000016cc  8fc10000	lw	r1,(r30)
  666  000016d0  20220001	addi	r2,r1,#1
  667  000016d4  afc20000	sw	(r30),r2
  668  000016d8  8fc20004	lw	r2,4(r30)
  669  000016dc  20430001	addi	r3,r2,#1
  670  000016e0  afc30004	sw	4(r30),r3
  671  000016e4  80420000	lb	r2,(r2)
  672  000016e8  a0220000	sb	(r1),r2
  673  000016ec  a3c2fff3	sb	-13(r30),r2
  674  000016f0          	L17_LF2:
  675  000016f0  93c1fff3	lbu	r1,-13(r30)
  676  000016f4  64220000	snei	r2,r1,#0
  677  000016f8  1440000c	bnez	r2,L19_LF2
  678  000016fc  54000000	nop; delay slot nop
  679  00001700  0800000c	j	L16_LF2
  680  00001704  54000000	nop; delay slot nop
  681  00001708          	L19_LF2:
  682  00001708  0bffffa0	j	L15_LF2
  683  0000170c  54000000	nop; delay slot nop
  684  00001710          	L16_LF2:
  685  00001710  8fc1fff4	lw	r1,-12(r30)
  686  00001714  08000004	j	L14_LF2
  687  00001718  54000000	nop; delay slot nop
  688  0000171c          	L14_LF2:
  689  0000171c  8fa20000	lw	r2,0(r29)
  690  00001720  8fa30004	lw	r3,4(r29)
  691  00001724  8fdffff8	lw	r31,-8(r30)
  692  00001728  001ee820	add	r29,r0,r30
  693  0000172c  8fdefffc	lw	r30,-4(r30)
  694  00001730  4be00000	jr	r31
  695  00001734  54000000	nop
  696  00001738          	.endproc _dstrncpy
  697  00001738          	.align 2
  698  00001738          	.proc _dstrcat
  699  00001738          	.global _dstrcat
  700  00001738          	_dstrcat:
  701                      ;  Function 'dstrcat'; 8 bytes of locals, 1 regs to save.
  702  00001738  afbefffc	sw	-4(r29),r30; push fp
  703  0000173c  001df020	add	r30,r0,r29; fp = sp
  704  00001740  afbffff8	sw	-8(r29),r31; push ret addr
  705  00001744  2fbd0018	subui	r29,r29,#24; alloc local storage
  706  00001748  afa20000	sw	0(r29),r2
  707  0000174c  8fc10000	lw	r1,(r30)
  708  00001750  afc1fff4	sw	-12(r30),r1
  709  00001754          	L21_LF2:
  710  00001754  8fc10000	lw	r1,(r30)
  711  00001758  90220000	lbu	r2,(r1)
  712  0000175c  64410000	snei	r1,r2,#0
  713  00001760  1420000c	bnez	r1,L23_LF2
  714  00001764  54000000	nop; delay slot nop
  715  00001768  0800001c	j	L22_LF2
  716  0000176c  54000000	nop; delay slot nop
  717  00001770          	L23_LF2:
  718  00001770  8fc20000	lw	r2,(r30)
  719  00001774  20410001	addi	r1,r2,#1
  720  00001778  00011020	add	r2,r0,r1
  721  0000177c  afc20000	sw	(r30),r2
  722  00001780  0bffffd0	j	L21_LF2
  723  00001784  54000000	nop; delay slot nop
  724  00001788          	L22_LF2:
  725  00001788  23bdfff8	addi	r29,r29,#-8
  726  0000178c  001d0820	add	r1,r0,r29
  727  00001790  8fc20000	lw	r2,(r30)
  728  00001794  ac220000	sw	(r1),r2
  729  00001798  8fc20004	lw	r2,4(r30)
  730  0000179c  ac220004	sw	4(r1),r2
  731  000017a0  0ffffe5c	jal	_dstrcpy
  732  000017a4  54000000	nop; delay slot nop
  733  000017a8  23bd0008	addi	r29,r29,#8
  734  000017ac  8fc1fff4	lw	r1,-12(r30)
  735  000017b0  08000004	j	L20_LF2
  736  000017b4  54000000	nop; delay slot nop
  737  000017b8          	L20_LF2:
  738  000017b8  8fa20000	lw	r2,0(r29)
  739  000017bc  8fdffff8	lw	r31,-8(r30)
  740  000017c0  001ee820	add	r29,r0,r30
  741  000017c4  8fdefffc	lw	r30,-4(r30)
  742  000017c8  4be00000	jr	r31
  743  000017cc  54000000	nop
  744  000017d0          	.endproc _dstrcat
  745  000017d0          	.align 2
  746  000017d0          	.proc _dstrncmp
  747  000017d0          	.global _dstrncmp
  748  000017d0          	_dstrncmp:
  749                      ;  Function 'dstrncmp'; 8 bytes of locals, 2 regs to save.
  750  000017d0  afbefffc	sw	-4(r29),r30; push fp
  751  000017d4  001df020	add	r30,r0,r29; fp = sp
  752  000017d8  afbffff8	sw	-8(r29),r31; push ret addr
  753  000017dc  2fbd0018	subui	r29,r29,#24; alloc local storage
  754  000017e0  afa20000	sw	0(r29),r2
  755  000017e4  afa30004	sw	4(r29),r3
  756  000017e8  54000000	nop
  757  000017ec  20010000	addi	r1,r0,#0
  758  000017f0  afc1fff4	sw	-12(r30),r1
  759  000017f4          	L25_LF2:
  760  000017f4  8fc1fff4	lw	r1,-12(r30)
  761  000017f8  8fc20008	lw	r2,8(r30)
  762  000017fc  0022082a	slt	r1,r1,r2
  763  00001800  1420000c	bnez	r1,L28_LF2
  764  00001804  54000000	nop; delay slot nop
  765  00001808  08000088	j	L26_LF2
  766  0000180c  54000000	nop; delay slot nop
  767  00001810          	L28_LF2:
  768  00001810  8fc10004	lw	r1,4(r30)
  769  00001814  90220000	lbu	r2,(r1)
  770  00001818  64410000	snei	r1,r2,#0
  771  0000181c  14200018	bnez	r1,L29_LF2
  772  00001820  54000000	nop; delay slot nop
  773  00001824  20010000	addi	r1,r0,#0
  774  00001828  080000d8	j	L24_LF2
  775  0000182c  54000000	nop; delay slot nop
  776  00001830  08000028	j	L30_LF2
  777  00001834  54000000	nop; delay slot nop
  778  00001838          	L29_LF2:
  779  00001838  8fc10000	lw	r1,(r30)
  780  0000183c  8fc20004	lw	r2,4(r30)
  781  00001840  90210000	lbu	r1,(r1)
  782  00001844  90420000	lbu	r2,(r2)
  783  00001848  00220829	sne	r1,r1,r2
  784  0000184c  1020000c	beqz	r1,L30_LF2
  785  00001850  54000000	nop; delay slot nop
  786  00001854  0800003c	j	L26_LF2
  787  00001858  54000000	nop; delay slot nop
  788  0000185c          	L31_LF2:
  789  0000185c          	L30_LF2:
  790  0000185c  8fc20000	lw	r2,(r30)
  791  00001860  20410001	addi	r1,r2,#1
  792  00001864  00011020	add	r2,r0,r1
  793  00001868  afc20000	sw	(r30),r2
  794  0000186c  8fc20004	lw	r2,4(r30)
  795  00001870  20410001	addi	r1,r2,#1
  796  00001874  00011020	add	r2,r0,r1
  797  00001878  afc20004	sw	4(r30),r2
  798  0000187c          	L27_LF2:
  799  0000187c  8fc2fff4	lw	r2,-12(r30)
  800  00001880  20410001	addi	r1,r2,#1
  801  00001884  00011020	add	r2,r0,r1
  802  00001888  afc2fff4	sw	-12(r30),r2
  803  0000188c  0bffff64	j	L25_LF2
  804  00001890  54000000	nop; delay slot nop
  805  00001894          	L26_LF2:
  806  00001894  8fc1fff4	lw	r1,-12(r30)
  807  00001898  8fc20008	lw	r2,8(r30)
  808  0000189c  00220828	seq	r1,r1,r2
  809  000018a0  10200018	beqz	r1,L32_LF2
  810  000018a4  54000000	nop; delay slot nop
  811  000018a8  20010000	addi	r1,r0,#0
  812  000018ac  08000054	j	L24_LF2
  813  000018b0  54000000	nop; delay slot nop
  814  000018b4  0800004c	j	L33_LF2
  815  000018b8  54000000	nop; delay slot nop
  816  000018bc          	L32_LF2:
  817  000018bc  8fc20000	lw	r2,(r30)
  818  000018c0  90410000	lbu	r1,(r2)
  819  000018c4  8fc20004	lw	r2,4(r30)
  820  000018c8  90430000	lbu	r3,(r2)
  821  000018cc  00230822	sub	r1,r1,r3
  822  000018d0  74220000	sgei	r2,r1,#0
  823  000018d4  10400020	beqz	r2,L34_LF2
  824  000018d8  54000000	nop; delay slot nop
  825  000018dc  8fc10000	lw	r1,(r30)
  826  000018e0  8fc20004	lw	r2,4(r30)
  827  000018e4  90210000	lbu	r1,(r1)
  828  000018e8  90420000	lbu	r2,(r2)
  829  000018ec  00220829	sne	r1,r1,r2
  830  000018f0  08000008	j	L35_LF2
  831  000018f4  54000000	nop; delay slot nop
  832  000018f8          	L34_LF2:
  833  000018f8  2001ffff	addi	r1,r0,#-1
  834  000018fc          	L35_LF2:
  835  000018fc  08000004	j	L24_LF2
  836  00001900  54000000	nop; delay slot nop
  837  00001904          	L33_LF2:
  838  00001904          	L24_LF2:
  839  00001904  8fa20000	lw	r2,0(r29)
  840  00001908  8fa30004	lw	r3,4(r29)
  841  0000190c  8fdffff8	lw	r31,-8(r30)
  842  00001910  001ee820	add	r29,r0,r30
  843  00001914  8fdefffc	lw	r30,-4(r30)
  844  00001918  4be00000	jr	r31
  845  0000191c  54000000	nop
  846  00001920          	.endproc _dstrncmp
  847  00001920          	.align 2
  848  00001920          	.proc _dstrlen
  849  00001920          	.global _dstrlen
  850  00001920          	_dstrlen:
  851                      ;  Function 'dstrlen'; 8 bytes of locals, 1 regs to save.
  852  00001920  afbefffc	sw	-4(r29),r30; push fp
  853  00001924  001df020	add	r30,r0,r29; fp = sp
  854  00001928  afbffff8	sw	-8(r29),r31; push ret addr
  855  0000192c  2fbd0018	subui	r29,r29,#24; alloc local storage
  856  00001930  afa20000	sw	0(r29),r2
  857  00001934  20010000	addi	r1,r0,#0
  858  00001938  afc1fff4	sw	-12(r30),r1
  859  0000193c          	L37_LF2:
  860  0000193c  8fc10000	lw	r1,(r30)
  861  00001940  20220001	addi	r2,r1,#1
  862  00001944  afc20000	sw	(r30),r2
  863  00001948  90210000	lbu	r1,(r1)
  864  0000194c  64220000	snei	r2,r1,#0
  865  00001950  1440000c	bnez	r2,L39_LF2
  866  00001954  54000000	nop; delay slot nop
  867  00001958  0800001c	j	L38_LF2
  868  0000195c  54000000	nop; delay slot nop
  869  00001960          	L39_LF2:
  870  00001960  8fc2fff4	lw	r2,-12(r30)
  871  00001964  20410001	addi	r1,r2,#1
  872  00001968  00011020	add	r2,r0,r1
  873  0000196c  afc2fff4	sw	-12(r30),r2
  874  00001970  0bffffc8	j	L37_LF2
  875  00001974  54000000	nop; delay slot nop
  876  00001978          	L38_LF2:
  877  00001978  8fc1fff4	lw	r1,-12(r30)
  878  0000197c  08000004	j	L36_LF2
  879  00001980  54000000	nop; delay slot nop
  880  00001984          	L36_LF2:
  881  00001984  8fa20000	lw	r2,0(r29)
  882  00001988  8fdffff8	lw	r31,-8(r30)
  883  0000198c  001ee820	add	r29,r0,r30
  884  00001990  8fdefffc	lw	r30,-4(r30)
  885  00001994  4be00000	jr	r31
  886  00001998  54000000	nop
  887  0000199c          	.endproc _dstrlen
  888  0000199c          	.align 2
  889  0000199c          	.proc _dstrstr
  890  0000199c          	.global _dstrstr
  891  0000199c          	_dstrstr:
  892                      ;  Function 'dstrstr'; 8 bytes of locals, 1 regs to save.
  893  0000199c  afbefffc	sw	-4(r29),r30; push fp
  894  000019a0  001df020	add	r30,r0,r29; fp = sp
  895  000019a4  afbffff8	sw	-8(r29),r31; push ret addr
  896  000019a8  2fbd0018	subui	r29,r29,#24; alloc local storage
  897  000019ac  afa20000	sw	0(r29),r2
  898  000019b0  23bdfff8	addi	r29,r29,#-8
  899  000019b4  001d0820	add	r1,r0,r29
  900  000019b8  8fc20004	lw	r2,4(r30)
  901  000019bc  ac220000	sw	(r1),r2
  902  000019c0  0fffff5c	jal	_dstrlen
  903  000019c4  54000000	nop; delay slot nop
  904  000019c8  23bd0008	addi	r29,r29,#8
  905  000019cc  afc1fff4	sw	-12(r30),r1
  906  000019d0          	L41_LF2:
  907  000019d0  8fc10000	lw	r1,(r30)
  908  000019d4  90220000	lbu	r2,(r1)
  909  000019d8  64410000	snei	r1,r2,#0
  910  000019dc  1420000c	bnez	r1,L43_LF2
  911  000019e0  54000000	nop; delay slot nop
  912  000019e4  08000060	j	L42_LF2
  913  000019e8  54000000	nop; delay slot nop
  914  000019ec          	L43_LF2:
  915  000019ec  23bdfff0	addi	r29,r29,#-16
  916  000019f0  001d0820	add	r1,r0,r29
  917  000019f4  8fc20000	lw	r2,(r30)
  918  000019f8  ac220000	sw	(r1),r2
  919  000019fc  8fc20004	lw	r2,4(r30)
  920  00001a00  ac220004	sw	4(r1),r2
  921  00001a04  8fc2fff4	lw	r2,-12(r30)
  922  00001a08  ac220008	sw	8(r1),r2
  923  00001a0c  0ffffdc0	jal	_dstrncmp
  924  00001a10  54000000	nop; delay slot nop
  925  00001a14  23bd0010	addi	r29,r29,#16
  926  00001a18  64220000	snei	r2,r1,#0
  927  00001a1c  14400010	bnez	r2,L44_LF2
  928  00001a20  54000000	nop; delay slot nop
  929  00001a24  8fc10000	lw	r1,(r30)
  930  00001a28  08000028	j	L40_LF2
  931  00001a2c  54000000	nop; delay slot nop
  932  00001a30          	L44_LF2:
  933  00001a30  8fc20000	lw	r2,(r30)
  934  00001a34  20410001	addi	r1,r2,#1
  935  00001a38  00011020	add	r2,r0,r1
  936  00001a3c  afc20000	sw	(r30),r2
  937  00001a40  0bffff8c	j	L41_LF2
  938  00001a44  54000000	nop; delay slot nop
  939  00001a48          	L42_LF2:
  940  00001a48  20010000	addi	r1,r0,#0
  941  00001a4c  08000004	j	L40_LF2
  942  00001a50  54000000	nop; delay slot nop
  943  00001a54          	L40_LF2:
  944  00001a54  8fa20000	lw	r2,0(r29)
  945  00001a58  8fdffff8	lw	r31,-8(r30)
  946  00001a5c  001ee820	add	r29,r0,r30
  947  00001a60  8fdefffc	lw	r30,-4(r30)
  948  00001a64  4be00000	jr	r31
  949  00001a68  54000000	nop
  950  00001a6c          	.endproc _dstrstr
  951  00001a6c          	.align 2
  952  00001a6c          	.proc _dmindex
  953  00001a6c          	.global _dmindex
  954  00001a6c          	_dmindex:
  955                      ;  Function 'dmindex'; 8 bytes of locals, 1 regs to save.
  956  00001a6c  afbefffc	sw	-4(r29),r30; push fp
  957  00001a70  001df020	add	r30,r0,r29; fp = sp
  958  00001a74  afbffff8	sw	-8(r29),r31; push ret addr
  959  00001a78  2fbd0018	subui	r29,r29,#24; alloc local storage
  960  00001a7c  afa20000	sw	0(r29),r2
  961  00001a80  54000000	nop
  962  00001a84          	L46_LF2:
  963  00001a84  8fc10000	lw	r1,(r30)
  964  00001a88  90220000	lbu	r2,(r1)
  965  00001a8c  64410000	snei	r1,r2,#0
  966  00001a90  1420000c	bnez	r1,L48_LF2
  967  00001a94  54000000	nop; delay slot nop
  968  00001a98  08000070	j	L47_LF2
  969  00001a9c  54000000	nop; delay slot nop
  970  00001aa0          	L48_LF2:
  971  00001aa0  8fc10004	lw	r1,4(r30)
  972  00001aa4  afc1fff4	sw	-12(r30),r1
  973  00001aa8          	L49_LF2:
  974  00001aa8  8fc1fff4	lw	r1,-12(r30)
  975  00001aac  90220000	lbu	r2,(r1)
  976  00001ab0  64410000	snei	r1,r2,#0
  977  00001ab4  1420000c	bnez	r1,L52_LF2
  978  00001ab8  54000000	nop; delay slot nop
  979  00001abc  08000044	j	L50_LF2
  980  00001ac0  54000000	nop; delay slot nop
  981  00001ac4          	L52_LF2:
  982  00001ac4  8fc10000	lw	r1,(r30)
  983  00001ac8  8fc2fff4	lw	r2,-12(r30)
  984  00001acc  90210000	lbu	r1,(r1)
  985  00001ad0  90420000	lbu	r2,(r2)
  986  00001ad4  00220828	seq	r1,r1,r2
  987  00001ad8  10200010	beqz	r1,L51_LF2
  988  00001adc  54000000	nop; delay slot nop
  989  00001ae0  8fc10000	lw	r1,(r30)
  990  00001ae4  08000030	j	L45_LF2
  991  00001ae8  54000000	nop; delay slot nop
  992  00001aec          	L53_LF2:
  993  00001aec          	L51_LF2:
  994  00001aec  8fc2fff4	lw	r2,-12(r30)
  995  00001af0  20410001	addi	r1,r2,#1
  996  00001af4  00011020	add	r2,r0,r1
  997  00001af8  afc2fff4	sw	-12(r30),r2
  998  00001afc  0bffffa8	j	L49_LF2
  999  00001b00  54000000	nop; delay slot nop
 1000  00001b04          	L50_LF2:
 1001  00001b04  0bffff7c	j	L46_LF2
 1002  00001b08  54000000	nop; delay slot nop
 1003  00001b0c          	L47_LF2:
 1004  00001b0c  20010000	addi	r1,r0,#0
 1005  00001b10  08000004	j	L45_LF2
 1006  00001b14  54000000	nop; delay slot nop
 1007  00001b18          	L45_LF2:
 1008  00001b18  8fa20000	lw	r2,0(r29)
 1009  00001b1c  8fdffff8	lw	r31,-8(r30)
 1010  00001b20  001ee820	add	r29,r0,r30
 1011  00001b24  8fdefffc	lw	r30,-4(r30)
 1012  00001b28  4be00000	jr	r31
 1013  00001b2c  54000000	nop
 1014  00001b30          	.endproc _dmindex
 1015  00001b30          	.align 2
 1016  00001b30          	.proc _dindex
 1017  00001b30          	.global _dindex
 1018  00001b30          	_dindex:
 1019                      ;  Function 'dindex'; 0 bytes of locals, 1 regs to save.
 1020  00001b30  afbefffc	sw	-4(r29),r30; push fp
 1021  00001b34  001df020	add	r30,r0,r29; fp = sp
 1022  00001b38  afbffff8	sw	-8(r29),r31; push ret addr
 1023  00001b3c  2fbd0010	subui	r29,r29,#16; alloc local storage
 1024  00001b40  afa20000	sw	0(r29),r2
 1025  00001b44  54000000	nop
 1026  00001b48          	L55_LF2:
 1027  00001b48  8fc10000	lw	r1,(r30)
 1028  00001b4c  90220000	lbu	r2,(r1)
 1029  00001b50  64410000	snei	r1,r2,#0
 1030  00001b54  1420000c	bnez	r1,L57_LF2
 1031  00001b58  54000000	nop; delay slot nop
 1032  00001b5c  08000040	j	L56_LF2
 1033  00001b60  54000000	nop; delay slot nop
 1034  00001b64          	L57_LF2:
 1035  00001b64  8fc10000	lw	r1,(r30)
 1036  00001b68  90220000	lbu	r2,(r1)
 1037  00001b6c  8fc10004	lw	r1,4(r30)
 1038  00001b70  00411028	seq	r2,r2,r1
 1039  00001b74  10400010	beqz	r2,L58_LF2
 1040  00001b78  54000000	nop; delay slot nop
 1041  00001b7c  8fc10000	lw	r1,(r30)
 1042  00001b80  08000028	j	L54_LF2
 1043  00001b84  54000000	nop; delay slot nop
 1044  00001b88          	L58_LF2:
 1045  00001b88  8fc20000	lw	r2,(r30)
 1046  00001b8c  20410001	addi	r1,r2,#1
 1047  00001b90  00011020	add	r2,r0,r1
 1048  00001b94  afc20000	sw	(r30),r2
 1049  00001b98  0bffffac	j	L55_LF2
 1050  00001b9c  54000000	nop; delay slot nop
 1051  00001ba0          	L56_LF2:
 1052  00001ba0  20010000	addi	r1,r0,#0
 1053  00001ba4  08000004	j	L54_LF2
 1054  00001ba8  54000000	nop; delay slot nop
 1055  00001bac          	L54_LF2:
 1056  00001bac  8fa20000	lw	r2,0(r29)
 1057  00001bb0  8fdffff8	lw	r31,-8(r30)
 1058  00001bb4  001ee820	add	r29,r0,r30
 1059  00001bb8  8fdefffc	lw	r30,-4(r30)
 1060  00001bbc  4be00000	jr	r31
 1061  00001bc0  54000000	nop
 1062  00001bc4          	.endproc _dindex
 1063  00001bc4          	.align 2
 1064  00001bc4          	.proc _ditoa
 1065  00001bc4          	.global _ditoa
 1066  00001bc4          	_ditoa:
 1067                      ;  Function 'ditoa'; 8 bytes of locals, 2 regs to save.
 1068  00001bc4  afbefffc	sw	-4(r29),r30; push fp
 1069  00001bc8  001df020	add	r30,r0,r29; fp = sp
 1070  00001bcc  afbffff8	sw	-8(r29),r31; push ret addr
 1071  00001bd0  2fbd0018	subui	r29,r29,#24; alloc local storage
 1072  00001bd4  afa20000	sw	0(r29),r2
 1073  00001bd8  afa30004	sw	4(r29),r3
 1074  00001bdc  8fc10000	lw	r1,(r30)
 1075  00001be0  68220000	slti	r2,r1,#0
 1076  00001be4  1040002c	beqz	r2,L60_LF2
 1077  00001be8  54000000	nop; delay slot nop
 1078  00001bec  8fc10004	lw	r1,4(r30)
 1079  00001bf0  20220001	addi	r2,r1,#1
 1080  00001bf4  afc20004	sw	4(r30),r2
 1081  00001bf8  2002002d	addi	r2,r0,(#0x2d)&0xff
 1082  00001bfc  a0220000	sb	(r1),r2
 1083  00001c00  8fc10000	lw	r1,(r30)
 1084  00001c04  00011022	sub	r2,r0,r1
 1085  00001c08  afc20000	sw	(r30),r2
 1086  00001c0c  08000118	j	L61_LF2
 1087  00001c10  54000000	nop; delay slot nop
 1088  00001c14          	L60_LF2:
 1089  00001c14  8fc10000	lw	r1,(r30)
 1090  00001c18  64220000	snei	r2,r1,#0
 1091  00001c1c  14400020	bnez	r2,L62_LF2
 1092  00001c20  54000000	nop; delay slot nop
 1093  00001c24  8fc10004	lw	r1,4(r30)
 1094  00001c28  20220001	addi	r2,r1,#1
 1095  00001c2c  afc20004	sw	4(r30),r2
 1096  00001c30  20020030	addi	r2,r0,(#0x30)&0xff
 1097  00001c34  a0220000	sb	(r1),r2
 1098  00001c38  080000ec	j	L61_LF2
 1099  00001c3c  54000000	nop; delay slot nop
 1100  00001c40          	L62_LF2:
 1101  00001c40  20010001	addi	r1,r0,#1
 1102  00001c44  afc1fff4	sw	-12(r30),r1
 1103  00001c48          	L64_LF2:
 1104  00001c48  8fc1fff4	lw	r1,-12(r30)
 1105  00001c4c  8fc20000	lw	r2,(r30)
 1106  00001c50  0022082c	sle	r1,r1,r2
 1107  00001c54  1420000c	bnez	r1,L66_LF2
 1108  00001c58  54000000	nop; delay slot nop
 1109  00001c5c  08000024	j	L65_LF2
 1110  00001c60  54000000	nop; delay slot nop
 1111  00001c64          	L67_LF2:
 1112  00001c64          	L66_LF2:
 1113  00001c64  8fc1fff4	lw	r1,-12(r30)
 1114  00001c68  00011820	add	r3,r0,r1
 1115  00001c6c  50620002	slli	r2,r3,#0x2
 1116  00001c70  00411020	add	r2,r2,r1
 1117  00001c74  50410001	slli	r1,r2,#0x1
 1118  00001c78  afc1fff4	sw	-12(r30),r1
 1119  00001c7c  0bffffc8	j	L64_LF2
 1120  00001c80  54000000	nop; delay slot nop
 1121  00001c84          	L65_LF2:
 1122  00001c84  54000000	nop
 1123  00001c88          	L68_LF2:
 1124  00001c88  8fc1fff4	lw	r1,-12(r30)
 1125  00001c8c  2002000a	addi	r2,r0,#10
 1126  00001c90  00200035	movi2fp	f0,r1
 1127  00001c94  00400835	movi2fp	f1,r2
 1128  00001c98  0401000f	div	f0,f0,f1
 1129  00001c9c  00000834	movfp2i	r1,f0
 1130  00001ca0  afc1fff4	sw	-12(r30),r1
 1131  00001ca4  8fc10004	lw	r1,4(r30)
 1132  00001ca8  20220001	addi	r2,r1,#1
 1133  00001cac  afc20004	sw	4(r30),r2
 1134  00001cb0  8fc20000	lw	r2,(r30)
 1135  00001cb4  8fc3fff4	lw	r3,-12(r30)
 1136  00001cb8  00400035	movi2fp	f0,r2
 1137  00001cbc  00600835	movi2fp	f1,r3
 1138  00001cc0  0401000f	div	f0,f0,f1
 1139  00001cc4  00001034	movfp2i	r2,f0
 1140  00001cc8  00021820	add	r3,r0,r2
 1141  00001ccc  20620030	addi	r2,r3,#48
 1142  00001cd0  a0220000	sb	(r1),r2
 1143  00001cd4  8fc10000	lw	r1,(r30)
 1144  00001cd8  8fc3fff4	lw	r3,-12(r30)
 1145  00001cdc  00200035	movi2fp	f0,r1
 1146  00001ce0  00600835	movi2fp	f1,r3
 1147  00001ce4  0401000f	div	f0,f0,f1
 1148  00001ce8  00001034	movfp2i	r2,f0
 1149  00001cec  8fc3fff4	lw	r3,-12(r30)
 1150  00001cf0  00400035	movi2fp	f0,r2
 1151  00001cf4  00600835	movi2fp	f1,r3
 1152  00001cf8  0401000e	mult	f0,f0,f1
 1153  00001cfc  00001034	movfp2i	r2,f0
 1154  00001d00  00220822	sub	r1,r1,r2
 1155  00001d04  afc10000	sw	(r30),r1
 1156  00001d08          	L70_LF2:
 1157  00001d08  8fc1fff4	lw	r1,-12(r30)
 1158  00001d0c  6c220001	sgti	r2,r1,#1
 1159  00001d10  1440000c	bnez	r2,L71_LF2
 1160  00001d14  54000000	nop; delay slot nop
 1161  00001d18  0800000c	j	L61_LF2
 1162  00001d1c  54000000	nop; delay slot nop
 1163  00001d20          	L71_LF2:
 1164  00001d20  0bffff64	j	L68_LF2
 1165  00001d24  54000000	nop; delay slot nop
 1166  00001d28          	L69_LF2:
 1167  00001d28          	L63_LF2:
 1168  00001d28          	L61_LF2:
 1169  00001d28  8fc10004	lw	r1,4(r30)
 1170  00001d2c  20020000	addi	r2,r0,(#0x0)&0xff
 1171  00001d30  a0220000	sb	(r1),r2
 1172  00001d34          	L59_LF2:
 1173  00001d34  8fa20000	lw	r2,0(r29)
 1174  00001d38  8fa30004	lw	r3,4(r29)
 1175  00001d3c  8fdffff8	lw	r31,-8(r30)
 1176  00001d40  001ee820	add	r29,r0,r30
 1177  00001d44  8fdefffc	lw	r30,-4(r30)
 1178  00001d48  4be00000	jr	r31
 1179  00001d4c  54000000	nop
 1180  00001d50          	.endproc _ditoa
 1181  00001d50          	.align 2
 1182  00001d50          	.proc _dstrtol
 1183  00001d50          	.global _dstrtol
 1184  00001d50          	_dstrtol:
 1185                      ;  Function 'dstrtol'; 16 bytes of locals, 1 regs to save.
 1186  00001d50  afbefffc	sw	-4(r29),r30; push fp
 1187  00001d54  001df020	add	r30,r0,r29; fp = sp
 1188  00001d58  afbffff8	sw	-8(r29),r31; push ret addr
 1189  00001d5c  2fbd0020	subui	r29,r29,#32; alloc local storage
 1190  00001d60  afa20000	sw	0(r29),r2
 1191  00001d64  20010000	addi	r1,r0,#0
 1192  00001d68  afc1fff4	sw	-12(r30),r1
 1193  00001d6c          	L73_LF2:
 1194  00001d6c  8fc10000	lw	r1,(r30)
 1195  00001d70  90220000	lbu	r2,(r1)
 1196  00001d74  60410020	seqi	r1,r2,#32
 1197  00001d78  14200034	bnez	r1,L75_LF2
 1198  00001d7c  54000000	nop; delay slot nop
 1199  00001d80  8fc10000	lw	r1,(r30)
 1200  00001d84  90220000	lbu	r2,(r1)
 1201  00001d88  60410009	seqi	r1,r2,#9
 1202  00001d8c  14200020	bnez	r1,L75_LF2
 1203  00001d90  54000000	nop; delay slot nop
 1204  00001d94  8fc10000	lw	r1,(r30)
 1205  00001d98  90220000	lbu	r2,(r1)
 1206  00001d9c  6041000a	seqi	r1,r2,#10
 1207  00001da0  1420000c	bnez	r1,L75_LF2
 1208  00001da4  54000000	nop; delay slot nop
 1209  00001da8  0800001c	j	L74_LF2
 1210  00001dac  54000000	nop; delay slot nop
 1211  00001db0          	L75_LF2:
 1212  00001db0  8fc20000	lw	r2,(r30)
 1213  00001db4  20410001	addi	r1,r2,#1
 1214  00001db8  00011020	add	r2,r0,r1
 1215  00001dbc  afc20000	sw	(r30),r2
 1216  00001dc0  0bffffa8	j	L73_LF2
 1217  00001dc4  54000000	nop; delay slot nop
 1218  00001dc8          	L74_LF2:
 1219  00001dc8  8fc10004	lw	r1,4(r30)
 1220  00001dcc  64220000	snei	r2,r1,#0
 1221  00001dd0  10400010	beqz	r2,L76_LF2
 1222  00001dd4  54000000	nop; delay slot nop
 1223  00001dd8  8fc10004	lw	r1,4(r30)
 1224  00001ddc  8fc20000	lw	r2,(r30)
 1225  00001de0  ac220000	sw	(r1),r2
 1226  00001de4          	L76_LF2:
 1227  00001de4  8fc10000	lw	r1,(r30)
 1228  00001de8  90220000	lbu	r2,(r1)
 1229  00001dec  64410000	snei	r1,r2,#0
 1230  00001df0  14200010	bnez	r1,L77_LF2
 1231  00001df4  54000000	nop; delay slot nop
 1232  00001df8  8fc1fff4	lw	r1,-12(r30)
 1233  00001dfc  08000294	j	L72_LF2
 1234  00001e00  54000000	nop; delay slot nop
 1235  00001e04          	L77_LF2:
 1236  00001e04  8fc10000	lw	r1,(r30)
 1237  00001e08  90220000	lbu	r2,(r1)
 1238  00001e0c  6041002d	seqi	r1,r2,#45
 1239  00001e10  10200024	beqz	r1,L78_LF2
 1240  00001e14  54000000	nop; delay slot nop
 1241  00001e18  2001ffff	addi	r1,r0,#-1
 1242  00001e1c  afc1ffec	sw	-20(r30),r1
 1243  00001e20  8fc20000	lw	r2,(r30)
 1244  00001e24  20410001	addi	r1,r2,#1
 1245  00001e28  00011020	add	r2,r0,r1
 1246  00001e2c  afc20000	sw	(r30),r2
 1247  00001e30  0800000c	j	L79_LF2
 1248  00001e34  54000000	nop; delay slot nop
 1249  00001e38          	L78_LF2:
 1250  00001e38  20010001	addi	r1,r0,#1
 1251  00001e3c  afc1ffec	sw	-20(r30),r1
 1252  00001e40          	L79_LF2:
 1253  00001e40  8fc10008	lw	r1,8(r30)
 1254  00001e44  64220000	snei	r2,r1,#0
 1255  00001e48  14400090	bnez	r2,L80_LF2
 1256  00001e4c  54000000	nop; delay slot nop
 1257  00001e50  8fc10000	lw	r1,(r30)
 1258  00001e54  90220000	lbu	r2,(r1)
 1259  00001e58  60410030	seqi	r1,r2,#48
 1260  00001e5c  10200074	beqz	r1,L81_LF2
 1261  00001e60  54000000	nop; delay slot nop
 1262  00001e64  8fc20000	lw	r2,(r30)
 1263  00001e68  20410001	addi	r1,r2,#1
 1264  00001e6c  00011020	add	r2,r0,r1
 1265  00001e70  afc20000	sw	(r30),r2
 1266  00001e74  8fc10000	lw	r1,(r30)
 1267  00001e78  90220000	lbu	r2,(r1)
 1268  00001e7c  60410078	seqi	r1,r2,#120
 1269  00001e80  14200020	bnez	r1,L83_LF2
 1270  00001e84  54000000	nop; delay slot nop
 1271  00001e88  8fc10000	lw	r1,(r30)
 1272  00001e8c  90220000	lbu	r2,(r1)
 1273  00001e90  60410058	seqi	r1,r2,#88
 1274  00001e94  1420000c	bnez	r1,L83_LF2
 1275  00001e98  54000000	nop; delay slot nop
 1276  00001e9c  08000024	j	L82_LF2
 1277  00001ea0  54000000	nop; delay slot nop
 1278  00001ea4          	L83_LF2:
 1279  00001ea4  20010010	addi	r1,r0,#16
 1280  00001ea8  afc10008	sw	8(r30),r1
 1281  00001eac  8fc20000	lw	r2,(r30)
 1282  00001eb0  20410001	addi	r1,r2,#1
 1283  00001eb4  00011020	add	r2,r0,r1
 1284  00001eb8  afc20000	sw	(r30),r2
 1285  00001ebc  0800000c	j	L84_LF2
 1286  00001ec0  54000000	nop; delay slot nop
 1287  00001ec4          	L82_LF2:
 1288  00001ec4  20010008	addi	r1,r0,#8
 1289  00001ec8  afc10008	sw	8(r30),r1
 1290  00001ecc          	L84_LF2:
 1291  00001ecc  0800000c	j	L80_LF2
 1292  00001ed0  54000000	nop; delay slot nop
 1293  00001ed4          	L81_LF2:
 1294  00001ed4  2001000a	addi	r1,r0,#10
 1295  00001ed8  afc10008	sw	8(r30),r1
 1296  00001edc          	L85_LF2:
 1297  00001edc          	L80_LF2:
 1298  00001edc  8fc10008	lw	r1,8(r30)
 1299  00001ee0  70220000	slei	r2,r1,#0
 1300  00001ee4  1440001c	bnez	r2,L87_LF2
 1301  00001ee8  54000000	nop; delay slot nop
 1302  00001eec  8fc10008	lw	r1,8(r30)
 1303  00001ef0  6c220010	sgti	r2,r1,#16
 1304  00001ef4  1440000c	bnez	r2,L87_LF2
 1305  00001ef8  54000000	nop; delay slot nop
 1306  00001efc  08000010	j	L86_LF2
 1307  00001f00  54000000	nop; delay slot nop
 1308  00001f04          	L87_LF2:
 1309  00001f04  8fc1fff4	lw	r1,-12(r30)
 1310  00001f08  08000188	j	L72_LF2
 1311  00001f0c  54000000	nop; delay slot nop
 1312  00001f10          	L86_LF2:
 1313  00001f10  54000000	nop
 1314  00001f14          	L88_LF2:
 1315  00001f14  8fc10000	lw	r1,(r30)
 1316  00001f18  90220000	lbu	r2,(r1)
 1317  00001f1c  6c41002f	sgtui	r1,r2,#47
 1318  00001f20  10200030	beqz	r1,L91_LF2
 1319  00001f24  54000000	nop; delay slot nop
 1320  00001f28  8fc10000	lw	r1,(r30)
 1321  00001f2c  90220000	lbu	r2,(r1)
 1322  00001f30  70410039	sleui	r1,r2,#57
 1323  00001f34  1020001c	beqz	r1,L91_LF2
 1324  00001f38  54000000	nop; delay slot nop
 1325  00001f3c  8fc10000	lw	r1,(r30)
 1326  00001f40  90220000	lbu	r2,(r1)
 1327  00001f44  2041ffd0	addi	r1,r2,#-48
 1328  00001f48  afc1fff0	sw	-16(r30),r1
 1329  00001f4c  0800008c	j	L92_LF2
 1330  00001f50  54000000	nop; delay slot nop
 1331  00001f54          	L91_LF2:
 1332  00001f54  8fc10000	lw	r1,(r30)
 1333  00001f58  90220000	lbu	r2,(r1)
 1334  00001f5c  6c410060	sgtui	r1,r2,#96
 1335  00001f60  10200030	beqz	r1,L93_LF2
 1336  00001f64  54000000	nop; delay slot nop
 1337  00001f68  8fc10000	lw	r1,(r30)
 1338  00001f6c  90220000	lbu	r2,(r1)
 1339  00001f70  7041007a	sleui	r1,r2,#122
 1340  00001f74  1020001c	beqz	r1,L93_LF2
 1341  00001f78  54000000	nop; delay slot nop
 1342  00001f7c  8fc10000	lw	r1,(r30)
 1343  00001f80  90220000	lbu	r2,(r1)
 1344  00001f84  2041ffa9	addi	r1,r2,#-87
 1345  00001f88  afc1fff0	sw	-16(r30),r1
 1346  00001f8c  0800004c	j	L92_LF2
 1347  00001f90  54000000	nop; delay slot nop
 1348  00001f94          	L93_LF2:
 1349  00001f94  8fc10000	lw	r1,(r30)
 1350  00001f98  90220000	lbu	r2,(r1)
 1351  00001f9c  6c410040	sgtui	r1,r2,#64
 1352  00001fa0  10200030	beqz	r1,L95_LF2
 1353  00001fa4  54000000	nop; delay slot nop
 1354  00001fa8  8fc10000	lw	r1,(r30)
 1355  00001fac  90220000	lbu	r2,(r1)
 1356  00001fb0  7041005a	sleui	r1,r2,#90
 1357  00001fb4  1020001c	beqz	r1,L95_LF2
 1358  00001fb8  54000000	nop; delay slot nop
 1359  00001fbc  8fc10000	lw	r1,(r30)
 1360  00001fc0  90220000	lbu	r2,(r1)
 1361  00001fc4  2041ffc9	addi	r1,r2,#-55
 1362  00001fc8  afc1fff0	sw	-16(r30),r1
 1363  00001fcc  0800000c	j	L92_LF2
 1364  00001fd0  54000000	nop; delay slot nop
 1365  00001fd4          	L95_LF2:
 1366  00001fd4  200103e8	addi	r1,r0,#1000
 1367  00001fd8  afc1fff0	sw	-16(r30),r1
 1368  00001fdc          	L96_LF2:
 1369  00001fdc          	L94_LF2:
 1370  00001fdc          	L92_LF2:
 1371  00001fdc  8fc1fff0	lw	r1,-16(r30)
 1372  00001fe0  8fc20008	lw	r2,8(r30)
 1373  00001fe4  0022082a	slt	r1,r1,r2
 1374  00001fe8  10200040	beqz	r1,L90_LF2
 1375  00001fec  54000000	nop; delay slot nop
 1376  00001ff0  8fc1fff4	lw	r1,-12(r30)
 1377  00001ff4  8fc20008	lw	r2,8(r30)
 1378  00001ff8  00200035	movi2fp	f0,r1
 1379  00001ffc  00400835	movi2fp	f1,r2
 1380  00002000  0401000e	mult	f0,f0,f1
 1381  00002004  00000834	movfp2i	r1,f0
 1382  00002008  afc1fff4	sw	-12(r30),r1
 1383  0000200c  8fc1fff4	lw	r1,-12(r30)
 1384  00002010  8fc2fff0	lw	r2,-16(r30)
 1385  00002014  00220820	add	r1,r1,r2
 1386  00002018  afc1fff4	sw	-12(r30),r1
 1387  0000201c  8fc20000	lw	r2,(r30)
 1388  00002020  20410001	addi	r1,r2,#1
 1389  00002024  00011020	add	r2,r0,r1
 1390  00002028  afc20000	sw	(r30),r2
 1391  0000202c          	L97_LF2:
 1392  0000202c          	L90_LF2:
 1393  0000202c  8fc1fff0	lw	r1,-16(r30)
 1394  00002030  8fc20008	lw	r2,8(r30)
 1395  00002034  0022082a	slt	r1,r1,r2
 1396  00002038  1420000c	bnez	r1,L98_LF2
 1397  0000203c  54000000	nop; delay slot nop
 1398  00002040  0800000c	j	L89_LF2
 1399  00002044  54000000	nop; delay slot nop
 1400  00002048          	L98_LF2:
 1401  00002048  0bfffec8	j	L88_LF2
 1402  0000204c  54000000	nop; delay slot nop
 1403  00002050          	L89_LF2:
 1404  00002050  8fc10004	lw	r1,4(r30)
 1405  00002054  64220000	snei	r2,r1,#0
 1406  00002058  10400010	beqz	r2,L99_LF2
 1407  0000205c  54000000	nop; delay slot nop
 1408  00002060  8fc10004	lw	r1,4(r30)
 1409  00002064  8fc20000	lw	r2,(r30)
 1410  00002068  ac220000	sw	(r1),r2
 1411  0000206c          	L99_LF2:
 1412  0000206c  8fc1fff4	lw	r1,-12(r30)
 1413  00002070  8fc2ffec	lw	r2,-20(r30)
 1414  00002074  00200035	movi2fp	f0,r1
 1415  00002078  00400835	movi2fp	f1,r2
 1416  0000207c  0401000e	mult	f0,f0,f1
 1417  00002080  00000834	movfp2i	r1,f0
 1418  00002084  afc1fff4	sw	-12(r30),r1
 1419  00002088  8fc1fff4	lw	r1,-12(r30)
 1420  0000208c  08000004	j	L72_LF2
 1421  00002090  54000000	nop; delay slot nop
 1422  00002094          	L72_LF2:
 1423  00002094  8fa20000	lw	r2,0(r29)
 1424  00002098  8fdffff8	lw	r31,-8(r30)
 1425  0000209c  001ee820	add	r29,r0,r30
 1426  000020a0  8fdefffc	lw	r30,-4(r30)
 1427  000020a4  4be00000	jr	r31
 1428  000020a8  54000000	nop
 1429  000020ac          	.endproc _dstrtol
 1430  000020ac          	.align 2
 1431  000020ac          	.proc _bcopy
 1432  000020ac          	.global _bcopy
 1433  000020ac          	_bcopy:
 1434                      ;  Function 'bcopy'; 0 bytes of locals, 2 regs to save.
 1435  000020ac  afbefffc	sw	-4(r29),r30; push fp
 1436  000020b0  001df020	add	r30,r0,r29; fp = sp
 1437  000020b4  afbffff8	sw	-8(r29),r31; push ret addr
 1438  000020b8  2fbd0010	subui	r29,r29,#16; alloc local storage
 1439  000020bc  afa20000	sw	0(r29),r2
 1440  000020c0  afa30004	sw	4(r29),r3
 1441  000020c4  54000000	nop
 1442  000020c8          	L101_LF2:
 1443  000020c8  8fc10008	lw	r1,8(r30)
 1444  000020cc  2022ffff	addi	r2,r1,#-1
 1445  000020d0  afc20008	sw	8(r30),r2
 1446  000020d4  6c210000	sgti	r1,r1,#0
 1447  000020d8  1420000c	bnez	r1,L103_LF2
 1448  000020dc  54000000	nop; delay slot nop
 1449  000020e0  0800002c	j	L102_LF2
 1450  000020e4  54000000	nop; delay slot nop
 1451  000020e8          	L103_LF2:
 1452  000020e8  8fc10004	lw	r1,4(r30)
 1453  000020ec  20220001	addi	r2,r1,#1
 1454  000020f0  afc20004	sw	4(r30),r2
 1455  000020f4  8fc20000	lw	r2,(r30)
 1456  000020f8  20430001	addi	r3,r2,#1
 1457  000020fc  afc30000	sw	(r30),r3
 1458  00002100  80420000	lb	r2,(r2)
 1459  00002104  a0220000	sb	(r1),r2
 1460  00002108  0bffffbc	j	L101_LF2
 1461  0000210c  54000000	nop; delay slot nop
 1462  00002110          	L102_LF2:
 1463  00002110          	L100_LF2:
 1464  00002110  8fa20000	lw	r2,0(r29)
 1465  00002114  8fa30004	lw	r3,4(r29)
 1466  00002118  8fdffff8	lw	r31,-8(r30)
 1467  0000211c  001ee820	add	r29,r0,r30
 1468  00002120  8fdefffc	lw	r30,-4(r30)
 1469  00002124  4be00000	jr	r31
 1470  00002128  54000000	nop
 1471  0000212c          	.endproc _bcopy
 1472  0000212c          	.align 2
 1473  0000212c          	.proc _bzero
 1474  0000212c          	.global _bzero
 1475  0000212c          	_bzero:
 1476                      ;  Function 'bzero'; 0 bytes of locals, 1 regs to save.
 1477  0000212c  afbefffc	sw	-4(r29),r30; push fp
 1478  00002130  001df020	add	r30,r0,r29; fp = sp
 1479  00002134  afbffff8	sw	-8(r29),r31; push ret addr
 1480  00002138  2fbd0010	subui	r29,r29,#16; alloc local storage
 1481  0000213c  afa20000	sw	0(r29),r2
 1482  00002140  54000000	nop
 1483  00002144          	L105_LF2:
 1484  00002144  8fc10004	lw	r1,4(r30)
 1485  00002148  2022ffff	addi	r2,r1,#-1
 1486  0000214c  afc20004	sw	4(r30),r2
 1487  00002150  6c210000	sgti	r1,r1,#0
 1488  00002154  1420000c	bnez	r1,L107_LF2
 1489  00002158  54000000	nop; delay slot nop
 1490  0000215c  08000020	j	L106_LF2
 1491  00002160  54000000	nop; delay slot nop
 1492  00002164          	L107_LF2:
 1493  00002164  8fc10000	lw	r1,(r30)
 1494  00002168  20220001	addi	r2,r1,#1
 1495  0000216c  afc20000	sw	(r30),r2
 1496  00002170  20020000	addi	r2,r0,(#0x0)&0xff
 1497  00002174  a0220000	sb	(r1),r2
 1498  00002178  0bffffc8	j	L105_LF2
 1499  0000217c  54000000	nop; delay slot nop
 1500  00002180          	L106_LF2:
 1501  00002180          	L104_LF2:
 1502  00002180  8fa20000	lw	r2,0(r29)
 1503  00002184  8fdffff8	lw	r31,-8(r30)
 1504  00002188  001ee820	add	r29,r0,r30
 1505  0000218c  8fdefffc	lw	r30,-4(r30)
 1506  00002190  4be00000	jr	r31
 1507  00002194  54000000	nop
 1508  00002198          	.endproc _bzero
 1509  00002198          	.align 2
 1510  00002198          	.proc _min
 1511  00002198          	.global _min
 1512  00002198          	_min:
 1513                      ;  Function 'min'; 0 bytes of locals, 2 regs to save.
 1514  00002198  afbefffc	sw	-4(r29),r30; push fp
 1515  0000219c  001df020	add	r30,r0,r29; fp = sp
 1516  000021a0  afbffff8	sw	-8(r29),r31; push ret addr
 1517  000021a4  2fbd0010	subui	r29,r29,#16; alloc local storage
 1518  000021a8  afa20000	sw	0(r29),r2
 1519  000021ac  afa30004	sw	4(r29),r3
 1520  000021b0  8fc10000	lw	r1,(r30)
 1521  000021b4  8fc20004	lw	r2,4(r30)
 1522  000021b8  0022182c	sle	r3,r1,r2
 1523  000021bc  14600008	bnez	r3,L109_LF2
 1524  000021c0  54000000	nop; delay slot nop
 1525  000021c4  8fc10004	lw	r1,4(r30)
 1526  000021c8          	L109_LF2:
 1527  000021c8  08000004	j	L108_LF2
 1528  000021cc  54000000	nop; delay slot nop
 1529  000021d0          	L108_LF2:
 1530  000021d0  8fa20000	lw	r2,0(r29)
 1531  000021d4  8fa30004	lw	r3,4(r29)
 1532  000021d8  8fdffff8	lw	r31,-8(r30)
 1533  000021dc  001ee820	add	r29,r0,r30
 1534  000021e0  8fdefffc	lw	r30,-4(r30)
 1535  000021e4  4be00000	jr	r31
 1536  000021e8  54000000	nop
 1537  000021ec          	.endproc _min
 1538                      ;;; Ethan L. Miller, 1999.  Released to the public domain
 1539                      ;;;
 1540                      ;;; Most of the traps are called in files from libtraps.
 1543  000021ec          	.align 2
 1544  000021ec          	.proc _exit
 1545  000021ec          	.global _exit
 1546  000021ec          	_exit:
 1547  000021ec  44000300	trap	#0x300
 1548  000021f0  4be00000	jr	r31
 1549  000021f4  54000000	nop
 1550  000021f8          	.endproc _exit
 1552                      ; for the benefit of gcc.
 1553  000021f8          	.proc ___main
 1554  000021f8          	.global ___main
 1555  000021f8          	___main:
 1556  000021f8  4be00000	jr	r31
 1557  000021fc  54000000	nop
 1558  00002200          	.endproc ___main
 1559  00002200          	.text
 1560  00002200          	.global _etext
 1561  00002200          	_etext:
 1562  00002200          	.align 3
 1563  00002200          	.data
 1564  0000310a          	.global _edata
 1565  0000310a          	_edata:
