 line   address	contents
    1                      ; Linked by DLX-LD.
    2                      ; MemSize 24576
    3                      ; Data size: 298
    4                      ; Text size: 4588
    5                      ; Stack size: 8192
    6  00000000          	.text 0x1000
    7  00001000          	.data 0x3000
    8                      ; Compiled by GCC
    9  00003000          	.text
   10  00001000          	.align 2
   11  00001000          	.proc _isspace
   12  00001000          	.global _isspace
   13  00001000          	_isspace:
   14                      ;  Function 'isspace'; 0 bytes of locals, 1 regs to save.
   15  00001000  afbefffc	sw	-4(r29),r30; push fp
   16  00001004  001df020	add	r30,r0,r29; fp = sp
   17  00001008  afbffff8	sw	-8(r29),r31; push ret addr
   18  0000100c  2fbd0010	subui	r29,r29,#16; alloc local storage
   19  00001010  afa20000	sw	0(r29),r2
   20  00001014  83c20003	lb	r2,3(r30)
   21  00001018  201f0000	addi	r31,r0,#0
   22  0000101c  304100ff	andi	r1,r2,#0x00ff
   23  00001020  60210020	seqi	r1,r1,#32
   24  00001024  14200018	bnez	r1,L6_LF0
   25  00001028  54000000	nop; not filled.
   26  0000102c  2041fff7	addi	r1,r2,#-9
   27  00001030  302100ff	andi	r1,r1,#0x00ff
   28  00001034  70210001	sleui	r1,r1,#1
   29  00001038  10200008	beqz	r1,L5_LF0
   30  0000103c  54000000	nop; not filled.
   31  00001040          	L6_LF0:
   32  00001040  201f0001	addi	r31,r0,#1
   33  00001044          	L5_LF0:
   34  00001044  001f0820	add	r1,r0,r31
   35  00001048  8fa20000	lw	r2,0(r29)
   36  0000104c  8fdffff8	lw	r31,-8(r30)
   37  00001050  001ee820	add	r29,r0,r30
   38  00001054  8fdefffc	lw	r30,-4(r30)
   39  00001058  4be00000	jr	r31
   40  0000105c  54000000	nop
   41  00001060          	.endproc _isspace
   42  00001060          	.align 2
   43  00001060          	.proc _isxdigit
   44  00001060          	.global _isxdigit
   45  00001060          	_isxdigit:
   46                      ;  Function 'isxdigit'; 0 bytes of locals, 1 regs to save.
   47  00001060  afbefffc	sw	-4(r29),r30; push fp
   48  00001064  001df020	add	r30,r0,r29; fp = sp
   49  00001068  afbffff8	sw	-8(r29),r31; push ret addr
   50  0000106c  2fbd0010	subui	r29,r29,#16; alloc local storage
   51  00001070  afa20000	sw	0(r29),r2
   52  00001074  83df0003	lb	r31,3(r30)
   53  00001078  20020000	addi	r2,r0,#0
   54  0000107c  23e1ffd0	addi	r1,r31,#-48
   55  00001080  302100ff	andi	r1,r1,#0x00ff
   56  00001084  70210009	sleui	r1,r1,#9
   57  00001088  14200028	bnez	r1,L12_LF0
   58  0000108c  54000000	nop; not filled.
   59  00001090  23e1ff9f	addi	r1,r31,#-97
   60  00001094  302100ff	andi	r1,r1,#0x00ff
   61  00001098  70210005	sleui	r1,r1,#5
   62  0000109c  14200014	bnez	r1,L12_LF0
   63  000010a0  54000000	nop; not filled.
   64  000010a4  33e100ff	andi	r1,r31,#0x00ff
   65  000010a8  64210041	snei	r1,r1,#65
   66  000010ac  14200008	bnez	r1,L11_LF0
   67  000010b0  54000000	nop; not filled.
   68  000010b4          	L12_LF0:
   69  000010b4  20020001	addi	r2,r0,#1
   70  000010b8          	L11_LF0:
   71  000010b8  00020820	add	r1,r0,r2
   72  000010bc  8fa20000	lw	r2,0(r29)
   73  000010c0  8fdffff8	lw	r31,-8(r30)
   74  000010c4  001ee820	add	r29,r0,r30
   75  000010c8  8fdefffc	lw	r30,-4(r30)
   76  000010cc  4be00000	jr	r31
   77  000010d0  54000000	nop
   78  000010d4          	.endproc _isxdigit
   79  000010d4          	.data
   80  00003000          	.align 2
   81  00003000          	LC0_LF0:
   82  00003000  55736167	.ascii "Usage: \000"
   82  00003004  653a2000	
   83  00003008          	.align 2
   84  00003008          	LC1_LF0:
   85  00003008  203c6861	.ascii " <handle_to_shared_memory_page> <synch lock number> <handle_to_page_ma"
   85  0000300c  6e646c65	
   85  00003010  5f746f5f	
   85  00003014  73686172	
   85  00003018  65645f6d	
   85  0000301c  656d6f72	
   85  00003020  795f7061	
   85  00003024  67653e20	
   85  00003028  3c73796e	
   85  0000302c  6368206c	
   85  00003030  6f636b20	
   85  00003034  6e756d62	
   85  00003038  65723e20	
   85  0000303c  3c68616e	
   85  00003040  646c655f	
   85  00003044  746f5f70	
   85  00003048  6167655f	
   85  0000304c  6d61    	
   86  0000304e  70706564	.ascii "pped_semaphore>\n\000"
   86  00003052  5f73656d	
   86  00003056  6170686f	
   86  0000305a  72653e0a	
   86  0000305e  00      	
   87  0000305f          	.align 2
   88  00003060          	LC2_LF0:
   89  00003060  436f756c	.ascii "Could not map the virtual address to the memory in pid : %d\n\000"
   89  00003064  64206e6f	
   89  00003068  74206d61	
   89  0000306c  70207468	
   89  00003070  65207669	
   89  00003074  72747561	
   89  00003078  6c206164	
   89  0000307c  64726573	
   89  00003080  7320746f	
   89  00003084  20746865	
   89  00003088  206d656d	
   89  0000308c  6f727920	
   89  00003090  696e2070	
   89  00003094  6964203a	
   89  00003098  2025640a	
   89  0000309c  00      	
   90  0000309d          	.align 2
   91  000030a0          	LC3_LF0:
   92  000030a0  2c206578	.ascii ", exiting...\n\000"
   92  000030a4  6974696e	
   92  000030a8  672e2e2e	
   92  000030ac  0a00    	
   93  000030ae          	.align 2
   94  000030b0          	LC4_LF0:
   95  000030b0  436f6e73	.ascii "Consumer %d removed: %c\n\000"
   95  000030b4  756d6572	
   95  000030b8  20256420	
   95  000030bc  72656d6f	
   95  000030c0  7665643a	
   95  000030c4  2025630a	
   95  000030c8  00      	
   96  000030c9          	.align 2
   97  000030cc          	LC5_LF0:
   98  000030cc  42616420	.ascii "Bad semaphore : %d in Consumer(%d) in \000"
   98  000030d0  73656d61	
   98  000030d4  70686f72	
   98  000030d8  65203a20	
   98  000030dc  25642069	
   98  000030e0  6e20436f	
   98  000030e4  6e73756d	
   98  000030e8  65722825	
   98  000030ec  64292069	
   98  000030f0  6e2000  	
   99  000030f3          	.align 2
  100  000030f4          	LC6_LF0:
  101  000030f4  436f6e73	.ascii "Consumer ID : %d has completed its work and will die\n\000"
  101  000030f8  756d6572	
  101  000030fc  20494420	
  101  00003100  3a202564	
  101  00003104  20686173	
  101  00003108  20636f6d	
  101  0000310c  706c6574	
  101  00003110  65642069	
  101  00003114  74732077	
  101  00003118  6f726b20	
  101  0000311c  616e6420	
  101  00003120  77696c6c	
  101  00003124  20646965	
  101  00003128  0a00    	
  102  0000312a          	.text
  103  000010d4          	.align 2
  104  000010d4          	.proc _main
  105  000010d4          	.global _main
  106  000010d4          	_main:
  107                      ;  Function 'main'; 0 bytes of locals, 0 regs to save.
  108  000010d4  afbefffc	sw	-4(r29),r30; push fp
  109  000010d8  001df020	add	r30,r0,r29; fp = sp
  110  000010dc  afbffff8	sw	-8(r29),r31; push ret addr
  111  000010e0  2fbd0008	subui	r29,r29,#8; alloc local storage
  112  000010e4  8fc20000	lw	r2,(r30)
  113  000010e8  8fc70004	lw	r7,4(r30)
  114  000010ec  0c0010f4	jal	___main
  115  000010f0  54000000	nop; not filled.
  116  000010f4  20060000	addi	r6,r0,#0
  117  000010f8  64410004	snei	r1,r2,#4
  118  000010fc  1020004c	beqz	r1,L14_LF0
  119  00001100  54000000	nop; not filled.
  120  00001104  23bdfff8	addi	r29,r29,#-8
  121  00001108  3c0a0000	lhi	r10,((LC0_LF0)>>16)&0xffff
  122  0000110c  254a3000	addui	r10,r10,(LC0_LF0)&0xffff
  123  00001110  afaa0000	sw	(r29),r10
  124  00001114  0c0002c4	jal	_Printf
  125  00001118  54000000	nop; not filled.
  126  0000111c  8cea0000	lw	r10,(r7)
  127  00001120  afaa0000	sw	(r29),r10
  128  00001124  0c0002b4	jal	_Printf
  129  00001128  54000000	nop; not filled.
  130  0000112c  3c0a0000	lhi	r10,((LC1_LF0)>>16)&0xffff
  131  00001130  254a3008	addui	r10,r10,(LC1_LF0)&0xffff
  132  00001134  afaa0000	sw	(r29),r10
  133  00001138  0c0002a0	jal	_Printf
  134  0000113c  54000000	nop; not filled.
  135  00001140  0c00034c	jal	_Exit
  136  00001144  54000000	nop; not filled.
  137  00001148  23bd0008	addi	r29,r29,#8
  138  0000114c          	L14_LF0:
  139  0000114c  23bdfff0	addi	r29,r29,#-16
  140  00001150  8cea0004	lw	r10,4(r7)
  141  00001154  afaa0000	sw	(r29),r10
  142  00001158  200a0000	addi	r10,r0,#0
  143  0000115c  afaa0004	sw	4(r29),r10
  144  00001160  200a000a	addi	r10,r0,#10
  145  00001164  afaa0008	sw	8(r29),r10
  146  00001168  0c000bd0	jal	_dstrtol
  147  0000116c  54000000	nop; not filled.
  148  00001170  00011020	add	r2,r0,r1
  149  00001174  8cea0008	lw	r10,8(r7)
  150  00001178  afaa0000	sw	(r29),r10
  151  0000117c  200a0000	addi	r10,r0,#0
  152  00001180  afaa0004	sw	4(r29),r10
  153  00001184  200a000a	addi	r10,r0,#10
  154  00001188  afaa0008	sw	8(r29),r10
  155  0000118c  0c000bac	jal	_dstrtol
  156  00001190  54000000	nop; not filled.
  157  00001194  00012820	add	r5,r0,r1
  158  00001198  8cea000c	lw	r10,12(r7)
  159  0000119c  afaa0000	sw	(r29),r10
  160  000011a0  200a0000	addi	r10,r0,#0
  161  000011a4  afaa0004	sw	4(r29),r10
  162  000011a8  200a000a	addi	r10,r0,#10
  163  000011ac  afaa0008	sw	8(r29),r10
  164  000011b0  0c000b88	jal	_dstrtol
  165  000011b4  54000000	nop; not filled.
  166  000011b8  00014020	add	r8,r0,r1
  167  000011bc  afa20000	sw	(r29),r2
  168  000011c0  0c000248	jal	_shmat
  169  000011c4  54000000	nop; not filled.
  170  000011c8  00012020	add	r4,r0,r1
  171  000011cc  23bd0010	addi	r29,r29,#16
  172  000011d0  64810000	snei	r1,r4,#0
  173  000011d4  14200058	bnez	r1,L15_LF0
  174  000011d8  54000000	nop; not filled.
  175  000011dc  0c000208	jal	_getpid
  176  000011e0  54000000	nop; not filled.
  177  000011e4  23bdfff8	addi	r29,r29,#-8
  178  000011e8  3c0a0000	lhi	r10,((LC2_LF0)>>16)&0xffff
  179  000011ec  254a3060	addui	r10,r10,(LC2_LF0)&0xffff
  180  000011f0  afaa0000	sw	(r29),r10
  181  000011f4  afa10004	sw	4(r29),r1
  182  000011f8  0c0001e0	jal	_Printf
  183  000011fc  54000000	nop; not filled.
  184  00001200  8cea0000	lw	r10,(r7)
  185  00001204  afaa0000	sw	(r29),r10
  186  00001208  0c0001d0	jal	_Printf
  187  0000120c  54000000	nop; not filled.
  188  00001210  3c0a0000	lhi	r10,((LC3_LF0)>>16)&0xffff
  189  00001214  254a30a0	addui	r10,r10,(LC3_LF0)&0xffff
  190  00001218  afaa0000	sw	(r29),r10
  191  0000121c  0c0001bc	jal	_Printf
  192  00001220  54000000	nop; not filled.
  193  00001224  0c000268	jal	_Exit
  194  00001228  54000000	nop; not filled.
  195  0000122c  23bd0008	addi	r29,r29,#8
  196  00001230          	L15_LF0:
  197  00001230  20090005	addi	r9,r0,#5
  198  00001234          	L18_LF0:
  199  00001234  23bdfff8	addi	r29,r29,#-8
  200  00001238  afa50000	sw	(r29),r5
  201  0000123c  0c000208	jal	_lock_acquire
  202  00001240  54000000	nop; not filled.
  203  00001244  23bd0008	addi	r29,r29,#8
  204  00001248  64210000	snei	r1,r1,#0
  205  0000124c  10200090	beqz	r1,L16_LF0
  206  00001250  54000000	nop; not filled.
  207  00001254  8c81000c	lw	r1,12(r4)
  208  00001258  8c820008	lw	r2,8(r4)
  209  0000125c  00220829	sne	r1,r1,r2
  210  00001260  10200068	beqz	r1,L20_LF0
  211  00001264  54000000	nop; not filled.
  212  00001268  0c00017c	jal	_getpid
  213  0000126c  54000000	nop; not filled.
  214  00001270  23bdfff0	addi	r29,r29,#-16
  215  00001274  3c0a0000	lhi	r10,((LC4_LF0)>>16)&0xffff
  216  00001278  254a30b0	addui	r10,r10,(LC4_LF0)&0xffff
  217  0000127c  afaa0000	sw	(r29),r10
  218  00001280  afa10004	sw	4(r29),r1
  219  00001284  8c810008	lw	r1,8(r4)
  220  00001288  00810820	add	r1,r4,r1
  221  0000128c  90210000	lbu	r1,(r1)
  222  00001290  afa10008	sw	8(r29),r1
  223  00001294  0c000144	jal	_Printf
  224  00001298  54000000	nop; not filled.
  225  0000129c  20c60001	addi	r6,r6,#1
  226  000012a0  8c810008	lw	r1,8(r4)
  227  000012a4  20230001	addi	r3,r1,#1
  228  000012a8  00600035	movi2fp	f0,r3
  229  000012ac  01200835	movi2fp	f1,r9
  230  000012b0  0401000f	div	f0,f0,f1
  231  000012b4  00001034	movfp2i	r2,f0
  232  000012b8  50410002	slli	r1,r2,#0x2
  233  000012bc  00220820	add	r1,r1,r2
  234  000012c0  00610822	sub	r1,r3,r1
  235  000012c4  ac810008	sw	8(r4),r1
  236  000012c8  23bd0010	addi	r29,r29,#16
  237  000012cc          	L20_LF0:
  238  000012cc  23bdfff8	addi	r29,r29,#-8
  239  000012d0  afa50000	sw	(r29),r5
  240  000012d4  0c00017c	jal	_lock_release
  241  000012d8  54000000	nop; not filled.
  242  000012dc  23bd0008	addi	r29,r29,#8
  243  000012e0          	L16_LF0:
  244  000012e0  70c1000a	slei	r1,r6,#10
  245  000012e4  1420ff4c	bnez	r1,L18_LF0
  246  000012e8  54000000	nop; not filled.
  247  000012ec  23bdfff8	addi	r29,r29,#-8
  248  000012f0  afa80000	sw	(r29),r8
  249  000012f4  0c000138	jal	_sem_signal
  250  000012f8  54000000	nop; not filled.
  251  000012fc  23bd0008	addi	r29,r29,#8
  252  00001300  64210001	snei	r1,r1,#1
  253  00001304  1020005c	beqz	r1,L22_LF0
  254  00001308  54000000	nop; not filled.
  255  0000130c  0c0000d8	jal	_getpid
  256  00001310  54000000	nop; not filled.
  257  00001314  23bdfff0	addi	r29,r29,#-16
  258  00001318  3c0a0000	lhi	r10,((LC5_LF0)>>16)&0xffff
  259  0000131c  254a30cc	addui	r10,r10,(LC5_LF0)&0xffff
  260  00001320  afaa0000	sw	(r29),r10
  261  00001324  afa80004	sw	4(r29),r8
  262  00001328  afa10008	sw	8(r29),r1
  263  0000132c  0c0000ac	jal	_Printf
  264  00001330  54000000	nop; not filled.
  265  00001334  8ce70000	lw	r7,(r7)
  266  00001338  afa70000	sw	(r29),r7
  267  0000133c  0c00009c	jal	_Printf
  268  00001340  54000000	nop; not filled.
  269  00001344  3c0a0000	lhi	r10,((LC3_LF0)>>16)&0xffff
  270  00001348  254a30a0	addui	r10,r10,(LC3_LF0)&0xffff
  271  0000134c  afaa0000	sw	(r29),r10
  272  00001350  0c000088	jal	_Printf
  273  00001354  54000000	nop; not filled.
  274  00001358  0c000134	jal	_Exit
  275  0000135c  54000000	nop; not filled.
  276  00001360  23bd0010	addi	r29,r29,#16
  277  00001364          	L22_LF0:
  278  00001364  0c000080	jal	_getpid
  279  00001368  54000000	nop; not filled.
  280  0000136c  23bdfff8	addi	r29,r29,#-8
  281  00001370  3c0a0000	lhi	r10,((LC6_LF0)>>16)&0xffff
  282  00001374  254a30f4	addui	r10,r10,(LC6_LF0)&0xffff
  283  00001378  afaa0000	sw	(r29),r10
  284  0000137c  afa10004	sw	4(r29),r1
  285  00001380  0c000058	jal	_Printf
  286  00001384  54000000	nop; not filled.
  287  00001388  23bd0008	addi	r29,r29,#8
  288  0000138c  0c000e48	jal	_exit
  289  00001390  54000000	nop
  290  00001394          	.endproc _main
  291                      ;;;
  292                      ;;; Stub functions for DLX traps.
  293                      ;;;
  294                      ;;; Ethan L. Miller, 1999.  Released to the public domain.
  295                      ;;;
  296                      ;;; The traps such as Open and Close
  297                      ;;; (note the capital letters) are for use by user programs.  The traps
  298                      ;;; with names such as open and close (lower case) are for use by the OS.
  299                      ;;;
  302  00001394          	.align 2
  304                      ;;; The following are the traps to be used by user-level programs
  305                      ;;;
  307  00001394          	.align 2
  308  00001394          	.proc _Open
  309  00001394          	.global _Open
  310  00001394          	_Open:
  311                      ;;; Note that trap #0x213 actually causes a trap vector in the OS of
  312                      ;;; 0x1213.  The same is true for other user traps.  Thus, a user trap
  313                      ;;; with trap #0x240 will result in a trap vector of 0x1240 in the OS.
  314  00001394  44000213	trap	#0x213
  315  00001398  4be00000	jr	r31
  316  0000139c  54000000	nop
  317  000013a0          	.endproc _Open
  319  000013a0          	.proc _Close
  320  000013a0          	.global _Close
  321  000013a0          	_Close:
  322  000013a0  44000214	trap	#0x214
  323  000013a4  4be00000	jr	r31
  324  000013a8  54000000	nop
  325  000013ac          	.endproc _Close
  327  000013ac          	.proc _Read
  328  000013ac          	.global _Read
  329  000013ac          	_Read:
  330  000013ac  44000210	trap	#0x210
  331  000013b0  4be00000	jr	r31
  332  000013b4  54000000	nop
  333  000013b8          	.endproc _Read
  335  000013b8          	.proc _Write
  336  000013b8          	.global _Write
  337  000013b8          	_Write:
  338  000013b8  44000211	trap	#0x211
  339  000013bc  4be00000	jr	r31
  340  000013c0  54000000	nop
  341  000013c4          	.endproc _Write
  343  000013c4          	.proc _Lseek
  344  000013c4          	.global _Lseek
  345  000013c4          	_Lseek:
  346  000013c4  44000212	trap	#0x212
  347  000013c8  4be00000	jr	r31
  348  000013cc  54000000	nop
  349  000013d0          	.endproc _Lseek
  351  000013d0          	.proc _Putchar
  352  000013d0          	.global _Putchar
  353  000013d0          	_Putchar:
  354  000013d0  44000280	trap	#0x280
  355  000013d4  4be00000	jr	r31
  356  000013d8  54000000	nop
  357  000013dc          	.endproc _Putchar
  359  000013dc          	.proc _Printf
  360  000013dc          	.global _Printf
  361  000013dc          	_Printf:
  362  000013dc  44000201	trap	#0x201
  363  000013e0  4be00000	jr	r31
  364  000013e4  54000000	nop
  365  000013e8          	.endproc _Printf
  367  000013e8          	.proc _getpid
  368  000013e8          	.global _getpid
  369  000013e8          	_getpid:
  370  000013e8  44000431	trap	#0x431
  371  000013ec  4be00000	jr	r31
  372  000013f0  54000000	nop
  373  000013f4          	.endproc _getpid
  375  000013f4          	.proc _process_create
  376  000013f4          	.global _process_create
  377  000013f4          	_process_create:
  378  000013f4  44000432	trap	#0x432
  379  000013f8  4be00000	jr	r31
  380  000013fc  54000000	nop
  381  00001400          	.endproc _process_create
  383  00001400          	.proc _shmget
  384  00001400          	.global _shmget
  385  00001400          	_shmget:
  386  00001400  44000440	trap	#0x440
  387  00001404  4be00000	jr	r31
  388  00001408  54000000	nop
  389  0000140c          	.endproc _shmget
  391  0000140c          	.proc _shmat
  392  0000140c          	.global _shmat
  393  0000140c          	_shmat:
  394  0000140c  44000441	trap	#0x441
  395  00001410  4be00000	jr	r31
  396  00001414  54000000	nop
  397  00001418          	.endproc _shmat
  399  00001418          	.proc _sem_create
  400  00001418          	.global _sem_create
  401  00001418          	_sem_create:
  402  00001418  44000450	trap	#0x450
  403  0000141c  4be00000	jr	r31
  404  00001420  54000000	nop
  405  00001424          	.endproc _sem_create
  407  00001424          	.proc _sem_wait
  408  00001424          	.global _sem_wait
  409  00001424          	_sem_wait:
  410  00001424  44000451	trap	#0x451
  411  00001428  4be00000	jr	r31
  412  0000142c  54000000	nop
  413  00001430          	.endproc _sem_wait
  415  00001430          	.proc _sem_signal
  416  00001430          	.global _sem_signal
  417  00001430          	_sem_signal:
  418  00001430  44000452	trap	#0x452
  419  00001434  4be00000	jr	r31
  420  00001438  54000000	nop
  421  0000143c          	.endproc _sem_signal
  423  0000143c          	.proc _lock_create
  424  0000143c          	.global _lock_create
  425  0000143c          	_lock_create:
  426  0000143c  44000453	trap	#0x453
  427  00001440  4be00000	jr	r31
  428  00001444  54000000	nop
  429  00001448          	.endproc _lock_create
  431  00001448          	.proc _lock_acquire
  432  00001448          	.global _lock_acquire
  433  00001448          	_lock_acquire:
  434  00001448  44000454	trap	#0x454
  435  0000144c  4be00000	jr	r31
  436  00001450  54000000	nop
  437  00001454          	.endproc _lock_acquire
  439  00001454          	.proc _lock_release
  440  00001454          	.global _lock_release
  441  00001454          	_lock_release:
  442  00001454  44000455	trap	#0x455
  443  00001458  4be00000	jr	r31
  444  0000145c  54000000	nop
  445  00001460          	.endproc _lock_release
  447  00001460          	.proc _cond_create
  448  00001460          	.global _cond_create
  449  00001460          	_cond_create:
  450  00001460  44000456	trap	#0x456
  451  00001464  4be00000	jr	r31
  452  00001468  54000000	nop
  453  0000146c          	.endproc _cond_create
  455  0000146c          	.proc _cond_wait
  456  0000146c          	.global _cond_wait
  457  0000146c          	_cond_wait:
  458  0000146c  44000457	trap	#0x457
  459  00001470  4be00000	jr	r31
  460  00001474  54000000	nop
  461  00001478          	.endproc _cond_wait
  463  00001478          	.proc _cond_signal
  464  00001478          	.global _cond_signal
  465  00001478          	_cond_signal:
  466  00001478  44000458	trap	#0x458
  467  0000147c  4be00000	jr	r31
  468  00001480  54000000	nop
  469  00001484          	.endproc _cond_signal
  471  00001484          	.proc _cond_broadcast
  472  00001484          	.global _cond_broadcast
  473  00001484          	_cond_broadcast:
  474  00001484  44000459	trap	#0x459
  475  00001488  4be00000	jr	r31
  476  0000148c  54000000	nop
  477  00001490          	.endproc _cond_broadcast
  479  00001490          	.proc _Exit
  480  00001490          	.global _Exit
  481  00001490          	_Exit:
  482  00001490  44000500	trap	#0x500
  483  00001494  4be00000	jr	r31
  484  00001498  54000000	nop
  485  0000149c          	.endproc _Exit
  486                      ; Compiled by GCC
  488  0000149c          	.align 2
  489  0000149c          	.proc _isspace
  490  0000149c          	.global _isspace
  491  0000149c          	_isspace:
  492                      ;  Function 'isspace'; 0 bytes of locals, 3 regs to save.
  493  0000149c  afbefffc	sw	-4(r29),r30; push fp
  494  000014a0  001df020	add	r30,r0,r29; fp = sp
  495  000014a4  afbffff8	sw	-8(r29),r31; push ret addr
  496  000014a8  2fbd0018	subui	r29,r29,#24; alloc local storage
  497  000014ac  afa20000	sw	0(r29),r2
  498  000014b0  afa30004	sw	4(r29),r3
  499  000014b4  afa40008	sw	8(r29),r4
  500  000014b8  83c20003	lb	r2,3(r30)
  501  000014bc  20010000	addi	r1,r0,#0
  502  000014c0  304300ff	andi	r3,r2,#0x00ff
  503  000014c4  60640020	seqi	r4,r3,#32
  504  000014c8  1480002c	bnez	r4,L3_LF2
  505  000014cc  54000000	nop; delay slot nop
  506  000014d0  304300ff	andi	r3,r2,#0x00ff
  507  000014d4  60640009	seqi	r4,r3,#9
  508  000014d8  1480001c	bnez	r4,L3_LF2
  509  000014dc  54000000	nop; delay slot nop
  510  000014e0  304300ff	andi	r3,r2,#0x00ff
  511  000014e4  6064000a	seqi	r4,r3,#10
  512  000014e8  1480000c	bnez	r4,L3_LF2
  513  000014ec  54000000	nop; delay slot nop
  514  000014f0  08000008	j	L2_LF2
  515  000014f4  54000000	nop; delay slot nop
  516  000014f8          	L3_LF2:
  517  000014f8  20010001	addi	r1,r0,#1
  518  000014fc          	L2_LF2:
  519  000014fc  08000004	j	L1_LF2
  520  00001500  54000000	nop; delay slot nop
  521  00001504          	L1_LF2:
  522  00001504  8fa20000	lw	r2,0(r29)
  523  00001508  8fa30004	lw	r3,4(r29)
  524  0000150c  8fa40008	lw	r4,8(r29)
  525  00001510  8fdffff8	lw	r31,-8(r30)
  526  00001514  001ee820	add	r29,r0,r30
  527  00001518  8fdefffc	lw	r30,-4(r30)
  528  0000151c  4be00000	jr	r31
  529  00001520  54000000	nop
  530  00001524          	.endproc _isspace
  531  00001524          	.align 2
  532  00001524          	.proc _isxdigit
  533  00001524          	.global _isxdigit
  534  00001524          	_isxdigit:
  535                      ;  Function 'isxdigit'; 0 bytes of locals, 3 regs to save.
  536  00001524  afbefffc	sw	-4(r29),r30; push fp
  537  00001528  001df020	add	r30,r0,r29; fp = sp
  538  0000152c  afbffff8	sw	-8(r29),r31; push ret addr
  539  00001530  2fbd0018	subui	r29,r29,#24; alloc local storage
  540  00001534  afa20000	sw	0(r29),r2
  541  00001538  afa30004	sw	4(r29),r3
  542  0000153c  afa40008	sw	8(r29),r4
  543  00001540  83c20003	lb	r2,3(r30)
  544  00001544  20010000	addi	r1,r0,#0
  545  00001548  304300ff	andi	r3,r2,#0x00ff
  546  0000154c  6c64002f	sgtui	r4,r3,#47
  547  00001550  1080001c	beqz	r4,L7_LF2
  548  00001554  54000000	nop; delay slot nop
  549  00001558  304300ff	andi	r3,r2,#0x00ff
  550  0000155c  70640039	sleui	r4,r3,#57
  551  00001560  1480005c	bnez	r4,L6_LF2
  552  00001564  54000000	nop; delay slot nop
  553  00001568  08000004	j	L7_LF2
  554  0000156c  54000000	nop; delay slot nop
  555  00001570          	L7_LF2:
  556  00001570  304300ff	andi	r3,r2,#0x00ff
  557  00001574  6c640060	sgtui	r4,r3,#96
  558  00001578  1080001c	beqz	r4,L8_LF2
  559  0000157c  54000000	nop; delay slot nop
  560  00001580  304300ff	andi	r3,r2,#0x00ff
  561  00001584  70640066	sleui	r4,r3,#102
  562  00001588  14800034	bnez	r4,L6_LF2
  563  0000158c  54000000	nop; delay slot nop
  564  00001590  08000004	j	L8_LF2
  565  00001594  54000000	nop; delay slot nop
  566  00001598          	L8_LF2:
  567  00001598  304300ff	andi	r3,r2,#0x00ff
  568  0000159c  6c640040	sgtui	r4,r3,#64
  569  000015a0  10800020	beqz	r4,L5_LF2
  570  000015a4  54000000	nop; delay slot nop
  571  000015a8  304300ff	andi	r3,r2,#0x00ff
  572  000015ac  70640041	sleui	r4,r3,#65
  573  000015b0  1480000c	bnez	r4,L6_LF2
  574  000015b4  54000000	nop; delay slot nop
  575  000015b8  08000008	j	L5_LF2
  576  000015bc  54000000	nop; delay slot nop
  577  000015c0          	L6_LF2:
  578  000015c0  20010001	addi	r1,r0,#1
  579  000015c4          	L5_LF2:
  580  000015c4  08000004	j	L4_LF2
  581  000015c8  54000000	nop; delay slot nop
  582  000015cc          	L4_LF2:
  583  000015cc  8fa20000	lw	r2,0(r29)
  584  000015d0  8fa30004	lw	r3,4(r29)
  585  000015d4  8fa40008	lw	r4,8(r29)
  586  000015d8  8fdffff8	lw	r31,-8(r30)
  587  000015dc  001ee820	add	r29,r0,r30
  588  000015e0  8fdefffc	lw	r30,-4(r30)
  589  000015e4  4be00000	jr	r31
  590  000015e8  54000000	nop
  591  000015ec          	.endproc _isxdigit
  592  000015ec          	.align 2
  593  000015ec          	.proc _dstrcpy
  594  000015ec          	.global _dstrcpy
  595  000015ec          	_dstrcpy:
  596                      ;  Function 'dstrcpy'; 8 bytes of locals, 2 regs to save.
  597  000015ec  afbefffc	sw	-4(r29),r30; push fp
  598  000015f0  001df020	add	r30,r0,r29; fp = sp
  599  000015f4  afbffff8	sw	-8(r29),r31; push ret addr
  600  000015f8  2fbd0018	subui	r29,r29,#24; alloc local storage
  601  000015fc  afa20000	sw	0(r29),r2
  602  00001600  afa30004	sw	4(r29),r3
  603  00001604  8fc10000	lw	r1,(r30)
  604  00001608  afc1fff4	sw	-12(r30),r1
  605  0000160c          	L10_LF2:
  606  0000160c  8fc10000	lw	r1,(r30)
  607  00001610  20220001	addi	r2,r1,#1
  608  00001614  afc20000	sw	(r30),r2
  609  00001618  8fc20004	lw	r2,4(r30)
  610  0000161c  20430001	addi	r3,r2,#1
  611  00001620  afc30004	sw	4(r30),r3
  612  00001624  80420000	lb	r2,(r2)
  613  00001628  a0220000	sb	(r1),r2
  614  0000162c  a3c2fff3	sb	-13(r30),r2
  615  00001630          	L12_LF2:
  616  00001630  93c1fff3	lbu	r1,-13(r30)
  617  00001634  64220000	snei	r2,r1,#0
  618  00001638  1440000c	bnez	r2,L13_LF2
  619  0000163c  54000000	nop; delay slot nop
  620  00001640  0800000c	j	L11_LF2
  621  00001644  54000000	nop; delay slot nop
  622  00001648          	L13_LF2:
  623  00001648  0bffffc0	j	L10_LF2
  624  0000164c  54000000	nop; delay slot nop
  625  00001650          	L11_LF2:
  626  00001650  8fc1fff4	lw	r1,-12(r30)
  627  00001654  08000004	j	L9_LF2
  628  00001658  54000000	nop; delay slot nop
  629  0000165c          	L9_LF2:
  630  0000165c  8fa20000	lw	r2,0(r29)
  631  00001660  8fa30004	lw	r3,4(r29)
  632  00001664  8fdffff8	lw	r31,-8(r30)
  633  00001668  001ee820	add	r29,r0,r30
  634  0000166c  8fdefffc	lw	r30,-4(r30)
  635  00001670  4be00000	jr	r31
  636  00001674  54000000	nop
  637  00001678          	.endproc _dstrcpy
  638  00001678          	.align 2
  639  00001678          	.proc _dstrncpy
  640  00001678          	.global _dstrncpy
  641  00001678          	_dstrncpy:
  642                      ;  Function 'dstrncpy'; 8 bytes of locals, 2 regs to save.
  643  00001678  afbefffc	sw	-4(r29),r30; push fp
  644  0000167c  001df020	add	r30,r0,r29; fp = sp
  645  00001680  afbffff8	sw	-8(r29),r31; push ret addr
  646  00001684  2fbd0018	subui	r29,r29,#24; alloc local storage
  647  00001688  afa20000	sw	0(r29),r2
  648  0000168c  afa30004	sw	4(r29),r3
  649  00001690  8fc10000	lw	r1,(r30)
  650  00001694  afc1fff4	sw	-12(r30),r1
  651  00001698          	L15_LF2:
  652  00001698  8fc10008	lw	r1,8(r30)
  653  0000169c  2022ffff	addi	r2,r1,#-1
  654  000016a0  afc20008	sw	8(r30),r2
  655  000016a4  70210000	slei	r1,r1,#0
  656  000016a8  1020000c	beqz	r1,L18_LF2
  657  000016ac  54000000	nop; delay slot nop
  658  000016b0  08000048	j	L16_LF2
  659  000016b4  54000000	nop; delay slot nop
  660  000016b8          	L18_LF2:
  661  000016b8  8fc10000	lw	r1,(r30)
  662  000016bc  20220001	addi	r2,r1,#1
  663  000016c0  afc20000	sw	(r30),r2
  664  000016c4  8fc20004	lw	r2,4(r30)
  665  000016c8  20430001	addi	r3,r2,#1
  666  000016cc  afc30004	sw	4(r30),r3
  667  000016d0  80420000	lb	r2,(r2)
  668  000016d4  a0220000	sb	(r1),r2
  669  000016d8  a3c2fff3	sb	-13(r30),r2
  670  000016dc          	L17_LF2:
  671  000016dc  93c1fff3	lbu	r1,-13(r30)
  672  000016e0  64220000	snei	r2,r1,#0
  673  000016e4  1440000c	bnez	r2,L19_LF2
  674  000016e8  54000000	nop; delay slot nop
  675  000016ec  0800000c	j	L16_LF2
  676  000016f0  54000000	nop; delay slot nop
  677  000016f4          	L19_LF2:
  678  000016f4  0bffffa0	j	L15_LF2
  679  000016f8  54000000	nop; delay slot nop
  680  000016fc          	L16_LF2:
  681  000016fc  8fc1fff4	lw	r1,-12(r30)
  682  00001700  08000004	j	L14_LF2
  683  00001704  54000000	nop; delay slot nop
  684  00001708          	L14_LF2:
  685  00001708  8fa20000	lw	r2,0(r29)
  686  0000170c  8fa30004	lw	r3,4(r29)
  687  00001710  8fdffff8	lw	r31,-8(r30)
  688  00001714  001ee820	add	r29,r0,r30
  689  00001718  8fdefffc	lw	r30,-4(r30)
  690  0000171c  4be00000	jr	r31
  691  00001720  54000000	nop
  692  00001724          	.endproc _dstrncpy
  693  00001724          	.align 2
  694  00001724          	.proc _dstrcat
  695  00001724          	.global _dstrcat
  696  00001724          	_dstrcat:
  697                      ;  Function 'dstrcat'; 8 bytes of locals, 1 regs to save.
  698  00001724  afbefffc	sw	-4(r29),r30; push fp
  699  00001728  001df020	add	r30,r0,r29; fp = sp
  700  0000172c  afbffff8	sw	-8(r29),r31; push ret addr
  701  00001730  2fbd0018	subui	r29,r29,#24; alloc local storage
  702  00001734  afa20000	sw	0(r29),r2
  703  00001738  8fc10000	lw	r1,(r30)
  704  0000173c  afc1fff4	sw	-12(r30),r1
  705  00001740          	L21_LF2:
  706  00001740  8fc10000	lw	r1,(r30)
  707  00001744  90220000	lbu	r2,(r1)
  708  00001748  64410000	snei	r1,r2,#0
  709  0000174c  1420000c	bnez	r1,L23_LF2
  710  00001750  54000000	nop; delay slot nop
  711  00001754  0800001c	j	L22_LF2
  712  00001758  54000000	nop; delay slot nop
  713  0000175c          	L23_LF2:
  714  0000175c  8fc20000	lw	r2,(r30)
  715  00001760  20410001	addi	r1,r2,#1
  716  00001764  00011020	add	r2,r0,r1
  717  00001768  afc20000	sw	(r30),r2
  718  0000176c  0bffffd0	j	L21_LF2
  719  00001770  54000000	nop; delay slot nop
  720  00001774          	L22_LF2:
  721  00001774  23bdfff8	addi	r29,r29,#-8
  722  00001778  001d0820	add	r1,r0,r29
  723  0000177c  8fc20000	lw	r2,(r30)
  724  00001780  ac220000	sw	(r1),r2
  725  00001784  8fc20004	lw	r2,4(r30)
  726  00001788  ac220004	sw	4(r1),r2
  727  0000178c  0ffffe5c	jal	_dstrcpy
  728  00001790  54000000	nop; delay slot nop
  729  00001794  23bd0008	addi	r29,r29,#8
  730  00001798  8fc1fff4	lw	r1,-12(r30)
  731  0000179c  08000004	j	L20_LF2
  732  000017a0  54000000	nop; delay slot nop
  733  000017a4          	L20_LF2:
  734  000017a4  8fa20000	lw	r2,0(r29)
  735  000017a8  8fdffff8	lw	r31,-8(r30)
  736  000017ac  001ee820	add	r29,r0,r30
  737  000017b0  8fdefffc	lw	r30,-4(r30)
  738  000017b4  4be00000	jr	r31
  739  000017b8  54000000	nop
  740  000017bc          	.endproc _dstrcat
  741  000017bc          	.align 2
  742  000017bc          	.proc _dstrncmp
  743  000017bc          	.global _dstrncmp
  744  000017bc          	_dstrncmp:
  745                      ;  Function 'dstrncmp'; 8 bytes of locals, 2 regs to save.
  746  000017bc  afbefffc	sw	-4(r29),r30; push fp
  747  000017c0  001df020	add	r30,r0,r29; fp = sp
  748  000017c4  afbffff8	sw	-8(r29),r31; push ret addr
  749  000017c8  2fbd0018	subui	r29,r29,#24; alloc local storage
  750  000017cc  afa20000	sw	0(r29),r2
  751  000017d0  afa30004	sw	4(r29),r3
  752  000017d4  54000000	nop
  753  000017d8  20010000	addi	r1,r0,#0
  754  000017dc  afc1fff4	sw	-12(r30),r1
  755  000017e0          	L25_LF2:
  756  000017e0  8fc1fff4	lw	r1,-12(r30)
  757  000017e4  8fc20008	lw	r2,8(r30)
  758  000017e8  0022082a	slt	r1,r1,r2
  759  000017ec  1420000c	bnez	r1,L28_LF2
  760  000017f0  54000000	nop; delay slot nop
  761  000017f4  08000088	j	L26_LF2
  762  000017f8  54000000	nop; delay slot nop
  763  000017fc          	L28_LF2:
  764  000017fc  8fc10004	lw	r1,4(r30)
  765  00001800  90220000	lbu	r2,(r1)
  766  00001804  64410000	snei	r1,r2,#0
  767  00001808  14200018	bnez	r1,L29_LF2
  768  0000180c  54000000	nop; delay slot nop
  769  00001810  20010000	addi	r1,r0,#0
  770  00001814  080000d8	j	L24_LF2
  771  00001818  54000000	nop; delay slot nop
  772  0000181c  08000028	j	L30_LF2
  773  00001820  54000000	nop; delay slot nop
  774  00001824          	L29_LF2:
  775  00001824  8fc10000	lw	r1,(r30)
  776  00001828  8fc20004	lw	r2,4(r30)
  777  0000182c  90210000	lbu	r1,(r1)
  778  00001830  90420000	lbu	r2,(r2)
  779  00001834  00220829	sne	r1,r1,r2
  780  00001838  1020000c	beqz	r1,L30_LF2
  781  0000183c  54000000	nop; delay slot nop
  782  00001840  0800003c	j	L26_LF2
  783  00001844  54000000	nop; delay slot nop
  784  00001848          	L31_LF2:
  785  00001848          	L30_LF2:
  786  00001848  8fc20000	lw	r2,(r30)
  787  0000184c  20410001	addi	r1,r2,#1
  788  00001850  00011020	add	r2,r0,r1
  789  00001854  afc20000	sw	(r30),r2
  790  00001858  8fc20004	lw	r2,4(r30)
  791  0000185c  20410001	addi	r1,r2,#1
  792  00001860  00011020	add	r2,r0,r1
  793  00001864  afc20004	sw	4(r30),r2
  794  00001868          	L27_LF2:
  795  00001868  8fc2fff4	lw	r2,-12(r30)
  796  0000186c  20410001	addi	r1,r2,#1
  797  00001870  00011020	add	r2,r0,r1
  798  00001874  afc2fff4	sw	-12(r30),r2
  799  00001878  0bffff64	j	L25_LF2
  800  0000187c  54000000	nop; delay slot nop
  801  00001880          	L26_LF2:
  802  00001880  8fc1fff4	lw	r1,-12(r30)
  803  00001884  8fc20008	lw	r2,8(r30)
  804  00001888  00220828	seq	r1,r1,r2
  805  0000188c  10200018	beqz	r1,L32_LF2
  806  00001890  54000000	nop; delay slot nop
  807  00001894  20010000	addi	r1,r0,#0
  808  00001898  08000054	j	L24_LF2
  809  0000189c  54000000	nop; delay slot nop
  810  000018a0  0800004c	j	L33_LF2
  811  000018a4  54000000	nop; delay slot nop
  812  000018a8          	L32_LF2:
  813  000018a8  8fc20000	lw	r2,(r30)
  814  000018ac  90410000	lbu	r1,(r2)
  815  000018b0  8fc20004	lw	r2,4(r30)
  816  000018b4  90430000	lbu	r3,(r2)
  817  000018b8  00230822	sub	r1,r1,r3
  818  000018bc  74220000	sgei	r2,r1,#0
  819  000018c0  10400020	beqz	r2,L34_LF2
  820  000018c4  54000000	nop; delay slot nop
  821  000018c8  8fc10000	lw	r1,(r30)
  822  000018cc  8fc20004	lw	r2,4(r30)
  823  000018d0  90210000	lbu	r1,(r1)
  824  000018d4  90420000	lbu	r2,(r2)
  825  000018d8  00220829	sne	r1,r1,r2
  826  000018dc  08000008	j	L35_LF2
  827  000018e0  54000000	nop; delay slot nop
  828  000018e4          	L34_LF2:
  829  000018e4  2001ffff	addi	r1,r0,#-1
  830  000018e8          	L35_LF2:
  831  000018e8  08000004	j	L24_LF2
  832  000018ec  54000000	nop; delay slot nop
  833  000018f0          	L33_LF2:
  834  000018f0          	L24_LF2:
  835  000018f0  8fa20000	lw	r2,0(r29)
  836  000018f4  8fa30004	lw	r3,4(r29)
  837  000018f8  8fdffff8	lw	r31,-8(r30)
  838  000018fc  001ee820	add	r29,r0,r30
  839  00001900  8fdefffc	lw	r30,-4(r30)
  840  00001904  4be00000	jr	r31
  841  00001908  54000000	nop
  842  0000190c          	.endproc _dstrncmp
  843  0000190c          	.align 2
  844  0000190c          	.proc _dstrlen
  845  0000190c          	.global _dstrlen
  846  0000190c          	_dstrlen:
  847                      ;  Function 'dstrlen'; 8 bytes of locals, 1 regs to save.
  848  0000190c  afbefffc	sw	-4(r29),r30; push fp
  849  00001910  001df020	add	r30,r0,r29; fp = sp
  850  00001914  afbffff8	sw	-8(r29),r31; push ret addr
  851  00001918  2fbd0018	subui	r29,r29,#24; alloc local storage
  852  0000191c  afa20000	sw	0(r29),r2
  853  00001920  20010000	addi	r1,r0,#0
  854  00001924  afc1fff4	sw	-12(r30),r1
  855  00001928          	L37_LF2:
  856  00001928  8fc10000	lw	r1,(r30)
  857  0000192c  20220001	addi	r2,r1,#1
  858  00001930  afc20000	sw	(r30),r2
  859  00001934  90210000	lbu	r1,(r1)
  860  00001938  64220000	snei	r2,r1,#0
  861  0000193c  1440000c	bnez	r2,L39_LF2
  862  00001940  54000000	nop; delay slot nop
  863  00001944  0800001c	j	L38_LF2
  864  00001948  54000000	nop; delay slot nop
  865  0000194c          	L39_LF2:
  866  0000194c  8fc2fff4	lw	r2,-12(r30)
  867  00001950  20410001	addi	r1,r2,#1
  868  00001954  00011020	add	r2,r0,r1
  869  00001958  afc2fff4	sw	-12(r30),r2
  870  0000195c  0bffffc8	j	L37_LF2
  871  00001960  54000000	nop; delay slot nop
  872  00001964          	L38_LF2:
  873  00001964  8fc1fff4	lw	r1,-12(r30)
  874  00001968  08000004	j	L36_LF2
  875  0000196c  54000000	nop; delay slot nop
  876  00001970          	L36_LF2:
  877  00001970  8fa20000	lw	r2,0(r29)
  878  00001974  8fdffff8	lw	r31,-8(r30)
  879  00001978  001ee820	add	r29,r0,r30
  880  0000197c  8fdefffc	lw	r30,-4(r30)
  881  00001980  4be00000	jr	r31
  882  00001984  54000000	nop
  883  00001988          	.endproc _dstrlen
  884  00001988          	.align 2
  885  00001988          	.proc _dstrstr
  886  00001988          	.global _dstrstr
  887  00001988          	_dstrstr:
  888                      ;  Function 'dstrstr'; 8 bytes of locals, 1 regs to save.
  889  00001988  afbefffc	sw	-4(r29),r30; push fp
  890  0000198c  001df020	add	r30,r0,r29; fp = sp
  891  00001990  afbffff8	sw	-8(r29),r31; push ret addr
  892  00001994  2fbd0018	subui	r29,r29,#24; alloc local storage
  893  00001998  afa20000	sw	0(r29),r2
  894  0000199c  23bdfff8	addi	r29,r29,#-8
  895  000019a0  001d0820	add	r1,r0,r29
  896  000019a4  8fc20004	lw	r2,4(r30)
  897  000019a8  ac220000	sw	(r1),r2
  898  000019ac  0fffff5c	jal	_dstrlen
  899  000019b0  54000000	nop; delay slot nop
  900  000019b4  23bd0008	addi	r29,r29,#8
  901  000019b8  afc1fff4	sw	-12(r30),r1
  902  000019bc          	L41_LF2:
  903  000019bc  8fc10000	lw	r1,(r30)
  904  000019c0  90220000	lbu	r2,(r1)
  905  000019c4  64410000	snei	r1,r2,#0
  906  000019c8  1420000c	bnez	r1,L43_LF2
  907  000019cc  54000000	nop; delay slot nop
  908  000019d0  08000060	j	L42_LF2
  909  000019d4  54000000	nop; delay slot nop
  910  000019d8          	L43_LF2:
  911  000019d8  23bdfff0	addi	r29,r29,#-16
  912  000019dc  001d0820	add	r1,r0,r29
  913  000019e0  8fc20000	lw	r2,(r30)
  914  000019e4  ac220000	sw	(r1),r2
  915  000019e8  8fc20004	lw	r2,4(r30)
  916  000019ec  ac220004	sw	4(r1),r2
  917  000019f0  8fc2fff4	lw	r2,-12(r30)
  918  000019f4  ac220008	sw	8(r1),r2
  919  000019f8  0ffffdc0	jal	_dstrncmp
  920  000019fc  54000000	nop; delay slot nop
  921  00001a00  23bd0010	addi	r29,r29,#16
  922  00001a04  64220000	snei	r2,r1,#0
  923  00001a08  14400010	bnez	r2,L44_LF2
  924  00001a0c  54000000	nop; delay slot nop
  925  00001a10  8fc10000	lw	r1,(r30)
  926  00001a14  08000028	j	L40_LF2
  927  00001a18  54000000	nop; delay slot nop
  928  00001a1c          	L44_LF2:
  929  00001a1c  8fc20000	lw	r2,(r30)
  930  00001a20  20410001	addi	r1,r2,#1
  931  00001a24  00011020	add	r2,r0,r1
  932  00001a28  afc20000	sw	(r30),r2
  933  00001a2c  0bffff8c	j	L41_LF2
  934  00001a30  54000000	nop; delay slot nop
  935  00001a34          	L42_LF2:
  936  00001a34  20010000	addi	r1,r0,#0
  937  00001a38  08000004	j	L40_LF2
  938  00001a3c  54000000	nop; delay slot nop
  939  00001a40          	L40_LF2:
  940  00001a40  8fa20000	lw	r2,0(r29)
  941  00001a44  8fdffff8	lw	r31,-8(r30)
  942  00001a48  001ee820	add	r29,r0,r30
  943  00001a4c  8fdefffc	lw	r30,-4(r30)
  944  00001a50  4be00000	jr	r31
  945  00001a54  54000000	nop
  946  00001a58          	.endproc _dstrstr
  947  00001a58          	.align 2
  948  00001a58          	.proc _dmindex
  949  00001a58          	.global _dmindex
  950  00001a58          	_dmindex:
  951                      ;  Function 'dmindex'; 8 bytes of locals, 1 regs to save.
  952  00001a58  afbefffc	sw	-4(r29),r30; push fp
  953  00001a5c  001df020	add	r30,r0,r29; fp = sp
  954  00001a60  afbffff8	sw	-8(r29),r31; push ret addr
  955  00001a64  2fbd0018	subui	r29,r29,#24; alloc local storage
  956  00001a68  afa20000	sw	0(r29),r2
  957  00001a6c  54000000	nop
  958  00001a70          	L46_LF2:
  959  00001a70  8fc10000	lw	r1,(r30)
  960  00001a74  90220000	lbu	r2,(r1)
  961  00001a78  64410000	snei	r1,r2,#0
  962  00001a7c  1420000c	bnez	r1,L48_LF2
  963  00001a80  54000000	nop; delay slot nop
  964  00001a84  08000070	j	L47_LF2
  965  00001a88  54000000	nop; delay slot nop
  966  00001a8c          	L48_LF2:
  967  00001a8c  8fc10004	lw	r1,4(r30)
  968  00001a90  afc1fff4	sw	-12(r30),r1
  969  00001a94          	L49_LF2:
  970  00001a94  8fc1fff4	lw	r1,-12(r30)
  971  00001a98  90220000	lbu	r2,(r1)
  972  00001a9c  64410000	snei	r1,r2,#0
  973  00001aa0  1420000c	bnez	r1,L52_LF2
  974  00001aa4  54000000	nop; delay slot nop
  975  00001aa8  08000044	j	L50_LF2
  976  00001aac  54000000	nop; delay slot nop
  977  00001ab0          	L52_LF2:
  978  00001ab0  8fc10000	lw	r1,(r30)
  979  00001ab4  8fc2fff4	lw	r2,-12(r30)
  980  00001ab8  90210000	lbu	r1,(r1)
  981  00001abc  90420000	lbu	r2,(r2)
  982  00001ac0  00220828	seq	r1,r1,r2
  983  00001ac4  10200010	beqz	r1,L51_LF2
  984  00001ac8  54000000	nop; delay slot nop
  985  00001acc  8fc10000	lw	r1,(r30)
  986  00001ad0  08000030	j	L45_LF2
  987  00001ad4  54000000	nop; delay slot nop
  988  00001ad8          	L53_LF2:
  989  00001ad8          	L51_LF2:
  990  00001ad8  8fc2fff4	lw	r2,-12(r30)
  991  00001adc  20410001	addi	r1,r2,#1
  992  00001ae0  00011020	add	r2,r0,r1
  993  00001ae4  afc2fff4	sw	-12(r30),r2
  994  00001ae8  0bffffa8	j	L49_LF2
  995  00001aec  54000000	nop; delay slot nop
  996  00001af0          	L50_LF2:
  997  00001af0  0bffff7c	j	L46_LF2
  998  00001af4  54000000	nop; delay slot nop
  999  00001af8          	L47_LF2:
 1000  00001af8  20010000	addi	r1,r0,#0
 1001  00001afc  08000004	j	L45_LF2
 1002  00001b00  54000000	nop; delay slot nop
 1003  00001b04          	L45_LF2:
 1004  00001b04  8fa20000	lw	r2,0(r29)
 1005  00001b08  8fdffff8	lw	r31,-8(r30)
 1006  00001b0c  001ee820	add	r29,r0,r30
 1007  00001b10  8fdefffc	lw	r30,-4(r30)
 1008  00001b14  4be00000	jr	r31
 1009  00001b18  54000000	nop
 1010  00001b1c          	.endproc _dmindex
 1011  00001b1c          	.align 2
 1012  00001b1c          	.proc _dindex
 1013  00001b1c          	.global _dindex
 1014  00001b1c          	_dindex:
 1015                      ;  Function 'dindex'; 0 bytes of locals, 1 regs to save.
 1016  00001b1c  afbefffc	sw	-4(r29),r30; push fp
 1017  00001b20  001df020	add	r30,r0,r29; fp = sp
 1018  00001b24  afbffff8	sw	-8(r29),r31; push ret addr
 1019  00001b28  2fbd0010	subui	r29,r29,#16; alloc local storage
 1020  00001b2c  afa20000	sw	0(r29),r2
 1021  00001b30  54000000	nop
 1022  00001b34          	L55_LF2:
 1023  00001b34  8fc10000	lw	r1,(r30)
 1024  00001b38  90220000	lbu	r2,(r1)
 1025  00001b3c  64410000	snei	r1,r2,#0
 1026  00001b40  1420000c	bnez	r1,L57_LF2
 1027  00001b44  54000000	nop; delay slot nop
 1028  00001b48  08000040	j	L56_LF2
 1029  00001b4c  54000000	nop; delay slot nop
 1030  00001b50          	L57_LF2:
 1031  00001b50  8fc10000	lw	r1,(r30)
 1032  00001b54  90220000	lbu	r2,(r1)
 1033  00001b58  8fc10004	lw	r1,4(r30)
 1034  00001b5c  00411028	seq	r2,r2,r1
 1035  00001b60  10400010	beqz	r2,L58_LF2
 1036  00001b64  54000000	nop; delay slot nop
 1037  00001b68  8fc10000	lw	r1,(r30)
 1038  00001b6c  08000028	j	L54_LF2
 1039  00001b70  54000000	nop; delay slot nop
 1040  00001b74          	L58_LF2:
 1041  00001b74  8fc20000	lw	r2,(r30)
 1042  00001b78  20410001	addi	r1,r2,#1
 1043  00001b7c  00011020	add	r2,r0,r1
 1044  00001b80  afc20000	sw	(r30),r2
 1045  00001b84  0bffffac	j	L55_LF2
 1046  00001b88  54000000	nop; delay slot nop
 1047  00001b8c          	L56_LF2:
 1048  00001b8c  20010000	addi	r1,r0,#0
 1049  00001b90  08000004	j	L54_LF2
 1050  00001b94  54000000	nop; delay slot nop
 1051  00001b98          	L54_LF2:
 1052  00001b98  8fa20000	lw	r2,0(r29)
 1053  00001b9c  8fdffff8	lw	r31,-8(r30)
 1054  00001ba0  001ee820	add	r29,r0,r30
 1055  00001ba4  8fdefffc	lw	r30,-4(r30)
 1056  00001ba8  4be00000	jr	r31
 1057  00001bac  54000000	nop
 1058  00001bb0          	.endproc _dindex
 1059  00001bb0          	.align 2
 1060  00001bb0          	.proc _ditoa
 1061  00001bb0          	.global _ditoa
 1062  00001bb0          	_ditoa:
 1063                      ;  Function 'ditoa'; 8 bytes of locals, 2 regs to save.
 1064  00001bb0  afbefffc	sw	-4(r29),r30; push fp
 1065  00001bb4  001df020	add	r30,r0,r29; fp = sp
 1066  00001bb8  afbffff8	sw	-8(r29),r31; push ret addr
 1067  00001bbc  2fbd0018	subui	r29,r29,#24; alloc local storage
 1068  00001bc0  afa20000	sw	0(r29),r2
 1069  00001bc4  afa30004	sw	4(r29),r3
 1070  00001bc8  8fc10000	lw	r1,(r30)
 1071  00001bcc  68220000	slti	r2,r1,#0
 1072  00001bd0  1040002c	beqz	r2,L60_LF2
 1073  00001bd4  54000000	nop; delay slot nop
 1074  00001bd8  8fc10004	lw	r1,4(r30)
 1075  00001bdc  20220001	addi	r2,r1,#1
 1076  00001be0  afc20004	sw	4(r30),r2
 1077  00001be4  2002002d	addi	r2,r0,(#0x2d)&0xff
 1078  00001be8  a0220000	sb	(r1),r2
 1079  00001bec  8fc10000	lw	r1,(r30)
 1080  00001bf0  00011022	sub	r2,r0,r1
 1081  00001bf4  afc20000	sw	(r30),r2
 1082  00001bf8  08000118	j	L61_LF2
 1083  00001bfc  54000000	nop; delay slot nop
 1084  00001c00          	L60_LF2:
 1085  00001c00  8fc10000	lw	r1,(r30)
 1086  00001c04  64220000	snei	r2,r1,#0
 1087  00001c08  14400020	bnez	r2,L62_LF2
 1088  00001c0c  54000000	nop; delay slot nop
 1089  00001c10  8fc10004	lw	r1,4(r30)
 1090  00001c14  20220001	addi	r2,r1,#1
 1091  00001c18  afc20004	sw	4(r30),r2
 1092  00001c1c  20020030	addi	r2,r0,(#0x30)&0xff
 1093  00001c20  a0220000	sb	(r1),r2
 1094  00001c24  080000ec	j	L61_LF2
 1095  00001c28  54000000	nop; delay slot nop
 1096  00001c2c          	L62_LF2:
 1097  00001c2c  20010001	addi	r1,r0,#1
 1098  00001c30  afc1fff4	sw	-12(r30),r1
 1099  00001c34          	L64_LF2:
 1100  00001c34  8fc1fff4	lw	r1,-12(r30)
 1101  00001c38  8fc20000	lw	r2,(r30)
 1102  00001c3c  0022082c	sle	r1,r1,r2
 1103  00001c40  1420000c	bnez	r1,L66_LF2
 1104  00001c44  54000000	nop; delay slot nop
 1105  00001c48  08000024	j	L65_LF2
 1106  00001c4c  54000000	nop; delay slot nop
 1107  00001c50          	L67_LF2:
 1108  00001c50          	L66_LF2:
 1109  00001c50  8fc1fff4	lw	r1,-12(r30)
 1110  00001c54  00011820	add	r3,r0,r1
 1111  00001c58  50620002	slli	r2,r3,#0x2
 1112  00001c5c  00411020	add	r2,r2,r1
 1113  00001c60  50410001	slli	r1,r2,#0x1
 1114  00001c64  afc1fff4	sw	-12(r30),r1
 1115  00001c68  0bffffc8	j	L64_LF2
 1116  00001c6c  54000000	nop; delay slot nop
 1117  00001c70          	L65_LF2:
 1118  00001c70  54000000	nop
 1119  00001c74          	L68_LF2:
 1120  00001c74  8fc1fff4	lw	r1,-12(r30)
 1121  00001c78  2002000a	addi	r2,r0,#10
 1122  00001c7c  00200035	movi2fp	f0,r1
 1123  00001c80  00400835	movi2fp	f1,r2
 1124  00001c84  0401000f	div	f0,f0,f1
 1125  00001c88  00000834	movfp2i	r1,f0
 1126  00001c8c  afc1fff4	sw	-12(r30),r1
 1127  00001c90  8fc10004	lw	r1,4(r30)
 1128  00001c94  20220001	addi	r2,r1,#1
 1129  00001c98  afc20004	sw	4(r30),r2
 1130  00001c9c  8fc20000	lw	r2,(r30)
 1131  00001ca0  8fc3fff4	lw	r3,-12(r30)
 1132  00001ca4  00400035	movi2fp	f0,r2
 1133  00001ca8  00600835	movi2fp	f1,r3
 1134  00001cac  0401000f	div	f0,f0,f1
 1135  00001cb0  00001034	movfp2i	r2,f0
 1136  00001cb4  00021820	add	r3,r0,r2
 1137  00001cb8  20620030	addi	r2,r3,#48
 1138  00001cbc  a0220000	sb	(r1),r2
 1139  00001cc0  8fc10000	lw	r1,(r30)
 1140  00001cc4  8fc3fff4	lw	r3,-12(r30)
 1141  00001cc8  00200035	movi2fp	f0,r1
 1142  00001ccc  00600835	movi2fp	f1,r3
 1143  00001cd0  0401000f	div	f0,f0,f1
 1144  00001cd4  00001034	movfp2i	r2,f0
 1145  00001cd8  8fc3fff4	lw	r3,-12(r30)
 1146  00001cdc  00400035	movi2fp	f0,r2
 1147  00001ce0  00600835	movi2fp	f1,r3
 1148  00001ce4  0401000e	mult	f0,f0,f1
 1149  00001ce8  00001034	movfp2i	r2,f0
 1150  00001cec  00220822	sub	r1,r1,r2
 1151  00001cf0  afc10000	sw	(r30),r1
 1152  00001cf4          	L70_LF2:
 1153  00001cf4  8fc1fff4	lw	r1,-12(r30)
 1154  00001cf8  6c220001	sgti	r2,r1,#1
 1155  00001cfc  1440000c	bnez	r2,L71_LF2
 1156  00001d00  54000000	nop; delay slot nop
 1157  00001d04  0800000c	j	L61_LF2
 1158  00001d08  54000000	nop; delay slot nop
 1159  00001d0c          	L71_LF2:
 1160  00001d0c  0bffff64	j	L68_LF2
 1161  00001d10  54000000	nop; delay slot nop
 1162  00001d14          	L69_LF2:
 1163  00001d14          	L63_LF2:
 1164  00001d14          	L61_LF2:
 1165  00001d14  8fc10004	lw	r1,4(r30)
 1166  00001d18  20020000	addi	r2,r0,(#0x0)&0xff
 1167  00001d1c  a0220000	sb	(r1),r2
 1168  00001d20          	L59_LF2:
 1169  00001d20  8fa20000	lw	r2,0(r29)
 1170  00001d24  8fa30004	lw	r3,4(r29)
 1171  00001d28  8fdffff8	lw	r31,-8(r30)
 1172  00001d2c  001ee820	add	r29,r0,r30
 1173  00001d30  8fdefffc	lw	r30,-4(r30)
 1174  00001d34  4be00000	jr	r31
 1175  00001d38  54000000	nop
 1176  00001d3c          	.endproc _ditoa
 1177  00001d3c          	.align 2
 1178  00001d3c          	.proc _dstrtol
 1179  00001d3c          	.global _dstrtol
 1180  00001d3c          	_dstrtol:
 1181                      ;  Function 'dstrtol'; 16 bytes of locals, 1 regs to save.
 1182  00001d3c  afbefffc	sw	-4(r29),r30; push fp
 1183  00001d40  001df020	add	r30,r0,r29; fp = sp
 1184  00001d44  afbffff8	sw	-8(r29),r31; push ret addr
 1185  00001d48  2fbd0020	subui	r29,r29,#32; alloc local storage
 1186  00001d4c  afa20000	sw	0(r29),r2
 1187  00001d50  20010000	addi	r1,r0,#0
 1188  00001d54  afc1fff4	sw	-12(r30),r1
 1189  00001d58          	L73_LF2:
 1190  00001d58  8fc10000	lw	r1,(r30)
 1191  00001d5c  90220000	lbu	r2,(r1)
 1192  00001d60  60410020	seqi	r1,r2,#32
 1193  00001d64  14200034	bnez	r1,L75_LF2
 1194  00001d68  54000000	nop; delay slot nop
 1195  00001d6c  8fc10000	lw	r1,(r30)
 1196  00001d70  90220000	lbu	r2,(r1)
 1197  00001d74  60410009	seqi	r1,r2,#9
 1198  00001d78  14200020	bnez	r1,L75_LF2
 1199  00001d7c  54000000	nop; delay slot nop
 1200  00001d80  8fc10000	lw	r1,(r30)
 1201  00001d84  90220000	lbu	r2,(r1)
 1202  00001d88  6041000a	seqi	r1,r2,#10
 1203  00001d8c  1420000c	bnez	r1,L75_LF2
 1204  00001d90  54000000	nop; delay slot nop
 1205  00001d94  0800001c	j	L74_LF2
 1206  00001d98  54000000	nop; delay slot nop
 1207  00001d9c          	L75_LF2:
 1208  00001d9c  8fc20000	lw	r2,(r30)
 1209  00001da0  20410001	addi	r1,r2,#1
 1210  00001da4  00011020	add	r2,r0,r1
 1211  00001da8  afc20000	sw	(r30),r2
 1212  00001dac  0bffffa8	j	L73_LF2
 1213  00001db0  54000000	nop; delay slot nop
 1214  00001db4          	L74_LF2:
 1215  00001db4  8fc10004	lw	r1,4(r30)
 1216  00001db8  64220000	snei	r2,r1,#0
 1217  00001dbc  10400010	beqz	r2,L76_LF2
 1218  00001dc0  54000000	nop; delay slot nop
 1219  00001dc4  8fc10004	lw	r1,4(r30)
 1220  00001dc8  8fc20000	lw	r2,(r30)
 1221  00001dcc  ac220000	sw	(r1),r2
 1222  00001dd0          	L76_LF2:
 1223  00001dd0  8fc10000	lw	r1,(r30)
 1224  00001dd4  90220000	lbu	r2,(r1)
 1225  00001dd8  64410000	snei	r1,r2,#0
 1226  00001ddc  14200010	bnez	r1,L77_LF2
 1227  00001de0  54000000	nop; delay slot nop
 1228  00001de4  8fc1fff4	lw	r1,-12(r30)
 1229  00001de8  08000294	j	L72_LF2
 1230  00001dec  54000000	nop; delay slot nop
 1231  00001df0          	L77_LF2:
 1232  00001df0  8fc10000	lw	r1,(r30)
 1233  00001df4  90220000	lbu	r2,(r1)
 1234  00001df8  6041002d	seqi	r1,r2,#45
 1235  00001dfc  10200024	beqz	r1,L78_LF2
 1236  00001e00  54000000	nop; delay slot nop
 1237  00001e04  2001ffff	addi	r1,r0,#-1
 1238  00001e08  afc1ffec	sw	-20(r30),r1
 1239  00001e0c  8fc20000	lw	r2,(r30)
 1240  00001e10  20410001	addi	r1,r2,#1
 1241  00001e14  00011020	add	r2,r0,r1
 1242  00001e18  afc20000	sw	(r30),r2
 1243  00001e1c  0800000c	j	L79_LF2
 1244  00001e20  54000000	nop; delay slot nop
 1245  00001e24          	L78_LF2:
 1246  00001e24  20010001	addi	r1,r0,#1
 1247  00001e28  afc1ffec	sw	-20(r30),r1
 1248  00001e2c          	L79_LF2:
 1249  00001e2c  8fc10008	lw	r1,8(r30)
 1250  00001e30  64220000	snei	r2,r1,#0
 1251  00001e34  14400090	bnez	r2,L80_LF2
 1252  00001e38  54000000	nop; delay slot nop
 1253  00001e3c  8fc10000	lw	r1,(r30)
 1254  00001e40  90220000	lbu	r2,(r1)
 1255  00001e44  60410030	seqi	r1,r2,#48
 1256  00001e48  10200074	beqz	r1,L81_LF2
 1257  00001e4c  54000000	nop; delay slot nop
 1258  00001e50  8fc20000	lw	r2,(r30)
 1259  00001e54  20410001	addi	r1,r2,#1
 1260  00001e58  00011020	add	r2,r0,r1
 1261  00001e5c  afc20000	sw	(r30),r2
 1262  00001e60  8fc10000	lw	r1,(r30)
 1263  00001e64  90220000	lbu	r2,(r1)
 1264  00001e68  60410078	seqi	r1,r2,#120
 1265  00001e6c  14200020	bnez	r1,L83_LF2
 1266  00001e70  54000000	nop; delay slot nop
 1267  00001e74  8fc10000	lw	r1,(r30)
 1268  00001e78  90220000	lbu	r2,(r1)
 1269  00001e7c  60410058	seqi	r1,r2,#88
 1270  00001e80  1420000c	bnez	r1,L83_LF2
 1271  00001e84  54000000	nop; delay slot nop
 1272  00001e88  08000024	j	L82_LF2
 1273  00001e8c  54000000	nop; delay slot nop
 1274  00001e90          	L83_LF2:
 1275  00001e90  20010010	addi	r1,r0,#16
 1276  00001e94  afc10008	sw	8(r30),r1
 1277  00001e98  8fc20000	lw	r2,(r30)
 1278  00001e9c  20410001	addi	r1,r2,#1
 1279  00001ea0  00011020	add	r2,r0,r1
 1280  00001ea4  afc20000	sw	(r30),r2
 1281  00001ea8  0800000c	j	L84_LF2
 1282  00001eac  54000000	nop; delay slot nop
 1283  00001eb0          	L82_LF2:
 1284  00001eb0  20010008	addi	r1,r0,#8
 1285  00001eb4  afc10008	sw	8(r30),r1
 1286  00001eb8          	L84_LF2:
 1287  00001eb8  0800000c	j	L80_LF2
 1288  00001ebc  54000000	nop; delay slot nop
 1289  00001ec0          	L81_LF2:
 1290  00001ec0  2001000a	addi	r1,r0,#10
 1291  00001ec4  afc10008	sw	8(r30),r1
 1292  00001ec8          	L85_LF2:
 1293  00001ec8          	L80_LF2:
 1294  00001ec8  8fc10008	lw	r1,8(r30)
 1295  00001ecc  70220000	slei	r2,r1,#0
 1296  00001ed0  1440001c	bnez	r2,L87_LF2
 1297  00001ed4  54000000	nop; delay slot nop
 1298  00001ed8  8fc10008	lw	r1,8(r30)
 1299  00001edc  6c220010	sgti	r2,r1,#16
 1300  00001ee0  1440000c	bnez	r2,L87_LF2
 1301  00001ee4  54000000	nop; delay slot nop
 1302  00001ee8  08000010	j	L86_LF2
 1303  00001eec  54000000	nop; delay slot nop
 1304  00001ef0          	L87_LF2:
 1305  00001ef0  8fc1fff4	lw	r1,-12(r30)
 1306  00001ef4  08000188	j	L72_LF2
 1307  00001ef8  54000000	nop; delay slot nop
 1308  00001efc          	L86_LF2:
 1309  00001efc  54000000	nop
 1310  00001f00          	L88_LF2:
 1311  00001f00  8fc10000	lw	r1,(r30)
 1312  00001f04  90220000	lbu	r2,(r1)
 1313  00001f08  6c41002f	sgtui	r1,r2,#47
 1314  00001f0c  10200030	beqz	r1,L91_LF2
 1315  00001f10  54000000	nop; delay slot nop
 1316  00001f14  8fc10000	lw	r1,(r30)
 1317  00001f18  90220000	lbu	r2,(r1)
 1318  00001f1c  70410039	sleui	r1,r2,#57
 1319  00001f20  1020001c	beqz	r1,L91_LF2
 1320  00001f24  54000000	nop; delay slot nop
 1321  00001f28  8fc10000	lw	r1,(r30)
 1322  00001f2c  90220000	lbu	r2,(r1)
 1323  00001f30  2041ffd0	addi	r1,r2,#-48
 1324  00001f34  afc1fff0	sw	-16(r30),r1
 1325  00001f38  0800008c	j	L92_LF2
 1326  00001f3c  54000000	nop; delay slot nop
 1327  00001f40          	L91_LF2:
 1328  00001f40  8fc10000	lw	r1,(r30)
 1329  00001f44  90220000	lbu	r2,(r1)
 1330  00001f48  6c410060	sgtui	r1,r2,#96
 1331  00001f4c  10200030	beqz	r1,L93_LF2
 1332  00001f50  54000000	nop; delay slot nop
 1333  00001f54  8fc10000	lw	r1,(r30)
 1334  00001f58  90220000	lbu	r2,(r1)
 1335  00001f5c  7041007a	sleui	r1,r2,#122
 1336  00001f60  1020001c	beqz	r1,L93_LF2
 1337  00001f64  54000000	nop; delay slot nop
 1338  00001f68  8fc10000	lw	r1,(r30)
 1339  00001f6c  90220000	lbu	r2,(r1)
 1340  00001f70  2041ffa9	addi	r1,r2,#-87
 1341  00001f74  afc1fff0	sw	-16(r30),r1
 1342  00001f78  0800004c	j	L92_LF2
 1343  00001f7c  54000000	nop; delay slot nop
 1344  00001f80          	L93_LF2:
 1345  00001f80  8fc10000	lw	r1,(r30)
 1346  00001f84  90220000	lbu	r2,(r1)
 1347  00001f88  6c410040	sgtui	r1,r2,#64
 1348  00001f8c  10200030	beqz	r1,L95_LF2
 1349  00001f90  54000000	nop; delay slot nop
 1350  00001f94  8fc10000	lw	r1,(r30)
 1351  00001f98  90220000	lbu	r2,(r1)
 1352  00001f9c  7041005a	sleui	r1,r2,#90
 1353  00001fa0  1020001c	beqz	r1,L95_LF2
 1354  00001fa4  54000000	nop; delay slot nop
 1355  00001fa8  8fc10000	lw	r1,(r30)
 1356  00001fac  90220000	lbu	r2,(r1)
 1357  00001fb0  2041ffc9	addi	r1,r2,#-55
 1358  00001fb4  afc1fff0	sw	-16(r30),r1
 1359  00001fb8  0800000c	j	L92_LF2
 1360  00001fbc  54000000	nop; delay slot nop
 1361  00001fc0          	L95_LF2:
 1362  00001fc0  200103e8	addi	r1,r0,#1000
 1363  00001fc4  afc1fff0	sw	-16(r30),r1
 1364  00001fc8          	L96_LF2:
 1365  00001fc8          	L94_LF2:
 1366  00001fc8          	L92_LF2:
 1367  00001fc8  8fc1fff0	lw	r1,-16(r30)
 1368  00001fcc  8fc20008	lw	r2,8(r30)
 1369  00001fd0  0022082a	slt	r1,r1,r2
 1370  00001fd4  10200040	beqz	r1,L90_LF2
 1371  00001fd8  54000000	nop; delay slot nop
 1372  00001fdc  8fc1fff4	lw	r1,-12(r30)
 1373  00001fe0  8fc20008	lw	r2,8(r30)
 1374  00001fe4  00200035	movi2fp	f0,r1
 1375  00001fe8  00400835	movi2fp	f1,r2
 1376  00001fec  0401000e	mult	f0,f0,f1
 1377  00001ff0  00000834	movfp2i	r1,f0
 1378  00001ff4  afc1fff4	sw	-12(r30),r1
 1379  00001ff8  8fc1fff4	lw	r1,-12(r30)
 1380  00001ffc  8fc2fff0	lw	r2,-16(r30)
 1381  00002000  00220820	add	r1,r1,r2
 1382  00002004  afc1fff4	sw	-12(r30),r1
 1383  00002008  8fc20000	lw	r2,(r30)
 1384  0000200c  20410001	addi	r1,r2,#1
 1385  00002010  00011020	add	r2,r0,r1
 1386  00002014  afc20000	sw	(r30),r2
 1387  00002018          	L97_LF2:
 1388  00002018          	L90_LF2:
 1389  00002018  8fc1fff0	lw	r1,-16(r30)
 1390  0000201c  8fc20008	lw	r2,8(r30)
 1391  00002020  0022082a	slt	r1,r1,r2
 1392  00002024  1420000c	bnez	r1,L98_LF2
 1393  00002028  54000000	nop; delay slot nop
 1394  0000202c  0800000c	j	L89_LF2
 1395  00002030  54000000	nop; delay slot nop
 1396  00002034          	L98_LF2:
 1397  00002034  0bfffec8	j	L88_LF2
 1398  00002038  54000000	nop; delay slot nop
 1399  0000203c          	L89_LF2:
 1400  0000203c  8fc10004	lw	r1,4(r30)
 1401  00002040  64220000	snei	r2,r1,#0
 1402  00002044  10400010	beqz	r2,L99_LF2
 1403  00002048  54000000	nop; delay slot nop
 1404  0000204c  8fc10004	lw	r1,4(r30)
 1405  00002050  8fc20000	lw	r2,(r30)
 1406  00002054  ac220000	sw	(r1),r2
 1407  00002058          	L99_LF2:
 1408  00002058  8fc1fff4	lw	r1,-12(r30)
 1409  0000205c  8fc2ffec	lw	r2,-20(r30)
 1410  00002060  00200035	movi2fp	f0,r1
 1411  00002064  00400835	movi2fp	f1,r2
 1412  00002068  0401000e	mult	f0,f0,f1
 1413  0000206c  00000834	movfp2i	r1,f0
 1414  00002070  afc1fff4	sw	-12(r30),r1
 1415  00002074  8fc1fff4	lw	r1,-12(r30)
 1416  00002078  08000004	j	L72_LF2
 1417  0000207c  54000000	nop; delay slot nop
 1418  00002080          	L72_LF2:
 1419  00002080  8fa20000	lw	r2,0(r29)
 1420  00002084  8fdffff8	lw	r31,-8(r30)
 1421  00002088  001ee820	add	r29,r0,r30
 1422  0000208c  8fdefffc	lw	r30,-4(r30)
 1423  00002090  4be00000	jr	r31
 1424  00002094  54000000	nop
 1425  00002098          	.endproc _dstrtol
 1426  00002098          	.align 2
 1427  00002098          	.proc _bcopy
 1428  00002098          	.global _bcopy
 1429  00002098          	_bcopy:
 1430                      ;  Function 'bcopy'; 0 bytes of locals, 2 regs to save.
 1431  00002098  afbefffc	sw	-4(r29),r30; push fp
 1432  0000209c  001df020	add	r30,r0,r29; fp = sp
 1433  000020a0  afbffff8	sw	-8(r29),r31; push ret addr
 1434  000020a4  2fbd0010	subui	r29,r29,#16; alloc local storage
 1435  000020a8  afa20000	sw	0(r29),r2
 1436  000020ac  afa30004	sw	4(r29),r3
 1437  000020b0  54000000	nop
 1438  000020b4          	L101_LF2:
 1439  000020b4  8fc10008	lw	r1,8(r30)
 1440  000020b8  2022ffff	addi	r2,r1,#-1
 1441  000020bc  afc20008	sw	8(r30),r2
 1442  000020c0  6c210000	sgti	r1,r1,#0
 1443  000020c4  1420000c	bnez	r1,L103_LF2
 1444  000020c8  54000000	nop; delay slot nop
 1445  000020cc  0800002c	j	L102_LF2
 1446  000020d0  54000000	nop; delay slot nop
 1447  000020d4          	L103_LF2:
 1448  000020d4  8fc10004	lw	r1,4(r30)
 1449  000020d8  20220001	addi	r2,r1,#1
 1450  000020dc  afc20004	sw	4(r30),r2
 1451  000020e0  8fc20000	lw	r2,(r30)
 1452  000020e4  20430001	addi	r3,r2,#1
 1453  000020e8  afc30000	sw	(r30),r3
 1454  000020ec  80420000	lb	r2,(r2)
 1455  000020f0  a0220000	sb	(r1),r2
 1456  000020f4  0bffffbc	j	L101_LF2
 1457  000020f8  54000000	nop; delay slot nop
 1458  000020fc          	L102_LF2:
 1459  000020fc          	L100_LF2:
 1460  000020fc  8fa20000	lw	r2,0(r29)
 1461  00002100  8fa30004	lw	r3,4(r29)
 1462  00002104  8fdffff8	lw	r31,-8(r30)
 1463  00002108  001ee820	add	r29,r0,r30
 1464  0000210c  8fdefffc	lw	r30,-4(r30)
 1465  00002110  4be00000	jr	r31
 1466  00002114  54000000	nop
 1467  00002118          	.endproc _bcopy
 1468  00002118          	.align 2
 1469  00002118          	.proc _bzero
 1470  00002118          	.global _bzero
 1471  00002118          	_bzero:
 1472                      ;  Function 'bzero'; 0 bytes of locals, 1 regs to save.
 1473  00002118  afbefffc	sw	-4(r29),r30; push fp
 1474  0000211c  001df020	add	r30,r0,r29; fp = sp
 1475  00002120  afbffff8	sw	-8(r29),r31; push ret addr
 1476  00002124  2fbd0010	subui	r29,r29,#16; alloc local storage
 1477  00002128  afa20000	sw	0(r29),r2
 1478  0000212c  54000000	nop
 1479  00002130          	L105_LF2:
 1480  00002130  8fc10004	lw	r1,4(r30)
 1481  00002134  2022ffff	addi	r2,r1,#-1
 1482  00002138  afc20004	sw	4(r30),r2
 1483  0000213c  6c210000	sgti	r1,r1,#0
 1484  00002140  1420000c	bnez	r1,L107_LF2
 1485  00002144  54000000	nop; delay slot nop
 1486  00002148  08000020	j	L106_LF2
 1487  0000214c  54000000	nop; delay slot nop
 1488  00002150          	L107_LF2:
 1489  00002150  8fc10000	lw	r1,(r30)
 1490  00002154  20220001	addi	r2,r1,#1
 1491  00002158  afc20000	sw	(r30),r2
 1492  0000215c  20020000	addi	r2,r0,(#0x0)&0xff
 1493  00002160  a0220000	sb	(r1),r2
 1494  00002164  0bffffc8	j	L105_LF2
 1495  00002168  54000000	nop; delay slot nop
 1496  0000216c          	L106_LF2:
 1497  0000216c          	L104_LF2:
 1498  0000216c  8fa20000	lw	r2,0(r29)
 1499  00002170  8fdffff8	lw	r31,-8(r30)
 1500  00002174  001ee820	add	r29,r0,r30
 1501  00002178  8fdefffc	lw	r30,-4(r30)
 1502  0000217c  4be00000	jr	r31
 1503  00002180  54000000	nop
 1504  00002184          	.endproc _bzero
 1505  00002184          	.align 2
 1506  00002184          	.proc _min
 1507  00002184          	.global _min
 1508  00002184          	_min:
 1509                      ;  Function 'min'; 0 bytes of locals, 2 regs to save.
 1510  00002184  afbefffc	sw	-4(r29),r30; push fp
 1511  00002188  001df020	add	r30,r0,r29; fp = sp
 1512  0000218c  afbffff8	sw	-8(r29),r31; push ret addr
 1513  00002190  2fbd0010	subui	r29,r29,#16; alloc local storage
 1514  00002194  afa20000	sw	0(r29),r2
 1515  00002198  afa30004	sw	4(r29),r3
 1516  0000219c  8fc10000	lw	r1,(r30)
 1517  000021a0  8fc20004	lw	r2,4(r30)
 1518  000021a4  0022182c	sle	r3,r1,r2
 1519  000021a8  14600008	bnez	r3,L109_LF2
 1520  000021ac  54000000	nop; delay slot nop
 1521  000021b0  8fc10004	lw	r1,4(r30)
 1522  000021b4          	L109_LF2:
 1523  000021b4  08000004	j	L108_LF2
 1524  000021b8  54000000	nop; delay slot nop
 1525  000021bc          	L108_LF2:
 1526  000021bc  8fa20000	lw	r2,0(r29)
 1527  000021c0  8fa30004	lw	r3,4(r29)
 1528  000021c4  8fdffff8	lw	r31,-8(r30)
 1529  000021c8  001ee820	add	r29,r0,r30
 1530  000021cc  8fdefffc	lw	r30,-4(r30)
 1531  000021d0  4be00000	jr	r31
 1532  000021d4  54000000	nop
 1533  000021d8          	.endproc _min
 1534                      ;;; Ethan L. Miller, 1999.  Released to the public domain
 1535                      ;;;
 1536                      ;;; Most of the traps are called in files from libtraps.
 1539  000021d8          	.align 2
 1540  000021d8          	.proc _exit
 1541  000021d8          	.global _exit
 1542  000021d8          	_exit:
 1543  000021d8  44000300	trap	#0x300
 1544  000021dc  4be00000	jr	r31
 1545  000021e0  54000000	nop
 1546  000021e4          	.endproc _exit
 1548                      ; for the benefit of gcc.
 1549  000021e4          	.proc ___main
 1550  000021e4          	.global ___main
 1551  000021e4          	___main:
 1552  000021e4  4be00000	jr	r31
 1553  000021e8  54000000	nop
 1554  000021ec          	.endproc ___main
 1555  000021ec          	.text
 1556  000021ec          	.global _etext
 1557  000021ec          	_etext:
 1558  000021ec          	.align 3
 1559  000021f0          	.data
 1560  0000312a          	.global _edata
 1561  0000312a          	_edata:
