 line   address	contents
    1                      ; Linked by DLX-LD.
    2                      ; MemSize 24576
    3                      ; Data size: 517
    4                      ; Text size: 5216
    5                      ; Stack size: 8192
    6  00000000          	.text 0x1000
    7  00001000          	.data 0x3000
    8                      ; Compiled by GCC
    9  00003000          	.text
   10  00001000          	.align 2
   11  00001000          	.proc _isspace
   12  00001000          	.global _isspace
   13  00001000          	_isspace:
   14                      ;  Function 'isspace'; 0 bytes of locals, 1 regs to save.
   15  00001000  afbefffc	sw	-4(r29),r30; push fp
   16  00001004  001df020	add	r30,r0,r29; fp = sp
   17  00001008  afbffff8	sw	-8(r29),r31; push ret addr
   18  0000100c  2fbd0010	subui	r29,r29,#16; alloc local storage
   19  00001010  afa20000	sw	0(r29),r2
   20  00001014  83c20003	lb	r2,3(r30)
   21  00001018  201f0000	addi	r31,r0,#0
   22  0000101c  304100ff	andi	r1,r2,#0x00ff
   23  00001020  60210020	seqi	r1,r1,#32
   24  00001024  14200018	bnez	r1,L6_LF0
   25  00001028  54000000	nop; not filled.
   26  0000102c  2041fff7	addi	r1,r2,#-9
   27  00001030  302100ff	andi	r1,r1,#0x00ff
   28  00001034  70210001	sleui	r1,r1,#1
   29  00001038  10200008	beqz	r1,L5_LF0
   30  0000103c  54000000	nop; not filled.
   31  00001040          	L6_LF0:
   32  00001040  201f0001	addi	r31,r0,#1
   33  00001044          	L5_LF0:
   34  00001044  001f0820	add	r1,r0,r31
   35  00001048  8fa20000	lw	r2,0(r29)
   36  0000104c  8fdffff8	lw	r31,-8(r30)
   37  00001050  001ee820	add	r29,r0,r30
   38  00001054  8fdefffc	lw	r30,-4(r30)
   39  00001058  4be00000	jr	r31
   40  0000105c  54000000	nop
   41  00001060          	.endproc _isspace
   42  00001060          	.align 2
   43  00001060          	.proc _isxdigit
   44  00001060          	.global _isxdigit
   45  00001060          	_isxdigit:
   46                      ;  Function 'isxdigit'; 0 bytes of locals, 1 regs to save.
   47  00001060  afbefffc	sw	-4(r29),r30; push fp
   48  00001064  001df020	add	r30,r0,r29; fp = sp
   49  00001068  afbffff8	sw	-8(r29),r31; push ret addr
   50  0000106c  2fbd0010	subui	r29,r29,#16; alloc local storage
   51  00001070  afa20000	sw	0(r29),r2
   52  00001074  83df0003	lb	r31,3(r30)
   53  00001078  20020000	addi	r2,r0,#0
   54  0000107c  23e1ffd0	addi	r1,r31,#-48
   55  00001080  302100ff	andi	r1,r1,#0x00ff
   56  00001084  70210009	sleui	r1,r1,#9
   57  00001088  14200028	bnez	r1,L12_LF0
   58  0000108c  54000000	nop; not filled.
   59  00001090  23e1ff9f	addi	r1,r31,#-97
   60  00001094  302100ff	andi	r1,r1,#0x00ff
   61  00001098  70210005	sleui	r1,r1,#5
   62  0000109c  14200014	bnez	r1,L12_LF0
   63  000010a0  54000000	nop; not filled.
   64  000010a4  33e100ff	andi	r1,r31,#0x00ff
   65  000010a8  64210041	snei	r1,r1,#65
   66  000010ac  14200008	bnez	r1,L11_LF0
   67  000010b0  54000000	nop; not filled.
   68  000010b4          	L12_LF0:
   69  000010b4  20020001	addi	r2,r0,#1
   70  000010b8          	L11_LF0:
   71  000010b8  00020820	add	r1,r0,r2
   72  000010bc  8fa20000	lw	r2,0(r29)
   73  000010c0  8fdffff8	lw	r31,-8(r30)
   74  000010c4  001ee820	add	r29,r0,r30
   75  000010c8  8fdefffc	lw	r30,-4(r30)
   76  000010cc  4be00000	jr	r31
   77  000010d0  54000000	nop
   78  000010d4          	.endproc _isxdigit
   79  000010d4          	.data
   80  00003000          	.align 2
   81  00003000          	LC0_LF0:
   82  00003000  483200  	.ascii "H2\000"
   83  00003003          	.align 2
   84  00003004          	LC1_LF0:
   85  00003004  4f3200  	.ascii "O2\000"
   86  00003007          	.align 2
   87  00003008          	LC2_LF0:
   88  00003008  55736167	.ascii "Usage: \000"
   88  0000300c  653a2000	
   89  00003010          	.align 2
   90  00003010          	LC3_LF0:
   91  00003010  72656163	.ascii "reaction 1 (%d): Could not open the water mailbox!\n\000"
   91  00003014  74696f6e	
   91  00003018  20312028	
   91  0000301c  2564293a	
   91  00003020  20436f75	
   91  00003024  6c64206e	
   91  00003028  6f74206f	
   91  0000302c  70656e20	
   91  00003030  74686520	
   91  00003034  77617465	
   91  00003038  72206d61	
   91  0000303c  696c626f	
   91  00003040  78210a00	
   92  00003044          	.align 2
   93  00003044          	LC4_LF0:
   94  00003044  72656163	.ascii "reaction 1 (%d): Could not open the hydrogen mailbox!\n\000"
   94  00003048  74696f6e	
   94  0000304c  20312028	
   94  00003050  2564293a	
   94  00003054  20436f75	
   94  00003058  6c64206e	
   94  0000305c  6f74206f	
   94  00003060  70656e20	
   94  00003064  74686520	
   94  00003068  68796472	
   94  0000306c  6f67656e	
   94  00003070  206d6169	
   94  00003074  6c626f78	
   94  00003078  210a00  	
   95  0000307b          	.align 2
   96  0000307c          	LC5_LF0:
   97  0000307c  72656163	.ascii "reaction 1 (%d): Could not open the oxygen mailbox!\n\000"
   97  00003080  74696f6e	
   97  00003084  20312028	
   97  00003088  2564293a	
   97  0000308c  20436f75	
   97  00003090  6c64206e	
   97  00003094  6f74206f	
   97  00003098  70656e20	
   97  0000309c  74686520	
   97  000030a0  6f787967	
   97  000030a4  656e206d	
   97  000030a8  61696c62	
   97  000030ac  6f78210a	
   97  000030b0  00      	
   98  000030b1          	.align 2
   99  000030b4          	LC6_LF0:
  100  000030b4  42616420	.ascii "Bad water mailbox message receive in reaction 1\000"
  100  000030b8  77617465	
  100  000030bc  72206d61	
  100  000030c0  696c626f	
  100  000030c4  78206d65	
  100  000030c8  73736167	
  100  000030cc  65207265	
  100  000030d0  63656976	
  100  000030d4  6520696e	
  100  000030d8  20726561	
  100  000030dc  6374696f	
  100  000030e0  6e203100	
  101  000030e4          	.align 2
  102  000030e4          	LC7_LF0:
  103  000030e4  0a00    	.ascii "\n\000"
  104  000030e6          	.align 2
  105  000030e8          	LC8_LF0:
  106  000030e8  42616420	.ascii "Bad mailbox message sending of hydrogen mbox : (%d) in reaction 1\000"
  106  000030ec  6d61696c	
  106  000030f0  626f7820	
  106  000030f4  6d657373	
  106  000030f8  61676520	
  106  000030fc  73656e64	
  106  00003100  696e6720	
  106  00003104  6f662068	
  106  00003108  7964726f	
  106  0000310c  67656e20	
  106  00003110  6d626f78	
  106  00003114  203a2028	
  106  00003118  25642920	
  106  0000311c  696e2072	
  106  00003120  65616374	
  106  00003124  696f6e20	
  106  00003128  3100    	
  107  0000312a          	.align 2
  108  0000312c          	LC9_LF0:
  109  0000312c  43726561	.ascii "Created new hydrogen (H2) molecule\n\000"
  109  00003130  74656420	
  109  00003134  6e657720	
  109  00003138  68796472	
  109  0000313c  6f67656e	
  109  00003140  20284832	
  109  00003144  29206d6f	
  109  00003148  6c656375	
  109  0000314c  6c650a00	
  110  00003150          	.align 2
  111  00003150          	LC10_LF0:
  112  00003150  42616420	.ascii "Bad mailbox message sending for oxygen mbox : %d in reaction 1 : (%d)\n"
  112  00003154  6d61696c	
  112  00003158  626f7820	
  112  0000315c  6d657373	
  112  00003160  61676520	
  112  00003164  73656e64	
  112  00003168  696e6720	
  112  0000316c  666f7220	
  112  00003170  6f787967	
  112  00003174  656e206d	
  112  00003178  626f7820	
  112  0000317c  3a202564	
  112  00003180  20696e20	
  112  00003184  72656163	
  112  00003188  74696f6e	
  112  0000318c  2031203a	
  112  00003190  20282564	
  112  00003194  290a    	
  113  00003196  00      	.ascii "\000"
  114  00003197          	.align 2
  115  00003198          	LC11_LF0:
  116  00003198  2c206578	.ascii ", exiting...\n\000"
  116  0000319c  6974696e	
  116  000031a0  672e2e2e	
  116  000031a4  0a00    	
  117  000031a6          	.align 2
  118  000031a8          	LC12_LF0:
  119  000031a8  43726561	.ascii "Created new oxygen (O2) molecule\n\000"
  119  000031ac  74656420	
  119  000031b0  6e657720	
  119  000031b4  6f787967	
  119  000031b8  656e2028	
  119  000031bc  4f322920	
  119  000031c0  6d6f6c65	
  119  000031c4  63756c65	
  119  000031c8  0a00    	
  120  000031ca          	.align 2
  121  000031cc          	LC13_LF0:
  122  000031cc  42616420	.ascii "Bad semaphore for proc sem increment in reaction 1 : %d \000"
  122  000031d0  73656d61	
  122  000031d4  70686f72	
  122  000031d8  6520666f	
  122  000031dc  72207072	
  122  000031e0  6f632073	
  122  000031e4  656d2069	
  122  000031e8  6e637265	
  122  000031ec  6d656e74	
  122  000031f0  20696e20	
  122  000031f4  72656163	
  122  000031f8  74696f6e	
  122  000031fc  2031203a	
  122  00003200  20256420	
  122  00003204  00      	
  123  00003205          	.text
  124  000010d4          	.align 2
  125  000010d4          	.proc _main
  126  000010d4          	.global _main
  127  000010d4          	_main:
  128                      ;  Function 'main'; 24 bytes of locals, 0 regs to save.
  129  000010d4  afbefffc	sw	-4(r29),r30; push fp
  130  000010d8  001df020	add	r30,r0,r29; fp = sp
  131  000010dc  afbffff8	sw	-8(r29),r31; push ret addr
  132  000010e0  2fbd0020	subui	r29,r29,#32; alloc local storage
  133  000010e4  8fc20000	lw	r2,(r30)
  134  000010e8  8fc50004	lw	r5,4(r30)
  135  000010ec  0c001368	jal	___main
  136  000010f0  54000000	nop; not filled.
  137  000010f4  3c010000	lhi	r1,((LC0_LF0)>>16)&0xffff
  138  000010f8  24213000	addui	r1,r1,(LC0_LF0)&0xffff
  139  000010fc  80290000	lb	r9,(r1)
  140  00001100  a3c9ffe8	sb	-24(r30),r9
  141  00001104  80290001	lb	r9,1(r1)
  142  00001108  a3c9ffe9	sb	-23(r30),r9
  143  0000110c  80210002	lb	r1,2(r1)
  144  00001110  a3c1ffea	sb	-22(r30),r1
  145  00001114  3c010000	lhi	r1,((LC1_LF0)>>16)&0xffff
  146  00001118  24213004	addui	r1,r1,(LC1_LF0)&0xffff
  147  0000111c  80290000	lb	r9,(r1)
  148  00001120  a3c9ffe0	sb	-32(r30),r9
  149  00001124  80290001	lb	r9,1(r1)
  150  00001128  a3c9ffe1	sb	-31(r30),r9
  151  0000112c  80210002	lb	r1,2(r1)
  152  00001130  a3c1ffe2	sb	-30(r30),r1
  153  00001134  64410007	snei	r1,r2,#7
  154  00001138  10200038	beqz	r1,L14_LF0
  155  0000113c  54000000	nop; not filled.
  156  00001140  23bdfff8	addi	r29,r29,#-8
  157  00001144  3c090000	lhi	r9,((LC2_LF0)>>16)&0xffff
  158  00001148  25293008	addui	r9,r9,(LC2_LF0)&0xffff
  159  0000114c  afa90000	sw	(r29),r9
  160  00001150  0c000454	jal	_Printf
  161  00001154  54000000	nop; not filled.
  162  00001158  8ca90000	lw	r9,(r5)
  163  0000115c  afa90000	sw	(r29),r9
  164  00001160  0c000444	jal	_Printf
  165  00001164  54000000	nop; not filled.
  166  00001168  0c000544	jal	_Exit
  167  0000116c  54000000	nop; not filled.
  168  00001170  23bd0008	addi	r29,r29,#8
  169  00001174          	L14_LF0:
  170  00001174  23bdfff0	addi	r29,r29,#-16
  171  00001178  8ca9000c	lw	r9,12(r5)
  172  0000117c  afa90000	sw	(r29),r9
  173  00001180  20090000	addi	r9,r0,#0
  174  00001184  afa90004	sw	4(r29),r9
  175  00001188  2009000a	addi	r9,r0,#10
  176  0000118c  afa90008	sw	8(r29),r9
  177  00001190  0c000dc8	jal	_dstrtol
  178  00001194  54000000	nop; not filled.
  179  00001198  00011820	add	r3,r0,r1
  180  0000119c  8ca90010	lw	r9,16(r5)
  181  000011a0  afa90000	sw	(r29),r9
  182  000011a4  20090000	addi	r9,r0,#0
  183  000011a8  afa90004	sw	4(r29),r9
  184  000011ac  2009000a	addi	r9,r0,#10
  185  000011b0  afa90008	sw	8(r29),r9
  186  000011b4  0c000da4	jal	_dstrtol
  187  000011b8  54000000	nop; not filled.
  188  000011bc  00013020	add	r6,r0,r1
  189  000011c0  8ca90014	lw	r9,20(r5)
  190  000011c4  afa90000	sw	(r29),r9
  191  000011c8  20090000	addi	r9,r0,#0
  192  000011cc  afa90004	sw	4(r29),r9
  193  000011d0  2009000a	addi	r9,r0,#10
  194  000011d4  afa90008	sw	8(r29),r9
  195  000011d8  0c000d80	jal	_dstrtol
  196  000011dc  54000000	nop; not filled.
  197  000011e0  00013820	add	r7,r0,r1
  198  000011e4  8ca90018	lw	r9,24(r5)
  199  000011e8  afa90000	sw	(r29),r9
  200  000011ec  20090000	addi	r9,r0,#0
  201  000011f0  afa90004	sw	4(r29),r9
  202  000011f4  2009000a	addi	r9,r0,#10
  203  000011f8  afa90008	sw	8(r29),r9
  204  000011fc  0c000d5c	jal	_dstrtol
  205  00001200  54000000	nop; not filled.
  206  00001204  00014020	add	r8,r0,r1
  207  00001208  afa30000	sw	(r29),r3
  208  0000120c  0c000458	jal	_mbox_open
  209  00001210  54000000	nop; not filled.
  210  00001214  23bd0010	addi	r29,r29,#16
  211  00001218  6021ffff	seqi	r1,r1,#-1
  212  0000121c  10200034	beqz	r1,L15_LF0
  213  00001220  54000000	nop; not filled.
  214  00001224  0c00038c	jal	_getpid
  215  00001228  54000000	nop; not filled.
  216  0000122c  23bdfff8	addi	r29,r29,#-8
  217  00001230  3c090000	lhi	r9,((LC3_LF0)>>16)&0xffff
  218  00001234  25293010	addui	r9,r9,(LC3_LF0)&0xffff
  219  00001238  afa90000	sw	(r29),r9
  220  0000123c  afa10004	sw	4(r29),r1
  221  00001240  0c000364	jal	_Printf
  222  00001244  54000000	nop; not filled.
  223  00001248  0c000464	jal	_Exit
  224  0000124c  54000000	nop; not filled.
  225  00001250  23bd0008	addi	r29,r29,#8
  226  00001254          	L15_LF0:
  227  00001254  23bdfff8	addi	r29,r29,#-8
  228  00001258  afa60000	sw	(r29),r6
  229  0000125c  0c000408	jal	_mbox_open
  230  00001260  54000000	nop; not filled.
  231  00001264  23bd0008	addi	r29,r29,#8
  232  00001268  6021ffff	seqi	r1,r1,#-1
  233  0000126c  10200034	beqz	r1,L16_LF0
  234  00001270  54000000	nop; not filled.
  235  00001274  0c00033c	jal	_getpid
  236  00001278  54000000	nop; not filled.
  237  0000127c  23bdfff8	addi	r29,r29,#-8
  238  00001280  3c090000	lhi	r9,((LC4_LF0)>>16)&0xffff
  239  00001284  25293044	addui	r9,r9,(LC4_LF0)&0xffff
  240  00001288  afa90000	sw	(r29),r9
  241  0000128c  afa10004	sw	4(r29),r1
  242  00001290  0c000314	jal	_Printf
  243  00001294  54000000	nop; not filled.
  244  00001298  0c000414	jal	_Exit
  245  0000129c  54000000	nop; not filled.
  246  000012a0  23bd0008	addi	r29,r29,#8
  247  000012a4          	L16_LF0:
  248  000012a4  23bdfff8	addi	r29,r29,#-8
  249  000012a8  afa70000	sw	(r29),r7
  250  000012ac  0c0003b8	jal	_mbox_open
  251  000012b0  54000000	nop; not filled.
  252  000012b4  23bd0008	addi	r29,r29,#8
  253  000012b8  6021ffff	seqi	r1,r1,#-1
  254  000012bc  10200034	beqz	r1,L17_LF0
  255  000012c0  54000000	nop; not filled.
  256  000012c4  0c0002ec	jal	_getpid
  257  000012c8  54000000	nop; not filled.
  258  000012cc  23bdfff8	addi	r29,r29,#-8
  259  000012d0  3c090000	lhi	r9,((LC5_LF0)>>16)&0xffff
  260  000012d4  2529307c	addui	r9,r9,(LC5_LF0)&0xffff
  261  000012d8  afa90000	sw	(r29),r9
  262  000012dc  afa10004	sw	4(r29),r1
  263  000012e0  0c0002c4	jal	_Printf
  264  000012e4  54000000	nop; not filled.
  265  000012e8  0c0003c4	jal	_Exit
  266  000012ec  54000000	nop; not filled.
  267  000012f0  23bd0008	addi	r29,r29,#8
  268  000012f4          	L17_LF0:
  269  000012f4  20020000	addi	r2,r0,#0
  270  000012f8  23c4fff0	addi	r4,r30,#-16
  271  000012fc          	L21_LF0:
  272  000012fc  23bdfff0	addi	r29,r29,#-16
  273  00001300  afa30000	sw	(r29),r3
  274  00001304  20090004	addi	r9,r0,#4
  275  00001308  afa90004	sw	4(r29),r9
  276  0000130c  afa40008	sw	8(r29),r4
  277  00001310  0c000378	jal	_mbox_recv
  278  00001314  54000000	nop; not filled.
  279  00001318  23bd0010	addi	r29,r29,#16
  280  0000131c  64210001	snei	r1,r1,#1
  281  00001320  10200050	beqz	r1,L20_LF0
  282  00001324  54000000	nop; not filled.
  283  00001328  23bdfff8	addi	r29,r29,#-8
  284  0000132c  3c090000	lhi	r9,((LC6_LF0)>>16)&0xffff
  285  00001330  252930b4	addui	r9,r9,(LC6_LF0)&0xffff
  286  00001334  afa90000	sw	(r29),r9
  287  00001338  afa30004	sw	4(r29),r3
  288  0000133c  0c000268	jal	_Printf
  289  00001340  54000000	nop; not filled.
  290  00001344  8ca90000	lw	r9,(r5)
  291  00001348  afa90000	sw	(r29),r9
  292  0000134c  0c000258	jal	_Printf
  293  00001350  54000000	nop; not filled.
  294  00001354  3c090000	lhi	r9,((LC7_LF0)>>16)&0xffff
  295  00001358  252930e4	addui	r9,r9,(LC7_LF0)&0xffff
  296  0000135c  afa90000	sw	(r29),r9
  297  00001360  0c000244	jal	_Printf
  298  00001364  54000000	nop; not filled.
  299  00001368  0c000344	jal	_Exit
  300  0000136c  54000000	nop; not filled.
  301  00001370  23bd0008	addi	r29,r29,#8
  302  00001374          	L20_LF0:
  303  00001374  20420001	addi	r2,r2,#1
  304  00001378  70410001	slei	r1,r2,#1
  305  0000137c  1420ff7c	bnez	r1,L21_LF0
  306  00001380  54000000	nop; not filled.
  307  00001384  20020000	addi	r2,r0,#0
  308  00001388  23c4ffe8	addi	r4,r30,#-24
  309  0000138c          	L27_LF0:
  310  0000138c  23bdfff0	addi	r29,r29,#-16
  311  00001390  afa60000	sw	(r29),r6
  312  00001394  20090003	addi	r9,r0,#3
  313  00001398  afa90004	sw	4(r29),r9
  314  0000139c  afa40008	sw	8(r29),r4
  315  000013a0  0c0002dc	jal	_mbox_send
  316  000013a4  54000000	nop; not filled.
  317  000013a8  23bd0010	addi	r29,r29,#16
  318  000013ac  64210001	snei	r1,r1,#1
  319  000013b0  10200050	beqz	r1,L28_LF0
  320  000013b4  54000000	nop; not filled.
  321  000013b8  23bdfff8	addi	r29,r29,#-8
  322  000013bc  3c090000	lhi	r9,((LC8_LF0)>>16)&0xffff
  323  000013c0  252930e8	addui	r9,r9,(LC8_LF0)&0xffff
  324  000013c4  afa90000	sw	(r29),r9
  325  000013c8  afa30004	sw	4(r29),r3
  326  000013cc  0c0001d8	jal	_Printf
  327  000013d0  54000000	nop; not filled.
  328  000013d4  8ca90000	lw	r9,(r5)
  329  000013d8  afa90000	sw	(r29),r9
  330  000013dc  0c0001c8	jal	_Printf
  331  000013e0  54000000	nop; not filled.
  332  000013e4  3c090000	lhi	r9,((LC7_LF0)>>16)&0xffff
  333  000013e8  252930e4	addui	r9,r9,(LC7_LF0)&0xffff
  334  000013ec  afa90000	sw	(r29),r9
  335  000013f0  0c0001b4	jal	_Printf
  336  000013f4  54000000	nop; not filled.
  337  000013f8  0c0002b4	jal	_Exit
  338  000013fc  54000000	nop; not filled.
  339  00001400  23bd0008	addi	r29,r29,#8
  340  00001404          	L28_LF0:
  341  00001404  23bdfff8	addi	r29,r29,#-8
  342  00001408  3c090000	lhi	r9,((LC9_LF0)>>16)&0xffff
  343  0000140c  2529312c	addui	r9,r9,(LC9_LF0)&0xffff
  344  00001410  afa90000	sw	(r29),r9
  345  00001414  0c000190	jal	_Printf
  346  00001418  54000000	nop; not filled.
  347  0000141c  23bd0008	addi	r29,r29,#8
  348  00001420  20420001	addi	r2,r2,#1
  349  00001424  70410001	slei	r1,r2,#1
  350  00001428  1420ff60	bnez	r1,L27_LF0
  351  0000142c  54000000	nop; not filled.
  352  00001430  20020000	addi	r2,r0,#0
  353  00001434  23c3ffe0	addi	r3,r30,#-32
  354  00001438          	L33_LF0:
  355  00001438  23bdfff0	addi	r29,r29,#-16
  356  0000143c  afa70000	sw	(r29),r7
  357  00001440  20090003	addi	r9,r0,#3
  358  00001444  afa90004	sw	4(r29),r9
  359  00001448  afa30008	sw	8(r29),r3
  360  0000144c  0c000230	jal	_mbox_send
  361  00001450  54000000	nop; not filled.
  362  00001454  23bd0010	addi	r29,r29,#16
  363  00001458  64210001	snei	r1,r1,#1
  364  0000145c  10200058	beqz	r1,L34_LF0
  365  00001460  54000000	nop; not filled.
  366  00001464  0c00014c	jal	_getpid
  367  00001468  54000000	nop; not filled.
  368  0000146c  23bdfff8	addi	r29,r29,#-8
  369  00001470  3c090000	lhi	r9,((LC10_LF0)>>16)&0xffff
  370  00001474  25293150	addui	r9,r9,(LC10_LF0)&0xffff
  371  00001478  afa90000	sw	(r29),r9
  372  0000147c  afa10004	sw	4(r29),r1
  373  00001480  0c000124	jal	_Printf
  374  00001484  54000000	nop; not filled.
  375  00001488  8ca90000	lw	r9,(r5)
  376  0000148c  afa90000	sw	(r29),r9
  377  00001490  0c000114	jal	_Printf
  378  00001494  54000000	nop; not filled.
  379  00001498  3c090000	lhi	r9,((LC11_LF0)>>16)&0xffff
  380  0000149c  25293198	addui	r9,r9,(LC11_LF0)&0xffff
  381  000014a0  afa90000	sw	(r29),r9
  382  000014a4  0c000100	jal	_Printf
  383  000014a8  54000000	nop; not filled.
  384  000014ac  0c000200	jal	_Exit
  385  000014b0  54000000	nop; not filled.
  386  000014b4  23bd0008	addi	r29,r29,#8
  387  000014b8          	L34_LF0:
  388  000014b8  23bdfff8	addi	r29,r29,#-8
  389  000014bc  3c090000	lhi	r9,((LC12_LF0)>>16)&0xffff
  390  000014c0  252931a8	addui	r9,r9,(LC12_LF0)&0xffff
  391  000014c4  afa90000	sw	(r29),r9
  392  000014c8  0c0000dc	jal	_Printf
  393  000014cc  54000000	nop; not filled.
  394  000014d0  23bd0008	addi	r29,r29,#8
  395  000014d4  20420001	addi	r2,r2,#1
  396  000014d8  70410000	slei	r1,r2,#0
  397  000014dc  1420ff58	bnez	r1,L33_LF0
  398  000014e0  54000000	nop; not filled.
  399  000014e4  23bdfff8	addi	r29,r29,#-8
  400  000014e8  afa80000	sw	(r29),r8
  401  000014ec  0c00010c	jal	_sem_signal
  402  000014f0  54000000	nop; not filled.
  403  000014f4  23bd0008	addi	r29,r29,#8
  404  000014f8  64210001	snei	r1,r1,#1
  405  000014fc  10200058	beqz	r1,L36_LF0
  406  00001500  54000000	nop; not filled.
  407  00001504  0c0000ac	jal	_getpid
  408  00001508  54000000	nop; not filled.
  409  0000150c  23bdfff8	addi	r29,r29,#-8
  410  00001510  3c090000	lhi	r9,((LC13_LF0)>>16)&0xffff
  411  00001514  252931cc	addui	r9,r9,(LC13_LF0)&0xffff
  412  00001518  afa90000	sw	(r29),r9
  413  0000151c  afa10004	sw	4(r29),r1
  414  00001520  0c000084	jal	_Printf
  415  00001524  54000000	nop; not filled.
  416  00001528  8ca50000	lw	r5,(r5)
  417  0000152c  afa50000	sw	(r29),r5
  418  00001530  0c000074	jal	_Printf
  419  00001534  54000000	nop; not filled.
  420  00001538  3c090000	lhi	r9,((LC11_LF0)>>16)&0xffff
  421  0000153c  25293198	addui	r9,r9,(LC11_LF0)&0xffff
  422  00001540  afa90000	sw	(r29),r9
  423  00001544  0c000060	jal	_Printf
  424  00001548  54000000	nop; not filled.
  425  0000154c  0c000160	jal	_Exit
  426  00001550  54000000	nop; not filled.
  427  00001554  23bd0008	addi	r29,r29,#8
  428  00001558          	L36_LF0:
  429  00001558  0c000ef0	jal	_exit
  430  0000155c  54000000	nop
  431  00001560          	.endproc _main
  432                      ;;;
  433                      ;;; Stub functions for DLX traps.
  434                      ;;;
  435                      ;;; Ethan L. Miller, 1999.  Released to the public domain.
  436                      ;;;
  437                      ;;; The traps such as Open and Close
  438                      ;;; (note the capital letters) are for use by user programs.  The traps
  439                      ;;; with names such as open and close (lower case) are for use by the OS.
  440                      ;;;
  443  00001560          	.align 2
  445                      ;;; The following are the traps to be used by user-level programs
  446                      ;;;
  448  00001560          	.align 2
  449  00001560          	.proc _Open
  450  00001560          	.global _Open
  451  00001560          	_Open:
  452                      ;;; Note that trap #0x213 actually causes a trap vector in the OS of
  453                      ;;; 0x1213.  The same is true for other user traps.  Thus, a user trap
  454                      ;;; with trap #0x240 will result in a trap vector of 0x1240 in the OS.
  455  00001560  44000213	trap	#0x213
  456  00001564  4be00000	jr	r31
  457  00001568  54000000	nop
  458  0000156c          	.endproc _Open
  460  0000156c          	.proc _Close
  461  0000156c          	.global _Close
  462  0000156c          	_Close:
  463  0000156c  44000214	trap	#0x214
  464  00001570  4be00000	jr	r31
  465  00001574  54000000	nop
  466  00001578          	.endproc _Close
  468  00001578          	.proc _Read
  469  00001578          	.global _Read
  470  00001578          	_Read:
  471  00001578  44000210	trap	#0x210
  472  0000157c  4be00000	jr	r31
  473  00001580  54000000	nop
  474  00001584          	.endproc _Read
  476  00001584          	.proc _Write
  477  00001584          	.global _Write
  478  00001584          	_Write:
  479  00001584  44000211	trap	#0x211
  480  00001588  4be00000	jr	r31
  481  0000158c  54000000	nop
  482  00001590          	.endproc _Write
  484  00001590          	.proc _Lseek
  485  00001590          	.global _Lseek
  486  00001590          	_Lseek:
  487  00001590  44000212	trap	#0x212
  488  00001594  4be00000	jr	r31
  489  00001598  54000000	nop
  490  0000159c          	.endproc _Lseek
  492  0000159c          	.proc _Putchar
  493  0000159c          	.global _Putchar
  494  0000159c          	_Putchar:
  495  0000159c  44000280	trap	#0x280
  496  000015a0  4be00000	jr	r31
  497  000015a4  54000000	nop
  498  000015a8          	.endproc _Putchar
  500  000015a8          	.proc _Printf
  501  000015a8          	.global _Printf
  502  000015a8          	_Printf:
  503  000015a8  44000201	trap	#0x201
  504  000015ac  4be00000	jr	r31
  505  000015b0  54000000	nop
  506  000015b4          	.endproc _Printf
  508  000015b4          	.proc _getpid
  509  000015b4          	.global _getpid
  510  000015b4          	_getpid:
  511  000015b4  44000431	trap	#0x431
  512  000015b8  4be00000	jr	r31
  513  000015bc  54000000	nop
  514  000015c0          	.endproc _getpid
  516  000015c0          	.proc _process_create
  517  000015c0          	.global _process_create
  518  000015c0          	_process_create:
  519  000015c0  44000432	trap	#0x432
  520  000015c4  4be00000	jr	r31
  521  000015c8  54000000	nop
  522  000015cc          	.endproc _process_create
  524  000015cc          	.proc _shmget
  525  000015cc          	.global _shmget
  526  000015cc          	_shmget:
  527  000015cc  44000440	trap	#0x440
  528  000015d0  4be00000	jr	r31
  529  000015d4  54000000	nop
  530  000015d8          	.endproc _shmget
  532  000015d8          	.proc _shmat
  533  000015d8          	.global _shmat
  534  000015d8          	_shmat:
  535  000015d8  44000441	trap	#0x441
  536  000015dc  4be00000	jr	r31
  537  000015e0  54000000	nop
  538  000015e4          	.endproc _shmat
  540  000015e4          	.proc _sem_create
  541  000015e4          	.global _sem_create
  542  000015e4          	_sem_create:
  543  000015e4  44000450	trap	#0x450
  544  000015e8  4be00000	jr	r31
  545  000015ec  54000000	nop
  546  000015f0          	.endproc _sem_create
  548  000015f0          	.proc _sem_wait
  549  000015f0          	.global _sem_wait
  550  000015f0          	_sem_wait:
  551  000015f0  44000451	trap	#0x451
  552  000015f4  4be00000	jr	r31
  553  000015f8  54000000	nop
  554  000015fc          	.endproc _sem_wait
  556  000015fc          	.proc _sem_signal
  557  000015fc          	.global _sem_signal
  558  000015fc          	_sem_signal:
  559  000015fc  44000452	trap	#0x452
  560  00001600  4be00000	jr	r31
  561  00001604  54000000	nop
  562  00001608          	.endproc _sem_signal
  564  00001608          	.proc _lock_create
  565  00001608          	.global _lock_create
  566  00001608          	_lock_create:
  567  00001608  44000453	trap	#0x453
  568  0000160c  4be00000	jr	r31
  569  00001610  54000000	nop
  570  00001614          	.endproc _lock_create
  572  00001614          	.proc _lock_acquire
  573  00001614          	.global _lock_acquire
  574  00001614          	_lock_acquire:
  575  00001614  44000454	trap	#0x454
  576  00001618  4be00000	jr	r31
  577  0000161c  54000000	nop
  578  00001620          	.endproc _lock_acquire
  580  00001620          	.proc _lock_release
  581  00001620          	.global _lock_release
  582  00001620          	_lock_release:
  583  00001620  44000455	trap	#0x455
  584  00001624  4be00000	jr	r31
  585  00001628  54000000	nop
  586  0000162c          	.endproc _lock_release
  588  0000162c          	.proc _cond_create
  589  0000162c          	.global _cond_create
  590  0000162c          	_cond_create:
  591  0000162c  44000456	trap	#0x456
  592  00001630  4be00000	jr	r31
  593  00001634  54000000	nop
  594  00001638          	.endproc _cond_create
  596  00001638          	.proc _cond_wait
  597  00001638          	.global _cond_wait
  598  00001638          	_cond_wait:
  599  00001638  44000457	trap	#0x457
  600  0000163c  4be00000	jr	r31
  601  00001640  54000000	nop
  602  00001644          	.endproc _cond_wait
  604  00001644          	.proc _cond_signal
  605  00001644          	.global _cond_signal
  606  00001644          	_cond_signal:
  607  00001644  44000458	trap	#0x458
  608  00001648  4be00000	jr	r31
  609  0000164c  54000000	nop
  610  00001650          	.endproc _cond_signal
  612  00001650          	.proc _cond_broadcast
  613  00001650          	.global _cond_broadcast
  614  00001650          	_cond_broadcast:
  615  00001650  44000459	trap	#0x459
  616  00001654  4be00000	jr	r31
  617  00001658  54000000	nop
  618  0000165c          	.endproc _cond_broadcast
  620  0000165c          	.proc _mbox_create
  621  0000165c          	.global _mbox_create
  622  0000165c          	_mbox_create:
  623  0000165c  44000460	trap	#0x460
  624  00001660  4be00000	jr	r31
  625  00001664  54000000	nop
  626  00001668          	.endproc _mbox_create
  628  00001668          	.proc _mbox_open
  629  00001668          	.global _mbox_open
  630  00001668          	_mbox_open:
  631  00001668  44000461	trap	#0x461
  632  0000166c  4be00000	jr	r31
  633  00001670  54000000	nop
  634  00001674          	.endproc _mbox_open
  636  00001674          	.proc _mbox_close
  637  00001674          	.global _mbox_close
  638  00001674          	_mbox_close:
  639  00001674  44000462	trap	#0x462
  640  00001678  4be00000	jr	r31
  641  0000167c  54000000	nop
  642  00001680          	.endproc _mbox_close
  644  00001680          	.proc _mbox_send
  645  00001680          	.global _mbox_send
  646  00001680          	_mbox_send:
  647  00001680  44000463	trap	#0x463
  648  00001684  4be00000	jr	r31
  649  00001688  54000000	nop
  650  0000168c          	.endproc _mbox_send
  652  0000168c          	.proc _mbox_recv
  653  0000168c          	.global _mbox_recv
  654  0000168c          	_mbox_recv:
  655  0000168c  44000464	trap	#0x464
  656  00001690  4be00000	jr	r31
  657  00001694  54000000	nop
  658  00001698          	.endproc _mbox_recv
  660  00001698          	.proc _sleep
  661  00001698          	.global _sleep
  662  00001698          	_sleep:
  663  00001698  44000465	trap	#0x465
  664  0000169c  4be00000	jr	r31
  665  000016a0  54000000	nop
  666  000016a4          	.endproc _sleep
  668  000016a4          	.proc _yield
  669  000016a4          	.global _yield
  670  000016a4          	_yield:
  671  000016a4  44000466	trap	#0x466
  672  000016a8  4be00000	jr	r31
  673  000016ac  54000000	nop
  674  000016b0          	.endproc _yield
  677  000016b0          	.proc _Exit
  678  000016b0          	.global _Exit
  679  000016b0          	_Exit:
  680  000016b0  44000500	trap	#0x500
  681  000016b4  4be00000	jr	r31
  682  000016b8  54000000	nop
  683  000016bc          	.endproc _Exit
  684                      ; Compiled by GCC
  686  000016bc          	.align 2
  687  000016bc          	.proc _isspace
  688  000016bc          	.global _isspace
  689  000016bc          	_isspace:
  690                      ;  Function 'isspace'; 0 bytes of locals, 3 regs to save.
  691  000016bc  afbefffc	sw	-4(r29),r30; push fp
  692  000016c0  001df020	add	r30,r0,r29; fp = sp
  693  000016c4  afbffff8	sw	-8(r29),r31; push ret addr
  694  000016c8  2fbd0018	subui	r29,r29,#24; alloc local storage
  695  000016cc  afa20000	sw	0(r29),r2
  696  000016d0  afa30004	sw	4(r29),r3
  697  000016d4  afa40008	sw	8(r29),r4
  698  000016d8  83c20003	lb	r2,3(r30)
  699  000016dc  20010000	addi	r1,r0,#0
  700  000016e0  304300ff	andi	r3,r2,#0x00ff
  701  000016e4  60640020	seqi	r4,r3,#32
  702  000016e8  1480002c	bnez	r4,L3_LF2
  703  000016ec  54000000	nop; delay slot nop
  704  000016f0  304300ff	andi	r3,r2,#0x00ff
  705  000016f4  60640009	seqi	r4,r3,#9
  706  000016f8  1480001c	bnez	r4,L3_LF2
  707  000016fc  54000000	nop; delay slot nop
  708  00001700  304300ff	andi	r3,r2,#0x00ff
  709  00001704  6064000a	seqi	r4,r3,#10
  710  00001708  1480000c	bnez	r4,L3_LF2
  711  0000170c  54000000	nop; delay slot nop
  712  00001710  08000008	j	L2_LF2
  713  00001714  54000000	nop; delay slot nop
  714  00001718          	L3_LF2:
  715  00001718  20010001	addi	r1,r0,#1
  716  0000171c          	L2_LF2:
  717  0000171c  08000004	j	L1_LF2
  718  00001720  54000000	nop; delay slot nop
  719  00001724          	L1_LF2:
  720  00001724  8fa20000	lw	r2,0(r29)
  721  00001728  8fa30004	lw	r3,4(r29)
  722  0000172c  8fa40008	lw	r4,8(r29)
  723  00001730  8fdffff8	lw	r31,-8(r30)
  724  00001734  001ee820	add	r29,r0,r30
  725  00001738  8fdefffc	lw	r30,-4(r30)
  726  0000173c  4be00000	jr	r31
  727  00001740  54000000	nop
  728  00001744          	.endproc _isspace
  729  00001744          	.align 2
  730  00001744          	.proc _isxdigit
  731  00001744          	.global _isxdigit
  732  00001744          	_isxdigit:
  733                      ;  Function 'isxdigit'; 0 bytes of locals, 3 regs to save.
  734  00001744  afbefffc	sw	-4(r29),r30; push fp
  735  00001748  001df020	add	r30,r0,r29; fp = sp
  736  0000174c  afbffff8	sw	-8(r29),r31; push ret addr
  737  00001750  2fbd0018	subui	r29,r29,#24; alloc local storage
  738  00001754  afa20000	sw	0(r29),r2
  739  00001758  afa30004	sw	4(r29),r3
  740  0000175c  afa40008	sw	8(r29),r4
  741  00001760  83c20003	lb	r2,3(r30)
  742  00001764  20010000	addi	r1,r0,#0
  743  00001768  304300ff	andi	r3,r2,#0x00ff
  744  0000176c  6c64002f	sgtui	r4,r3,#47
  745  00001770  1080001c	beqz	r4,L7_LF2
  746  00001774  54000000	nop; delay slot nop
  747  00001778  304300ff	andi	r3,r2,#0x00ff
  748  0000177c  70640039	sleui	r4,r3,#57
  749  00001780  1480005c	bnez	r4,L6_LF2
  750  00001784  54000000	nop; delay slot nop
  751  00001788  08000004	j	L7_LF2
  752  0000178c  54000000	nop; delay slot nop
  753  00001790          	L7_LF2:
  754  00001790  304300ff	andi	r3,r2,#0x00ff
  755  00001794  6c640060	sgtui	r4,r3,#96
  756  00001798  1080001c	beqz	r4,L8_LF2
  757  0000179c  54000000	nop; delay slot nop
  758  000017a0  304300ff	andi	r3,r2,#0x00ff
  759  000017a4  70640066	sleui	r4,r3,#102
  760  000017a8  14800034	bnez	r4,L6_LF2
  761  000017ac  54000000	nop; delay slot nop
  762  000017b0  08000004	j	L8_LF2
  763  000017b4  54000000	nop; delay slot nop
  764  000017b8          	L8_LF2:
  765  000017b8  304300ff	andi	r3,r2,#0x00ff
  766  000017bc  6c640040	sgtui	r4,r3,#64
  767  000017c0  10800020	beqz	r4,L5_LF2
  768  000017c4  54000000	nop; delay slot nop
  769  000017c8  304300ff	andi	r3,r2,#0x00ff
  770  000017cc  70640041	sleui	r4,r3,#65
  771  000017d0  1480000c	bnez	r4,L6_LF2
  772  000017d4  54000000	nop; delay slot nop
  773  000017d8  08000008	j	L5_LF2
  774  000017dc  54000000	nop; delay slot nop
  775  000017e0          	L6_LF2:
  776  000017e0  20010001	addi	r1,r0,#1
  777  000017e4          	L5_LF2:
  778  000017e4  08000004	j	L4_LF2
  779  000017e8  54000000	nop; delay slot nop
  780  000017ec          	L4_LF2:
  781  000017ec  8fa20000	lw	r2,0(r29)
  782  000017f0  8fa30004	lw	r3,4(r29)
  783  000017f4  8fa40008	lw	r4,8(r29)
  784  000017f8  8fdffff8	lw	r31,-8(r30)
  785  000017fc  001ee820	add	r29,r0,r30
  786  00001800  8fdefffc	lw	r30,-4(r30)
  787  00001804  4be00000	jr	r31
  788  00001808  54000000	nop
  789  0000180c          	.endproc _isxdigit
  790  0000180c          	.align 2
  791  0000180c          	.proc _dstrcpy
  792  0000180c          	.global _dstrcpy
  793  0000180c          	_dstrcpy:
  794                      ;  Function 'dstrcpy'; 8 bytes of locals, 2 regs to save.
  795  0000180c  afbefffc	sw	-4(r29),r30; push fp
  796  00001810  001df020	add	r30,r0,r29; fp = sp
  797  00001814  afbffff8	sw	-8(r29),r31; push ret addr
  798  00001818  2fbd0018	subui	r29,r29,#24; alloc local storage
  799  0000181c  afa20000	sw	0(r29),r2
  800  00001820  afa30004	sw	4(r29),r3
  801  00001824  8fc10000	lw	r1,(r30)
  802  00001828  afc1fff4	sw	-12(r30),r1
  803  0000182c          	L10_LF2:
  804  0000182c  8fc10000	lw	r1,(r30)
  805  00001830  20220001	addi	r2,r1,#1
  806  00001834  afc20000	sw	(r30),r2
  807  00001838  8fc20004	lw	r2,4(r30)
  808  0000183c  20430001	addi	r3,r2,#1
  809  00001840  afc30004	sw	4(r30),r3
  810  00001844  80420000	lb	r2,(r2)
  811  00001848  a0220000	sb	(r1),r2
  812  0000184c  a3c2fff3	sb	-13(r30),r2
  813  00001850          	L12_LF2:
  814  00001850  93c1fff3	lbu	r1,-13(r30)
  815  00001854  64220000	snei	r2,r1,#0
  816  00001858  1440000c	bnez	r2,L13_LF2
  817  0000185c  54000000	nop; delay slot nop
  818  00001860  0800000c	j	L11_LF2
  819  00001864  54000000	nop; delay slot nop
  820  00001868          	L13_LF2:
  821  00001868  0bffffc0	j	L10_LF2
  822  0000186c  54000000	nop; delay slot nop
  823  00001870          	L11_LF2:
  824  00001870  8fc1fff4	lw	r1,-12(r30)
  825  00001874  08000004	j	L9_LF2
  826  00001878  54000000	nop; delay slot nop
  827  0000187c          	L9_LF2:
  828  0000187c  8fa20000	lw	r2,0(r29)
  829  00001880  8fa30004	lw	r3,4(r29)
  830  00001884  8fdffff8	lw	r31,-8(r30)
  831  00001888  001ee820	add	r29,r0,r30
  832  0000188c  8fdefffc	lw	r30,-4(r30)
  833  00001890  4be00000	jr	r31
  834  00001894  54000000	nop
  835  00001898          	.endproc _dstrcpy
  836  00001898          	.align 2
  837  00001898          	.proc _dstrncpy
  838  00001898          	.global _dstrncpy
  839  00001898          	_dstrncpy:
  840                      ;  Function 'dstrncpy'; 8 bytes of locals, 2 regs to save.
  841  00001898  afbefffc	sw	-4(r29),r30; push fp
  842  0000189c  001df020	add	r30,r0,r29; fp = sp
  843  000018a0  afbffff8	sw	-8(r29),r31; push ret addr
  844  000018a4  2fbd0018	subui	r29,r29,#24; alloc local storage
  845  000018a8  afa20000	sw	0(r29),r2
  846  000018ac  afa30004	sw	4(r29),r3
  847  000018b0  8fc10000	lw	r1,(r30)
  848  000018b4  afc1fff4	sw	-12(r30),r1
  849  000018b8          	L15_LF2:
  850  000018b8  8fc10008	lw	r1,8(r30)
  851  000018bc  2022ffff	addi	r2,r1,#-1
  852  000018c0  afc20008	sw	8(r30),r2
  853  000018c4  70210000	slei	r1,r1,#0
  854  000018c8  1020000c	beqz	r1,L18_LF2
  855  000018cc  54000000	nop; delay slot nop
  856  000018d0  08000048	j	L16_LF2
  857  000018d4  54000000	nop; delay slot nop
  858  000018d8          	L18_LF2:
  859  000018d8  8fc10000	lw	r1,(r30)
  860  000018dc  20220001	addi	r2,r1,#1
  861  000018e0  afc20000	sw	(r30),r2
  862  000018e4  8fc20004	lw	r2,4(r30)
  863  000018e8  20430001	addi	r3,r2,#1
  864  000018ec  afc30004	sw	4(r30),r3
  865  000018f0  80420000	lb	r2,(r2)
  866  000018f4  a0220000	sb	(r1),r2
  867  000018f8  a3c2fff3	sb	-13(r30),r2
  868  000018fc          	L17_LF2:
  869  000018fc  93c1fff3	lbu	r1,-13(r30)
  870  00001900  64220000	snei	r2,r1,#0
  871  00001904  1440000c	bnez	r2,L19_LF2
  872  00001908  54000000	nop; delay slot nop
  873  0000190c  0800000c	j	L16_LF2
  874  00001910  54000000	nop; delay slot nop
  875  00001914          	L19_LF2:
  876  00001914  0bffffa0	j	L15_LF2
  877  00001918  54000000	nop; delay slot nop
  878  0000191c          	L16_LF2:
  879  0000191c  8fc1fff4	lw	r1,-12(r30)
  880  00001920  08000004	j	L14_LF2
  881  00001924  54000000	nop; delay slot nop
  882  00001928          	L14_LF2:
  883  00001928  8fa20000	lw	r2,0(r29)
  884  0000192c  8fa30004	lw	r3,4(r29)
  885  00001930  8fdffff8	lw	r31,-8(r30)
  886  00001934  001ee820	add	r29,r0,r30
  887  00001938  8fdefffc	lw	r30,-4(r30)
  888  0000193c  4be00000	jr	r31
  889  00001940  54000000	nop
  890  00001944          	.endproc _dstrncpy
  891  00001944          	.align 2
  892  00001944          	.proc _dstrcat
  893  00001944          	.global _dstrcat
  894  00001944          	_dstrcat:
  895                      ;  Function 'dstrcat'; 8 bytes of locals, 1 regs to save.
  896  00001944  afbefffc	sw	-4(r29),r30; push fp
  897  00001948  001df020	add	r30,r0,r29; fp = sp
  898  0000194c  afbffff8	sw	-8(r29),r31; push ret addr
  899  00001950  2fbd0018	subui	r29,r29,#24; alloc local storage
  900  00001954  afa20000	sw	0(r29),r2
  901  00001958  8fc10000	lw	r1,(r30)
  902  0000195c  afc1fff4	sw	-12(r30),r1
  903  00001960          	L21_LF2:
  904  00001960  8fc10000	lw	r1,(r30)
  905  00001964  90220000	lbu	r2,(r1)
  906  00001968  64410000	snei	r1,r2,#0
  907  0000196c  1420000c	bnez	r1,L23_LF2
  908  00001970  54000000	nop; delay slot nop
  909  00001974  0800001c	j	L22_LF2
  910  00001978  54000000	nop; delay slot nop
  911  0000197c          	L23_LF2:
  912  0000197c  8fc20000	lw	r2,(r30)
  913  00001980  20410001	addi	r1,r2,#1
  914  00001984  00011020	add	r2,r0,r1
  915  00001988  afc20000	sw	(r30),r2
  916  0000198c  0bffffd0	j	L21_LF2
  917  00001990  54000000	nop; delay slot nop
  918  00001994          	L22_LF2:
  919  00001994  23bdfff8	addi	r29,r29,#-8
  920  00001998  001d0820	add	r1,r0,r29
  921  0000199c  8fc20000	lw	r2,(r30)
  922  000019a0  ac220000	sw	(r1),r2
  923  000019a4  8fc20004	lw	r2,4(r30)
  924  000019a8  ac220004	sw	4(r1),r2
  925  000019ac  0ffffe5c	jal	_dstrcpy
  926  000019b0  54000000	nop; delay slot nop
  927  000019b4  23bd0008	addi	r29,r29,#8
  928  000019b8  8fc1fff4	lw	r1,-12(r30)
  929  000019bc  08000004	j	L20_LF2
  930  000019c0  54000000	nop; delay slot nop
  931  000019c4          	L20_LF2:
  932  000019c4  8fa20000	lw	r2,0(r29)
  933  000019c8  8fdffff8	lw	r31,-8(r30)
  934  000019cc  001ee820	add	r29,r0,r30
  935  000019d0  8fdefffc	lw	r30,-4(r30)
  936  000019d4  4be00000	jr	r31
  937  000019d8  54000000	nop
  938  000019dc          	.endproc _dstrcat
  939  000019dc          	.align 2
  940  000019dc          	.proc _dstrncmp
  941  000019dc          	.global _dstrncmp
  942  000019dc          	_dstrncmp:
  943                      ;  Function 'dstrncmp'; 8 bytes of locals, 2 regs to save.
  944  000019dc  afbefffc	sw	-4(r29),r30; push fp
  945  000019e0  001df020	add	r30,r0,r29; fp = sp
  946  000019e4  afbffff8	sw	-8(r29),r31; push ret addr
  947  000019e8  2fbd0018	subui	r29,r29,#24; alloc local storage
  948  000019ec  afa20000	sw	0(r29),r2
  949  000019f0  afa30004	sw	4(r29),r3
  950  000019f4  54000000	nop
  951  000019f8  20010000	addi	r1,r0,#0
  952  000019fc  afc1fff4	sw	-12(r30),r1
  953  00001a00          	L25_LF2:
  954  00001a00  8fc1fff4	lw	r1,-12(r30)
  955  00001a04  8fc20008	lw	r2,8(r30)
  956  00001a08  0022082a	slt	r1,r1,r2
  957  00001a0c  1420000c	bnez	r1,L28_LF2
  958  00001a10  54000000	nop; delay slot nop
  959  00001a14  08000088	j	L26_LF2
  960  00001a18  54000000	nop; delay slot nop
  961  00001a1c          	L28_LF2:
  962  00001a1c  8fc10004	lw	r1,4(r30)
  963  00001a20  90220000	lbu	r2,(r1)
  964  00001a24  64410000	snei	r1,r2,#0
  965  00001a28  14200018	bnez	r1,L29_LF2
  966  00001a2c  54000000	nop; delay slot nop
  967  00001a30  20010000	addi	r1,r0,#0
  968  00001a34  080000d8	j	L24_LF2
  969  00001a38  54000000	nop; delay slot nop
  970  00001a3c  08000028	j	L30_LF2
  971  00001a40  54000000	nop; delay slot nop
  972  00001a44          	L29_LF2:
  973  00001a44  8fc10000	lw	r1,(r30)
  974  00001a48  8fc20004	lw	r2,4(r30)
  975  00001a4c  90210000	lbu	r1,(r1)
  976  00001a50  90420000	lbu	r2,(r2)
  977  00001a54  00220829	sne	r1,r1,r2
  978  00001a58  1020000c	beqz	r1,L30_LF2
  979  00001a5c  54000000	nop; delay slot nop
  980  00001a60  0800003c	j	L26_LF2
  981  00001a64  54000000	nop; delay slot nop
  982  00001a68          	L31_LF2:
  983  00001a68          	L30_LF2:
  984  00001a68  8fc20000	lw	r2,(r30)
  985  00001a6c  20410001	addi	r1,r2,#1
  986  00001a70  00011020	add	r2,r0,r1
  987  00001a74  afc20000	sw	(r30),r2
  988  00001a78  8fc20004	lw	r2,4(r30)
  989  00001a7c  20410001	addi	r1,r2,#1
  990  00001a80  00011020	add	r2,r0,r1
  991  00001a84  afc20004	sw	4(r30),r2
  992  00001a88          	L27_LF2:
  993  00001a88  8fc2fff4	lw	r2,-12(r30)
  994  00001a8c  20410001	addi	r1,r2,#1
  995  00001a90  00011020	add	r2,r0,r1
  996  00001a94  afc2fff4	sw	-12(r30),r2
  997  00001a98  0bffff64	j	L25_LF2
  998  00001a9c  54000000	nop; delay slot nop
  999  00001aa0          	L26_LF2:
 1000  00001aa0  8fc1fff4	lw	r1,-12(r30)
 1001  00001aa4  8fc20008	lw	r2,8(r30)
 1002  00001aa8  00220828	seq	r1,r1,r2
 1003  00001aac  10200018	beqz	r1,L32_LF2
 1004  00001ab0  54000000	nop; delay slot nop
 1005  00001ab4  20010000	addi	r1,r0,#0
 1006  00001ab8  08000054	j	L24_LF2
 1007  00001abc  54000000	nop; delay slot nop
 1008  00001ac0  0800004c	j	L33_LF2
 1009  00001ac4  54000000	nop; delay slot nop
 1010  00001ac8          	L32_LF2:
 1011  00001ac8  8fc20000	lw	r2,(r30)
 1012  00001acc  90410000	lbu	r1,(r2)
 1013  00001ad0  8fc20004	lw	r2,4(r30)
 1014  00001ad4  90430000	lbu	r3,(r2)
 1015  00001ad8  00230822	sub	r1,r1,r3
 1016  00001adc  74220000	sgei	r2,r1,#0
 1017  00001ae0  10400020	beqz	r2,L34_LF2
 1018  00001ae4  54000000	nop; delay slot nop
 1019  00001ae8  8fc10000	lw	r1,(r30)
 1020  00001aec  8fc20004	lw	r2,4(r30)
 1021  00001af0  90210000	lbu	r1,(r1)
 1022  00001af4  90420000	lbu	r2,(r2)
 1023  00001af8  00220829	sne	r1,r1,r2
 1024  00001afc  08000008	j	L35_LF2
 1025  00001b00  54000000	nop; delay slot nop
 1026  00001b04          	L34_LF2:
 1027  00001b04  2001ffff	addi	r1,r0,#-1
 1028  00001b08          	L35_LF2:
 1029  00001b08  08000004	j	L24_LF2
 1030  00001b0c  54000000	nop; delay slot nop
 1031  00001b10          	L33_LF2:
 1032  00001b10          	L24_LF2:
 1033  00001b10  8fa20000	lw	r2,0(r29)
 1034  00001b14  8fa30004	lw	r3,4(r29)
 1035  00001b18  8fdffff8	lw	r31,-8(r30)
 1036  00001b1c  001ee820	add	r29,r0,r30
 1037  00001b20  8fdefffc	lw	r30,-4(r30)
 1038  00001b24  4be00000	jr	r31
 1039  00001b28  54000000	nop
 1040  00001b2c          	.endproc _dstrncmp
 1041  00001b2c          	.align 2
 1042  00001b2c          	.proc _dstrlen
 1043  00001b2c          	.global _dstrlen
 1044  00001b2c          	_dstrlen:
 1045                      ;  Function 'dstrlen'; 8 bytes of locals, 1 regs to save.
 1046  00001b2c  afbefffc	sw	-4(r29),r30; push fp
 1047  00001b30  001df020	add	r30,r0,r29; fp = sp
 1048  00001b34  afbffff8	sw	-8(r29),r31; push ret addr
 1049  00001b38  2fbd0018	subui	r29,r29,#24; alloc local storage
 1050  00001b3c  afa20000	sw	0(r29),r2
 1051  00001b40  20010000	addi	r1,r0,#0
 1052  00001b44  afc1fff4	sw	-12(r30),r1
 1053  00001b48          	L37_LF2:
 1054  00001b48  8fc10000	lw	r1,(r30)
 1055  00001b4c  20220001	addi	r2,r1,#1
 1056  00001b50  afc20000	sw	(r30),r2
 1057  00001b54  90210000	lbu	r1,(r1)
 1058  00001b58  64220000	snei	r2,r1,#0
 1059  00001b5c  1440000c	bnez	r2,L39_LF2
 1060  00001b60  54000000	nop; delay slot nop
 1061  00001b64  0800001c	j	L38_LF2
 1062  00001b68  54000000	nop; delay slot nop
 1063  00001b6c          	L39_LF2:
 1064  00001b6c  8fc2fff4	lw	r2,-12(r30)
 1065  00001b70  20410001	addi	r1,r2,#1
 1066  00001b74  00011020	add	r2,r0,r1
 1067  00001b78  afc2fff4	sw	-12(r30),r2
 1068  00001b7c  0bffffc8	j	L37_LF2
 1069  00001b80  54000000	nop; delay slot nop
 1070  00001b84          	L38_LF2:
 1071  00001b84  8fc1fff4	lw	r1,-12(r30)
 1072  00001b88  08000004	j	L36_LF2
 1073  00001b8c  54000000	nop; delay slot nop
 1074  00001b90          	L36_LF2:
 1075  00001b90  8fa20000	lw	r2,0(r29)
 1076  00001b94  8fdffff8	lw	r31,-8(r30)
 1077  00001b98  001ee820	add	r29,r0,r30
 1078  00001b9c  8fdefffc	lw	r30,-4(r30)
 1079  00001ba0  4be00000	jr	r31
 1080  00001ba4  54000000	nop
 1081  00001ba8          	.endproc _dstrlen
 1082  00001ba8          	.align 2
 1083  00001ba8          	.proc _dstrstr
 1084  00001ba8          	.global _dstrstr
 1085  00001ba8          	_dstrstr:
 1086                      ;  Function 'dstrstr'; 8 bytes of locals, 1 regs to save.
 1087  00001ba8  afbefffc	sw	-4(r29),r30; push fp
 1088  00001bac  001df020	add	r30,r0,r29; fp = sp
 1089  00001bb0  afbffff8	sw	-8(r29),r31; push ret addr
 1090  00001bb4  2fbd0018	subui	r29,r29,#24; alloc local storage
 1091  00001bb8  afa20000	sw	0(r29),r2
 1092  00001bbc  23bdfff8	addi	r29,r29,#-8
 1093  00001bc0  001d0820	add	r1,r0,r29
 1094  00001bc4  8fc20004	lw	r2,4(r30)
 1095  00001bc8  ac220000	sw	(r1),r2
 1096  00001bcc  0fffff5c	jal	_dstrlen
 1097  00001bd0  54000000	nop; delay slot nop
 1098  00001bd4  23bd0008	addi	r29,r29,#8
 1099  00001bd8  afc1fff4	sw	-12(r30),r1
 1100  00001bdc          	L41_LF2:
 1101  00001bdc  8fc10000	lw	r1,(r30)
 1102  00001be0  90220000	lbu	r2,(r1)
 1103  00001be4  64410000	snei	r1,r2,#0
 1104  00001be8  1420000c	bnez	r1,L43_LF2
 1105  00001bec  54000000	nop; delay slot nop
 1106  00001bf0  08000060	j	L42_LF2
 1107  00001bf4  54000000	nop; delay slot nop
 1108  00001bf8          	L43_LF2:
 1109  00001bf8  23bdfff0	addi	r29,r29,#-16
 1110  00001bfc  001d0820	add	r1,r0,r29
 1111  00001c00  8fc20000	lw	r2,(r30)
 1112  00001c04  ac220000	sw	(r1),r2
 1113  00001c08  8fc20004	lw	r2,4(r30)
 1114  00001c0c  ac220004	sw	4(r1),r2
 1115  00001c10  8fc2fff4	lw	r2,-12(r30)
 1116  00001c14  ac220008	sw	8(r1),r2
 1117  00001c18  0ffffdc0	jal	_dstrncmp
 1118  00001c1c  54000000	nop; delay slot nop
 1119  00001c20  23bd0010	addi	r29,r29,#16
 1120  00001c24  64220000	snei	r2,r1,#0
 1121  00001c28  14400010	bnez	r2,L44_LF2
 1122  00001c2c  54000000	nop; delay slot nop
 1123  00001c30  8fc10000	lw	r1,(r30)
 1124  00001c34  08000028	j	L40_LF2
 1125  00001c38  54000000	nop; delay slot nop
 1126  00001c3c          	L44_LF2:
 1127  00001c3c  8fc20000	lw	r2,(r30)
 1128  00001c40  20410001	addi	r1,r2,#1
 1129  00001c44  00011020	add	r2,r0,r1
 1130  00001c48  afc20000	sw	(r30),r2
 1131  00001c4c  0bffff8c	j	L41_LF2
 1132  00001c50  54000000	nop; delay slot nop
 1133  00001c54          	L42_LF2:
 1134  00001c54  20010000	addi	r1,r0,#0
 1135  00001c58  08000004	j	L40_LF2
 1136  00001c5c  54000000	nop; delay slot nop
 1137  00001c60          	L40_LF2:
 1138  00001c60  8fa20000	lw	r2,0(r29)
 1139  00001c64  8fdffff8	lw	r31,-8(r30)
 1140  00001c68  001ee820	add	r29,r0,r30
 1141  00001c6c  8fdefffc	lw	r30,-4(r30)
 1142  00001c70  4be00000	jr	r31
 1143  00001c74  54000000	nop
 1144  00001c78          	.endproc _dstrstr
 1145  00001c78          	.align 2
 1146  00001c78          	.proc _dmindex
 1147  00001c78          	.global _dmindex
 1148  00001c78          	_dmindex:
 1149                      ;  Function 'dmindex'; 8 bytes of locals, 1 regs to save.
 1150  00001c78  afbefffc	sw	-4(r29),r30; push fp
 1151  00001c7c  001df020	add	r30,r0,r29; fp = sp
 1152  00001c80  afbffff8	sw	-8(r29),r31; push ret addr
 1153  00001c84  2fbd0018	subui	r29,r29,#24; alloc local storage
 1154  00001c88  afa20000	sw	0(r29),r2
 1155  00001c8c  54000000	nop
 1156  00001c90          	L46_LF2:
 1157  00001c90  8fc10000	lw	r1,(r30)
 1158  00001c94  90220000	lbu	r2,(r1)
 1159  00001c98  64410000	snei	r1,r2,#0
 1160  00001c9c  1420000c	bnez	r1,L48_LF2
 1161  00001ca0  54000000	nop; delay slot nop
 1162  00001ca4  08000070	j	L47_LF2
 1163  00001ca8  54000000	nop; delay slot nop
 1164  00001cac          	L48_LF2:
 1165  00001cac  8fc10004	lw	r1,4(r30)
 1166  00001cb0  afc1fff4	sw	-12(r30),r1
 1167  00001cb4          	L49_LF2:
 1168  00001cb4  8fc1fff4	lw	r1,-12(r30)
 1169  00001cb8  90220000	lbu	r2,(r1)
 1170  00001cbc  64410000	snei	r1,r2,#0
 1171  00001cc0  1420000c	bnez	r1,L52_LF2
 1172  00001cc4  54000000	nop; delay slot nop
 1173  00001cc8  08000044	j	L50_LF2
 1174  00001ccc  54000000	nop; delay slot nop
 1175  00001cd0          	L52_LF2:
 1176  00001cd0  8fc10000	lw	r1,(r30)
 1177  00001cd4  8fc2fff4	lw	r2,-12(r30)
 1178  00001cd8  90210000	lbu	r1,(r1)
 1179  00001cdc  90420000	lbu	r2,(r2)
 1180  00001ce0  00220828	seq	r1,r1,r2
 1181  00001ce4  10200010	beqz	r1,L51_LF2
 1182  00001ce8  54000000	nop; delay slot nop
 1183  00001cec  8fc10000	lw	r1,(r30)
 1184  00001cf0  08000030	j	L45_LF2
 1185  00001cf4  54000000	nop; delay slot nop
 1186  00001cf8          	L53_LF2:
 1187  00001cf8          	L51_LF2:
 1188  00001cf8  8fc2fff4	lw	r2,-12(r30)
 1189  00001cfc  20410001	addi	r1,r2,#1
 1190  00001d00  00011020	add	r2,r0,r1
 1191  00001d04  afc2fff4	sw	-12(r30),r2
 1192  00001d08  0bffffa8	j	L49_LF2
 1193  00001d0c  54000000	nop; delay slot nop
 1194  00001d10          	L50_LF2:
 1195  00001d10  0bffff7c	j	L46_LF2
 1196  00001d14  54000000	nop; delay slot nop
 1197  00001d18          	L47_LF2:
 1198  00001d18  20010000	addi	r1,r0,#0
 1199  00001d1c  08000004	j	L45_LF2
 1200  00001d20  54000000	nop; delay slot nop
 1201  00001d24          	L45_LF2:
 1202  00001d24  8fa20000	lw	r2,0(r29)
 1203  00001d28  8fdffff8	lw	r31,-8(r30)
 1204  00001d2c  001ee820	add	r29,r0,r30
 1205  00001d30  8fdefffc	lw	r30,-4(r30)
 1206  00001d34  4be00000	jr	r31
 1207  00001d38  54000000	nop
 1208  00001d3c          	.endproc _dmindex
 1209  00001d3c          	.align 2
 1210  00001d3c          	.proc _dindex
 1211  00001d3c          	.global _dindex
 1212  00001d3c          	_dindex:
 1213                      ;  Function 'dindex'; 0 bytes of locals, 1 regs to save.
 1214  00001d3c  afbefffc	sw	-4(r29),r30; push fp
 1215  00001d40  001df020	add	r30,r0,r29; fp = sp
 1216  00001d44  afbffff8	sw	-8(r29),r31; push ret addr
 1217  00001d48  2fbd0010	subui	r29,r29,#16; alloc local storage
 1218  00001d4c  afa20000	sw	0(r29),r2
 1219  00001d50  54000000	nop
 1220  00001d54          	L55_LF2:
 1221  00001d54  8fc10000	lw	r1,(r30)
 1222  00001d58  90220000	lbu	r2,(r1)
 1223  00001d5c  64410000	snei	r1,r2,#0
 1224  00001d60  1420000c	bnez	r1,L57_LF2
 1225  00001d64  54000000	nop; delay slot nop
 1226  00001d68  08000040	j	L56_LF2
 1227  00001d6c  54000000	nop; delay slot nop
 1228  00001d70          	L57_LF2:
 1229  00001d70  8fc10000	lw	r1,(r30)
 1230  00001d74  90220000	lbu	r2,(r1)
 1231  00001d78  8fc10004	lw	r1,4(r30)
 1232  00001d7c  00411028	seq	r2,r2,r1
 1233  00001d80  10400010	beqz	r2,L58_LF2
 1234  00001d84  54000000	nop; delay slot nop
 1235  00001d88  8fc10000	lw	r1,(r30)
 1236  00001d8c  08000028	j	L54_LF2
 1237  00001d90  54000000	nop; delay slot nop
 1238  00001d94          	L58_LF2:
 1239  00001d94  8fc20000	lw	r2,(r30)
 1240  00001d98  20410001	addi	r1,r2,#1
 1241  00001d9c  00011020	add	r2,r0,r1
 1242  00001da0  afc20000	sw	(r30),r2
 1243  00001da4  0bffffac	j	L55_LF2
 1244  00001da8  54000000	nop; delay slot nop
 1245  00001dac          	L56_LF2:
 1246  00001dac  20010000	addi	r1,r0,#0
 1247  00001db0  08000004	j	L54_LF2
 1248  00001db4  54000000	nop; delay slot nop
 1249  00001db8          	L54_LF2:
 1250  00001db8  8fa20000	lw	r2,0(r29)
 1251  00001dbc  8fdffff8	lw	r31,-8(r30)
 1252  00001dc0  001ee820	add	r29,r0,r30
 1253  00001dc4  8fdefffc	lw	r30,-4(r30)
 1254  00001dc8  4be00000	jr	r31
 1255  00001dcc  54000000	nop
 1256  00001dd0          	.endproc _dindex
 1257  00001dd0          	.align 2
 1258  00001dd0          	.proc _ditoa
 1259  00001dd0          	.global _ditoa
 1260  00001dd0          	_ditoa:
 1261                      ;  Function 'ditoa'; 8 bytes of locals, 2 regs to save.
 1262  00001dd0  afbefffc	sw	-4(r29),r30; push fp
 1263  00001dd4  001df020	add	r30,r0,r29; fp = sp
 1264  00001dd8  afbffff8	sw	-8(r29),r31; push ret addr
 1265  00001ddc  2fbd0018	subui	r29,r29,#24; alloc local storage
 1266  00001de0  afa20000	sw	0(r29),r2
 1267  00001de4  afa30004	sw	4(r29),r3
 1268  00001de8  8fc10000	lw	r1,(r30)
 1269  00001dec  68220000	slti	r2,r1,#0
 1270  00001df0  1040002c	beqz	r2,L60_LF2
 1271  00001df4  54000000	nop; delay slot nop
 1272  00001df8  8fc10004	lw	r1,4(r30)
 1273  00001dfc  20220001	addi	r2,r1,#1
 1274  00001e00  afc20004	sw	4(r30),r2
 1275  00001e04  2002002d	addi	r2,r0,(#0x2d)&0xff
 1276  00001e08  a0220000	sb	(r1),r2
 1277  00001e0c  8fc10000	lw	r1,(r30)
 1278  00001e10  00011022	sub	r2,r0,r1
 1279  00001e14  afc20000	sw	(r30),r2
 1280  00001e18  08000118	j	L61_LF2
 1281  00001e1c  54000000	nop; delay slot nop
 1282  00001e20          	L60_LF2:
 1283  00001e20  8fc10000	lw	r1,(r30)
 1284  00001e24  64220000	snei	r2,r1,#0
 1285  00001e28  14400020	bnez	r2,L62_LF2
 1286  00001e2c  54000000	nop; delay slot nop
 1287  00001e30  8fc10004	lw	r1,4(r30)
 1288  00001e34  20220001	addi	r2,r1,#1
 1289  00001e38  afc20004	sw	4(r30),r2
 1290  00001e3c  20020030	addi	r2,r0,(#0x30)&0xff
 1291  00001e40  a0220000	sb	(r1),r2
 1292  00001e44  080000ec	j	L61_LF2
 1293  00001e48  54000000	nop; delay slot nop
 1294  00001e4c          	L62_LF2:
 1295  00001e4c  20010001	addi	r1,r0,#1
 1296  00001e50  afc1fff4	sw	-12(r30),r1
 1297  00001e54          	L64_LF2:
 1298  00001e54  8fc1fff4	lw	r1,-12(r30)
 1299  00001e58  8fc20000	lw	r2,(r30)
 1300  00001e5c  0022082c	sle	r1,r1,r2
 1301  00001e60  1420000c	bnez	r1,L66_LF2
 1302  00001e64  54000000	nop; delay slot nop
 1303  00001e68  08000024	j	L65_LF2
 1304  00001e6c  54000000	nop; delay slot nop
 1305  00001e70          	L67_LF2:
 1306  00001e70          	L66_LF2:
 1307  00001e70  8fc1fff4	lw	r1,-12(r30)
 1308  00001e74  00011820	add	r3,r0,r1
 1309  00001e78  50620002	slli	r2,r3,#0x2
 1310  00001e7c  00411020	add	r2,r2,r1
 1311  00001e80  50410001	slli	r1,r2,#0x1
 1312  00001e84  afc1fff4	sw	-12(r30),r1
 1313  00001e88  0bffffc8	j	L64_LF2
 1314  00001e8c  54000000	nop; delay slot nop
 1315  00001e90          	L65_LF2:
 1316  00001e90  54000000	nop
 1317  00001e94          	L68_LF2:
 1318  00001e94  8fc1fff4	lw	r1,-12(r30)
 1319  00001e98  2002000a	addi	r2,r0,#10
 1320  00001e9c  00200035	movi2fp	f0,r1
 1321  00001ea0  00400835	movi2fp	f1,r2
 1322  00001ea4  0401000f	div	f0,f0,f1
 1323  00001ea8  00000834	movfp2i	r1,f0
 1324  00001eac  afc1fff4	sw	-12(r30),r1
 1325  00001eb0  8fc10004	lw	r1,4(r30)
 1326  00001eb4  20220001	addi	r2,r1,#1
 1327  00001eb8  afc20004	sw	4(r30),r2
 1328  00001ebc  8fc20000	lw	r2,(r30)
 1329  00001ec0  8fc3fff4	lw	r3,-12(r30)
 1330  00001ec4  00400035	movi2fp	f0,r2
 1331  00001ec8  00600835	movi2fp	f1,r3
 1332  00001ecc  0401000f	div	f0,f0,f1
 1333  00001ed0  00001034	movfp2i	r2,f0
 1334  00001ed4  00021820	add	r3,r0,r2
 1335  00001ed8  20620030	addi	r2,r3,#48
 1336  00001edc  a0220000	sb	(r1),r2
 1337  00001ee0  8fc10000	lw	r1,(r30)
 1338  00001ee4  8fc3fff4	lw	r3,-12(r30)
 1339  00001ee8  00200035	movi2fp	f0,r1
 1340  00001eec  00600835	movi2fp	f1,r3
 1341  00001ef0  0401000f	div	f0,f0,f1
 1342  00001ef4  00001034	movfp2i	r2,f0
 1343  00001ef8  8fc3fff4	lw	r3,-12(r30)
 1344  00001efc  00400035	movi2fp	f0,r2
 1345  00001f00  00600835	movi2fp	f1,r3
 1346  00001f04  0401000e	mult	f0,f0,f1
 1347  00001f08  00001034	movfp2i	r2,f0
 1348  00001f0c  00220822	sub	r1,r1,r2
 1349  00001f10  afc10000	sw	(r30),r1
 1350  00001f14          	L70_LF2:
 1351  00001f14  8fc1fff4	lw	r1,-12(r30)
 1352  00001f18  6c220001	sgti	r2,r1,#1
 1353  00001f1c  1440000c	bnez	r2,L71_LF2
 1354  00001f20  54000000	nop; delay slot nop
 1355  00001f24  0800000c	j	L61_LF2
 1356  00001f28  54000000	nop; delay slot nop
 1357  00001f2c          	L71_LF2:
 1358  00001f2c  0bffff64	j	L68_LF2
 1359  00001f30  54000000	nop; delay slot nop
 1360  00001f34          	L69_LF2:
 1361  00001f34          	L63_LF2:
 1362  00001f34          	L61_LF2:
 1363  00001f34  8fc10004	lw	r1,4(r30)
 1364  00001f38  20020000	addi	r2,r0,(#0x0)&0xff
 1365  00001f3c  a0220000	sb	(r1),r2
 1366  00001f40          	L59_LF2:
 1367  00001f40  8fa20000	lw	r2,0(r29)
 1368  00001f44  8fa30004	lw	r3,4(r29)
 1369  00001f48  8fdffff8	lw	r31,-8(r30)
 1370  00001f4c  001ee820	add	r29,r0,r30
 1371  00001f50  8fdefffc	lw	r30,-4(r30)
 1372  00001f54  4be00000	jr	r31
 1373  00001f58  54000000	nop
 1374  00001f5c          	.endproc _ditoa
 1375  00001f5c          	.align 2
 1376  00001f5c          	.proc _dstrtol
 1377  00001f5c          	.global _dstrtol
 1378  00001f5c          	_dstrtol:
 1379                      ;  Function 'dstrtol'; 16 bytes of locals, 1 regs to save.
 1380  00001f5c  afbefffc	sw	-4(r29),r30; push fp
 1381  00001f60  001df020	add	r30,r0,r29; fp = sp
 1382  00001f64  afbffff8	sw	-8(r29),r31; push ret addr
 1383  00001f68  2fbd0020	subui	r29,r29,#32; alloc local storage
 1384  00001f6c  afa20000	sw	0(r29),r2
 1385  00001f70  20010000	addi	r1,r0,#0
 1386  00001f74  afc1fff4	sw	-12(r30),r1
 1387  00001f78          	L73_LF2:
 1388  00001f78  8fc10000	lw	r1,(r30)
 1389  00001f7c  90220000	lbu	r2,(r1)
 1390  00001f80  60410020	seqi	r1,r2,#32
 1391  00001f84  14200034	bnez	r1,L75_LF2
 1392  00001f88  54000000	nop; delay slot nop
 1393  00001f8c  8fc10000	lw	r1,(r30)
 1394  00001f90  90220000	lbu	r2,(r1)
 1395  00001f94  60410009	seqi	r1,r2,#9
 1396  00001f98  14200020	bnez	r1,L75_LF2
 1397  00001f9c  54000000	nop; delay slot nop
 1398  00001fa0  8fc10000	lw	r1,(r30)
 1399  00001fa4  90220000	lbu	r2,(r1)
 1400  00001fa8  6041000a	seqi	r1,r2,#10
 1401  00001fac  1420000c	bnez	r1,L75_LF2
 1402  00001fb0  54000000	nop; delay slot nop
 1403  00001fb4  0800001c	j	L74_LF2
 1404  00001fb8  54000000	nop; delay slot nop
 1405  00001fbc          	L75_LF2:
 1406  00001fbc  8fc20000	lw	r2,(r30)
 1407  00001fc0  20410001	addi	r1,r2,#1
 1408  00001fc4  00011020	add	r2,r0,r1
 1409  00001fc8  afc20000	sw	(r30),r2
 1410  00001fcc  0bffffa8	j	L73_LF2
 1411  00001fd0  54000000	nop; delay slot nop
 1412  00001fd4          	L74_LF2:
 1413  00001fd4  8fc10004	lw	r1,4(r30)
 1414  00001fd8  64220000	snei	r2,r1,#0
 1415  00001fdc  10400010	beqz	r2,L76_LF2
 1416  00001fe0  54000000	nop; delay slot nop
 1417  00001fe4  8fc10004	lw	r1,4(r30)
 1418  00001fe8  8fc20000	lw	r2,(r30)
 1419  00001fec  ac220000	sw	(r1),r2
 1420  00001ff0          	L76_LF2:
 1421  00001ff0  8fc10000	lw	r1,(r30)
 1422  00001ff4  90220000	lbu	r2,(r1)
 1423  00001ff8  64410000	snei	r1,r2,#0
 1424  00001ffc  14200010	bnez	r1,L77_LF2
 1425  00002000  54000000	nop; delay slot nop
 1426  00002004  8fc1fff4	lw	r1,-12(r30)
 1427  00002008  08000294	j	L72_LF2
 1428  0000200c  54000000	nop; delay slot nop
 1429  00002010          	L77_LF2:
 1430  00002010  8fc10000	lw	r1,(r30)
 1431  00002014  90220000	lbu	r2,(r1)
 1432  00002018  6041002d	seqi	r1,r2,#45
 1433  0000201c  10200024	beqz	r1,L78_LF2
 1434  00002020  54000000	nop; delay slot nop
 1435  00002024  2001ffff	addi	r1,r0,#-1
 1436  00002028  afc1ffec	sw	-20(r30),r1
 1437  0000202c  8fc20000	lw	r2,(r30)
 1438  00002030  20410001	addi	r1,r2,#1
 1439  00002034  00011020	add	r2,r0,r1
 1440  00002038  afc20000	sw	(r30),r2
 1441  0000203c  0800000c	j	L79_LF2
 1442  00002040  54000000	nop; delay slot nop
 1443  00002044          	L78_LF2:
 1444  00002044  20010001	addi	r1,r0,#1
 1445  00002048  afc1ffec	sw	-20(r30),r1
 1446  0000204c          	L79_LF2:
 1447  0000204c  8fc10008	lw	r1,8(r30)
 1448  00002050  64220000	snei	r2,r1,#0
 1449  00002054  14400090	bnez	r2,L80_LF2
 1450  00002058  54000000	nop; delay slot nop
 1451  0000205c  8fc10000	lw	r1,(r30)
 1452  00002060  90220000	lbu	r2,(r1)
 1453  00002064  60410030	seqi	r1,r2,#48
 1454  00002068  10200074	beqz	r1,L81_LF2
 1455  0000206c  54000000	nop; delay slot nop
 1456  00002070  8fc20000	lw	r2,(r30)
 1457  00002074  20410001	addi	r1,r2,#1
 1458  00002078  00011020	add	r2,r0,r1
 1459  0000207c  afc20000	sw	(r30),r2
 1460  00002080  8fc10000	lw	r1,(r30)
 1461  00002084  90220000	lbu	r2,(r1)
 1462  00002088  60410078	seqi	r1,r2,#120
 1463  0000208c  14200020	bnez	r1,L83_LF2
 1464  00002090  54000000	nop; delay slot nop
 1465  00002094  8fc10000	lw	r1,(r30)
 1466  00002098  90220000	lbu	r2,(r1)
 1467  0000209c  60410058	seqi	r1,r2,#88
 1468  000020a0  1420000c	bnez	r1,L83_LF2
 1469  000020a4  54000000	nop; delay slot nop
 1470  000020a8  08000024	j	L82_LF2
 1471  000020ac  54000000	nop; delay slot nop
 1472  000020b0          	L83_LF2:
 1473  000020b0  20010010	addi	r1,r0,#16
 1474  000020b4  afc10008	sw	8(r30),r1
 1475  000020b8  8fc20000	lw	r2,(r30)
 1476  000020bc  20410001	addi	r1,r2,#1
 1477  000020c0  00011020	add	r2,r0,r1
 1478  000020c4  afc20000	sw	(r30),r2
 1479  000020c8  0800000c	j	L84_LF2
 1480  000020cc  54000000	nop; delay slot nop
 1481  000020d0          	L82_LF2:
 1482  000020d0  20010008	addi	r1,r0,#8
 1483  000020d4  afc10008	sw	8(r30),r1
 1484  000020d8          	L84_LF2:
 1485  000020d8  0800000c	j	L80_LF2
 1486  000020dc  54000000	nop; delay slot nop
 1487  000020e0          	L81_LF2:
 1488  000020e0  2001000a	addi	r1,r0,#10
 1489  000020e4  afc10008	sw	8(r30),r1
 1490  000020e8          	L85_LF2:
 1491  000020e8          	L80_LF2:
 1492  000020e8  8fc10008	lw	r1,8(r30)
 1493  000020ec  70220000	slei	r2,r1,#0
 1494  000020f0  1440001c	bnez	r2,L87_LF2
 1495  000020f4  54000000	nop; delay slot nop
 1496  000020f8  8fc10008	lw	r1,8(r30)
 1497  000020fc  6c220010	sgti	r2,r1,#16
 1498  00002100  1440000c	bnez	r2,L87_LF2
 1499  00002104  54000000	nop; delay slot nop
 1500  00002108  08000010	j	L86_LF2
 1501  0000210c  54000000	nop; delay slot nop
 1502  00002110          	L87_LF2:
 1503  00002110  8fc1fff4	lw	r1,-12(r30)
 1504  00002114  08000188	j	L72_LF2
 1505  00002118  54000000	nop; delay slot nop
 1506  0000211c          	L86_LF2:
 1507  0000211c  54000000	nop
 1508  00002120          	L88_LF2:
 1509  00002120  8fc10000	lw	r1,(r30)
 1510  00002124  90220000	lbu	r2,(r1)
 1511  00002128  6c41002f	sgtui	r1,r2,#47
 1512  0000212c  10200030	beqz	r1,L91_LF2
 1513  00002130  54000000	nop; delay slot nop
 1514  00002134  8fc10000	lw	r1,(r30)
 1515  00002138  90220000	lbu	r2,(r1)
 1516  0000213c  70410039	sleui	r1,r2,#57
 1517  00002140  1020001c	beqz	r1,L91_LF2
 1518  00002144  54000000	nop; delay slot nop
 1519  00002148  8fc10000	lw	r1,(r30)
 1520  0000214c  90220000	lbu	r2,(r1)
 1521  00002150  2041ffd0	addi	r1,r2,#-48
 1522  00002154  afc1fff0	sw	-16(r30),r1
 1523  00002158  0800008c	j	L92_LF2
 1524  0000215c  54000000	nop; delay slot nop
 1525  00002160          	L91_LF2:
 1526  00002160  8fc10000	lw	r1,(r30)
 1527  00002164  90220000	lbu	r2,(r1)
 1528  00002168  6c410060	sgtui	r1,r2,#96
 1529  0000216c  10200030	beqz	r1,L93_LF2
 1530  00002170  54000000	nop; delay slot nop
 1531  00002174  8fc10000	lw	r1,(r30)
 1532  00002178  90220000	lbu	r2,(r1)
 1533  0000217c  7041007a	sleui	r1,r2,#122
 1534  00002180  1020001c	beqz	r1,L93_LF2
 1535  00002184  54000000	nop; delay slot nop
 1536  00002188  8fc10000	lw	r1,(r30)
 1537  0000218c  90220000	lbu	r2,(r1)
 1538  00002190  2041ffa9	addi	r1,r2,#-87
 1539  00002194  afc1fff0	sw	-16(r30),r1
 1540  00002198  0800004c	j	L92_LF2
 1541  0000219c  54000000	nop; delay slot nop
 1542  000021a0          	L93_LF2:
 1543  000021a0  8fc10000	lw	r1,(r30)
 1544  000021a4  90220000	lbu	r2,(r1)
 1545  000021a8  6c410040	sgtui	r1,r2,#64
 1546  000021ac  10200030	beqz	r1,L95_LF2
 1547  000021b0  54000000	nop; delay slot nop
 1548  000021b4  8fc10000	lw	r1,(r30)
 1549  000021b8  90220000	lbu	r2,(r1)
 1550  000021bc  7041005a	sleui	r1,r2,#90
 1551  000021c0  1020001c	beqz	r1,L95_LF2
 1552  000021c4  54000000	nop; delay slot nop
 1553  000021c8  8fc10000	lw	r1,(r30)
 1554  000021cc  90220000	lbu	r2,(r1)
 1555  000021d0  2041ffc9	addi	r1,r2,#-55
 1556  000021d4  afc1fff0	sw	-16(r30),r1
 1557  000021d8  0800000c	j	L92_LF2
 1558  000021dc  54000000	nop; delay slot nop
 1559  000021e0          	L95_LF2:
 1560  000021e0  200103e8	addi	r1,r0,#1000
 1561  000021e4  afc1fff0	sw	-16(r30),r1
 1562  000021e8          	L96_LF2:
 1563  000021e8          	L94_LF2:
 1564  000021e8          	L92_LF2:
 1565  000021e8  8fc1fff0	lw	r1,-16(r30)
 1566  000021ec  8fc20008	lw	r2,8(r30)
 1567  000021f0  0022082a	slt	r1,r1,r2
 1568  000021f4  10200040	beqz	r1,L90_LF2
 1569  000021f8  54000000	nop; delay slot nop
 1570  000021fc  8fc1fff4	lw	r1,-12(r30)
 1571  00002200  8fc20008	lw	r2,8(r30)
 1572  00002204  00200035	movi2fp	f0,r1
 1573  00002208  00400835	movi2fp	f1,r2
 1574  0000220c  0401000e	mult	f0,f0,f1
 1575  00002210  00000834	movfp2i	r1,f0
 1576  00002214  afc1fff4	sw	-12(r30),r1
 1577  00002218  8fc1fff4	lw	r1,-12(r30)
 1578  0000221c  8fc2fff0	lw	r2,-16(r30)
 1579  00002220  00220820	add	r1,r1,r2
 1580  00002224  afc1fff4	sw	-12(r30),r1
 1581  00002228  8fc20000	lw	r2,(r30)
 1582  0000222c  20410001	addi	r1,r2,#1
 1583  00002230  00011020	add	r2,r0,r1
 1584  00002234  afc20000	sw	(r30),r2
 1585  00002238          	L97_LF2:
 1586  00002238          	L90_LF2:
 1587  00002238  8fc1fff0	lw	r1,-16(r30)
 1588  0000223c  8fc20008	lw	r2,8(r30)
 1589  00002240  0022082a	slt	r1,r1,r2
 1590  00002244  1420000c	bnez	r1,L98_LF2
 1591  00002248  54000000	nop; delay slot nop
 1592  0000224c  0800000c	j	L89_LF2
 1593  00002250  54000000	nop; delay slot nop
 1594  00002254          	L98_LF2:
 1595  00002254  0bfffec8	j	L88_LF2
 1596  00002258  54000000	nop; delay slot nop
 1597  0000225c          	L89_LF2:
 1598  0000225c  8fc10004	lw	r1,4(r30)
 1599  00002260  64220000	snei	r2,r1,#0
 1600  00002264  10400010	beqz	r2,L99_LF2
 1601  00002268  54000000	nop; delay slot nop
 1602  0000226c  8fc10004	lw	r1,4(r30)
 1603  00002270  8fc20000	lw	r2,(r30)
 1604  00002274  ac220000	sw	(r1),r2
 1605  00002278          	L99_LF2:
 1606  00002278  8fc1fff4	lw	r1,-12(r30)
 1607  0000227c  8fc2ffec	lw	r2,-20(r30)
 1608  00002280  00200035	movi2fp	f0,r1
 1609  00002284  00400835	movi2fp	f1,r2
 1610  00002288  0401000e	mult	f0,f0,f1
 1611  0000228c  00000834	movfp2i	r1,f0
 1612  00002290  afc1fff4	sw	-12(r30),r1
 1613  00002294  8fc1fff4	lw	r1,-12(r30)
 1614  00002298  08000004	j	L72_LF2
 1615  0000229c  54000000	nop; delay slot nop
 1616  000022a0          	L72_LF2:
 1617  000022a0  8fa20000	lw	r2,0(r29)
 1618  000022a4  8fdffff8	lw	r31,-8(r30)
 1619  000022a8  001ee820	add	r29,r0,r30
 1620  000022ac  8fdefffc	lw	r30,-4(r30)
 1621  000022b0  4be00000	jr	r31
 1622  000022b4  54000000	nop
 1623  000022b8          	.endproc _dstrtol
 1624  000022b8          	.align 2
 1625  000022b8          	.proc _bcopy
 1626  000022b8          	.global _bcopy
 1627  000022b8          	_bcopy:
 1628                      ;  Function 'bcopy'; 0 bytes of locals, 2 regs to save.
 1629  000022b8  afbefffc	sw	-4(r29),r30; push fp
 1630  000022bc  001df020	add	r30,r0,r29; fp = sp
 1631  000022c0  afbffff8	sw	-8(r29),r31; push ret addr
 1632  000022c4  2fbd0010	subui	r29,r29,#16; alloc local storage
 1633  000022c8  afa20000	sw	0(r29),r2
 1634  000022cc  afa30004	sw	4(r29),r3
 1635  000022d0  54000000	nop
 1636  000022d4          	L101_LF2:
 1637  000022d4  8fc10008	lw	r1,8(r30)
 1638  000022d8  2022ffff	addi	r2,r1,#-1
 1639  000022dc  afc20008	sw	8(r30),r2
 1640  000022e0  6c210000	sgti	r1,r1,#0
 1641  000022e4  1420000c	bnez	r1,L103_LF2
 1642  000022e8  54000000	nop; delay slot nop
 1643  000022ec  0800002c	j	L102_LF2
 1644  000022f0  54000000	nop; delay slot nop
 1645  000022f4          	L103_LF2:
 1646  000022f4  8fc10004	lw	r1,4(r30)
 1647  000022f8  20220001	addi	r2,r1,#1
 1648  000022fc  afc20004	sw	4(r30),r2
 1649  00002300  8fc20000	lw	r2,(r30)
 1650  00002304  20430001	addi	r3,r2,#1
 1651  00002308  afc30000	sw	(r30),r3
 1652  0000230c  80420000	lb	r2,(r2)
 1653  00002310  a0220000	sb	(r1),r2
 1654  00002314  0bffffbc	j	L101_LF2
 1655  00002318  54000000	nop; delay slot nop
 1656  0000231c          	L102_LF2:
 1657  0000231c          	L100_LF2:
 1658  0000231c  8fa20000	lw	r2,0(r29)
 1659  00002320  8fa30004	lw	r3,4(r29)
 1660  00002324  8fdffff8	lw	r31,-8(r30)
 1661  00002328  001ee820	add	r29,r0,r30
 1662  0000232c  8fdefffc	lw	r30,-4(r30)
 1663  00002330  4be00000	jr	r31
 1664  00002334  54000000	nop
 1665  00002338          	.endproc _bcopy
 1666  00002338          	.align 2
 1667  00002338          	.proc _bzero
 1668  00002338          	.global _bzero
 1669  00002338          	_bzero:
 1670                      ;  Function 'bzero'; 0 bytes of locals, 1 regs to save.
 1671  00002338  afbefffc	sw	-4(r29),r30; push fp
 1672  0000233c  001df020	add	r30,r0,r29; fp = sp
 1673  00002340  afbffff8	sw	-8(r29),r31; push ret addr
 1674  00002344  2fbd0010	subui	r29,r29,#16; alloc local storage
 1675  00002348  afa20000	sw	0(r29),r2
 1676  0000234c  54000000	nop
 1677  00002350          	L105_LF2:
 1678  00002350  8fc10004	lw	r1,4(r30)
 1679  00002354  2022ffff	addi	r2,r1,#-1
 1680  00002358  afc20004	sw	4(r30),r2
 1681  0000235c  6c210000	sgti	r1,r1,#0
 1682  00002360  1420000c	bnez	r1,L107_LF2
 1683  00002364  54000000	nop; delay slot nop
 1684  00002368  08000020	j	L106_LF2
 1685  0000236c  54000000	nop; delay slot nop
 1686  00002370          	L107_LF2:
 1687  00002370  8fc10000	lw	r1,(r30)
 1688  00002374  20220001	addi	r2,r1,#1
 1689  00002378  afc20000	sw	(r30),r2
 1690  0000237c  20020000	addi	r2,r0,(#0x0)&0xff
 1691  00002380  a0220000	sb	(r1),r2
 1692  00002384  0bffffc8	j	L105_LF2
 1693  00002388  54000000	nop; delay slot nop
 1694  0000238c          	L106_LF2:
 1695  0000238c          	L104_LF2:
 1696  0000238c  8fa20000	lw	r2,0(r29)
 1697  00002390  8fdffff8	lw	r31,-8(r30)
 1698  00002394  001ee820	add	r29,r0,r30
 1699  00002398  8fdefffc	lw	r30,-4(r30)
 1700  0000239c  4be00000	jr	r31
 1701  000023a0  54000000	nop
 1702  000023a4          	.endproc _bzero
 1703  000023a4          	.align 2
 1704  000023a4          	.proc _min
 1705  000023a4          	.global _min
 1706  000023a4          	_min:
 1707                      ;  Function 'min'; 0 bytes of locals, 2 regs to save.
 1708  000023a4  afbefffc	sw	-4(r29),r30; push fp
 1709  000023a8  001df020	add	r30,r0,r29; fp = sp
 1710  000023ac  afbffff8	sw	-8(r29),r31; push ret addr
 1711  000023b0  2fbd0010	subui	r29,r29,#16; alloc local storage
 1712  000023b4  afa20000	sw	0(r29),r2
 1713  000023b8  afa30004	sw	4(r29),r3
 1714  000023bc  8fc10000	lw	r1,(r30)
 1715  000023c0  8fc20004	lw	r2,4(r30)
 1716  000023c4  0022182c	sle	r3,r1,r2
 1717  000023c8  14600008	bnez	r3,L109_LF2
 1718  000023cc  54000000	nop; delay slot nop
 1719  000023d0  8fc10004	lw	r1,4(r30)
 1720  000023d4          	L109_LF2:
 1721  000023d4  08000004	j	L108_LF2
 1722  000023d8  54000000	nop; delay slot nop
 1723  000023dc          	L108_LF2:
 1724  000023dc  8fa20000	lw	r2,0(r29)
 1725  000023e0  8fa30004	lw	r3,4(r29)
 1726  000023e4  8fdffff8	lw	r31,-8(r30)
 1727  000023e8  001ee820	add	r29,r0,r30
 1728  000023ec  8fdefffc	lw	r30,-4(r30)
 1729  000023f0  4be00000	jr	r31
 1730  000023f4  54000000	nop
 1731  000023f8          	.endproc _min
 1732  000023f8          	.align 2
 1733  000023f8          	.proc _max
 1734  000023f8          	.global _max
 1735  000023f8          	_max:
 1736                      ;  Function 'max'; 0 bytes of locals, 2 regs to save.
 1737  000023f8  afbefffc	sw	-4(r29),r30; push fp
 1738  000023fc  001df020	add	r30,r0,r29; fp = sp
 1739  00002400  afbffff8	sw	-8(r29),r31; push ret addr
 1740  00002404  2fbd0010	subui	r29,r29,#16; alloc local storage
 1741  00002408  afa20000	sw	0(r29),r2
 1742  0000240c  afa30004	sw	4(r29),r3
 1743  00002410  8fc10000	lw	r1,(r30)
 1744  00002414  8fc20004	lw	r2,4(r30)
 1745  00002418  0022182d	sge	r3,r1,r2
 1746  0000241c  14600008	bnez	r3,L111_LF2
 1747  00002420  54000000	nop; delay slot nop
 1748  00002424  8fc10004	lw	r1,4(r30)
 1749  00002428          	L111_LF2:
 1750  00002428  08000004	j	L110_LF2
 1751  0000242c  54000000	nop; delay slot nop
 1752  00002430          	L110_LF2:
 1753  00002430  8fa20000	lw	r2,0(r29)
 1754  00002434  8fa30004	lw	r3,4(r29)
 1755  00002438  8fdffff8	lw	r31,-8(r30)
 1756  0000243c  001ee820	add	r29,r0,r30
 1757  00002440  8fdefffc	lw	r30,-4(r30)
 1758  00002444  4be00000	jr	r31
 1759  00002448  54000000	nop
 1760  0000244c          	.endproc _max
 1761                      ;;; Ethan L. Miller, 1999.  Released to the public domain
 1762                      ;;;
 1763                      ;;; Most of the traps are called in files from libtraps.
 1766  0000244c          	.align 2
 1767  0000244c          	.proc _exit
 1768  0000244c          	.global _exit
 1769  0000244c          	_exit:
 1770  0000244c  44000300	trap	#0x300
 1771  00002450  4be00000	jr	r31
 1772  00002454  54000000	nop
 1773  00002458          	.endproc _exit
 1775                      ; for the benefit of gcc.
 1776  00002458          	.proc ___main
 1777  00002458          	.global ___main
 1778  00002458          	___main:
 1779  00002458  4be00000	jr	r31
 1780  0000245c  54000000	nop
 1781  00002460          	.endproc ___main
 1782  00002460          	.text
 1783  00002460          	.global _etext
 1784  00002460          	_etext:
 1785  00002460          	.align 3
 1786  00002460          	.data
 1787  00003205          	.global _edata
 1788  00003205          	_edata:
