 line   address	contents
    1                      ; Linked by DLX-LD.
    2                      ; MemSize 24576
    3                      ; Data size: 317
    4                      ; Text size: 4868
    5                      ; Stack size: 8192
    6  00000000          	.text 0x1000
    7  00001000          	.data 0x3000
    8                      ; Compiled by GCC
    9  00003000          	.text
   10  00001000          	.align 2
   11  00001000          	.proc _isspace
   12  00001000          	.global _isspace
   13  00001000          	_isspace:
   14                      ;  Function 'isspace'; 0 bytes of locals, 1 regs to save.
   15  00001000  afbefffc	sw	-4(r29),r30; push fp
   16  00001004  001df020	add	r30,r0,r29; fp = sp
   17  00001008  afbffff8	sw	-8(r29),r31; push ret addr
   18  0000100c  2fbd0010	subui	r29,r29,#16; alloc local storage
   19  00001010  afa20000	sw	0(r29),r2
   20  00001014  83c20003	lb	r2,3(r30)
   21  00001018  201f0000	addi	r31,r0,#0
   22  0000101c  304100ff	andi	r1,r2,#0x00ff
   23  00001020  60210020	seqi	r1,r1,#32
   24  00001024  14200018	bnez	r1,L6_LF0
   25  00001028  54000000	nop; not filled.
   26  0000102c  2041fff7	addi	r1,r2,#-9
   27  00001030  302100ff	andi	r1,r1,#0x00ff
   28  00001034  70210001	sleui	r1,r1,#1
   29  00001038  10200008	beqz	r1,L5_LF0
   30  0000103c  54000000	nop; not filled.
   31  00001040          	L6_LF0:
   32  00001040  201f0001	addi	r31,r0,#1
   33  00001044          	L5_LF0:
   34  00001044  001f0820	add	r1,r0,r31
   35  00001048  8fa20000	lw	r2,0(r29)
   36  0000104c  8fdffff8	lw	r31,-8(r30)
   37  00001050  001ee820	add	r29,r0,r30
   38  00001054  8fdefffc	lw	r30,-4(r30)
   39  00001058  4be00000	jr	r31
   40  0000105c  54000000	nop
   41  00001060          	.endproc _isspace
   42  00001060          	.align 2
   43  00001060          	.proc _isxdigit
   44  00001060          	.global _isxdigit
   45  00001060          	_isxdigit:
   46                      ;  Function 'isxdigit'; 0 bytes of locals, 1 regs to save.
   47  00001060  afbefffc	sw	-4(r29),r30; push fp
   48  00001064  001df020	add	r30,r0,r29; fp = sp
   49  00001068  afbffff8	sw	-8(r29),r31; push ret addr
   50  0000106c  2fbd0010	subui	r29,r29,#16; alloc local storage
   51  00001070  afa20000	sw	0(r29),r2
   52  00001074  83df0003	lb	r31,3(r30)
   53  00001078  20020000	addi	r2,r0,#0
   54  0000107c  23e1ffd0	addi	r1,r31,#-48
   55  00001080  302100ff	andi	r1,r1,#0x00ff
   56  00001084  70210009	sleui	r1,r1,#9
   57  00001088  14200028	bnez	r1,L12_LF0
   58  0000108c  54000000	nop; not filled.
   59  00001090  23e1ff9f	addi	r1,r31,#-97
   60  00001094  302100ff	andi	r1,r1,#0x00ff
   61  00001098  70210005	sleui	r1,r1,#5
   62  0000109c  14200014	bnez	r1,L12_LF0
   63  000010a0  54000000	nop; not filled.
   64  000010a4  33e100ff	andi	r1,r31,#0x00ff
   65  000010a8  64210041	snei	r1,r1,#65
   66  000010ac  14200008	bnez	r1,L11_LF0
   67  000010b0  54000000	nop; not filled.
   68  000010b4          	L12_LF0:
   69  000010b4  20020001	addi	r2,r0,#1
   70  000010b8          	L11_LF0:
   71  000010b8  00020820	add	r1,r0,r2
   72  000010bc  8fa20000	lw	r2,0(r29)
   73  000010c0  8fdffff8	lw	r31,-8(r30)
   74  000010c4  001ee820	add	r29,r0,r30
   75  000010c8  8fdefffc	lw	r30,-4(r30)
   76  000010cc  4be00000	jr	r31
   77  000010d0  54000000	nop
   78  000010d4          	.endproc _isxdigit
   79  000010d4          	.data
   80  00003000          	.align 2
   81  00003000          	LC0_LF0:
   82  00003000  55736167	.ascii "Usage: \000"
   82  00003004  653a2000	
   83  00003008          	.align 2
   84  00003008          	LC1_LF0:
   85  00003008  42616420	.ascii "Bad semaphore of hydro sem wait (%d) in reaction 1\000"
   85  0000300c  73656d61	
   85  00003010  70686f72	
   85  00003014  65206f66	
   85  00003018  20687964	
   85  0000301c  726f2073	
   85  00003020  656d2077	
   85  00003024  61697420	
   85  00003028  28256429	
   85  0000302c  20696e20	
   85  00003030  72656163	
   85  00003034  74696f6e	
   85  00003038  203100  	
   86  0000303b          	.align 2
   87  0000303c          	LC2_LF0:
   88  0000303c  0a00    	.ascii "\n\000"
   89  0000303e          	.align 2
   90  00003040          	LC3_LF0:
   91  00003040  42616420	.ascii "Bad semaphore for H increment in reaction 1 : (%d) \000"
   91  00003044  73656d61	
   91  00003048  70686f72	
   91  0000304c  6520666f	
   91  00003050  72204820	
   91  00003054  696e6372	
   91  00003058  656d656e	
   91  0000305c  7420696e	
   91  00003060  20726561	
   91  00003064  6374696f	
   91  00003068  6e203120	
   91  0000306c  3a202825	
   91  00003070  64292000	
   92  00003074          	.align 2
   93  00003074          	LC4_LF0:
   94  00003074  2c206578	.ascii ", exiting...\n\000"
   94  00003078  6974696e	
   94  0000307c  672e2e2e	
   94  00003080  0a00    	
   95  00003082          	.align 2
   96  00003084          	LC5_LF0:
   97  00003084  43726561	.ascii "Created new hydrogen (H2) molecule\n\000"
   97  00003088  74656420	
   97  0000308c  6e657720	
   97  00003090  68796472	
   97  00003094  6f67656e	
   97  00003098  20284832	
   97  0000309c  29206d6f	
   97  000030a0  6c656375	
   97  000030a4  6c650a00	
   98  000030a8          	.align 2
   99  000030a8          	LC6_LF0:
  100  000030a8  42616420	.ascii "Bad semaphore for O increment in in reaction 1 : (%d) \000"
  100  000030ac  73656d61	
  100  000030b0  70686f72	
  100  000030b4  6520666f	
  100  000030b8  72204f20	
  100  000030bc  696e6372	
  100  000030c0  656d656e	
  100  000030c4  7420696e	
  100  000030c8  20696e20	
  100  000030cc  72656163	
  100  000030d0  74696f6e	
  100  000030d4  2031203a	
  100  000030d8  20282564	
  100  000030dc  292000  	
  101  000030df          	.align 2
  102  000030e0          	LC7_LF0:
  103  000030e0  43726561	.ascii "Created new oxygen (O2) molecule\n\000"
  103  000030e4  74656420	
  103  000030e8  6e657720	
  103  000030ec  6f787967	
  103  000030f0  656e2028	
  103  000030f4  4f322920	
  103  000030f8  6d6f6c65	
  103  000030fc  63756c65	
  103  00003100  0a00    	
  104  00003102          	.align 2
  105  00003104          	LC8_LF0:
  106  00003104  42616420	.ascii "Bad semaphore for proc sem increment in reaction 1 : %d \000"
  106  00003108  73656d61	
  106  0000310c  70686f72	
  106  00003110  6520666f	
  106  00003114  72207072	
  106  00003118  6f632073	
  106  0000311c  656d2069	
  106  00003120  6e637265	
  106  00003124  6d656e74	
  106  00003128  20696e20	
  106  0000312c  72656163	
  106  00003130  74696f6e	
  106  00003134  2031203a	
  106  00003138  20256420	
  106  0000313c  00      	
  107  0000313d          	.text
  108  000010d4          	.align 2
  109  000010d4          	.proc _main
  110  000010d4          	.global _main
  111  000010d4          	_main:
  112                      ;  Function 'main'; 0 bytes of locals, 0 regs to save.
  113  000010d4  afbefffc	sw	-4(r29),r30; push fp
  114  000010d8  001df020	add	r30,r0,r29; fp = sp
  115  000010dc  afbffff8	sw	-8(r29),r31; push ret addr
  116  000010e0  2fbd0008	subui	r29,r29,#8; alloc local storage
  117  000010e4  8fc20000	lw	r2,(r30)
  118  000010e8  8fc50004	lw	r5,4(r30)
  119  000010ec  0c00120c	jal	___main
  120  000010f0  54000000	nop; not filled.
  121  000010f4  64410006	snei	r1,r2,#6
  122  000010f8  10200038	beqz	r1,L14_LF0
  123  000010fc  54000000	nop; not filled.
  124  00001100  23bdfff8	addi	r29,r29,#-8
  125  00001104  3c0a0000	lhi	r10,((LC0_LF0)>>16)&0xffff
  126  00001108  254a3000	addui	r10,r10,(LC0_LF0)&0xffff
  127  0000110c  afaa0000	sw	(r29),r10
  128  00001110  0c0003e0	jal	_Printf
  129  00001114  54000000	nop; not filled.
  130  00001118  8caa0000	lw	r10,(r5)
  131  0000111c  afaa0000	sw	(r29),r10
  132  00001120  0c0003d0	jal	_Printf
  133  00001124  54000000	nop; not filled.
  134  00001128  0c00047c	jal	_Exit
  135  0000112c  54000000	nop; not filled.
  136  00001130  23bd0008	addi	r29,r29,#8
  137  00001134          	L14_LF0:
  138  00001134  23bdfff0	addi	r29,r29,#-16
  139  00001138  8caa0004	lw	r10,4(r5)
  140  0000113c  afaa0000	sw	(r29),r10
  141  00001140  200a0000	addi	r10,r0,#0
  142  00001144  afaa0004	sw	4(r29),r10
  143  00001148  200a000a	addi	r10,r0,#10
  144  0000114c  afaa0008	sw	8(r29),r10
  145  00001150  0c000d00	jal	_dstrtol
  146  00001154  54000000	nop; not filled.
  147  00001158  00014020	add	r8,r0,r1
  148  0000115c  8caa0008	lw	r10,8(r5)
  149  00001160  afaa0000	sw	(r29),r10
  150  00001164  200a0000	addi	r10,r0,#0
  151  00001168  afaa0004	sw	4(r29),r10
  152  0000116c  200a000a	addi	r10,r0,#10
  153  00001170  afaa0008	sw	8(r29),r10
  154  00001174  0c000cdc	jal	_dstrtol
  155  00001178  54000000	nop; not filled.
  156  0000117c  00012020	add	r4,r0,r1
  157  00001180  8caa000c	lw	r10,12(r5)
  158  00001184  afaa0000	sw	(r29),r10
  159  00001188  200a0000	addi	r10,r0,#0
  160  0000118c  afaa0004	sw	4(r29),r10
  161  00001190  200a000a	addi	r10,r0,#10
  162  00001194  afaa0008	sw	8(r29),r10
  163  00001198  0c000cb8	jal	_dstrtol
  164  0000119c  54000000	nop; not filled.
  165  000011a0  00013820	add	r7,r0,r1
  166  000011a4  8caa0010	lw	r10,16(r5)
  167  000011a8  afaa0000	sw	(r29),r10
  168  000011ac  200a0000	addi	r10,r0,#0
  169  000011b0  afaa0004	sw	4(r29),r10
  170  000011b4  200a000a	addi	r10,r0,#10
  171  000011b8  afaa0008	sw	8(r29),r10
  172  000011bc  0c000c94	jal	_dstrtol
  173  000011c0  54000000	nop; not filled.
  174  000011c4  00013020	add	r6,r0,r1
  175  000011c8  8caa0014	lw	r10,20(r5)
  176  000011cc  afaa0000	sw	(r29),r10
  177  000011d0  200a0000	addi	r10,r0,#0
  178  000011d4  afaa0004	sw	4(r29),r10
  179  000011d8  200a000a	addi	r10,r0,#10
  180  000011dc  afaa0008	sw	8(r29),r10
  181  000011e0  0c000c70	jal	_dstrtol
  182  000011e4  54000000	nop; not filled.
  183  000011e8  00014820	add	r9,r0,r1
  184  000011ec  20030000	addi	r3,r0,#0
  185  000011f0  23bd0010	addi	r29,r29,#16
  186  000011f4  0068082a	slt	r1,r3,r8
  187  000011f8  10200234	beqz	r1,L16_LF0
  188  000011fc  54000000	nop; not filled.
  189  00001200          	L18_LF0:
  190  00001200  23bdfff8	addi	r29,r29,#-8
  191  00001204  afa40000	sw	(r29),r4
  192  00001208  0c000330	jal	_sem_wait
  193  0000120c  54000000	nop; not filled.
  194  00001210  23bd0008	addi	r29,r29,#8
  195  00001214  64210001	snei	r1,r1,#1
  196  00001218  10200050	beqz	r1,L19_LF0
  197  0000121c  54000000	nop; not filled.
  198  00001220  23bdfff8	addi	r29,r29,#-8
  199  00001224  3c0a0000	lhi	r10,((LC1_LF0)>>16)&0xffff
  200  00001228  254a3008	addui	r10,r10,(LC1_LF0)&0xffff
  201  0000122c  afaa0000	sw	(r29),r10
  202  00001230  afa40004	sw	4(r29),r4
  203  00001234  0c0002bc	jal	_Printf
  204  00001238  54000000	nop; not filled.
  205  0000123c  8caa0000	lw	r10,(r5)
  206  00001240  afaa0000	sw	(r29),r10
  207  00001244  0c0002ac	jal	_Printf
  208  00001248  54000000	nop; not filled.
  209  0000124c  3c0a0000	lhi	r10,((LC2_LF0)>>16)&0xffff
  210  00001250  254a303c	addui	r10,r10,(LC2_LF0)&0xffff
  211  00001254  afaa0000	sw	(r29),r10
  212  00001258  0c000298	jal	_Printf
  213  0000125c  54000000	nop; not filled.
  214  00001260  0c000344	jal	_Exit
  215  00001264  54000000	nop; not filled.
  216  00001268  23bd0008	addi	r29,r29,#8
  217  0000126c          	L19_LF0:
  218  0000126c  23bdfff8	addi	r29,r29,#-8
  219  00001270  afa40000	sw	(r29),r4
  220  00001274  0c0002c4	jal	_sem_wait
  221  00001278  54000000	nop; not filled.
  222  0000127c  23bd0008	addi	r29,r29,#8
  223  00001280  64210001	snei	r1,r1,#1
  224  00001284  10200050	beqz	r1,L20_LF0
  225  00001288  54000000	nop; not filled.
  226  0000128c  23bdfff8	addi	r29,r29,#-8
  227  00001290  3c0a0000	lhi	r10,((LC1_LF0)>>16)&0xffff
  228  00001294  254a3008	addui	r10,r10,(LC1_LF0)&0xffff
  229  00001298  afaa0000	sw	(r29),r10
  230  0000129c  afa40004	sw	4(r29),r4
  231  000012a0  0c000250	jal	_Printf
  232  000012a4  54000000	nop; not filled.
  233  000012a8  8caa0000	lw	r10,(r5)
  234  000012ac  afaa0000	sw	(r29),r10
  235  000012b0  0c000240	jal	_Printf
  236  000012b4  54000000	nop; not filled.
  237  000012b8  3c0a0000	lhi	r10,((LC2_LF0)>>16)&0xffff
  238  000012bc  254a303c	addui	r10,r10,(LC2_LF0)&0xffff
  239  000012c0  afaa0000	sw	(r29),r10
  240  000012c4  0c00022c	jal	_Printf
  241  000012c8  54000000	nop; not filled.
  242  000012cc  0c0002d8	jal	_Exit
  243  000012d0  54000000	nop; not filled.
  244  000012d4  23bd0008	addi	r29,r29,#8
  245  000012d8          	L20_LF0:
  246  000012d8  20020000	addi	r2,r0,#0
  247  000012dc          	L24_LF0:
  248  000012dc  23bdfff8	addi	r29,r29,#-8
  249  000012e0  afa70000	sw	(r29),r7
  250  000012e4  0c000260	jal	_sem_signal
  251  000012e8  54000000	nop; not filled.
  252  000012ec  23bd0008	addi	r29,r29,#8
  253  000012f0  64210001	snei	r1,r1,#1
  254  000012f4  10200058	beqz	r1,L25_LF0
  255  000012f8  54000000	nop; not filled.
  256  000012fc  0c000200	jal	_getpid
  257  00001300  54000000	nop; not filled.
  258  00001304  23bdfff8	addi	r29,r29,#-8
  259  00001308  3c0a0000	lhi	r10,((LC3_LF0)>>16)&0xffff
  260  0000130c  254a3040	addui	r10,r10,(LC3_LF0)&0xffff
  261  00001310  afaa0000	sw	(r29),r10
  262  00001314  afa10004	sw	4(r29),r1
  263  00001318  0c0001d8	jal	_Printf
  264  0000131c  54000000	nop; not filled.
  265  00001320  8caa0000	lw	r10,(r5)
  266  00001324  afaa0000	sw	(r29),r10
  267  00001328  0c0001c8	jal	_Printf
  268  0000132c  54000000	nop; not filled.
  269  00001330  3c0a0000	lhi	r10,((LC4_LF0)>>16)&0xffff
  270  00001334  254a3074	addui	r10,r10,(LC4_LF0)&0xffff
  271  00001338  afaa0000	sw	(r29),r10
  272  0000133c  0c0001b4	jal	_Printf
  273  00001340  54000000	nop; not filled.
  274  00001344  0c000260	jal	_Exit
  275  00001348  54000000	nop; not filled.
  276  0000134c  23bd0008	addi	r29,r29,#8
  277  00001350          	L25_LF0:
  278  00001350  23bdfff8	addi	r29,r29,#-8
  279  00001354  3c0a0000	lhi	r10,((LC5_LF0)>>16)&0xffff
  280  00001358  254a3084	addui	r10,r10,(LC5_LF0)&0xffff
  281  0000135c  afaa0000	sw	(r29),r10
  282  00001360  0c000190	jal	_Printf
  283  00001364  54000000	nop; not filled.
  284  00001368  23bd0008	addi	r29,r29,#8
  285  0000136c  20420001	addi	r2,r2,#1
  286  00001370  70410001	slei	r1,r2,#1
  287  00001374  1420ff64	bnez	r1,L24_LF0
  288  00001378  54000000	nop; not filled.
  289  0000137c  20020000	addi	r2,r0,#0
  290  00001380          	L30_LF0:
  291  00001380  23bdfff8	addi	r29,r29,#-8
  292  00001384  afa60000	sw	(r29),r6
  293  00001388  0c0001bc	jal	_sem_signal
  294  0000138c  54000000	nop; not filled.
  295  00001390  23bd0008	addi	r29,r29,#8
  296  00001394  64210001	snei	r1,r1,#1
  297  00001398  10200058	beqz	r1,L31_LF0
  298  0000139c  54000000	nop; not filled.
  299  000013a0  0c00015c	jal	_getpid
  300  000013a4  54000000	nop; not filled.
  301  000013a8  23bdfff8	addi	r29,r29,#-8
  302  000013ac  3c0a0000	lhi	r10,((LC6_LF0)>>16)&0xffff
  303  000013b0  254a30a8	addui	r10,r10,(LC6_LF0)&0xffff
  304  000013b4  afaa0000	sw	(r29),r10
  305  000013b8  afa10004	sw	4(r29),r1
  306  000013bc  0c000134	jal	_Printf
  307  000013c0  54000000	nop; not filled.
  308  000013c4  8caa0000	lw	r10,(r5)
  309  000013c8  afaa0000	sw	(r29),r10
  310  000013cc  0c000124	jal	_Printf
  311  000013d0  54000000	nop; not filled.
  312  000013d4  3c0a0000	lhi	r10,((LC4_LF0)>>16)&0xffff
  313  000013d8  254a3074	addui	r10,r10,(LC4_LF0)&0xffff
  314  000013dc  afaa0000	sw	(r29),r10
  315  000013e0  0c000110	jal	_Printf
  316  000013e4  54000000	nop; not filled.
  317  000013e8  0c0001bc	jal	_Exit
  318  000013ec  54000000	nop; not filled.
  319  000013f0  23bd0008	addi	r29,r29,#8
  320  000013f4          	L31_LF0:
  321  000013f4  23bdfff8	addi	r29,r29,#-8
  322  000013f8  3c0a0000	lhi	r10,((LC7_LF0)>>16)&0xffff
  323  000013fc  254a30e0	addui	r10,r10,(LC7_LF0)&0xffff
  324  00001400  afaa0000	sw	(r29),r10
  325  00001404  0c0000ec	jal	_Printf
  326  00001408  54000000	nop; not filled.
  327  0000140c  23bd0008	addi	r29,r29,#8
  328  00001410  20420001	addi	r2,r2,#1
  329  00001414  70410000	slei	r1,r2,#0
  330  00001418  1420ff64	bnez	r1,L30_LF0
  331  0000141c  54000000	nop; not filled.
  332  00001420  20630001	addi	r3,r3,#1
  333  00001424  0068082a	slt	r1,r3,r8
  334  00001428  1420fdd4	bnez	r1,L18_LF0
  335  0000142c  54000000	nop; not filled.
  336  00001430          	L16_LF0:
  337  00001430  23bdfff8	addi	r29,r29,#-8
  338  00001434  afa90000	sw	(r29),r9
  339  00001438  0c00010c	jal	_sem_signal
  340  0000143c  54000000	nop; not filled.
  341  00001440  23bd0008	addi	r29,r29,#8
  342  00001444  64210001	snei	r1,r1,#1
  343  00001448  10200058	beqz	r1,L34_LF0
  344  0000144c  54000000	nop; not filled.
  345  00001450  0c0000ac	jal	_getpid
  346  00001454  54000000	nop; not filled.
  347  00001458  23bdfff8	addi	r29,r29,#-8
  348  0000145c  3c0a0000	lhi	r10,((LC8_LF0)>>16)&0xffff
  349  00001460  254a3104	addui	r10,r10,(LC8_LF0)&0xffff
  350  00001464  afaa0000	sw	(r29),r10
  351  00001468  afa10004	sw	4(r29),r1
  352  0000146c  0c000084	jal	_Printf
  353  00001470  54000000	nop; not filled.
  354  00001474  8ca50000	lw	r5,(r5)
  355  00001478  afa50000	sw	(r29),r5
  356  0000147c  0c000074	jal	_Printf
  357  00001480  54000000	nop; not filled.
  358  00001484  3c0a0000	lhi	r10,((LC4_LF0)>>16)&0xffff
  359  00001488  254a3074	addui	r10,r10,(LC4_LF0)&0xffff
  360  0000148c  afaa0000	sw	(r29),r10
  361  00001490  0c000060	jal	_Printf
  362  00001494  54000000	nop; not filled.
  363  00001498  0c00010c	jal	_Exit
  364  0000149c  54000000	nop; not filled.
  365  000014a0  23bd0008	addi	r29,r29,#8
  366  000014a4          	L34_LF0:
  367  000014a4  0c000e48	jal	_exit
  368  000014a8  54000000	nop
  369  000014ac          	.endproc _main
  370                      ;;;
  371                      ;;; Stub functions for DLX traps.
  372                      ;;;
  373                      ;;; Ethan L. Miller, 1999.  Released to the public domain.
  374                      ;;;
  375                      ;;; The traps such as Open and Close
  376                      ;;; (note the capital letters) are for use by user programs.  The traps
  377                      ;;; with names such as open and close (lower case) are for use by the OS.
  378                      ;;;
  381  000014ac          	.align 2
  383                      ;;; The following are the traps to be used by user-level programs
  384                      ;;;
  386  000014ac          	.align 2
  387  000014ac          	.proc _Open
  388  000014ac          	.global _Open
  389  000014ac          	_Open:
  390                      ;;; Note that trap #0x213 actually causes a trap vector in the OS of
  391                      ;;; 0x1213.  The same is true for other user traps.  Thus, a user trap
  392                      ;;; with trap #0x240 will result in a trap vector of 0x1240 in the OS.
  393  000014ac  44000213	trap	#0x213
  394  000014b0  4be00000	jr	r31
  395  000014b4  54000000	nop
  396  000014b8          	.endproc _Open
  398  000014b8          	.proc _Close
  399  000014b8          	.global _Close
  400  000014b8          	_Close:
  401  000014b8  44000214	trap	#0x214
  402  000014bc  4be00000	jr	r31
  403  000014c0  54000000	nop
  404  000014c4          	.endproc _Close
  406  000014c4          	.proc _Read
  407  000014c4          	.global _Read
  408  000014c4          	_Read:
  409  000014c4  44000210	trap	#0x210
  410  000014c8  4be00000	jr	r31
  411  000014cc  54000000	nop
  412  000014d0          	.endproc _Read
  414  000014d0          	.proc _Write
  415  000014d0          	.global _Write
  416  000014d0          	_Write:
  417  000014d0  44000211	trap	#0x211
  418  000014d4  4be00000	jr	r31
  419  000014d8  54000000	nop
  420  000014dc          	.endproc _Write
  422  000014dc          	.proc _Lseek
  423  000014dc          	.global _Lseek
  424  000014dc          	_Lseek:
  425  000014dc  44000212	trap	#0x212
  426  000014e0  4be00000	jr	r31
  427  000014e4  54000000	nop
  428  000014e8          	.endproc _Lseek
  430  000014e8          	.proc _Putchar
  431  000014e8          	.global _Putchar
  432  000014e8          	_Putchar:
  433  000014e8  44000280	trap	#0x280
  434  000014ec  4be00000	jr	r31
  435  000014f0  54000000	nop
  436  000014f4          	.endproc _Putchar
  438  000014f4          	.proc _Printf
  439  000014f4          	.global _Printf
  440  000014f4          	_Printf:
  441  000014f4  44000201	trap	#0x201
  442  000014f8  4be00000	jr	r31
  443  000014fc  54000000	nop
  444  00001500          	.endproc _Printf
  446  00001500          	.proc _getpid
  447  00001500          	.global _getpid
  448  00001500          	_getpid:
  449  00001500  44000431	trap	#0x431
  450  00001504  4be00000	jr	r31
  451  00001508  54000000	nop
  452  0000150c          	.endproc _getpid
  454  0000150c          	.proc _process_create
  455  0000150c          	.global _process_create
  456  0000150c          	_process_create:
  457  0000150c  44000432	trap	#0x432
  458  00001510  4be00000	jr	r31
  459  00001514  54000000	nop
  460  00001518          	.endproc _process_create
  462  00001518          	.proc _shmget
  463  00001518          	.global _shmget
  464  00001518          	_shmget:
  465  00001518  44000440	trap	#0x440
  466  0000151c  4be00000	jr	r31
  467  00001520  54000000	nop
  468  00001524          	.endproc _shmget
  470  00001524          	.proc _shmat
  471  00001524          	.global _shmat
  472  00001524          	_shmat:
  473  00001524  44000441	trap	#0x441
  474  00001528  4be00000	jr	r31
  475  0000152c  54000000	nop
  476  00001530          	.endproc _shmat
  478  00001530          	.proc _sem_create
  479  00001530          	.global _sem_create
  480  00001530          	_sem_create:
  481  00001530  44000450	trap	#0x450
  482  00001534  4be00000	jr	r31
  483  00001538  54000000	nop
  484  0000153c          	.endproc _sem_create
  486  0000153c          	.proc _sem_wait
  487  0000153c          	.global _sem_wait
  488  0000153c          	_sem_wait:
  489  0000153c  44000451	trap	#0x451
  490  00001540  4be00000	jr	r31
  491  00001544  54000000	nop
  492  00001548          	.endproc _sem_wait
  494  00001548          	.proc _sem_signal
  495  00001548          	.global _sem_signal
  496  00001548          	_sem_signal:
  497  00001548  44000452	trap	#0x452
  498  0000154c  4be00000	jr	r31
  499  00001550  54000000	nop
  500  00001554          	.endproc _sem_signal
  502  00001554          	.proc _lock_create
  503  00001554          	.global _lock_create
  504  00001554          	_lock_create:
  505  00001554  44000453	trap	#0x453
  506  00001558  4be00000	jr	r31
  507  0000155c  54000000	nop
  508  00001560          	.endproc _lock_create
  510  00001560          	.proc _lock_acquire
  511  00001560          	.global _lock_acquire
  512  00001560          	_lock_acquire:
  513  00001560  44000454	trap	#0x454
  514  00001564  4be00000	jr	r31
  515  00001568  54000000	nop
  516  0000156c          	.endproc _lock_acquire
  518  0000156c          	.proc _lock_release
  519  0000156c          	.global _lock_release
  520  0000156c          	_lock_release:
  521  0000156c  44000455	trap	#0x455
  522  00001570  4be00000	jr	r31
  523  00001574  54000000	nop
  524  00001578          	.endproc _lock_release
  526  00001578          	.proc _cond_create
  527  00001578          	.global _cond_create
  528  00001578          	_cond_create:
  529  00001578  44000456	trap	#0x456
  530  0000157c  4be00000	jr	r31
  531  00001580  54000000	nop
  532  00001584          	.endproc _cond_create
  534  00001584          	.proc _cond_wait
  535  00001584          	.global _cond_wait
  536  00001584          	_cond_wait:
  537  00001584  44000457	trap	#0x457
  538  00001588  4be00000	jr	r31
  539  0000158c  54000000	nop
  540  00001590          	.endproc _cond_wait
  542  00001590          	.proc _cond_signal
  543  00001590          	.global _cond_signal
  544  00001590          	_cond_signal:
  545  00001590  44000458	trap	#0x458
  546  00001594  4be00000	jr	r31
  547  00001598  54000000	nop
  548  0000159c          	.endproc _cond_signal
  550  0000159c          	.proc _cond_broadcast
  551  0000159c          	.global _cond_broadcast
  552  0000159c          	_cond_broadcast:
  553  0000159c  44000459	trap	#0x459
  554  000015a0  4be00000	jr	r31
  555  000015a4  54000000	nop
  556  000015a8          	.endproc _cond_broadcast
  558  000015a8          	.proc _Exit
  559  000015a8          	.global _Exit
  560  000015a8          	_Exit:
  561  000015a8  44000500	trap	#0x500
  562  000015ac  4be00000	jr	r31
  563  000015b0  54000000	nop
  564  000015b4          	.endproc _Exit
  565                      ; Compiled by GCC
  567  000015b4          	.align 2
  568  000015b4          	.proc _isspace
  569  000015b4          	.global _isspace
  570  000015b4          	_isspace:
  571                      ;  Function 'isspace'; 0 bytes of locals, 3 regs to save.
  572  000015b4  afbefffc	sw	-4(r29),r30; push fp
  573  000015b8  001df020	add	r30,r0,r29; fp = sp
  574  000015bc  afbffff8	sw	-8(r29),r31; push ret addr
  575  000015c0  2fbd0018	subui	r29,r29,#24; alloc local storage
  576  000015c4  afa20000	sw	0(r29),r2
  577  000015c8  afa30004	sw	4(r29),r3
  578  000015cc  afa40008	sw	8(r29),r4
  579  000015d0  83c20003	lb	r2,3(r30)
  580  000015d4  20010000	addi	r1,r0,#0
  581  000015d8  304300ff	andi	r3,r2,#0x00ff
  582  000015dc  60640020	seqi	r4,r3,#32
  583  000015e0  1480002c	bnez	r4,L3_LF2
  584  000015e4  54000000	nop; delay slot nop
  585  000015e8  304300ff	andi	r3,r2,#0x00ff
  586  000015ec  60640009	seqi	r4,r3,#9
  587  000015f0  1480001c	bnez	r4,L3_LF2
  588  000015f4  54000000	nop; delay slot nop
  589  000015f8  304300ff	andi	r3,r2,#0x00ff
  590  000015fc  6064000a	seqi	r4,r3,#10
  591  00001600  1480000c	bnez	r4,L3_LF2
  592  00001604  54000000	nop; delay slot nop
  593  00001608  08000008	j	L2_LF2
  594  0000160c  54000000	nop; delay slot nop
  595  00001610          	L3_LF2:
  596  00001610  20010001	addi	r1,r0,#1
  597  00001614          	L2_LF2:
  598  00001614  08000004	j	L1_LF2
  599  00001618  54000000	nop; delay slot nop
  600  0000161c          	L1_LF2:
  601  0000161c  8fa20000	lw	r2,0(r29)
  602  00001620  8fa30004	lw	r3,4(r29)
  603  00001624  8fa40008	lw	r4,8(r29)
  604  00001628  8fdffff8	lw	r31,-8(r30)
  605  0000162c  001ee820	add	r29,r0,r30
  606  00001630  8fdefffc	lw	r30,-4(r30)
  607  00001634  4be00000	jr	r31
  608  00001638  54000000	nop
  609  0000163c          	.endproc _isspace
  610  0000163c          	.align 2
  611  0000163c          	.proc _isxdigit
  612  0000163c          	.global _isxdigit
  613  0000163c          	_isxdigit:
  614                      ;  Function 'isxdigit'; 0 bytes of locals, 3 regs to save.
  615  0000163c  afbefffc	sw	-4(r29),r30; push fp
  616  00001640  001df020	add	r30,r0,r29; fp = sp
  617  00001644  afbffff8	sw	-8(r29),r31; push ret addr
  618  00001648  2fbd0018	subui	r29,r29,#24; alloc local storage
  619  0000164c  afa20000	sw	0(r29),r2
  620  00001650  afa30004	sw	4(r29),r3
  621  00001654  afa40008	sw	8(r29),r4
  622  00001658  83c20003	lb	r2,3(r30)
  623  0000165c  20010000	addi	r1,r0,#0
  624  00001660  304300ff	andi	r3,r2,#0x00ff
  625  00001664  6c64002f	sgtui	r4,r3,#47
  626  00001668  1080001c	beqz	r4,L7_LF2
  627  0000166c  54000000	nop; delay slot nop
  628  00001670  304300ff	andi	r3,r2,#0x00ff
  629  00001674  70640039	sleui	r4,r3,#57
  630  00001678  1480005c	bnez	r4,L6_LF2
  631  0000167c  54000000	nop; delay slot nop
  632  00001680  08000004	j	L7_LF2
  633  00001684  54000000	nop; delay slot nop
  634  00001688          	L7_LF2:
  635  00001688  304300ff	andi	r3,r2,#0x00ff
  636  0000168c  6c640060	sgtui	r4,r3,#96
  637  00001690  1080001c	beqz	r4,L8_LF2
  638  00001694  54000000	nop; delay slot nop
  639  00001698  304300ff	andi	r3,r2,#0x00ff
  640  0000169c  70640066	sleui	r4,r3,#102
  641  000016a0  14800034	bnez	r4,L6_LF2
  642  000016a4  54000000	nop; delay slot nop
  643  000016a8  08000004	j	L8_LF2
  644  000016ac  54000000	nop; delay slot nop
  645  000016b0          	L8_LF2:
  646  000016b0  304300ff	andi	r3,r2,#0x00ff
  647  000016b4  6c640040	sgtui	r4,r3,#64
  648  000016b8  10800020	beqz	r4,L5_LF2
  649  000016bc  54000000	nop; delay slot nop
  650  000016c0  304300ff	andi	r3,r2,#0x00ff
  651  000016c4  70640041	sleui	r4,r3,#65
  652  000016c8  1480000c	bnez	r4,L6_LF2
  653  000016cc  54000000	nop; delay slot nop
  654  000016d0  08000008	j	L5_LF2
  655  000016d4  54000000	nop; delay slot nop
  656  000016d8          	L6_LF2:
  657  000016d8  20010001	addi	r1,r0,#1
  658  000016dc          	L5_LF2:
  659  000016dc  08000004	j	L4_LF2
  660  000016e0  54000000	nop; delay slot nop
  661  000016e4          	L4_LF2:
  662  000016e4  8fa20000	lw	r2,0(r29)
  663  000016e8  8fa30004	lw	r3,4(r29)
  664  000016ec  8fa40008	lw	r4,8(r29)
  665  000016f0  8fdffff8	lw	r31,-8(r30)
  666  000016f4  001ee820	add	r29,r0,r30
  667  000016f8  8fdefffc	lw	r30,-4(r30)
  668  000016fc  4be00000	jr	r31
  669  00001700  54000000	nop
  670  00001704          	.endproc _isxdigit
  671  00001704          	.align 2
  672  00001704          	.proc _dstrcpy
  673  00001704          	.global _dstrcpy
  674  00001704          	_dstrcpy:
  675                      ;  Function 'dstrcpy'; 8 bytes of locals, 2 regs to save.
  676  00001704  afbefffc	sw	-4(r29),r30; push fp
  677  00001708  001df020	add	r30,r0,r29; fp = sp
  678  0000170c  afbffff8	sw	-8(r29),r31; push ret addr
  679  00001710  2fbd0018	subui	r29,r29,#24; alloc local storage
  680  00001714  afa20000	sw	0(r29),r2
  681  00001718  afa30004	sw	4(r29),r3
  682  0000171c  8fc10000	lw	r1,(r30)
  683  00001720  afc1fff4	sw	-12(r30),r1
  684  00001724          	L10_LF2:
  685  00001724  8fc10000	lw	r1,(r30)
  686  00001728  20220001	addi	r2,r1,#1
  687  0000172c  afc20000	sw	(r30),r2
  688  00001730  8fc20004	lw	r2,4(r30)
  689  00001734  20430001	addi	r3,r2,#1
  690  00001738  afc30004	sw	4(r30),r3
  691  0000173c  80420000	lb	r2,(r2)
  692  00001740  a0220000	sb	(r1),r2
  693  00001744  a3c2fff3	sb	-13(r30),r2
  694  00001748          	L12_LF2:
  695  00001748  93c1fff3	lbu	r1,-13(r30)
  696  0000174c  64220000	snei	r2,r1,#0
  697  00001750  1440000c	bnez	r2,L13_LF2
  698  00001754  54000000	nop; delay slot nop
  699  00001758  0800000c	j	L11_LF2
  700  0000175c  54000000	nop; delay slot nop
  701  00001760          	L13_LF2:
  702  00001760  0bffffc0	j	L10_LF2
  703  00001764  54000000	nop; delay slot nop
  704  00001768          	L11_LF2:
  705  00001768  8fc1fff4	lw	r1,-12(r30)
  706  0000176c  08000004	j	L9_LF2
  707  00001770  54000000	nop; delay slot nop
  708  00001774          	L9_LF2:
  709  00001774  8fa20000	lw	r2,0(r29)
  710  00001778  8fa30004	lw	r3,4(r29)
  711  0000177c  8fdffff8	lw	r31,-8(r30)
  712  00001780  001ee820	add	r29,r0,r30
  713  00001784  8fdefffc	lw	r30,-4(r30)
  714  00001788  4be00000	jr	r31
  715  0000178c  54000000	nop
  716  00001790          	.endproc _dstrcpy
  717  00001790          	.align 2
  718  00001790          	.proc _dstrncpy
  719  00001790          	.global _dstrncpy
  720  00001790          	_dstrncpy:
  721                      ;  Function 'dstrncpy'; 8 bytes of locals, 2 regs to save.
  722  00001790  afbefffc	sw	-4(r29),r30; push fp
  723  00001794  001df020	add	r30,r0,r29; fp = sp
  724  00001798  afbffff8	sw	-8(r29),r31; push ret addr
  725  0000179c  2fbd0018	subui	r29,r29,#24; alloc local storage
  726  000017a0  afa20000	sw	0(r29),r2
  727  000017a4  afa30004	sw	4(r29),r3
  728  000017a8  8fc10000	lw	r1,(r30)
  729  000017ac  afc1fff4	sw	-12(r30),r1
  730  000017b0          	L15_LF2:
  731  000017b0  8fc10008	lw	r1,8(r30)
  732  000017b4  2022ffff	addi	r2,r1,#-1
  733  000017b8  afc20008	sw	8(r30),r2
  734  000017bc  70210000	slei	r1,r1,#0
  735  000017c0  1020000c	beqz	r1,L18_LF2
  736  000017c4  54000000	nop; delay slot nop
  737  000017c8  08000048	j	L16_LF2
  738  000017cc  54000000	nop; delay slot nop
  739  000017d0          	L18_LF2:
  740  000017d0  8fc10000	lw	r1,(r30)
  741  000017d4  20220001	addi	r2,r1,#1
  742  000017d8  afc20000	sw	(r30),r2
  743  000017dc  8fc20004	lw	r2,4(r30)
  744  000017e0  20430001	addi	r3,r2,#1
  745  000017e4  afc30004	sw	4(r30),r3
  746  000017e8  80420000	lb	r2,(r2)
  747  000017ec  a0220000	sb	(r1),r2
  748  000017f0  a3c2fff3	sb	-13(r30),r2
  749  000017f4          	L17_LF2:
  750  000017f4  93c1fff3	lbu	r1,-13(r30)
  751  000017f8  64220000	snei	r2,r1,#0
  752  000017fc  1440000c	bnez	r2,L19_LF2
  753  00001800  54000000	nop; delay slot nop
  754  00001804  0800000c	j	L16_LF2
  755  00001808  54000000	nop; delay slot nop
  756  0000180c          	L19_LF2:
  757  0000180c  0bffffa0	j	L15_LF2
  758  00001810  54000000	nop; delay slot nop
  759  00001814          	L16_LF2:
  760  00001814  8fc1fff4	lw	r1,-12(r30)
  761  00001818  08000004	j	L14_LF2
  762  0000181c  54000000	nop; delay slot nop
  763  00001820          	L14_LF2:
  764  00001820  8fa20000	lw	r2,0(r29)
  765  00001824  8fa30004	lw	r3,4(r29)
  766  00001828  8fdffff8	lw	r31,-8(r30)
  767  0000182c  001ee820	add	r29,r0,r30
  768  00001830  8fdefffc	lw	r30,-4(r30)
  769  00001834  4be00000	jr	r31
  770  00001838  54000000	nop
  771  0000183c          	.endproc _dstrncpy
  772  0000183c          	.align 2
  773  0000183c          	.proc _dstrcat
  774  0000183c          	.global _dstrcat
  775  0000183c          	_dstrcat:
  776                      ;  Function 'dstrcat'; 8 bytes of locals, 1 regs to save.
  777  0000183c  afbefffc	sw	-4(r29),r30; push fp
  778  00001840  001df020	add	r30,r0,r29; fp = sp
  779  00001844  afbffff8	sw	-8(r29),r31; push ret addr
  780  00001848  2fbd0018	subui	r29,r29,#24; alloc local storage
  781  0000184c  afa20000	sw	0(r29),r2
  782  00001850  8fc10000	lw	r1,(r30)
  783  00001854  afc1fff4	sw	-12(r30),r1
  784  00001858          	L21_LF2:
  785  00001858  8fc10000	lw	r1,(r30)
  786  0000185c  90220000	lbu	r2,(r1)
  787  00001860  64410000	snei	r1,r2,#0
  788  00001864  1420000c	bnez	r1,L23_LF2
  789  00001868  54000000	nop; delay slot nop
  790  0000186c  0800001c	j	L22_LF2
  791  00001870  54000000	nop; delay slot nop
  792  00001874          	L23_LF2:
  793  00001874  8fc20000	lw	r2,(r30)
  794  00001878  20410001	addi	r1,r2,#1
  795  0000187c  00011020	add	r2,r0,r1
  796  00001880  afc20000	sw	(r30),r2
  797  00001884  0bffffd0	j	L21_LF2
  798  00001888  54000000	nop; delay slot nop
  799  0000188c          	L22_LF2:
  800  0000188c  23bdfff8	addi	r29,r29,#-8
  801  00001890  001d0820	add	r1,r0,r29
  802  00001894  8fc20000	lw	r2,(r30)
  803  00001898  ac220000	sw	(r1),r2
  804  0000189c  8fc20004	lw	r2,4(r30)
  805  000018a0  ac220004	sw	4(r1),r2
  806  000018a4  0ffffe5c	jal	_dstrcpy
  807  000018a8  54000000	nop; delay slot nop
  808  000018ac  23bd0008	addi	r29,r29,#8
  809  000018b0  8fc1fff4	lw	r1,-12(r30)
  810  000018b4  08000004	j	L20_LF2
  811  000018b8  54000000	nop; delay slot nop
  812  000018bc          	L20_LF2:
  813  000018bc  8fa20000	lw	r2,0(r29)
  814  000018c0  8fdffff8	lw	r31,-8(r30)
  815  000018c4  001ee820	add	r29,r0,r30
  816  000018c8  8fdefffc	lw	r30,-4(r30)
  817  000018cc  4be00000	jr	r31
  818  000018d0  54000000	nop
  819  000018d4          	.endproc _dstrcat
  820  000018d4          	.align 2
  821  000018d4          	.proc _dstrncmp
  822  000018d4          	.global _dstrncmp
  823  000018d4          	_dstrncmp:
  824                      ;  Function 'dstrncmp'; 8 bytes of locals, 2 regs to save.
  825  000018d4  afbefffc	sw	-4(r29),r30; push fp
  826  000018d8  001df020	add	r30,r0,r29; fp = sp
  827  000018dc  afbffff8	sw	-8(r29),r31; push ret addr
  828  000018e0  2fbd0018	subui	r29,r29,#24; alloc local storage
  829  000018e4  afa20000	sw	0(r29),r2
  830  000018e8  afa30004	sw	4(r29),r3
  831  000018ec  54000000	nop
  832  000018f0  20010000	addi	r1,r0,#0
  833  000018f4  afc1fff4	sw	-12(r30),r1
  834  000018f8          	L25_LF2:
  835  000018f8  8fc1fff4	lw	r1,-12(r30)
  836  000018fc  8fc20008	lw	r2,8(r30)
  837  00001900  0022082a	slt	r1,r1,r2
  838  00001904  1420000c	bnez	r1,L28_LF2
  839  00001908  54000000	nop; delay slot nop
  840  0000190c  08000088	j	L26_LF2
  841  00001910  54000000	nop; delay slot nop
  842  00001914          	L28_LF2:
  843  00001914  8fc10004	lw	r1,4(r30)
  844  00001918  90220000	lbu	r2,(r1)
  845  0000191c  64410000	snei	r1,r2,#0
  846  00001920  14200018	bnez	r1,L29_LF2
  847  00001924  54000000	nop; delay slot nop
  848  00001928  20010000	addi	r1,r0,#0
  849  0000192c  080000d8	j	L24_LF2
  850  00001930  54000000	nop; delay slot nop
  851  00001934  08000028	j	L30_LF2
  852  00001938  54000000	nop; delay slot nop
  853  0000193c          	L29_LF2:
  854  0000193c  8fc10000	lw	r1,(r30)
  855  00001940  8fc20004	lw	r2,4(r30)
  856  00001944  90210000	lbu	r1,(r1)
  857  00001948  90420000	lbu	r2,(r2)
  858  0000194c  00220829	sne	r1,r1,r2
  859  00001950  1020000c	beqz	r1,L30_LF2
  860  00001954  54000000	nop; delay slot nop
  861  00001958  0800003c	j	L26_LF2
  862  0000195c  54000000	nop; delay slot nop
  863  00001960          	L31_LF2:
  864  00001960          	L30_LF2:
  865  00001960  8fc20000	lw	r2,(r30)
  866  00001964  20410001	addi	r1,r2,#1
  867  00001968  00011020	add	r2,r0,r1
  868  0000196c  afc20000	sw	(r30),r2
  869  00001970  8fc20004	lw	r2,4(r30)
  870  00001974  20410001	addi	r1,r2,#1
  871  00001978  00011020	add	r2,r0,r1
  872  0000197c  afc20004	sw	4(r30),r2
  873  00001980          	L27_LF2:
  874  00001980  8fc2fff4	lw	r2,-12(r30)
  875  00001984  20410001	addi	r1,r2,#1
  876  00001988  00011020	add	r2,r0,r1
  877  0000198c  afc2fff4	sw	-12(r30),r2
  878  00001990  0bffff64	j	L25_LF2
  879  00001994  54000000	nop; delay slot nop
  880  00001998          	L26_LF2:
  881  00001998  8fc1fff4	lw	r1,-12(r30)
  882  0000199c  8fc20008	lw	r2,8(r30)
  883  000019a0  00220828	seq	r1,r1,r2
  884  000019a4  10200018	beqz	r1,L32_LF2
  885  000019a8  54000000	nop; delay slot nop
  886  000019ac  20010000	addi	r1,r0,#0
  887  000019b0  08000054	j	L24_LF2
  888  000019b4  54000000	nop; delay slot nop
  889  000019b8  0800004c	j	L33_LF2
  890  000019bc  54000000	nop; delay slot nop
  891  000019c0          	L32_LF2:
  892  000019c0  8fc20000	lw	r2,(r30)
  893  000019c4  90410000	lbu	r1,(r2)
  894  000019c8  8fc20004	lw	r2,4(r30)
  895  000019cc  90430000	lbu	r3,(r2)
  896  000019d0  00230822	sub	r1,r1,r3
  897  000019d4  74220000	sgei	r2,r1,#0
  898  000019d8  10400020	beqz	r2,L34_LF2
  899  000019dc  54000000	nop; delay slot nop
  900  000019e0  8fc10000	lw	r1,(r30)
  901  000019e4  8fc20004	lw	r2,4(r30)
  902  000019e8  90210000	lbu	r1,(r1)
  903  000019ec  90420000	lbu	r2,(r2)
  904  000019f0  00220829	sne	r1,r1,r2
  905  000019f4  08000008	j	L35_LF2
  906  000019f8  54000000	nop; delay slot nop
  907  000019fc          	L34_LF2:
  908  000019fc  2001ffff	addi	r1,r0,#-1
  909  00001a00          	L35_LF2:
  910  00001a00  08000004	j	L24_LF2
  911  00001a04  54000000	nop; delay slot nop
  912  00001a08          	L33_LF2:
  913  00001a08          	L24_LF2:
  914  00001a08  8fa20000	lw	r2,0(r29)
  915  00001a0c  8fa30004	lw	r3,4(r29)
  916  00001a10  8fdffff8	lw	r31,-8(r30)
  917  00001a14  001ee820	add	r29,r0,r30
  918  00001a18  8fdefffc	lw	r30,-4(r30)
  919  00001a1c  4be00000	jr	r31
  920  00001a20  54000000	nop
  921  00001a24          	.endproc _dstrncmp
  922  00001a24          	.align 2
  923  00001a24          	.proc _dstrlen
  924  00001a24          	.global _dstrlen
  925  00001a24          	_dstrlen:
  926                      ;  Function 'dstrlen'; 8 bytes of locals, 1 regs to save.
  927  00001a24  afbefffc	sw	-4(r29),r30; push fp
  928  00001a28  001df020	add	r30,r0,r29; fp = sp
  929  00001a2c  afbffff8	sw	-8(r29),r31; push ret addr
  930  00001a30  2fbd0018	subui	r29,r29,#24; alloc local storage
  931  00001a34  afa20000	sw	0(r29),r2
  932  00001a38  20010000	addi	r1,r0,#0
  933  00001a3c  afc1fff4	sw	-12(r30),r1
  934  00001a40          	L37_LF2:
  935  00001a40  8fc10000	lw	r1,(r30)
  936  00001a44  20220001	addi	r2,r1,#1
  937  00001a48  afc20000	sw	(r30),r2
  938  00001a4c  90210000	lbu	r1,(r1)
  939  00001a50  64220000	snei	r2,r1,#0
  940  00001a54  1440000c	bnez	r2,L39_LF2
  941  00001a58  54000000	nop; delay slot nop
  942  00001a5c  0800001c	j	L38_LF2
  943  00001a60  54000000	nop; delay slot nop
  944  00001a64          	L39_LF2:
  945  00001a64  8fc2fff4	lw	r2,-12(r30)
  946  00001a68  20410001	addi	r1,r2,#1
  947  00001a6c  00011020	add	r2,r0,r1
  948  00001a70  afc2fff4	sw	-12(r30),r2
  949  00001a74  0bffffc8	j	L37_LF2
  950  00001a78  54000000	nop; delay slot nop
  951  00001a7c          	L38_LF2:
  952  00001a7c  8fc1fff4	lw	r1,-12(r30)
  953  00001a80  08000004	j	L36_LF2
  954  00001a84  54000000	nop; delay slot nop
  955  00001a88          	L36_LF2:
  956  00001a88  8fa20000	lw	r2,0(r29)
  957  00001a8c  8fdffff8	lw	r31,-8(r30)
  958  00001a90  001ee820	add	r29,r0,r30
  959  00001a94  8fdefffc	lw	r30,-4(r30)
  960  00001a98  4be00000	jr	r31
  961  00001a9c  54000000	nop
  962  00001aa0          	.endproc _dstrlen
  963  00001aa0          	.align 2
  964  00001aa0          	.proc _dstrstr
  965  00001aa0          	.global _dstrstr
  966  00001aa0          	_dstrstr:
  967                      ;  Function 'dstrstr'; 8 bytes of locals, 1 regs to save.
  968  00001aa0  afbefffc	sw	-4(r29),r30; push fp
  969  00001aa4  001df020	add	r30,r0,r29; fp = sp
  970  00001aa8  afbffff8	sw	-8(r29),r31; push ret addr
  971  00001aac  2fbd0018	subui	r29,r29,#24; alloc local storage
  972  00001ab0  afa20000	sw	0(r29),r2
  973  00001ab4  23bdfff8	addi	r29,r29,#-8
  974  00001ab8  001d0820	add	r1,r0,r29
  975  00001abc  8fc20004	lw	r2,4(r30)
  976  00001ac0  ac220000	sw	(r1),r2
  977  00001ac4  0fffff5c	jal	_dstrlen
  978  00001ac8  54000000	nop; delay slot nop
  979  00001acc  23bd0008	addi	r29,r29,#8
  980  00001ad0  afc1fff4	sw	-12(r30),r1
  981  00001ad4          	L41_LF2:
  982  00001ad4  8fc10000	lw	r1,(r30)
  983  00001ad8  90220000	lbu	r2,(r1)
  984  00001adc  64410000	snei	r1,r2,#0
  985  00001ae0  1420000c	bnez	r1,L43_LF2
  986  00001ae4  54000000	nop; delay slot nop
  987  00001ae8  08000060	j	L42_LF2
  988  00001aec  54000000	nop; delay slot nop
  989  00001af0          	L43_LF2:
  990  00001af0  23bdfff0	addi	r29,r29,#-16
  991  00001af4  001d0820	add	r1,r0,r29
  992  00001af8  8fc20000	lw	r2,(r30)
  993  00001afc  ac220000	sw	(r1),r2
  994  00001b00  8fc20004	lw	r2,4(r30)
  995  00001b04  ac220004	sw	4(r1),r2
  996  00001b08  8fc2fff4	lw	r2,-12(r30)
  997  00001b0c  ac220008	sw	8(r1),r2
  998  00001b10  0ffffdc0	jal	_dstrncmp
  999  00001b14  54000000	nop; delay slot nop
 1000  00001b18  23bd0010	addi	r29,r29,#16
 1001  00001b1c  64220000	snei	r2,r1,#0
 1002  00001b20  14400010	bnez	r2,L44_LF2
 1003  00001b24  54000000	nop; delay slot nop
 1004  00001b28  8fc10000	lw	r1,(r30)
 1005  00001b2c  08000028	j	L40_LF2
 1006  00001b30  54000000	nop; delay slot nop
 1007  00001b34          	L44_LF2:
 1008  00001b34  8fc20000	lw	r2,(r30)
 1009  00001b38  20410001	addi	r1,r2,#1
 1010  00001b3c  00011020	add	r2,r0,r1
 1011  00001b40  afc20000	sw	(r30),r2
 1012  00001b44  0bffff8c	j	L41_LF2
 1013  00001b48  54000000	nop; delay slot nop
 1014  00001b4c          	L42_LF2:
 1015  00001b4c  20010000	addi	r1,r0,#0
 1016  00001b50  08000004	j	L40_LF2
 1017  00001b54  54000000	nop; delay slot nop
 1018  00001b58          	L40_LF2:
 1019  00001b58  8fa20000	lw	r2,0(r29)
 1020  00001b5c  8fdffff8	lw	r31,-8(r30)
 1021  00001b60  001ee820	add	r29,r0,r30
 1022  00001b64  8fdefffc	lw	r30,-4(r30)
 1023  00001b68  4be00000	jr	r31
 1024  00001b6c  54000000	nop
 1025  00001b70          	.endproc _dstrstr
 1026  00001b70          	.align 2
 1027  00001b70          	.proc _dmindex
 1028  00001b70          	.global _dmindex
 1029  00001b70          	_dmindex:
 1030                      ;  Function 'dmindex'; 8 bytes of locals, 1 regs to save.
 1031  00001b70  afbefffc	sw	-4(r29),r30; push fp
 1032  00001b74  001df020	add	r30,r0,r29; fp = sp
 1033  00001b78  afbffff8	sw	-8(r29),r31; push ret addr
 1034  00001b7c  2fbd0018	subui	r29,r29,#24; alloc local storage
 1035  00001b80  afa20000	sw	0(r29),r2
 1036  00001b84  54000000	nop
 1037  00001b88          	L46_LF2:
 1038  00001b88  8fc10000	lw	r1,(r30)
 1039  00001b8c  90220000	lbu	r2,(r1)
 1040  00001b90  64410000	snei	r1,r2,#0
 1041  00001b94  1420000c	bnez	r1,L48_LF2
 1042  00001b98  54000000	nop; delay slot nop
 1043  00001b9c  08000070	j	L47_LF2
 1044  00001ba0  54000000	nop; delay slot nop
 1045  00001ba4          	L48_LF2:
 1046  00001ba4  8fc10004	lw	r1,4(r30)
 1047  00001ba8  afc1fff4	sw	-12(r30),r1
 1048  00001bac          	L49_LF2:
 1049  00001bac  8fc1fff4	lw	r1,-12(r30)
 1050  00001bb0  90220000	lbu	r2,(r1)
 1051  00001bb4  64410000	snei	r1,r2,#0
 1052  00001bb8  1420000c	bnez	r1,L52_LF2
 1053  00001bbc  54000000	nop; delay slot nop
 1054  00001bc0  08000044	j	L50_LF2
 1055  00001bc4  54000000	nop; delay slot nop
 1056  00001bc8          	L52_LF2:
 1057  00001bc8  8fc10000	lw	r1,(r30)
 1058  00001bcc  8fc2fff4	lw	r2,-12(r30)
 1059  00001bd0  90210000	lbu	r1,(r1)
 1060  00001bd4  90420000	lbu	r2,(r2)
 1061  00001bd8  00220828	seq	r1,r1,r2
 1062  00001bdc  10200010	beqz	r1,L51_LF2
 1063  00001be0  54000000	nop; delay slot nop
 1064  00001be4  8fc10000	lw	r1,(r30)
 1065  00001be8  08000030	j	L45_LF2
 1066  00001bec  54000000	nop; delay slot nop
 1067  00001bf0          	L53_LF2:
 1068  00001bf0          	L51_LF2:
 1069  00001bf0  8fc2fff4	lw	r2,-12(r30)
 1070  00001bf4  20410001	addi	r1,r2,#1
 1071  00001bf8  00011020	add	r2,r0,r1
 1072  00001bfc  afc2fff4	sw	-12(r30),r2
 1073  00001c00  0bffffa8	j	L49_LF2
 1074  00001c04  54000000	nop; delay slot nop
 1075  00001c08          	L50_LF2:
 1076  00001c08  0bffff7c	j	L46_LF2
 1077  00001c0c  54000000	nop; delay slot nop
 1078  00001c10          	L47_LF2:
 1079  00001c10  20010000	addi	r1,r0,#0
 1080  00001c14  08000004	j	L45_LF2
 1081  00001c18  54000000	nop; delay slot nop
 1082  00001c1c          	L45_LF2:
 1083  00001c1c  8fa20000	lw	r2,0(r29)
 1084  00001c20  8fdffff8	lw	r31,-8(r30)
 1085  00001c24  001ee820	add	r29,r0,r30
 1086  00001c28  8fdefffc	lw	r30,-4(r30)
 1087  00001c2c  4be00000	jr	r31
 1088  00001c30  54000000	nop
 1089  00001c34          	.endproc _dmindex
 1090  00001c34          	.align 2
 1091  00001c34          	.proc _dindex
 1092  00001c34          	.global _dindex
 1093  00001c34          	_dindex:
 1094                      ;  Function 'dindex'; 0 bytes of locals, 1 regs to save.
 1095  00001c34  afbefffc	sw	-4(r29),r30; push fp
 1096  00001c38  001df020	add	r30,r0,r29; fp = sp
 1097  00001c3c  afbffff8	sw	-8(r29),r31; push ret addr
 1098  00001c40  2fbd0010	subui	r29,r29,#16; alloc local storage
 1099  00001c44  afa20000	sw	0(r29),r2
 1100  00001c48  54000000	nop
 1101  00001c4c          	L55_LF2:
 1102  00001c4c  8fc10000	lw	r1,(r30)
 1103  00001c50  90220000	lbu	r2,(r1)
 1104  00001c54  64410000	snei	r1,r2,#0
 1105  00001c58  1420000c	bnez	r1,L57_LF2
 1106  00001c5c  54000000	nop; delay slot nop
 1107  00001c60  08000040	j	L56_LF2
 1108  00001c64  54000000	nop; delay slot nop
 1109  00001c68          	L57_LF2:
 1110  00001c68  8fc10000	lw	r1,(r30)
 1111  00001c6c  90220000	lbu	r2,(r1)
 1112  00001c70  8fc10004	lw	r1,4(r30)
 1113  00001c74  00411028	seq	r2,r2,r1
 1114  00001c78  10400010	beqz	r2,L58_LF2
 1115  00001c7c  54000000	nop; delay slot nop
 1116  00001c80  8fc10000	lw	r1,(r30)
 1117  00001c84  08000028	j	L54_LF2
 1118  00001c88  54000000	nop; delay slot nop
 1119  00001c8c          	L58_LF2:
 1120  00001c8c  8fc20000	lw	r2,(r30)
 1121  00001c90  20410001	addi	r1,r2,#1
 1122  00001c94  00011020	add	r2,r0,r1
 1123  00001c98  afc20000	sw	(r30),r2
 1124  00001c9c  0bffffac	j	L55_LF2
 1125  00001ca0  54000000	nop; delay slot nop
 1126  00001ca4          	L56_LF2:
 1127  00001ca4  20010000	addi	r1,r0,#0
 1128  00001ca8  08000004	j	L54_LF2
 1129  00001cac  54000000	nop; delay slot nop
 1130  00001cb0          	L54_LF2:
 1131  00001cb0  8fa20000	lw	r2,0(r29)
 1132  00001cb4  8fdffff8	lw	r31,-8(r30)
 1133  00001cb8  001ee820	add	r29,r0,r30
 1134  00001cbc  8fdefffc	lw	r30,-4(r30)
 1135  00001cc0  4be00000	jr	r31
 1136  00001cc4  54000000	nop
 1137  00001cc8          	.endproc _dindex
 1138  00001cc8          	.align 2
 1139  00001cc8          	.proc _ditoa
 1140  00001cc8          	.global _ditoa
 1141  00001cc8          	_ditoa:
 1142                      ;  Function 'ditoa'; 8 bytes of locals, 2 regs to save.
 1143  00001cc8  afbefffc	sw	-4(r29),r30; push fp
 1144  00001ccc  001df020	add	r30,r0,r29; fp = sp
 1145  00001cd0  afbffff8	sw	-8(r29),r31; push ret addr
 1146  00001cd4  2fbd0018	subui	r29,r29,#24; alloc local storage
 1147  00001cd8  afa20000	sw	0(r29),r2
 1148  00001cdc  afa30004	sw	4(r29),r3
 1149  00001ce0  8fc10000	lw	r1,(r30)
 1150  00001ce4  68220000	slti	r2,r1,#0
 1151  00001ce8  1040002c	beqz	r2,L60_LF2
 1152  00001cec  54000000	nop; delay slot nop
 1153  00001cf0  8fc10004	lw	r1,4(r30)
 1154  00001cf4  20220001	addi	r2,r1,#1
 1155  00001cf8  afc20004	sw	4(r30),r2
 1156  00001cfc  2002002d	addi	r2,r0,(#0x2d)&0xff
 1157  00001d00  a0220000	sb	(r1),r2
 1158  00001d04  8fc10000	lw	r1,(r30)
 1159  00001d08  00011022	sub	r2,r0,r1
 1160  00001d0c  afc20000	sw	(r30),r2
 1161  00001d10  08000118	j	L61_LF2
 1162  00001d14  54000000	nop; delay slot nop
 1163  00001d18          	L60_LF2:
 1164  00001d18  8fc10000	lw	r1,(r30)
 1165  00001d1c  64220000	snei	r2,r1,#0
 1166  00001d20  14400020	bnez	r2,L62_LF2
 1167  00001d24  54000000	nop; delay slot nop
 1168  00001d28  8fc10004	lw	r1,4(r30)
 1169  00001d2c  20220001	addi	r2,r1,#1
 1170  00001d30  afc20004	sw	4(r30),r2
 1171  00001d34  20020030	addi	r2,r0,(#0x30)&0xff
 1172  00001d38  a0220000	sb	(r1),r2
 1173  00001d3c  080000ec	j	L61_LF2
 1174  00001d40  54000000	nop; delay slot nop
 1175  00001d44          	L62_LF2:
 1176  00001d44  20010001	addi	r1,r0,#1
 1177  00001d48  afc1fff4	sw	-12(r30),r1
 1178  00001d4c          	L64_LF2:
 1179  00001d4c  8fc1fff4	lw	r1,-12(r30)
 1180  00001d50  8fc20000	lw	r2,(r30)
 1181  00001d54  0022082c	sle	r1,r1,r2
 1182  00001d58  1420000c	bnez	r1,L66_LF2
 1183  00001d5c  54000000	nop; delay slot nop
 1184  00001d60  08000024	j	L65_LF2
 1185  00001d64  54000000	nop; delay slot nop
 1186  00001d68          	L67_LF2:
 1187  00001d68          	L66_LF2:
 1188  00001d68  8fc1fff4	lw	r1,-12(r30)
 1189  00001d6c  00011820	add	r3,r0,r1
 1190  00001d70  50620002	slli	r2,r3,#0x2
 1191  00001d74  00411020	add	r2,r2,r1
 1192  00001d78  50410001	slli	r1,r2,#0x1
 1193  00001d7c  afc1fff4	sw	-12(r30),r1
 1194  00001d80  0bffffc8	j	L64_LF2
 1195  00001d84  54000000	nop; delay slot nop
 1196  00001d88          	L65_LF2:
 1197  00001d88  54000000	nop
 1198  00001d8c          	L68_LF2:
 1199  00001d8c  8fc1fff4	lw	r1,-12(r30)
 1200  00001d90  2002000a	addi	r2,r0,#10
 1201  00001d94  00200035	movi2fp	f0,r1
 1202  00001d98  00400835	movi2fp	f1,r2
 1203  00001d9c  0401000f	div	f0,f0,f1
 1204  00001da0  00000834	movfp2i	r1,f0
 1205  00001da4  afc1fff4	sw	-12(r30),r1
 1206  00001da8  8fc10004	lw	r1,4(r30)
 1207  00001dac  20220001	addi	r2,r1,#1
 1208  00001db0  afc20004	sw	4(r30),r2
 1209  00001db4  8fc20000	lw	r2,(r30)
 1210  00001db8  8fc3fff4	lw	r3,-12(r30)
 1211  00001dbc  00400035	movi2fp	f0,r2
 1212  00001dc0  00600835	movi2fp	f1,r3
 1213  00001dc4  0401000f	div	f0,f0,f1
 1214  00001dc8  00001034	movfp2i	r2,f0
 1215  00001dcc  00021820	add	r3,r0,r2
 1216  00001dd0  20620030	addi	r2,r3,#48
 1217  00001dd4  a0220000	sb	(r1),r2
 1218  00001dd8  8fc10000	lw	r1,(r30)
 1219  00001ddc  8fc3fff4	lw	r3,-12(r30)
 1220  00001de0  00200035	movi2fp	f0,r1
 1221  00001de4  00600835	movi2fp	f1,r3
 1222  00001de8  0401000f	div	f0,f0,f1
 1223  00001dec  00001034	movfp2i	r2,f0
 1224  00001df0  8fc3fff4	lw	r3,-12(r30)
 1225  00001df4  00400035	movi2fp	f0,r2
 1226  00001df8  00600835	movi2fp	f1,r3
 1227  00001dfc  0401000e	mult	f0,f0,f1
 1228  00001e00  00001034	movfp2i	r2,f0
 1229  00001e04  00220822	sub	r1,r1,r2
 1230  00001e08  afc10000	sw	(r30),r1
 1231  00001e0c          	L70_LF2:
 1232  00001e0c  8fc1fff4	lw	r1,-12(r30)
 1233  00001e10  6c220001	sgti	r2,r1,#1
 1234  00001e14  1440000c	bnez	r2,L71_LF2
 1235  00001e18  54000000	nop; delay slot nop
 1236  00001e1c  0800000c	j	L61_LF2
 1237  00001e20  54000000	nop; delay slot nop
 1238  00001e24          	L71_LF2:
 1239  00001e24  0bffff64	j	L68_LF2
 1240  00001e28  54000000	nop; delay slot nop
 1241  00001e2c          	L69_LF2:
 1242  00001e2c          	L63_LF2:
 1243  00001e2c          	L61_LF2:
 1244  00001e2c  8fc10004	lw	r1,4(r30)
 1245  00001e30  20020000	addi	r2,r0,(#0x0)&0xff
 1246  00001e34  a0220000	sb	(r1),r2
 1247  00001e38          	L59_LF2:
 1248  00001e38  8fa20000	lw	r2,0(r29)
 1249  00001e3c  8fa30004	lw	r3,4(r29)
 1250  00001e40  8fdffff8	lw	r31,-8(r30)
 1251  00001e44  001ee820	add	r29,r0,r30
 1252  00001e48  8fdefffc	lw	r30,-4(r30)
 1253  00001e4c  4be00000	jr	r31
 1254  00001e50  54000000	nop
 1255  00001e54          	.endproc _ditoa
 1256  00001e54          	.align 2
 1257  00001e54          	.proc _dstrtol
 1258  00001e54          	.global _dstrtol
 1259  00001e54          	_dstrtol:
 1260                      ;  Function 'dstrtol'; 16 bytes of locals, 1 regs to save.
 1261  00001e54  afbefffc	sw	-4(r29),r30; push fp
 1262  00001e58  001df020	add	r30,r0,r29; fp = sp
 1263  00001e5c  afbffff8	sw	-8(r29),r31; push ret addr
 1264  00001e60  2fbd0020	subui	r29,r29,#32; alloc local storage
 1265  00001e64  afa20000	sw	0(r29),r2
 1266  00001e68  20010000	addi	r1,r0,#0
 1267  00001e6c  afc1fff4	sw	-12(r30),r1
 1268  00001e70          	L73_LF2:
 1269  00001e70  8fc10000	lw	r1,(r30)
 1270  00001e74  90220000	lbu	r2,(r1)
 1271  00001e78  60410020	seqi	r1,r2,#32
 1272  00001e7c  14200034	bnez	r1,L75_LF2
 1273  00001e80  54000000	nop; delay slot nop
 1274  00001e84  8fc10000	lw	r1,(r30)
 1275  00001e88  90220000	lbu	r2,(r1)
 1276  00001e8c  60410009	seqi	r1,r2,#9
 1277  00001e90  14200020	bnez	r1,L75_LF2
 1278  00001e94  54000000	nop; delay slot nop
 1279  00001e98  8fc10000	lw	r1,(r30)
 1280  00001e9c  90220000	lbu	r2,(r1)
 1281  00001ea0  6041000a	seqi	r1,r2,#10
 1282  00001ea4  1420000c	bnez	r1,L75_LF2
 1283  00001ea8  54000000	nop; delay slot nop
 1284  00001eac  0800001c	j	L74_LF2
 1285  00001eb0  54000000	nop; delay slot nop
 1286  00001eb4          	L75_LF2:
 1287  00001eb4  8fc20000	lw	r2,(r30)
 1288  00001eb8  20410001	addi	r1,r2,#1
 1289  00001ebc  00011020	add	r2,r0,r1
 1290  00001ec0  afc20000	sw	(r30),r2
 1291  00001ec4  0bffffa8	j	L73_LF2
 1292  00001ec8  54000000	nop; delay slot nop
 1293  00001ecc          	L74_LF2:
 1294  00001ecc  8fc10004	lw	r1,4(r30)
 1295  00001ed0  64220000	snei	r2,r1,#0
 1296  00001ed4  10400010	beqz	r2,L76_LF2
 1297  00001ed8  54000000	nop; delay slot nop
 1298  00001edc  8fc10004	lw	r1,4(r30)
 1299  00001ee0  8fc20000	lw	r2,(r30)
 1300  00001ee4  ac220000	sw	(r1),r2
 1301  00001ee8          	L76_LF2:
 1302  00001ee8  8fc10000	lw	r1,(r30)
 1303  00001eec  90220000	lbu	r2,(r1)
 1304  00001ef0  64410000	snei	r1,r2,#0
 1305  00001ef4  14200010	bnez	r1,L77_LF2
 1306  00001ef8  54000000	nop; delay slot nop
 1307  00001efc  8fc1fff4	lw	r1,-12(r30)
 1308  00001f00  08000294	j	L72_LF2
 1309  00001f04  54000000	nop; delay slot nop
 1310  00001f08          	L77_LF2:
 1311  00001f08  8fc10000	lw	r1,(r30)
 1312  00001f0c  90220000	lbu	r2,(r1)
 1313  00001f10  6041002d	seqi	r1,r2,#45
 1314  00001f14  10200024	beqz	r1,L78_LF2
 1315  00001f18  54000000	nop; delay slot nop
 1316  00001f1c  2001ffff	addi	r1,r0,#-1
 1317  00001f20  afc1ffec	sw	-20(r30),r1
 1318  00001f24  8fc20000	lw	r2,(r30)
 1319  00001f28  20410001	addi	r1,r2,#1
 1320  00001f2c  00011020	add	r2,r0,r1
 1321  00001f30  afc20000	sw	(r30),r2
 1322  00001f34  0800000c	j	L79_LF2
 1323  00001f38  54000000	nop; delay slot nop
 1324  00001f3c          	L78_LF2:
 1325  00001f3c  20010001	addi	r1,r0,#1
 1326  00001f40  afc1ffec	sw	-20(r30),r1
 1327  00001f44          	L79_LF2:
 1328  00001f44  8fc10008	lw	r1,8(r30)
 1329  00001f48  64220000	snei	r2,r1,#0
 1330  00001f4c  14400090	bnez	r2,L80_LF2
 1331  00001f50  54000000	nop; delay slot nop
 1332  00001f54  8fc10000	lw	r1,(r30)
 1333  00001f58  90220000	lbu	r2,(r1)
 1334  00001f5c  60410030	seqi	r1,r2,#48
 1335  00001f60  10200074	beqz	r1,L81_LF2
 1336  00001f64  54000000	nop; delay slot nop
 1337  00001f68  8fc20000	lw	r2,(r30)
 1338  00001f6c  20410001	addi	r1,r2,#1
 1339  00001f70  00011020	add	r2,r0,r1
 1340  00001f74  afc20000	sw	(r30),r2
 1341  00001f78  8fc10000	lw	r1,(r30)
 1342  00001f7c  90220000	lbu	r2,(r1)
 1343  00001f80  60410078	seqi	r1,r2,#120
 1344  00001f84  14200020	bnez	r1,L83_LF2
 1345  00001f88  54000000	nop; delay slot nop
 1346  00001f8c  8fc10000	lw	r1,(r30)
 1347  00001f90  90220000	lbu	r2,(r1)
 1348  00001f94  60410058	seqi	r1,r2,#88
 1349  00001f98  1420000c	bnez	r1,L83_LF2
 1350  00001f9c  54000000	nop; delay slot nop
 1351  00001fa0  08000024	j	L82_LF2
 1352  00001fa4  54000000	nop; delay slot nop
 1353  00001fa8          	L83_LF2:
 1354  00001fa8  20010010	addi	r1,r0,#16
 1355  00001fac  afc10008	sw	8(r30),r1
 1356  00001fb0  8fc20000	lw	r2,(r30)
 1357  00001fb4  20410001	addi	r1,r2,#1
 1358  00001fb8  00011020	add	r2,r0,r1
 1359  00001fbc  afc20000	sw	(r30),r2
 1360  00001fc0  0800000c	j	L84_LF2
 1361  00001fc4  54000000	nop; delay slot nop
 1362  00001fc8          	L82_LF2:
 1363  00001fc8  20010008	addi	r1,r0,#8
 1364  00001fcc  afc10008	sw	8(r30),r1
 1365  00001fd0          	L84_LF2:
 1366  00001fd0  0800000c	j	L80_LF2
 1367  00001fd4  54000000	nop; delay slot nop
 1368  00001fd8          	L81_LF2:
 1369  00001fd8  2001000a	addi	r1,r0,#10
 1370  00001fdc  afc10008	sw	8(r30),r1
 1371  00001fe0          	L85_LF2:
 1372  00001fe0          	L80_LF2:
 1373  00001fe0  8fc10008	lw	r1,8(r30)
 1374  00001fe4  70220000	slei	r2,r1,#0
 1375  00001fe8  1440001c	bnez	r2,L87_LF2
 1376  00001fec  54000000	nop; delay slot nop
 1377  00001ff0  8fc10008	lw	r1,8(r30)
 1378  00001ff4  6c220010	sgti	r2,r1,#16
 1379  00001ff8  1440000c	bnez	r2,L87_LF2
 1380  00001ffc  54000000	nop; delay slot nop
 1381  00002000  08000010	j	L86_LF2
 1382  00002004  54000000	nop; delay slot nop
 1383  00002008          	L87_LF2:
 1384  00002008  8fc1fff4	lw	r1,-12(r30)
 1385  0000200c  08000188	j	L72_LF2
 1386  00002010  54000000	nop; delay slot nop
 1387  00002014          	L86_LF2:
 1388  00002014  54000000	nop
 1389  00002018          	L88_LF2:
 1390  00002018  8fc10000	lw	r1,(r30)
 1391  0000201c  90220000	lbu	r2,(r1)
 1392  00002020  6c41002f	sgtui	r1,r2,#47
 1393  00002024  10200030	beqz	r1,L91_LF2
 1394  00002028  54000000	nop; delay slot nop
 1395  0000202c  8fc10000	lw	r1,(r30)
 1396  00002030  90220000	lbu	r2,(r1)
 1397  00002034  70410039	sleui	r1,r2,#57
 1398  00002038  1020001c	beqz	r1,L91_LF2
 1399  0000203c  54000000	nop; delay slot nop
 1400  00002040  8fc10000	lw	r1,(r30)
 1401  00002044  90220000	lbu	r2,(r1)
 1402  00002048  2041ffd0	addi	r1,r2,#-48
 1403  0000204c  afc1fff0	sw	-16(r30),r1
 1404  00002050  0800008c	j	L92_LF2
 1405  00002054  54000000	nop; delay slot nop
 1406  00002058          	L91_LF2:
 1407  00002058  8fc10000	lw	r1,(r30)
 1408  0000205c  90220000	lbu	r2,(r1)
 1409  00002060  6c410060	sgtui	r1,r2,#96
 1410  00002064  10200030	beqz	r1,L93_LF2
 1411  00002068  54000000	nop; delay slot nop
 1412  0000206c  8fc10000	lw	r1,(r30)
 1413  00002070  90220000	lbu	r2,(r1)
 1414  00002074  7041007a	sleui	r1,r2,#122
 1415  00002078  1020001c	beqz	r1,L93_LF2
 1416  0000207c  54000000	nop; delay slot nop
 1417  00002080  8fc10000	lw	r1,(r30)
 1418  00002084  90220000	lbu	r2,(r1)
 1419  00002088  2041ffa9	addi	r1,r2,#-87
 1420  0000208c  afc1fff0	sw	-16(r30),r1
 1421  00002090  0800004c	j	L92_LF2
 1422  00002094  54000000	nop; delay slot nop
 1423  00002098          	L93_LF2:
 1424  00002098  8fc10000	lw	r1,(r30)
 1425  0000209c  90220000	lbu	r2,(r1)
 1426  000020a0  6c410040	sgtui	r1,r2,#64
 1427  000020a4  10200030	beqz	r1,L95_LF2
 1428  000020a8  54000000	nop; delay slot nop
 1429  000020ac  8fc10000	lw	r1,(r30)
 1430  000020b0  90220000	lbu	r2,(r1)
 1431  000020b4  7041005a	sleui	r1,r2,#90
 1432  000020b8  1020001c	beqz	r1,L95_LF2
 1433  000020bc  54000000	nop; delay slot nop
 1434  000020c0  8fc10000	lw	r1,(r30)
 1435  000020c4  90220000	lbu	r2,(r1)
 1436  000020c8  2041ffc9	addi	r1,r2,#-55
 1437  000020cc  afc1fff0	sw	-16(r30),r1
 1438  000020d0  0800000c	j	L92_LF2
 1439  000020d4  54000000	nop; delay slot nop
 1440  000020d8          	L95_LF2:
 1441  000020d8  200103e8	addi	r1,r0,#1000
 1442  000020dc  afc1fff0	sw	-16(r30),r1
 1443  000020e0          	L96_LF2:
 1444  000020e0          	L94_LF2:
 1445  000020e0          	L92_LF2:
 1446  000020e0  8fc1fff0	lw	r1,-16(r30)
 1447  000020e4  8fc20008	lw	r2,8(r30)
 1448  000020e8  0022082a	slt	r1,r1,r2
 1449  000020ec  10200040	beqz	r1,L90_LF2
 1450  000020f0  54000000	nop; delay slot nop
 1451  000020f4  8fc1fff4	lw	r1,-12(r30)
 1452  000020f8  8fc20008	lw	r2,8(r30)
 1453  000020fc  00200035	movi2fp	f0,r1
 1454  00002100  00400835	movi2fp	f1,r2
 1455  00002104  0401000e	mult	f0,f0,f1
 1456  00002108  00000834	movfp2i	r1,f0
 1457  0000210c  afc1fff4	sw	-12(r30),r1
 1458  00002110  8fc1fff4	lw	r1,-12(r30)
 1459  00002114  8fc2fff0	lw	r2,-16(r30)
 1460  00002118  00220820	add	r1,r1,r2
 1461  0000211c  afc1fff4	sw	-12(r30),r1
 1462  00002120  8fc20000	lw	r2,(r30)
 1463  00002124  20410001	addi	r1,r2,#1
 1464  00002128  00011020	add	r2,r0,r1
 1465  0000212c  afc20000	sw	(r30),r2
 1466  00002130          	L97_LF2:
 1467  00002130          	L90_LF2:
 1468  00002130  8fc1fff0	lw	r1,-16(r30)
 1469  00002134  8fc20008	lw	r2,8(r30)
 1470  00002138  0022082a	slt	r1,r1,r2
 1471  0000213c  1420000c	bnez	r1,L98_LF2
 1472  00002140  54000000	nop; delay slot nop
 1473  00002144  0800000c	j	L89_LF2
 1474  00002148  54000000	nop; delay slot nop
 1475  0000214c          	L98_LF2:
 1476  0000214c  0bfffec8	j	L88_LF2
 1477  00002150  54000000	nop; delay slot nop
 1478  00002154          	L89_LF2:
 1479  00002154  8fc10004	lw	r1,4(r30)
 1480  00002158  64220000	snei	r2,r1,#0
 1481  0000215c  10400010	beqz	r2,L99_LF2
 1482  00002160  54000000	nop; delay slot nop
 1483  00002164  8fc10004	lw	r1,4(r30)
 1484  00002168  8fc20000	lw	r2,(r30)
 1485  0000216c  ac220000	sw	(r1),r2
 1486  00002170          	L99_LF2:
 1487  00002170  8fc1fff4	lw	r1,-12(r30)
 1488  00002174  8fc2ffec	lw	r2,-20(r30)
 1489  00002178  00200035	movi2fp	f0,r1
 1490  0000217c  00400835	movi2fp	f1,r2
 1491  00002180  0401000e	mult	f0,f0,f1
 1492  00002184  00000834	movfp2i	r1,f0
 1493  00002188  afc1fff4	sw	-12(r30),r1
 1494  0000218c  8fc1fff4	lw	r1,-12(r30)
 1495  00002190  08000004	j	L72_LF2
 1496  00002194  54000000	nop; delay slot nop
 1497  00002198          	L72_LF2:
 1498  00002198  8fa20000	lw	r2,0(r29)
 1499  0000219c  8fdffff8	lw	r31,-8(r30)
 1500  000021a0  001ee820	add	r29,r0,r30
 1501  000021a4  8fdefffc	lw	r30,-4(r30)
 1502  000021a8  4be00000	jr	r31
 1503  000021ac  54000000	nop
 1504  000021b0          	.endproc _dstrtol
 1505  000021b0          	.align 2
 1506  000021b0          	.proc _bcopy
 1507  000021b0          	.global _bcopy
 1508  000021b0          	_bcopy:
 1509                      ;  Function 'bcopy'; 0 bytes of locals, 2 regs to save.
 1510  000021b0  afbefffc	sw	-4(r29),r30; push fp
 1511  000021b4  001df020	add	r30,r0,r29; fp = sp
 1512  000021b8  afbffff8	sw	-8(r29),r31; push ret addr
 1513  000021bc  2fbd0010	subui	r29,r29,#16; alloc local storage
 1514  000021c0  afa20000	sw	0(r29),r2
 1515  000021c4  afa30004	sw	4(r29),r3
 1516  000021c8  54000000	nop
 1517  000021cc          	L101_LF2:
 1518  000021cc  8fc10008	lw	r1,8(r30)
 1519  000021d0  2022ffff	addi	r2,r1,#-1
 1520  000021d4  afc20008	sw	8(r30),r2
 1521  000021d8  6c210000	sgti	r1,r1,#0
 1522  000021dc  1420000c	bnez	r1,L103_LF2
 1523  000021e0  54000000	nop; delay slot nop
 1524  000021e4  0800002c	j	L102_LF2
 1525  000021e8  54000000	nop; delay slot nop
 1526  000021ec          	L103_LF2:
 1527  000021ec  8fc10004	lw	r1,4(r30)
 1528  000021f0  20220001	addi	r2,r1,#1
 1529  000021f4  afc20004	sw	4(r30),r2
 1530  000021f8  8fc20000	lw	r2,(r30)
 1531  000021fc  20430001	addi	r3,r2,#1
 1532  00002200  afc30000	sw	(r30),r3
 1533  00002204  80420000	lb	r2,(r2)
 1534  00002208  a0220000	sb	(r1),r2
 1535  0000220c  0bffffbc	j	L101_LF2
 1536  00002210  54000000	nop; delay slot nop
 1537  00002214          	L102_LF2:
 1538  00002214          	L100_LF2:
 1539  00002214  8fa20000	lw	r2,0(r29)
 1540  00002218  8fa30004	lw	r3,4(r29)
 1541  0000221c  8fdffff8	lw	r31,-8(r30)
 1542  00002220  001ee820	add	r29,r0,r30
 1543  00002224  8fdefffc	lw	r30,-4(r30)
 1544  00002228  4be00000	jr	r31
 1545  0000222c  54000000	nop
 1546  00002230          	.endproc _bcopy
 1547  00002230          	.align 2
 1548  00002230          	.proc _bzero
 1549  00002230          	.global _bzero
 1550  00002230          	_bzero:
 1551                      ;  Function 'bzero'; 0 bytes of locals, 1 regs to save.
 1552  00002230  afbefffc	sw	-4(r29),r30; push fp
 1553  00002234  001df020	add	r30,r0,r29; fp = sp
 1554  00002238  afbffff8	sw	-8(r29),r31; push ret addr
 1555  0000223c  2fbd0010	subui	r29,r29,#16; alloc local storage
 1556  00002240  afa20000	sw	0(r29),r2
 1557  00002244  54000000	nop
 1558  00002248          	L105_LF2:
 1559  00002248  8fc10004	lw	r1,4(r30)
 1560  0000224c  2022ffff	addi	r2,r1,#-1
 1561  00002250  afc20004	sw	4(r30),r2
 1562  00002254  6c210000	sgti	r1,r1,#0
 1563  00002258  1420000c	bnez	r1,L107_LF2
 1564  0000225c  54000000	nop; delay slot nop
 1565  00002260  08000020	j	L106_LF2
 1566  00002264  54000000	nop; delay slot nop
 1567  00002268          	L107_LF2:
 1568  00002268  8fc10000	lw	r1,(r30)
 1569  0000226c  20220001	addi	r2,r1,#1
 1570  00002270  afc20000	sw	(r30),r2
 1571  00002274  20020000	addi	r2,r0,(#0x0)&0xff
 1572  00002278  a0220000	sb	(r1),r2
 1573  0000227c  0bffffc8	j	L105_LF2
 1574  00002280  54000000	nop; delay slot nop
 1575  00002284          	L106_LF2:
 1576  00002284          	L104_LF2:
 1577  00002284  8fa20000	lw	r2,0(r29)
 1578  00002288  8fdffff8	lw	r31,-8(r30)
 1579  0000228c  001ee820	add	r29,r0,r30
 1580  00002290  8fdefffc	lw	r30,-4(r30)
 1581  00002294  4be00000	jr	r31
 1582  00002298  54000000	nop
 1583  0000229c          	.endproc _bzero
 1584  0000229c          	.align 2
 1585  0000229c          	.proc _min
 1586  0000229c          	.global _min
 1587  0000229c          	_min:
 1588                      ;  Function 'min'; 0 bytes of locals, 2 regs to save.
 1589  0000229c  afbefffc	sw	-4(r29),r30; push fp
 1590  000022a0  001df020	add	r30,r0,r29; fp = sp
 1591  000022a4  afbffff8	sw	-8(r29),r31; push ret addr
 1592  000022a8  2fbd0010	subui	r29,r29,#16; alloc local storage
 1593  000022ac  afa20000	sw	0(r29),r2
 1594  000022b0  afa30004	sw	4(r29),r3
 1595  000022b4  8fc10000	lw	r1,(r30)
 1596  000022b8  8fc20004	lw	r2,4(r30)
 1597  000022bc  0022182c	sle	r3,r1,r2
 1598  000022c0  14600008	bnez	r3,L109_LF2
 1599  000022c4  54000000	nop; delay slot nop
 1600  000022c8  8fc10004	lw	r1,4(r30)
 1601  000022cc          	L109_LF2:
 1602  000022cc  08000004	j	L108_LF2
 1603  000022d0  54000000	nop; delay slot nop
 1604  000022d4          	L108_LF2:
 1605  000022d4  8fa20000	lw	r2,0(r29)
 1606  000022d8  8fa30004	lw	r3,4(r29)
 1607  000022dc  8fdffff8	lw	r31,-8(r30)
 1608  000022e0  001ee820	add	r29,r0,r30
 1609  000022e4  8fdefffc	lw	r30,-4(r30)
 1610  000022e8  4be00000	jr	r31
 1611  000022ec  54000000	nop
 1612  000022f0          	.endproc _min
 1613                      ;;; Ethan L. Miller, 1999.  Released to the public domain
 1614                      ;;;
 1615                      ;;; Most of the traps are called in files from libtraps.
 1618  000022f0          	.align 2
 1619  000022f0          	.proc _exit
 1620  000022f0          	.global _exit
 1621  000022f0          	_exit:
 1622  000022f0  44000300	trap	#0x300
 1623  000022f4  4be00000	jr	r31
 1624  000022f8  54000000	nop
 1625  000022fc          	.endproc _exit
 1627                      ; for the benefit of gcc.
 1628  000022fc          	.proc ___main
 1629  000022fc          	.global ___main
 1630  000022fc          	___main:
 1631  000022fc  4be00000	jr	r31
 1632  00002300  54000000	nop
 1633  00002304          	.endproc ___main
 1634  00002304          	.text
 1635  00002304          	.global _etext
 1636  00002304          	_etext:
 1637  00002304          	.align 3
 1638  00002308          	.data
 1639  0000313d          	.global _edata
 1640  0000313d          	_edata:
