 line   address	contents
    1                      ; Linked by DLX-LD.
    2                      ; MemSize 24576
    3                      ; Data size: 562
    4                      ; Text size: 5388
    5                      ; Stack size: 8192
    6  00000000          	.text 0x1000
    7  00001000          	.data 0x3000
    8                      ; Compiled by GCC
    9  00003000          	.text
   10  00001000          	.align 2
   11  00001000          	.proc _isspace
   12  00001000          	.global _isspace
   13  00001000          	_isspace:
   14                      ;  Function 'isspace'; 0 bytes of locals, 1 regs to save.
   15  00001000  afbefffc	sw	-4(r29),r30; push fp
   16  00001004  001df020	add	r30,r0,r29; fp = sp
   17  00001008  afbffff8	sw	-8(r29),r31; push ret addr
   18  0000100c  2fbd0010	subui	r29,r29,#16; alloc local storage
   19  00001010  afa20000	sw	0(r29),r2
   20  00001014  83c20003	lb	r2,3(r30)
   21  00001018  201f0000	addi	r31,r0,#0
   22  0000101c  304100ff	andi	r1,r2,#0x00ff
   23  00001020  60210020	seqi	r1,r1,#32
   24  00001024  14200018	bnez	r1,L6_LF0
   25  00001028  54000000	nop; not filled.
   26  0000102c  2041fff7	addi	r1,r2,#-9
   27  00001030  302100ff	andi	r1,r1,#0x00ff
   28  00001034  70210001	sleui	r1,r1,#1
   29  00001038  10200008	beqz	r1,L5_LF0
   30  0000103c  54000000	nop; not filled.
   31  00001040          	L6_LF0:
   32  00001040  201f0001	addi	r31,r0,#1
   33  00001044          	L5_LF0:
   34  00001044  001f0820	add	r1,r0,r31
   35  00001048  8fa20000	lw	r2,0(r29)
   36  0000104c  8fdffff8	lw	r31,-8(r30)
   37  00001050  001ee820	add	r29,r0,r30
   38  00001054  8fdefffc	lw	r30,-4(r30)
   39  00001058  4be00000	jr	r31
   40  0000105c  54000000	nop
   41  00001060          	.endproc _isspace
   42  00001060          	.align 2
   43  00001060          	.proc _isxdigit
   44  00001060          	.global _isxdigit
   45  00001060          	_isxdigit:
   46                      ;  Function 'isxdigit'; 0 bytes of locals, 1 regs to save.
   47  00001060  afbefffc	sw	-4(r29),r30; push fp
   48  00001064  001df020	add	r30,r0,r29; fp = sp
   49  00001068  afbffff8	sw	-8(r29),r31; push ret addr
   50  0000106c  2fbd0010	subui	r29,r29,#16; alloc local storage
   51  00001070  afa20000	sw	0(r29),r2
   52  00001074  83df0003	lb	r31,3(r30)
   53  00001078  20020000	addi	r2,r0,#0
   54  0000107c  23e1ffd0	addi	r1,r31,#-48
   55  00001080  302100ff	andi	r1,r1,#0x00ff
   56  00001084  70210009	sleui	r1,r1,#9
   57  00001088  14200028	bnez	r1,L12_LF0
   58  0000108c  54000000	nop; not filled.
   59  00001090  23e1ff9f	addi	r1,r31,#-97
   60  00001094  302100ff	andi	r1,r1,#0x00ff
   61  00001098  70210005	sleui	r1,r1,#5
   62  0000109c  14200014	bnez	r1,L12_LF0
   63  000010a0  54000000	nop; not filled.
   64  000010a4  33e100ff	andi	r1,r31,#0x00ff
   65  000010a8  64210041	snei	r1,r1,#65
   66  000010ac  14200008	bnez	r1,L11_LF0
   67  000010b0  54000000	nop; not filled.
   68  000010b4          	L12_LF0:
   69  000010b4  20020001	addi	r2,r0,#1
   70  000010b8          	L11_LF0:
   71  000010b8  00020820	add	r1,r0,r2
   72  000010bc  8fa20000	lw	r2,0(r29)
   73  000010c0  8fdffff8	lw	r31,-8(r30)
   74  000010c4  001ee820	add	r29,r0,r30
   75  000010c8  8fdefffc	lw	r30,-4(r30)
   76  000010cc  4be00000	jr	r31
   77  000010d0  54000000	nop
   78  000010d4          	.endproc _isxdigit
   79  000010d4          	.data
   80  00003000          	.align 2
   81  00003000          	LC0_LF0:
   82  00003000  55736167	.ascii "Usage: \000"
   82  00003004  653a2000	
   83  00003008          	.align 2
   84  00003008          	LC1_LF0:
   85  00003008  203c6e75	.ascii " <number of H20 processes to create> <number of S04 molecules to creat"
   85  0000300c  6d626572	
   85  00003010  206f6620	
   85  00003014  48323020	
   85  00003018  70726f63	
   85  0000301c  65737365	
   85  00003020  7320746f	
   85  00003024  20637265	
   85  00003028  6174653e	
   85  0000302c  203c6e75	
   85  00003030  6d626572	
   85  00003034  206f6620	
   85  00003038  53303420	
   85  0000303c  6d6f6c65	
   85  00003040  63756c65	
   85  00003044  7320746f	
   85  00003048  20637265	
   85  0000304c  6174    	
   86  0000304e  653e0a00	.ascii "e>\n\000"
   87  00003052          	.align 2
   88  00003054          	LC2_LF0:
   89  00003054  43726561	.ascii "Creating %d injection and reaction processes\n\000"
   89  00003058  74696e67	
   89  0000305c  20256420	
   89  00003060  696e6a65	
   89  00003064  6374696f	
   89  00003068  6e20616e	
   89  0000306c  64207265	
   89  00003070  61637469	
   89  00003074  6f6e2070	
   89  00003078  726f6365	
   89  0000307c  73736573	
   89  00003080  0a00    	
   90  00003082          	.align 2
   91  00003084          	LC3_LF0:
   92  00003084  42616420	.ascii "Bad sem_create for process_completion \000"
   92  00003088  73656d5f	
   92  0000308c  63726561	
   92  00003090  74652066	
   92  00003094  6f722070	
   92  00003098  726f6365	
   92  0000309c  73735f63	
   92  000030a0  6f6d706c	
   92  000030a4  6574696f	
   92  000030a8  6e2000  	
   93  000030ab          	.align 2
   94  000030ac          	LC4_LF0:
   95  000030ac  42616420	.ascii "Bad sem_create for oxygen \000"
   95  000030b0  73656d5f	
   95  000030b4  63726561	
   95  000030b8  74652066	
   95  000030bc  6f72206f	
   95  000030c0  78796765	
   95  000030c4  6e2000  	
   96  000030c7          	.align 2
   97  000030c8          	LC5_LF0:
   98  000030c8  42616420	.ascii "Bad sem_create for hydro \000"
   98  000030cc  73656d5f	
   98  000030d0  63726561	
   98  000030d4  74652066	
   98  000030d8  6f722068	
   98  000030dc  7964726f	
   98  000030e0  2000    	
   99  000030e2          	.align 2
  100  000030e4          	LC6_LF0:
  101  000030e4  42616420	.ascii "Bad sem_create for sulphate \000"
  101  000030e8  73656d5f	
  101  000030ec  63726561	
  101  000030f0  74652066	
  101  000030f4  6f722073	
  101  000030f8  756c7068	
  101  000030fc  61746520	
  101  00003100  00      	
  102  00003101          	.align 2
  103  00003104          	LC7_LF0:
  104  00003104  42616420	.ascii "Bad sem_create for sulphur \000"
  104  00003108  73656d5f	
  104  0000310c  63726561	
  104  00003110  74652066	
  104  00003114  6f722073	
  104  00003118  756c7068	
  104  0000311c  75722000	
  105  00003120          	.align 2
  106  00003120          	LC8_LF0:
  107  00003120  42616420	.ascii "Bad sem_create for hydrogen \000"
  107  00003124  73656d5f	
  107  00003128  63726561	
  107  0000312c  74652066	
  107  00003130  6f722068	
  107  00003134  7964726f	
  107  00003138  67656e20	
  107  0000313c  00      	
  108  0000313d          	.align 2
  109  00003140          	LC9_LF0:
  110  00003140  42616420	.ascii "Bad sem_create for acid \000"
  110  00003144  73656d5f	
  110  00003148  63726561	
  110  0000314c  74652066	
  110  00003150  6f722061	
  110  00003154  63696420	
  110  00003158  00      	
  111  00003159          	.align 2
  112  0000315c          	LC10_LF0:
  113  0000315c  696e6a65	.ascii "injection_hydro.dlx.obj\000"
  113  00003160  6374696f	
  113  00003164  6e5f6879	
  113  00003168  64726f2e	
  113  0000316c  646c782e	
  113  00003170  6f626a00	
  114  00003174          	.align 2
  115  00003174          	LC11_LF0:
  116  00003174  696e6a65	.ascii "injection_sulphate.dlx.obj\000"
  116  00003178  6374696f	
  116  0000317c  6e5f7375	
  116  00003180  6c706861	
  116  00003184  74652e64	
  116  00003188  6c782e6f	
  116  0000318c  626a00  	
  117  0000318f          	.align 2
  118  00003190          	LC12_LF0:
  119  00003190  72656163	.ascii "reaction1.dlx.obj\000"
  119  00003194  74696f6e	
  119  00003198  312e646c	
  119  0000319c  782e6f62	
  119  000031a0  6a00    	
  120  000031a2          	.align 2
  121  000031a4          	LC13_LF0:
  122  000031a4  72656163	.ascii "reaction2.dlx.obj\000"
  122  000031a8  74696f6e	
  122  000031ac  322e646c	
  122  000031b0  782e6f62	
  122  000031b4  6a00    	
  123  000031b6          	.align 2
  124  000031b8          	LC14_LF0:
  125  000031b8  72656163	.ascii "reaction3.dlx.obj\000"
  125  000031bc  74696f6e	
  125  000031c0  332e646c	
  125  000031c4  782e6f62	
  125  000031c8  6a00    	
  126  000031ca          	.align 2
  127  000031cc          	LC15_LF0:
  128  000031cc  42616420	.ascii "Bad semaphore s_procs_completed (%d) in \000"
  128  000031d0  73656d61	
  128  000031d4  70686f72	
  128  000031d8  6520735f	
  128  000031dc  70726f63	
  128  000031e0  735f636f	
  128  000031e4  6d706c65	
  128  000031e8  74656420	
  128  000031ec  28256429	
  128  000031f0  20696e20	
  128  000031f4  00      	
  129  000031f5          	.align 2
  130  000031f8          	LC16_LF0:
  131  000031f8  0a00    	.ascii "\n\000"
  132  000031fa          	.align 2
  133  000031fc          	LC17_LF0:
  134  000031fc  416c6c20	.ascii "All other processes completed, exiting main process.\n\000"
  134  00003200  6f746865	
  134  00003204  72207072	
  134  00003208  6f636573	
  134  0000320c  73657320	
  134  00003210  636f6d70	
  134  00003214  6c657465	
  134  00003218  642c2065	
  134  0000321c  78697469	
  134  00003220  6e67206d	
  134  00003224  61696e20	
  134  00003228  70726f63	
  134  0000322c  6573732e	
  134  00003230  0a00    	
  135  00003232          	.text
  136  000010d4          	.align 2
  137  000010d4          	.proc _main
  138  000010d4          	.global _main
  139  000010d4          	_main:
  140                      ;  Function 'main'; 176 bytes of locals, 0 regs to save.
  141  000010d4  afbefffc	sw	-4(r29),r30; push fp
  142  000010d8  001df020	add	r30,r0,r29; fp = sp
  143  000010dc  afbffff8	sw	-8(r29),r31; push ret addr
  144  000010e0  2fbd00b8	subui	r29,r29,#184; alloc local storage
  145  000010e4  8fc20000	lw	r2,(r30)
  146  000010e8  8fcc0004	lw	r12,4(r30)
  147  000010ec  0c001414	jal	___main
  148  000010f0  54000000	nop; not filled.
  149  000010f4  64410003	snei	r1,r2,#3
  150  000010f8  1020004c	beqz	r1,L14_LF0
  151  000010fc  54000000	nop; not filled.
  152  00001100  23bdfff8	addi	r29,r29,#-8
  153  00001104  3c110000	lhi	r17,((LC0_LF0)>>16)&0xffff
  154  00001108  26313000	addui	r17,r17,(LC0_LF0)&0xffff
  155  0000110c  afb10000	sw	(r29),r17
  156  00001110  0c0005e8	jal	_Printf
  157  00001114  54000000	nop; not filled.
  158  00001118  8d910000	lw	r17,(r12)
  159  0000111c  afb10000	sw	(r29),r17
  160  00001120  0c0005d8	jal	_Printf
  161  00001124  54000000	nop; not filled.
  162  00001128  3c110000	lhi	r17,((LC1_LF0)>>16)&0xffff
  163  0000112c  26313008	addui	r17,r17,(LC1_LF0)&0xffff
  164  00001130  afb10000	sw	(r29),r17
  165  00001134  0c0005c4	jal	_Printf
  166  00001138  54000000	nop; not filled.
  167  0000113c  0c000670	jal	_Exit
  168  00001140  54000000	nop; not filled.
  169  00001144  23bd0008	addi	r29,r29,#8
  170  00001148          	L14_LF0:
  171  00001148  23bdfff0	addi	r29,r29,#-16
  172  0000114c  8d910004	lw	r17,4(r12)
  173  00001150  afb10000	sw	(r29),r17
  174  00001154  20110000	addi	r17,r0,#0
  175  00001158  afb10004	sw	4(r29),r17
  176  0000115c  2011000a	addi	r17,r0,#10
  177  00001160  afb10008	sw	8(r29),r17
  178  00001164  0c000ef4	jal	_dstrtol
  179  00001168  54000000	nop; not filled.
  180  0000116c  00011020	add	r2,r0,r1
  181  00001170  8d910008	lw	r17,8(r12)
  182  00001174  afb10000	sw	(r29),r17
  183  00001178  20110000	addi	r17,r0,#0
  184  0000117c  afb10004	sw	4(r29),r17
  185  00001180  2011000a	addi	r17,r0,#10
  186  00001184  afb10008	sw	8(r29),r17
  187  00001188  0c000ed0	jal	_dstrtol
  188  0000118c  54000000	nop; not filled.
  189  00001190  00012020	add	r4,r0,r1
  190  00001194  3c110000	lhi	r17,((LC2_LF0)>>16)&0xffff
  191  00001198  26313054	addui	r17,r17,(LC2_LF0)&0xffff
  192  0000119c  afb10000	sw	(r29),r17
  193  000011a0  00440820	add	r1,r2,r4
  194  000011a4  afa10004	sw	4(r29),r1
  195  000011a8  0c000550	jal	_Printf
  196  000011ac  54000000	nop; not filled.
  197  000011b0  2011fffc	addi	r17,r0,#-4
  198  000011b4  afb10000	sw	(r29),r17
  199  000011b8  0c00057c	jal	_sem_create
  200  000011bc  54000000	nop; not filled.
  201  000011c0  00016820	add	r13,r0,r1
  202  000011c4  23bd0010	addi	r29,r29,#16
  203  000011c8  61a1ffff	seqi	r1,r13,#-1
  204  000011cc  10200038	beqz	r1,L15_LF0
  205  000011d0  54000000	nop; not filled.
  206  000011d4  23bdfff8	addi	r29,r29,#-8
  207  000011d8  3c110000	lhi	r17,((LC3_LF0)>>16)&0xffff
  208  000011dc  26313084	addui	r17,r17,(LC3_LF0)&0xffff
  209  000011e0  afb10000	sw	(r29),r17
  210  000011e4  0c000514	jal	_Printf
  211  000011e8  54000000	nop; not filled.
  212  000011ec  8d910000	lw	r17,(r12)
  213  000011f0  afb10000	sw	(r29),r17
  214  000011f4  0c000504	jal	_Printf
  215  000011f8  54000000	nop; not filled.
  216  000011fc  0c0005b0	jal	_Exit
  217  00001200  54000000	nop; not filled.
  218  00001204  23bd0008	addi	r29,r29,#8
  219  00001208          	L15_LF0:
  220  00001208  23bdfff8	addi	r29,r29,#-8
  221  0000120c  20110000	addi	r17,r0,#0
  222  00001210  afb10000	sw	(r29),r17
  223  00001214  0c000520	jal	_sem_create
  224  00001218  54000000	nop; not filled.
  225  0000121c  00013020	add	r6,r0,r1
  226  00001220  23bd0008	addi	r29,r29,#8
  227  00001224  60c1ffff	seqi	r1,r6,#-1
  228  00001228  10200038	beqz	r1,L16_LF0
  229  0000122c  54000000	nop; not filled.
  230  00001230  23bdfff8	addi	r29,r29,#-8
  231  00001234  3c110000	lhi	r17,((LC4_LF0)>>16)&0xffff
  232  00001238  263130ac	addui	r17,r17,(LC4_LF0)&0xffff
  233  0000123c  afb10000	sw	(r29),r17
  234  00001240  0c0004b8	jal	_Printf
  235  00001244  54000000	nop; not filled.
  236  00001248  8d910000	lw	r17,(r12)
  237  0000124c  afb10000	sw	(r29),r17
  238  00001250  0c0004a8	jal	_Printf
  239  00001254  54000000	nop; not filled.
  240  00001258  0c000554	jal	_Exit
  241  0000125c  54000000	nop; not filled.
  242  00001260  23bd0008	addi	r29,r29,#8
  243  00001264          	L16_LF0:
  244  00001264  23bdfff8	addi	r29,r29,#-8
  245  00001268  20110000	addi	r17,r0,#0
  246  0000126c  afb10000	sw	(r29),r17
  247  00001270  0c0004c4	jal	_sem_create
  248  00001274  54000000	nop; not filled.
  249  00001278  00018020	add	r16,r0,r1
  250  0000127c  23bd0008	addi	r29,r29,#8
  251  00001280  6201ffff	seqi	r1,r16,#-1
  252  00001284  10200038	beqz	r1,L17_LF0
  253  00001288  54000000	nop; not filled.
  254  0000128c  23bdfff8	addi	r29,r29,#-8
  255  00001290  3c110000	lhi	r17,((LC5_LF0)>>16)&0xffff
  256  00001294  263130c8	addui	r17,r17,(LC5_LF0)&0xffff
  257  00001298  afb10000	sw	(r29),r17
  258  0000129c  0c00045c	jal	_Printf
  259  000012a0  54000000	nop; not filled.
  260  000012a4  8d910000	lw	r17,(r12)
  261  000012a8  afb10000	sw	(r29),r17
  262  000012ac  0c00044c	jal	_Printf
  263  000012b0  54000000	nop; not filled.
  264  000012b4  0c0004f8	jal	_Exit
  265  000012b8  54000000	nop; not filled.
  266  000012bc  23bd0008	addi	r29,r29,#8
  267  000012c0          	L17_LF0:
  268  000012c0  23bdfff8	addi	r29,r29,#-8
  269  000012c4  20110000	addi	r17,r0,#0
  270  000012c8  afb10000	sw	(r29),r17
  271  000012cc  0c000468	jal	_sem_create
  272  000012d0  54000000	nop; not filled.
  273  000012d4  00017820	add	r15,r0,r1
  274  000012d8  23bd0008	addi	r29,r29,#8
  275  000012dc  61e1ffff	seqi	r1,r15,#-1
  276  000012e0  10200038	beqz	r1,L18_LF0
  277  000012e4  54000000	nop; not filled.
  278  000012e8  23bdfff8	addi	r29,r29,#-8
  279  000012ec  3c110000	lhi	r17,((LC6_LF0)>>16)&0xffff
  280  000012f0  263130e4	addui	r17,r17,(LC6_LF0)&0xffff
  281  000012f4  afb10000	sw	(r29),r17
  282  000012f8  0c000400	jal	_Printf
  283  000012fc  54000000	nop; not filled.
  284  00001300  8d910000	lw	r17,(r12)
  285  00001304  afb10000	sw	(r29),r17
  286  00001308  0c0003f0	jal	_Printf
  287  0000130c  54000000	nop; not filled.
  288  00001310  0c00049c	jal	_Exit
  289  00001314  54000000	nop; not filled.
  290  00001318  23bd0008	addi	r29,r29,#8
  291  0000131c          	L18_LF0:
  292  0000131c  23bdfff8	addi	r29,r29,#-8
  293  00001320  20110000	addi	r17,r0,#0
  294  00001324  afb10000	sw	(r29),r17
  295  00001328  0c00040c	jal	_sem_create
  296  0000132c  54000000	nop; not filled.
  297  00001330  00017020	add	r14,r0,r1
  298  00001334  23bd0008	addi	r29,r29,#8
  299  00001338  61c1ffff	seqi	r1,r14,#-1
  300  0000133c  10200038	beqz	r1,L19_LF0
  301  00001340  54000000	nop; not filled.
  302  00001344  23bdfff8	addi	r29,r29,#-8
  303  00001348  3c110000	lhi	r17,((LC7_LF0)>>16)&0xffff
  304  0000134c  26313104	addui	r17,r17,(LC7_LF0)&0xffff
  305  00001350  afb10000	sw	(r29),r17
  306  00001354  0c0003a4	jal	_Printf
  307  00001358  54000000	nop; not filled.
  308  0000135c  8d910000	lw	r17,(r12)
  309  00001360  afb10000	sw	(r29),r17
  310  00001364  0c000394	jal	_Printf
  311  00001368  54000000	nop; not filled.
  312  0000136c  0c000440	jal	_Exit
  313  00001370  54000000	nop; not filled.
  314  00001374  23bd0008	addi	r29,r29,#8
  315  00001378          	L19_LF0:
  316  00001378  23bdfff8	addi	r29,r29,#-8
  317  0000137c  20110000	addi	r17,r0,#0
  318  00001380  afb10000	sw	(r29),r17
  319  00001384  0c0003b0	jal	_sem_create
  320  00001388  54000000	nop; not filled.
  321  0000138c  00012820	add	r5,r0,r1
  322  00001390  23bd0008	addi	r29,r29,#8
  323  00001394  60a1ffff	seqi	r1,r5,#-1
  324  00001398  10200038	beqz	r1,L20_LF0
  325  0000139c  54000000	nop; not filled.
  326  000013a0  23bdfff8	addi	r29,r29,#-8
  327  000013a4  3c110000	lhi	r17,((LC8_LF0)>>16)&0xffff
  328  000013a8  26313120	addui	r17,r17,(LC8_LF0)&0xffff
  329  000013ac  afb10000	sw	(r29),r17
  330  000013b0  0c000348	jal	_Printf
  331  000013b4  54000000	nop; not filled.
  332  000013b8  8d910000	lw	r17,(r12)
  333  000013bc  afb10000	sw	(r29),r17
  334  000013c0  0c000338	jal	_Printf
  335  000013c4  54000000	nop; not filled.
  336  000013c8  0c0003e4	jal	_Exit
  337  000013cc  54000000	nop; not filled.
  338  000013d0  23bd0008	addi	r29,r29,#8
  339  000013d4          	L20_LF0:
  340  000013d4  23bdfff8	addi	r29,r29,#-8
  341  000013d8  20110000	addi	r17,r0,#0
  342  000013dc  afb10000	sw	(r29),r17
  343  000013e0  0c000354	jal	_sem_create
  344  000013e4  54000000	nop; not filled.
  345  000013e8  00014020	add	r8,r0,r1
  346  000013ec  23bd0008	addi	r29,r29,#8
  347  000013f0  6101ffff	seqi	r1,r8,#-1
  348  000013f4  10200038	beqz	r1,L21_LF0
  349  000013f8  54000000	nop; not filled.
  350  000013fc  23bdfff8	addi	r29,r29,#-8
  351  00001400  3c110000	lhi	r17,((LC9_LF0)>>16)&0xffff
  352  00001404  26313140	addui	r17,r17,(LC9_LF0)&0xffff
  353  00001408  afb10000	sw	(r29),r17
  354  0000140c  0c0002ec	jal	_Printf
  355  00001410  54000000	nop; not filled.
  356  00001414  8d910000	lw	r17,(r12)
  357  00001418  afb10000	sw	(r29),r17
  358  0000141c  0c0002dc	jal	_Printf
  359  00001420  54000000	nop; not filled.
  360  00001424  0c000388	jal	_Exit
  361  00001428  54000000	nop; not filled.
  362  0000142c  23bd0008	addi	r29,r29,#8
  363  00001430          	L21_LF0:
  364  00001430  5841001f	srli	r1,r2,#0x1f
  365  00001434  00410820	add	r1,r2,r1
  366  00001438  5c230001	srai	r3,r1,#0x1
  367  0000143c  50620001	slli	r2,r3,#0x1
  368  00001440  0044082c	sle	r1,r2,r4
  369  00001444  14200008	bnez	r1,L22_LF0
  370  00001448  54000000	nop; not filled.
  371  0000144c  00041020	add	r2,r0,r4
  372  00001450          	L22_LF0:
  373  00001450  23bdfff8	addi	r29,r29,#-8
  374  00001454  afa30000	sw	(r29),r3
  375  00001458  23c9ffe8	addi	r9,r30,#-24
  376  0000145c  afa90004	sw	4(r29),r9
  377  00001460  0c000a6c	jal	_ditoa
  378  00001464  54000000	nop; not filled.
  379  00001468  afa40000	sw	(r29),r4
  380  0000146c  23caffd8	addi	r10,r30,#-40
  381  00001470  afaa0004	sw	4(r29),r10
  382  00001474  0c000a58	jal	_ditoa
  383  00001478  54000000	nop; not filled.
  384  0000147c  afa20000	sw	(r29),r2
  385  00001480  23cbffc8	addi	r11,r30,#-56
  386  00001484  afab0004	sw	4(r29),r11
  387  00001488  0c000a44	jal	_ditoa
  388  0000148c  54000000	nop; not filled.
  389  00001490  afa60000	sw	(r29),r6
  390  00001494  23c6ffa8	addi	r6,r30,#-88
  391  00001498  afa60004	sw	4(r29),r6
  392  0000149c  0c000a30	jal	_ditoa
  393  000014a0  54000000	nop; not filled.
  394  000014a4  afa50000	sw	(r29),r5
  395  000014a8  23c7ff98	addi	r7,r30,#-104
  396  000014ac  afa70004	sw	4(r29),r7
  397  000014b0  0c000a1c	jal	_ditoa
  398  000014b4  54000000	nop; not filled.
  399  000014b8  afb00000	sw	(r29),r16
  400  000014bc  23c3ff88	addi	r3,r30,#-120
  401  000014c0  afa30004	sw	4(r29),r3
  402  000014c4  0c000a08	jal	_ditoa
  403  000014c8  54000000	nop; not filled.
  404  000014cc  afaf0000	sw	(r29),r15
  405  000014d0  23c4ff68	addi	r4,r30,#-152
  406  000014d4  afa40004	sw	4(r29),r4
  407  000014d8  0c0009f4	jal	_ditoa
  408  000014dc  54000000	nop; not filled.
  409  000014e0  afae0000	sw	(r29),r14
  410  000014e4  23c5ff78	addi	r5,r30,#-136
  411  000014e8  afa50004	sw	4(r29),r5
  412  000014ec  0c0009e0	jal	_ditoa
  413  000014f0  54000000	nop; not filled.
  414  000014f4  afa80000	sw	(r29),r8
  415  000014f8  23c8ff58	addi	r8,r30,#-168
  416  000014fc  afa80004	sw	4(r29),r8
  417  00001500  0c0009cc	jal	_ditoa
  418  00001504  54000000	nop; not filled.
  419  00001508  afad0000	sw	(r29),r13
  420  0000150c  23c2ff48	addi	r2,r30,#-184
  421  00001510  afa20004	sw	4(r29),r2
  422  00001514  0c0009b8	jal	_ditoa
  423  00001518  54000000	nop; not filled.
  424  0000151c  23bdfff0	addi	r29,r29,#-16
  425  00001520  3c110000	lhi	r17,((LC10_LF0)>>16)&0xffff
  426  00001524  2631315c	addui	r17,r17,(LC10_LF0)&0xffff
  427  00001528  afb10000	sw	(r29),r17
  428  0000152c  8d810004	lw	r1,4(r12)
  429  00001530  afa10004	sw	4(r29),r1
  430  00001534  afa30008	sw	8(r29),r3
  431  00001538  afa2000c	sw	12(r29),r2
  432  0000153c  20110000	addi	r17,r0,#0
  433  00001540  afb10010	sw	16(r29),r17
  434  00001544  0c0001cc	jal	_process_create
  435  00001548  54000000	nop; not filled.
  436  0000154c  3c110000	lhi	r17,((LC11_LF0)>>16)&0xffff
  437  00001550  26313174	addui	r17,r17,(LC11_LF0)&0xffff
  438  00001554  afb10000	sw	(r29),r17
  439  00001558  8d810008	lw	r1,8(r12)
  440  0000155c  afa10004	sw	4(r29),r1
  441  00001560  afa40008	sw	8(r29),r4
  442  00001564  afa2000c	sw	12(r29),r2
  443  00001568  20110000	addi	r17,r0,#0
  444  0000156c  afb10010	sw	16(r29),r17
  445  00001570  0c0001a0	jal	_process_create
  446  00001574  54000000	nop; not filled.
  447  00001578  23bdfff8	addi	r29,r29,#-8
  448  0000157c  3c110000	lhi	r17,((LC12_LF0)>>16)&0xffff
  449  00001580  26313190	addui	r17,r17,(LC12_LF0)&0xffff
  450  00001584  afb10000	sw	(r29),r17
  451  00001588  afa90004	sw	4(r29),r9
  452  0000158c  afa30008	sw	8(r29),r3
  453  00001590  afa7000c	sw	12(r29),r7
  454  00001594  afa60010	sw	16(r29),r6
  455  00001598  afa20014	sw	20(r29),r2
  456  0000159c  20110000	addi	r17,r0,#0
  457  000015a0  afb10018	sw	24(r29),r17
  458  000015a4  0c00016c	jal	_process_create
  459  000015a8  54000000	nop; not filled.
  460  000015ac  23bd0020	addi	r29,r29,#32
  461  000015b0  23bdffe0	addi	r29,r29,#-32
  462  000015b4  3c110000	lhi	r17,((LC13_LF0)>>16)&0xffff
  463  000015b8  263131a4	addui	r17,r17,(LC13_LF0)&0xffff
  464  000015bc  afb10000	sw	(r29),r17
  465  000015c0  afaa0004	sw	4(r29),r10
  466  000015c4  afa40008	sw	8(r29),r4
  467  000015c8  afa5000c	sw	12(r29),r5
  468  000015cc  afa60010	sw	16(r29),r6
  469  000015d0  afa20014	sw	20(r29),r2
  470  000015d4  20110000	addi	r17,r0,#0
  471  000015d8  afb10018	sw	24(r29),r17
  472  000015dc  0c000134	jal	_process_create
  473  000015e0  54000000	nop; not filled.
  474  000015e4  23bd0020	addi	r29,r29,#32
  475  000015e8  23bdffe0	addi	r29,r29,#-32
  476  000015ec  3c110000	lhi	r17,((LC14_LF0)>>16)&0xffff
  477  000015f0  263131b8	addui	r17,r17,(LC14_LF0)&0xffff
  478  000015f4  afb10000	sw	(r29),r17
  479  000015f8  afab0004	sw	4(r29),r11
  480  000015fc  afa70008	sw	8(r29),r7
  481  00001600  afa6000c	sw	12(r29),r6
  482  00001604  afa50010	sw	16(r29),r5
  483  00001608  afa80014	sw	20(r29),r8
  484  0000160c  afa20018	sw	24(r29),r2
  485  00001610  20110000	addi	r17,r0,#0
  486  00001614  afb1001c	sw	28(r29),r17
  487  00001618  0c0000f8	jal	_process_create
  488  0000161c  54000000	nop; not filled.
  489  00001620  23bd0020	addi	r29,r29,#32
  490  00001624  23bdfff8	addi	r29,r29,#-8
  491  00001628  afad0000	sw	(r29),r13
  492  0000162c  0c000114	jal	_sem_wait
  493  00001630  54000000	nop; not filled.
  494  00001634  23bd0008	addi	r29,r29,#8
  495  00001638  64210001	snei	r1,r1,#1
  496  0000163c  10200050	beqz	r1,L23_LF0
  497  00001640  54000000	nop; not filled.
  498  00001644  23bdfff8	addi	r29,r29,#-8
  499  00001648  3c110000	lhi	r17,((LC15_LF0)>>16)&0xffff
  500  0000164c  263131cc	addui	r17,r17,(LC15_LF0)&0xffff
  501  00001650  afb10000	sw	(r29),r17
  502  00001654  afad0004	sw	4(r29),r13
  503  00001658  0c0000a0	jal	_Printf
  504  0000165c  54000000	nop; not filled.
  505  00001660  8d8c0000	lw	r12,(r12)
  506  00001664  afac0000	sw	(r29),r12
  507  00001668  0c000090	jal	_Printf
  508  0000166c  54000000	nop; not filled.
  509  00001670  3c110000	lhi	r17,((LC16_LF0)>>16)&0xffff
  510  00001674  263131f8	addui	r17,r17,(LC16_LF0)&0xffff
  511  00001678  afb10000	sw	(r29),r17
  512  0000167c  0c00007c	jal	_Printf
  513  00001680  54000000	nop; not filled.
  514  00001684  0c000128	jal	_Exit
  515  00001688  54000000	nop; not filled.
  516  0000168c  23bd0008	addi	r29,r29,#8
  517  00001690          	L23_LF0:
  518  00001690  23bdfff8	addi	r29,r29,#-8
  519  00001694  3c110000	lhi	r17,((LC17_LF0)>>16)&0xffff
  520  00001698  263131fc	addui	r17,r17,(LC17_LF0)&0xffff
  521  0000169c  afb10000	sw	(r29),r17
  522  000016a0  0c000058	jal	_Printf
  523  000016a4  54000000	nop; not filled.
  524  000016a8  23bd0008	addi	r29,r29,#8
  525  000016ac  0c000e48	jal	_exit
  526  000016b0  54000000	nop
  527  000016b4          	.endproc _main
  528                      ;;;
  529                      ;;; Stub functions for DLX traps.
  530                      ;;;
  531                      ;;; Ethan L. Miller, 1999.  Released to the public domain.
  532                      ;;;
  533                      ;;; The traps such as Open and Close
  534                      ;;; (note the capital letters) are for use by user programs.  The traps
  535                      ;;; with names such as open and close (lower case) are for use by the OS.
  536                      ;;;
  539  000016b4          	.align 2
  541                      ;;; The following are the traps to be used by user-level programs
  542                      ;;;
  544  000016b4          	.align 2
  545  000016b4          	.proc _Open
  546  000016b4          	.global _Open
  547  000016b4          	_Open:
  548                      ;;; Note that trap #0x213 actually causes a trap vector in the OS of
  549                      ;;; 0x1213.  The same is true for other user traps.  Thus, a user trap
  550                      ;;; with trap #0x240 will result in a trap vector of 0x1240 in the OS.
  551  000016b4  44000213	trap	#0x213
  552  000016b8  4be00000	jr	r31
  553  000016bc  54000000	nop
  554  000016c0          	.endproc _Open
  556  000016c0          	.proc _Close
  557  000016c0          	.global _Close
  558  000016c0          	_Close:
  559  000016c0  44000214	trap	#0x214
  560  000016c4  4be00000	jr	r31
  561  000016c8  54000000	nop
  562  000016cc          	.endproc _Close
  564  000016cc          	.proc _Read
  565  000016cc          	.global _Read
  566  000016cc          	_Read:
  567  000016cc  44000210	trap	#0x210
  568  000016d0  4be00000	jr	r31
  569  000016d4  54000000	nop
  570  000016d8          	.endproc _Read
  572  000016d8          	.proc _Write
  573  000016d8          	.global _Write
  574  000016d8          	_Write:
  575  000016d8  44000211	trap	#0x211
  576  000016dc  4be00000	jr	r31
  577  000016e0  54000000	nop
  578  000016e4          	.endproc _Write
  580  000016e4          	.proc _Lseek
  581  000016e4          	.global _Lseek
  582  000016e4          	_Lseek:
  583  000016e4  44000212	trap	#0x212
  584  000016e8  4be00000	jr	r31
  585  000016ec  54000000	nop
  586  000016f0          	.endproc _Lseek
  588  000016f0          	.proc _Putchar
  589  000016f0          	.global _Putchar
  590  000016f0          	_Putchar:
  591  000016f0  44000280	trap	#0x280
  592  000016f4  4be00000	jr	r31
  593  000016f8  54000000	nop
  594  000016fc          	.endproc _Putchar
  596  000016fc          	.proc _Printf
  597  000016fc          	.global _Printf
  598  000016fc          	_Printf:
  599  000016fc  44000201	trap	#0x201
  600  00001700  4be00000	jr	r31
  601  00001704  54000000	nop
  602  00001708          	.endproc _Printf
  604  00001708          	.proc _getpid
  605  00001708          	.global _getpid
  606  00001708          	_getpid:
  607  00001708  44000431	trap	#0x431
  608  0000170c  4be00000	jr	r31
  609  00001710  54000000	nop
  610  00001714          	.endproc _getpid
  612  00001714          	.proc _process_create
  613  00001714          	.global _process_create
  614  00001714          	_process_create:
  615  00001714  44000432	trap	#0x432
  616  00001718  4be00000	jr	r31
  617  0000171c  54000000	nop
  618  00001720          	.endproc _process_create
  620  00001720          	.proc _shmget
  621  00001720          	.global _shmget
  622  00001720          	_shmget:
  623  00001720  44000440	trap	#0x440
  624  00001724  4be00000	jr	r31
  625  00001728  54000000	nop
  626  0000172c          	.endproc _shmget
  628  0000172c          	.proc _shmat
  629  0000172c          	.global _shmat
  630  0000172c          	_shmat:
  631  0000172c  44000441	trap	#0x441
  632  00001730  4be00000	jr	r31
  633  00001734  54000000	nop
  634  00001738          	.endproc _shmat
  636  00001738          	.proc _sem_create
  637  00001738          	.global _sem_create
  638  00001738          	_sem_create:
  639  00001738  44000450	trap	#0x450
  640  0000173c  4be00000	jr	r31
  641  00001740  54000000	nop
  642  00001744          	.endproc _sem_create
  644  00001744          	.proc _sem_wait
  645  00001744          	.global _sem_wait
  646  00001744          	_sem_wait:
  647  00001744  44000451	trap	#0x451
  648  00001748  4be00000	jr	r31
  649  0000174c  54000000	nop
  650  00001750          	.endproc _sem_wait
  652  00001750          	.proc _sem_signal
  653  00001750          	.global _sem_signal
  654  00001750          	_sem_signal:
  655  00001750  44000452	trap	#0x452
  656  00001754  4be00000	jr	r31
  657  00001758  54000000	nop
  658  0000175c          	.endproc _sem_signal
  660  0000175c          	.proc _lock_create
  661  0000175c          	.global _lock_create
  662  0000175c          	_lock_create:
  663  0000175c  44000453	trap	#0x453
  664  00001760  4be00000	jr	r31
  665  00001764  54000000	nop
  666  00001768          	.endproc _lock_create
  668  00001768          	.proc _lock_acquire
  669  00001768          	.global _lock_acquire
  670  00001768          	_lock_acquire:
  671  00001768  44000454	trap	#0x454
  672  0000176c  4be00000	jr	r31
  673  00001770  54000000	nop
  674  00001774          	.endproc _lock_acquire
  676  00001774          	.proc _lock_release
  677  00001774          	.global _lock_release
  678  00001774          	_lock_release:
  679  00001774  44000455	trap	#0x455
  680  00001778  4be00000	jr	r31
  681  0000177c  54000000	nop
  682  00001780          	.endproc _lock_release
  684  00001780          	.proc _cond_create
  685  00001780          	.global _cond_create
  686  00001780          	_cond_create:
  687  00001780  44000456	trap	#0x456
  688  00001784  4be00000	jr	r31
  689  00001788  54000000	nop
  690  0000178c          	.endproc _cond_create
  692  0000178c          	.proc _cond_wait
  693  0000178c          	.global _cond_wait
  694  0000178c          	_cond_wait:
  695  0000178c  44000457	trap	#0x457
  696  00001790  4be00000	jr	r31
  697  00001794  54000000	nop
  698  00001798          	.endproc _cond_wait
  700  00001798          	.proc _cond_signal
  701  00001798          	.global _cond_signal
  702  00001798          	_cond_signal:
  703  00001798  44000458	trap	#0x458
  704  0000179c  4be00000	jr	r31
  705  000017a0  54000000	nop
  706  000017a4          	.endproc _cond_signal
  708  000017a4          	.proc _cond_broadcast
  709  000017a4          	.global _cond_broadcast
  710  000017a4          	_cond_broadcast:
  711  000017a4  44000459	trap	#0x459
  712  000017a8  4be00000	jr	r31
  713  000017ac  54000000	nop
  714  000017b0          	.endproc _cond_broadcast
  716  000017b0          	.proc _Exit
  717  000017b0          	.global _Exit
  718  000017b0          	_Exit:
  719  000017b0  44000500	trap	#0x500
  720  000017b4  4be00000	jr	r31
  721  000017b8  54000000	nop
  722  000017bc          	.endproc _Exit
  723                      ; Compiled by GCC
  725  000017bc          	.align 2
  726  000017bc          	.proc _isspace
  727  000017bc          	.global _isspace
  728  000017bc          	_isspace:
  729                      ;  Function 'isspace'; 0 bytes of locals, 3 regs to save.
  730  000017bc  afbefffc	sw	-4(r29),r30; push fp
  731  000017c0  001df020	add	r30,r0,r29; fp = sp
  732  000017c4  afbffff8	sw	-8(r29),r31; push ret addr
  733  000017c8  2fbd0018	subui	r29,r29,#24; alloc local storage
  734  000017cc  afa20000	sw	0(r29),r2
  735  000017d0  afa30004	sw	4(r29),r3
  736  000017d4  afa40008	sw	8(r29),r4
  737  000017d8  83c20003	lb	r2,3(r30)
  738  000017dc  20010000	addi	r1,r0,#0
  739  000017e0  304300ff	andi	r3,r2,#0x00ff
  740  000017e4  60640020	seqi	r4,r3,#32
  741  000017e8  1480002c	bnez	r4,L3_LF2
  742  000017ec  54000000	nop; delay slot nop
  743  000017f0  304300ff	andi	r3,r2,#0x00ff
  744  000017f4  60640009	seqi	r4,r3,#9
  745  000017f8  1480001c	bnez	r4,L3_LF2
  746  000017fc  54000000	nop; delay slot nop
  747  00001800  304300ff	andi	r3,r2,#0x00ff
  748  00001804  6064000a	seqi	r4,r3,#10
  749  00001808  1480000c	bnez	r4,L3_LF2
  750  0000180c  54000000	nop; delay slot nop
  751  00001810  08000008	j	L2_LF2
  752  00001814  54000000	nop; delay slot nop
  753  00001818          	L3_LF2:
  754  00001818  20010001	addi	r1,r0,#1
  755  0000181c          	L2_LF2:
  756  0000181c  08000004	j	L1_LF2
  757  00001820  54000000	nop; delay slot nop
  758  00001824          	L1_LF2:
  759  00001824  8fa20000	lw	r2,0(r29)
  760  00001828  8fa30004	lw	r3,4(r29)
  761  0000182c  8fa40008	lw	r4,8(r29)
  762  00001830  8fdffff8	lw	r31,-8(r30)
  763  00001834  001ee820	add	r29,r0,r30
  764  00001838  8fdefffc	lw	r30,-4(r30)
  765  0000183c  4be00000	jr	r31
  766  00001840  54000000	nop
  767  00001844          	.endproc _isspace
  768  00001844          	.align 2
  769  00001844          	.proc _isxdigit
  770  00001844          	.global _isxdigit
  771  00001844          	_isxdigit:
  772                      ;  Function 'isxdigit'; 0 bytes of locals, 3 regs to save.
  773  00001844  afbefffc	sw	-4(r29),r30; push fp
  774  00001848  001df020	add	r30,r0,r29; fp = sp
  775  0000184c  afbffff8	sw	-8(r29),r31; push ret addr
  776  00001850  2fbd0018	subui	r29,r29,#24; alloc local storage
  777  00001854  afa20000	sw	0(r29),r2
  778  00001858  afa30004	sw	4(r29),r3
  779  0000185c  afa40008	sw	8(r29),r4
  780  00001860  83c20003	lb	r2,3(r30)
  781  00001864  20010000	addi	r1,r0,#0
  782  00001868  304300ff	andi	r3,r2,#0x00ff
  783  0000186c  6c64002f	sgtui	r4,r3,#47
  784  00001870  1080001c	beqz	r4,L7_LF2
  785  00001874  54000000	nop; delay slot nop
  786  00001878  304300ff	andi	r3,r2,#0x00ff
  787  0000187c  70640039	sleui	r4,r3,#57
  788  00001880  1480005c	bnez	r4,L6_LF2
  789  00001884  54000000	nop; delay slot nop
  790  00001888  08000004	j	L7_LF2
  791  0000188c  54000000	nop; delay slot nop
  792  00001890          	L7_LF2:
  793  00001890  304300ff	andi	r3,r2,#0x00ff
  794  00001894  6c640060	sgtui	r4,r3,#96
  795  00001898  1080001c	beqz	r4,L8_LF2
  796  0000189c  54000000	nop; delay slot nop
  797  000018a0  304300ff	andi	r3,r2,#0x00ff
  798  000018a4  70640066	sleui	r4,r3,#102
  799  000018a8  14800034	bnez	r4,L6_LF2
  800  000018ac  54000000	nop; delay slot nop
  801  000018b0  08000004	j	L8_LF2
  802  000018b4  54000000	nop; delay slot nop
  803  000018b8          	L8_LF2:
  804  000018b8  304300ff	andi	r3,r2,#0x00ff
  805  000018bc  6c640040	sgtui	r4,r3,#64
  806  000018c0  10800020	beqz	r4,L5_LF2
  807  000018c4  54000000	nop; delay slot nop
  808  000018c8  304300ff	andi	r3,r2,#0x00ff
  809  000018cc  70640041	sleui	r4,r3,#65
  810  000018d0  1480000c	bnez	r4,L6_LF2
  811  000018d4  54000000	nop; delay slot nop
  812  000018d8  08000008	j	L5_LF2
  813  000018dc  54000000	nop; delay slot nop
  814  000018e0          	L6_LF2:
  815  000018e0  20010001	addi	r1,r0,#1
  816  000018e4          	L5_LF2:
  817  000018e4  08000004	j	L4_LF2
  818  000018e8  54000000	nop; delay slot nop
  819  000018ec          	L4_LF2:
  820  000018ec  8fa20000	lw	r2,0(r29)
  821  000018f0  8fa30004	lw	r3,4(r29)
  822  000018f4  8fa40008	lw	r4,8(r29)
  823  000018f8  8fdffff8	lw	r31,-8(r30)
  824  000018fc  001ee820	add	r29,r0,r30
  825  00001900  8fdefffc	lw	r30,-4(r30)
  826  00001904  4be00000	jr	r31
  827  00001908  54000000	nop
  828  0000190c          	.endproc _isxdigit
  829  0000190c          	.align 2
  830  0000190c          	.proc _dstrcpy
  831  0000190c          	.global _dstrcpy
  832  0000190c          	_dstrcpy:
  833                      ;  Function 'dstrcpy'; 8 bytes of locals, 2 regs to save.
  834  0000190c  afbefffc	sw	-4(r29),r30; push fp
  835  00001910  001df020	add	r30,r0,r29; fp = sp
  836  00001914  afbffff8	sw	-8(r29),r31; push ret addr
  837  00001918  2fbd0018	subui	r29,r29,#24; alloc local storage
  838  0000191c  afa20000	sw	0(r29),r2
  839  00001920  afa30004	sw	4(r29),r3
  840  00001924  8fc10000	lw	r1,(r30)
  841  00001928  afc1fff4	sw	-12(r30),r1
  842  0000192c          	L10_LF2:
  843  0000192c  8fc10000	lw	r1,(r30)
  844  00001930  20220001	addi	r2,r1,#1
  845  00001934  afc20000	sw	(r30),r2
  846  00001938  8fc20004	lw	r2,4(r30)
  847  0000193c  20430001	addi	r3,r2,#1
  848  00001940  afc30004	sw	4(r30),r3
  849  00001944  80420000	lb	r2,(r2)
  850  00001948  a0220000	sb	(r1),r2
  851  0000194c  a3c2fff3	sb	-13(r30),r2
  852  00001950          	L12_LF2:
  853  00001950  93c1fff3	lbu	r1,-13(r30)
  854  00001954  64220000	snei	r2,r1,#0
  855  00001958  1440000c	bnez	r2,L13_LF2
  856  0000195c  54000000	nop; delay slot nop
  857  00001960  0800000c	j	L11_LF2
  858  00001964  54000000	nop; delay slot nop
  859  00001968          	L13_LF2:
  860  00001968  0bffffc0	j	L10_LF2
  861  0000196c  54000000	nop; delay slot nop
  862  00001970          	L11_LF2:
  863  00001970  8fc1fff4	lw	r1,-12(r30)
  864  00001974  08000004	j	L9_LF2
  865  00001978  54000000	nop; delay slot nop
  866  0000197c          	L9_LF2:
  867  0000197c  8fa20000	lw	r2,0(r29)
  868  00001980  8fa30004	lw	r3,4(r29)
  869  00001984  8fdffff8	lw	r31,-8(r30)
  870  00001988  001ee820	add	r29,r0,r30
  871  0000198c  8fdefffc	lw	r30,-4(r30)
  872  00001990  4be00000	jr	r31
  873  00001994  54000000	nop
  874  00001998          	.endproc _dstrcpy
  875  00001998          	.align 2
  876  00001998          	.proc _dstrncpy
  877  00001998          	.global _dstrncpy
  878  00001998          	_dstrncpy:
  879                      ;  Function 'dstrncpy'; 8 bytes of locals, 2 regs to save.
  880  00001998  afbefffc	sw	-4(r29),r30; push fp
  881  0000199c  001df020	add	r30,r0,r29; fp = sp
  882  000019a0  afbffff8	sw	-8(r29),r31; push ret addr
  883  000019a4  2fbd0018	subui	r29,r29,#24; alloc local storage
  884  000019a8  afa20000	sw	0(r29),r2
  885  000019ac  afa30004	sw	4(r29),r3
  886  000019b0  8fc10000	lw	r1,(r30)
  887  000019b4  afc1fff4	sw	-12(r30),r1
  888  000019b8          	L15_LF2:
  889  000019b8  8fc10008	lw	r1,8(r30)
  890  000019bc  2022ffff	addi	r2,r1,#-1
  891  000019c0  afc20008	sw	8(r30),r2
  892  000019c4  70210000	slei	r1,r1,#0
  893  000019c8  1020000c	beqz	r1,L18_LF2
  894  000019cc  54000000	nop; delay slot nop
  895  000019d0  08000048	j	L16_LF2
  896  000019d4  54000000	nop; delay slot nop
  897  000019d8          	L18_LF2:
  898  000019d8  8fc10000	lw	r1,(r30)
  899  000019dc  20220001	addi	r2,r1,#1
  900  000019e0  afc20000	sw	(r30),r2
  901  000019e4  8fc20004	lw	r2,4(r30)
  902  000019e8  20430001	addi	r3,r2,#1
  903  000019ec  afc30004	sw	4(r30),r3
  904  000019f0  80420000	lb	r2,(r2)
  905  000019f4  a0220000	sb	(r1),r2
  906  000019f8  a3c2fff3	sb	-13(r30),r2
  907  000019fc          	L17_LF2:
  908  000019fc  93c1fff3	lbu	r1,-13(r30)
  909  00001a00  64220000	snei	r2,r1,#0
  910  00001a04  1440000c	bnez	r2,L19_LF2
  911  00001a08  54000000	nop; delay slot nop
  912  00001a0c  0800000c	j	L16_LF2
  913  00001a10  54000000	nop; delay slot nop
  914  00001a14          	L19_LF2:
  915  00001a14  0bffffa0	j	L15_LF2
  916  00001a18  54000000	nop; delay slot nop
  917  00001a1c          	L16_LF2:
  918  00001a1c  8fc1fff4	lw	r1,-12(r30)
  919  00001a20  08000004	j	L14_LF2
  920  00001a24  54000000	nop; delay slot nop
  921  00001a28          	L14_LF2:
  922  00001a28  8fa20000	lw	r2,0(r29)
  923  00001a2c  8fa30004	lw	r3,4(r29)
  924  00001a30  8fdffff8	lw	r31,-8(r30)
  925  00001a34  001ee820	add	r29,r0,r30
  926  00001a38  8fdefffc	lw	r30,-4(r30)
  927  00001a3c  4be00000	jr	r31
  928  00001a40  54000000	nop
  929  00001a44          	.endproc _dstrncpy
  930  00001a44          	.align 2
  931  00001a44          	.proc _dstrcat
  932  00001a44          	.global _dstrcat
  933  00001a44          	_dstrcat:
  934                      ;  Function 'dstrcat'; 8 bytes of locals, 1 regs to save.
  935  00001a44  afbefffc	sw	-4(r29),r30; push fp
  936  00001a48  001df020	add	r30,r0,r29; fp = sp
  937  00001a4c  afbffff8	sw	-8(r29),r31; push ret addr
  938  00001a50  2fbd0018	subui	r29,r29,#24; alloc local storage
  939  00001a54  afa20000	sw	0(r29),r2
  940  00001a58  8fc10000	lw	r1,(r30)
  941  00001a5c  afc1fff4	sw	-12(r30),r1
  942  00001a60          	L21_LF2:
  943  00001a60  8fc10000	lw	r1,(r30)
  944  00001a64  90220000	lbu	r2,(r1)
  945  00001a68  64410000	snei	r1,r2,#0
  946  00001a6c  1420000c	bnez	r1,L23_LF2
  947  00001a70  54000000	nop; delay slot nop
  948  00001a74  0800001c	j	L22_LF2
  949  00001a78  54000000	nop; delay slot nop
  950  00001a7c          	L23_LF2:
  951  00001a7c  8fc20000	lw	r2,(r30)
  952  00001a80  20410001	addi	r1,r2,#1
  953  00001a84  00011020	add	r2,r0,r1
  954  00001a88  afc20000	sw	(r30),r2
  955  00001a8c  0bffffd0	j	L21_LF2
  956  00001a90  54000000	nop; delay slot nop
  957  00001a94          	L22_LF2:
  958  00001a94  23bdfff8	addi	r29,r29,#-8
  959  00001a98  001d0820	add	r1,r0,r29
  960  00001a9c  8fc20000	lw	r2,(r30)
  961  00001aa0  ac220000	sw	(r1),r2
  962  00001aa4  8fc20004	lw	r2,4(r30)
  963  00001aa8  ac220004	sw	4(r1),r2
  964  00001aac  0ffffe5c	jal	_dstrcpy
  965  00001ab0  54000000	nop; delay slot nop
  966  00001ab4  23bd0008	addi	r29,r29,#8
  967  00001ab8  8fc1fff4	lw	r1,-12(r30)
  968  00001abc  08000004	j	L20_LF2
  969  00001ac0  54000000	nop; delay slot nop
  970  00001ac4          	L20_LF2:
  971  00001ac4  8fa20000	lw	r2,0(r29)
  972  00001ac8  8fdffff8	lw	r31,-8(r30)
  973  00001acc  001ee820	add	r29,r0,r30
  974  00001ad0  8fdefffc	lw	r30,-4(r30)
  975  00001ad4  4be00000	jr	r31
  976  00001ad8  54000000	nop
  977  00001adc          	.endproc _dstrcat
  978  00001adc          	.align 2
  979  00001adc          	.proc _dstrncmp
  980  00001adc          	.global _dstrncmp
  981  00001adc          	_dstrncmp:
  982                      ;  Function 'dstrncmp'; 8 bytes of locals, 2 regs to save.
  983  00001adc  afbefffc	sw	-4(r29),r30; push fp
  984  00001ae0  001df020	add	r30,r0,r29; fp = sp
  985  00001ae4  afbffff8	sw	-8(r29),r31; push ret addr
  986  00001ae8  2fbd0018	subui	r29,r29,#24; alloc local storage
  987  00001aec  afa20000	sw	0(r29),r2
  988  00001af0  afa30004	sw	4(r29),r3
  989  00001af4  54000000	nop
  990  00001af8  20010000	addi	r1,r0,#0
  991  00001afc  afc1fff4	sw	-12(r30),r1
  992  00001b00          	L25_LF2:
  993  00001b00  8fc1fff4	lw	r1,-12(r30)
  994  00001b04  8fc20008	lw	r2,8(r30)
  995  00001b08  0022082a	slt	r1,r1,r2
  996  00001b0c  1420000c	bnez	r1,L28_LF2
  997  00001b10  54000000	nop; delay slot nop
  998  00001b14  08000088	j	L26_LF2
  999  00001b18  54000000	nop; delay slot nop
 1000  00001b1c          	L28_LF2:
 1001  00001b1c  8fc10004	lw	r1,4(r30)
 1002  00001b20  90220000	lbu	r2,(r1)
 1003  00001b24  64410000	snei	r1,r2,#0
 1004  00001b28  14200018	bnez	r1,L29_LF2
 1005  00001b2c  54000000	nop; delay slot nop
 1006  00001b30  20010000	addi	r1,r0,#0
 1007  00001b34  080000d8	j	L24_LF2
 1008  00001b38  54000000	nop; delay slot nop
 1009  00001b3c  08000028	j	L30_LF2
 1010  00001b40  54000000	nop; delay slot nop
 1011  00001b44          	L29_LF2:
 1012  00001b44  8fc10000	lw	r1,(r30)
 1013  00001b48  8fc20004	lw	r2,4(r30)
 1014  00001b4c  90210000	lbu	r1,(r1)
 1015  00001b50  90420000	lbu	r2,(r2)
 1016  00001b54  00220829	sne	r1,r1,r2
 1017  00001b58  1020000c	beqz	r1,L30_LF2
 1018  00001b5c  54000000	nop; delay slot nop
 1019  00001b60  0800003c	j	L26_LF2
 1020  00001b64  54000000	nop; delay slot nop
 1021  00001b68          	L31_LF2:
 1022  00001b68          	L30_LF2:
 1023  00001b68  8fc20000	lw	r2,(r30)
 1024  00001b6c  20410001	addi	r1,r2,#1
 1025  00001b70  00011020	add	r2,r0,r1
 1026  00001b74  afc20000	sw	(r30),r2
 1027  00001b78  8fc20004	lw	r2,4(r30)
 1028  00001b7c  20410001	addi	r1,r2,#1
 1029  00001b80  00011020	add	r2,r0,r1
 1030  00001b84  afc20004	sw	4(r30),r2
 1031  00001b88          	L27_LF2:
 1032  00001b88  8fc2fff4	lw	r2,-12(r30)
 1033  00001b8c  20410001	addi	r1,r2,#1
 1034  00001b90  00011020	add	r2,r0,r1
 1035  00001b94  afc2fff4	sw	-12(r30),r2
 1036  00001b98  0bffff64	j	L25_LF2
 1037  00001b9c  54000000	nop; delay slot nop
 1038  00001ba0          	L26_LF2:
 1039  00001ba0  8fc1fff4	lw	r1,-12(r30)
 1040  00001ba4  8fc20008	lw	r2,8(r30)
 1041  00001ba8  00220828	seq	r1,r1,r2
 1042  00001bac  10200018	beqz	r1,L32_LF2
 1043  00001bb0  54000000	nop; delay slot nop
 1044  00001bb4  20010000	addi	r1,r0,#0
 1045  00001bb8  08000054	j	L24_LF2
 1046  00001bbc  54000000	nop; delay slot nop
 1047  00001bc0  0800004c	j	L33_LF2
 1048  00001bc4  54000000	nop; delay slot nop
 1049  00001bc8          	L32_LF2:
 1050  00001bc8  8fc20000	lw	r2,(r30)
 1051  00001bcc  90410000	lbu	r1,(r2)
 1052  00001bd0  8fc20004	lw	r2,4(r30)
 1053  00001bd4  90430000	lbu	r3,(r2)
 1054  00001bd8  00230822	sub	r1,r1,r3
 1055  00001bdc  74220000	sgei	r2,r1,#0
 1056  00001be0  10400020	beqz	r2,L34_LF2
 1057  00001be4  54000000	nop; delay slot nop
 1058  00001be8  8fc10000	lw	r1,(r30)
 1059  00001bec  8fc20004	lw	r2,4(r30)
 1060  00001bf0  90210000	lbu	r1,(r1)
 1061  00001bf4  90420000	lbu	r2,(r2)
 1062  00001bf8  00220829	sne	r1,r1,r2
 1063  00001bfc  08000008	j	L35_LF2
 1064  00001c00  54000000	nop; delay slot nop
 1065  00001c04          	L34_LF2:
 1066  00001c04  2001ffff	addi	r1,r0,#-1
 1067  00001c08          	L35_LF2:
 1068  00001c08  08000004	j	L24_LF2
 1069  00001c0c  54000000	nop; delay slot nop
 1070  00001c10          	L33_LF2:
 1071  00001c10          	L24_LF2:
 1072  00001c10  8fa20000	lw	r2,0(r29)
 1073  00001c14  8fa30004	lw	r3,4(r29)
 1074  00001c18  8fdffff8	lw	r31,-8(r30)
 1075  00001c1c  001ee820	add	r29,r0,r30
 1076  00001c20  8fdefffc	lw	r30,-4(r30)
 1077  00001c24  4be00000	jr	r31
 1078  00001c28  54000000	nop
 1079  00001c2c          	.endproc _dstrncmp
 1080  00001c2c          	.align 2
 1081  00001c2c          	.proc _dstrlen
 1082  00001c2c          	.global _dstrlen
 1083  00001c2c          	_dstrlen:
 1084                      ;  Function 'dstrlen'; 8 bytes of locals, 1 regs to save.
 1085  00001c2c  afbefffc	sw	-4(r29),r30; push fp
 1086  00001c30  001df020	add	r30,r0,r29; fp = sp
 1087  00001c34  afbffff8	sw	-8(r29),r31; push ret addr
 1088  00001c38  2fbd0018	subui	r29,r29,#24; alloc local storage
 1089  00001c3c  afa20000	sw	0(r29),r2
 1090  00001c40  20010000	addi	r1,r0,#0
 1091  00001c44  afc1fff4	sw	-12(r30),r1
 1092  00001c48          	L37_LF2:
 1093  00001c48  8fc10000	lw	r1,(r30)
 1094  00001c4c  20220001	addi	r2,r1,#1
 1095  00001c50  afc20000	sw	(r30),r2
 1096  00001c54  90210000	lbu	r1,(r1)
 1097  00001c58  64220000	snei	r2,r1,#0
 1098  00001c5c  1440000c	bnez	r2,L39_LF2
 1099  00001c60  54000000	nop; delay slot nop
 1100  00001c64  0800001c	j	L38_LF2
 1101  00001c68  54000000	nop; delay slot nop
 1102  00001c6c          	L39_LF2:
 1103  00001c6c  8fc2fff4	lw	r2,-12(r30)
 1104  00001c70  20410001	addi	r1,r2,#1
 1105  00001c74  00011020	add	r2,r0,r1
 1106  00001c78  afc2fff4	sw	-12(r30),r2
 1107  00001c7c  0bffffc8	j	L37_LF2
 1108  00001c80  54000000	nop; delay slot nop
 1109  00001c84          	L38_LF2:
 1110  00001c84  8fc1fff4	lw	r1,-12(r30)
 1111  00001c88  08000004	j	L36_LF2
 1112  00001c8c  54000000	nop; delay slot nop
 1113  00001c90          	L36_LF2:
 1114  00001c90  8fa20000	lw	r2,0(r29)
 1115  00001c94  8fdffff8	lw	r31,-8(r30)
 1116  00001c98  001ee820	add	r29,r0,r30
 1117  00001c9c  8fdefffc	lw	r30,-4(r30)
 1118  00001ca0  4be00000	jr	r31
 1119  00001ca4  54000000	nop
 1120  00001ca8          	.endproc _dstrlen
 1121  00001ca8          	.align 2
 1122  00001ca8          	.proc _dstrstr
 1123  00001ca8          	.global _dstrstr
 1124  00001ca8          	_dstrstr:
 1125                      ;  Function 'dstrstr'; 8 bytes of locals, 1 regs to save.
 1126  00001ca8  afbefffc	sw	-4(r29),r30; push fp
 1127  00001cac  001df020	add	r30,r0,r29; fp = sp
 1128  00001cb0  afbffff8	sw	-8(r29),r31; push ret addr
 1129  00001cb4  2fbd0018	subui	r29,r29,#24; alloc local storage
 1130  00001cb8  afa20000	sw	0(r29),r2
 1131  00001cbc  23bdfff8	addi	r29,r29,#-8
 1132  00001cc0  001d0820	add	r1,r0,r29
 1133  00001cc4  8fc20004	lw	r2,4(r30)
 1134  00001cc8  ac220000	sw	(r1),r2
 1135  00001ccc  0fffff5c	jal	_dstrlen
 1136  00001cd0  54000000	nop; delay slot nop
 1137  00001cd4  23bd0008	addi	r29,r29,#8
 1138  00001cd8  afc1fff4	sw	-12(r30),r1
 1139  00001cdc          	L41_LF2:
 1140  00001cdc  8fc10000	lw	r1,(r30)
 1141  00001ce0  90220000	lbu	r2,(r1)
 1142  00001ce4  64410000	snei	r1,r2,#0
 1143  00001ce8  1420000c	bnez	r1,L43_LF2
 1144  00001cec  54000000	nop; delay slot nop
 1145  00001cf0  08000060	j	L42_LF2
 1146  00001cf4  54000000	nop; delay slot nop
 1147  00001cf8          	L43_LF2:
 1148  00001cf8  23bdfff0	addi	r29,r29,#-16
 1149  00001cfc  001d0820	add	r1,r0,r29
 1150  00001d00  8fc20000	lw	r2,(r30)
 1151  00001d04  ac220000	sw	(r1),r2
 1152  00001d08  8fc20004	lw	r2,4(r30)
 1153  00001d0c  ac220004	sw	4(r1),r2
 1154  00001d10  8fc2fff4	lw	r2,-12(r30)
 1155  00001d14  ac220008	sw	8(r1),r2
 1156  00001d18  0ffffdc0	jal	_dstrncmp
 1157  00001d1c  54000000	nop; delay slot nop
 1158  00001d20  23bd0010	addi	r29,r29,#16
 1159  00001d24  64220000	snei	r2,r1,#0
 1160  00001d28  14400010	bnez	r2,L44_LF2
 1161  00001d2c  54000000	nop; delay slot nop
 1162  00001d30  8fc10000	lw	r1,(r30)
 1163  00001d34  08000028	j	L40_LF2
 1164  00001d38  54000000	nop; delay slot nop
 1165  00001d3c          	L44_LF2:
 1166  00001d3c  8fc20000	lw	r2,(r30)
 1167  00001d40  20410001	addi	r1,r2,#1
 1168  00001d44  00011020	add	r2,r0,r1
 1169  00001d48  afc20000	sw	(r30),r2
 1170  00001d4c  0bffff8c	j	L41_LF2
 1171  00001d50  54000000	nop; delay slot nop
 1172  00001d54          	L42_LF2:
 1173  00001d54  20010000	addi	r1,r0,#0
 1174  00001d58  08000004	j	L40_LF2
 1175  00001d5c  54000000	nop; delay slot nop
 1176  00001d60          	L40_LF2:
 1177  00001d60  8fa20000	lw	r2,0(r29)
 1178  00001d64  8fdffff8	lw	r31,-8(r30)
 1179  00001d68  001ee820	add	r29,r0,r30
 1180  00001d6c  8fdefffc	lw	r30,-4(r30)
 1181  00001d70  4be00000	jr	r31
 1182  00001d74  54000000	nop
 1183  00001d78          	.endproc _dstrstr
 1184  00001d78          	.align 2
 1185  00001d78          	.proc _dmindex
 1186  00001d78          	.global _dmindex
 1187  00001d78          	_dmindex:
 1188                      ;  Function 'dmindex'; 8 bytes of locals, 1 regs to save.
 1189  00001d78  afbefffc	sw	-4(r29),r30; push fp
 1190  00001d7c  001df020	add	r30,r0,r29; fp = sp
 1191  00001d80  afbffff8	sw	-8(r29),r31; push ret addr
 1192  00001d84  2fbd0018	subui	r29,r29,#24; alloc local storage
 1193  00001d88  afa20000	sw	0(r29),r2
 1194  00001d8c  54000000	nop
 1195  00001d90          	L46_LF2:
 1196  00001d90  8fc10000	lw	r1,(r30)
 1197  00001d94  90220000	lbu	r2,(r1)
 1198  00001d98  64410000	snei	r1,r2,#0
 1199  00001d9c  1420000c	bnez	r1,L48_LF2
 1200  00001da0  54000000	nop; delay slot nop
 1201  00001da4  08000070	j	L47_LF2
 1202  00001da8  54000000	nop; delay slot nop
 1203  00001dac          	L48_LF2:
 1204  00001dac  8fc10004	lw	r1,4(r30)
 1205  00001db0  afc1fff4	sw	-12(r30),r1
 1206  00001db4          	L49_LF2:
 1207  00001db4  8fc1fff4	lw	r1,-12(r30)
 1208  00001db8  90220000	lbu	r2,(r1)
 1209  00001dbc  64410000	snei	r1,r2,#0
 1210  00001dc0  1420000c	bnez	r1,L52_LF2
 1211  00001dc4  54000000	nop; delay slot nop
 1212  00001dc8  08000044	j	L50_LF2
 1213  00001dcc  54000000	nop; delay slot nop
 1214  00001dd0          	L52_LF2:
 1215  00001dd0  8fc10000	lw	r1,(r30)
 1216  00001dd4  8fc2fff4	lw	r2,-12(r30)
 1217  00001dd8  90210000	lbu	r1,(r1)
 1218  00001ddc  90420000	lbu	r2,(r2)
 1219  00001de0  00220828	seq	r1,r1,r2
 1220  00001de4  10200010	beqz	r1,L51_LF2
 1221  00001de8  54000000	nop; delay slot nop
 1222  00001dec  8fc10000	lw	r1,(r30)
 1223  00001df0  08000030	j	L45_LF2
 1224  00001df4  54000000	nop; delay slot nop
 1225  00001df8          	L53_LF2:
 1226  00001df8          	L51_LF2:
 1227  00001df8  8fc2fff4	lw	r2,-12(r30)
 1228  00001dfc  20410001	addi	r1,r2,#1
 1229  00001e00  00011020	add	r2,r0,r1
 1230  00001e04  afc2fff4	sw	-12(r30),r2
 1231  00001e08  0bffffa8	j	L49_LF2
 1232  00001e0c  54000000	nop; delay slot nop
 1233  00001e10          	L50_LF2:
 1234  00001e10  0bffff7c	j	L46_LF2
 1235  00001e14  54000000	nop; delay slot nop
 1236  00001e18          	L47_LF2:
 1237  00001e18  20010000	addi	r1,r0,#0
 1238  00001e1c  08000004	j	L45_LF2
 1239  00001e20  54000000	nop; delay slot nop
 1240  00001e24          	L45_LF2:
 1241  00001e24  8fa20000	lw	r2,0(r29)
 1242  00001e28  8fdffff8	lw	r31,-8(r30)
 1243  00001e2c  001ee820	add	r29,r0,r30
 1244  00001e30  8fdefffc	lw	r30,-4(r30)
 1245  00001e34  4be00000	jr	r31
 1246  00001e38  54000000	nop
 1247  00001e3c          	.endproc _dmindex
 1248  00001e3c          	.align 2
 1249  00001e3c          	.proc _dindex
 1250  00001e3c          	.global _dindex
 1251  00001e3c          	_dindex:
 1252                      ;  Function 'dindex'; 0 bytes of locals, 1 regs to save.
 1253  00001e3c  afbefffc	sw	-4(r29),r30; push fp
 1254  00001e40  001df020	add	r30,r0,r29; fp = sp
 1255  00001e44  afbffff8	sw	-8(r29),r31; push ret addr
 1256  00001e48  2fbd0010	subui	r29,r29,#16; alloc local storage
 1257  00001e4c  afa20000	sw	0(r29),r2
 1258  00001e50  54000000	nop
 1259  00001e54          	L55_LF2:
 1260  00001e54  8fc10000	lw	r1,(r30)
 1261  00001e58  90220000	lbu	r2,(r1)
 1262  00001e5c  64410000	snei	r1,r2,#0
 1263  00001e60  1420000c	bnez	r1,L57_LF2
 1264  00001e64  54000000	nop; delay slot nop
 1265  00001e68  08000040	j	L56_LF2
 1266  00001e6c  54000000	nop; delay slot nop
 1267  00001e70          	L57_LF2:
 1268  00001e70  8fc10000	lw	r1,(r30)
 1269  00001e74  90220000	lbu	r2,(r1)
 1270  00001e78  8fc10004	lw	r1,4(r30)
 1271  00001e7c  00411028	seq	r2,r2,r1
 1272  00001e80  10400010	beqz	r2,L58_LF2
 1273  00001e84  54000000	nop; delay slot nop
 1274  00001e88  8fc10000	lw	r1,(r30)
 1275  00001e8c  08000028	j	L54_LF2
 1276  00001e90  54000000	nop; delay slot nop
 1277  00001e94          	L58_LF2:
 1278  00001e94  8fc20000	lw	r2,(r30)
 1279  00001e98  20410001	addi	r1,r2,#1
 1280  00001e9c  00011020	add	r2,r0,r1
 1281  00001ea0  afc20000	sw	(r30),r2
 1282  00001ea4  0bffffac	j	L55_LF2
 1283  00001ea8  54000000	nop; delay slot nop
 1284  00001eac          	L56_LF2:
 1285  00001eac  20010000	addi	r1,r0,#0
 1286  00001eb0  08000004	j	L54_LF2
 1287  00001eb4  54000000	nop; delay slot nop
 1288  00001eb8          	L54_LF2:
 1289  00001eb8  8fa20000	lw	r2,0(r29)
 1290  00001ebc  8fdffff8	lw	r31,-8(r30)
 1291  00001ec0  001ee820	add	r29,r0,r30
 1292  00001ec4  8fdefffc	lw	r30,-4(r30)
 1293  00001ec8  4be00000	jr	r31
 1294  00001ecc  54000000	nop
 1295  00001ed0          	.endproc _dindex
 1296  00001ed0          	.align 2
 1297  00001ed0          	.proc _ditoa
 1298  00001ed0          	.global _ditoa
 1299  00001ed0          	_ditoa:
 1300                      ;  Function 'ditoa'; 8 bytes of locals, 2 regs to save.
 1301  00001ed0  afbefffc	sw	-4(r29),r30; push fp
 1302  00001ed4  001df020	add	r30,r0,r29; fp = sp
 1303  00001ed8  afbffff8	sw	-8(r29),r31; push ret addr
 1304  00001edc  2fbd0018	subui	r29,r29,#24; alloc local storage
 1305  00001ee0  afa20000	sw	0(r29),r2
 1306  00001ee4  afa30004	sw	4(r29),r3
 1307  00001ee8  8fc10000	lw	r1,(r30)
 1308  00001eec  68220000	slti	r2,r1,#0
 1309  00001ef0  1040002c	beqz	r2,L60_LF2
 1310  00001ef4  54000000	nop; delay slot nop
 1311  00001ef8  8fc10004	lw	r1,4(r30)
 1312  00001efc  20220001	addi	r2,r1,#1
 1313  00001f00  afc20004	sw	4(r30),r2
 1314  00001f04  2002002d	addi	r2,r0,(#0x2d)&0xff
 1315  00001f08  a0220000	sb	(r1),r2
 1316  00001f0c  8fc10000	lw	r1,(r30)
 1317  00001f10  00011022	sub	r2,r0,r1
 1318  00001f14  afc20000	sw	(r30),r2
 1319  00001f18  08000118	j	L61_LF2
 1320  00001f1c  54000000	nop; delay slot nop
 1321  00001f20          	L60_LF2:
 1322  00001f20  8fc10000	lw	r1,(r30)
 1323  00001f24  64220000	snei	r2,r1,#0
 1324  00001f28  14400020	bnez	r2,L62_LF2
 1325  00001f2c  54000000	nop; delay slot nop
 1326  00001f30  8fc10004	lw	r1,4(r30)
 1327  00001f34  20220001	addi	r2,r1,#1
 1328  00001f38  afc20004	sw	4(r30),r2
 1329  00001f3c  20020030	addi	r2,r0,(#0x30)&0xff
 1330  00001f40  a0220000	sb	(r1),r2
 1331  00001f44  080000ec	j	L61_LF2
 1332  00001f48  54000000	nop; delay slot nop
 1333  00001f4c          	L62_LF2:
 1334  00001f4c  20010001	addi	r1,r0,#1
 1335  00001f50  afc1fff4	sw	-12(r30),r1
 1336  00001f54          	L64_LF2:
 1337  00001f54  8fc1fff4	lw	r1,-12(r30)
 1338  00001f58  8fc20000	lw	r2,(r30)
 1339  00001f5c  0022082c	sle	r1,r1,r2
 1340  00001f60  1420000c	bnez	r1,L66_LF2
 1341  00001f64  54000000	nop; delay slot nop
 1342  00001f68  08000024	j	L65_LF2
 1343  00001f6c  54000000	nop; delay slot nop
 1344  00001f70          	L67_LF2:
 1345  00001f70          	L66_LF2:
 1346  00001f70  8fc1fff4	lw	r1,-12(r30)
 1347  00001f74  00011820	add	r3,r0,r1
 1348  00001f78  50620002	slli	r2,r3,#0x2
 1349  00001f7c  00411020	add	r2,r2,r1
 1350  00001f80  50410001	slli	r1,r2,#0x1
 1351  00001f84  afc1fff4	sw	-12(r30),r1
 1352  00001f88  0bffffc8	j	L64_LF2
 1353  00001f8c  54000000	nop; delay slot nop
 1354  00001f90          	L65_LF2:
 1355  00001f90  54000000	nop
 1356  00001f94          	L68_LF2:
 1357  00001f94  8fc1fff4	lw	r1,-12(r30)
 1358  00001f98  2002000a	addi	r2,r0,#10
 1359  00001f9c  00200035	movi2fp	f0,r1
 1360  00001fa0  00400835	movi2fp	f1,r2
 1361  00001fa4  0401000f	div	f0,f0,f1
 1362  00001fa8  00000834	movfp2i	r1,f0
 1363  00001fac  afc1fff4	sw	-12(r30),r1
 1364  00001fb0  8fc10004	lw	r1,4(r30)
 1365  00001fb4  20220001	addi	r2,r1,#1
 1366  00001fb8  afc20004	sw	4(r30),r2
 1367  00001fbc  8fc20000	lw	r2,(r30)
 1368  00001fc0  8fc3fff4	lw	r3,-12(r30)
 1369  00001fc4  00400035	movi2fp	f0,r2
 1370  00001fc8  00600835	movi2fp	f1,r3
 1371  00001fcc  0401000f	div	f0,f0,f1
 1372  00001fd0  00001034	movfp2i	r2,f0
 1373  00001fd4  00021820	add	r3,r0,r2
 1374  00001fd8  20620030	addi	r2,r3,#48
 1375  00001fdc  a0220000	sb	(r1),r2
 1376  00001fe0  8fc10000	lw	r1,(r30)
 1377  00001fe4  8fc3fff4	lw	r3,-12(r30)
 1378  00001fe8  00200035	movi2fp	f0,r1
 1379  00001fec  00600835	movi2fp	f1,r3
 1380  00001ff0  0401000f	div	f0,f0,f1
 1381  00001ff4  00001034	movfp2i	r2,f0
 1382  00001ff8  8fc3fff4	lw	r3,-12(r30)
 1383  00001ffc  00400035	movi2fp	f0,r2
 1384  00002000  00600835	movi2fp	f1,r3
 1385  00002004  0401000e	mult	f0,f0,f1
 1386  00002008  00001034	movfp2i	r2,f0
 1387  0000200c  00220822	sub	r1,r1,r2
 1388  00002010  afc10000	sw	(r30),r1
 1389  00002014          	L70_LF2:
 1390  00002014  8fc1fff4	lw	r1,-12(r30)
 1391  00002018  6c220001	sgti	r2,r1,#1
 1392  0000201c  1440000c	bnez	r2,L71_LF2
 1393  00002020  54000000	nop; delay slot nop
 1394  00002024  0800000c	j	L61_LF2
 1395  00002028  54000000	nop; delay slot nop
 1396  0000202c          	L71_LF2:
 1397  0000202c  0bffff64	j	L68_LF2
 1398  00002030  54000000	nop; delay slot nop
 1399  00002034          	L69_LF2:
 1400  00002034          	L63_LF2:
 1401  00002034          	L61_LF2:
 1402  00002034  8fc10004	lw	r1,4(r30)
 1403  00002038  20020000	addi	r2,r0,(#0x0)&0xff
 1404  0000203c  a0220000	sb	(r1),r2
 1405  00002040          	L59_LF2:
 1406  00002040  8fa20000	lw	r2,0(r29)
 1407  00002044  8fa30004	lw	r3,4(r29)
 1408  00002048  8fdffff8	lw	r31,-8(r30)
 1409  0000204c  001ee820	add	r29,r0,r30
 1410  00002050  8fdefffc	lw	r30,-4(r30)
 1411  00002054  4be00000	jr	r31
 1412  00002058  54000000	nop
 1413  0000205c          	.endproc _ditoa
 1414  0000205c          	.align 2
 1415  0000205c          	.proc _dstrtol
 1416  0000205c          	.global _dstrtol
 1417  0000205c          	_dstrtol:
 1418                      ;  Function 'dstrtol'; 16 bytes of locals, 1 regs to save.
 1419  0000205c  afbefffc	sw	-4(r29),r30; push fp
 1420  00002060  001df020	add	r30,r0,r29; fp = sp
 1421  00002064  afbffff8	sw	-8(r29),r31; push ret addr
 1422  00002068  2fbd0020	subui	r29,r29,#32; alloc local storage
 1423  0000206c  afa20000	sw	0(r29),r2
 1424  00002070  20010000	addi	r1,r0,#0
 1425  00002074  afc1fff4	sw	-12(r30),r1
 1426  00002078          	L73_LF2:
 1427  00002078  8fc10000	lw	r1,(r30)
 1428  0000207c  90220000	lbu	r2,(r1)
 1429  00002080  60410020	seqi	r1,r2,#32
 1430  00002084  14200034	bnez	r1,L75_LF2
 1431  00002088  54000000	nop; delay slot nop
 1432  0000208c  8fc10000	lw	r1,(r30)
 1433  00002090  90220000	lbu	r2,(r1)
 1434  00002094  60410009	seqi	r1,r2,#9
 1435  00002098  14200020	bnez	r1,L75_LF2
 1436  0000209c  54000000	nop; delay slot nop
 1437  000020a0  8fc10000	lw	r1,(r30)
 1438  000020a4  90220000	lbu	r2,(r1)
 1439  000020a8  6041000a	seqi	r1,r2,#10
 1440  000020ac  1420000c	bnez	r1,L75_LF2
 1441  000020b0  54000000	nop; delay slot nop
 1442  000020b4  0800001c	j	L74_LF2
 1443  000020b8  54000000	nop; delay slot nop
 1444  000020bc          	L75_LF2:
 1445  000020bc  8fc20000	lw	r2,(r30)
 1446  000020c0  20410001	addi	r1,r2,#1
 1447  000020c4  00011020	add	r2,r0,r1
 1448  000020c8  afc20000	sw	(r30),r2
 1449  000020cc  0bffffa8	j	L73_LF2
 1450  000020d0  54000000	nop; delay slot nop
 1451  000020d4          	L74_LF2:
 1452  000020d4  8fc10004	lw	r1,4(r30)
 1453  000020d8  64220000	snei	r2,r1,#0
 1454  000020dc  10400010	beqz	r2,L76_LF2
 1455  000020e0  54000000	nop; delay slot nop
 1456  000020e4  8fc10004	lw	r1,4(r30)
 1457  000020e8  8fc20000	lw	r2,(r30)
 1458  000020ec  ac220000	sw	(r1),r2
 1459  000020f0          	L76_LF2:
 1460  000020f0  8fc10000	lw	r1,(r30)
 1461  000020f4  90220000	lbu	r2,(r1)
 1462  000020f8  64410000	snei	r1,r2,#0
 1463  000020fc  14200010	bnez	r1,L77_LF2
 1464  00002100  54000000	nop; delay slot nop
 1465  00002104  8fc1fff4	lw	r1,-12(r30)
 1466  00002108  08000294	j	L72_LF2
 1467  0000210c  54000000	nop; delay slot nop
 1468  00002110          	L77_LF2:
 1469  00002110  8fc10000	lw	r1,(r30)
 1470  00002114  90220000	lbu	r2,(r1)
 1471  00002118  6041002d	seqi	r1,r2,#45
 1472  0000211c  10200024	beqz	r1,L78_LF2
 1473  00002120  54000000	nop; delay slot nop
 1474  00002124  2001ffff	addi	r1,r0,#-1
 1475  00002128  afc1ffec	sw	-20(r30),r1
 1476  0000212c  8fc20000	lw	r2,(r30)
 1477  00002130  20410001	addi	r1,r2,#1
 1478  00002134  00011020	add	r2,r0,r1
 1479  00002138  afc20000	sw	(r30),r2
 1480  0000213c  0800000c	j	L79_LF2
 1481  00002140  54000000	nop; delay slot nop
 1482  00002144          	L78_LF2:
 1483  00002144  20010001	addi	r1,r0,#1
 1484  00002148  afc1ffec	sw	-20(r30),r1
 1485  0000214c          	L79_LF2:
 1486  0000214c  8fc10008	lw	r1,8(r30)
 1487  00002150  64220000	snei	r2,r1,#0
 1488  00002154  14400090	bnez	r2,L80_LF2
 1489  00002158  54000000	nop; delay slot nop
 1490  0000215c  8fc10000	lw	r1,(r30)
 1491  00002160  90220000	lbu	r2,(r1)
 1492  00002164  60410030	seqi	r1,r2,#48
 1493  00002168  10200074	beqz	r1,L81_LF2
 1494  0000216c  54000000	nop; delay slot nop
 1495  00002170  8fc20000	lw	r2,(r30)
 1496  00002174  20410001	addi	r1,r2,#1
 1497  00002178  00011020	add	r2,r0,r1
 1498  0000217c  afc20000	sw	(r30),r2
 1499  00002180  8fc10000	lw	r1,(r30)
 1500  00002184  90220000	lbu	r2,(r1)
 1501  00002188  60410078	seqi	r1,r2,#120
 1502  0000218c  14200020	bnez	r1,L83_LF2
 1503  00002190  54000000	nop; delay slot nop
 1504  00002194  8fc10000	lw	r1,(r30)
 1505  00002198  90220000	lbu	r2,(r1)
 1506  0000219c  60410058	seqi	r1,r2,#88
 1507  000021a0  1420000c	bnez	r1,L83_LF2
 1508  000021a4  54000000	nop; delay slot nop
 1509  000021a8  08000024	j	L82_LF2
 1510  000021ac  54000000	nop; delay slot nop
 1511  000021b0          	L83_LF2:
 1512  000021b0  20010010	addi	r1,r0,#16
 1513  000021b4  afc10008	sw	8(r30),r1
 1514  000021b8  8fc20000	lw	r2,(r30)
 1515  000021bc  20410001	addi	r1,r2,#1
 1516  000021c0  00011020	add	r2,r0,r1
 1517  000021c4  afc20000	sw	(r30),r2
 1518  000021c8  0800000c	j	L84_LF2
 1519  000021cc  54000000	nop; delay slot nop
 1520  000021d0          	L82_LF2:
 1521  000021d0  20010008	addi	r1,r0,#8
 1522  000021d4  afc10008	sw	8(r30),r1
 1523  000021d8          	L84_LF2:
 1524  000021d8  0800000c	j	L80_LF2
 1525  000021dc  54000000	nop; delay slot nop
 1526  000021e0          	L81_LF2:
 1527  000021e0  2001000a	addi	r1,r0,#10
 1528  000021e4  afc10008	sw	8(r30),r1
 1529  000021e8          	L85_LF2:
 1530  000021e8          	L80_LF2:
 1531  000021e8  8fc10008	lw	r1,8(r30)
 1532  000021ec  70220000	slei	r2,r1,#0
 1533  000021f0  1440001c	bnez	r2,L87_LF2
 1534  000021f4  54000000	nop; delay slot nop
 1535  000021f8  8fc10008	lw	r1,8(r30)
 1536  000021fc  6c220010	sgti	r2,r1,#16
 1537  00002200  1440000c	bnez	r2,L87_LF2
 1538  00002204  54000000	nop; delay slot nop
 1539  00002208  08000010	j	L86_LF2
 1540  0000220c  54000000	nop; delay slot nop
 1541  00002210          	L87_LF2:
 1542  00002210  8fc1fff4	lw	r1,-12(r30)
 1543  00002214  08000188	j	L72_LF2
 1544  00002218  54000000	nop; delay slot nop
 1545  0000221c          	L86_LF2:
 1546  0000221c  54000000	nop
 1547  00002220          	L88_LF2:
 1548  00002220  8fc10000	lw	r1,(r30)
 1549  00002224  90220000	lbu	r2,(r1)
 1550  00002228  6c41002f	sgtui	r1,r2,#47
 1551  0000222c  10200030	beqz	r1,L91_LF2
 1552  00002230  54000000	nop; delay slot nop
 1553  00002234  8fc10000	lw	r1,(r30)
 1554  00002238  90220000	lbu	r2,(r1)
 1555  0000223c  70410039	sleui	r1,r2,#57
 1556  00002240  1020001c	beqz	r1,L91_LF2
 1557  00002244  54000000	nop; delay slot nop
 1558  00002248  8fc10000	lw	r1,(r30)
 1559  0000224c  90220000	lbu	r2,(r1)
 1560  00002250  2041ffd0	addi	r1,r2,#-48
 1561  00002254  afc1fff0	sw	-16(r30),r1
 1562  00002258  0800008c	j	L92_LF2
 1563  0000225c  54000000	nop; delay slot nop
 1564  00002260          	L91_LF2:
 1565  00002260  8fc10000	lw	r1,(r30)
 1566  00002264  90220000	lbu	r2,(r1)
 1567  00002268  6c410060	sgtui	r1,r2,#96
 1568  0000226c  10200030	beqz	r1,L93_LF2
 1569  00002270  54000000	nop; delay slot nop
 1570  00002274  8fc10000	lw	r1,(r30)
 1571  00002278  90220000	lbu	r2,(r1)
 1572  0000227c  7041007a	sleui	r1,r2,#122
 1573  00002280  1020001c	beqz	r1,L93_LF2
 1574  00002284  54000000	nop; delay slot nop
 1575  00002288  8fc10000	lw	r1,(r30)
 1576  0000228c  90220000	lbu	r2,(r1)
 1577  00002290  2041ffa9	addi	r1,r2,#-87
 1578  00002294  afc1fff0	sw	-16(r30),r1
 1579  00002298  0800004c	j	L92_LF2
 1580  0000229c  54000000	nop; delay slot nop
 1581  000022a0          	L93_LF2:
 1582  000022a0  8fc10000	lw	r1,(r30)
 1583  000022a4  90220000	lbu	r2,(r1)
 1584  000022a8  6c410040	sgtui	r1,r2,#64
 1585  000022ac  10200030	beqz	r1,L95_LF2
 1586  000022b0  54000000	nop; delay slot nop
 1587  000022b4  8fc10000	lw	r1,(r30)
 1588  000022b8  90220000	lbu	r2,(r1)
 1589  000022bc  7041005a	sleui	r1,r2,#90
 1590  000022c0  1020001c	beqz	r1,L95_LF2
 1591  000022c4  54000000	nop; delay slot nop
 1592  000022c8  8fc10000	lw	r1,(r30)
 1593  000022cc  90220000	lbu	r2,(r1)
 1594  000022d0  2041ffc9	addi	r1,r2,#-55
 1595  000022d4  afc1fff0	sw	-16(r30),r1
 1596  000022d8  0800000c	j	L92_LF2
 1597  000022dc  54000000	nop; delay slot nop
 1598  000022e0          	L95_LF2:
 1599  000022e0  200103e8	addi	r1,r0,#1000
 1600  000022e4  afc1fff0	sw	-16(r30),r1
 1601  000022e8          	L96_LF2:
 1602  000022e8          	L94_LF2:
 1603  000022e8          	L92_LF2:
 1604  000022e8  8fc1fff0	lw	r1,-16(r30)
 1605  000022ec  8fc20008	lw	r2,8(r30)
 1606  000022f0  0022082a	slt	r1,r1,r2
 1607  000022f4  10200040	beqz	r1,L90_LF2
 1608  000022f8  54000000	nop; delay slot nop
 1609  000022fc  8fc1fff4	lw	r1,-12(r30)
 1610  00002300  8fc20008	lw	r2,8(r30)
 1611  00002304  00200035	movi2fp	f0,r1
 1612  00002308  00400835	movi2fp	f1,r2
 1613  0000230c  0401000e	mult	f0,f0,f1
 1614  00002310  00000834	movfp2i	r1,f0
 1615  00002314  afc1fff4	sw	-12(r30),r1
 1616  00002318  8fc1fff4	lw	r1,-12(r30)
 1617  0000231c  8fc2fff0	lw	r2,-16(r30)
 1618  00002320  00220820	add	r1,r1,r2
 1619  00002324  afc1fff4	sw	-12(r30),r1
 1620  00002328  8fc20000	lw	r2,(r30)
 1621  0000232c  20410001	addi	r1,r2,#1
 1622  00002330  00011020	add	r2,r0,r1
 1623  00002334  afc20000	sw	(r30),r2
 1624  00002338          	L97_LF2:
 1625  00002338          	L90_LF2:
 1626  00002338  8fc1fff0	lw	r1,-16(r30)
 1627  0000233c  8fc20008	lw	r2,8(r30)
 1628  00002340  0022082a	slt	r1,r1,r2
 1629  00002344  1420000c	bnez	r1,L98_LF2
 1630  00002348  54000000	nop; delay slot nop
 1631  0000234c  0800000c	j	L89_LF2
 1632  00002350  54000000	nop; delay slot nop
 1633  00002354          	L98_LF2:
 1634  00002354  0bfffec8	j	L88_LF2
 1635  00002358  54000000	nop; delay slot nop
 1636  0000235c          	L89_LF2:
 1637  0000235c  8fc10004	lw	r1,4(r30)
 1638  00002360  64220000	snei	r2,r1,#0
 1639  00002364  10400010	beqz	r2,L99_LF2
 1640  00002368  54000000	nop; delay slot nop
 1641  0000236c  8fc10004	lw	r1,4(r30)
 1642  00002370  8fc20000	lw	r2,(r30)
 1643  00002374  ac220000	sw	(r1),r2
 1644  00002378          	L99_LF2:
 1645  00002378  8fc1fff4	lw	r1,-12(r30)
 1646  0000237c  8fc2ffec	lw	r2,-20(r30)
 1647  00002380  00200035	movi2fp	f0,r1
 1648  00002384  00400835	movi2fp	f1,r2
 1649  00002388  0401000e	mult	f0,f0,f1
 1650  0000238c  00000834	movfp2i	r1,f0
 1651  00002390  afc1fff4	sw	-12(r30),r1
 1652  00002394  8fc1fff4	lw	r1,-12(r30)
 1653  00002398  08000004	j	L72_LF2
 1654  0000239c  54000000	nop; delay slot nop
 1655  000023a0          	L72_LF2:
 1656  000023a0  8fa20000	lw	r2,0(r29)
 1657  000023a4  8fdffff8	lw	r31,-8(r30)
 1658  000023a8  001ee820	add	r29,r0,r30
 1659  000023ac  8fdefffc	lw	r30,-4(r30)
 1660  000023b0  4be00000	jr	r31
 1661  000023b4  54000000	nop
 1662  000023b8          	.endproc _dstrtol
 1663  000023b8          	.align 2
 1664  000023b8          	.proc _bcopy
 1665  000023b8          	.global _bcopy
 1666  000023b8          	_bcopy:
 1667                      ;  Function 'bcopy'; 0 bytes of locals, 2 regs to save.
 1668  000023b8  afbefffc	sw	-4(r29),r30; push fp
 1669  000023bc  001df020	add	r30,r0,r29; fp = sp
 1670  000023c0  afbffff8	sw	-8(r29),r31; push ret addr
 1671  000023c4  2fbd0010	subui	r29,r29,#16; alloc local storage
 1672  000023c8  afa20000	sw	0(r29),r2
 1673  000023cc  afa30004	sw	4(r29),r3
 1674  000023d0  54000000	nop
 1675  000023d4          	L101_LF2:
 1676  000023d4  8fc10008	lw	r1,8(r30)
 1677  000023d8  2022ffff	addi	r2,r1,#-1
 1678  000023dc  afc20008	sw	8(r30),r2
 1679  000023e0  6c210000	sgti	r1,r1,#0
 1680  000023e4  1420000c	bnez	r1,L103_LF2
 1681  000023e8  54000000	nop; delay slot nop
 1682  000023ec  0800002c	j	L102_LF2
 1683  000023f0  54000000	nop; delay slot nop
 1684  000023f4          	L103_LF2:
 1685  000023f4  8fc10004	lw	r1,4(r30)
 1686  000023f8  20220001	addi	r2,r1,#1
 1687  000023fc  afc20004	sw	4(r30),r2
 1688  00002400  8fc20000	lw	r2,(r30)
 1689  00002404  20430001	addi	r3,r2,#1
 1690  00002408  afc30000	sw	(r30),r3
 1691  0000240c  80420000	lb	r2,(r2)
 1692  00002410  a0220000	sb	(r1),r2
 1693  00002414  0bffffbc	j	L101_LF2
 1694  00002418  54000000	nop; delay slot nop
 1695  0000241c          	L102_LF2:
 1696  0000241c          	L100_LF2:
 1697  0000241c  8fa20000	lw	r2,0(r29)
 1698  00002420  8fa30004	lw	r3,4(r29)
 1699  00002424  8fdffff8	lw	r31,-8(r30)
 1700  00002428  001ee820	add	r29,r0,r30
 1701  0000242c  8fdefffc	lw	r30,-4(r30)
 1702  00002430  4be00000	jr	r31
 1703  00002434  54000000	nop
 1704  00002438          	.endproc _bcopy
 1705  00002438          	.align 2
 1706  00002438          	.proc _bzero
 1707  00002438          	.global _bzero
 1708  00002438          	_bzero:
 1709                      ;  Function 'bzero'; 0 bytes of locals, 1 regs to save.
 1710  00002438  afbefffc	sw	-4(r29),r30; push fp
 1711  0000243c  001df020	add	r30,r0,r29; fp = sp
 1712  00002440  afbffff8	sw	-8(r29),r31; push ret addr
 1713  00002444  2fbd0010	subui	r29,r29,#16; alloc local storage
 1714  00002448  afa20000	sw	0(r29),r2
 1715  0000244c  54000000	nop
 1716  00002450          	L105_LF2:
 1717  00002450  8fc10004	lw	r1,4(r30)
 1718  00002454  2022ffff	addi	r2,r1,#-1
 1719  00002458  afc20004	sw	4(r30),r2
 1720  0000245c  6c210000	sgti	r1,r1,#0
 1721  00002460  1420000c	bnez	r1,L107_LF2
 1722  00002464  54000000	nop; delay slot nop
 1723  00002468  08000020	j	L106_LF2
 1724  0000246c  54000000	nop; delay slot nop
 1725  00002470          	L107_LF2:
 1726  00002470  8fc10000	lw	r1,(r30)
 1727  00002474  20220001	addi	r2,r1,#1
 1728  00002478  afc20000	sw	(r30),r2
 1729  0000247c  20020000	addi	r2,r0,(#0x0)&0xff
 1730  00002480  a0220000	sb	(r1),r2
 1731  00002484  0bffffc8	j	L105_LF2
 1732  00002488  54000000	nop; delay slot nop
 1733  0000248c          	L106_LF2:
 1734  0000248c          	L104_LF2:
 1735  0000248c  8fa20000	lw	r2,0(r29)
 1736  00002490  8fdffff8	lw	r31,-8(r30)
 1737  00002494  001ee820	add	r29,r0,r30
 1738  00002498  8fdefffc	lw	r30,-4(r30)
 1739  0000249c  4be00000	jr	r31
 1740  000024a0  54000000	nop
 1741  000024a4          	.endproc _bzero
 1742  000024a4          	.align 2
 1743  000024a4          	.proc _min
 1744  000024a4          	.global _min
 1745  000024a4          	_min:
 1746                      ;  Function 'min'; 0 bytes of locals, 2 regs to save.
 1747  000024a4  afbefffc	sw	-4(r29),r30; push fp
 1748  000024a8  001df020	add	r30,r0,r29; fp = sp
 1749  000024ac  afbffff8	sw	-8(r29),r31; push ret addr
 1750  000024b0  2fbd0010	subui	r29,r29,#16; alloc local storage
 1751  000024b4  afa20000	sw	0(r29),r2
 1752  000024b8  afa30004	sw	4(r29),r3
 1753  000024bc  8fc10000	lw	r1,(r30)
 1754  000024c0  8fc20004	lw	r2,4(r30)
 1755  000024c4  0022182c	sle	r3,r1,r2
 1756  000024c8  14600008	bnez	r3,L109_LF2
 1757  000024cc  54000000	nop; delay slot nop
 1758  000024d0  8fc10004	lw	r1,4(r30)
 1759  000024d4          	L109_LF2:
 1760  000024d4  08000004	j	L108_LF2
 1761  000024d8  54000000	nop; delay slot nop
 1762  000024dc          	L108_LF2:
 1763  000024dc  8fa20000	lw	r2,0(r29)
 1764  000024e0  8fa30004	lw	r3,4(r29)
 1765  000024e4  8fdffff8	lw	r31,-8(r30)
 1766  000024e8  001ee820	add	r29,r0,r30
 1767  000024ec  8fdefffc	lw	r30,-4(r30)
 1768  000024f0  4be00000	jr	r31
 1769  000024f4  54000000	nop
 1770  000024f8          	.endproc _min
 1771                      ;;; Ethan L. Miller, 1999.  Released to the public domain
 1772                      ;;;
 1773                      ;;; Most of the traps are called in files from libtraps.
 1776  000024f8          	.align 2
 1777  000024f8          	.proc _exit
 1778  000024f8          	.global _exit
 1779  000024f8          	_exit:
 1780  000024f8  44000300	trap	#0x300
 1781  000024fc  4be00000	jr	r31
 1782  00002500  54000000	nop
 1783  00002504          	.endproc _exit
 1785                      ; for the benefit of gcc.
 1786  00002504          	.proc ___main
 1787  00002504          	.global ___main
 1788  00002504          	___main:
 1789  00002504  4be00000	jr	r31
 1790  00002508  54000000	nop
 1791  0000250c          	.endproc ___main
 1792  0000250c          	.text
 1793  0000250c          	.global _etext
 1794  0000250c          	_etext:
 1795  0000250c          	.align 3
 1796  00002510          	.data
 1797  00003232          	.global _edata
 1798  00003232          	_edata:
